/projects/wagner/highthroughput/mick_graphene_paper/3_data/1_kc_fitting
2023-06-01 19:03:14.740473
use a starting guess from the old fit
starting guess parameters:  [ 3.37942338e+00  1.81846722e+01  1.33942071e+01  3.55913531e-03
  6.07493500e+00  7.19345289e-01  3.29308248e+00  1.39067829e+01
 -1.54589368e+02]
     1025.507820120405995  3.379423382381699  18.184672181803677  13.394207130830571  0.003559135312169  6.074935002291668  0.719345289329483  3.293082477932360  13.906782892134125 -154.589367648541639
        0.000000014064352  3.379423432739032  18.184672181803677  13.394207130830571  0.003559135312169  6.074935002291668  0.719345289329483  3.293082477932360  13.906782892134125 -154.589367648541639
        0.000000012948553  3.379423382381699  18.184672452776407  13.394207130830571  0.003559135312169  6.074935002291668  0.719345289329483  3.293082477932360  13.906782892134125 -154.589367648541639
        0.000000001160716  3.379423382381699  18.184672181803677  13.394207330419810  0.003559135312169  6.074935002291668  0.719345289329483  3.293082477932360  13.906782892134125 -154.589367648541639
        0.000000000478097  3.379423382381699  18.184672181803677  13.394207130830571  0.003559150213330  6.074935002291668  0.719345289329483  3.293082477932360  13.906782892134125 -154.589367648541639
        0.000000000825815  3.379423382381699  18.184672181803677  13.394207130830571  0.003559135312169  6.074935092815254  0.719345289329483  3.293082477932360  13.906782892134125 -154.589367648541639
        0.000000002214007  3.379423382381699  18.184672181803677  13.394207130830571  0.003559135312169  6.074935002291668  0.719345304230644  3.293082477932360  13.906782892134125 -154.589367648541639
        0.000000002625951  3.379423382381699  18.184672181803677  13.394207130830571  0.003559135312169  6.074935002291668  0.719345289329483  3.293082527003112  13.906782892134125 -154.589367648541639
        0.000000004345417  3.379423382381699  18.184672181803677  13.394207130830571  0.003559135312169  6.074935002291668  0.719345289329483  3.293082477932360  13.906783099361338 -154.589367648541639
        0.000015277412315  3.379423382381699  18.184672181803677  13.394207130830571  0.003559135312169  6.074935002291668  0.719345289329483  3.293082477932360  13.906782892134125 -154.589369952102714
        0.001036566950872  3.379347466018380  18.368226485540909  13.630448458962222  0.003617954267439  5.986541542671420  0.730142023259089  3.275373718089805  14.124055239175972 -154.589153282741876
        0.000000014001585  3.379347516374581  18.368226485540909  13.630448458962222  0.003617954267439  5.986541542671420  0.730142023259089  3.275373718089805  14.124055239175972 -154.589153282741876
        0.000000012878532  3.379347466018380  18.368226759248813  13.630448458962222  0.003617954267439  5.986541542671420  0.730142023259089  3.275373718089805  14.124055239175972 -154.589153282741876
        0.000000001160980  3.379347466018380  18.368226485540909  13.630448662071732  0.003617954267439  5.986541542671420  0.730142023259089  3.275373718089805  14.124055239175972 -154.589153282741876
        0.000000000494696  3.379347466018380  18.368226485540909  13.630448458962222  0.003617969168600  5.986541542671420  0.730142023259089  3.275373718089805  14.124055239175972 -154.589153282741876
        0.000000000811840  3.379347466018380  18.368226485540909  13.630448458962222  0.003617954267439  5.986541631877841  0.730142023259089  3.275373718089805  14.124055239175972 -154.589153282741876
        0.000000002257459  3.379347466018380  18.368226485540909  13.630448458962222  0.003617954267439  5.986541542671420  0.730142038160250  3.275373718089805  14.124055239175972 -154.589153282741876
        0.000000002647846  3.379347466018380  18.368226485540909  13.630448458962222  0.003617954267439  5.986541542671420  0.730142023259089  3.275373766896677  14.124055239175972 -154.589153282741876
        0.000000004392972  3.379347466018380  18.368226485540909  13.630448458962222  0.003617954267439  5.986541542671420  0.730142023259089  3.275373718089805  14.124055449640796 -154.589153282741876
        0.000015277349642  3.379347466018380  18.368226485540909  13.630448458962222  0.003617954267439  5.986541542671420  0.730142023259089  3.275373718089805  14.124055239175972 -154.589155586299768
        0.000358193167836  3.367060990663600  19.675147136155118  13.550630330799702  0.003751728026801  5.542856540373085  0.759079505382865  3.272539937211115  14.445083851278577 -154.589124912514905
        0.000000013934587  3.367061040836718  19.675147136155118  13.550630330799702  0.003751728026801  5.542856540373085  0.759079505382865  3.272539937211115  14.445083851278577 -154.589124912514905
        0.000000012750306  3.367060990663600  19.675147429337656  13.550630330799702  0.003751728026801  5.542856540373085  0.759079505382865  3.272539937211115  14.445083851278577 -154.589124912514905
        0.000000001201087  3.367060990663600  19.675147136155118  13.550630532719829  0.003751728026801  5.542856540373085  0.759079505382865  3.272539937211115  14.445083851278577 -154.589124912514905
        0.000000000493789  3.367060990663600  19.675147136155118  13.550630330799702  0.003751742927962  5.542856540373085  0.759079505382865  3.272539937211115  14.445083851278577 -154.589124912514905
        0.000000000713759  3.367060990663600  19.675147136155118  13.550630330799702  0.003751728026801  5.542856622968083  0.759079505382865  3.272539937211115  14.445083851278577 -154.589124912514905
        0.000000002361872  3.367060990663600  19.675147136155118  13.550630330799702  0.003751728026801  5.542856540373085  0.759079520284026  3.272539937211115  14.445083851278577 -154.589124912514905
        0.000000002681938  3.367060990663600  19.675147136155118  13.550630330799702  0.003751728026801  5.542856540373085  0.759079505382865  3.272539985975760  14.445083851278577 -154.589124912514905
        0.000000004337166  3.367060990663600  19.675147136155118  13.550630330799702  0.003751728026801  5.542856540373085  0.759079505382865  3.272539937211115  14.445084066527100 -154.589124912514905
        0.000015277345152  3.367060990663600  19.675147136155118  13.550630330799702  0.003751728026801  5.542856540373085  0.759079505382865  3.272539937211115  14.445083851278577 -154.589127216072370
        0.000208079682839  3.365915891367318  19.851659009626282  13.616560169326990  0.003785428235853  5.461386067718299  0.761275559666277  3.270664184726650  14.487970040990616 -154.589118041408852
        0.000000013900171  3.365915941523373  19.851659009626282  13.616560169326990  0.003785428235853  5.461386067718299  0.761275559666277  3.270664184726650  14.487970040990616 -154.589118041408852
        0.000000012710251  3.365915891367318  19.851659305439053  13.616560169326990  0.003785428235853  5.461386067718299  0.761275559666277  3.270664184726650  14.487970040990616 -154.589118041408852
        0.000000001207279  3.365915891367318  19.851659009626282  13.616560372229548  0.003785428235853  5.461386067718299  0.761275559666277  3.270664184726650  14.487970040990616 -154.589118041408852
        0.000000000496167  3.365915891367318  19.851659009626282  13.616560169326990  0.003785443137014  5.461386067718299  0.761275559666277  3.270664184726650  14.487970040990616 -154.589118041408852
        0.000000000699503  3.365915891367318  19.851659009626282  13.616560169326990  0.003785428235853  5.461386149099294  0.761275559666277  3.270664184726650  14.487970040990616 -154.589118041408852
        0.000000002387241  3.365915891367318  19.851659009626282  13.616560169326990  0.003785428235853  5.461386067718299  0.761275574567439  3.270664184726650  14.487970040990616 -154.589118041408852
        0.000000002692319  3.365915891367318  19.851659009626282  13.616560169326990  0.003785428235853  5.461386067718299  0.761275559666277  3.270664233463344  14.487970040990616 -154.589118041408852
        0.000000004337120  3.365915891367318  19.851659009626282  13.616560169326990  0.003785428235853  5.461386067718299  0.761275559666277  3.270664184726650  14.487970256878192 -154.589118041408852
        0.000015277342037  3.365915891367318  19.851659009626282  13.616560169326990  0.003785428235853  5.461386067718299  0.761275559666277  3.270664184726650  14.487970040990616 -154.589120344966233
        0.000130944985553  3.364412161291752  20.124231072731760  13.557883050048764  0.003796794151840  5.224540641982310  0.769119977955726  3.273599484870723  14.495769549559251 -154.589141529282642
        0.000000013911123  3.364412211425400  20.124231072731760  13.557883050048764  0.003796794151840  5.224540641982310  0.769119977955726  3.273599484870723  14.495769549559251 -154.589141529282642
        0.000000012699871  3.364412161291752  20.124231372606172  13.557883050048764  0.003796794151840  5.224540641982310  0.769119977955726  3.273599484870723  14.495769549559251 -154.589141529282642
        0.000000001222349  3.364412161291752  20.124231072731760  13.557883252076964  0.003796794151840  5.224540641982310  0.769119977955726  3.273599484870723  14.495769549559251 -154.589141529282642
        0.000000000497391  3.364412161291752  20.124231072731760  13.557883050048764  0.003796809053002  5.224540641982310  0.769119977955726  3.273599484870723  14.495769549559251 -154.589141529282642
        0.000000000661892  3.364412161291752  20.124231072731760  13.557883050048764  0.003796794151840  5.224540719834033  0.769119977955726  3.273599484870723  14.495769549559251 -154.589141529282642
        0.000000002433171  3.364412161291752  20.124231072731760  13.557883050048764  0.003796794151840  5.224540641982310  0.769119992856887  3.273599484870723  14.495769549559251 -154.589141529282642
        0.000000002690742  3.364412161291752  20.124231072731760  13.557883050048764  0.003796794151840  5.224540641982310  0.769119977955726  3.273599533651156  14.495769549559251 -154.589141529282642
        0.000000004338431  3.364412161291752  20.124231072731760  13.557883050048764  0.003796794151840  5.224540641982310  0.769119977955726  3.273599484870723  14.495769765563049 -154.589141529282642
        0.000015277350164  3.364412161291752  20.124231072731760  13.557883050048764  0.003796794151840  5.224540641982310  0.769119977955726  3.273599484870723  14.495769549559251 -154.589143832840364
        0.000181369543822  3.361105405535654  20.696374870512738  13.446782012837742  0.003970382783940  4.782574928234332  0.785046007521386  3.275197466975106  14.548320779284609 -154.589166790908308
        0.000000013904461  3.361105455620028  20.696374870512738  13.446782012837742  0.003970382783940  4.782574928234332  0.785046007521386  3.275197466975106  14.548320779284609 -154.589166790908308
        0.000000012652581  3.361105405535654  20.696375178912756  13.446782012837742  0.003970382783940  4.782574928234332  0.785046007521386  3.275197466975106  14.548320779284609 -154.589166790908308
        0.000000001253259  3.361105405535654  20.696374870512738  13.446782213210408  0.003970382783940  4.782574928234332  0.785046007521386  3.275197466975106  14.548320779284609 -154.589166790908308
        0.000000000499262  3.361105405535654  20.696374870512738  13.446782012837742  0.003970397685101  4.782574928234332  0.785046007521386  3.275197466975106  14.548320779284609 -154.589166790908308
        0.000000000591883  3.361105405535654  20.696374870512738  13.446782012837742  0.003970382783940  4.782574999500253  0.785046007521386  3.275197466975106  14.548320779284609 -154.589166790908308
        0.000000002519328  3.361105405535654  20.696374870512738  13.446782012837742  0.003970382783940  4.782574928234332  0.785046022422548  3.275197466975106  14.548320779284609 -154.589166790908308
        0.000000002693493  3.361105405535654  20.696374870512738  13.446782012837742  0.003970382783940  4.782574928234332  0.785046007521386  3.275197515779352  14.548320779284609 -154.589166790908308
        0.000000004338763  3.361105405535654  20.696374870512738  13.446782012837742  0.003970382783940  4.782574928234332  0.785046007521386  3.275197466975106  14.548320996071482 -154.589166790908308
        0.000015277358832  3.361105405535654  20.696374870512738  13.446782012837742  0.003970382783940  4.782574928234332  0.785046007521386  3.275197466975106  14.548320779284609 -154.589169094466399
        0.000043297317602  3.358076555027584  21.060113822744238  13.499693722038986  0.004030834282685  4.621872024784943  0.791496885870766  3.274106955396507  14.625935267404666 -154.589167430433008
        0.000000013872449  3.358076605066824  21.060113822744238  13.499693722038986  0.004030834282685  4.621872024784943  0.791496885870766  3.274106955396507  14.625935267404666 -154.589167430433008
        0.000000012605591  3.358076555027584  21.060114136564390  13.499693722038986  0.004030834282685  4.621872024784943  0.791496885870766  3.274106955396507  14.625935267404666 -154.589167430433008
        0.000000001266483  3.358076555027584  21.060113822744238  13.499693923200098  0.004030834282685  4.621872024784943  0.791496885870766  3.274106955396507  14.625935267404666 -154.589167430433008
        0.000000000501145  3.358076555027584  21.060113822744238  13.499693722038986  0.004030849183846  4.621872024784943  0.791496885870766  3.274106955396507  14.625935267404666 -154.589167430433008
        0.000000000563429  3.358076555027584  21.060113822744238  13.499693722038986  0.004030834282685  4.621872093656203  0.791496885870766  3.274106955396507  14.625935267404666 -154.589167430433008
        0.000000002557518  3.358076555027584  21.060113822744238  13.499693722038986  0.004030834282685  4.621872024784943  0.791496900771928  3.274106955396507  14.625935267404666 -154.589167430433008
        0.000000002707542  3.358076555027584  21.060113822744238  13.499693722038986  0.004030834282685  4.621872024784943  0.791496885870766  3.274107004184503  14.625935267404666 -154.589167430433008
        0.000000004325782  3.358076555027584  21.060113822744238  13.499693722038986  0.004030834282685  4.621872024784943  0.791496885870766  3.274106955396507  14.625935485348085 -154.589167430433008
        0.000015277359042  3.358076555027584  21.060113822744238  13.499693722038986  0.004030834282685  4.621872024784943  0.791496885870766  3.274106955396507  14.625935267404666 -154.589169733991099
        0.000139353651855  3.349692936926334  21.990624155623259  13.661560524837029  0.003821099646322  4.257747597718374  0.806591546122296  3.274108383149664  14.824523847051189 -154.589182752090863
        0.000000013818998  3.349692986840648  21.990624155623259  13.661560524837029  0.003821099646322  4.257747597718374  0.806591546122296  3.274108383149664  14.824523847051189 -154.589182752090863
        0.000000012516272  3.349692936926334  21.990624483309094  13.661560524837029  0.003821099646322  4.257747597718374  0.806591546122296  3.274108383149664  14.824523847051189 -154.589182752090863
        0.000000001298254  3.349692936926334  21.990624155623259  13.661560728410144  0.003821099646322  4.257747597718374  0.806591546122296  3.274108383149664  14.824523847051189 -154.589182752090863
        0.000000000504993  3.349692936926334  21.990624155623259  13.661560524837029  0.003821114547483  4.257747597718374  0.806591546122296  3.274108383149664  14.824523847051189 -154.589182752090863
        0.000000000498270  3.349692936926334  21.990624155623259  13.661560524837029  0.003821099646322  4.257747661163757  0.806591546122296  3.274108383149664  14.824523847051189 -154.589182752090863
        0.000000002641037  3.349692936926334  21.990624155623259  13.661560524837029  0.003821099646322  4.257747597718374  0.806591561023458  3.274108383149664  14.824523847051189 -154.589182752090863
        0.000000002744232  3.349692936926334  21.990624155623259  13.661560524837029  0.003821099646322  4.257747597718374  0.806591546122296  3.274108431937681  14.824523847051189 -154.589182752090863
        0.000000004280513  3.349692936926334  21.990624155623259  13.661560524837029  0.003821099646322  4.257747597718374  0.806591546122296  3.274108383149664  14.824524067953808 -154.589182752090863
        0.000015277364654  3.349692936926334  21.990624155623259  13.661560524837029  0.003821099646322  4.257747597718374  0.806591546122296  3.274108383149664  14.824523847051189 -154.589185055649182
        0.000065166855423  3.348322600915387  22.155311284151736  13.717555151777576  0.003828422609793  4.197511052849508  0.808278320949570  3.273871280070105  14.861361181157264 -154.589183646859482
        0.000000013803207  3.348322650809282  22.155311284151736  13.717555151777576  0.003828422609793  4.197511052849508  0.808278320949570  3.273871280070105  14.861361181157264 -154.589183646859482
        0.000000012495829  3.348322600915387  22.155311614291602  13.717555151777576  0.003828422609793  4.197511052849508  0.808278320949570  3.273871280070105  14.861361181157264 -154.589183646859482
        0.000000001303478  3.348322600915387  22.155311284151736  13.717555356185077  0.003828422609793  4.197511052849508  0.808278320949570  3.273871280070105  14.861361181157264 -154.589183646859482
        0.000000000506239  3.348322600915387  22.155311284151736  13.717555151777576  0.003828437510954  4.197511052849508  0.808278320949570  3.273871280070105  14.861361181157264 -154.589183646859482
        0.000000000487895  3.348322600915387  22.155311284151736  13.717555151777576  0.003828422609793  4.197511115397297  0.808278320949570  3.273871280070105  14.861361181157264 -154.589183646859482
        0.000000002657390  3.348322600915387  22.155311284151736  13.717555151777576  0.003828422609793  4.197511052849508  0.808278335850731  3.273871280070105  14.861361181157264 -154.589183646859482
        0.000000002752817  3.348322600915387  22.155311284151736  13.717555151777576  0.003828422609793  4.197511052849508  0.808278320949570  3.273871328854588  14.861361181157264 -154.589183646859482
        0.000000004274216  3.348322600915387  22.155311284151736  13.717555151777576  0.003828422609793  4.197511052849508  0.808278320949570  3.273871280070105  14.861361402608802 -154.589183646859482
        0.000015277364766  3.348322600915387  22.155311284151736  13.717555151777576  0.003828422609793  4.197511052849508  0.808278320949570  3.273871280070105  14.861361181157264 -154.589185950417829
        0.000043822532254  3.347649372192383  22.317188333358661  13.696369246663675  0.003910013842551  4.043344886522349  0.812764516459311  3.274273830100033  14.869532343814454 -154.589191043583526
        0.000000013801440  3.347649422076246  22.317188333358661  13.696369246663675  0.003910013842551  4.043344886522349  0.812764516459311  3.274273830100033  14.869532343814454 -154.589191043583526
        0.000000012481779  3.347649372192383  22.317188665910681  13.696369246663675  0.003910013842551  4.043344886522349  0.812764516459311  3.274273830100033  14.869532343814454 -154.589191043583526
        0.000000001314140  3.347649372192383  22.317188333358661  13.696369450755482  0.003910013842551  4.043344886522349  0.812764516459311  3.274273830100033  14.869532343814454 -154.589191043583526
        0.000000000507469  3.347649372192383  22.317188333358661  13.696369246663675  0.003910028743712  4.043344886522349  0.812764516459311  3.274273830100033  14.869532343814454 -154.589191043583526
        0.000000000466010  3.347649372192383  22.317188333358661  13.696369246663675  0.003910013842551  4.043344946772883  0.812764516459311  3.274273830100033  14.869532343814454 -154.589191043583526
        0.000000002685991  3.347649372192383  22.317188333358661  13.696369246663675  0.003910013842551  4.043344886522349  0.812764531360473  3.274273830100033  14.869532343814454 -154.589191043583526
        0.000000002753239  3.347649372192383  22.317188333358661  13.696369246663675  0.003910013842551  4.043344886522349  0.812764516459311  3.274273878890515  14.869532343814454 -154.589191043583526
        0.000000004277410  3.347649372192383  22.317188333358661  13.696369246663675  0.003910013842551  4.043344886522349  0.812764516459311  3.274273830100033  14.869532565387752 -154.589191043583526
        0.000015277367306  3.347649372192383  22.317188333358661  13.696369246663675  0.003910013842551  4.043344886522349  0.812764516459311  3.274273830100033  14.869532343814454 -154.589193347141986
        0.000066249675155  3.346044063180405  22.659386885809202  13.664761499030815  0.003873036577792  3.748768308065598  0.821726556712102  3.273974976062346  14.901213681875284 -154.589199127962587
        0.000000013789944  3.346044113040347  22.659386885809202  13.664761499030815  0.003873036577792  3.748768308065598  0.821726556712102  3.273974976062346  14.901213681875284 -154.589199127962587
        0.000000012446564  3.346044063180405  22.659387223460378  13.664761499030815  0.003873036577792  3.748768308065598  0.821726556712102  3.273974976062346  14.901213681875284 -154.589199127962587
        0.000000001335564  3.346044063180405  22.659386885809202  13.664761702651630  0.003873036577792  3.748768308065598  0.821726556712102  3.273974976062346  14.901213681875284 -154.589199127962587
        0.000000000509866  3.346044063180405  22.659386885809202  13.664761499030815  0.003873051478954  3.748768308065598  0.821726556712102  3.273974976062346  14.901213681875284 -154.589199127962587
        0.000000000424086  3.346044063180405  22.659386885809202  13.664761499030815  0.003873036577792  3.748768363926599  0.821726556712102  3.273974976062346  14.901213681875284 -154.589199127962587
        0.000000002740846  3.346044063180405  22.659386885809202  13.664761499030815  0.003873036577792  3.748768308065598  0.821726571613263  3.273974976062346  14.901213681875284 -154.589199127962587
        0.000000002756624  3.346044063180405  22.659386885809202  13.664761499030815  0.003873036577792  3.748768308065598  0.821726556712102  3.273975024848375  14.901213681875284 -154.589199127962587
        0.000000004281584  3.346044063180405  22.659386885809202  13.664761499030815  0.003873036577792  3.748768308065598  0.821726556712102  3.273974976062346  14.901213903920670 -154.589199127962587
        0.000015277370083  3.346044063180405  22.659386885809202  13.664761499030815  0.003873036577792  3.748768308065598  0.821726556712102  3.273974976062346  14.901213681875284 -154.589201431521161
        0.000024727017036  3.342258154894604  23.079015847169398  13.779450708949582  0.003925615915449  3.604728531974869  0.827065853045783  3.273224842642209  15.000147055055796 -154.589200465262053
        0.000000013757725  3.342258204698132  23.079015847169398  13.779450708949582  0.003925615915449  3.604728531974869  0.827065853045783  3.273224842642209  15.000147055055796 -154.589200465262053
        0.000000012401962  3.342258154894604  23.079016191073531  13.779450708949582  0.003925615915449  3.604728531974869  0.827065853045783  3.273224842642209  15.000147055055796 -154.589200465262053
        0.000000001348556  3.342258154894604  23.079015847169398  13.779450914279398  0.003925615915449  3.604728531974869  0.827065853045783  3.273224842642209  15.000147055055796 -154.589200465262053
        0.000000000512070  3.342258154894604  23.079015847169398  13.779450708949582  0.003925630816610  3.604728531974869  0.827065853045783  3.273224842642209  15.000147055055796 -154.589200465262053
        0.000000000399731  3.342258154894604  23.079015847169398  13.779450708949582  0.003925615915449  3.604728585689509  0.827065853045783  3.273224842642209  15.000147055055796 -154.589200465262053
        0.000000002773958  3.342258154894604  23.079015847169398  13.779450708949582  0.003925615915449  3.604728531974869  0.827065867946944  3.273224842642209  15.000147055055796 -154.589200465262053
        0.000000002776679  3.342258154894604  23.079015847169398  13.779450708949582  0.003925615915449  3.604728531974869  0.827065853045783  3.273224891417060  15.000147055055796 -154.589200465262053
        0.000000004259713  3.342258154894604  23.079015847169398  13.779450708949582  0.003925615915449  3.604728531974869  0.827065853045783  3.273224842642209  15.000147278575406 -154.589200465262053
        0.000015277370742  3.342258154894604  23.079015847169398  13.779450708949582  0.003925615915449  3.604728531974869  0.827065853045783  3.273224842642209  15.000147055055796 -154.589202768820655
        0.000040442007342  3.338586319423384  23.515229930974421  13.888948102371476  0.003950706271785  3.425713249067961  0.832935480439804  3.273042935417502  15.091604240231458 -154.589206125823921
        0.000000013731581  3.338586369172197  23.515229930974421  13.888948102371476  0.003950706271785  3.425713249067961  0.832935480439804  3.273042935417502  15.091604240231458 -154.589206125823921
        0.000000012361085  3.338586319423384  23.515230281378653  13.888948102371476  0.003950706271785  3.425713249067961  0.832935480439804  3.273042935417502  15.091604240231458 -154.589206125823921
        0.000000001363674  3.338586319423384  23.515229930974421  13.888948309332930  0.003950706271785  3.425713249067961  0.832935480439804  3.273042935417502  15.091604240231458 -154.589206125823921
        0.000000000514595  3.338586319423384  23.515229930974421  13.888948102371476  0.003950721172946  3.425713249067961  0.832935480439804  3.273042935417502  15.091604240231458 -154.589206125823921
        0.000000000371516  3.338586319423384  23.515229930974421  13.888948102371476  0.003950706271785  3.425713300115066  0.832935480439804  3.273042935417502  15.091604240231458 -154.589206125823921
        0.000000002812282  3.338586319423384  23.515229930974421  13.888948102371476  0.003950706271785  3.425713249067961  0.832935495340965  3.273042935417502  15.091604240231458 -154.589206125823921
        0.000000002795458  3.338586319423384  23.515229930974421  13.888948102371476  0.003950706271785  3.425713249067961  0.832935480439804  3.273042984189642  15.091604240231458 -154.589206125823921
        0.000000004240159  3.338586319423384  23.515229930974421  13.888948102371476  0.003950706271785  3.425713249067961  0.832935480439804  3.273042935417502  15.091604465113885 -154.589206125823921
        0.000015277372730  3.338586319423384  23.515229930974421  13.888948102371476  0.003950706271785  3.425713249067961  0.832935480439804  3.273042935417502  15.091604240231458 -154.589208429382609
        0.000019148799788  3.336281980218867  23.794862113235116  13.959044780400790  0.004122553532447  3.311667236751063  0.836626652923135  3.272552624051487  15.152347363878578 -154.589207542701757
        0.000000013712021  3.336282029933342  23.794862113235116  13.959044780400790  0.004122553532447  3.311667236751063  0.836626652923135  3.272552624051487  15.152347363878578 -154.589207542701757
        0.000000012332490  3.336281980218867  23.794862467806190  13.959044780400790  0.004122553532447  3.311667236751063  0.836626652923135  3.272552624051487  15.152347363878578 -154.589207542701757
        0.000000001373400  3.336281980218867  23.794862113235116  13.959044988406767  0.004122553532447  3.311667236751063  0.836626652923135  3.272552624051487  15.152347363878578 -154.589207542701757
        0.000000000516208  3.336281980218867  23.794862113235116  13.959044780400790  0.004122568433608  3.311667236751063  0.836626652923135  3.272552624051487  15.152347363878578 -154.589207542701757
        0.000000000353958  3.336281980218867  23.794862113235116  13.959044780400790  0.004122553532447  3.311667286098750  0.836626652923135  3.272552624051487  15.152347363878578 -154.589207542701757
        0.000000002836392  3.336281980218867  23.794862113235116  13.959044780400790  0.004122553532447  3.311667236751063  0.836626667824296  3.272552624051487  15.152347363878578 -154.589207542701757
        0.000000002807806  3.336281980218867  23.794862113235116  13.959044780400790  0.004122553532447  3.311667236751063  0.836626652923135  3.272552672816321  15.152347363878578 -154.589207542701757
        0.000000004228223  3.336281980218867  23.794862113235116  13.959044780400790  0.004122553532447  3.311667236751063  0.836626652923135  3.272552624051487  15.152347589666148 -154.589207542701757
        0.000015277373039  3.336281980218867  23.794862113235116  13.959044780400790  0.004122553532447  3.311667236751063  0.836626652923135  3.272552624051487  15.152347363878578 -154.589209846260445
        0.000047363947596  3.334386964554663  24.154332176605546  13.973539906021843  0.004544932313572  3.035376531399231  0.844377080745105  3.271834758423631  15.197136992586010 -154.589212481779214
        0.000000013695387  3.334387014240901  24.154332176605546  13.973539906021843  0.004544932313572  3.035376531399231  0.844377080745105  3.271834758423631  15.197136992586010 -154.589212481779214
        0.000000012295123  3.334386964554663  24.154332536533143  13.973539906021843  0.004544932313572  3.035376531399231  0.844377080745105  3.271834758423631  15.197136992586010 -154.589212481779214
        0.000000001394114  3.334386964554663  24.154332176605546  13.973540114243814  0.004544932313572  3.035376531399231  0.844377080745105  3.271834758423631  15.197136992586010 -154.589212481779214
        0.000000000519015  3.334386964554663  24.154332176605546  13.973539906021843  0.004544947214733  3.035376531399231  0.844377080745105  3.271834758423631  15.197136992586010 -154.589212481779214
        0.000000000316273  3.334386964554663  24.154332176605546  13.973539906021843  0.004544932313572  3.035376576629866  0.844377080745105  3.271834758423631  15.197136992586010 -154.589212481779214
        0.000000002886720  3.334386964554663  24.154332176605546  13.973539906021843  0.004544932313572  3.035376531399231  0.844377095646267  3.271834758423631  15.197136992586010 -154.589212481779214
        0.000000002815062  3.334386964554663  24.154332176605546  13.973539906021843  0.004544932313572  3.035376531399231  0.844377080745105  3.271834807177768  15.197136992586010 -154.589212481779214
        0.000000004228294  3.334386964554663  24.154332176605546  13.973539906021843  0.004544932313572  3.035376531399231  0.844377080745105  3.271834758423631  15.197137219040998 -154.589212481779214
        0.000015277374847  3.334386964554663  24.154332176605546  13.973539906021843  0.004544932313572  3.035376531399231  0.844377080745105  3.271834758423631  15.197136992586010 -154.589214785337987
        0.000015140164134  3.334178181993222  24.253281201817082  13.963400740524451  0.004489882289442  2.920694079535457  0.847211511558735  3.271630178448341  15.199828197419542 -154.589214628888925
        0.000000013691080  3.334178231676348  24.253281201817082  13.963400740524451  0.004489882289442  2.920694079535457  0.847211511558735  3.271630178448341  15.199828197419542 -154.589214628888925
        0.000000012282794  3.334178181993222  24.253281563219133  13.963400740524451  0.004489882289442  2.920694079535457  0.847211511558735  3.271630178448341  15.199828197419542 -154.589214628888925
        0.000000001402065  3.334178181993222  24.253281201817082  13.963400948595336  0.004489882289442  2.920694079535457  0.847211511558735  3.271630178448341  15.199828197419542 -154.589214628888925
        0.000000000520227  3.334178181993222  24.253281201817082  13.963400740524451  0.004489897190603  2.920694079535457  0.847211511558735  3.271630178448341  15.199828197419542 -154.589214628888925
        0.000000000301351  3.334178181993222  24.253281201817082  13.963400740524451  0.004489882289442  2.920694123057190  0.847211511558735  3.271630178448341  15.199828197419542 -154.589214628888925
        0.000000002906963  3.334178181993222  24.253281201817082  13.963400740524451  0.004489882289442  2.920694079535457  0.847211526459896  3.271630178448341  15.199828197419542 -154.589214628888925
        0.000000002814879  3.334178181993222  24.253281201817082  13.963400740524451  0.004489882289442  2.920694079535457  0.847211511558735  3.271630227199430  15.199828197419542 -154.589214628888925
        0.000000004232988  3.334178181993222  24.253281201817082  13.963400740524451  0.004489882289442  2.920694079535457  0.847211511558735  3.271630178448341  15.199828423914632 -154.589214628888925
        0.000015277375571  3.334178181993222  24.253281201817082  13.963400740524451  0.004489882289442  2.920694079535457  0.847211511558735  3.271630178448341  15.199828197419542 -154.589216932447727
        0.000093538970045  3.330447183919548  24.903633634277220  14.036687816881537  0.011530494935562  2.454111663696077  0.859673153127439  3.270613846936112  15.288979946741305 -154.589223683981942
        0.000000013662802  3.330447233547079  24.903633634277220  14.036687816881537  0.011530494935562  2.454111663696077  0.859673153127439  3.270613846936112  15.288979946741305 -154.589223683981942
        0.000000012220410  3.330447183919548  24.903634005370279  14.036687816881537  0.011530494935562  2.454111663696077  0.859673153127439  3.270613846936112  15.288979946741305 -154.589223683981942
        0.000000001437433  3.330447183919548  24.903633634277220  14.036688026044486  0.011530494935562  2.454111663696077  0.859673153127439  3.270613846936112  15.288979946741305 -154.589223683981942
        0.000000000525529  3.330447183919548  24.903633634277220  14.036687816881537  0.011530509836724  2.454111663696077  0.859673153127439  3.270613846936112  15.288979946741305 -154.589223683981942
        0.000000000238642  3.330447183919548  24.903633634277220  14.036687816881537  0.011530494935562  2.454111700265190  0.859673153127439  3.270613846936112  15.288979946741305 -154.589223683981942
        0.000000002991475  3.330447183919548  24.903633634277220  14.036687816881537  0.011530494935562  2.454111663696077  0.859673168028600  3.270613846936112  15.288979946741305 -154.589223683981942
        0.000000002831232  3.330447183919548  24.903633634277220  14.036687816881537  0.011530494935562  2.454111663696077  0.859673153127439  3.270613895672057  15.288979946741305 -154.589223683981942
        0.000000004227667  3.330447183919548  24.903633634277220  14.036687816881537  0.011530494935562  2.454111663696077  0.859673153127439  3.270613846936112  15.288980174564859 -154.589223683981942
        0.000015277378904  3.330447183919548  24.903633634277220  14.036687816881537  0.011530494935562  2.454111663696077  0.859673153127439  3.270613846936112  15.288979946741305 -154.589225987540885
        0.000045781942919  3.330044604193959  24.959321484340659  14.059216257300598  0.011641956150907  2.429346424313835  0.860141733321856  3.270155640443311  15.302815936937993 -154.589221882240224
        0.000000013652346  3.330044653815490  24.959321484340659  14.059216257300598  0.011641956150907  2.429346424313835  0.860141733321856  3.270155640443311  15.302815936937993 -154.589221882240224
        0.000000012209102  3.330044604193959  24.959321856263532  14.059216257300598  0.011641956150907  2.429346424313835  0.860141733321856  3.270155640443311  15.302815936937993 -154.589221882240224
        0.000000001439126  3.330044604193959  24.959321484340659  14.059216466799246  0.011641956150907  2.429346424313835  0.860141733321856  3.270155640443311  15.302815936937993 -154.589221882240224
        0.000000000526080  3.330044604193959  24.959321484340659  14.059216257300598  0.011641971052068  2.429346424313835  0.860141733321856  3.270155640443311  15.302815936937993 -154.589221882240224
        0.000000000235193  3.330044604193959  24.959321484340659  14.059216257300598  0.011641956150907  2.429346460513917  0.860141733321856  3.270155640443311  15.302815936937993 -154.589221882240224
        0.000000002997170  3.330044604193959  24.959321484340659  14.059216257300598  0.011641956150907  2.429346424313835  0.860141748223017  3.270155640443311  15.302815936937993 -154.589221882240224
        0.000000002834345  3.330044604193959  24.959321484340659  14.059216257300598  0.011641956150907  2.429346424313835  0.860141733321856  3.270155689172427  15.302815936937993 -154.589221882240224
        0.000000004226192  3.330044604193959  24.959321484340659  14.059216257300598  0.011641956150907  2.429346424313835  0.860141733321856  3.270155640443311  15.302816164967719 -154.589221882240224
        0.000015277378223  3.330044604193959  24.959321484340659  14.059216257300598  0.011641956150907  2.429346424313835  0.860141733321856  3.270155640443311  15.302815936937993 -154.589224185799139
2023-06-01 19:19:53.545908
