/projects/wagner/highthroughput/mick_graphene_paper/3_data/kc_fitting_dft
2022-08-18 00:36:40.663472
energy_inf: -154.89183204249554
     2536.019385218373827  3.416084000000000  20.021583000000000  10.905510700000001  4.275635400000000  0.010010836000000  0.844712200000000  2.936058400000000  14.313258800000000 -154.891832042495537
        0.000000018717218  3.416084050903618  20.021583000000000  10.905510700000001  4.275635400000000  0.010010836000000  0.844712200000000  2.936058400000000  14.313258800000000 -154.891832042495537
        0.000000019282189  3.416084000000000  20.021583298344837  10.905510700000001  4.275635400000000  0.010010836000000  0.844712200000000  2.936058400000000  14.313258800000000 -154.891832042495537
        0.000000002760085  3.416084000000000  20.021583000000000  10.905510862504773  4.275635400000000  0.010010836000000  0.844712200000000  2.936058400000000  14.313258800000000 -154.891832042495537
        0.000000000499340  3.416084000000000  20.021583000000000  10.905510700000001  4.275635463711932  0.010010836000000  0.844712200000000  2.936058400000000  14.313258800000000 -154.891832042495537
        0.000000000455390  3.416084000000000  20.021583000000000  10.905510700000001  4.275635400000000  0.010010850901161  0.844712200000000  2.936058400000000  14.313258800000000 -154.891832042495537
        0.000000007626080  3.416084000000000  20.021583000000000  10.905510700000001  4.275635400000000  0.010010836000000  0.844712214901161  2.936058400000000  14.313258800000000 -154.891832042495537
        0.000000008542471  3.416084000000000  20.021583000000000  10.905510700000001  4.275635400000000  0.010010836000000  0.844712200000000  2.936058443750679  14.313258800000000 -154.891832042495537
        0.000000009622645  3.416084000000000  20.021583000000000  10.905510700000001  4.275635400000000  0.010010836000000  0.844712200000000  2.936058400000000  14.313259013284176 -154.891832042495537
        0.000037775266475  3.416084000000000  20.021583000000000  10.905510700000001  4.275635400000000  0.010010836000000  0.844712200000000  2.936058400000000  14.313258800000000 -154.891834350563698
        0.142531723076702  3.321343950674955  7.791501326009222  3.192520004513236  8.737623265852218  19.311279523131205  0.263948707356143  2.938906293514328  14.184281822866641 -154.891586697396463
        0.107382102655209  3.308553283253168  18.667616520272219  9.738747379878934  6.846859291419378  5.277961685544832  0.612852265628701  2.911070113285091  14.167509616643487 -154.891581130959935
        0.000000016887429  3.308553332554454  18.667616520272219  9.738747379878934  6.846859291419378  5.277961685544832  0.612852265628701  2.911070113285091  14.167509616643487 -154.891581130959935
        0.000000017504112  3.308553283253168  18.667616798441383  9.738747379878934  6.846859291419378  5.277961685544832  0.612852265628701  2.911070113285091  14.167509616643487 -154.891581130959935
        0.000000001833795  3.308553283253168  18.667616520272219  9.738747524997578  6.846859291419378  5.277961685544832  0.612852265628701  2.911070113285091  14.167509616643487 -154.891581130959935
        0.000000000177060  3.308553283253168  18.667616520272219  9.738747379878934  6.846859393445532  5.277961685544832  0.612852265628701  2.911070113285091  14.167509616643487 -154.891581130959935
        0.000000000880132  3.308553283253168  18.667616520272219  9.738747379878934  6.846859291419378  5.277961764192590  0.612852265628701  2.911070113285091  14.167509616643487 -154.891581130959935
        0.000000004353080  3.308553283253168  18.667616520272219  9.738747379878934  6.846859291419378  5.277961685544832  0.612852280529862  2.911070113285091  14.167509616643487 -154.891581130959935
        0.000000007852886  3.308553283253168  18.667616520272219  9.738747379878934  6.846859291419378  5.277961685544832  0.612852265628701  2.911070156663416  14.167509616643487 -154.891581130959935
        0.000000005971822  3.308553283253168  18.667616520272219  9.738747379878934  6.846859291419378  5.277961685544832  0.612852265628701  2.911070113285091  14.167509827755833 -154.891581130959935
        0.000037776932326  3.308553283253168  18.667616520272219  9.738747379878934  6.846859291419378  5.277961685544832  0.612852265628701  2.911070113285091  14.167509616643487 -154.891583439024345
        0.008604116706652  3.285738521787171  18.954918024585520  10.413406714133938  7.267056312448957  4.866282797502796  0.598455561222395  3.113039372548429  14.335895320285767 -154.890359388583249
        0.000000018196018  3.285738570748491  18.954918024585520  10.413406714133938  7.267056312448957  4.866282797502796  0.598455561222395  3.113039372548429  14.335895320285767 -154.890359388583249
        0.000000018753429  3.285738521787171  18.954918307035808  10.413406714133938  7.267056312448957  4.866282797502796  0.598455561222395  3.113039372548429  14.335895320285767 -154.890359388583249
        0.000000001743023  3.285738521787171  18.954918024585520  10.413406869305790  7.267056312448957  4.866282797502796  0.598455561222395  3.113039372548429  14.335895320285767 -154.890359388583249
        0.000000000155114  3.285738521787171  18.954918024585520  10.413406714133938  7.267056420736534  4.866282797502796  0.598455561222395  3.113039372548429  14.335895320285767 -154.890359388583249
        0.000000000673484  3.285738521787171  18.954918024585520  10.413406714133938  7.267056312448957  4.866282870016061  0.598455561222395  3.113039372548429  14.335895320285767 -154.890359388583249
        0.000000004171150  3.285738521787171  18.954918024585520  10.413406714133938  7.267056312448957  4.866282797502796  0.598455576123556  3.113039372548429  14.335895320285767 -154.890359388583249
        0.000000007165108  3.285738521787171  18.954918024585520  10.413406714133938  7.267056312448957  4.866282797502796  0.598455561222395  3.113039418936330  14.335895320285767 -154.890359388583249
        0.000000005907247  3.285738521787171  18.954918024585520  10.413406714133938  7.267056312448957  4.866282797502796  0.598455561222395  3.113039372548429  14.335895533907253 -154.890359388583249
        0.000037776860201  3.285738521787171  18.954918024585520  10.413406714133938  7.267056312448957  4.866282797502796  0.598455561222395  3.113039372548429  14.335895320285767 -154.890361696629469
        0.002694463128942  3.284679231329259  19.391348011673617  10.565538042723292  7.562612731429029  4.639790689326151  0.603668199230046  3.187758550281432  14.521736013700201 -154.889945145952936
        0.000000018698222  3.284679280274793  19.391348011673617  10.565538042723292  7.562612731429029  4.639790689326151  0.603668199230046  3.187758550281432  14.521736013700201 -154.889945145952936
        0.000000019212598  3.284679231329259  19.391348300627222  10.565538042723292  7.562612731429029  4.639790689326151  0.603668199230046  3.187758550281432  14.521736013700201 -154.889945145952936
        0.000000001778275  3.284679231329259  19.391348011673617  10.565538200162077  7.562612731429029  4.639790689326151  0.603668199230046  3.187758550281432  14.521736013700201 -154.889945145952936
        0.000000000168778  3.284679231329259  19.391348011673617  10.565538042723292  7.562612844120740  4.639790689326151  0.603668199230046  3.187758550281432  14.521736013700201 -154.889945145952936
        0.000000000587331  3.284679231329259  19.391348011673617  10.565538042723292  7.562612731429029  4.639790758464421  0.603668199230046  3.187758550281432  14.521736013700201 -154.889945145952936
        0.000000004309452  3.284679231329259  19.391348011673617  10.565538042723292  7.562612731429029  4.639790689326151  0.603668214131207  3.187758550281432  14.521736013700201 -154.889945145952936
        0.000000007160266  3.284679231329259  19.391348011673617  10.565538042723292  7.562612731429029  4.639790689326151  0.603668199230046  3.187758597782736  14.521736013700201 -154.889945145952936
        0.000000006063063  3.284679231329259  19.391348011673617  10.565538042723292  7.562612731429029  4.639790689326151  0.603668199230046  3.187758550281432  14.521736230090930 -154.889945145952936
        0.000037776676841  3.284679231329259  19.391348011673617  10.565538042723292  7.562612731429029  4.639790689326151  0.603668199230046  3.187758550281432  14.521736013700201 -154.889947453992988
        0.001923856618777  3.246600792425941  22.848639261691225  10.292045046205315  9.781337578209726  3.748491946490430  0.632091968525567  3.218815083797221  15.427148509906541 -154.889899035269792
        0.001465309219588  3.283424716370327  20.089172790210213  10.342625787928977  7.801760382060757  3.965858227487414  0.622519416462694  3.201461451371570  14.597733773606803 -154.889800794890164
        0.000000018867588  3.283424765297168  20.089172790210213  10.342625787928977  7.801760382060757  3.965858227487414  0.622519416462694  3.201461451371570  14.597733773606803 -154.889800794890164
        0.000000019414271  3.283424716370327  20.089173089562216  10.342625787928977  7.801760382060757  3.965858227487414  0.622519416462694  3.201461451371570  14.597733773606803 -154.889800794890164
        0.000000001836579  3.283424716370327  20.089172790210213  10.342625942046110  7.801760382060757  3.965858227487414  0.622519416462694  3.201461451371570  14.597733773606803 -154.889800794890164
        0.000000000202070  3.283424716370327  20.089172790210213  10.342625787928977  7.801760498316046  3.965858227487414  0.622519416462694  3.201461451371570  14.597733773606803 -154.889800794890164
        0.000000000423889  3.283424716370327  20.089172790210213  10.342625787928977  7.801760382060757  3.965858286583307  0.622519416462694  3.201461451371570  14.597733773606803 -154.889800794890164
        0.000000004624611  3.283424716370327  20.089172790210213  10.342625787928977  7.801760382060757  3.965858227487414  0.622519431363855  3.201461451371570  14.597733773606803 -154.889800794890164
        0.000000007258736  3.283424716370327  20.089172790210213  10.342625787928977  7.801760382060757  3.965858227487414  0.622519416462694  3.201461499077064  14.597733773606803 -154.889800794890164
        0.000000006168953  3.283424716370327  20.089172790210213  10.342625787928977  7.801760382060757  3.965858227487414  0.622519416462694  3.201461451371570  14.597733991129987 -154.889800794890164
        0.000037776619297  3.283424716370327  20.089172790210213  10.342625787928977  7.801760382060757  3.965858227487414  0.622519416462694  3.201461451371570  14.597733773606803 -154.889803102928056
        0.000406220060501  3.273056276829975  21.156395422456978  9.964967775971006  8.973245264252821  3.450682537400054  0.626551728184197  3.217483934124281  14.747387330811069 -154.889882275914346
        0.000000018908929  3.273056325602314  21.156395422456978  9.964967775971006  8.973245264252821  3.450682537400054  0.626551728184197  3.217483934124281  14.747387330811069 -154.889882275914346
        0.000000019473239  3.273056276829975  21.156395737711836  9.964967775971006  8.973245264252821  3.450682537400054  0.626551728184197  3.217483934124281  14.747387330811069 -154.889882275914346
        0.000000001879336  3.273056276829975  21.156395422456978  9.964967924460597  8.973245264252821  3.450682537400054  0.626551728184197  3.217483934124281  14.747387330811069 -154.889882275914346
        0.000000000294477  3.273056276829975  21.156395422456978  9.964967775971006  8.973245397964595  3.450682537400054  0.626551728184197  3.217483934124281  14.747387330811069 -154.889882275914346
        0.000000000344453  3.273056276829975  21.156395422456978  9.964967775971006  8.973245264252821  3.450682588819231  0.626551728184197  3.217483934124281  14.747387330811069 -154.889882275914346
        0.000000004897511  3.273056276829975  21.156395422456978  9.964967775971006  8.973245264252821  3.450682537400054  0.626551743085358  3.217483934124281  14.747387330811069 -154.889882275914346
        0.000000007385941  3.273056276829975  21.156395422456978  9.964967775971006  8.973245264252821  3.450682537400054  0.626551728184197  3.217483982068528  14.747387330811069 -154.889882275914346
        0.000000006100711  3.273056276829975  21.156395422456978  9.964967775971006  8.973245264252821  3.450682537400054  0.626551728184197  3.217483934124281  14.747387550564264 -154.889882275914346
        0.000037776705622  3.273056276829975  21.156395422456978  9.964967775971006  8.973245264252821  3.450682537400054  0.626551728184197  3.217483934124281  14.747387330811069 -154.889884583953460
        0.000653180900500  3.261203847724691  22.431566913092432  9.317661090850049  10.581434370413962  2.724881661452455  0.629147822082587  3.246707530085017  14.827958798169151 -154.890058185450812
        0.000000018890055  3.261203896320416  22.431566913092432  9.317661090850049  10.581434370413962  2.724881661452455  0.629147822082587  3.246707530085017  14.827958798169151 -154.890058185450812
        0.000000019458145  3.261203847724691  22.431567247348827  9.317661090850049  10.581434370413962  2.724881661452455  0.629147822082587  3.246707530085017  14.827958798169151 -154.890058185450812
        0.000000001930524  3.261203847724691  22.431566913092432  9.317661229694018  10.581434370413962  2.724881661452455  0.629147822082587  3.246707530085017  14.827958798169151 -154.890058185450812
        0.000000000427135  3.261203847724691  22.431566913092432  9.317661090850049  10.581434528089622  2.724881661452455  0.629147822082587  3.246707530085017  14.827958798169151 -154.890058185450812
        0.000000000418424  3.261203847724691  22.431566913092432  9.317661090850049  10.581434370413962  2.724881702056356  0.629147822082587  3.246707530085017  14.827958798169151 -154.890058185450812
        0.000000005222689  3.261203847724691  22.431566913092432  9.317661090850049  10.581434370413962  2.724881661452455  0.629147836983748  3.246707530085017  14.827958798169151 -154.890058185450812
        0.000000007490154  3.261203847724691  22.431566913092432  9.317661090850049  10.581434370413962  2.724881661452455  0.629147822082587  3.246707578464729  14.827958798169151 -154.890058185450812
        0.000000006005050  3.261203847724691  22.431566913092432  9.317661090850049  10.581434370413962  2.724881661452455  0.629147822082587  3.246707530085017  14.827959019122956 -154.890058185450812
        0.000037776870215  3.261203847724691  22.431566913092432  9.317661090850049  10.581434370413962  2.724881661452455  0.629147822082587  3.246707530085017  14.827958798169151 -154.890060493492541
        0.000616213720354  3.246505518662588  23.909164142965238  7.719279195101031  13.298995861443412  2.145437919059523  0.623318333414347  3.273130525817766  15.024858499101439 -154.890204398960975
        0.000000018916114  3.246505567039290  23.909164142965238  7.719279195101031  13.298995861443412  2.145437919059523  0.623318333414347  3.273130525817766  15.024858499101439 -154.890204398960975
        0.000000019482575  3.246505518662588  23.909164499239548  7.719279195101031  13.298995861443412  2.145437919059523  0.623318333414347  3.273130525817766  15.024858499101439 -154.890204398960975
        0.000000001983414  3.246505518662588  23.909164142965238  7.719279310127254  13.298995861443412  2.145437919059523  0.623318333414347  3.273130525817766  15.024858499101439 -154.890204398960975
        0.000000000658723  3.246505518662588  23.909164142965238  7.719279195101031  13.298996059613893  2.145437919059523  0.623318333414347  3.273130525817766  15.024858499101439 -154.890204398960975
        0.000000000642341  3.246505518662588  23.909164142965238  7.719279195101031  13.298995861443412  2.145437951029039  0.623318333414347  3.273130525817766  15.024858499101439 -154.890204398960975
        0.000000005506103  3.246505518662588  23.909164142965238  7.719279195101031  13.298995861443412  2.145437919059523  0.623318348315508  3.273130525817766  15.024858499101439 -154.890204398960975
        0.000000007639603  3.246505518662588  23.909164142965238  7.719279195101031  13.298995861443412  2.145437919059523  0.623318333414347  3.273130574591212  15.024858499101439 -154.890204398960975
        0.000000005875632  3.246505518662588  23.909164142965238  7.719279195101031  13.298995861443412  2.145437919059523  0.623318333414347  3.273130525817766  15.024858722989277 -154.890204398960975
        0.000037777007811  3.246505518662588  23.909164142965238  7.719279195101031  13.298995861443412  2.145437919059523  0.623318333414347  3.273130525817766  15.024858499101439 -154.890206707004864
        0.000922047925678  3.252441787939876  24.367814727234432  7.601835006667952  13.614409571815832  0.752995513577651  0.642099518951851  3.287654707658648  14.719879840804417 -154.890295917193527
        0.000000018858385  3.252441836405036  24.367814727234432  7.601835006667952  13.614409571815832  0.752995513577651  0.642099518951851  3.287654707658648  14.719879840804417 -154.890295917193527
        0.000000019451628  3.252441787939876  24.367815090343168  7.601835006667952  13.614409571815832  0.752995513577651  0.642099518951851  3.287654707658648  14.719879840804417 -154.890295917193527
        0.000000002072680  3.252441787939876  24.367814727234432  7.601835119944121  13.614409571815832  0.752995513577651  0.642099518951851  3.287654707658648  14.719879840804417 -154.890295917193527
        0.000000000718702  3.252441787939876  24.367814727234432  7.601835006667952  13.614409774686344  0.752995513577651  0.642099518951851  3.287654707658648  14.719879840804417 -154.890295917193527
        0.000000000871413  3.252441787939876  24.367814727234432  7.601835006667952  13.614409571815832  0.752995528478813  0.642099518951851  3.287654707658648  14.719879840804417 -154.890295917193527
        0.000000006050750  3.252441787939876  24.367814727234432  7.601835006667952  13.614409571815832  0.752995513577651  0.642099533853012  3.287654707658648  14.719879840804417 -154.890295917193527
        0.000000007728694  3.252441787939876  24.367814727234432  7.601835006667952  13.614409571815832  0.752995513577651  0.642099518951851  3.287654756648521  14.719879840804417 -154.890295917193527
        0.000000006040004  3.252441787939876  24.367814727234432  7.601835006667952  13.614409571815832  0.752995513577651  0.642099518951851  3.287654707658648  14.719880060147720 -154.890295917193527
        0.000037777099509  3.252441787939876  24.367814727234432  7.601835006667952  13.614409571815832  0.752995513577651  0.642099518951851  3.287654707658648  14.719879840804417 -154.890298225238780
        0.000383246491716  3.252972266669975  24.273113935582955  7.143359066371893  14.067199896757721  0.715014188903578  0.636371921776771  3.300890812550071  14.612416787628563 -154.890372201402727
        0.000000018834144  3.252972315143039  24.273113935582955  7.143359066371893  14.067199896757721  0.715014188903578  0.636371921776771  3.300890812550071  14.612416787628563 -154.890372201402727
        0.000000019408148  3.252972266669975  24.273114297280539  7.143359066371893  14.067199896757721  0.715014188903578  0.636371921776771  3.300890812550071  14.612416787628563 -154.890372201402727
        0.000000002070765  3.252972266669975  24.273113935582955  7.143359172816238  14.067199896757721  0.715014188903578  0.636371921776771  3.300890812550071  14.612416787628563 -154.890372201402727
        0.000000000764261  3.252972266669975  24.273113935582955  7.143359066371893  14.067200106375335  0.715014188903578  0.636371921776771  3.300890812550071  14.612416787628563 -154.890372201402727
        0.000000000897589  3.252972266669975  24.273113935582955  7.143359066371893  14.067199896757721  0.715014203804740  0.636371921776771  3.300890812550071  14.612416787628563 -154.890372201402727
        0.000000006029084  3.252972266669975  24.273113935582955  7.143359066371893  14.067199896757721  0.715014188903578  0.636371936677933  3.300890812550071  14.612416787628563 -154.890372201402727
        0.000000007667417  3.252972266669975  24.273113935582955  7.143359066371893  14.067199896757721  0.715014188903578  0.636371921776771  3.300890861737177  14.612416787628563 -154.890372201402727
        0.000000006029735  3.252972266669975  24.273113935582955  7.143359066371893  14.067199896757721  0.715014188903578  0.636371921776771  3.300890812550071  14.612417005370540 -154.890372201402727
        0.000037777163882  3.252972266669975  24.273113935582955  7.143359066371893  14.067199896757721  0.715014188903578  0.636371921776771  3.300890812550071  14.612416787628563 -154.890374509449117
        0.002378635588603  3.189374904658554  29.505821902003653  5.391451817966942  20.011871375177510  0.486358349925667  0.621443706775402  3.331756146195547  16.111471295853786 -154.890531756092969
        0.002381755339345  3.247802949578949  24.806240769720802  6.095215936323682  15.450082008283633  0.451288983003087  0.632083065403967  3.316187782441940  14.639035159158786 -154.890457489412285
        0.000000018820987  3.247802997974985  24.806240769720802  6.095215936323682  15.450082008283633  0.451288983003087  0.632083065403967  3.316187782441940  14.639035159158786 -154.890457489412285
        0.000000019384067  3.247802949578949  24.806241139362594  6.095215936323682  15.450082008283633  0.451288983003087  0.632083065403967  3.316187782441940  14.639035159158786 -154.890457489412285
        0.000000002093835  3.247802949578949  24.806240769720802  6.095216027149477  15.450082008283633  0.451288983003087  0.632083065403967  3.316187782441940  14.639035159158786 -154.890457489412285
        0.000000000888139  3.247802949578949  24.806240769720802  6.095215936323682  15.450082238507797  0.451288983003087  0.632083065403967  3.316187782441940  14.639035159158786 -154.890457489412285
        0.000000000976298  3.247802949578949  24.806240769720802  6.095215936323682  15.450082008283633  0.451288997904249  0.632083065403967  3.316187782441940  14.639035159158786 -154.890457489412285
        0.000000006084797  3.247802949578949  24.806240769720802  6.095215936323682  15.450082008283633  0.451288983003087  0.632083080305128  3.316187782441940  14.639035159158786 -154.890457489412285
        0.000000007705816  3.247802949578949  24.806240769720802  6.095215936323682  15.450082008283633  0.451288983003087  0.632083065403967  3.316187831856989  14.639035159158786 -154.890457489412285
        0.000000005975301  3.247802949578949  24.806240769720802  6.095215936323682  15.450082008283633  0.451288983003087  0.632083065403967  3.316187782441940  14.639035377297407 -154.890457489412285
        0.000037777240047  3.247802949578949  24.806240769720802  6.095215936323682  15.450082008283633  0.451288983003087  0.632083065403967  3.316187782441940  14.639035159158786 -154.890459797459954
        0.000234758937414  3.249873145187977  24.917798522185503  6.098647888859630  15.566230530548490  0.001368583638832  0.636897543355190  3.322385079884170  14.526589677801431 -154.890496987067650
        0.000000018802296  3.249873193614860  24.917798522185503  6.098647888859630  15.566230530548490  0.001368583638832  0.636897543355190  3.322385079884170  14.526589677801431 -154.890496987067650
        0.000000019371409  3.249873145187977  24.917798893489636  6.098647888859630  15.566230530548490  0.001368583638832  0.636897543355190  3.322385079884170  14.526589677801431 -154.890496987067650
        0.000000002121141  3.249873145187977  24.917798522185503  6.098647979736565  15.566230530548490  0.001368583638832  0.636897543355190  3.322385079884170  14.526589677801431 -154.890496987067650
        0.000000000908363  3.249873145187977  24.917798522185503  6.098647888859630  15.566230762503400  0.001368583638832  0.636897543355190  3.322385079884170  14.526589677801431 -154.890496987067650
        0.000000000998135  3.249873145187977  24.917798522185503  6.098647888859630  15.566230530548490  0.001368598539994  0.636897543355190  3.322385079884170  14.526589677801431 -154.890496987067650
        0.000000006191337  3.249873145187977  24.917798522185503  6.098647888859630  15.566230530548490  0.001368583638832  0.636897558256351  3.322385079884170  14.526589677801431 -154.890496987067650
        0.000000007729226  3.249873145187977  24.917798522185503  6.098647888859630  15.566230530548490  0.001368583638832  0.636897543355190  3.322385129391565  14.526589677801431 -154.890496987067650
        0.000000006026848  3.249873145187977  24.917798522185503  6.098647888859630  15.566230530548490  0.001368583638832  0.636897543355190  3.322385079884170  14.526589894264484 -154.890496987067650
        0.000037777277510  3.249873145187977  24.917798522185503  6.098647888859630  15.566230530548490  0.001368583638832  0.636897543355190  3.322385079884170  14.526589677801431 -154.890499295115916
        0.000139018468997  3.250182031069950  24.869109122373583  5.043270632100478  16.418960872337717  0.001069305848969  0.631553030800331  3.329682970399681  14.473551687456295 -154.890530751255682
        0.000000018787819  3.250182079501436  24.869109122373583  5.043270632100478  16.418960872337717  0.001069305848969  0.631553030800331  3.329682970399681  14.473551687456295 -154.890530751255682
        0.000000019341426  3.250182031069950  24.869109492952187  5.043270632100478  16.418960872337717  0.001069305848969  0.631553030800331  3.329682970399681  14.473551687456295 -154.890530751255682
        0.000000002130302  3.250182031069950  24.869109122373583  5.043270707251067  16.418960872337717  0.001069305848969  0.631553030800331  3.329682970399681  14.473551687456295 -154.890530751255682
        0.000000001007030  3.250182031069950  24.869109122373583  5.043270632100478  16.418961116999299  0.001069305848969  0.631553030800331  3.329682970399681  14.473551687456295 -154.890530751255682
        0.000000001052930  3.250182031069950  24.869109122373583  5.043270632100478  16.418960872337717  0.001069320750130  0.631553030800331  3.329682970399681  14.473551687456295 -154.890530751255682
        0.000000006193850  3.250182031069950  24.869109122373583  5.043270632100478  16.418960872337717  0.001069305848969  0.631553045701492  3.329682970399681  14.473551687456295 -154.890530751255682
        0.000000007712855  3.250182031069950  24.869109122373583  5.043270632100478  16.418960872337717  0.001069305848969  0.631553030800331  3.329683020015824  14.473551687456295 -154.890530751255682
        0.000000006019534  3.250182031069950  24.869109122373583  5.043270632100478  16.418960872337717  0.001069305848969  0.631553030800331  3.329682970399681  14.473551903129021 -154.890530751255682
        0.000037777307774  3.250182031069950  24.869109122373583  5.043270632100478  16.418960872337717  0.001069305848969  0.631553030800331  3.329682970399681  14.473551687456295 -154.890533059304460
        0.000042185067753  3.250184348448852  24.869690068530392  5.043807561301160  16.419134323420899  0.000208406612789  0.631567269628836  3.329702086774933  14.473317139827666 -154.890530876611962
        0.000000018787446  3.250184396880373  24.869690068530392  5.043807561301160  16.419134323420899  0.000208406612789  0.631567269628836  3.329702086774933  14.473317139827666 -154.890530876611962
        0.000000019340983  3.250184348448852  24.869690439117655  5.043807561301160  16.419134323420899  0.000208406612789  0.631567269628836  3.329702086774933  14.473317139827666 -154.890530876611962
        0.000000002130352  3.250184348448852  24.869690068530392  5.043807636459750  16.419134323420899  0.000208406612789  0.631567269628836  3.329702086774933  14.473317139827666 -154.890530876611962
        0.000000001007060  3.250184348448852  24.869690068530392  5.043807561301160  16.419134568085067  0.000208406612789  0.631567269628836  3.329702086774933  14.473317139827666 -154.890530876611962
        0.000000001052990  3.250184348448852  24.869690068530392  5.043807561301160  16.419134323420899  0.000208421513950  0.631567269628836  3.329702086774933  14.473317139827666 -154.890530876611962
        0.000000006194141  3.250184348448852  24.869690068530392  5.043807561301160  16.419134323420899  0.000208406612789  0.631567284529997  3.329702086774933  14.473317139827666 -154.890530876611962
        0.000000007713028  3.250184348448852  24.869690068530392  5.043807561301160  16.419134323420899  0.000208406612789  0.631567269628836  3.329702136391361  14.473317139827666 -154.890530876611962
        0.000000006019554  3.250184348448852  24.869690068530392  5.043807561301160  16.419134323420899  0.000208406612789  0.631567269628836  3.329702086774933  14.473317355496897 -154.890530876611962
        0.000037777307862  3.250184348448852  24.869690068530392  5.043807561301160  16.419134323420899  0.000208406612789  0.631567269628836  3.329702086774933  14.473317139827666 -154.890533184660740
        0.000104136117379  3.244721443295342  25.305929722242595  4.241584336854588  17.421126811286261  0.000122247323416  0.627692636215021  3.334992735513905  14.587179890725634 -154.890554531638799
        0.000000018798280  3.244721491645459  25.305929722242595  4.241584336854588  17.421126811286261  0.000122247323416  0.627692636215021  3.334992735513905  14.587179890725634 -154.890554531638799
        0.000000019346931  3.244721443295342  25.305930099330332  4.241584336854588  17.421126811286261  0.000122247323416  0.627692636215021  3.334992735513905  14.587179890725634 -154.890554531638799
        0.000000002138141  3.244721443295342  25.305929722242595  4.241584400059121  17.421126811286261  0.000122247323416  0.627692636215021  3.334992735513905  14.587179890725634 -154.890554531638799
        0.000000001086874  3.244721443295342  25.305929722242595  4.241584336854588  17.421127070881280  0.000122247323416  0.627692636215021  3.334992735513905  14.587179890725634 -154.890554531638799
        0.000000001099407  3.244721443295342  25.305929722242595  4.241584336854588  17.421126811286261  0.000122262224577  0.627692636215021  3.334992735513905  14.587179890725634 -154.890554531638799
        0.000000006195464  3.244721443295342  25.305929722242595  4.241584336854588  17.421126811286261  0.000122247323416  0.627692651116182  3.334992735513905  14.587179890725634 -154.890554531638799
        0.000000007752471  3.244721443295342  25.305929722242595  4.241584336854588  17.421126811286261  0.000122247323416  0.627692636215021  3.334992785209169  14.587179890725634 -154.890554531638799
        0.000000005954807  3.244721443295342  25.305929722242595  4.241584336854588  17.421126811286261  0.000122247323416  0.627692636215021  3.334992735513905  14.587180108091554 -154.890554531638799
        0.000037777329380  3.244721443295342  25.305929722242595  4.241584336854588  17.421126811286261  0.000122247323416  0.627692636215021  3.334992735513905  14.587179890725634 -154.890556839687918
        0.000074357718988  3.244721060099589  25.307045709738606  4.243132134679879  17.421019909771143  0.001624420043468  0.627714664157864  3.335014609350241  14.586984581978955 -154.890554678496329
        0.000000018795540  3.244721108449701  25.307045709738606  4.243132134679879  17.421019909771143  0.001624420043468  0.627714664157864  3.335014609350241  14.586984581978955 -154.890554678496329
        0.000000019343669  3.244721060099589  25.307046086842973  4.243132134679879  17.421019909771143  0.001624420043468  0.627714664157864  3.335014609350241  14.586984581978955 -154.890554678496329
        0.000000002138265  3.244721060099589  25.307045709738606  4.243132197907475  17.421019909771143  0.001624420043468  0.627714664157864  3.335014609350241  14.586984581978955 -154.890554678496329
        0.000000001086844  3.244721060099589  25.307045709738606  4.243132134679879  17.421020169364567  0.001624420043468  0.627714664157864  3.335014609350241  14.586984581978955 -154.890554678496329
        0.000000001099447  3.244721060099589  25.307045709738606  4.243132134679879  17.421019909771143  0.001624434944629  0.627714664157864  3.335014609350241  14.586984581978955 -154.890554678496329
        0.000000006195867  3.244721060099589  25.307045709738606  4.243132134679879  17.421019909771143  0.001624420043468  0.627714679059025  3.335014609350241  14.586984581978955 -154.890554678496329
        0.000000007753410  3.244721060099589  25.307045709738606  4.243132134679879  17.421019909771143  0.001624420043468  0.627714664157864  3.335014659045831  14.586984581978955 -154.890554678496329
        0.000000005954183  3.244721060099589  25.307045709738606  4.243132134679879  17.421019909771143  0.001624420043468  0.627714664157864  3.335014609350241  14.586984799341964 -154.890554678496329
        0.000037777329496  3.244721060099589  25.307045709738606  4.243132134679879  17.421019909771143  0.001624420043468  0.627714664157864  3.335014609350241  14.586984581978955 -154.890556986545448
        0.000076165101343  3.238807830167840  25.799150020396997  3.676162774544357  18.269931611676924  0.000729277751427  0.625144678342422  3.338606909106808  14.725195401474773 -154.890570461955178
        0.000000018809774  3.238807878429838  25.799150020396997  3.676162774544357  18.269931611676924  0.000729277751427  0.625144678342422  3.338606909106808  14.725195401474773 -154.890570461955178
        0.000000019356832  3.238807830167840  25.799150404834290  3.676162774544357  18.269931611676924  0.000729277751427  0.625144678342422  3.338606909106808  14.725195401474773 -154.890570461955178
        0.000000002144063  3.238807830167840  25.799150020396997  3.676162829323451  18.269931611676924  0.000729277751427  0.625144678342422  3.338606909106808  14.725195401474773 -154.890570461955178
        0.000000001143061  3.238807830167840  25.799150020396997  3.676162774544357  18.269931883920119  0.000729277751427  0.625144678342422  3.338606909106808  14.725195401474773 -154.890570461955178
        0.000000001133030  3.238807830167840  25.799150020396997  3.676162774544357  18.269931611676924  0.000729292652588  0.625144678342422  3.338606909106808  14.725195401474773 -154.890570461955178
        0.000000006197401  3.238807830167840  25.799150020396997  3.676162774544357  18.269931611676924  0.000729277751427  0.625144693243583  3.338606909106808  14.725195401474773 -154.890570461955178
        0.000000007801005  3.238807830167840  25.799150020396997  3.676162774544357  18.269931611676924  0.000729277751427  0.625144678342422  3.338606958855928  14.725195401474773 -154.890570461955178
        0.000000005887480  3.238807830167840  25.799150020396997  3.676162774544357  18.269931611676924  0.000729277751427  0.625144678342422  3.338606909106808  14.725195620897283 -154.890570461955178
        0.000037777343883  3.238807830167840  25.799150020396997  3.676162774544357  18.269931611676924  0.000729277751427  0.625144678342422  3.338606909106808  14.725195401474773 -154.890572770004525
        0.000049673714886  3.238809689511569  25.799795582225446  3.677652891185564  18.269463354948218  0.000568594610425  0.625161582958426  3.338622519090195  14.724994837980024 -154.890570569491075
        0.000000018808803  3.238809737773594  25.799795582225446  3.677652891185564  18.269463354948218  0.000568594610425  0.625161582958426  3.338622519090195  14.724994837980024 -154.890570569491075
        0.000000019355711  3.238809689511569  25.799795966672360  3.677652891185564  18.269463354948218  0.000568594610425  0.625161582958426  3.338622519090195  14.724994837980024 -154.890570569491075
        0.000000002144145  3.238809689511569  25.799795582225446  3.677652945986863  18.269463354948218  0.000568594610425  0.625161582958426  3.338622519090195  14.724994837980024 -154.890570569491075
        0.000000001143013  3.238809689511569  25.799795582225446  3.677652891185564  18.269463627184436  0.000568594610425  0.625161582958426  3.338622519090195  14.724994837980024 -154.890570569491075
        0.000000001133038  3.238809689511569  25.799795582225446  3.677652891185564  18.269463354948218  0.000568609511586  0.625161582958426  3.338622519090195  14.724994837980024 -154.890570569491075
        0.000000006197687  3.238809689511569  25.799795582225446  3.677652891185564  18.269463354948218  0.000568594610425  0.625161597859587  3.338622519090195  14.724994837980024 -154.890570569491075
        0.000000007801365  3.238809689511569  25.799795582225446  3.677652891185564  18.269463354948218  0.000568594610425  0.625161582958426  3.338622568839547  14.724994837980024 -154.890570569491075
        0.000000005887317  3.238809689511569  25.799795582225446  3.677652891185564  18.269463354948218  0.000568594610425  0.625161582958426  3.338622519090195  14.724995057399545 -154.890570569491075
        0.000037777343958  3.238809689511569  25.799795582225446  3.677652891185564  18.269463354948218  0.000568594610425  0.625161582958426  3.338622519090195  14.724994837980024 -154.890572877540421
        0.000069724536431  3.230979311672702  26.467731833187582  3.092209928878661  19.270719616584309  0.000349800294154  0.622568409660538  3.342321618833155  14.916603690928461 -154.890587088558220
        0.000000018830519  3.230979359818046  26.467731833187582  3.092209928878661  19.270719616584309  0.000349800294154  0.622568409660538  3.342321618833155  14.916603690928461 -154.890587088558220
        0.000000019378534  3.230979311672702  26.467732227587518  3.092209928878661  19.270719616584309  0.000349800294154  0.622568409660538  3.342321618833155  14.916603690928461 -154.890587088558220
        0.000000002149737  3.230979311672702  26.467731833187582  3.092209974956180  19.270719616584309  0.000349800294154  0.622568409660538  3.342321618833155  14.916603690928461 -154.890587088558220
        0.000000001199411  3.230979311672702  26.467731833187582  3.092209928878661  19.270719903740407  0.000349800294154  0.622568409660538  3.342321618833155  14.916603690928461 -154.890587088558220
        0.000000001167270  3.230979311672702  26.467731833187582  3.092209928878661  19.270719616584309  0.000349815195315  0.622568409660538  3.342321618833155  14.916603690928461 -154.890587088558220
        0.000000006197221  3.230979311672702  26.467731833187582  3.092209928878661  19.270719616584309  0.000349800294154  0.622568424561699  3.342321618833155  14.916603690928461 -154.890587088558220
        0.000000007864057  3.230979311672702  26.467731833187582  3.092209928878661  19.270719616584309  0.000349800294154  0.622568409660538  3.342321668637628  14.916603690928461 -154.890587088558220
        0.000000005800821  3.230979311672702  26.467731833187582  3.092209928878661  19.270719616584309  0.000349800294154  0.622568409660538  3.342321618833155  14.916603913203177 -154.890587088558220
        0.000037777359390  3.230979311672702  26.467731833187582  3.092209928878661  19.270719616584309  0.000349800294154  0.622568409660538  3.342321618833155  14.916603690928461 -154.890589396607822
        0.000069662700047  3.230977997288034  26.469019367594562  3.095043884529705  19.269844817278226  0.001495524946346  0.622593835238121  3.342341118261733  14.916447180937844 -154.890587226189979
        0.000000018828120  3.230978045433358  26.469019367594562  3.095043884529705  19.269844817278226  0.001495524946346  0.622593835238121  3.342341118261733  14.916447180937844 -154.890587226189979
        0.000000019375706  3.230977997288034  26.469019762013687  3.095043884529705  19.269844817278226  0.001495524946346  0.622593835238121  3.342341118261733  14.916447180937844 -154.890587226189979
        0.000000002149810  3.230977997288034  26.469019367594562  3.095043930649453  19.269844817278226  0.001495524946346  0.622593835238121  3.342341118261733  14.916447180937844 -154.890587226189979
        0.000000001199272  3.230977997288034  26.469019367594562  3.095043884529705  19.269845104421290  0.001495524946346  0.622593835238121  3.342341118261733  14.916447180937844 -154.890587226189979
        0.000000001167261  3.230977997288034  26.469019367594562  3.095043884529705  19.269844817278226  0.001495539847508  0.622593835238121  3.342341118261733  14.916447180937844 -154.890587226189979
        0.000000006197660  3.230977997288034  26.469019367594562  3.095043884529705  19.269844817278226  0.001495524946346  0.622593850139282  3.342341118261733  14.916447180937844 -154.890587226189979
        0.000000007864948  3.230977997288034  26.469019367594562  3.095043884529705  19.269844817278226  0.001495524946346  0.622593835238121  3.342341168066497  14.916447180937844 -154.890587226189979
        0.000000005800303  3.230977997288034  26.469019367594562  3.095043884529705  19.269844817278226  0.001495524946346  0.622593835238121  3.342341118261733  14.916447403210228 -154.890587226189979
        0.000037777359465  3.230977997288034  26.469019367594562  3.095043884529705  19.269844817278226  0.001495524946346  0.622593835238121  3.342341118261733  14.916447180937844 -154.890589534239581
        0.000056850399971  3.228798038527140  26.663826683162124  2.816608525775504  19.640829397483710  0.000458158608784  0.621560193241790  3.343896823517265  14.968350804358748 -154.890594005921201
        0.000000018832340  3.228798086639979  26.663826683162124  2.816608525775504  19.640829397483710  0.000458158608784  0.621560193241790  3.343896823517265  14.968350804358748 -154.890594005921201
        0.000000019378768  3.228798038527140  26.663827080484104  2.816608525775504  19.640829397483710  0.000458158608784  0.621560193241790  3.343896823517265  14.968350804358748 -154.890594005921201
        0.000000002153007  3.228798038527140  26.663826683162124  2.816608567746241  19.640829397483710  0.000458158608784  0.621560193241790  3.343896823517265  14.968350804358748 -154.890594005921201
        0.000000001224149  3.228798038527140  26.663826683162124  2.816608525775504  19.640829690154874  0.000458158608784  0.621560193241790  3.343896823517265  14.968350804358748 -154.890594005921201
        0.000000001181849  3.228798038527140  26.663826683162124  2.816608525775504  19.640829397483710  0.000458173509945  0.621560193241790  3.343896823517265  14.968350804358748 -154.890594005921201
        0.000000006198635  3.228798038527140  26.663826683162124  2.816608525775504  19.640829397483710  0.000458158608784  0.621560208142951  3.343896823517265  14.968350804358748 -154.890594005921201
        0.000000007882726  3.228798038527140  26.663826683162124  2.816608525775504  19.640829397483710  0.000458158608784  0.621560193241790  3.343896873345211  14.968350804358748 -154.890594005921201
        0.000000005775722  3.228798038527140  26.663826683162124  2.816608525775504  19.640829397483710  0.000458158608784  0.621560193241790  3.343896823517265  14.968351027404555 -154.890594005921201
        0.000037777365400  3.228798038527140  26.663826683162124  2.816608525775504  19.640829397483710  0.000458158608784  0.621560193241790  3.343896823517265  14.968350804358748 -154.890596313970917
        0.000039305617123  3.228322408976531  26.705546101785401  2.594794475512769  19.842728606701826  0.000307930709889  0.620786246610800  3.345009093316141  14.975380657260196 -154.890598742942188
        0.000000018832386  3.228322457082284  26.705546101785401  2.594794475512769  19.842728606701826  0.000307930709889  0.620786246610800  3.345009093316141  14.975380657260196 -154.890598742942188
        0.000000019376959  3.228322408976531  26.705546499729049  2.594794475512769  19.842728606701826  0.000307930709889  0.620786246610800  3.345009093316141  14.975380657260196 -154.890598742942188
        0.000000002155264  3.228322408976531  26.705546101785401  2.594794514178220  19.842728606701826  0.000307930709889  0.620786246610800  3.345009093316141  14.975380657260196 -154.890598742942188
        0.000000001242635  3.228322408976531  26.705546101785401  2.594794475512769  19.842728902381523  0.000307930709889  0.620786246610800  3.345009093316141  14.975380657260196 -154.890598742942188
        0.000000001192071  3.228322408976531  26.705546101785401  2.594794475512769  19.842728606701826  0.000307945611050  0.620786246610800  3.345009093316141  14.975380657260196 -154.890598742942188
        0.000000006198145  3.228322408976531  26.705546101785401  2.594794475512769  19.842728606701826  0.000307930709889  0.620786261511961  3.345009093316141  14.975380657260196 -154.890598742942188
        0.000000007884195  3.228322408976531  26.705546101785401  2.594794475512769  19.842728606701826  0.000307930709889  0.620786246610800  3.345009143160660  14.975380657260196 -154.890598742942188
        0.000000005769430  3.228322408976531  26.705546101785401  2.594794475512769  19.842728606701826  0.000307930709889  0.620786246610800  3.345009093316141  14.975380880410757 -154.890598742942188
        0.000037777369246  3.228322408976531  26.705546101785401  2.594794475512769  19.842728606701826  0.000307930709889  0.620786246610800  3.345009093316141  14.975380657260196 -154.890601050991961
        0.000075942680071  3.235388003812564  26.066524629251024  2.031530848653040  19.749679042898620  0.000011310884997  0.618989360262220  3.347795160323825  14.761112704387669 -154.890611333065294
        0.000000018800868  3.235388052023602  26.066524629251024  2.031530848653040  19.749679042898620  0.000011310884997  0.618989360262220  3.347795160323825  14.761112704387669 -154.890611333065294
        0.000000019332927  3.235388003812564  26.066525017672511  2.031530848653040  19.749679042898620  0.000011310884997  0.618989360262220  3.347795160323825  14.761112704387669 -154.890611333065294
        0.000000002159210  3.235388003812564  26.066524629251024  2.031530878925209  19.749679042898620  0.000011310884997  0.618989360262220  3.347795160323825  14.761112704387669 -154.890611333065294
        0.000000001283792  3.235388003812564  26.066524629251024  2.031530848653040  19.749679337191772  0.000011310884997  0.618989360262220  3.347795160323825  14.761112704387669 -154.890611333065294
        0.000000001210531  3.235388003812564  26.066524629251024  2.031530848653040  19.749679042898620  0.000011325786158  0.618989360262220  3.347795160323825  14.761112704387669 -154.890611333065294
        0.000000006188233  3.235388003812564  26.066524629251024  2.031530848653040  19.749679042898620  0.000011310884997  0.618989375163381  3.347795160323825  14.761112704387669 -154.890611333065294
        0.000000007802955  3.235388003812564  26.066524629251024  2.031530848653040  19.749679042898620  0.000011310884997  0.618989360262220  3.347795210209860  14.761112704387669 -154.890611333065294
        0.000000005838055  3.235388003812564  26.066524629251024  2.031530848653040  19.749679042898620  0.000011310884997  0.618989360262220  3.347795160323825  14.761112924345388 -154.890611333065294
        0.000037777381586  3.235388003812564  26.066524629251024  2.031530848653040  19.749679042898620  0.000011310884997  0.618989360262220  3.347795160323825  14.761112704387669 -154.890613641115266
        0.000026725185440  3.235198484723547  26.089869325194385  2.044861505742855  19.756654737098373  0.000010101476489  0.619012980980973  3.347818538092376  14.768018257136132 -154.890611286820814
        0.000000018803011  3.235198532931761  26.089869325194385  2.044861505742855  19.756654737098373  0.000010101476489  0.619012980980973  3.347818538092376  14.768018257136132 -154.890611286820814
        0.000000019335048  3.235198484723547  26.089869713963733  2.044861505742855  19.756654737098373  0.000010101476489  0.619012980980973  3.347818538092376  14.768018257136132 -154.890611286820814
        0.000000002159614  3.235198484723547  26.089869325194385  2.044861536213666  19.756654737098373  0.000010101476489  0.619012980980973  3.347818538092376  14.768018257136132 -154.890611286820814
        0.000000001282974  3.235198484723547  26.089869325194385  2.044861505742855  19.756655031495470  0.000010101476489  0.619012980980973  3.347818538092376  14.768018257136132 -154.890611286820814
        0.000000001210285  3.235198484723547  26.089869325194385  2.044861505742855  19.756654737098373  0.000010116377650  0.619012980980973  3.347818538092376  14.768018257136132 -154.890611286820814
        0.000000006189345  3.235198484723547  26.089869325194385  2.044861505742855  19.756654737098373  0.000010101476489  0.619012995882134  3.347818538092376  14.768018257136132 -154.890611286820814
        0.000000007806068  3.235198484723547  26.089869325194385  2.044861505742855  19.756654737098373  0.000010101476489  0.619012980980973  3.347818587978760  14.768018257136132 -154.890611286820814
        0.000000005836697  3.235198484723547  26.089869325194385  2.044861505742855  19.756654737098373  0.000010101476489  0.619012980980973  3.347818538092376  14.768018477196753 -154.890611286820814
        0.000037777380772  3.235198484723547  26.089869325194385  2.044861505742855  19.756654737098373  0.000010101476489  0.619012980980973  3.347818538092376  14.768018257136132 -154.890613594870786
2022-08-18 03:27:46.223270
