/projects/wagner/highthroughput/mick_graphene_paper/3_data/kc_fitting_dft
2022-08-18 05:36:08.550870
energy_inf: -154.87065645278034
     2535.672725874616845  3.416084000000000  20.021583000000000  10.905510700000001  4.275635400000000  0.010010836000000  0.844712200000000  2.936058400000000  14.313258800000000 -154.870656452780338
        0.000000018717218  3.416084050903618  20.021583000000000  10.905510700000001  4.275635400000000  0.010010836000000  0.844712200000000  2.936058400000000  14.313258800000000 -154.870656452780338
        0.000000019282189  3.416084000000000  20.021583298344837  10.905510700000001  4.275635400000000  0.010010836000000  0.844712200000000  2.936058400000000  14.313258800000000 -154.870656452780338
        0.000000002760085  3.416084000000000  20.021583000000000  10.905510862504773  4.275635400000000  0.010010836000000  0.844712200000000  2.936058400000000  14.313258800000000 -154.870656452780338
        0.000000000499340  3.416084000000000  20.021583000000000  10.905510700000001  4.275635463711932  0.010010836000000  0.844712200000000  2.936058400000000  14.313258800000000 -154.870656452780338
        0.000000000455390  3.416084000000000  20.021583000000000  10.905510700000001  4.275635400000000  0.010010850901161  0.844712200000000  2.936058400000000  14.313258800000000 -154.870656452780338
        0.000000007626080  3.416084000000000  20.021583000000000  10.905510700000001  4.275635400000000  0.010010836000000  0.844712214901161  2.936058400000000  14.313258800000000 -154.870656452780338
        0.000000008542471  3.416084000000000  20.021583000000000  10.905510700000001  4.275635400000000  0.010010836000000  0.844712200000000  2.936058443750679  14.313258800000000 -154.870656452780338
        0.000000009622645  3.416084000000000  20.021583000000000  10.905510700000001  4.275635400000000  0.010010836000000  0.844712200000000  2.936058400000000  14.313259013284176 -154.870656452780338
        0.000037770100898  3.416084000000000  20.021583000000000  10.905510700000001  4.275635400000000  0.010010836000000  0.844712200000000  2.936058400000000  14.313258800000000 -154.870658760532962
        0.314533486059857  3.391965260378746  0.702143184950678  0.890074558068147  6.823052537619783  28.857380386125019  0.220964385579439  2.935431772928183  14.291360437416754 -154.870599671600388
        0.219012548960885  3.366622779729163  17.128610313314319  9.107808067325541  5.398085026223287  8.326013620154702  0.705999521762594  2.896781446369546  14.269173988842370 -154.870579384624364
        0.000000016882930  3.366622829895751  17.128610313314319  9.107808067325541  5.398085026223287  8.326013620154702  0.705999521762594  2.896781446369546  14.269173988842370 -154.870579384624364
        0.000000016006058  3.366622779729163  17.128610568550503  9.107808067325541  5.398085026223287  8.326013620154702  0.705999521762594  2.896781446369546  14.269173988842370 -154.870579384624364
        0.000000001978372  3.366622779729163  17.128610313314319  9.107808203042458  5.398085026223287  8.326013620154702  0.705999521762594  2.896781446369546  14.269173988842370 -154.870579384624364
        0.000000000237001  3.366622779729163  17.128610313314319  9.107808067325541  5.398085106661021  8.326013620154702  0.705999521762594  2.896781446369546  14.269173988842370 -154.870579384624364
        0.000000001918716  3.366622779729163  17.128610313314319  9.107808067325541  5.398085026223287  8.326013744221973  0.705999521762594  2.896781446369546  14.269173988842370 -154.870579384624364
        0.000000003916567  3.366622779729163  17.128610313314319  9.107808067325541  5.398085026223287  8.326013620154702  0.705999536663755  2.896781446369546  14.269173988842370 -154.870579384624364
        0.000000009527627  3.366622779729163  17.128610313314319  9.107808067325541  5.398085026223287  8.326013620154702  0.705999521762594  2.896781489534954  14.269173988842370 -154.870579384624364
        0.000000006297783  3.366622779729163  17.128610313314319  9.107808067325541  5.398085026223287  8.326013620154702  0.705999521762594  2.896781446369546  14.269174201469632 -154.870579384624364
        0.000037770899239  3.366622779729163  17.128610313314319  9.107808067325541  5.398085026223287  8.326013620154702  0.705999521762594  2.896781446369546  14.269173988842370 -154.870581692375822
        0.032378778379505  3.353794472637091  24.109224200975920  16.270063922000265  0.477456519688160  0.014746769485294  1.008358038468906  2.897114194994862  14.262802562804495 -154.870409613432457
        0.025691336004920  3.358050845034426  19.426355776907499  9.817496530598097  5.966149859799372  5.881058938069817  0.769293531979366  2.919479419224565  14.263121909208301 -154.870364667975224
        0.000000017169315  3.358050895073283  19.426355776907499  9.817496530598097  5.966149859799372  5.881058938069817  0.769293531979366  2.919479419224565  14.263121909208301 -154.870364667975224
        0.000000016114926  3.358050845034426  19.426356066382759  9.817496530598097  5.966149859799372  5.881058938069817  0.769293531979366  2.919479419224565  14.263121909208301 -154.870364667975224
        0.000000002231324  3.358050845034426  19.426355776907499  9.817496676890196  5.966149859799372  5.881058938069817  0.769293531979366  2.919479419224565  14.263121909208301 -154.870364667975224
        0.000000000303237  3.358050845034426  19.426355776907499  9.817496530598097  5.966149948701933  5.881058938069817  0.769293531979366  2.919479419224565  14.263121909208301 -154.870364667975224
        0.000000000947952  3.358050845034426  19.426355776907499  9.817496530598097  5.966149859799372  5.881059025704424  0.769293531979366  2.919479419224565  14.263121909208301 -154.870364667975224
        0.000000005261688  3.358050845034426  19.426355776907499  9.817496530598097  5.966149859799372  5.881058938069817  0.769293546880527  2.919479419224565  14.263121909208301 -154.870364667975224
        0.000000009711613  3.358050845034426  19.426355776907499  9.817496530598097  5.966149859799372  5.881058938069817  0.769293531979366  2.919479462728198  14.263121909208301 -154.870364667975224
        0.000000006507695  3.358050845034426  19.426355776907499  9.817496530598097  5.966149859799372  5.881058938069817  0.769293531979366  2.919479419224565  14.263122121745381 -154.870364667975224
        0.000037770981585  3.358050845034426  19.426355776907499  9.817496530598097  5.966149859799372  5.881058938069817  0.769293531979366  2.919479419224565  14.263121909208301 -154.870366975723499
        0.003427081784555  3.360831054116379  19.373899130611253  9.966340507747288  5.962942744268433  5.869586050457948  0.765030431256420  2.912977689635774  14.381659914765939 -154.870161322529668
        0.000000017114360  3.360831104196664  19.373899130611253  9.966340507747288  5.962942744268433  5.869586050457948  0.765030431256420  2.912977689635774  14.381659914765939 -154.870161322529668
        0.000000016144012  3.360831054116379  19.373899419304848  9.966340507747288  5.962942744268433  5.869586050457948  0.765030431256420  2.912977689635774  14.381659914765939 -154.870161322529668
        0.000000002232316  3.360831054116379  19.373899130611253  9.966340656257335  5.962942744268433  5.869586050457948  0.765030431256420  2.912977689635774  14.381659914765939 -154.870161322529668
        0.000000000303828  3.360831054116379  19.373899130611253  9.966340507747288  5.962942833123203  5.869586050457948  0.765030431256420  2.912977689635774  14.381659914765939 -154.870161322529668
        0.000000000962231  3.360831054116379  19.373899130611253  9.966340507747288  5.962942744268433  5.869586137921596  0.765030431256420  2.912977689635774  14.381659914765939 -154.870161322529668
        0.000000005335661  3.360831054116379  19.373899130611253  9.966340507747288  5.962942744268433  5.869586050457948  0.765030446157581  2.912977689635774  14.381659914765939 -154.870161322529668
        0.000000009763408  3.360831054116379  19.373899130611253  9.966340507747288  5.962942744268433  5.869586050457948  0.765030431256420  2.912977733042524  14.381659914765939 -154.870161322529668
        0.000000006658775  3.360831054116379  19.373899130611253  9.966340507747288  5.962942744268433  5.869586050457948  0.765030431256420  2.912977689635774  14.381660129069370 -154.870161322529668
        0.000037770818671  3.360831054116379  19.373899130611253  9.966340507747288  5.962942744268433  5.869586050457948  0.765030431256420  2.912977689635774  14.381659914765939 -154.870163630274902
        0.001648293948547  3.373785423902910  20.947969058682858  11.295966174782027  6.067067524626887  3.071804897508489  0.823013693080763  2.875362564966645  14.348023863114475 -154.869890432527029
        0.001555702219941  3.372567536242108  19.484891667989828  10.019947417891176  6.338214857541444  5.095566415760082  0.775213524685376  2.887716893347423  14.383389017948756 -154.869888487307747
        0.000000017142940  3.372567586497280  19.484891667989828  10.019947417891176  6.338214857541444  5.095566415760082  0.775213524685376  2.887716893347423  14.383389017948756 -154.869888487307747
        0.000000016181611  3.372567536242108  19.484891958337339  10.019947417891176  6.338214857541444  5.095566415760082  0.775213524685376  2.887716893347423  14.383389017948756 -154.869888487307747
        0.000000002324447  3.372567536242108  19.484891667989828  10.019947567200028  6.338214857541444  5.095566415760082  0.775213524685376  2.887716893347423  14.383389017948756 -154.869888487307747
        0.000000000343046  3.372567536242108  19.484891667989828  10.019947417891176  6.338214951988205  5.095566415760082  0.775213524685376  2.887716893347423  14.383389017948756 -154.869888487307747
        0.000000000696421  3.372567536242108  19.484891667989828  10.019947417891176  6.338214857541444  5.095566491689938  0.775213524685376  2.887716893347423  14.383389017948756 -154.869888487307747
        0.000000005903503  3.372567536242108  19.484891667989828  10.019947417891176  6.338214857541444  5.095566415760082  0.775213539586537  2.887716893347423  14.383389017948756 -154.869888487307747
        0.000000009939734  3.372567536242108  19.484891667989828  10.019947417891176  6.338214857541444  5.095566415760082  0.775213524685376  2.887716936377758  14.383389017948756 -154.869888487307747
        0.000000007088915  3.372567536242108  19.484891667989828  10.019947417891176  6.338214857541444  5.095566415760082  0.775213524685376  2.887716893347423  14.383389232277954 -154.869888487307747
        0.000037770569341  3.372567536242108  19.484891667989828  10.019947417891176  6.338214857541444  5.095566415760082  0.775213524685376  2.887716893347423  14.383389017948756 -154.869890795048917
        0.000630077701790  3.374433265917212  20.376033315836761  10.831594959778780  6.325519802571671  3.843279914533519  0.800754769542505  2.876926538157041  14.366464011084053 -154.869864145851551
        0.000431389355990  3.374482299672378  19.672078847088574  10.206660266448585  6.376680934817632  4.752881109033614  0.781060375971569  2.882586150826064  14.367729780047743 -154.869862996030122
        0.000000017139305  3.374482349956083  19.672078847088574  10.206660266448585  6.376680934817632  4.752881109033614  0.781060375971569  2.882586150826064  14.367729780047743 -154.869862996030122
        0.000000016170910  3.374482299672378  19.672079140225392  10.206660266448585  6.376680934817632  4.752881109033614  0.781060375971569  2.882586150826064  14.367729780047743 -154.869862996030122
        0.000000002358436  3.374482299672378  19.672078847088574  10.206660418539675  6.376680934817632  4.752881109033614  0.781060375971569  2.882586150826064  14.367729780047743 -154.869862996030122
        0.000000000349147  3.374482299672378  19.672078847088574  10.206660266448585  6.376681029837582  4.752881109033614  0.781060375971569  2.882586150826064  14.367729780047743 -154.869862996030122
        0.000000000581319  3.374482299672378  19.672078847088574  10.206660266448585  6.376680934817632  4.752881179857062  0.781060375971569  2.882586150826064  14.367729780047743 -154.869862996030122
        0.000000006118623  3.374482299672378  19.672078847088574  10.206660266448585  6.376680934817632  4.752881109033614  0.781060390872730  2.882586150826064  14.367729780047743 -154.869862996030122
        0.000000009980050  3.374482299672378  19.672078847088574  10.206660266448585  6.376680934817632  4.752881109033614  0.781060375971569  2.882586193779944  14.367729780047743 -154.869862996030122
        0.000000007191051  3.374482299672378  19.672078847088574  10.206660266448585  6.376680934817632  4.752881109033614  0.781060375971569  2.882586150826064  14.367729994143600 -154.869862996030122
        0.000037770542919  3.374482299672378  19.672078847088574  10.206660266448585  6.376680934817632  4.752881109033614  0.781060375971569  2.882586150826064  14.367729780047743 -154.869865303770922
        0.000033376614374  3.373737548380727  19.819720966866257  10.325019631860526  6.380422528693420  4.630826746079415  0.783922340087620  2.881482575646706  14.389346314701717 -154.869861043990909
        0.000000017127757  3.373737598653334  19.819720966866257  10.325019631860526  6.380422528693420  4.630826746079415  0.783922340087620  2.881482575646706  14.389346314701717 -154.869861043990909
        0.000000016160392  3.373737548380727  19.819721262203114  10.325019631860526  6.380422528693420  4.630826746079415  0.783922340087620  2.881482575646706  14.389346314701717 -154.869861043990909
        0.000000002370839  3.373737548380727  19.819720966866257  10.325019785715307  6.380422528693420  4.630826746079415  0.783922340087620  2.881482575646706  14.389346314701717 -154.869861043990909
        0.000000000349268  3.373737548380727  19.819720966866257  10.325019631860526  6.380422623769125  4.630826746079415  0.783922340087620  2.881482575646706  14.389346314701717 -154.869861043990909
        0.000000000538050  3.373737548380727  19.819720966866257  10.325019631860526  6.380422528693420  4.630826815084111  0.783922340087620  2.881482575646706  14.389346314701717 -154.869861043990909
        0.000000006190485  3.373737548380727  19.819720966866257  10.325019631860526  6.380422528693420  4.630826746079415  0.783922354988781  2.881482575646706  14.389346314701717 -154.869861043990909
        0.000000010000652  3.373737548380727  19.819720966866257  10.325019631860526  6.380422528693420  4.630826746079415  0.783922340087620  2.881482618584142  14.389346314701717 -154.869861043990909
        0.000000007202197  3.373737548380727  19.819720966866257  10.325019631860526  6.380422528693420  4.630826746079415  0.783922340087620  2.881482575646706  14.389346529119686 -154.869861043990909
        0.000037770540873  3.373737548380727  19.819720966866257  10.325019631860526  6.380422528693420  4.630826746079415  0.783922340087620  2.881482575646706  14.389346314701717 -154.869863351731681
        0.000065014852354  3.371489417802597  20.146778622392677  10.566070689815483  6.413144066266027  4.404705091884316  0.789232245093291  2.879771777708716  14.447279891313126 -154.869860727439573
        0.000000017103447  3.371489468041704  20.146778622392677  10.566070689815483  6.413144066266027  4.404705091884316  0.789232245093291  2.879771777708716  14.447279891313126 -154.869860727439573
        0.000000016138944  3.371489417802597  20.146778922603072  10.566070689815483  6.413144066266027  4.404705091884316  0.789232245093291  2.879771777708716  14.447279891313126 -154.869860727439573
        0.000000002394515  3.371489417802597  20.146778622392677  10.566070847262205  6.413144066266027  4.404705091884316  0.789232245093291  2.879771777708716  14.447279891313126 -154.869860727439573
        0.000000000350452  3.371489417802597  20.146778622392677  10.566070689815483  6.413144161829321  4.404705091884316  0.789232245093291  2.879771777708716  14.447279891313126 -154.869860727439573
        0.000000000454870  3.371489417802597  20.146778622392677  10.566070689815483  6.413144066266027  4.404705157519537  0.789232245093291  2.879771777708716  14.447279891313126 -154.869860727439573
        0.000000006327463  3.371489417802597  20.146778622392677  10.566070689815483  6.413144066266027  4.404705091884316  0.789232259994452  2.879771777708716  14.447279891313126 -154.869860727439573
        0.000000010051096  3.371489417802597  20.146778622392677  10.566070689815483  6.413144066266027  4.404705091884316  0.789232245093291  2.879771820620659  14.447279891313126 -154.869860727439573
        0.000000007207042  3.371489417802597  20.146778622392677  10.566070689815483  6.413144066266027  4.404705091884316  0.789232245093291  2.879771777708716  14.447280106594373 -154.869860727439573
        0.000037770540713  3.371489417802597  20.146778622392677  10.566070689815483  6.413144066266027  4.404705091884316  0.789232245093291  2.879771777708716  14.447279891313126 -154.869863035180344
        0.000019993209261  3.370961377923245  20.223464903293547  10.621669930464995  6.421251826272211  4.353729790599038  0.790365071107569  2.879291395030815  14.462061027350233 -154.869860085048344
        0.000000017096388  3.370961428154484  20.223464903293547  10.621669930464995  6.421251826272211  4.353729790599038  0.790365071107569  2.879291395030815  14.462061027350233 -154.869860085048344
        0.000000016133744  3.370961377923245  20.223465204646658  10.621669930464995  6.421251826272211  4.353729790599038  0.790365071107569  2.879291395030815  14.462061027350233 -154.869860085048344
        0.000000002399940  3.370961377923245  20.223464903293547  10.621670088740210  6.421251826272211  4.353729790599038  0.790365071107569  2.879291395030815  14.462061027350233 -154.869860085048344
        0.000000000350796  3.370961377923245  20.223464903293547  10.621669930464995  6.421251921956320  4.353729790599038  0.790365071107569  2.879291395030815  14.462061027350233 -154.869860085048344
        0.000000000436524  3.370961377923245  20.223464903293547  10.621669930464995  6.421251826272211  4.353729855474668  0.790365071107569  2.879291395030815  14.462061027350233 -154.869860085048344
        0.000000006358860  3.370961377923245  20.223464903293547  10.621669930464995  6.421251826272211  4.353729790599038  0.790365086008730  2.879291395030815  14.462061027350233 -154.869860085048344
        0.000000010063302  3.370961377923245  20.223464903293547  10.621669930464995  6.421251826272211  4.353729790599038  0.790365071107569  2.879291437935600  14.462061027350233 -154.869860085048344
        0.000000007208525  3.370961377923245  20.223464903293547  10.621669930464995  6.421251826272211  4.353729790599038  0.790365071107569  2.879291395030815  14.462061242851735 -154.869860085048344
        0.000037770539553  3.370961377923245  20.223464903293547  10.621669930464995  6.421251826272211  4.353729790599038  0.790365071107569  2.879291395030815  14.462061027350233 -154.869862392789088
        0.000601841462914  3.360999174278450  21.581082865870130  11.597229698578262  6.592093049796826  3.472590957829314  0.810354540935428  2.872896640451619  14.717365548537211 -154.869860492710018
        0.000546850680571  3.371388225124265  20.430830277420043  10.805671161951857  6.418060679954318  4.048784651360323  0.796180945814204  2.877347721078300  14.451153109867322 -154.869859913262133
        0.000000017086394  3.371388275361864  20.430830277420043  10.805671161951857  6.418060679954318  4.048784651360323  0.796180945814204  2.877347721078300  14.451153109867322 -154.869859913262133
        0.000000016119371  3.371388225124265  20.430830581863137  10.805671161951857  6.418060679954318  4.048784651360323  0.796180945814204  2.877347721078300  14.451153109867322 -154.869859913262133
        0.000000002427935  3.371388225124265  20.430830277420043  10.805671322968905  6.418060679954318  4.048784651360323  0.796180945814204  2.877347721078300  14.451153109867322 -154.869859913262133
        0.000000000353480  3.371388225124265  20.430830277420043  10.805671161951857  6.418060775590875  4.048784651360323  0.796180945814204  2.877347721078300  14.451153109867322 -154.869859913262133
        0.000000000342223  3.371388225124265  20.430830277420043  10.805671161951857  6.418060679954318  4.048784711691916  0.796180945814204  2.877347721078300  14.451153109867322 -154.869859913262133
        0.000000006521471  3.371388225124265  20.430830277420043  10.805671161951857  6.418060679954318  4.048784651360323  0.796180960715365  2.877347721078300  14.451153109867322 -154.869859913262133
        0.000000010075087  3.371388225124265  20.430830277420043  10.805671161951857  6.418060679954318  4.048784651360323  0.796180945814204  2.877347763954122  14.451153109867322 -154.869859913262133
        0.000000007267313  3.371388225124265  20.430830277420043  10.805671161951857  6.418060679954318  4.048784651360323  0.796180945814204  2.877347721078300  14.451153325206285 -154.869859913262133
        0.000037770539470  3.371388225124265  20.430830277420043  10.805671161951857  6.418060679954318  4.048784651360323  0.796180945814204  2.877347721078300  14.451153109867322 -154.869862221002876
        0.000025289275635  3.370308598492538  20.564382255563594  10.900409771174997  6.433487986509041  3.971325004937647  0.797981082003879  2.876698319608612  14.479527586760456 -154.869859548630615
        0.000000017075089  3.370308648714050  20.564382255563594  10.900409771174997  6.433487986509041  3.971325004937647  0.797981082003879  2.876698319608612  14.479527586760456 -154.869859548630615
        0.000000016111085  3.370308598492538  20.564382561996769  10.900409771174997  6.433487986509041  3.971325004937647  0.797981082003879  2.876698319608612  14.479527586760456 -154.869859548630615
        0.000000002436299  3.370308598492538  20.564382255563594  10.900409933603761  6.433487986509041  3.971325004937647  0.797981082003879  2.876698319608612  14.479527586760456 -154.869859548630615
        0.000000000354122  3.370308598492538  20.564382255563594  10.900409771174997  6.433488082375483  3.971325004937647  0.797981082003879  2.876698319608612  14.479527586760456 -154.869859548630615
        0.000000000315891  3.370308598492538  20.564382255563594  10.900409771174997  6.433487986509041  3.971325064115002  0.797981082003879  2.876698319608612  14.479527586760456 -154.869859548630615
        0.000000006568764  3.370308598492538  20.564382255563594  10.900409771174997  6.433487986509041  3.971325004937647  0.797981096905040  2.876698319608612  14.479527586760456 -154.869859548630615
        0.000000010096636  3.370308598492538  20.564382255563594  10.900409771174997  6.433487986509041  3.971325004937647  0.797981082003879  2.876698362474758  14.479527586760456 -154.869859548630615
        0.000000007264303  3.370308598492538  20.564382255563594  10.900409771174997  6.433487986509041  3.971325004937647  0.797981082003879  2.876698319608612  14.479527802522231 -154.869859548630615
        0.000037770539131  3.370308598492538  20.564382255563594  10.900409771174997  6.433487986509041  3.971325004937647  0.797981082003879  2.876698319608612  14.479527586760456 -154.869861856371358
        0.000113968394483  3.365710029845712  21.123616602945336  11.288551102601316  6.520475184578174  3.652677957475550  0.805079229558739  2.874321715672216  14.597948773693943 -154.869859527107479
        0.000000017034052  3.365710079998700  21.123616602945336  11.288551102601316  6.520475184578174  3.652677957475550  0.805079229558739  2.874321715672216  14.597948773693943 -154.869859527107479
        0.000000016079974  3.365710029845712  21.123616917711754  11.288551102601316  6.520475184578174  3.652677957475550  0.805079229558739  2.874321715672216  14.597948773693943 -154.869859527107479
        0.000000002470523  3.365710029845712  21.123616602945336  11.288551270813835  6.520475184578174  3.652677957475550  0.805079229558739  2.874321715672216  14.597948773693943 -154.869859527107479
        0.000000000358100  3.365710029845712  21.123616602945336  11.288551102601316  6.520475281740826  3.652677957475550  0.805079229558739  2.874321715672216  14.597948773693943 -154.869859527107479
        0.000000000218962  3.365710029845712  21.123616602945336  11.288551102601316  6.520475184578174  3.652678011904693  0.805079229558739  2.874321715672216  14.597948773693943 -154.869859527107479
        0.000000006763414  3.365710029845712  21.123616602945336  11.288551102601316  6.520475184578174  3.652677957475550  0.805079244459900  2.874321715672216  14.597948773693943 -154.869859527107479
        0.000000010189996  3.365710029845712  21.123616602945336  11.288551102601316  6.520475184578174  3.652677957475550  0.805079229558739  2.874321758502947  14.597948773693943 -154.869859527107479
        0.000000007246302  3.365710029845712  21.123616602945336  11.288551102601316  6.520475184578174  3.652677957475550  0.805079229558739  2.874321715672216  14.597948991220331 -154.869859527107479
        0.000037770539541  3.365710029845712  21.123616602945336  11.288551102601316  6.520475184578174  3.652677957475550  0.805079229558739  2.874321715672216  14.597948773693943 -154.869861834848223
        0.000053961362168  3.365566023932635  21.151713430060802  11.308528754277337  6.523025628285248  3.633540460263987  0.805365402548553  2.874043422813991  14.603888914770874 -154.869858607967018
        0.000000017030417  3.365566074083477  21.151713430060802  11.308528754277337  6.523025628285248  3.633540460263987  0.805365402548553  2.874043422813991  14.603888914770874 -154.869858607967018
        0.000000016078689  3.365566023932635  21.151713745245893  11.308528754277337  6.523025628285248  3.633540460263987  0.805365402548553  2.874043422813991  14.603888914770874 -154.869858607967018
        0.000000002472692  3.365566023932635  21.151713430060802  11.308528922787547  6.523025628285248  3.633540460263987  0.805365402548553  2.874043422813991  14.603888914770874 -154.869858607967018
        0.000000000358339  3.365566023932635  21.151713430060802  11.308528754277337  6.523025725485905  3.633540460263987  0.805365402548553  2.874043422813991  14.603888914770874 -154.869858607967018
        0.000000000214629  3.365566023932635  21.151713430060802  11.308528754277337  6.523025628285248  3.633540514407959  0.805365402548553  2.874043422813991  14.603888914770874 -154.869858607967018
        0.000000006775749  3.365566023932635  21.151713430060802  11.308528754277337  6.523025628285248  3.633540460263987  0.805365417449714  2.874043422813991  14.603888914770874 -154.869858607967018
        0.000000010194538  3.365566023932635  21.151713430060802  11.308528754277337  6.523025628285248  3.633540460263987  0.805365402548553  2.874043465640576  14.603888914770874 -154.869858607967018
        0.000000007248898  3.365566023932635  21.151713430060802  11.308528754277337  6.523025628285248  3.633540460263987  0.805365402548553  2.874043422813991  14.603889132385776 -154.869858607967018
        0.000037770537760  3.365566023932635  21.151713430060802  11.308528754277337  6.523025628285248  3.633540460263987  0.805365402548553  2.874043422813991  14.603888914770874 -154.869860915707733
        0.000040281200334  3.365776757503868  21.227036133559295  11.373954504586493  6.526524177383968  3.517808647148072  0.807355676656877  2.873310255663936  14.598638566115328 -154.869858333704087
        0.000000017026955  3.365776807657850  21.227036133559295  11.373954504586493  6.526524177383968  3.517808647148072  0.807355676656877  2.873310255663936  14.598638566115328 -154.869858333704087
        0.000000016074154  3.365776757503868  21.227036449866784  11.373954504586493  6.526524177383968  3.517808647148072  0.807355676656877  2.873310255663936  14.598638566115328 -154.869858333704087
        0.000000002483303  3.365776757503868  21.227036133559295  11.373954674071623  6.526524177383968  3.517808647148072  0.807355676656877  2.873310255663936  14.598638566115328 -154.869858333704087
        0.000000000359944  3.365776757503868  21.227036133559295  11.373954504586493  6.526524274636757  3.517808647148072  0.807355676656877  2.873310255663936  14.598638566115328 -154.869858333704087
        0.000000000192563  3.365776757503868  21.227036133559295  11.373954504586493  6.526524177383968  3.517808699567506  0.807355676656877  2.873310255663936  14.598638566115328 -154.869858333704087
        0.000000006837108  3.365776757503868  21.227036133559295  11.373954504586493  6.526524177383968  3.517808647148072  0.807355691558038  2.873310255663936  14.598638566115328 -154.869858333704087
        0.000000010198669  3.365776757503868  21.227036133559295  11.373954504586493  6.526524177383968  3.517808647148072  0.807355676656877  2.873310298479596  14.598638566115328 -154.869858333704087
        0.000000007271831  3.365776757503868  21.227036133559295  11.373954504586493  6.526524177383968  3.517808647148072  0.807355676656877  2.873310255663936  14.598638783651994 -154.869858333704087
        0.000037770537616  3.365776757503868  21.227036133559295  11.373954504586493  6.526524177383968  3.517808647148072  0.807355676656877  2.873310255663936  14.598638566115328 -154.869860641444802
        0.000046302350837  3.366038009990177  21.384513527046202  11.508744856197245  6.533509799519522  3.290959982129415  0.811287546361925  2.871899308700425  14.591666400692024 -154.869858390012809
        0.000000017019294  3.366038060148052  21.384513527046202  11.508744856197245  6.533509799519522  3.290959982129415  0.811287546361925  2.871899308700425  14.591666400692024 -154.869858390012809
        0.000000016064848  3.366038009990177  21.384513845700287  11.508744856197245  6.533509799519522  3.290959982129415  0.811287546361925  2.871899308700425  14.591666400692024 -154.869858390012809
        0.000000002504202  3.366038009990177  21.384513527046202  11.508745027690907  6.533509799519522  3.290959982129415  0.811287546361925  2.871899308700425  14.591666400692024 -154.869858390012809
        0.000000000363086  3.366038009990177  21.384513527046202  11.508744856197245  6.533509896876405  3.290959982129415  0.811287546361925  2.871899308700425  14.591666400692024 -154.869858390012809
        0.000000000168948  3.366038009990177  21.384513527046202  11.508744856197245  6.533509799519522  3.290960031168540  0.811287546361925  2.871899308700425  14.591666400692024 -154.869858390012809
        0.000000006957182  3.366038009990177  21.384513527046202  11.508744856197245  6.533509799519522  3.290959982129415  0.811287561263087  2.871899308700425  14.591666400692024 -154.869858390012809
        0.000000010208049  3.366038009990177  21.384513527046202  11.508744856197245  6.533509799519522  3.290959982129415  0.811287546361925  2.871899351495059  14.591666400692024 -154.869858390012809
        0.000000007314119  3.366038009990177  21.384513527046202  11.508744856197245  6.533509799519522  3.290959982129415  0.811287546361925  2.871899308700425  14.591666618124798 -154.869858390012809
        0.000037770537713  3.366038009990177  21.384513527046202  11.508744856197245  6.533509799519522  3.290959982129415  0.811287546361925  2.871899308700425  14.591666400692024 -154.869860697753523
        0.000037863077213  3.364401404512732  21.593899575358872  11.653931517352243  6.567276622666187  3.166100278539721  0.813793342765470  2.870965065011813  14.634664908782943 -154.869858080138300
        0.000000017003907  3.364401454646219  21.593899575358872  11.653931517352243  6.567276622666187  3.166100278539721  0.813793342765470  2.870965065011813  14.634664908782943 -154.869858080138300
        0.000000016054456  3.364401404512732  21.593899897133049  11.653931517352243  6.567276622666187  3.166100278539721  0.813793342765470  2.870965065011813  14.634664908782943 -154.869858080138300
        0.000000002517283  3.364401404512732  21.593899575358872  11.653931691009355  6.567276622666187  3.166100278539721  0.813793342765470  2.870965065011813  14.634664908782943 -154.869858080138300
        0.000000000365109  3.364401404512732  21.593899575358872  11.653931517352243  6.567276720526234  3.166100278539721  0.813793342765470  2.870965065011813  14.634664908782943 -154.869858080138300
        0.000000000171027  3.364401404512732  21.593899575358872  11.653931517352243  6.567276622666187  3.166100325718292  0.813793342765470  2.870965065011813  14.634664908782943 -154.869858080138300
        0.000000007030805  3.364401404512732  21.593899575358872  11.653931517352243  6.567276622666187  3.166100278539721  0.813793357666631  2.870965065011813  14.634664908782943 -154.869858080138300
        0.000000010241729  3.364401404512732  21.593899575358872  11.653931517352243  6.567276622666187  3.166100278539721  0.813793342765470  2.870965107792526  14.634664908782943 -154.869858080138300
        0.000000007309506  3.364401404512732  21.593899575358872  11.653931517352243  6.567276622666187  3.166100278539721  0.813793342765470  2.870965065011813  14.634665126856444 -154.869858080138300
        0.000037770537499  3.364401404512732  21.593899575358872  11.653931517352243  6.567276622666187  3.166100278539721  0.813793342765470  2.870965065011813  14.634664908782943 -154.869860387879015
        0.000035875944164  3.363158198419356  21.773297260168103  11.779947623336330  6.596691253110407  3.045778962885886  0.816060719691435  2.870102924605972  14.667489573226387 -154.869857873855267
        0.000000016991410  3.363158248534319  21.773297260168103  11.779947623336330  6.596691253110407  3.045778962885886  0.816060719691435  2.870102924605972  14.667489573226387 -154.869857873855267
        0.000000016045916  3.363158198419356  21.773297584615516  11.779947623336330  6.596691253110407  3.045778962885886  0.816060719691435  2.870102924605972  14.667489573226387 -154.869857873855267
        0.000000002529558  3.363158198419356  21.773297260168103  11.779947798871229  6.596691253110407  3.045778962885886  0.816060719691435  2.870102924605972  14.667489573226387 -154.869857873855267
        0.000000000367149  3.363158198419356  21.773297260168103  11.779947623336330  6.596691351408767  3.045778962885886  0.816060719691435  2.870102924605972  14.667489573226387 -154.869857873855267
        0.000000000184748  3.363158198419356  21.773297260168103  11.779947623336330  6.596691253110407  3.045779008271530  0.816060719691435  2.870102924605972  14.667489573226387 -154.869857873855267
        0.000000007100376  3.363158198419356  21.773297260168103  11.779947623336330  6.596691253110407  3.045778962885886  0.816060734592596  2.870102924605972  14.667489573226387 -154.869857873855267
        0.000000010269260  3.363158198419356  21.773297260168103  11.779947623336330  6.596691253110407  3.045778962885886  0.816060719691435  2.870102967373838  14.667489573226387 -154.869857873855267
        0.000000007310173  3.363158198419356  21.773297260168103  11.779947623336330  6.596691253110407  3.045778962885886  0.816060719691435  2.870102924605972  14.667489791789013 -154.869857873855267
        0.000037770537315  3.363158198419356  21.773297260168103  11.779947623336330  6.596691253110407  3.045778962885886  0.816060719691435  2.870102924605972  14.667489573226387 -154.869860181595982
        0.000042387757964  3.361081084215520  22.022222238289263  11.948084148488562  6.644532654104183  2.910299101833766  0.818655188081883  2.869123473586142  14.722096324622196 -154.869857652132396
        0.000000016973682  3.361081134299531  22.022222238289263  11.948084148488562  6.644532654104183  2.910299101833766  0.818655188081883  2.869123473586142  14.722096324622196 -154.869857652132396
        0.000000016034854  3.361081084215520  22.022222566445947  11.948084148488562  6.644532654104183  2.910299101833766  0.818655188081883  2.869123473586142  14.722096324622196 -154.869857652132396
        0.000000002543782  3.361081084215520  22.022222238289263  11.948084326528889  6.644532654104183  2.910299101833766  0.818655188081883  2.869123473586142  14.722096324622196 -154.869857652132396
        0.000000000369619  3.361081084215520  22.022222238289263  11.948084148488562  6.644532753115436  2.910299101833766  0.818655188081883  2.869123473586142  14.722096324622196 -154.869857652132396
        0.000000000212013  3.361081084215520  22.022222238289263  11.948084148488562  6.644532654104183  2.910299145200602  0.818655188081883  2.869123473586142  14.722096324622196 -154.869857652132396
        0.000000007181092  3.361081084215520  22.022222238289263  11.948084148488562  6.644532654104183  2.910299101833766  0.818655202983044  2.869123473586142  14.722096324622196 -154.869857652132396
        0.000000010311343  3.361081084215520  22.022222238289263  11.948084148488562  6.644532654104183  2.910299101833766  0.818655188081883  2.869123516339413  14.722096324622196 -154.869857652132396
        0.000000007299833  3.361081084215520  22.022222238289263  11.948084148488562  6.644532654104183  2.910299101833766  0.818655188081883  2.869123473586142  14.722096543998527 -154.869857652132396
        0.000037770537229  3.361081084215520  22.022222238289263  11.948084148488562  6.644532654104183  2.910299101833766  0.818655188081883  2.869123473586142  14.722096324622196 -154.869859959873111
        0.000030357512086  3.360384495693958  22.148636256986610  12.039040020145716  6.665729331768519  2.810657691316658  0.820366738275141  2.868424029305130  14.740922509592298 -154.869857402191201
        0.000000016965471  3.360384545767589  22.148636256986610  12.039040020145716  6.665729331768519  2.810657691316658  0.820366738275141  2.868424029305130  14.740922509592298 -154.869857402191201
        0.000000016029245  3.360384495693958  22.148636587027010  12.039040020145716  6.665729331768519  2.810657691316658  0.820366738275141  2.868424029305130  14.740922509592298 -154.869857402191201
        0.000000002553606  3.360384495693958  22.148636256986610  12.039040199541391  6.665729331768519  2.810657691316658  0.820366738275141  2.868424029305130  14.740922509592298 -154.869857402191201
        0.000000000371416  3.360384495693958  22.148636256986610  12.039040020145716  6.665729431095627  2.810657691316658  0.820366738275141  2.868424029305130  14.740922509592298 -154.869857402191201
        0.000000000235799  3.360384495693958  22.148636256986610  12.039040020145716  6.665729331768519  2.810657733198721  0.820366738275141  2.868424029305130  14.740922509592298 -154.869857402191201
        0.000000007237230  3.360384495693958  22.148636256986610  12.039040020145716  6.665729331768519  2.810657691316658  0.820366753176302  2.868424029305130  14.740922509592298 -154.869857402191201
        0.000000010329263  3.360384495693958  22.148636256986610  12.039040020145716  6.665729331768519  2.810657691316658  0.820366738275141  2.868424072047978  14.740922509592298 -154.869857402191201
        0.000000007305649  3.360384495693958  22.148636256986610  12.039040020145716  6.665729331768519  2.810657691316658  0.820366738275141  2.868424029305130  14.740922729249160 -154.869857402191201
        0.000037770536918  3.360384495693958  22.148636256986610  12.039040020145716  6.665729331768519  2.810657691316658  0.820366738275141  2.868424029305130  14.740922509592298 -154.869859709931916
        0.000071396424292  3.357070628440471  22.574377335266991  12.329131665395202  6.749589570335761  2.559034518096675  0.824882196926001  2.866703077353841  14.828112925691453 -154.869857266362771
        0.000000016937066  3.357070678464722  22.574377335266991  12.329131665395202  6.749589570335761  2.559034518096675  0.824882196926001  2.866703077353841  14.828112925691453 -154.869857266362771
        0.000000016011754  3.357070628440471  22.574377671651426  12.329131665395202  6.749589570335761  2.559034518096675  0.824882196926001  2.866703077353841  14.828112925691453 -154.869857266362771
        0.000000002579160  3.357070628440471  22.574377335266991  12.329131849113582  6.749589570335761  2.559034518096675  0.824882196926001  2.866703077353841  14.828112925691453 -154.869857266362771
        0.000000000376292  3.357070628440471  22.574377335266991  12.329131665395202  6.749589670912483  2.559034518096675  0.824882196926001  2.866703077353841  14.828112925691453 -154.869857266362771
        0.000000000309574  3.357070628440471  22.574377335266991  12.329131665395202  6.749589570335761  2.559034556229261  0.824882196926001  2.866703077353841  14.828112925691453 -154.869857266362771
        0.000000007382094  3.357070628440471  22.574377335266991  12.329131665395202  6.749589570335761  2.559034518096675  0.824882211827162  2.866703077353841  14.828112925691453 -154.869857266362771
        0.000000010398388  3.357070628440471  22.574377335266991  12.329131665395202  6.749589570335761  2.559034518096675  0.824882196926001  2.866703120071046  14.828112925691453 -154.869857266362771
        0.000000007293762  3.357070628440471  22.574377335266991  12.329131665395202  6.749589570335761  2.559034518096675  0.824882196926001  2.866703077353841  14.828113146647555 -154.869857266362771
        0.000037770537116  3.357070628440471  22.574377335266991  12.329131665395202  6.749589570335761  2.559034518096675  0.824882196926001  2.866703077353841  14.828112925691453 -154.869859574103486
        0.000019234293523  3.356672435842266  22.626604034132065  12.363941545618594  6.761878606740195  2.530498401357018  0.825298950898706  2.866406210326486  14.840061996002003 -154.869856645617034
        0.000000016932799  3.356672485860583  22.626604034132065  12.363941545618594  6.761878606740195  2.530498401357018  0.825298950898706  2.866406210326486  14.840061996002003 -154.869856645617034
        0.000000016009999  3.356672435842266  22.626604371294739  12.363941545618594  6.761878606740195  2.530498401357018  0.825298950898706  2.866406210326486  14.840061996002003 -154.869856645617034
        0.000000002582212  3.356672435842266  22.626604034132065  12.363941729855680  6.761878606740195  2.530498401357018  0.825298950898706  2.866406210326486  14.840061996002003 -154.869856645617034
        0.000000000376888  3.356672435842266  22.626604034132065  12.363941545618594  6.761878707500038  2.530498401357018  0.825298950898706  2.866406210326486  14.840061996002003 -154.869856645617034
        0.000000000318811  3.356672435842266  22.626604034132065  12.363941545618594  6.761878606740195  2.530498439064382  0.825298950898706  2.866406210326486  14.840061996002003 -154.869856645617034
        0.000000007400099  3.356672435842266  22.626604034132065  12.363941545618594  6.761878606740195  2.530498401357018  0.825298965799867  2.866406210326486  14.840061996002003 -154.869856645617034
        0.000000010408074  3.356672435842266  22.626604034132065  12.363941545618594  6.761878606740195  2.530498401357018  0.825298950898706  2.866406253039267  14.840061996002003 -154.869856645617034
        0.000000007292960  3.356672435842266  22.626604034132065  12.363941545618594  6.761878606740195  2.530498401357018  0.825298950898706  2.866406210326486  14.840062217136159 -154.869856645617034
        0.000037770535821  3.356672435842266  22.626604034132065  12.363941545618594  6.761878606740195  2.530498401357018  0.825298950898706  2.866406210326486  14.840061996002003 -154.869858953357721
        0.000070761172366  3.356786241984701  22.921850996263569  12.606896685766596  6.786290924498601  2.137270252410830  0.831534610888633  2.864048024145243  14.836538993266483 -154.869856761929498
        0.000000016919596  3.356786292004714  22.921850996263569  12.606896685766596  6.786290924498601  2.137270252410830  0.831534610888633  2.864048024145243  14.836538993266483 -154.869856761929498
        0.000000015997496  3.356786241984701  22.921851337825764  12.606896685766596  6.786290924498601  2.137270252410830  0.831534610888633  2.864048024145243  14.836538993266483 -154.869856761929498
        0.000000002618461  3.356786241984701  22.921850996263569  12.606896873623995  6.786290924498601  2.137270252410830  0.831534610888633  2.864048024145243  14.836538993266483 -154.869856761929498
        0.000000000384318  3.356786241984701  22.921850996263569  12.606896685766596  6.786291025622217  2.137270252410830  0.831534610888633  2.864048024145243  14.836538993266483 -154.869856761929498
        0.000000000437132  3.356786241984701  22.921850996263569  12.606896685766596  6.786290924498601  2.137270284258638  0.831534610888633  2.864048024145243  14.836538993266483 -154.869856761929498
        0.000000007603156  3.356786241984701  22.921850996263569  12.606896685766596  6.786290924498601  2.137270252410830  0.831534625789794  2.864048024145243  14.836538993266483 -154.869856761929498
        0.000000010427384  3.356786241984701  22.921850996263569  12.606896685766596  6.786290924498601  2.137270252410830  0.831534610888633  2.864048066822884  14.836538993266483 -154.869856761929498
        0.000000007358976  3.356786241984701  22.921850996263569  12.606896685766596  6.786290924498601  2.137270252410830  0.831534610888633  2.864048024145243  14.836539214348143 -154.869856761929498
        0.000037770536116  3.356786241984701  22.921850996263569  12.606896685766596  6.786290924498601  2.137270252410830  0.831534610888633  2.864048024145243  14.836538993266483 -154.869859069670184
        0.000021487576422  3.356589822535314  22.959243695122741  12.632486481251403  6.799621461840853  2.108509436299020  0.831835049419843  2.863740950003872  14.842929525565795 -154.869856044333744
        0.000000016915838  3.356589872552400  22.959243695122741  12.632486481251403  6.799621461840853  2.108509436299020  0.831835049419843  2.863740950003872  14.842929525565795 -154.869856044333744
        0.000000015995857  3.356589822535314  22.959244037242133  12.632486481251403  6.799621461840853  2.108509436299020  0.831835049419843  2.863740950003872  14.842929525565795 -154.869856044333744
        0.000000002621248  3.356589822535314  22.959243695122741  12.632486669490120  6.799621461840853  2.108509436299020  0.831835049419843  2.863740950003872  14.842929525565795 -154.869856044333744
        0.000000000384919  3.356589822535314  22.959243695122741  12.632486481251403  6.799621563163108  2.108509436299020  0.831835049419843  2.863740950003872  14.842929525565795 -154.869856044333744
        0.000000000447443  3.356589822535314  22.959243695122741  12.632486481251403  6.799621461840853  2.108509467718259  0.831835049419843  2.863740950003872  14.842929525565795 -154.869856044333744
        0.000000007621456  3.356589822535314  22.959243695122741  12.632486481251403  6.799621461840853  2.108509436299020  0.831835064321005  2.863740950003872  14.842929525565795 -154.869856044333744
        0.000000010434714  3.356589822535314  22.959243695122741  12.632486481251403  6.799621461840853  2.108509436299020  0.831835049419843  2.863740992676937  14.842929525565795 -154.869856044333744
        0.000000007361317  3.356589822535314  22.959243695122741  12.632486481251403  6.799621461840853  2.108509436299020  0.831835049419843  2.863740950003872  14.842929746742680 -154.869856044333744
        0.000037770535395  3.356589822535314  22.959243695122741  12.632486481251403  6.799621461840853  2.108509436299020  0.831835049419843  2.863740950003872  14.842929525565795 -154.869858352074431
        0.000189397175284  3.354371581626738  23.654038866194433  13.158162355948795  6.902677459739682  1.409671645530296  0.842681082746620  2.859529626960983  14.900339122114485 -154.869856451630824
        0.000148487783937  3.356589152902128  23.098877959238191  12.746349742665085  6.811577675874033  1.927354605300283  0.834655599793437  2.862664593136322  14.842673134259083 -154.869856075810901
        0.000000016909306  3.356589202919204  23.098877959238191  12.746349742665085  6.811577675874033  1.927354605300283  0.834655599793437  2.862664593136322  14.842673134259083 -154.869856075810901
        0.000000015990369  3.356589152902128  23.098878303438294  12.746349742665085  6.811577675874033  1.927354605300283  0.834655599793437  2.862664593136322  14.842673134259083 -154.869856075810901
        0.000000002638018  3.356589152902128  23.098877959238191  12.746349932600497  6.811577675874033  1.927354605300283  0.834655599793437  2.862664593136322  14.842673134259083 -154.869856075810901
        0.000000000388545  3.356589152902128  23.098877959238191  12.746349742665085  6.811577777374450  1.927354605300283  0.834655599793437  2.862664593136322  14.842673134259083 -154.869856075810901
        0.000000000504534  3.356589152902128  23.098877959238191  12.746349742665085  6.811577675874033  1.927354634020104  0.834655599793437  2.862664593136322  14.842673134259083 -154.869856075810901
        0.000000007714817  3.356589152902128  23.098877959238191  12.746349742665085  6.811577675874033  1.927354605300283  0.834655614694598  2.862664593136322  14.842673134259083 -154.869856075810901
        0.000000010443977  3.356589152902128  23.098877959238191  12.746349742665085  6.811577675874033  1.927354605300283  0.834655599793437  2.862664635793348  14.842673134259083 -154.869856075810901
        0.000000007390894  3.356589152902128  23.098877959238191  12.746349742665085  6.811577675874033  1.927354605300283  0.834655599793437  2.862664593136322  14.842673355432149 -154.869856075810901
        0.000037770535590  3.356589152902128  23.098877959238191  12.746349742665085  6.811577675874033  1.927354605300283  0.834655599793437  2.862664593136322  14.842673134259083 -154.869858383551588
        0.000036702675402  3.355852039533388  23.247506852502049  12.852810778062196  6.844641768514758  1.802971379250299  0.836454107241932  2.861828960648962  14.862610303013644 -154.869855822149617
        0.000000016900262  3.355852089539480  23.247506852502049  12.852810778062196  6.844641768514758  1.802971379250299  0.836454107241932  2.861828960648962  14.862610303013644 -154.869855822149617
        0.000000015985059  3.355852039533388  23.247507198916896  12.852810778062196  6.844641768514758  1.802971379250299  0.836454107241932  2.861828960648962  14.862610303013644 -154.869855822149617
        0.000000002649899  3.355852039533388  23.247506852502049  12.852810969584000  6.844641768514758  1.802971379250299  0.836454107241932  2.861828960648962  14.862610303013644 -154.869855822149617
        0.000000000391190  3.355852039533388  23.247506852502049  12.852810778062196  6.844641870507868  1.802971379250299  0.836454107241932  2.861828960648962  14.862610303013644 -154.869855822149617
        0.000000000546810  3.355852039533388  23.247506852502049  12.852810778062196  6.844641768514758  1.802971406116666  0.836454107241932  2.861828960648962  14.862610303013644 -154.869855822149617
        0.000000007783873  3.355852039533388  23.247506852502049  12.852810778062196  6.844641768514758  1.802971379250299  0.836454122143093  2.861828960648962  14.862610303013644 -154.869855822149617
        0.000000010465185  3.355852039533388  23.247506852502049  12.852810778062196  6.844641768514758  1.802971379250299  0.836454107241932  2.861829003293536  14.862610303013644 -154.869855822149617
        0.000000007399461  3.355852039533388  23.247506852502049  12.852810778062196  6.844641768514758  1.802971379250299  0.836454107241932  2.861828960648962  14.862610524483797 -154.869855822149617
        0.000037770535364  3.355852039533388  23.247506852502049  12.852810778062196  6.844641768514758  1.802971379250299  0.836454107241932  2.861828960648962  14.862610303013644 -154.869858129890304
        0.000037131142759  3.354956872144821  23.393579185996039  12.955140990085901  6.876234592889363  1.696071059600240  0.838036841570871  2.861130084825010  14.886603975346539 -154.869855636003820
        0.000000016891334  3.354956922137574  23.393579185996039  12.955140990085901  6.876234592889363  1.696071059600240  0.838036841570871  2.861130084825010  14.886603975346539 -154.869855636003820
        0.000000015980309  3.354956872144821  23.393579534587534  12.955140990085901  6.876234592889363  1.696071059600240  0.838036841570871  2.861130084825010  14.886603975346539 -154.869855636003820
        0.000000002660159  3.354956872144821  23.393579185996039  12.955141183132545  6.876234592889363  1.696071059600240  0.838036841570871  2.861130084825010  14.886603975346539 -154.869855636003820
        0.000000000393474  3.354956872144821  23.393579185996039  12.955140990085901  6.876234695353243  1.696071059600240  0.838036841570871  2.861130084825010  14.886603975346539 -154.869855636003820
        0.000000000583380  3.354956872144821  23.393579185996039  12.955140990085901  6.876234592889363  1.696071084873668  0.838036841570871  2.861130084825010  14.886603975346539 -154.869855636003820
        0.000000007842976  3.354956872144821  23.393579185996039  12.955140990085901  6.876234592889363  1.696071059600240  0.838036856472032  2.861130084825010  14.886603975346539 -154.869855636003820
        0.000000010486990  3.354956872144821  23.393579185996039  12.955140990085901  6.876234592889363  1.696071059600240  0.838036841570871  2.861130127459171  14.886603975346539 -154.869855636003820
        0.000000007402360  3.354956872144821  23.393579185996039  12.955140990085901  6.876234592889363  1.696071059600240  0.838036841570871  2.861130084825010  14.886604197174224 -154.869855636003820
        0.000037770535262  3.354956872144821  23.393579185996039  12.955140990085901  6.876234592889363  1.696071059600240  0.838036841570871  2.861130084825010  14.886603975346539 -154.869857943744506
        0.000036963783430  3.355586936544159  23.487696803416409  13.041376006428829  6.884174730245422  1.517005619538169  0.840547179120573  2.860053495703202  14.869911197336531 -154.869855492457901
        0.000000016888072  3.355586986546301  23.487696803416409  13.041376006428829  6.884174730245422  1.517005619538169  0.840547179120573  2.860053495703202  14.869911197336531 -154.869855492457901
        0.000000015976573  3.355586936544159  23.487697153410366  13.041376006428829  6.884174730245422  1.517005619538169  0.840547179120573  2.860053495703202  14.869911197336531 -154.869855492457901
        0.000000002676450  3.355586936544159  23.487696803416409  13.041376200760475  6.884174730245422  1.517005619538169  0.840547179120573  2.860053495703202  14.869911197336531 -154.869855492457901
        0.000000000397208  3.355586936544159  23.487696803416409  13.041376006428829  6.884174832827619  1.517005619538169  0.840547179120573  2.860053495703202  14.869911197336531 -154.869855492457901
        0.000000000641329  3.355586936544159  23.487696803416409  13.041376006428829  6.884174730245422  1.517005642143314  0.840547179120573  2.860053495703202  14.869911197336531 -154.869855492457901
        0.000000007935765  3.355586936544159  23.487696803416409  13.041376006428829  6.884174730245422  1.517005619538169  0.840547194021734  2.860053495703202  14.869911197336531 -154.869855492457901
        0.000000010487923  3.355586936544159  23.487696803416409  13.041376006428829  6.884174730245422  1.517005619538169  0.840547179120573  2.860053538321320  14.869911197336531 -154.869855492457901
        0.000000007442191  3.355586936544159  23.487696803416409  13.041376006428829  6.884174730245422  1.517005619538169  0.840547179120573  2.860053495703202  14.869911418915475 -154.869855492457901
        0.000037770535199  3.355586936544159  23.487696803416409  13.041376006428829  6.884174730245422  1.517005619538169  0.840547179120573  2.860053495703202  14.869911197336531 -154.869857800198588
        0.000049538142639  3.353120495167472  23.793383278353367  13.246539248703895  6.950525782425393  1.347007484363705  0.843171473489388  2.858912555928496  14.935861677963681 -154.869855177329697
        0.000000016868447  3.353120545132861  23.793383278353367  13.246539248703895  6.950525782425393  1.347007484363705  0.843171473489388  2.858912555928496  14.935861677963681 -154.869855177329697
        0.000000015967461  3.353120495167472  23.793383632902408  13.246539248703895  6.950525782425393  1.347007484363705  0.843171473489388  2.858912555928496  14.935861677963681 -154.869855177329697
        0.000000002693121  3.353120495167472  23.793383278353367  13.246539446092712  6.950525782425393  1.347007484363705  0.843171473489388  2.858912555928496  14.935861677963681 -154.869855177329697
        0.000000000401143  3.353120495167472  23.793383278353367  13.246539248703895  6.950525885996298  1.347007484363705  0.843171473489388  2.858912555928496  14.935861677963681 -154.869855177329697
        0.000000000700431  3.353120495167472  23.793383278353367  13.246539248703895  6.950525782425393  1.347007504435681  0.843171473489388  2.858912555928496  14.935861677963681 -154.869855177329697
        0.000000008029247  3.353120495167472  23.793383278353367  13.246539248703895  6.950525782425393  1.347007484363705  0.843171488390550  2.858912555928496  14.935861677963681 -154.869855177329697
        0.000000010537853  3.353120495167472  23.793383278353367  13.246539248703895  6.950525782425393  1.347007484363705  0.843171473489388  2.858912598529613  14.935861677963681 -154.869855177329697
        0.000000007428991  3.353120495167472  23.793383278353367  13.246539248703895  6.950525782425393  1.347007484363705  0.843171473489388  2.858912555928496  14.935861900525364 -154.869855177329697
        0.000037770535112  3.353120495167472  23.793383278353367  13.246539248703895  6.950525782425393  1.347007484363705  0.843171473489388  2.858912555928496  14.935861677963681 -154.869857485070384
        0.000024424647876  3.353615604499621  23.798062204251597  13.258553123994854  6.945704404314696  1.296800852246284  0.843839322802461  2.858578298252668  14.923256526898248 -154.869854898322728
        0.000000016868958  3.353615654472387  23.798062204251597  13.258553123994854  6.945704404314696  1.296800852246284  0.843839322802461  2.858578298252668  14.923256526898248 -154.869854898322728
        0.000000015967232  3.353615604499621  23.798062558870356  13.258553123994854  6.945704404314696  1.296800852246284  0.843839322802461  2.858578298252668  14.923256526898248 -154.869854898322728
        0.000000002697650  3.353615604499621  23.798062204251597  13.258553321562692  6.945704404314696  1.296800852246284  0.843839322802461  2.858578298252668  14.923256526898248 -154.869854898322728
        0.000000000402247  3.353615604499621  23.798062204251597  13.258553123994854  6.945704507813757  1.296800852246284  0.843839322802461  2.858578298252668  14.923256526898248 -154.869854898322728
        0.000000000716307  3.353615604499621  23.798062204251597  13.258553123994854  6.945704404314696  1.296800871570123  0.843839322802461  2.858578298252668  14.923256526898248 -154.869854898322728
        0.000000008054810  3.353615604499621  23.798062204251597  13.258553123994854  6.945704404314696  1.296800852246284  0.843839337703623  2.858578298252668  14.923256526898248 -154.869854898322728
        0.000000010533130  3.353615604499621  23.798062204251597  13.258553123994854  6.945704404314696  1.296800852246284  0.843839322802461  2.858578340848803  14.923256526898248 -154.869854898322728
        0.000000007445813  3.353615604499621  23.798062204251597  13.258553123994854  6.945704404314696  1.296800852246284  0.843839322802461  2.858578298252668  14.923256749272099 -154.869854898322728
        0.000037770534270  3.353615604499621  23.798062204251597  13.258553123994854  6.945704404314696  1.296800852246284  0.843839322802461  2.858578298252668  14.923256526898248 -154.869857206063386
        0.000033024624224  3.356636732293761  23.809700678662374  13.316198620564078  6.935384488104844  1.004564805509437  0.847434608906831  2.856935163041553  14.842034863164331 -154.869854949672145
        0.000000016873843  3.356636782311546  23.809700678662374  13.316198620564078  6.935384488104844  1.004564805509437  0.847434608906831  2.856935163041553  14.842034863164331 -154.869854949672145
        0.000000015964935  3.356636732293761  23.809701033454562  13.316198620564078  6.935384488104844  1.004564805509437  0.847434608906831  2.856935163041553  14.842034863164331 -154.869854949672145
        0.000000002723469  3.356636732293761  23.809700678662374  13.316198818990900  6.935384488104844  1.004564805509437  0.847434608906831  2.856935163041553  14.842034863164331 -154.869854949672145
        0.000000000408257  3.356636732293761  23.809700678662374  13.316198620564078  6.935384591450126  1.004564805509437  0.847434608906831  2.856935163041553  14.842034863164331 -154.869854949672145
        0.000000000812686  3.356636732293761  23.809700678662374  13.316198620564078  6.935384488104844  1.004564820478620  0.847434608906831  2.856935163041553  14.842034863164331 -154.869854949672145
        0.000000008207090  3.356636732293761  23.809700678662374  13.316198620564078  6.935384488104844  1.004564805509437  0.847434623807993  2.856935163041553  14.842034863164331 -154.869854949672145
        0.000000010505234  3.356636732293761  23.809700678662374  13.316198620564078  6.935384488104844  1.004564805509437  0.847434608906831  2.856935205613204  14.842034863164331 -154.869854949672145
        0.000000007544094  3.356636732293761  23.809700678662374  13.316198620564078  6.935384488104844  1.004564805509437  0.847434608906831  2.856935163041553  14.842035084327884 -154.869854949672145
        0.000037770535218  3.356636732293761  23.809700678662374  13.316198620564078  6.935384488104844  1.004564805509437  0.847434608906831  2.856935163041553  14.842034863164331 -154.869857257412832
        0.000032499057574  3.361700959820972  23.851969246351370  13.434306488585539  6.899101271510115  0.493460464013206  0.854230290329622  2.853735378804488  14.709260353299991 -154.869853958646530
        0.000000016879549  3.361701009914219  23.851969246351370  13.434306488585539  6.899101271510115  0.493460464013206  0.854230290329622  2.853735378804488  14.709260353299991 -154.869853958646530
        0.000000015959956  3.361700959820972  23.851969601773408  13.434306488585539  6.899101271510115  0.493460464013206  0.854230290329622  2.853735378804488  14.709260353299991 -154.869853958646530
        0.000000002770415  3.361700959820972  23.851969246351370  13.434306688772306  6.899101271510115  0.493460464013206  0.854230290329622  2.853735378804488  14.709260353299991 -154.869853958646530
        0.000000000420091  3.361700959820972  23.851969246351370  13.434306488585539  6.899101374314735  0.493460464013206  0.854230290329622  2.853735378804488  14.709260353299991 -154.869853958646530
        0.000000000829282  3.361700959820972  23.851969246351370  13.434306488585539  6.899101271510115  0.493460478914367  0.854230290329622  2.853735378804488  14.709260353299991 -154.869853958646530
        0.000000008318592  3.361700959820972  23.851969246351370  13.434306488585539  6.899101271510115  0.493460464013206  0.854230305230783  2.853735378804488  14.709260353299991 -154.869853958646530
        0.000000010456128  3.361700959820972  23.851969246351370  13.434306488585539  6.899101271510115  0.493460464013206  0.854230290329622  2.853735421328459  14.709260353299991 -154.869853958646530
        0.000000007714584  3.361700959820972  23.851969246351370  13.434306488585539  6.899101271510115  0.493460464013206  0.854230290329622  2.853735378804488  14.709260572485050 -154.869853958646530
        0.000037770534232  3.361700959820972  23.851969246351370  13.434306488585539  6.899101271510115  0.493460464013206  0.854230290329622  2.853735378804488  14.709260353299991 -154.869856266387188
        0.000070128149959  3.364540343502210  24.040757203565899  13.632660288516581  6.900910752678602  0.000253525094028  0.860951018237319  2.850559043848278  14.636253907351445 -154.869852877062982
        0.000000016876445  3.364540393637768  24.040757203565899  13.632660288516581  6.900910752678602  0.000253525094028  0.860951018237319  2.850559043848278  14.636253907351445 -154.869852877062982
        0.000000015953180  3.364540343502210  24.040757561801097  13.632660288516581  6.900910752678602  0.000253525094028  0.860951018237319  2.850559043848278  14.636253907351445 -154.869852877062982
        0.000000002817732  3.364540343502210  24.040757203565899  13.632660491659049  6.900910752678602  0.000253525094028  0.860951018237319  2.850559043848278  14.636253907351445 -154.869852877062982
        0.000000000432933  3.364540343502210  24.040757203565899  13.632660288516581  6.900910855510185  0.000253525094028  0.860951018237319  2.850559043848278  14.636253907351445 -154.869852877062982
        0.000000000845298  3.364540343502210  24.040757203565899  13.632660288516581  6.900910752678602  0.000253539995189  0.860951018237319  2.850559043848278  14.636253907351445 -154.869852877062982
        0.000000008427908  3.364540343502210  24.040757203565899  13.632660288516581  6.900910752678602  0.000253525094028  0.860951033138480  2.850559043848278  14.636253907351445 -154.869852877062982
        0.000000010441365  3.364540343502210  24.040757203565899  13.632660288516581  6.900910752678602  0.000253525094028  0.860951018237319  2.850559086324918  14.636253907351445 -154.869852877062982
        0.000000007845943  3.364540343502210  24.040757203565899  13.632660288516581  6.900910752678602  0.000253525094028  0.860951018237319  2.850559043848278  14.636254125448625 -154.869852877062982
        0.000037770532966  3.364540343502210  24.040757203565899  13.632660288516581  6.900910752678602  0.000253525094028  0.860951018237319  2.850559043848278  14.636253907351445 -154.869855184803612
        0.000028521831153  3.365017101449270  24.010031734698224  13.615288929826411  6.894658941701189  0.000240746595971  0.860869660344815  2.850513841487515  14.624409019651646 -154.869852863169285
        0.000000016879023  3.365017151591933  24.010031734698224  13.615288929826411  6.894658941701189  0.000240746595971  0.860869660344815  2.850513841487515  14.624409019651646 -154.869852863169285
        0.000000015954180  3.365017101449270  24.010032092475576  13.615288929826411  6.894658941701189  0.000240746595971  0.860869660344815  2.850513841487515  14.624409019651646 -154.869852863169285
        0.000000002817779  3.365017101449270  24.010031734698224  13.615289132710027  6.894658941701189  0.000240746595971  0.860869660344815  2.850513841487515  14.624409019651646 -154.869852863169285
        0.000000000432900  3.365017101449270  24.010031734698224  13.615288929826411  6.894659044439613  0.000240746595971  0.860869660344815  2.850513841487515  14.624409019651646 -154.869852863169285
        0.000000000845304  3.365017101449270  24.010031734698224  13.615288929826411  6.894658941701189  0.000240761497133  0.860869660344815  2.850513841487515  14.624409019651646 -154.869852863169285
        0.000000008429235  3.365017101449270  24.010031734698224  13.615288929826411  6.894658941701189  0.000240746595971  0.860869675245976  2.850513841487515  14.624409019651646 -154.869852863169285
        0.000000010435385  3.365017101449270  24.010031734698224  13.615288929826411  6.894658941701189  0.000240746595971  0.860869660344815  2.850513883963481  14.624409019651646 -154.869852863169285
        0.000000007854615  3.365017101449270  24.010031734698224  13.615288929826411  6.894658941701189  0.000240746595971  0.860869660344815  2.850513841487515  14.624409237572321 -154.869852863169285
        0.000037770532623  3.365017101449270  24.010031734698224  13.615288929826411  6.894658941701189  0.000240746595971  0.860869660344815  2.850513841487515  14.624409019651646 -154.869855170909915
        0.000110549023059  3.378340957030312  23.097932929398187  13.099006978199117  6.618558202499381  0.000011055385784  0.861150998606966  2.850508006956613  14.277081117045437 -154.869852783922113
        0.000115677693406  3.368339035093293  23.782409291593442  13.487153010458101  6.815270204199735  0.000011916807381  0.861147610201720  2.850512496641707  14.537850221896118 -154.869852833116369
        0.000007754646452  3.365831158294012  23.953995001874851  13.584427969919570  6.864807765181738  0.000074569223675  0.861141656691318  2.850514234989137  14.603231994753251 -154.869852847281351
        0.000000725250456  3.365200088272883  23.997131731053258  13.608805246331896  6.878161412362578  0.000165632714250  0.861121508860680  2.850516218986530  14.619670480984613 -154.869852858339044
        0.000000973742358  3.365040429750619  24.008097936724340  13.614709513866449  6.885571862384301  0.000225596546376  0.861036555049717  2.850521773394753  14.623767176812136 -154.869852894473041
        0.000001343198432  3.365017500792872  24.009789249136006  13.615253026086187  6.892057177530799  0.000238505117355  0.860917825538742  2.850527999867368  14.624282497510908 -154.869852937914004
        0.000000016879118  3.365017550935540  24.009789249136006  13.615253026086187  6.892057177530799  0.000238505117355  0.860917825538742  2.850527999867368  14.624282497510908 -154.869852937914004
        0.000000015954202  3.365017500792872  24.009789606909745  13.615253026086187  6.892057177530799  0.000238505117355  0.860917825538742  2.850527999867368  14.624282497510908 -154.869852937914004
        0.000000002817866  3.365017500792872  24.009789249136006  13.615253228969266  6.892057177530799  0.000238505117355  0.860917825538742  2.850527999867368  14.624282497510908 -154.869852937914004
        0.000000000432973  3.365017500792872  24.009789249136006  13.615253026086187  6.892057280230454  0.000238505117355  0.860917825538742  2.850527999867368  14.624282497510908 -154.869852937914004
        0.000000000844910  3.365017500792872  24.009789249136006  13.615253026086187  6.892057177530799  0.000238520018516  0.860917825538742  2.850527999867368  14.624282497510908 -154.869852937914004
        0.000000008428410  3.365017500792872  24.009789249136006  13.615253026086187  6.892057177530799  0.000238505117355  0.860917840439903  2.850527999867368  14.624282497510908 -154.869852937914004
        0.000000010434596  3.365017500792872  24.009789249136006  13.615253026086187  6.892057177530799  0.000238505117355  0.860917825538742  2.850528042343545  14.624282497510908 -154.869852937914004
        0.000000007854548  3.365017500792872  24.009789249136006  13.615253026086187  6.892057177530799  0.000238505117355  0.860917825538742  2.850527999867368  14.624282715429699 -154.869852937914004
        0.000037770532666  3.365017500792872  24.009789249136006  13.615253026086187  6.892057177530799  0.000238505117355  0.860917825538742  2.850527999867368  14.624282497510908 -154.869855245654634
2022-08-18 08:39:53.048004
