/projects/wagner/highthroughput/mick_graphene_paper/3_data/kc_fitting_dft
2022-08-18 12:38:06.160243
energy_inf: -154.87065645278034
     2535.672725874616845  3.416084000000000  20.021583000000000  10.905510700000001  4.275635400000000  0.010010836000000  0.844712200000000  2.936058400000000  14.313258800000000 -154.870656452780338
        0.000000018717218  3.416084050903618  20.021583000000000  10.905510700000001  4.275635400000000  0.010010836000000  0.844712200000000  2.936058400000000  14.313258800000000 -154.870656452780338
        0.000000019282189  3.416084000000000  20.021583298344837  10.905510700000001  4.275635400000000  0.010010836000000  0.844712200000000  2.936058400000000  14.313258800000000 -154.870656452780338
        0.000000002760085  3.416084000000000  20.021583000000000  10.905510862504773  4.275635400000000  0.010010836000000  0.844712200000000  2.936058400000000  14.313258800000000 -154.870656452780338
        0.000000000499340  3.416084000000000  20.021583000000000  10.905510700000001  4.275635463711932  0.010010836000000  0.844712200000000  2.936058400000000  14.313258800000000 -154.870656452780338
        0.000000000455390  3.416084000000000  20.021583000000000  10.905510700000001  4.275635400000000  0.010010850901161  0.844712200000000  2.936058400000000  14.313258800000000 -154.870656452780338
        0.000000007626080  3.416084000000000  20.021583000000000  10.905510700000001  4.275635400000000  0.010010836000000  0.844712214901161  2.936058400000000  14.313258800000000 -154.870656452780338
        0.000000008542471  3.416084000000000  20.021583000000000  10.905510700000001  4.275635400000000  0.010010836000000  0.844712200000000  2.936058443750679  14.313258800000000 -154.870656452780338
        0.000000009622645  3.416084000000000  20.021583000000000  10.905510700000001  4.275635400000000  0.010010836000000  0.844712200000000  2.936058400000000  14.313259013284176 -154.870656452780338
        0.000037770100898  3.416084000000000  20.021583000000000  10.905510700000001  4.275635400000000  0.010010836000000  0.844712200000000  2.936058400000000  14.313258800000000 -154.870658760532962
        0.289966920108083  3.383875133325243  2.190094225919736  0.054527553500000  7.519731808787507  27.606881496530189  0.235366388488793  2.935687556917587  14.287452808984144 -154.870580638309349
        0.196247109764155  3.365707985453700  17.458719036448471  9.299438946925061  5.757686548252319  8.019115895519933  0.701728416552934  2.896564337904219  14.273540646125452 -154.870574973796522
        0.000000016797992  3.365708035606657  17.458719036448471  9.299438946925061  5.757686548252319  8.019115895519933  0.701728416552934  2.896564337904219  14.273540646125452 -154.870574973796522
        0.000000015952248  3.365707985453700  17.458719296603658  9.299438946925061  5.757686548252319  8.019115895519933  0.701728416552934  2.896564337904219  14.273540646125452 -154.870574973796522
        0.000000002010472  3.365707985453700  17.458719036448471  9.299439085497500  5.757686548252319  8.019115895519933  0.701728416552934  2.896564337904219  14.273540646125452 -154.870574973796522
        0.000000000247704  3.365707985453700  17.458719036448471  9.299438946925061  5.757686634048534  8.019115895519933  0.701728416552934  2.896564337904219  14.273540646125452 -154.870574973796522
        0.000000001784001  3.365707985453700  17.458719036448471  9.299438946925061  5.757686548252319  8.019116015014072  0.701728416552934  2.896564337904219  14.273540646125452 -154.870574973796522
        0.000000004191130  3.365707985453700  17.458719036448471  9.299438946925061  5.757686548252319  8.019115895519933  0.701728431454095  2.896564337904219  14.273540646125452 -154.870574973796522
        0.000000009621730  3.365707985453700  17.458719036448471  9.299438946925061  5.757686548252319  8.019115895519933  0.701728416552934  2.896564381066391  14.273540646125452 -154.870574973796522
        0.000000006355006  3.365707985453700  17.458719036448471  9.299438946925061  5.757686548252319  8.019115895519933  0.701728416552934  2.896564337904219  14.273540858817782 -154.870574973796522
        0.000037770909705  3.365707985453700  17.458719036448471  9.299438946925061  5.757686548252319  8.019115895519933  0.701728416552934  2.896564337904219  14.273540646125452 -154.870577281547924
        0.026801961433982  3.355029480065214  23.517283589559888  15.493496620999444  1.655023081231836  0.833423146619879  0.956663229399868  2.898784036470356  14.270769280117712 -154.870353209551070
        0.019070714649643  3.359239920988109  19.453869700407822  9.643781657365757  6.339288704810165  5.889751603512297  0.760214258413653  2.916328788706912  14.270543907434226 -154.870330463970191
        0.000000017152172  3.359239971044684  19.453869700407822  9.643781657365757  6.339288704810165  5.889751603512297  0.760214258413653  2.916328788706912  14.270543907434226 -154.870330463970191
        0.000000016116743  3.359239920988109  19.453869990293068  9.643781657365757  6.339288704810165  5.889751603512297  0.760214258413653  2.916328788706912  14.270543907434226 -154.870330463970191
        0.000000002244060  3.359239920988109  19.453869700407822  9.643781801069302  6.339288704810165  5.889751603512297  0.760214258413653  2.916328788706912  14.270543907434226 -154.870330463970191
        0.000000000324410  3.359239920988109  19.453869700407822  9.643781657365757  6.339288799272928  5.889751603512297  0.760214258413653  2.916328788706912  14.270543907434226 -154.870330463970191
        0.000000000921049  3.359239920988109  19.453869700407822  9.643781657365757  6.339288704810165  5.889751691276435  0.760214258413653  2.916328788706912  14.270543907434226 -154.870330463970191
        0.000000005367059  3.359239920988109  19.453869700407822  9.643781657365757  6.339288704810165  5.889751603512297  0.760214273314815  2.916328788706912  14.270543907434226 -154.870330463970191
        0.000000009801885  3.359239920988109  19.453869700407822  9.643781657365757  6.339288704810165  5.889751603512297  0.760214258413653  2.916328832163597  14.270543907434226 -154.870330463970191
        0.000000006551446  3.359239920988109  19.453869700407822  9.643781657365757  6.339288704810165  5.889751603512297  0.760214258413653  2.916328788706912  14.270544120081901 -154.870330463970191
        0.000037770950742  3.359239920988109  19.453869700407822  9.643781657365757  6.339288704810165  5.889751603512297  0.760214258413653  2.916328788706912  14.270543907434226 -154.870332771717955
        0.002842684364963  3.364613417920162  19.371519655291799  9.786915987270358  6.357005455620339  5.884471086407961  0.758369217160212  2.898421160670257  14.456222648827870 -154.870021833855333
        0.000000017116502  3.364613468056809  19.371519655291799  9.786915987270358  6.357005455620339  5.884471086407961  0.758369217160212  2.898421160670257  14.456222648827870 -154.870021833855333
        0.000000016165095  3.364613417920162  19.371519943949934  9.786915987270358  6.357005455620339  5.884471086407961  0.758369217160212  2.898421160670257  14.456222648827870 -154.870021833855333
        0.000000002257903  3.364613417920162  19.371519655291799  9.786916133106772  6.357005455620339  5.884471086407961  0.758369217160212  2.898421160670257  14.456222648827870 -154.870021833855333
        0.000000000328739  3.364613417920162  19.371519655291799  9.786915987270358  6.357005550347102  5.884471086407961  0.758369217160212  2.898421160670257  14.456222648827870 -154.870021833855333
        0.000000000942179  3.364613417920162  19.371519655291799  9.786915987270358  6.357005455620339  5.884471174093413  0.758369217160212  2.898421160670257  14.456222648827870 -154.870021833855333
        0.000000005487300  3.364613417920162  19.371519655291799  9.786915987270358  6.357005455620339  5.884471086407961  0.758369232061373  2.898421160670257  14.456222648827870 -154.870021833855333
        0.000000009929967  3.364613417920162  19.371519655291799  9.786915987270358  6.357005455620339  5.884471086407961  0.758369217160212  2.898421203860098  14.456222648827870 -154.870021833855333
        0.000000006786382  3.364613417920162  19.371519655291799  9.786915987270358  6.357005455620339  5.884471086407961  0.758369217160212  2.898421160670257  14.456222864242374 -154.870021833855333
        0.000037770681601  3.364613417920162  19.371519655291799  9.786915987270358  6.357005455620339  5.884471086407961  0.758369217160212  2.898421160670257  14.456222648827870 -154.870024141598492
        0.005109722042607  3.375910928307607  22.319351097009488  12.501112135268709  6.068905999823046  1.440311616796223  0.857942980925396  2.850155938260252  14.441124418596756 -154.869786751863870
        0.004924616206575  3.376332141862504  19.887258859982175  10.222765186862890  6.598178265422991  4.569648708845086  0.782364419592829  2.869661455944317  14.437288916251211 -154.869783217713859
        0.000000017113242  3.376332192173773  19.887258859982175  10.222765186862890  6.598178265422991  4.569648708845086  0.782364419592829  2.869661455944317  14.437288916251211 -154.869783217713859
        0.000000016156527  3.376332141862504  19.887259156325424  10.222765186862890  6.598178265422991  4.569648708845086  0.782364419592829  2.869661455944317  14.437288916251211 -154.869783217713859
        0.000000002399753  3.376332141862504  19.887258859982175  10.222765339193963  6.598178265422991  4.569648708845086  0.782364419592829  2.869661455944317  14.437288916251211 -154.869783217713859
        0.000000000368340  3.376332141862504  19.887258859982175  10.222765186862890  6.598178363743509  4.569648708845086  0.782364419592829  2.869661455944317  14.437288916251211 -154.869783217713859
        0.000000000500145  3.376332141862504  19.887258859982175  10.222765186862890  6.598178265422991  4.569648776938157  0.782364419592829  2.869661455944317  14.437288916251211 -154.869783217713859
        0.000000006326750  3.376332141862504  19.887258859982175  10.222765186862890  6.598178265422991  4.569648708845086  0.782364434493990  2.869661455944317  14.437288916251211 -154.869783217713859
        0.000000010110667  3.376332141862504  19.887258859982175  10.222765186862890  6.598178265422991  4.569648708845086  0.782364419592829  2.869661498705605  14.437288916251211 -154.869783217713859
        0.000000007302188  3.376332141862504  19.887258859982175  10.222765186862890  6.598178265422991  4.569648708845086  0.782364419592829  2.869661455944317  14.437289131383579 -154.869783217713859
        0.000037770451641  3.376332141862504  19.887258859982175  10.222765186862890  6.598178265422991  4.569648708845086  0.782364419592829  2.869661455944317  14.437288916251211 -154.869785525453466
        0.000166478987669  3.376893334029418  19.928218265811772  10.295919568808356  6.622792830916706  4.535846976440018  0.782121069775922  2.866478574683181  14.454827446650290 -154.869760449667041
        0.000000017107265  3.376893384349050  19.928218265811772  10.295919568808356  6.622792830916706  4.535846976440018  0.782121069775922  2.866478574683181  14.454827446650290 -154.869760449667041
        0.000000016155988  3.376893334029418  19.928218562765366  10.295919568808356  6.622792830916706  4.535846976440018  0.782121069775922  2.866478574683181  14.454827446650290 -154.869760449667041
        0.000000002405161  3.376893334029418  19.928218265811772  10.295919722229513  6.622792830916706  4.535846976440018  0.782121069775922  2.866478574683181  14.454827446650290 -154.869760449667041
        0.000000000369924  3.376893334029418  19.928218265811772  10.295919568808356  6.622792929604009  4.535846976440018  0.782121069775922  2.866478574683181  14.454827446650290 -154.869760449667041
        0.000000000488760  3.376893334029418  19.928218265811772  10.295919568808356  6.622792830916706  4.535847044029405  0.782121069775922  2.866478574683181  14.454827446650290 -154.869760449667041
        0.000000006381052  3.376893334029418  19.928218265811772  10.295919568808356  6.622792830916706  4.535846976440018  0.782121084677083  2.866478574683181  14.454827446650290 -154.869760449667041
        0.000000010148316  3.376893334029418  19.928218265811772  10.295919568808356  6.622792830916706  4.535846976440018  0.782121069775922  2.866478617397040  14.454827446650290 -154.869760449667041
        0.000000007332772  3.376893334029418  19.928218265811772  10.295919568808356  6.622792830916706  4.535846976440018  0.782121069775922  2.866478574683181  14.454827662044003 -154.869760449667041
        0.000037770426408  3.376893334029418  19.928218265811772  10.295919568808356  6.622792830916706  4.535846976440018  0.782121069775922  2.866478574683181  14.454827446650290 -154.869762757406306
        0.000256476318323  3.398805540792790  20.563870418902443  11.310510023976420  6.227277628413496  1.822870618689203  0.829893886672320  2.850985809703555  13.887592169300099 -154.869762070782656
        0.000000017099846  3.398805591438939  20.563870418902443  11.310510023976420  6.227277628413496  1.822870618689203  0.829893886672320  2.850985809703555  13.887592169300099 -154.869762070782656
        0.000000016076708  3.398805540792790  20.563870725327991  11.310510023976420  6.227277628413496  1.822870618689203  0.829893886672320  2.850985809703555  13.887592169300099 -154.869762070782656
        0.000000002643733  3.398805540792790  20.563870418902443  11.310510192516153  6.227277628413496  1.822870618689203  0.829893886672320  2.850985809703555  13.887592169300099 -154.869762070782656
        0.000000000390217  3.398805540792790  20.563870418902443  11.310510023976420  6.227277721207164  1.822870618689203  0.829893886672320  2.850985809703555  13.887592169300099 -154.869762070782656
        0.000000000494404  3.398805540792790  20.563870418902443  11.310510023976420  6.227277628413496  1.822870645852091  0.829893886672320  2.850985809703555  13.887592169300099 -154.869762070782656
        0.000000007784994  3.398805540792790  20.563870418902443  11.310510023976420  6.227277628413496  1.822870618689203  0.829893901573482  2.850985809703555  13.887592169300099 -154.869762070782656
        0.000000009919925  3.398805540792790  20.563870418902443  11.310510023976420  6.227277628413496  1.822870618689203  0.829893886672320  2.850985852186554  13.887592169300099 -154.869762070782656
        0.000000008160492  3.398805540792790  20.563870418902443  11.310510023976420  6.227277628413496  1.822870618689203  0.829893886672320  2.850985809703555  13.887592376241349 -154.869762070782656
        0.000037770437759  3.398805540792790  20.563870418902443  11.310510023976420  6.227277628413496  1.822870618689203  0.829893886672320  2.850985809703555  13.887592169300099 -154.869764378521950
        0.000293507486122  3.400936725468978  20.938642618884518  11.576536479546427  6.389269433605460  1.254251285011479  0.836872526290104  2.845279261207672  13.855917449884632 -154.869756660321514
        0.000000017103437  3.400936776146884  20.938642618884518  11.576536479546427  6.389269433605460  1.254251285011479  0.836872526290104  2.845279261207672  13.855917449884632 -154.869756660321514
        0.000000016067865  3.400936725468978  20.938642930894606  11.576536479546427  6.389269433605460  1.254251285011479  0.836872526290104  2.845279261207672  13.855917449884632 -154.869756660321514
        0.000000002710688  3.400936725468978  20.938642618884518  11.576536652050263  6.389269433605460  1.254251285011479  0.836872526290104  2.845279261207672  13.855917449884632 -154.869756660321514
        0.000000000402368  3.400936725468978  20.938642618884518  11.576536479546427  6.389269528812993  1.254251285011479  0.836872526290104  2.845279261207672  13.855917449884632 -154.869756660321514
        0.000000000724842  3.400936725468978  20.938642618884518  11.576536479546427  6.389269433605460  1.254251303701280  0.836872526290104  2.845279261207672  13.855917449884632 -154.869756660321514
        0.000000008177584  3.400936725468978  20.938642618884518  11.576536479546427  6.389269433605460  1.254251285011479  0.836872541191265  2.845279261207672  13.855917449884632 -154.869756660321514
        0.000000009984779  3.400936725468978  20.938642618884518  11.576536479546427  6.389269433605460  1.254251285011479  0.836872526290104  2.845279303605637  13.855917449884632 -154.869756660321514
        0.000000008313812  3.400936725468978  20.938642618884518  11.576536479546427  6.389269433605460  1.254251285011479  0.836872526290104  2.845279261207672  13.855917656353892 -154.869756660321514
        0.000037770423226  3.400936725468978  20.938642618884518  11.576536479546427  6.389269433605460  1.254251285011479  0.836872526290104  2.845279261207672  13.855917449884632 -154.869758968060722
        0.000031250425117  3.401056179849244  20.937647925063352  11.580269511927096  6.392294652124884  1.244395511038507  0.836773129538405  2.845359051232834  13.851685224571009 -154.869757473206448
        0.000000017102497  3.401056230528931  20.937647925063352  11.580269511927096  6.392294652124884  1.244395511038507  0.836773129538405  2.845359051232834  13.851685224571009 -154.869757473206448
        0.000000016067766  3.401056179849244  20.937648237058617  11.580269511927096  6.392294652124884  1.244395511038507  0.836773129538405  2.845359051232834  13.851685224571009 -154.869757473206448
        0.000000002711113  3.401056179849244  20.937647925063352  11.580269684486558  6.392294652124884  1.244395511038507  0.836773129538405  2.845359051232834  13.851685224571009 -154.869757473206448
        0.000000000402684  3.401056179849244  20.937647925063352  11.580269511927096  6.392294747377497  1.244395511038507  0.836773129538405  2.845359051232834  13.851685224571009 -154.869757473206448
        0.000000000728825  3.401056179849244  20.937647925063352  11.580269511927096  6.392294652124884  1.244395529581446  0.836773129538405  2.845359051232834  13.851685224571009 -154.869757473206448
        0.000000008185437  3.401056179849244  20.937647925063352  11.580269511927096  6.392294652124884  1.244395511038507  0.836773144439566  2.845359051232834  13.851685224571009 -154.869757473206448
        0.000000009984485  3.401056179849244  20.937647925063352  11.580269511927096  6.392294652124884  1.244395511038507  0.836773129538405  2.845359093631988  13.851685224571009 -154.869757473206448
        0.000000008317629  3.401056179849244  20.937647925063352  11.580269511927096  6.392294652124884  1.244395511038507  0.836773129538405  2.845359051232834  13.851685430977202 -154.869757473206448
        0.000037770424071  3.401056179849244  20.937647925063352  11.580269511927096  6.392294652124884  1.244395511038507  0.836773129538405  2.845359051232834  13.851685224571009 -154.869759780945657
2022-08-18 13:20:45.855837
