/projects/wagner/highthroughput/mick_graphene_paper/3_data/kc_fitting_dft
2022-08-17 23:30:42.457569
energy_inf: -154.89183204249554
     2536.019385218373827  3.416084000000000  20.021583000000000  10.905510700000001  4.275635400000000  0.010010836000000  0.844712200000000  2.936058400000000  14.313258800000000 -154.891832042495537
        0.000000018717218  3.416084050903618  20.021583000000000  10.905510700000001  4.275635400000000  0.010010836000000  0.844712200000000  2.936058400000000  14.313258800000000 -154.891832042495537
        0.000000019282189  3.416084000000000  20.021583298344837  10.905510700000001  4.275635400000000  0.010010836000000  0.844712200000000  2.936058400000000  14.313258800000000 -154.891832042495537
        0.000000002760085  3.416084000000000  20.021583000000000  10.905510862504773  4.275635400000000  0.010010836000000  0.844712200000000  2.936058400000000  14.313258800000000 -154.891832042495537
        0.000000000499340  3.416084000000000  20.021583000000000  10.905510700000001  4.275635463711932  0.010010836000000  0.844712200000000  2.936058400000000  14.313258800000000 -154.891832042495537
        0.000000000455390  3.416084000000000  20.021583000000000  10.905510700000001  4.275635400000000  0.010010850901161  0.844712200000000  2.936058400000000  14.313258800000000 -154.891832042495537
        0.000000007626080  3.416084000000000  20.021583000000000  10.905510700000001  4.275635400000000  0.010010836000000  0.844712214901161  2.936058400000000  14.313258800000000 -154.891832042495537
        0.000000008542471  3.416084000000000  20.021583000000000  10.905510700000001  4.275635400000000  0.010010836000000  0.844712200000000  2.936058443750679  14.313258800000000 -154.891832042495537
        0.000000009622645  3.416084000000000  20.021583000000000  10.905510700000001  4.275635400000000  0.010010836000000  0.844712200000000  2.936058400000000  14.313259013284176 -154.891832042495537
        0.000037775266475  3.416084000000000  20.021583000000000  10.905510700000001  4.275635400000000  0.010010836000000  0.844712200000000  2.936058400000000  14.313258800000000 -154.891834350563698
        0.201633986195011  3.325819403367587  4.346634063995438  1.083116270470013  8.695027516168004  23.715740563980361  0.170779502221000  2.938365689022680  14.192810287590147 -154.891608614663227
        0.163009833763921  3.309991166331597  17.699078302130328  9.153830893305457  6.897963868693432  6.517466851755685  0.585159771381190  2.906000865430257  14.172721320538532 -154.891599609820133
        0.000000016477124  3.309991215654309  17.699078302130328  9.153830893305457  6.897963868693432  6.517466851755685  0.585159771381190  2.906000865430257  14.172721320538532 -154.891599609820133
        0.000000016969098  3.309991166331597  17.699078565867147  9.153830893305457  6.897963868693432  6.517466851755685  0.585159771381190  2.906000865430257  14.172721320538532 -154.891599609820133
        0.000000001750830  3.309991166331597  17.699078302130328  9.153831029708167  6.897963868693432  6.517466851755685  0.585159771381190  2.906000865430257  14.172721320538532 -154.891599609820133
        0.000000000189299  3.309991166331597  17.699078302130328  9.153830893305457  6.897963971481103  6.517466851755685  0.585159771381190  2.906000865430257  14.172721320538532 -154.891599609820133
        0.000000001246340  3.309991166331597  17.699078302130328  9.153830893305457  6.897963868693432  6.517466948873509  0.585159771381190  2.906000865430257  14.172721320538532 -154.891599609820133
        0.000000003716746  3.309991166331597  17.699078302130328  9.153830893305457  6.897963868693432  6.517466851755685  0.585159786282351  2.906000865430257  14.172721320538532 -154.891599609820133
        0.000000007724510  3.309991166331597  17.699078302130328  9.153830893305457  6.897963868693432  6.517466851755685  0.585159771381190  2.906000908733044  14.172721320538532 -154.891599609820133
        0.000000005748672  3.309991166331597  17.699078302130328  9.153830893305457  6.897963868693432  6.517466851755685  0.585159771381190  2.906000865430257  14.172721531728536 -154.891599609820133
        0.000037776914011  3.309991166331597  17.699078302130328  9.153830893305457  6.897963868693432  6.517466851755685  0.585159771381190  2.906000865430257  14.172721320538532 -154.891601917884827
        0.009323271326041  3.285374060708930  17.865652463710777  9.833023703883862  7.182643975907615  6.317948645646188  0.579763543871437  3.011367285944482  14.670515810675894 -154.890546719732157
        0.000000017912517  3.285374109664819  17.865652463710777  9.833023703883862  7.182643975907615  6.317948645646188  0.579763543871437  3.011367285944482  14.670515810675894 -154.890546719732157
        0.000000018486108  3.285374060708930  17.865652729929746  9.833023703883862  7.182643975907615  6.317948645646188  0.579763543871437  3.011367285944482  14.670515810675894 -154.890546719732157
        0.000000001643498  3.285374060708930  17.865652463710777  9.833023850407333  7.182643975907615  6.317948645646188  0.579763543871437  3.011367285944482  14.670515810675894 -154.890546719732157
        0.000000000166880  3.285374060708930  17.865652463710777  9.833023703883862  7.182644082937350  6.317948645646188  0.579763543871437  3.011367285944482  14.670515810675894 -154.890546719732157
        0.000000001056743  3.285374060708930  17.865652463710777  9.833023703883862  7.182643975907615  6.317948739790959  0.579763543871437  3.011367285944482  14.670515810675894 -154.890546719732157
        0.000000003601519  3.285374060708930  17.865652463710777  9.833023703883862  7.182643975907615  6.317948645646188  0.579763558772598  3.011367285944482  14.670515810675894 -154.890546719732157
        0.000000007302343  3.285374060708930  17.865652463710777  9.833023703883862  7.182643975907615  6.317948645646188  0.579763543871437  3.011367330817352  14.670515810675894 -154.890546719732157
        0.000000005696307  3.285374060708930  17.865652463710777  9.833023703883862  7.182643975907615  6.317948645646188  0.579763543871437  3.011367285944482  14.670516029283615 -154.890546719732157
        0.000037776736168  3.285374060708930  17.865652463710777  9.833023703883862  7.182643975907615  6.317948645646188  0.579763543871437  3.011367285944482  14.670515810675894 -154.890549027781162
        0.004565368360487  3.282600806846683  18.931919833403668  10.311000183452711  7.712942560456863  5.919798798406712  0.590151910631011  3.117356766282057  15.106154903518480 -154.889565334126587
        0.000000018866336  3.282600855761247  18.931919833403668  10.311000183452711  7.712942560456863  5.919798798406712  0.590151910631011  3.117356766282057  15.106154903518480 -154.889565334126587
        0.000000019408553  3.282600806846683  18.931920115511257  10.311000183452711  7.712942560456863  5.919798798406712  0.590151910631011  3.117356766282057  15.106154903518480 -154.889565334126587
        0.000000001726145  3.282600806846683  18.931919833403668  10.311000337098587  7.712942560456863  5.919798798406712  0.590151910631011  3.117356766282057  15.106154903518480 -154.889565334126587
        0.000000000184590  3.282600806846683  18.931919833403668  10.311000183452711  7.712942675388663  5.919798798406712  0.590151910631011  3.117356766282057  15.106154903518480 -154.889565334126587
        0.000000000875672  3.282600806846683  18.931919833403668  10.311000183452711  7.712942560456863  5.919798886618588  0.590151910631011  3.117356766282057  15.106154903518480 -154.889565334126587
        0.000000003932903  3.282600806846683  18.931919833403668  10.311000183452711  7.712942560456863  5.919798798406712  0.590151925532172  3.117356766282057  15.106154903518480 -154.889565334126587
        0.000000007395070  3.282600806846683  18.931919833403668  10.311000183452711  7.712942560456863  5.919798798406712  0.590151910631011  3.117356812734293  15.106154903518480 -154.889565334126587
        0.000000006008567  3.282600806846683  18.931919833403668  10.311000183452711  7.712942560456863  5.919798798406712  0.590151910631011  3.117356766282057  15.106155128617729 -154.889565334126587
        0.000037776309096  3.282600806846683  18.931919833403668  10.311000183452711  7.712942560456863  5.919798798406712  0.590151910631011  3.117356766282057  15.106154903518480 -154.889567642160955
        0.001458822605617  3.267768926343874  20.645868013939150  10.311213666038851  8.417120560491803  5.371726167161397  0.613282604240438  3.141100822209286  15.604115320296875 -154.889304678237238
        0.000000019200036  3.267768975037426  20.645868013939150  10.311213666038851  8.417120560491803  5.371726167161397  0.613282604240438  3.141100822209286  15.604115320296875 -154.889304678237238
        0.000000019790311  3.267768926343874  20.645868321586558  10.311213666038851  8.417120560491803  5.371726167161397  0.613282604240438  3.141100822209286  15.604115320296875 -154.889304678237238
        0.000000001799153  3.267768926343874  20.645868013939150  10.311213819687907  8.417120560491803  5.371726167161397  0.613282604240438  3.141100822209286  15.604115320296875 -154.889304678237238
        0.000000000233623  3.267768926343874  20.645868013939150  10.311213666038851  8.417120685916673  5.371726167161397  0.613282604240438  3.141100822209286  15.604115320296875 -154.889304678237238
        0.000000000649822  3.267768926343874  20.645868013939150  10.311213666038851  8.417120560491803  5.371726247206355  0.613282604240438  3.141100822209286  15.604115320296875 -154.889304678237238
        0.000000004297547  3.267768926343874  20.645868013939150  10.311213666038851  8.417120560491803  5.371726167161397  0.613282619141600  3.141100822209286  15.604115320296875 -154.889304678237238
        0.000000007658601  3.267768926343874  20.645868013939150  10.311213666038851  8.417120560491803  5.371726167161397  0.613282604240438  3.141100869015335  15.604115320296875 -154.889304678237238
        0.000000006000920  3.267768926343874  20.645868013939150  10.311213666038851  8.417120560491803  5.371726167161397  0.613282604240438  3.141100822209286  15.604115552816314 -154.889304678237238
        0.000037776204445  3.267768926343874  20.645868013939150  10.311213666038851  8.417120560491803  5.371726167161397  0.613282604240438  3.141100822209286  15.604115320296875 -154.889306986267741
        0.000659443102147  3.262837163075180  21.300961059653069  10.386672196965490  8.903190066123290  5.043620164615292  0.616340388796930  3.150176823237095  15.700693287160073 -154.889320156332076
        0.000000019292092  3.262837211695243  21.300961059653069  10.386672196965490  8.903190066123290  5.043620164615292  0.616340388796930  3.150176823237095  15.700693287160073 -154.889320156332076
        0.000000019898727  3.262837163075180  21.300961377062123  10.386672196965490  8.903190066123290  5.043620164615292  0.616340388796930  3.150176823237095  15.700693287160073 -154.889320156332076
        0.000000001829292  3.262837163075180  21.300961059653069  10.386672351738966  8.903190066123290  5.043620164615292  0.616340388796930  3.150176823237095  15.700693287160073 -154.889320156332076
        0.000000000263000  3.262837163075180  21.300961059653069  10.386672196965490  8.903190198791160  5.043620164615292  0.616340388796930  3.150176823237095  15.700693287160073 -154.889320156332076
        0.000000000556444  3.262837163075180  21.300961059653069  10.386672196965490  8.903190066123290  5.043620239771089  0.616340388796930  3.150176823237095  15.700693287160073 -154.889320156332076
        0.000000004483727  3.262837163075180  21.300961059653069  10.386672196965490  8.903190066123290  5.043620164615292  0.616340403698092  3.150176823237095  15.700693287160073 -154.889320156332076
        0.000000007737047  3.262837163075180  21.300961059653069  10.386672196965490  8.903190066123290  5.043620164615292  0.616340388796930  3.150176870178388  15.700693287160073 -154.889320156332076
        0.000000005997697  3.262837163075180  21.300961059653069  10.386672196965490  8.903190066123290  5.043620164615292  0.616340388796930  3.150176823237095  15.700693521118634 -154.889320156332076
        0.000037776230934  3.262837163075180  21.300961059653069  10.386672196965490  8.903190066123290  5.043620164615292  0.616340388796930  3.150176823237095  15.700693287160073 -154.889322464362806
        0.003865760541378  3.159650442826131  29.546701457102913  9.285826117404177  16.576105525255045  3.940381632927067  0.616974808384494  3.261748222589217  17.657641208613818 -154.890058549668225
        0.004007449540759  3.242511815070913  23.485904258629947  10.221926706446885  10.550498326471235  3.738201814790107  0.630621987023154  3.206840494225291  15.751628673771867 -154.889710119235048
        0.000000019138486  3.242511863388104  23.485904258629947  10.221926706446885  10.550498326471235  3.738201814790107  0.630621987023154  3.206840494225291  15.751628673771867 -154.889710119235048
        0.000000019752955  3.242511815070913  23.485904608597192  10.221926706446885  10.550498326471235  3.738201814790107  0.630621987023154  3.206840494225291  15.751628673771867 -154.889710119235048
        0.000000001899748  3.242511815070913  23.485904258629947  10.221926858765462  10.550498326471235  3.738201814790107  0.630621987023154  3.206840494225291  15.751628673771867 -154.889710119235048
        0.000000000371038  3.242511815070913  23.485904258629947  10.221926706446885  10.550498483685912  3.738201814790107  0.630621987023154  3.206840494225291  15.751628673771867 -154.889710119235048
        0.000000000351941  3.242511815070913  23.485904258629947  10.221926706446885  10.550498326471235  3.738201870493655  0.630621987023154  3.206840494225291  15.751628673771867 -154.889710119235048
        0.000000004996233  3.242511815070913  23.485904258629947  10.221926706446885  10.550498326471235  3.738201814790107  0.630622001924315  3.206840494225291  15.751628673771867 -154.889710119235048
        0.000000007823376  3.242511815070913  23.485904258629947  10.221926706446885  10.550498326471235  3.738201814790107  0.630621987023154  3.206840542010938  15.751628673771867 -154.889710119235048
        0.000000005806485  3.242511815070913  23.485904258629947  10.221926706446885  10.550498326471235  3.738201814790107  0.630621987023154  3.206840494225291  15.751628908489424 -154.889710119235048
        0.000037776590571  3.242511815070913  23.485904258629947  10.221926706446885  10.550498326471235  3.738201814790107  0.630621987023154  3.206840494225291  15.751628673771867 -154.889712427271576
        0.000618383464187  3.241614993363627  23.725911318400939  10.121657534788810  10.987327663929516  3.546814486988683  0.627456757756770  3.215223294819171  15.726215433640835 -154.889744616675216
        0.000000019183401  3.241615041667454  23.725911318400939  10.121657534788810  10.987327663929516  3.546814486988683  0.627456757756770  3.215223294819171  15.726215433640835 -154.889744616675216
        0.000000019796061  3.241614993363627  23.725911671944569  10.121657534788810  10.987327663929516  3.546814486988683  0.627456757756770  3.215223294819171  15.726215433640835 -154.889744616675216
        0.000000001914918  3.241614993363627  23.725911318400939  10.121657685613259  10.987327663929516  3.546814486988683  0.627456757756770  3.215223294819171  15.726215433640835 -154.889744616675216
        0.000000000401432  3.241614993363627  23.725911318400939  10.121657534788810  10.987327827653457  3.546814486988683  0.627456757756770  3.215223294819171  15.726215433640835 -154.889744616675216
        0.000000000370873  3.241614993363627  23.725911318400939  10.121657534788810  10.987327663929516  3.546814539840337  0.627456757756770  3.215223294819171  15.726215433640835 -154.889744616675216
        0.000000005082212  3.241614993363627  23.725911318400939  10.121657534788810  10.987327663929516  3.546814486988683  0.627456772657931  3.215223294819171  15.726215433640835 -154.889744616675216
        0.000000007827594  3.241614993363627  23.725911318400939  10.121657534788810  10.987327663929516  3.546814486988683  0.627456757756770  3.215223342729732  15.726215433640835 -154.889744616675216
        0.000000005819769  3.241614993363627  23.725911318400939  10.121657534788810  10.987327663929516  3.546814486988683  0.627456757756770  3.215223294819171  15.726215667979707 -154.889744616675216
        0.000037776623761  3.241614993363627  23.725911318400939  10.121657534788810  10.987327663929516  3.546814486988683  0.627456757756770  3.215223294819171  15.726215433640835 -154.889746924712256
        0.001161397354623  3.250206876093209  23.914773693710043  9.958953807644848  11.078140667011077  1.885850828824036  0.644616137882670  3.257469977648527  15.076207420001637 -154.890034356995727
        0.000000018991940  3.250206924525066  23.914773693710043  9.958953807644848  11.078140667011077  1.885850828824036  0.644616137882670  3.257469977648527  15.076207420001637 -154.890034356995727
        0.000000019604797  3.250206876093209  23.914774050067940  9.958953807644848  11.078140667011077  1.885850828824036  0.644616137882670  3.257469977648527  15.076207420001637 -154.890034356995727
        0.000000001988084  3.250206876093209  23.914773693710043  9.958953956044825  11.078140667011077  1.885850828824036  0.644616137882670  3.257469977648527  15.076207420001637 -154.890034356995727
        0.000000000435425  3.250206876093209  23.914773693710043  9.958953807644848  11.078140832088236  1.885850828824036  0.644616137882670  3.257469977648527  15.076207420001637 -154.890034356995727
        0.000000000541604  3.250206876093209  23.914773693710043  9.958953807644848  11.078140667011077  1.885850856925403  0.644616137882670  3.257469977648527  15.076207420001637 -154.890034356995727
        0.000000005610905  3.250206876093209  23.914773693710043  9.958953807644848  11.078140667011077  1.885850828824036  0.644616152783832  3.257469977648527  15.076207420001637 -154.890034356995727
        0.000000007683872  3.250206876093209  23.914773693710043  9.958953807644848  11.078140667011077  1.885850828824036  0.644616137882670  3.257470026188612  15.076207420001637 -154.890034356995727
        0.000000005978853  3.250206876093209  23.914773693710043  9.958953807644848  11.078140667011077  1.885850828824036  0.644616137882670  3.257469977648527  15.076207644654634 -154.890034356995727
        0.000037776891233  3.250206876093209  23.914773693710043  9.958953807644848  11.078140667011077  1.885850828824036  0.644616137882670  3.257469977648527  15.076207420001637 -154.890036665037087
        0.000427439324451  3.250422707855084  23.939008334488424  9.602745567792804  11.540972746070805  1.785749439786418  0.641166519845431  3.266011444013023  15.024124234210516 -154.890077325302542
        0.000000018998018  3.250422756290157  23.939008334488424  9.602745567792804  11.540972746070805  1.785749439786418  0.641166519845431  3.266011444013023  15.024124234210516 -154.890077325302542
        0.000000019601298  3.250422707855084  23.939008691207444  9.602745567792804  11.540972746070805  1.785749439786418  0.641166519845431  3.266011444013023  15.024124234210516 -154.890077325302542
        0.000000001994929  3.250422707855084  23.939008334488424  9.602745710884863  11.540972746070805  1.785749439786418  0.641166519845431  3.266011444013023  15.024124234210516 -154.890077325302542
        0.000000000479777  3.250422707855084  23.939008334488424  9.602745567792804  11.540972918044700  1.785749439786418  0.641166519845431  3.266011444013023  15.024124234210516 -154.890077325302542
        0.000000000587740  3.250422707855084  23.939008334488424  9.602745567792804  11.540972746070805  1.785749466396158  0.641166519845431  3.266011444013023  15.024124234210516 -154.890077325302542
        0.000000005653782  3.250422707855084  23.939008334488424  9.602745567792804  11.540972746070805  1.785749439786418  0.641166534746592  3.266011444013023  15.024124234210516 -154.890077325302542
        0.000000007675044  3.250422707855084  23.939008334488424  9.602745567792804  11.540972746070805  1.785749439786418  0.641166519845431  3.266011492680386  15.024124234210516 -154.890077325302542
        0.000000005985264  3.250422707855084  23.939008334488424  9.602745567792804  11.540972746070805  1.785749439786418  0.641166519845431  3.266011444013023  15.024124458087414 -154.890077325302542
        0.000037776924459  3.250422707855084  23.939008334488424  9.602745567792804  11.540972746070805  1.785749439786418  0.641166519845431  3.266011444013023  15.024124234210516 -154.890079633344556
        0.001011985899403  3.259989365469236  23.846326576323488  7.894301694144530  13.035582542124709  0.494951820300369  0.643454410728422  3.304740135811173  14.424649222761568 -154.890331264058716
        0.000000018843256  3.259989414046863  23.846326576323488  7.894301694144530  13.035582542124709  0.494951820300369  0.643454410728422  3.304740135811173  14.424649222761568 -154.890331264058716
        0.000000019421742  3.259989365469236  23.846326931661444  7.894301694144530  13.035582542124709  0.494951820300369  0.643454410728422  3.304740135811173  14.424649222761568 -154.890331264058716
        0.000000002072998  3.259989365469236  23.846326576323488  7.894301811778792  13.035582542124709  0.494951820300369  0.643454410728422  3.304740135811173  14.424649222761568 -154.890331264058716
        0.000000000678609  3.259989365469236  23.846326576323488  7.894301694144530  13.035582736370026  0.494951820300369  0.643454410728422  3.304740135811173  14.424649222761568 -154.890331264058716
        0.000000000848149  3.259989365469236  23.846326576323488  7.894301694144530  13.035582542124709  0.494951835201530  0.643454410728422  3.304740135811173  14.424649222761568 -154.890331264058716
        0.000000006040491  3.259989365469236  23.846326576323488  7.894301694144530  13.035582542124709  0.494951820300369  0.643454425629583  3.304740135811173  14.424649222761568 -154.890331264058716
        0.000000007589140  3.259989365469236  23.846326576323488  7.894301694144530  13.035582542124709  0.494951820300369  0.643454410728422  3.304740185055639  14.424649222761568 -154.890331264058716
        0.000000006128905  3.259989365469236  23.846326576323488  7.894301694144530  13.035582542124709  0.494951820300369  0.643454410728422  3.304740135811173  14.424649437705591 -154.890331264058716
        0.000037777154097  3.259989365469236  23.846326576323488  7.894301694144530  13.035582542124709  0.494951820300369  0.643454410728422  3.304740135811173  14.424649222761568 -154.890333572104510
        0.000256793916629  3.260953880376042  23.781431642697164  7.476247717786496  13.392184384416801  0.468695649108362  0.640795772862020  3.310034598787804  14.381206582135144 -154.890352453797874
        0.000000018846950  3.260953928968041  23.781431642697164  7.476247717786496  13.392184384416801  0.468695649108362  0.640795772862020  3.310034598787804  14.381206582135144 -154.890352453797874
        0.000000019416090  3.260953880376042  23.781431997068111  7.476247717786496  13.392184384416801  0.468695649108362  0.640795772862020  3.310034598787804  14.381206582135144 -154.890352453797874
        0.000000002078302  3.260953880376042  23.781431642697164  7.476247829191268  13.392184384416801  0.468695649108362  0.640795772862020  3.310034598787804  14.381206582135144 -154.890352453797874
        0.000000000722360  3.260953880376042  23.781431642697164  7.476247717786496  13.392184583975899  0.468695649108362  0.640795772862020  3.310034598787804  14.381206582135144 -154.890352453797874
        0.000000000874423  3.260953880376042  23.781431642697164  7.476247717786496  13.392184384416801  0.468695664009523  0.640795772862020  3.310034598787804  14.381206582135144 -154.890352453797874
        0.000000006052317  3.260953880376042  23.781431642697164  7.476247717786496  13.392184384416801  0.468695649108362  0.640795787763181  3.310034598787804  14.381206582135144 -154.890352453797874
        0.000000007580356  3.260953880376042  23.781431642697164  7.476247717786496  13.392184384416801  0.468695649108362  0.640795772862020  3.310034648111163  14.381206582135144 -154.890352453797874
        0.000000006139422  3.260953880376042  23.781431642697164  7.476247717786496  13.392184384416801  0.468695649108362  0.640795772862020  3.310034598787804  14.381206796431822 -154.890352453797874
        0.000037777168135  3.260953880376042  23.781431642697164  7.476247717786496  13.392184384416801  0.468695649108362  0.640795772862020  3.310034598787804  14.381206582135144 -154.890354761843980
        0.000815224715272  3.249473296501487  24.714860617940897  4.541298982682313  16.837258881416091  0.230135246775219  0.622432218368624  3.344994544122145  14.445460451522440 -154.890541415909269
        0.000687340170494  3.265848551857893  23.525465779332755  6.468588857114567  14.089667350063117  0.175056644368740  0.637750202119335  3.324366925680951  14.143068015294682 -154.890439053075028
        0.000000018792359  3.265848600522828  23.525465779332755  6.468588857114567  14.089667350063117  0.175056644368740  0.637750202119335  3.324366925680951  14.143068015294682 -154.890439053075028
        0.000000019341775  3.265848551857893  23.525466129889512  6.468588857114567  14.089667350063117  0.175056644368740  0.637750202119335  3.324366925680951  14.143068015294682 -154.890439053075028
        0.000000002101452  3.265848551857893  23.525465779332755  6.468588953504052  14.089667350063117  0.175056644368740  0.637750202119335  3.324366925680951  14.143068015294682 -154.890439053075028
        0.000000000826676  3.265848551857893  23.525465779332755  6.468588857114567  14.089667560015521  0.175056644368740  0.637750202119335  3.324366925680951  14.143068015294682 -154.890439053075028
        0.000000000937691  3.265848551857893  23.525465779332755  6.468588857114567  14.089667350063117  0.175056659269901  0.637750202119335  3.324366925680951  14.143068015294682 -154.890439053075028
        0.000000006109192  3.265848551857893  23.525465779332755  6.468588857114567  14.089667350063117  0.175056644368740  0.637750217020496  3.324366925680951  14.143068015294682 -154.890439053075028
        0.000000007527573  3.265848551857893  23.525465779332755  6.468588857114567  14.089667350063117  0.175056644368740  0.637750202119335  3.324366975217879  14.143068015294682 -154.890439053075028
        0.000000006191430  3.265848551857893  23.525465779332755  6.468588857114567  14.089667350063117  0.175056644368740  0.637750202119335  3.324366925680951  14.143068226042818 -154.890439053075028
        0.000037777244560  3.265848551857893  23.525465779332755  6.468588857114567  14.089667350063117  0.175056644368740  0.637750202119335  3.324366925680951  14.143068015294682 -154.890441361122441
        0.000206534406257  3.264777682172037  23.601715718785524  5.299931272361902  15.163069774842979  0.133475934984392  0.631341919756621  3.335122731405959  14.106112715340073 -154.890490809527194
        0.000000018777785  3.264777730821016  23.601715718785524  5.299931272361902  15.163069774842979  0.133475934984392  0.631341919756621  3.335122731405959  14.106112715340073 -154.890490809527194
        0.000000019308750  3.264777682172037  23.601716070478496  5.299931272361902  15.163069774842979  0.133475934984392  0.631341919756621  3.335122731405959  14.106112715340073 -154.890490809527194
        0.000000002114273  3.264777682172037  23.601715718785524  5.299931351337032  15.163069774842979  0.133475934984392  0.631341919756621  3.335122731405959  14.106112715340073 -154.890490809527194
        0.000000000947409  3.264777682172037  23.601715718785524  5.299931272361902  15.163070000790325  0.133475934984392  0.631341919756621  3.335122731405959  14.106112715340073 -154.890490809527194
        0.000000001007082  3.264777682172037  23.601715718785524  5.299931272361902  15.163069774842979  0.133475949885553  0.631341919756621  3.335122731405959  14.106112715340073 -154.890490809527194
        0.000000006119948  3.264777682172037  23.601715718785524  5.299931272361902  15.163069774842979  0.133475934984392  0.631341934657783  3.335122731405959  14.106112715340073 -154.890490809527194
        0.000000007521311  3.264777682172037  23.601715718785524  5.299931272361902  15.163069774842979  0.133475934984392  0.631341919756621  3.335122781103160  14.106112715340073 -154.890490809527194
        0.000000006168100  3.264777682172037  23.601715718785524  5.299931272361902  15.163069774842979  0.133475934984392  0.631341919756621  3.335122731405959  14.106112925537532 -154.890490809527194
        0.000037777289696  3.264777682172037  23.601715718785524  5.299931272361902  15.163069774842979  0.133475934984392  0.631341919756621  3.335122731405959  14.106112715340073 -154.890493117575375
        0.000100265749608  3.264565695016826  23.695932687469590  5.345441791644675  15.213661153460039  0.001002531954686  0.632795884113858  3.337849202498056  14.088590283681926 -154.890508901665754
        0.000000018771343  3.264565743662646  23.695932687469590  5.345441791644675  15.213661153460039  0.001002531954686  0.632795884113858  3.337849202498056  14.088590283681926 -154.890508901665754
        0.000000019303708  3.264565695016826  23.695933040566501  5.345441791644675  15.213661153460039  0.001002531954686  0.632795884113858  3.337849202498056  14.088590283681926 -154.890508901665754
        0.000000002121891  3.264565695016826  23.695932687469590  5.345441871297965  15.213661153460039  0.001002531954686  0.632795884113858  3.337849202498056  14.088590283681926 -154.890508901665754
        0.000000000950339  3.264565695016826  23.695932687469590  5.345441791644675  15.213661380161257  0.001002531954686  0.632795884113858  3.337849202498056  14.088590283681926 -154.890508901665754
        0.000000001012156  3.264565695016826  23.695932687469590  5.345441791644675  15.213661153460039  0.001002546855847  0.632795884113858  3.337849202498056  14.088590283681926 -154.890508901665754
        0.000000006149694  3.264565695016826  23.695932687469590  5.345441791644675  15.213661153460039  0.001002531954686  0.632795899015019  3.337849202498056  14.088590283681926 -154.890508901665754
        0.000000007532161  3.264565695016826  23.695932687469590  5.345441791644675  15.213661153460039  0.001002531954686  0.632795884113858  3.337849252235885  14.088590283681926 -154.890508901665754
        0.000000006172981  3.264565695016826  23.695932687469590  5.345441791644675  15.213661153460039  0.001002531954686  0.632795884113858  3.337849202498056  14.088590493618280 -154.890508901665754
        0.000037777305456  3.264565695016826  23.695932687469590  5.345441791644675  15.213661153460039  0.001002531954686  0.632795884113858  3.337849202498056  14.088590283681926 -154.890511209714191
        0.000135923247256  3.258752972809938  24.129196692054670  4.500621548497605  16.254269262438701  0.000162977409199  0.628169951189920  3.344957305995551  14.195055611757411 -154.890544397176853
        0.000000018777863  3.258753021369142  24.129196692054670  4.500621548497605  16.254269262438701  0.000162977409199  0.628169951189920  3.344957305995551  14.195055611757411 -154.890544397176853
        0.000000019302841  3.258752972809938  24.129197051607719  4.500621548497605  16.254269262438701  0.000162977409199  0.628169951189920  3.344957305995551  14.195055611757411 -154.890544397176853
        0.000000002129563  3.258752972809938  24.129196692054670  4.500621615562093  16.254269262438701  0.000162977409199  0.628169951189920  3.344957305995551  14.195055611757411 -154.890544397176853
        0.000000001038696  3.258752972809938  24.129196692054670  4.500621548497605  16.254269504646189  0.000162977409199  0.628169951189920  3.344957305995551  14.195055611757411 -154.890544397176853
        0.000000001063415  3.258752972809938  24.129196692054670  4.500621548497605  16.254269262438701  0.000162992310360  0.628169951189920  3.344957305995551  14.195055611757411 -154.890544397176853
        0.000000006145927  3.258752972809938  24.129196692054670  4.500621548497605  16.254269262438701  0.000162977409199  0.628169966091081  3.344957305995551  14.195055611757411 -154.890544397176853
        0.000000007566190  3.258752972809938  24.129196692054670  4.500621548497605  16.254269262438701  0.000162977409199  0.628169951189920  3.344957355839299  14.195055611757411 -154.890544397176853
        0.000000006100668  3.258752972809938  24.129196692054670  4.500621548497605  16.254269262438701  0.000162977409199  0.628169951189920  3.344957305995551  14.195055823280223 -154.890544397176853
        0.000037777336645  3.258752972809938  24.129196692054670  4.500621548497605  16.254269262438701  0.000162977409199  0.628169951189920  3.344957305995551  14.195055611757411 -154.890546705225830
        0.000088677459598  3.258746402288856  24.131086316631574  4.502533724463140  16.254517956493981  0.002129917630509  0.628198465611996  3.344996866972624  14.194883607530894 -154.890544663185977
        0.000000018774168  3.258746450847962  24.131086316631574  4.502533724463140  16.254517956493981  0.002129917630509  0.628198465611996  3.344996866972624  14.194883607530894 -154.890544663185977
        0.000000019298405  3.258746402288856  24.131086676212782  4.502533724463140  16.254517956493981  0.002129917630509  0.628198465611996  3.344996866972624  14.194883607530894 -154.890544663185977
        0.000000002129668  3.258746402288856  24.131086316631574  4.502533791556121  16.254517956493981  0.002129917630509  0.628198465611996  3.344996866972624  14.194883607530894 -154.890544663185977
        0.000000001038653  3.258746402288856  24.131086316631574  4.502533724463140  16.254518198705174  0.002129917630509  0.628198465611996  3.344996866972624  14.194883607530894 -154.890544663185977
        0.000000001063449  3.258746402288856  24.131086316631574  4.502533724463140  16.254517956493981  0.002129932531670  0.628198465611996  3.344996866972624  14.194883607530894 -154.890544663185977
        0.000000006146434  3.258746402288856  24.131086316631574  4.502533724463140  16.254517956493981  0.002129917630509  0.628198480513157  3.344996866972624  14.194883607530894 -154.890544663185977
        0.000000007567425  3.258746402288856  24.131086316631574  4.502533724463140  16.254517956493981  0.002129917630509  0.628198465611996  3.344996916816962  14.194883607530894 -154.890544663185977
        0.000000006099776  3.258746402288856  24.131086316631574  4.502533724463140  16.254517956493981  0.002129917630509  0.628198465611996  3.344996866972624  14.194883819051142 -154.890544663185977
        0.000037777336855  3.258746402288856  24.131086316631574  4.502533724463140  16.254517956493981  0.002129917630509  0.628198465611996  3.344996866972624  14.194883607530894 -154.890546971234954
        0.000113451323924  3.249497483662056  24.859301190605315  3.744759051869894  17.453984074118150  0.001096367349527  0.624178015352738  3.351322703666904  14.397953733048846 -154.890575581858883
        0.000000018793580  3.249497532083342  24.859301190605315  3.744759051869894  17.453984074118150  0.001096367349527  0.624178015352738  3.351322703666904  14.397953733048846 -154.890575581858883
        0.000000019315982  3.249497483662056  24.859301561037768  3.744759051869894  17.453984074118150  0.001096367349527  0.624178015352738  3.351322703666904  14.397953733048846 -154.890575581858883
        0.000000002136487  3.249497483662056  24.859301190605315  3.744759107671152  17.453984074118150  0.001096367349527  0.624178015352738  3.351322703666904  14.397953733048846 -154.890575581858883
        0.000000001118136  3.249497483662056  24.859301190605315  3.744759051869894  17.453984334202779  0.001096367349527  0.624178015352738  3.351322703666904  14.397953733048846 -154.890575581858883
        0.000000001111232  3.249497483662056  24.859301190605315  3.744759051869894  17.453984074118150  0.001096382250688  0.624178015352738  3.351322703666904  14.397953733048846 -154.890575581858883
        0.000000006141687  3.249497483662056  24.859301190605315  3.744759051869894  17.453984074118150  0.001096367349527  0.624178030253899  3.351322703666904  14.397953733048846 -154.890575581858883
        0.000000007632926  3.249497483662056  24.859301190605315  3.744759051869894  17.453984074118150  0.001096367349527  0.624178015352738  3.351322753605504  14.397953733048846 -154.890575581858883
        0.000000005993430  3.249497483662056  24.859301190605315  3.744759051869894  17.453984074118150  0.001096367349527  0.624178015352738  3.351322703666904  14.397953947595076 -154.890575581858883
        0.000037777364329  3.249497483662056  24.859301190605315  3.744759051869894  17.453984074118150  0.001096367349527  0.624178015352738  3.351322703666904  14.397953733048846 -154.890577889908315
        0.000084617151184  3.249488445256516  24.861941163013753  3.748331808393981  17.453691516380363  0.002031091529234  0.624218602507546  3.351372993811270  14.397749098493113 -154.890575926126530
        0.000000018790166  3.249488493677668  24.861941163013753  3.748331808393981  17.453691516380363  0.002031091529234  0.624218602507546  3.351372993811270  14.397749098493113 -154.890575926126530
        0.000000019311921  3.249488445256516  24.861941533485545  3.748331808393981  17.453691516380363  0.002031091529234  0.624218602507546  3.351372993811270  14.397749098493113 -154.890575926126530
        0.000000002136656  3.249488445256516  24.861941163013753  3.748331864248477  17.453691516380363  0.002031091529234  0.624218602507546  3.351372993811270  14.397749098493113 -154.890575926126530
        0.000000001118000  3.249488445256516  24.861941163013753  3.748331808393981  17.453691776460634  0.002031091529234  0.624218602507546  3.351372993811270  14.397749098493113 -154.890575926126530
        0.000000001111234  3.249488445256516  24.861941163013753  3.748331808393981  17.453691516380363  0.002031106430395  0.624218602507546  3.351372993811270  14.397749098493113 -154.890575926126530
        0.000000006142427  3.249488445256516  24.861941163013753  3.748331808393981  17.453691516380363  0.002031091529234  0.624218617408707  3.351372993811270  14.397749098493113 -154.890575926126530
        0.000000007634237  3.249488445256516  24.861941163013753  3.748331808393981  17.453691516380363  0.002031091529234  0.624218602507546  3.351373043750619  14.397749098493113 -154.890575926126530
        0.000000005992619  3.249488445256516  24.861941163013753  3.748331808393981  17.453691516380363  0.002031091529234  0.624218602507546  3.351372993811270  14.397749313036293 -154.890575926126530
        0.000037777364548  3.249488445256516  24.861941163013753  3.748331808393981  17.453691516380363  0.002031091529234  0.624218602507546  3.351372993811270  14.397749098493113 -154.890578234175962
        0.000085225448770  3.243992769825039  25.317139507683006  3.230705670109538  18.224263472364264  0.001027820083528  0.621938897364131  3.354892426528032  14.523596819214763 -154.890592781936334
        0.000000018800945  3.243992818164298  25.317139507683006  3.230705670109538  18.224263472364264  0.001027820083528  0.621938897364131  3.354892426528032  14.523596819214763 -154.890592781936334
        0.000000019321209  3.243992769825039  25.317139884937784  3.230705670109538  18.224263472364264  0.001027820083528  0.621938897364131  3.354892426528032  14.523596819214763 -154.890592781936334
        0.000000002142268  3.243992769825039  25.317139507683006  3.230705718250804  18.224263472364264  0.001027820083528  0.621938897364131  3.354892426528032  14.523596819214763 -154.890592781936334
        0.000000001168819  3.243992769825039  25.317139507683006  3.230705670109538  18.224263743926951  0.001027820083528  0.621938897364131  3.354892426528032  14.523596819214763 -154.890592781936334
        0.000000001141571  3.243992769825039  25.317139507683006  3.230705670109538  18.224263472364264  0.001027834984690  0.621938897364131  3.354892426528032  14.523596819214763 -154.890592781936334
        0.000000006142039  3.243992769825039  25.317139507683006  3.230705670109538  18.224263472364264  0.001027820083528  0.621938912265293  3.354892426528032  14.523596819214763 -154.890592781936334
        0.000000007676624  3.243992769825039  25.317139507683006  3.230705670109538  18.224263472364264  0.001027820083528  0.621938897364131  3.354892476519825  14.523596819214763 -154.890592781936334
        0.000000005930273  3.243992769825039  25.317139507683006  3.230705670109538  18.224263472364264  0.001027820083528  0.621938897364131  3.354892426528032  14.523597035633220 -154.890592781936334
        0.000037777378947  3.243992769825039  25.317139507683006  3.230705670109538  18.224263472364264  0.001027820083528  0.621938897364131  3.354892426528032  14.523596819214763 -154.890595089986022
        0.000091781883417  3.230957647939523  26.413508700943268  2.649361147690210  19.566374195562297  0.001277960350694  0.619099707609180  3.359641347717984  14.844524918179761 -154.890616082058898
        0.000000018836161  3.230957696084543  26.413508700943268  2.649361147690210  19.566374195562297  0.001277960350694  0.619099707609180  3.359641347717984  14.844524918179761 -154.890616082058898
        0.000000019362389  3.230957647939523  26.413509094535218  2.649361147690210  19.566374195562297  0.001277960350694  0.619099707609180  3.359641347717984  14.844524918179761 -154.890616082058898
        0.000000002146325  3.230957647939523  26.413508700943268  2.649361187168767  19.566374195562297  0.001277960350694  0.619099707609180  3.359641347717984  14.844524918179761 -154.890616082058898
        0.000000001226436  3.230957647939523  26.413508700943268  2.649361147690210  19.566374487123994  0.001277960350694  0.619099707609180  3.359641347717984  14.844524918179761 -154.890616082058898
        0.000000001178338  3.230957647939523  26.413508700943268  2.649361147690210  19.566374195562297  0.001277975251855  0.619099707609180  3.359641347717984  14.844524918179761 -154.890616082058898
        0.000000006134230  3.230957647939523  26.413508700943268  2.649361147690210  19.566374195562297  0.001277960350694  0.619099722510342  3.359641347717984  14.844524918179761 -154.890616082058898
        0.000000007776509  3.230957647939523  26.413508700943268  2.649361147690210  19.566374195562297  0.001277960350694  0.619099707609180  3.359641397780541  14.844524918179761 -154.890616082058898
        0.000000005787570  3.230957647939523  26.413508700943268  2.649361147690210  19.566374195562297  0.001277960350694  0.619099707609180  3.359641347717984  14.844525139380419 -154.890616082058898
        0.000037777400678  3.230957647939523  26.413508700943268  2.649361147690210  19.566374195562297  0.001277960350694  0.619099707609180  3.359641347717984  14.844524918179761 -154.890618390108926
        0.000088592896176  3.230946973637454  26.416728089204753  2.655218677099156  19.565013803015709  0.002339739205153  0.619147870439119  3.359693104241956  14.844351005882375 -154.890616444391071
        0.000000018832429  3.230947021782316  26.416728089204753  2.655218677099156  19.565013803015709  0.002339739205153  0.619147870439119  3.359693104241956  14.844351005882375 -154.890616444391071
        0.000000019357948  3.230946973637454  26.416728482844675  2.655218677099156  19.565013803015709  0.002339739205153  0.619147870439119  3.359693104241956  14.844351005882375 -154.890616444391071
        0.000000002146483  3.230946973637454  26.416728089204753  2.655218716664998  19.565013803015709  0.002339739205153  0.619147870439119  3.359693104241956  14.844351005882375 -154.890616444391071
        0.000000001226142  3.230946973637454  26.416728089204753  2.655218677099156  19.565014094557135  0.002339739205153  0.619147870439119  3.359693104241956  14.844351005882375 -154.890616444391071
        0.000000001178240  3.230946973637454  26.416728089204753  2.655218677099156  19.565013803015709  0.002339754106314  0.619147870439119  3.359693104241956  14.844351005882375 -154.890616444391071
        0.000000006135048  3.230946973637454  26.416728089204753  2.655218677099156  19.565013803015709  0.002339739205153  0.619147885340281  3.359693104241956  14.844351005882375 -154.890616444391071
        0.000000007778001  3.230946973637454  26.416728089204753  2.655218677099156  19.565013803015709  0.002339739205153  0.619147870439119  3.359693154305285  14.844351005882375 -154.890616444391071
        0.000000005786659  3.230946973637454  26.416728089204753  2.655218677099156  19.565013803015709  0.002339739205153  0.619147870439119  3.359693104241956  14.844351227080443 -154.890616444391071
        0.000037777401360  3.230946973637454  26.416728089204753  2.655218677099156  19.565013803015709  0.002339739205153  0.619147870439119  3.359693104241956  14.844351005882375 -154.890618752441128
        0.000083172733143  3.227989934953014  26.690818853359595  2.314617159319102  20.043084911300941  0.000783986701353  0.617922675555260  3.361648564247866  14.916704972013942 -154.890625717292721
        0.000000018837936  3.227989983053813  26.690818853359595  2.314617159319102  20.043084911300941  0.000783986701353  0.617922675555260  3.361648564247866  14.916704972013942 -154.890625717292721
        0.000000019361810  3.227989934953014  26.690819251083788  2.314617159319102  20.043084911300941  0.000783986701353  0.617922675555260  3.361648564247866  14.916704972013942 -154.890625717292721
        0.000000002150992  3.227989934953014  26.690818853359595  2.314617193809585  20.043084911300941  0.000783986701353  0.617922675555260  3.361648564247866  14.916704972013942 -154.890625717292721
        0.000000001256292  3.227989934953014  26.690818853359595  2.314617159319102  20.043085209966179  0.000783986701353  0.617922675555260  3.361648564247866  14.916704972013942 -154.890625717292721
        0.000000001196204  3.227989934953014  26.690818853359595  2.314617159319102  20.043084911300941  0.000784001602514  0.617922675555260  3.361648564247866  14.916704972013942 -154.890625717292721
        0.000000006136940  3.227989934953014  26.690818853359595  2.314617159319102  20.043084911300941  0.000783986701353  0.617922690456421  3.361648564247866  14.916704972013942 -154.890625717292721
        0.000000007803374  3.227989934953014  26.690818853359595  2.314617159319102  20.043084911300941  0.000783986701353  0.617922675555260  3.361648614340333  14.916704972013942 -154.890625717292721
        0.000000005753935  3.227989934953014  26.690818853359595  2.314617159319102  20.043084911300941  0.000783986701353  0.617922675555260  3.361648564247866  14.916705194290168 -154.890625717292721
        0.000037777407650  3.227989934953014  26.690818853359595  2.314617159319102  20.043084911300941  0.000783986701353  0.617922675555260  3.361648564247866  14.916704972013942 -154.890628025342892
        0.000048068091229  3.228186941218549  26.676060475025995  2.029927911405725  20.242154057918079  0.000563702004670  0.616979011697152  3.363112642584413  14.903698819229826 -154.890632511633527
        0.000000018834936  3.228186989322283  26.676060475025995  2.029927911405725  20.242154057918079  0.000563702004670  0.616979011697152  3.363112642584413  14.903698819229826 -154.890632511633527
        0.000000019355450  3.228186941218549  26.676060872530272  2.029927911405725  20.242154057918079  0.000563702004670  0.616979011697152  3.363112642584413  14.903698819229826 -154.890632511633527
        0.000000002154084  3.228186941218549  26.676060475025995  2.029927941654008  20.242154057918079  0.000563702004670  0.616979011697152  3.363112642584413  14.903698819229826 -154.890632511633527
        0.000000001279129  3.228186941218549  26.676060475025995  2.029927911405725  20.242154359549680  0.000563702004670  0.616979011697152  3.363112642584413  14.903698819229826 -154.890632511633527
        0.000000001208438  3.228186941218549  26.676060475025995  2.029927911405725  20.242154057918079  0.000563716905831  0.616979011697152  3.363112642584413  14.903698819229826 -154.890632511633527
        0.000000006135392  3.228186941218549  26.676060475025995  2.029927911405725  20.242154057918079  0.000563702004670  0.616979026598314  3.363112642584413  14.903698819229826 -154.890632511633527
        0.000000007797129  3.228186941218549  26.676060475025995  2.029927911405725  20.242154057918079  0.000563702004670  0.616979011697152  3.363112692698697  14.903698819229826 -154.890632511633527
        0.000000005754325  3.228186941218549  26.676060475025995  2.029927911405725  20.242154057918079  0.000563702004670  0.616979011697152  3.363112642584413  14.903699041312244 -154.890632511633527
        0.000037777413041  3.228186941218549  26.676060475025995  2.029927911405725  20.242154057918079  0.000563702004670  0.616979011697152  3.363112642584413  14.903698819229826 -154.890634819683811
        0.000142369829933  3.212168156196985  28.097019965707837  1.395091060097985  21.876333970759653  0.000165043494395  0.614297596354835  3.367940166776629  15.315863257342164 -154.890656474862766
        0.000154805070123  3.227820297818558  26.697456006484234  1.499986802515048  20.656040898844431  0.000158226186553  0.615065188760604  3.366558878559636  14.891326252064486 -154.890649617480420
        0.000000018827900  3.227820345916829  26.697456006484234  1.499986802515048  20.656040898844431  0.000158226186553  0.615065188760604  3.366558878559636  14.891326252064486 -154.890649617480420
        0.000000019342505  3.227820297818558  26.697456404307331  1.499986802515048  20.656040898844431  0.000158226186553  0.615065188760604  3.366558878559636  14.891326252064486 -154.890649617480420
        0.000000002158245  3.227820297818558  26.697456006484234  1.499986824866593  20.656040898844431  0.000158226186553  0.615065188760604  3.366558878559636  14.891326252064486 -154.890649617480420
        0.000000001320730  3.227820297818558  26.697456006484234  1.499986802515048  20.656041206643426  0.000158226186553  0.615065188760604  3.366558878559636  14.891326252064486 -154.890649617480420
        0.000000001230632  3.227820297818558  26.697456006484234  1.499986802515048  20.656040898844431  0.000158241087714  0.615065188760604  3.366558878559636  14.891326252064486 -154.890649617480420
        0.000000006125934  3.227820297818558  26.697456006484234  1.499986802515048  20.656040898844431  0.000158226186553  0.615065203661765  3.366558878559636  14.891326252064486 -154.890649617480420
        0.000000007783582  3.227820297818558  26.697456006484234  1.499986802515048  20.656040898844431  0.000158226186553  0.615065188760604  3.366558928725272  14.891326252064486 -154.890649617480420
        0.000000005745346  3.227820297818558  26.697456006484234  1.499986802515048  20.656040898844431  0.000158226186553  0.615065188760604  3.366558878559636  14.891326473962540 -154.890649617480420
        0.000037777427815  3.227820297818558  26.697456006484234  1.499986802515048  20.656040898844431  0.000158226186553  0.615065188760604  3.366558878559636  14.891326252064486 -154.890651925530960
        0.000053323166103  3.226268592042784  26.831083082309952  1.194069966391974  20.989662240679014  0.000229560818746  0.614008954854991  3.368465986614557  14.922015398968236 -154.890658842971760
        0.000000018828463  3.226268640117932  26.831083082309952  1.194069966391974  20.989662240679014  0.000229560818746  0.614008954854991  3.368465986614557  14.922015398968236 -154.890658842971760
        0.000000019341108  3.226268592042784  26.831083482124246  1.194069966391974  20.989662240679014  0.000229560818746  0.614008954854991  3.368465986614557  14.922015398968236 -154.890658842971760
        0.000000002160757  3.226268592042784  26.831083082309952  1.194069984185003  20.989662240679014  0.000229560818746  0.614008954854991  3.368465986614557  14.922015398968236 -154.890658842971760
        0.000000001344843  3.226268592042784  26.831083082309952  1.194069966391974  20.989662553449353  0.000229560818746  0.614008954854991  3.368465986614557  14.922015398968236 -154.890658842971760
        0.000000001244091  3.226268592042784  26.831083082309952  1.194069966391974  20.989662240679014  0.000229575719907  0.614008954854991  3.368465986614557  14.922015398968236 -154.890658842971760
        0.000000006121197  3.226268592042784  26.831083082309952  1.194069966391974  20.989662240679014  0.000229560818746  0.614008969756152  3.368465986614557  14.922015398968236 -154.890658842971760
        0.000000007788951  3.226268592042784  26.831083082309952  1.194069966391974  20.989662240679014  0.000229560818746  0.614008954854991  3.368466036808611  14.922015398968236 -154.890658842971760
        0.000000005726448  3.226268592042784  26.831083082309952  1.194069966391974  20.989662240679014  0.000229560818746  0.614008954854991  3.368465986614557  14.922015621323593 -154.890658842971760
        0.000037777435911  3.226268592042784  26.831083082309952  1.194069966391974  20.989662240679014  0.000229560818746  0.614008954854991  3.368465986614557  14.922015398968236 -154.890661151022442
        0.000039101696923  3.225874368600531  26.863718960824137  1.037416288077660  21.130584280059903  0.000091355770314  0.613491537460295  3.369391854231628  14.926974573065628 -154.890663415543145
        0.000000018827685  3.225874416669805  26.863718960824137  1.037416288077660  21.130584280059903  0.000091355770314  0.613491537460295  3.369391854231628  14.926974573065628 -154.890663415543145
        0.000000019339031  3.225874368600531  26.863719361124744  1.037416288077660  21.130584280059903  0.000091355770314  0.613491537460295  3.369391854231628  14.926974573065628 -154.890663415543145
        0.000000002162079  3.225874368600531  26.863718960824137  1.037416303536367  21.130584280059903  0.000091355770314  0.613491537460295  3.369391854231628  14.926974573065628 -154.890663415543145
        0.000000001356975  3.225874368600531  26.863718960824137  1.037416288077660  21.130584594930145  0.000091355770314  0.613491537460295  3.369391854231628  14.926974573065628 -154.890663415543145
        0.000000001250665  3.225874368600531  26.863718960824137  1.037416288077660  21.130584280059903  0.000091370671475  0.613491537460295  3.369391854231628  14.926974573065628 -154.890663415543145
        0.000000006118622  3.225874368600531  26.863718960824137  1.037416288077660  21.130584280059903  0.000091355770314  0.613491552361457  3.369391854231628  14.926974573065628 -154.890663415543145
        0.000000007787991  3.225874368600531  26.863718960824137  1.037416288077660  21.130584280059903  0.000091355770314  0.613491537460295  3.369391904439479  14.926974573065628 -154.890663415543145
        0.000000005720996  3.225874368600531  26.863718960824137  1.037416288077660  21.130584280059903  0.000091355770314  0.613491537460295  3.369391854231628  14.926974795494882 -154.890663415543145
        0.000037777439640  3.225874368600531  26.863718960824137  1.037416288077660  21.130584280059903  0.000091355770314  0.613491537460295  3.369391854231628  14.926974573065628 -154.890665723593884
        0.000064868268519  3.232629003629556  26.244891108702767  0.625297880697813  20.928526123285693  0.000004192225227  0.612190453718010  3.371739258763914  14.724219798181787 -154.890674944487614
        0.000000018798775  3.232629051799482  26.244891108702767  0.625297880697813  20.928526123285693  0.000004192225227  0.612190453718010  3.371739258763914  14.724219798181787 -154.890674944487614
        0.000000019299182  3.232629003629556  26.244891499782121  0.625297880697813  20.928526123285693  0.000004192225227  0.612190453718010  3.371739258763914  14.724219798181787 -154.890674944487614
        0.000000002159354  3.232629003629556  26.244891108702767  0.625297895598974  20.928526123285693  0.000004192225227  0.612190453718010  3.371739258763914  14.724219798181787 -154.890674944487614
        0.000000001372917  3.232629003629556  26.244891108702767  0.625297880697813  20.928526435145034  0.000004192225227  0.612190453718010  3.371739258763914  14.724219798181787 -154.890674944487614
        0.000000001263135  3.232629003629556  26.244891108702767  0.625297880697813  20.928526123285693  0.000004207126388  0.612190453718010  3.371739258763914  14.724219798181787 -154.890674944487614
        0.000000006106204  3.232629003629556  26.244891108702767  0.625297880697813  20.928526123285693  0.000004192225227  0.612190468619172  3.371739258763914  14.724219798181787 -154.890674944487614
        0.000000007708713  3.232629003629556  26.244891108702767  0.625297880697813  20.928526123285693  0.000004192225227  0.612190453718010  3.371739309006744  14.724219798181787 -154.890674944487614
        0.000000005786496  3.232629003629556  26.244891108702767  0.625297880697813  20.928526123285693  0.000004192225227  0.612190453718010  3.371739258763914  14.724220017589760 -154.890674944487614
        0.000037777450280  3.232629003629556  26.244891108702767  0.625297880697813  20.928526123285693  0.000004192225227  0.612190453718010  3.371739258763914  14.724219798181787 -154.890677252538524
        0.000030878824391  3.233357556607185  26.185928318528394  0.593067556048114  20.902954439910744  0.000003635197716  0.612067100382942  3.372000666371738  14.704231992879853 -154.890676150993443
        0.000000018796880  3.233357604787967  26.185928318528394  0.593067556048114  20.902954439910744  0.000003635197716  0.612067100382942  3.372000666371738  14.704231992879853 -154.890676150993443
        0.000000019295851  3.233357556607185  26.185928708729133  0.593067556048114  20.902954439910744  0.000003635197716  0.612067100382942  3.372000666371738  14.704231992879853 -154.890676150993443
        0.000000002159620  3.233357556607185  26.185928318528394  0.593067570949275  20.902954439910744  0.000003635197716  0.612067100382942  3.372000666371738  14.704231992879853 -154.890676150993443
        0.000000001374262  3.233357556607185  26.185928318528394  0.593067556048114  20.902954751389036  0.000003635197716  0.612067100382942  3.372000666371738  14.704231992879853 -154.890676150993443
        0.000000001264263  3.233357556607185  26.185928318528394  0.593067556048114  20.902954439910744  0.000003650098877  0.612067100382942  3.372000666371738  14.704231992879853 -154.890676150993443
        0.000000006106076  3.233357556607185  26.185928318528394  0.593067556048114  20.902954439910744  0.000003635197716  0.612067115284104  3.372000666371738  14.704231992879853 -154.890676150993443
        0.000000007701695  3.233357556607185  26.185928318528394  0.593067556048114  20.902954439910744  0.000003635197716  0.612067100382942  3.372000716618464  14.704231992879853 -154.890676150993443
        0.000000005794141  3.233357556607185  26.185928318528394  0.593067556048114  20.902954439910744  0.000003635197716  0.612067100382942  3.372000666371738  14.704232211989984 -154.890676150993443
        0.000037777450794  3.233357556607185  26.185928318528394  0.593067556048114  20.902954439910744  0.000003635197716  0.612067100382942  3.372000666371738  14.704231992879853 -154.890678459044381
        0.000045872982339  3.231377318686997  26.364602914045680  0.771742240554839  20.918459198968712  0.000000247872463  0.612662822464626  3.370902587129208  14.765325909634464 -154.890670772268322
        0.000015834773835  3.233069460110980  26.212422075194109  0.639716194174263  20.890590010903285  0.000001900042845  0.612223977918536  3.371714348547197  14.713968071351037 -154.890674721881169
        0.000004078474292  3.233293914167521  26.191859246938389  0.604776059248380  20.899273189860875  0.000003020047804  0.612106334991932  3.371932028972482  14.706452667402788 -154.890675781587618
        0.000000018797278  3.233293962347354  26.191859246938389  0.604776059248380  20.899273189860875  0.000003020047804  0.612106334991932  3.371932028972482  14.706452667402788 -154.890675781587618
        0.000000019296451  3.233293914167521  26.191859637227505  0.604776059248380  20.899273189860875  0.000003020047804  0.612106334991932  3.371932028972482  14.706452667402788 -154.890675781587618
        0.000000002159698  3.233293914167521  26.191859246938389  0.604776074149541  20.899273189860875  0.000003020047804  0.612106334991932  3.371932028972482  14.706452667402788 -154.890675781587618
        0.000000001373835  3.233293914167521  26.191859246938389  0.604776059248380  20.899273501284313  0.000003020047804  0.612106334991932  3.371932028972482  14.706452667402788 -154.890675781587618
        0.000000001263844  3.233293914167521  26.191859246938389  0.604776059248380  20.899273189860875  0.000003034948966  0.612106334991932  3.371932028972482  14.706452667402788 -154.890675781587618
        0.000000006106351  3.233293914167521  26.191859246938389  0.604776059248380  20.899273189860875  0.000003020047804  0.612106349893094  3.371932028972482  14.706452667402788 -154.890675781587618
        0.000000007702716  3.233293914167521  26.191859246938389  0.604776059248380  20.899273189860875  0.000003020047804  0.612106334991932  3.371932079218185  14.706452667402788 -154.890675781587618
        0.000000005793603  3.233293914167521  26.191859246938389  0.604776059248380  20.899273189860875  0.000003020047804  0.612106334991932  3.371932028972482  14.706452886546009 -154.890675781587618
        0.000037777450563  3.233293914167521  26.191859246938389  0.604776059248380  20.899273189860875  0.000003020047804  0.612106334991932  3.371932028972482  14.706452667402788 -154.890678089638556
2022-08-18 02:06:44.251323
