/projects/wagner/highthroughput/mick_graphene_paper/3_data/kc_fitting_dft
2022-08-18 02:17:49.815463
energy_inf: -154.87065645278034
     2535.672725874616845  3.416084000000000  20.021583000000000  10.905510700000001  4.275635400000000  0.010010836000000  0.844712200000000  2.936058400000000  14.313258800000000 -154.870656452780338
        0.000000018717218  3.416084050903618  20.021583000000000  10.905510700000001  4.275635400000000  0.010010836000000  0.844712200000000  2.936058400000000  14.313258800000000 -154.870656452780338
        0.000000019282189  3.416084000000000  20.021583298344837  10.905510700000001  4.275635400000000  0.010010836000000  0.844712200000000  2.936058400000000  14.313258800000000 -154.870656452780338
        0.000000002760085  3.416084000000000  20.021583000000000  10.905510862504773  4.275635400000000  0.010010836000000  0.844712200000000  2.936058400000000  14.313258800000000 -154.870656452780338
        0.000000000499340  3.416084000000000  20.021583000000000  10.905510700000001  4.275635463711932  0.010010836000000  0.844712200000000  2.936058400000000  14.313258800000000 -154.870656452780338
        0.000000000455390  3.416084000000000  20.021583000000000  10.905510700000001  4.275635400000000  0.010010850901161  0.844712200000000  2.936058400000000  14.313258800000000 -154.870656452780338
        0.000000007626080  3.416084000000000  20.021583000000000  10.905510700000001  4.275635400000000  0.010010836000000  0.844712214901161  2.936058400000000  14.313258800000000 -154.870656452780338
        0.000000008542471  3.416084000000000  20.021583000000000  10.905510700000001  4.275635400000000  0.010010836000000  0.844712200000000  2.936058443750679  14.313258800000000 -154.870656452780338
        0.000000009622645  3.416084000000000  20.021583000000000  10.905510700000001  4.275635400000000  0.010010836000000  0.844712200000000  2.936058400000000  14.313259013284176 -154.870656452780338
        0.000037770100898  3.416084000000000  20.021583000000000  10.905510700000001  4.275635400000000  0.010010836000000  0.844712200000000  2.936058400000000  14.313258800000000 -154.870658760532962
        0.310220259114747  3.404791664960922  0.011101880982711  1.353462433956366  5.569729514404743  28.380051752499039  0.250912696279885  2.934963972399079  14.300632623499679 -154.870631024781318
        0.213730885560027  3.367725730000643  16.945271632012957  9.056455325783821  4.660393093783322  8.263127296462455  0.730251217267875  2.895097261165958  14.260363489778324 -154.870583558660599
        0.000000016908516  3.367725780183667  16.945271632012957  9.056455325783821  4.660393093783322  8.263127296462455  0.730251217267875  2.895097261165958  14.260363489778324 -154.870583558660599
        0.000000015999978  3.367725730000643  16.945271884517183  9.056455325783821  4.660393093783322  8.263127296462455  0.730251217267875  2.895097261165958  14.260363489778324 -154.870583558660599
        0.000000001964631  3.367725730000643  16.945271632012957  9.056455460735522  4.660393093783322  8.263127296462455  0.730251217267875  2.895097261165958  14.260363489778324 -154.870583558660599
        0.000000000247605  3.367725730000643  16.945271632012957  9.056455325783821  4.660393163228591  8.263127296462455  0.730251217267875  2.895097261165958  14.260363489778324 -154.870583558660599
        0.000000001960433  3.367725730000643  16.945271632012957  9.056455325783821  4.660393093783322  8.263127419592648  0.730251217267875  2.895097261165958  14.260363489778324 -154.870583558660599
        0.000000003726825  3.367725730000643  16.945271632012957  9.056455325783821  4.660393093783322  8.263127296462455  0.730251232169036  2.895097261165958  14.260363489778324 -154.870583558660599
        0.000000009357135  3.367725730000643  16.945271632012957  9.056455325783821  4.660393093783322  8.263127296462455  0.730251217267875  2.895097304306269  14.260363489778324 -154.870583558660599
        0.000000006298066  3.367725730000643  16.945271632012957  9.056455325783821  4.660393093783322  8.263127296462455  0.730251217267875  2.895097261165958  14.260363702274299 -154.870583558660599
        0.000037770888997  3.367725730000643  16.945271632012957  9.056455325783821  4.660393093783322  8.263127296462455  0.730251217267875  2.895097261165958  14.260363489778324 -154.870585866412142
        0.029946634628428  3.353842848713861  23.861854966107479  14.863077520413045  0.961923267611958  0.010382589664967  1.024763365941414  2.887189286573397  14.247571782732201 -154.870559589645495
        0.025629042460735  3.356320243865703  19.044034844402908  9.902000216904908  5.389132511389111  6.127406621929136  0.775932494766251  2.909847576627238  14.247098652387166 -154.870512963944009
        0.000000016857352  3.356320293878772  19.044034844402908  9.902000216904908  5.389132511389111  6.127406621929136  0.775932494766251  2.909847576627238  14.247098652387166 -154.870512963944009
        0.000000015859454  3.356320243865703  19.044035128181143  9.902000216904908  5.389132511389111  6.127406621929136  0.775932494766251  2.909847576627238  14.247098652387166 -154.870512963944009
        0.000000002166858  3.356320243865703  19.044034844402908  9.902000364456208  5.389132511389111  6.127406621929136  0.775932494766251  2.909847576627238  14.247098652387166 -154.870512963944009
        0.000000000288009  3.356320243865703  19.044034844402908  9.902000216904908  5.389132591693443  6.127406621929136  0.775932494766251  2.909847576627238  14.247098652387166 -154.870512963944009
        0.000000001088200  3.356320243865703  19.044034844402908  9.902000216904908  5.389132511389111  6.127406713234610  0.775932494766251  2.909847576627238  14.247098652387166 -154.870512963944009
        0.000000004955226  3.356320243865703  19.044034844402908  9.902000216904908  5.389132511389111  6.127406621929136  0.775932509667412  2.909847576627238  14.247098652387166 -154.870512963944009
        0.000000009562197  3.356320243865703  19.044034844402908  9.902000216904908  5.389132511389111  6.127406621929136  0.775932494766251  2.909847619987346  14.247098652387166 -154.870512963944009
        0.000000006384876  3.356320243865703  19.044034844402908  9.902000216904908  5.389132511389111  6.127406621929136  0.775932494766251  2.909847576627238  14.247098864685480 -154.870512963944009
        0.000037771053587  3.356320243865703  19.044034844402908  9.902000216904908  5.389132511389111  6.127406621929136  0.775932494766251  2.909847576627238  14.247098652387166 -154.870515271694501
        0.002314464346106  3.356081057268549  19.028078158675015  10.033938767797091  5.373496867226595  6.110471533087250  0.770546197274572  2.921139084004791  14.250229917196121 -154.870449354165999
        0.000000016892267  3.356081107278054  19.028078158675015  10.033938767797091  5.373496867226595  6.110471533087250  0.770546197274572  2.921139084004791  14.250229917196121 -154.870449354165999
        0.000000015932728  3.356081057268549  19.028078442215474  10.033938767797091  5.373496867226595  6.110471533087250  0.770546197274572  2.921139084004791  14.250229917196121 -154.870449354165999
        0.000000002156328  3.356081057268549  19.028078158675015  10.033938917314430  5.373496867226595  6.110471533087250  0.770546197274572  2.921139084004791  14.250229917196121 -154.870449354165999
        0.000000000288324  3.356081057268549  19.028078158675015  10.033938767797091  5.373496947297938  6.110471533087250  0.770546197274572  2.921139084004791  14.250229917196121 -154.870449354165999
        0.000000001087145  3.356081057268549  19.028078158675015  10.033938767797091  5.373496867226595  6.110471624140372  0.770546197274572  2.921139084004791  14.250229917196121 -154.870449354165999
        0.000000004970700  3.356081057268549  19.028078158675015  10.033938767797091  5.373496867226595  6.110471533087250  0.770546212175733  2.921139084004791  14.250229917196121 -154.870449354165999
        0.000000009522047  3.356081057268549  19.028078158675015  10.033938767797091  5.373496867226595  6.110471533087250  0.770546197274572  2.921139127533155  14.250229917196121 -154.870449354165999
        0.000000006416750  3.356081057268549  19.028078158675015  10.033938767797091  5.373496867226595  6.110471533087250  0.770546197274572  2.921139084004791  14.250230129541094 -154.870449354165999
        0.000037771039515  3.356081057268549  19.028078158675015  10.033938767797091  5.373496867226595  6.110471533087250  0.770546197274572  2.921139084004791  14.250229917196121 -154.870451661915524
        0.000397806575315  3.350021739724945  19.782769093454018  10.427674575663076  5.817933637389607  5.734043268620013  0.774877987243716  2.922960166105336  14.426150790547556 -154.870387143112396
        0.000000016919830  3.350021789644159  19.782769093454018  10.427674575663076  5.817933637389607  5.734043268620013  0.774877987243716  2.922960166105336  14.426150790547556 -154.870387143112396
        0.000000015960934  3.350021739724945  19.782769388240251  10.427674575663076  5.817933637389607  5.734043268620013  0.774877987243716  2.922960166105336  14.426150790547556 -154.870387143112396
        0.000000002205269  3.350021739724945  19.782769093454018  10.427674731047535  5.817933637389607  5.734043268620013  0.774877987243716  2.922960166105336  14.426150790547556 -154.870387143112396
        0.000000000298988  3.350021739724945  19.782769093454018  10.427674575663076  5.817933724083574  5.734043268620013  0.774877987243716  2.922960166105336  14.426150790547556 -154.870387143112396
        0.000000000893030  3.350021739724945  19.782769093454018  10.427674575663076  5.817933637389607  5.734043354063916  0.774877987243716  2.922960166105336  14.426150790547556 -154.870387143112396
        0.000000005305511  3.350021739724945  19.782769093454018  10.427674575663076  5.817933637389607  5.734043268620013  0.774878002144877  2.922960166105336  14.426150790547556 -154.870387143112396
        0.000000009720840  3.350021739724945  19.782769093454018  10.427674575663076  5.817933637389607  5.734043268620013  0.774877987243716  2.922960209660836  14.426150790547556 -154.870387143112396
        0.000000006411778  3.350021739724945  19.782769093454018  10.427674575663076  5.817933637389607  5.734043268620013  0.774877987243716  2.922960166105336  14.426151005513955 -154.870387143112396
        0.000037771012559  3.350021739724945  19.782769093454018  10.427674575663076  5.817933637389607  5.734043268620013  0.774877987243716  2.922960166105336  14.426150790547556 -154.870389450861012
        0.000052577355549  3.349800787247820  19.844316150812073  10.459123951232211  5.873189969657827  5.681822768164120  0.774955024619360  2.922677719775542  14.432997402242480 -154.870387097580647
        0.000000016916873  3.349800837163742  19.844316150812073  10.459123951232211  5.873189969657827  5.681822768164120  0.774955024619360  2.922677719775542  14.432997402242480 -154.870387097580647
        0.000000015958818  3.349800787247820  19.844316446515428  10.459123951232211  5.873189969657827  5.681822768164120  0.774955024619360  2.922677719775542  14.432997402242480 -154.870387097580647
        0.000000002210781  3.349800787247820  19.844316150812073  10.459124107085303  5.873189969657827  5.681822768164120  0.774955024619360  2.922677719775542  14.432997402242480 -154.870387097580647
        0.000000000300509  3.349800787247820  19.844316150812073  10.459123951232211  5.873190057175178  5.681822768164120  0.774955024619360  2.922677719775542  14.432997402242480 -154.870387097580647
        0.000000000870093  3.349800787247820  19.844316150812073  10.459123951232211  5.873189969657827  5.681822852829877  0.774955024619360  2.922677719775542  14.432997402242480 -154.870387097580647
        0.000000005348084  3.349800787247820  19.844316150812073  10.459123951232211  5.873189969657827  5.681822768164120  0.774955039520521  2.922677719775542  14.432997402242480 -154.870387097580647
        0.000000009739986  3.349800787247820  19.844316150812073  10.459123951232211  5.873189969657827  5.681822768164120  0.774955024619360  2.922677763326834  14.432997402242480 -154.870387097580647
        0.000000006418723  3.349800787247820  19.844316150812073  10.459123951232211  5.873189969657827  5.681822768164120  0.774955024619360  2.922677719775542  14.432997617310900 -154.870387097580647
        0.000037771011899  3.349800787247820  19.844316150812073  10.459123951232211  5.873189969657827  5.681822768164120  0.774955024619360  2.922677719775542  14.432997402242480 -154.870389405329263
        0.003713305374032  3.345881129621093  22.626312720546004  12.687772809262919  5.618930767132519  2.379141024156300  0.851348709878489  2.903114123206187  14.520230925133871 -154.870396074171595
        0.003727479404103  3.361846440648387  20.147551927976949  10.848531413673673  5.722420112589419  4.164072237810431  0.801678078794402  2.915450827271504  14.112579294719209 -154.870392327575900
        0.000000016929042  3.361846490743802  20.147551927976949  10.848531413673673  5.722420112589419  4.164072237810431  0.801678078794402  2.915450827271504  14.112579294719209 -154.870392327575900
        0.000000015917732  3.361846440648387  20.147552228198869  10.848531413673673  5.722420112589419  4.164072237810431  0.801678078794402  2.915450827271504  14.112579294719209 -154.870392327575900
        0.000000002331008  3.361846440648387  20.147551927976949  10.848531575329387  5.722420112589419  4.164072237810431  0.801678078794402  2.915450827271504  14.112579294719209 -154.870392327575900
        0.000000000329299  3.361846440648387  20.147551927976949  10.848531413673673  5.722420197860123  4.164072237810431  0.801678078794402  2.915450827271504  14.112579294719209 -154.870392327575900
        0.000000000437418  3.361846440648387  20.147551927976949  10.848531413673673  5.722420112589419  4.164072299859942  0.801678078794402  2.915450827271504  14.112579294719209 -154.870392327575900
        0.000000006031966  3.361846440648387  20.147551927976949  10.848531413673673  5.722420112589419  4.164072237810431  0.801678093695563  2.915450827271504  14.112579294719209 -154.870392327575900
        0.000000009621912  3.361846440648387  20.147551927976949  10.848531413673673  5.722420112589419  4.164072237810431  0.801678078794402  2.915450870715107  14.112579294719209 -154.870392327575900
        0.000000006833232  3.361846440648387  20.147551927976949  10.848531413673673  5.722420112589419  4.164072237810431  0.801678078794402  2.915450827271504  14.112579505013029 -154.870392327575900
        0.000037771020538  3.361846440648387  20.147551927976949  10.848531413673673  5.722420112589419  4.164072237810431  0.801678078794402  2.915450827271504  14.112579294719209 -154.870394635324573
        0.000316543705280  3.367380848523168  20.808627101740960  11.446282693310392  5.641824439118882  2.840839582828227  0.827227293029255  2.905999432411977  13.987911417607965 -154.870384370235399
        0.000229526244092  3.364736621679706  20.253556752145194  10.966439065914100  5.714344576636244  3.797916831322570  0.807788075961181  2.912366308855592  14.050199261378578 -154.870387790878397
        0.000000016935219  3.364736671818189  20.253556752145194  10.966439065914100  5.714344576636244  3.797916831322570  0.807788075961181  2.912366308855592  14.050199261378578 -154.870387790878397
        0.000000015910438  3.364736621679706  20.253557053946707  10.966439065914100  5.714344576636244  3.797916831322570  0.807788075961181  2.912366308855592  14.050199261378578 -154.870387790878397
        0.000000002364234  3.364736621679706  20.253556752145194  10.966439229326776  5.714344576636244  3.797916831322570  0.807788075961181  2.912366308855592  14.050199261378578 -154.870387790878397
        0.000000000337829  3.364736621679706  20.253556752145194  10.966439065914100  5.714344661786614  3.797916831322570  0.807788075961181  2.912366308855592  14.050199261378578 -154.870387790878397
        0.000000000331319  3.364736621679706  20.253556752145194  10.966439065914100  5.714344576636244  3.797916887915941  0.807788075961181  2.912366308855592  14.050199261378578 -154.870387790878397
        0.000000006219702  3.364736621679706  20.253556752145194  10.966439065914100  5.714344576636244  3.797916831322570  0.807788090862342  2.912366308855592  14.050199261378578 -154.870387790878397
        0.000000009612973  3.364736621679706  20.253556752145194  10.966439065914100  5.714344576636244  3.797916831322570  0.807788075961181  2.912366352253232  14.050199261378578 -154.870387790878397
        0.000000006940801  3.364736621679706  20.253556752145194  10.966439065914100  5.714344576636244  3.797916831322570  0.807788075961181  2.912366308855592  14.050199470742863 -154.870387790878397
        0.000037771013488  3.364736621679706  20.253556752145194  10.966439065914100  5.714344576636244  3.797916831322570  0.807788075961181  2.912366308855592  14.050199261378578 -154.870390098627013
        0.000617072113919  3.351180269474729  21.787103622550180  11.989872822479542  5.887410100377924  2.982722903699939  0.828065432796570  2.906414418663664  14.387037667898865 -154.870389795232256
        0.000557593432864  3.364897901333766  20.479538827046301  11.151256403899483  5.695326088376762  3.484716560246645  0.814259262421092  2.910627427228131  14.043551150514061 -154.870389711916090
        0.000000016924314  3.364897951474652  20.479538827046301  11.151256403899483  5.695326088376762  3.484716560246645  0.814259262421092  2.910627427228131  14.043551150514061 -154.870389711916090
        0.000000015893553  3.364897901333766  20.479539132215212  11.151256403899483  5.695326088376762  3.484716560246645  0.814259262421092  2.910627427228131  14.043551150514061 -154.870389711916090
        0.000000002393605  3.364897901333766  20.479538827046301  11.151256570066153  5.695326088376762  3.484716560246645  0.814259262421092  2.910627427228131  14.043551150514061 -154.870389711916090
        0.000000000346816  3.364897901333766  20.479538827046301  11.151256403899483  5.695326173243735  3.484716560246645  0.814259262421092  2.910627427228131  14.043551150514061 -154.870389711916090
        0.000000000244205  3.364897901333766  20.479538827046301  11.151256403899483  5.695326088376762  3.484716612172968  0.814259262421092  2.910627427228131  14.043551150514061 -154.870389711916090
        0.000000006373178  3.364897901333766  20.479538827046301  11.151256403899483  5.695326088376762  3.484716560246645  0.814259277322253  2.910627427228131  14.043551150514061 -154.870389711916090
        0.000000009618926  3.364897901333766  20.479538827046301  11.151256403899483  5.695326088376762  3.484716560246645  0.814259262421092  2.910627470599859  14.043551150514061 -154.870389711916090
        0.000000006993354  3.364897901333766  20.479538827046301  11.151256403899483  5.695326088376762  3.484716560246645  0.814259262421092  2.910627427228131  14.043551359779281 -154.870389711916090
        0.000037771015515  3.364897901333766  20.479538827046301  11.151256403899483  5.695326088376762  3.484716560246645  0.814259262421092  2.910627427228131  14.043551150514061 -154.870392019664735
        0.000024133230323  3.364055325812359  20.600232895306430  11.233341653379567  5.707309943775116  3.402189698563157  0.816087795259009  2.909923935342424  14.065746103923027 -154.870388951630417
        0.000000016913688  3.364055375940690  20.600232895306430  11.233341653379567  5.707309943775116  3.402189698563157  0.816087795259009  2.909923935342424  14.065746103923027 -154.870388951630417
        0.000000015884961  3.364055325812359  20.600233202273820  11.233341653379567  5.707309943775116  3.402189698563157  0.816087795259009  2.909923935342424  14.065746103923027 -154.870388951630417
        0.000000002402436  3.364055325812359  20.600232895306430  11.233341820769402  5.707309943775116  3.402189698563157  0.816087795259009  2.909923935342424  14.065746103923027 -154.870388951630417
        0.000000000349550  3.364055325812359  20.600232895306430  11.233341653379567  5.707310028820662  3.402189698563157  0.816087795259009  2.909923935342424  14.065746103923027 -154.870388951630417
        0.000000000220950  3.364055325812359  20.600232895306430  11.233341653379567  5.707309943775116  3.402189749259734  0.816087795259009  2.909923935342424  14.065746103923027 -154.870388951630417
        0.000000006418996  3.364055325812359  20.600232895306430  11.233341653379567  5.707309943775116  3.402189698563157  0.816087810160170  2.909923935342424  14.065746103923027 -154.870388951630417
        0.000000009635808  3.364055325812359  20.600232895306430  11.233341653379567  5.707309943775116  3.402189698563157  0.816087795259009  2.909923978703670  14.065746103923027 -154.870388951630417
        0.000000006994576  3.364055325812359  20.600232895306430  11.233341653379567  5.707309943775116  3.402189698563157  0.816087795259009  2.909923935342424  14.065746313518977 -154.870388951630417
        0.000037771014406  3.364055325812359  20.600232895306430  11.233341653379567  5.707309943775116  3.402189698563157  0.816087795259009  2.909923935342424  14.065746103923027 -154.870391259379033
        0.000155946176571  3.358130986338415  21.306839514821700  11.701747346991707  5.801369665282665  3.001527080227793  0.825208184114877  2.906894162007795  14.215201897224590 -154.870388208448333
        0.000120762319462  3.364121927501103  20.706250807072148  11.315741590362894  5.710591575688678  3.259027825181651  0.818822134914350  2.908909576680117  14.065128413370063 -154.870388116798750
        0.000000016907391  3.364121977630426  20.706250807072148  11.315741590362894  5.710591575688678  3.259027825181651  0.818822134914350  2.908909576680117  14.065128413370063 -154.870388116798750
        0.000000015877088  3.364121927501103  20.706251115619331  11.315741590362894  5.710591575688678  3.259027825181651  0.818822134914350  2.908909576680117  14.065128413370063 -154.870388116798750
        0.000000002416184  3.364121927501103  20.706250807072148  11.315741758980582  5.710591575688678  3.259027825181651  0.818822134914350  2.908909576680117  14.065128413370063 -154.870388116798750
        0.000000000353653  3.364121927501103  20.706250807072148  11.315741590362894  5.710591660783123  3.259027825181651  0.818822134914350  2.908909576680117  14.065128413370063 -154.870388116798750
        0.000000000187843  3.364121927501103  20.706250807072148  11.315741590362894  5.710591575688678  3.259027873744950  0.818822134914350  2.908909576680117  14.065128413370063 -154.870388116798750
        0.000000006492330  3.364121927501103  20.706250807072148  11.315741590362894  5.710591575688678  3.259027825181651  0.818822149815512  2.908909576680117  14.065128413370063 -154.870388116798750
        0.000000009642255  3.364121927501103  20.706250807072148  11.315741590362894  5.710591575688678  3.259027825181651  0.818822134914350  2.908909620026248  14.065128413370063 -154.870388116798750
        0.000000007019394  3.364121927501103  20.706250807072148  11.315741590362894  5.710591575688678  3.259027825181651  0.818822134914350  2.908909576680117  14.065128622956809 -154.870388116798750
        0.000037771013776  3.364121927501103  20.706250807072148  11.315741590362894  5.710591575688678  3.259027825181651  0.818822134914350  2.908909576680117  14.065128413370063 -154.870390424547367
        0.000055967101096  3.363660719071800  20.946188574254418  11.494811430148431  5.724797201955531  2.985666587254201  0.824096278445534  2.907134426245601  14.076567997937625 -154.870388153841191
        0.000000016892915  3.363660769194251  20.946188574254418  11.494811430148431  5.724797201955531  2.985666587254201  0.824096278445534  2.907134426245601  14.076567997937625 -154.870388153841191
        0.000000015860618  3.363660719071800  20.946188886376952  11.494811430148431  5.724797201955531  2.985666587254201  0.824096278445534  2.907134426245601  14.076567997937625 -154.870388153841191
        0.000000002442873  3.363660719071800  20.946188574254418  11.494811601434469  5.724797201955531  2.985666587254201  0.824096278445534  2.907134426245601  14.076567997937625 -154.870388153841191
        0.000000000361968  3.363660719071800  20.946188574254418  11.494811430148431  5.724797287261657  2.985666587254201  0.824096278445534  2.907134426245601  14.076567997937625 -154.870388153841191
        0.000000000148479  3.363660719071800  20.946188574254418  11.494811430148431  5.724797201955531  2.985666631744100  0.824096278445534  2.907134426245601  14.076567997937625 -154.870388153841191
        0.000000006633261  3.363660719071800  20.946188574254418  11.494811430148431  5.724797201955531  2.985666587254201  0.824096293346695  2.907134426245601  14.076567997937625 -154.870388153841191
        0.000000009661734  3.363660719071800  20.946188574254418  11.494811430148431  5.724797201955531  2.985666587254201  0.824096278445534  2.907134469565279  14.076567997937625 -154.870388153841191
        0.000000007056730  3.363660719071800  20.946188574254418  11.494811430148431  5.724797201955531  2.985666587254201  0.824096278445534  2.907134426245601  14.076568207694834 -154.870388153841191
        0.000037771013854  3.363660719071800  20.946188574254418  11.494811430148431  5.724797201955531  2.985666587254201  0.824096278445534  2.907134426245601  14.076567997937625 -154.870390461589807
        0.000025579527631  3.362654368546958  21.073013979506101  11.578418523669633  5.745722086674048  2.911343047802003  0.825618440835166  2.906390614456073  14.104001804666249 -154.870386528659026
        0.000000016881551  3.362654418654413  21.073013979506101  11.578418523669633  5.745722086674048  2.911343047802003  0.825618440835166  2.906390614456073  14.104001804666249 -154.870386528659026
        0.000000015852552  3.362654368546958  21.073014293518479  11.578418523669633  5.745722086674048  2.911343047802003  0.825618440835166  2.906390614456073  14.104001804666249 -154.870386528659026
        0.000000002451021  3.362654368546958  21.073013979506101  11.578418696201513  5.745722086674048  2.911343047802003  0.825618440835166  2.906390614456073  14.104001804666249 -154.870386528659026
        0.000000000364500  3.362654368546958  21.073013979506101  11.578418523669633  5.745722172291980  2.911343047802003  0.825618440835166  2.906390614456073  14.104001804666249 -154.870386528659026
        0.000000000146402  3.362654368546958  21.073013979506101  11.578418523669633  5.745722086674048  2.911343091184395  0.825618440835166  2.906390614456073  14.104001804666249 -154.870386528659026
        0.000000006676671  3.362654368546958  21.073013979506101  11.578418523669633  5.745722086674048  2.911343047802003  0.825618455736327  2.906390614456073  14.104001804666249 -154.870386528659026
        0.000000009682731  3.362654368546958  21.073013979506101  11.578418523669633  5.745722086674048  2.911343047802003  0.825618440835166  2.906390657764668  14.104001804666249 -154.870386528659026
        0.000000007054317  3.362654368546958  21.073013979506101  11.578418523669633  5.745722086674048  2.911343047802003  0.825618440835166  2.906390614456073  14.104002014832252 -154.870386528659026
        0.000037771012100  3.362654368546958  21.073013979506101  11.578418523669633  5.745722086674048  2.911343047802003  0.825618440835166  2.906390614456073  14.104001804666249 -154.870388836407614
        0.000120355544548  3.358833119697807  21.634268049588979  11.958740427874272  5.821797880634993  2.515449845973130  0.833531890110563  2.903670305845811  14.200205763562721 -154.870386283828537
        0.000000016842680  3.358833169748321  21.634268049588979  11.958740427874272  5.821797880634993  2.515449845973130  0.833531890110563  2.903670305845811  14.200205763562721 -154.870386283828537
        0.000000015820259  3.358833119697807  21.634268371964694  11.958740427874272  5.821797880634993  2.515449845973130  0.833531890110563  2.903670305845811  14.200205763562721 -154.870386283828537
        0.000000002492013  3.358833119697807  21.634268049588979  11.958740606073391  5.821797880634993  2.515449845973130  0.833531890110563  2.903670305845811  14.200205763562721 -154.870386283828537
        0.000000000378036  3.358833119697807  21.634268049588979  11.958740427874272  5.821797967386543  2.515449845973130  0.833531890110563  2.903670305845811  14.200205763562721 -154.870386283828537
        0.000000000205009  3.358833119697807  21.634268049588979  11.958740427874272  5.821797880634993  2.515449883456254  0.833531890110563  2.903670305845811  14.200205763562721 -154.870386283828537
        0.000000006889592  3.358833119697807  21.634268049588979  11.958740427874272  5.821797880634993  2.515449845973130  0.833531905011724  2.903670305845811  14.200205763562721 -154.870386283828537
        0.000000009759829  3.358833119697807  21.634268049588979  11.958740427874272  5.821797880634993  2.515449845973130  0.833531890110563  2.903670349113871  14.200205763562721 -154.870386283828537
        0.000000007058063  3.358833119697807  21.634268049588979  11.958740427874272  5.821797880634993  2.515449845973130  0.833531890110563  2.903670305845811  14.200205975162277 -154.870386283828537
        0.000037771012283  3.358833119697807  21.634268049588979  11.958740427874272  5.821797880634993  2.515449845973130  0.833531890110563  2.903670305845811  14.200205763562721 -154.870388591577125
        0.000063221433407  3.358765514727111  21.656520209063746  11.973929348849163  5.824885575625437  2.498512781832372  0.833744408092449  2.903189916683961  14.205922966911746 -154.870383938590976
        0.000000016837550  3.358765564776617  21.656520209063746  11.973929348849163  5.824885575625437  2.498512781832372  0.833744408092449  2.903189916683961  14.205922966911746 -154.870383938590976
        0.000000015818207  3.358765514727111  21.656520531771044  11.973929348849163  5.824885575625437  2.498512781832372  0.833744408092449  2.903189916683961  14.205922966911746 -154.870383938590976
        0.000000002494026  3.358765514727111  21.656520209063746  11.973929527274615  5.824885575625437  2.498512781832372  0.833744408092449  2.903189916683961  14.205922966911746 -154.870383938590976
        0.000000000378665  3.358765514727111  21.656520209063746  11.973929348849163  5.824885662422996  2.498512781832372  0.833744408092449  2.903189916683961  14.205922966911746 -154.870383938590976
        0.000000000209141  3.358765514727111  21.656520209063746  11.973929348849163  5.824885575625437  2.498512819063113  0.833744408092449  2.903189916683961  14.205922966911746 -154.870383938590976
        0.000000006900912  3.358765514727111  21.656520209063746  11.973929348849163  5.824885575625437  2.498512781832372  0.833744422993611  2.903189916683961  14.205922966911746 -154.870383938590976
        0.000000009764364  3.358765514727111  21.656520209063746  11.973929348849163  5.824885575625437  2.498512781832372  0.833744408092449  2.903189959944863  14.205922966911746 -154.870383938590976
        0.000000007062017  3.358765514727111  21.656520209063746  11.973929348849163  5.824885575625437  2.498512781832372  0.833744408092449  2.903189916683961  14.205923178596494 -154.870383938590976
        0.000037771009451  3.358765514727111  21.656520209063746  11.973929348849163  5.824885575625437  2.498512781832372  0.833744408092449  2.903189916683961  14.205922966911746 -154.870386246339535
        0.000040452663104  3.358949211802680  21.731828319716019  12.033080846228465  5.831010977700108  2.385082034240376  0.835659035885021  2.902388698615255  14.202462563405286 -154.870382860996614
        0.000000016833780  3.358949261854924  21.731828319716019  12.033080846228465  5.831010977700108  2.385082034240376  0.835659035885021  2.902388698615255  14.202462563405286 -154.870382860996614
        0.000000015813544  3.358949211802680  21.731828643545494  12.033080846228465  5.831010977700108  2.385082034240376  0.835659035885021  2.902388698615255  14.202462563405286 -154.870382860996614
        0.000000002504909  3.358949211802680  21.731828319716019  12.033081025535342  5.831010977700108  2.385082034240376  0.835659035885021  2.902388698615255  14.202462563405286 -154.870382860996614
        0.000000000382089  3.358949211802680  21.731828319716019  12.033080846228465  5.831011064588943  2.385082034240376  0.835659035885021  2.902388698615255  14.202462563405286 -154.870382860996614
        0.000000000237563  3.358949211802680  21.731828319716019  12.033080846228465  5.831010977700108  2.385082069780868  0.835659035885021  2.902388698615255  14.202462563405286 -154.870382860996614
        0.000000006958679  3.358949211802680  21.731828319716019  12.033080846228465  5.831010977700108  2.385082034240376  0.835659050786183  2.902388698615255  14.202462563405286 -154.870382860996614
        0.000000009768110  3.358949211802680  21.731828319716019  12.033080846228465  5.831010977700108  2.385082034240376  0.835659035885021  2.902388741864217  14.202462563405286 -154.870382860996614
        0.000000007083626  3.358949211802680  21.731828319716019  12.033080846228465  5.831010977700108  2.385082034240376  0.835659035885021  2.902388698615255  14.202462775038470 -154.870382860996614
        0.000037771008267  3.358949211802680  21.731828319716019  12.033080846228465  5.831010977700108  2.385082034240376  0.835659035885021  2.902388698615255  14.202462563405286 -154.870385168745145
        0.000043298209563  3.359472514083891  21.866989435151588  12.143405647826343  5.831233043488451  2.161934451052200  0.839518127105085  2.900944262088884  14.189851151990549 -154.870382278637550
        0.000000016827431  3.359472564143933  21.866989435151588  12.143405647826343  5.831233043488451  2.161934451052200  0.839518127105085  2.900944262088884  14.189851151990549 -154.870382278637550
        0.000000015804692  3.359472514083891  21.866989760995121  12.143405647826343  5.831233043488451  2.161934451052200  0.839518127105085  2.900944262088884  14.189851151990549 -154.870382278637550
        0.000000002526198  3.359472514083891  21.866989435151588  12.143405828777189  5.831233043488451  2.161934451052200  0.839518127105085  2.900944262088884  14.189851151990549 -154.870382278637550
        0.000000000389378  3.359472514083891  21.866989435151588  12.143405647826343  5.831233130380594  2.161934451052200  0.839518127105085  2.900944262088884  14.189851151990549 -154.870382278637550
        0.000000000298025  3.359472514083891  21.866989435151588  12.143405647826343  5.831233043488451  2.161934483267534  0.839518127105085  2.900944262088884  14.189851151990549 -154.870382278637550
        0.000000007068826  3.359472514083891  21.866989435151588  12.143405647826343  5.831233043488451  2.161934451052200  0.839518142006246  2.900944262088884  14.189851151990549 -154.870382278637550
        0.000000009769610  3.359472514083891  21.866989435151588  12.143405647826343  5.831233043488451  2.161934451052200  0.839518127105085  2.900944305316322  14.189851151990549 -154.870382278637550
        0.000000007127912  3.359472514083891  21.866989435151588  12.143405647826343  5.831233043488451  2.161934451052200  0.839518127105085  2.900944262088884  14.189851363435809 -154.870382278637550
        0.000037771007878  3.359472514083891  21.866989435151588  12.143405647826343  5.831233043488451  2.161934451052200  0.839518127105085  2.900944262088884  14.189851151990549 -154.870384586386081
        0.000044034888509  3.357290207529358  22.134913935672746  12.318047031114638  5.885562538304271  2.006425493268835  0.842227651245735  2.899874691990130  14.245168242570477 -154.870382207965775
        0.000000016807650  3.357290257556880  22.134913935672746  12.318047031114638  5.885562538304271  2.006425493268835  0.842227651245735  2.899874691990130  14.245168242570477 -154.870382207965775
        0.000000015791323  3.357290207529358  22.134914265508666  12.318047031114638  5.885562538304271  2.006425493268835  0.842227651245735  2.899874691990130  14.245168242570477 -154.870382207965775
        0.000000002542350  3.357290207529358  22.134913935672746  12.318047214667843  5.885562538304271  2.006425493268835  0.842227651245735  2.899874691990130  14.245168242570477 -154.870382207965775
        0.000000000394501  3.357290207529358  22.134913935672746  12.318047031114638  5.885562626005987  2.006425493268835  0.842227651245735  2.899874691990130  14.245168242570477 -154.870382207965775
        0.000000000348786  3.357290207529358  22.134913935672746  12.318047031114638  5.885562538304271  2.006425523166905  0.842227651245735  2.899874691990130  14.245168242570477 -154.870382207965775
        0.000000007155602  3.357290207529358  22.134913935672746  12.318047031114638  5.885562538304271  2.006425493268835  0.842227666146896  2.899874691990130  14.245168242570477 -154.870382207965775
        0.000000009812801  3.357290207529358  22.134913935672746  12.318047031114638  5.885562538304271  2.006425493268835  0.842227651245735  2.899874735201630  14.245168242570477 -154.870382207965775
        0.000000007118278  3.357290207529358  22.134913935672746  12.318047031114638  5.885562538304271  2.006425493268835  0.842227651245735  2.899874691990130  14.245168454840025 -154.870382207965775
        0.000037771007963  3.357290207529358  22.134913935672746  12.318047031114638  5.885562538304271  2.006425493268835  0.842227651245735  2.899874691990130  14.245168242570477 -154.870384515714306
        0.000029229281164  3.355872267016021  22.288217143254620  12.415758526691485  5.917062906176872  1.934945660442626  0.843507159511280  2.899287262008291  14.282383857426851 -154.870381438521349
        0.000000016795716  3.355872317022415  22.288217143254620  12.415758526691485  5.917062906176872  1.934945660442626  0.843507159511280  2.899287262008291  14.282383857426851 -154.870381438521349
        0.000000015784303  3.355872267016021  22.288217475374935  12.415758526691485  5.917062906176872  1.934945660442626  0.843507159511280  2.899287262008291  14.282383857426851 -154.870381438521349
        0.000000002550051  3.355872267016021  22.288217143254620  12.415758711700704  5.917062906176872  1.934945660442626  0.843507159511280  2.899287262008291  14.282383857426851 -154.870381438521349
        0.000000000397045  3.355872267016021  22.288217143254620  12.415758526691485  5.917062994347980  1.934945660442626  0.843507159511280  2.899287262008291  14.282383857426851 -154.870381438521349
        0.000000000373092  3.355872267016021  22.288217143254620  12.415758526691485  5.917062906176872  1.934945689275563  0.843507159511280  2.899287262008291  14.282383857426851 -154.870381438521349
        0.000000007196586  3.355872267016021  22.288217143254620  12.415758526691485  5.917062906176872  1.934945660442626  0.843507174412441  2.899287262008291  14.282383857426851 -154.870381438521349
        0.000000009839616  3.355872267016021  22.288217143254620  12.415758526691485  5.917062906176872  1.934945660442626  0.843507159511280  2.899287305211038  14.282383857426851 -154.870381438521349
        0.000000007107731  3.355872267016021  22.288217143254620  12.415758526691485  5.917062906176872  1.934945660442626  0.843507159511280  2.899287262008291  14.282384070250954 -154.870381438521349
        0.000037771007337  3.355872267016021  22.288217143254620  12.415758526691485  5.917062906176872  1.934945660442626  0.843507159511280  2.899287262008291  14.282383857426851 -154.870383746269880
        0.000073996501904  3.350232579285893  22.857140415137216  12.772829709228970  6.044801899319455  1.699084293797025  0.847628482315807  2.897653536614023  14.426181683046034 -154.870381444799904
        0.000000016752610  3.350232629208249  22.857140415137216  12.772829709228970  6.044801899319455  1.699084293797025  0.847628482315807  2.897653536614023  14.426181683046034 -154.870381444799904
        0.000000015758987  3.350232579285893  22.857140755735148  12.772829709228970  6.044801899319455  1.699084293797025  0.847628482315807  2.897653536614023  14.426181683046034 -154.870381444799904
        0.000000002574918  3.350232579285893  22.857140415137216  12.772829899558964  6.044801899319455  1.699084293797025  0.847628482315807  2.897653536614023  14.426181683046034 -154.870381444799904
        0.000000000404952  3.350232579285893  22.857140415137216  12.772829709228970  6.044801989394022  1.699084293797025  0.847628482315807  2.897653536614023  14.426181683046034 -154.870381444799904
        0.000000000455961  3.350232579285893  22.857140415137216  12.772829709228970  6.044801899319455  1.699084319115354  0.847628482315807  2.897653536614023  14.426181683046034 -154.870381444799904
        0.000000007330526  3.350232579285893  22.857140415137216  12.772829709228970  6.044801899319455  1.699084293797025  0.847628497216968  2.897653536614023  14.426181683046034 -154.870381444799904
        0.000000009941132  3.350232579285893  22.857140415137216  12.772829709228970  6.044801899319455  1.699084293797025  0.847628482315807  2.897653579792426  14.426181683046034 -154.870381444799904
        0.000000007054351  3.350232579285893  22.857140415137216  12.772829709228970  6.044801899319455  1.699084293797025  0.847628482315807  2.897653536614023  14.426181898012892 -154.870381444799904
        0.000037771007962  3.350232579285893  22.857140415137216  12.772829709228970  6.044801899319455  1.699084293797025  0.847628482315807  2.897653536614023  14.426181683046034 -154.870383752548435
        0.000018478546497  3.349948454891653  22.897985365423086  12.799749330212741  6.050985198186086  1.678391948688682  0.847958748609180  2.897307736521712  14.436613428563991 -154.870379965027126
        0.000000016749914  3.349948504809775  22.897985365423086  12.799749330212741  6.050985198186086  1.678391948688682  0.847958748609180  2.897307736521712  14.436613428563991 -154.870379965027126
        0.000000015758388  3.349948454891653  22.897985706629658  12.799749330212741  6.050985198186086  1.678391948688682  0.847958748609180  2.897307736521712  14.436613428563991 -154.870379965027126
        0.000000002577512  3.349948454891653  22.897985365423086  12.799749520943870  6.050985198186086  1.678391948688682  0.847958748609180  2.897307736521712  14.436613428563991 -154.870379965027126
        0.000000000405881  3.349948454891653  22.897985365423086  12.799749330212741  6.050985288352792  1.678391948688682  0.847958748609180  2.897307736521712  14.436613428563991 -154.870379965027126
        0.000000000462715  3.349948454891653  22.897985365423086  12.799749330212741  6.050985198186086  1.678391973698671  0.847958748609180  2.897307736521712  14.436613428563991 -154.870379965027126
        0.000000007343428  3.349948454891653  22.897985365423086  12.799749330212741  6.050985198186086  1.678391948688682  0.847958763510341  2.897307736521712  14.436613428563991 -154.870379965027126
        0.000000009948819  3.349948454891653  22.897985365423086  12.799749330212741  6.050985198186086  1.678391948688682  0.847958748609180  2.897307779694961  14.436613428563991 -154.870379965027126
        0.000000007054692  3.349948454891653  22.897985365423086  12.799749330212741  6.050985198186086  1.678391948688682  0.847958748609180  2.897307736521712  14.436613643686295 -154.870379965027126
        0.000037771005686  3.349948454891653  22.897985365423086  12.799749330212741  6.050985198186086  1.678391948688682  0.847958748609180  2.897307736521712  14.436613428563991 -154.870382272775629
        0.000066842879390  3.349907916715819  23.187024363198287  13.018719620117364  6.080405342553997  1.302797219886755  0.853862548399576  2.895057442745912  14.437485086947598 -154.870379754504285
        0.000000016736328  3.349907966633337  23.187024363198287  13.018719620117364  6.080405342553997  1.302797219886755  0.853862548399576  2.895057442745912  14.437485086947598 -154.870379754504285
        0.000000015744957  3.349907916715819  23.187024708711874  13.018719620117364  6.080405342553997  1.302797219886755  0.853862548399576  2.895057442745912  14.437485086947598 -154.870379754504285
        0.000000002613176  3.349907916715819  23.187024363198287  13.018719814111405  6.080405342553997  1.302797219886755  0.853862548399576  2.895057442745912  14.437485086947598 -154.870379754504285
        0.000000000418364  3.349907916715819  23.187024363198287  13.018719620117364  6.080405433159098  1.302797219886755  0.853862548399576  2.895057442745912  14.437485086947598 -154.870379754504285
        0.000000000579978  3.349907916715819  23.187024363198287  13.018719620117364  6.080405342553997  1.302797239299947  0.853862548399576  2.895057442745912  14.437485086947598 -154.870379754504285
        0.000000007528466  3.349907916715819  23.187024363198287  13.018719620117364  6.080405342553997  1.302797219886755  0.853862563300737  2.895057442745912  14.437485086947598 -154.870379754504285
        0.000000009966264  3.349907916715819  23.187024363198287  13.018719620117364  6.080405342553997  1.302797219886755  0.853862548399576  2.895057485885630  14.437485086947598 -154.870379754504285
        0.000000007112568  3.349907916715819  23.187024363198287  13.018719620117364  6.080405342553997  1.302797219886755  0.853862548399576  2.895057442745912  14.437485302082891 -154.870379754504285
        0.000037771005786  3.349907916715819  23.187024363198287  13.018719620117364  6.080405342553997  1.302797219886755  0.853862548399576  2.895057442745912  14.437485086947598 -154.870382062252787
        0.000023307329381  3.349891319163854  23.210169593625462  13.035866917191486  6.087207232883738  1.276939458006105  0.854163741191208  2.894660759869265  14.440103433236223 -154.870378321668596
        0.000000016733020  3.349891369081124  23.210169593625462  13.035866917191486  6.087207232883738  1.276939458006105  0.854163741191208  2.894660759869265  14.440103433236223 -154.870378321668596
        0.000000015743340  3.349891319163854  23.210169939483940  13.035866917191486  6.087207232883738  1.276939458006105  0.854163741191208  2.894660759869265  14.440103433236223 -154.870378321668596
        0.000000002615725  3.349891319163854  23.210169593625462  13.035867111441041  6.087207232883738  1.276939458006105  0.854163741191208  2.894660759869265  14.440103433236223 -154.870378321668596
        0.000000000419018  3.349891319163854  23.210169593625462  13.035866917191486  6.087207323590195  1.276939458006105  0.854163741191208  2.894660759869265  14.440103433236223 -154.870378321668596
        0.000000000588766  3.349891319163854  23.210169593625462  13.035866917191486  6.087207232883738  1.276939477033986  0.854163741191208  2.894660759869265  14.440103433236223 -154.870378321668596
        0.000000007543635  3.349891319163854  23.210169593625462  13.035866917191486  6.087207232883738  1.276939458006105  0.854163756092369  2.894660759869265  14.440103433236223 -154.870378321668596
        0.000000009970196  3.349891319163854  23.210169593625462  13.035866917191486  6.087207232883738  1.276939458006105  0.854163741191208  2.894660803003072  14.440103433236223 -154.870378321668596
        0.000000007117513  3.349891319163854  23.210169593625462  13.035866917191486  6.087207232883738  1.276939458006105  0.854163741191208  2.894660759869265  14.440103648410531 -154.870378321668596
        0.000037771004031  3.349891319163854  23.210169593625462  13.035866917191486  6.087207232883738  1.276939458006105  0.854163741191208  2.894660759869265  14.440103433236223 -154.870380629417070
        0.000164447336611  3.347104874377878  23.892948409945550  13.516280034215512  6.200626190431645  0.636205570648130  0.863863776334191  2.890832207811054  14.510849298054366 -154.870378835973327
        0.000125083659128  3.349898535712720  23.335861949409018  13.130778769686708  6.108743916590303  1.111425957037403  0.856523968698044  2.893692252591195  14.439639225909948 -154.870378332793308
        0.000000016727095  3.349898585630099  23.335861949409018  13.130778769686708  6.108743916590303  1.111425957037403  0.856523968698044  2.893692252591195  14.439639225909948 -154.870378332793308
        0.000000015737841  3.349898535712720  23.335862297140459  13.130778769686708  6.108743916590303  1.111425957037403  0.856523968698044  2.893692252591195  14.439639225909948 -154.870378332793308
        0.000000002631312  3.349898535712720  23.335861949409018  13.130778965350560  6.108743916590303  1.111425957037403  0.856523968698044  2.893692252591195  14.439639225909948 -154.870378332793308
        0.000000000424057  3.349898535712720  23.335861949409018  13.130778769686708  6.108744007617680  1.111425957037403  0.856523968698044  2.893692252591195  14.439639225909948 -154.870378332793308
        0.000000000642224  3.349898535712720  23.335861949409018  13.130778769686708  6.108743916590303  1.111425973598940  0.856523968698044  2.893692252591195  14.439639225909948 -154.870378332793308
        0.000000007627399  3.349898535712720  23.335861949409018  13.130778769686708  6.108743916590303  1.111425957037403  0.856523983599206  2.893692252591195  14.439639225909948 -154.870378332793308
        0.000000009979360  3.349898535712720  23.335861949409018  13.130778769686708  6.108743916590303  1.111425957037403  0.856523968698044  2.893692295710570  14.439639225909948 -154.870378332793308
        0.000000007143491  3.349898535712720  23.335861949409018  13.130778769686708  6.108743916590303  1.111425957037403  0.856523968698044  2.893692252591195  14.439639441077340 -154.870378332793308
        0.000037771004196  3.349898535712720  23.335861949409018  13.130778769686708  6.108743916590303  1.111425957037403  0.856523968698044  2.893692252591195  14.439639225909948 -154.870380640541782
        0.000037925911700  3.349120444854635  23.477751093097307  13.228724263958147  6.127276325409379  0.997824684731588  0.858392895791989  2.892874316409662  14.460843706682150 -154.870377545567095
        0.000000016717736  3.349120494760418  23.477751093097307  13.228724263958147  6.127276325409379  0.997824684731588  0.858392895791989  2.892874316409662  14.460843706682150 -154.870377545567095
        0.000000015732050  3.349120444854635  23.477751442943060  13.228724263958147  6.127276325409379  0.997824684731588  0.858392895791989  2.892874316409662  14.460843706682150 -154.870377545567095
        0.000000002642518  3.349120444854635  23.477751093097307  13.228724461081500  6.127276325409379  0.997824684731588  0.858392895791989  2.892874316409662  14.460843706682150 -154.870377545567095
        0.000000000428410  3.349120444854635  23.477751093097307  13.228724263958147  6.127276416712911  0.997824684731588  0.858392895791989  2.892874316409662  14.460843706682150 -154.870377545567095
        0.000000000677793  3.349120444854635  23.477751093097307  13.228724263958147  6.127276325409379  0.997824699632750  0.858392895791989  2.892874316409662  14.460843706682150 -154.870377545567095
        0.000000007683094  3.349120444854635  23.477751093097307  13.228724263958147  6.127276325409379  0.997824684731588  0.858392910693150  2.892874316409662  14.460843706682150 -154.870377545567095
        0.000000009996168  3.349120444854635  23.477751093097307  13.228724263958147  6.127276325409379  0.997824684731588  0.858392895791989  2.892874359516849  14.460843706682150 -154.870377545567095
        0.000000007148954  3.349120444854635  23.477751093097307  13.228724263958147  6.127276325409379  0.997824684731588  0.858392895791989  2.892874316409662  14.460843922165513 -154.870377545567095
        0.000037771003542  3.349120444854635  23.477751093097307  13.228724263958147  6.127276325409379  0.997824684731588  0.858392895791989  2.892874316409662  14.460843706682150 -154.870379853315569
        0.000035811928145  3.348883977788575  23.575090976347845  13.298960972305004  6.149244761070546  0.893300879083431  0.859793908734401  2.892169400778325  14.467658600376708 -154.870376992253284
        0.000000016712100  3.348884027690835  23.575090976347845  13.298960972305004  6.149244761070546  0.893300879083431  0.859793908734401  2.892169400778325  14.467658600376708 -154.870376992253284
        0.000000015728114  3.348883977788575  23.575091327644074  13.298960972305004  6.149244761070546  0.893300879083431  0.859793908734401  2.892169400778325  14.467658600376708 -154.870376992253284
        0.000000002652444  3.348883977788575  23.575090976347845  13.298961170474964  6.149244761070546  0.893300879083431  0.859793908734401  2.892169400778325  14.467658600376708 -154.870376992253284
        0.000000000431437  3.348883977788575  23.575090976347845  13.298960972305004  6.149244852701433  0.893300879083431  0.859793908734401  2.892169400778325  14.467658600376708 -154.870376992253284
        0.000000000682328  3.348883977788575  23.575090976347845  13.298960972305004  6.149244761070546  0.893300893984592  0.859793908734401  2.892169400778325  14.467658600376708 -154.870376992253284
        0.000000007707103  3.348883977788575  23.575090976347845  13.298960972305004  6.149244761070546  0.893300879083431  0.859793923635562  2.892169400778325  14.467658600376708 -154.870376992253284
        0.000000010007208  3.348883977788575  23.575090976347845  13.298960972305004  6.149244761070546  0.893300879083431  0.859793908734401  2.892169443875007  14.467658600376708 -154.870376992253284
        0.000000007161773  3.348883977788575  23.575090976347845  13.298960972305004  6.149244761070546  0.893300879083431  0.859793908734401  2.892169400778325  14.467658815961622 -154.870376992253284
        0.000037771002715  3.348883977788575  23.575090976347845  13.298960972305004  6.149244761070546  0.893300879083431  0.859793908734401  2.892169400778325  14.467658600376708 -154.870379300001730
        0.000044667897506  3.348458181624184  23.755795957577597  13.430696259383723  6.174517700948835  0.696077524537792  0.862731734124860  2.890915126286337  14.479154416850763 -154.870376608333487
        0.000000016702164  3.348458231520099  23.755795957577597  13.430696259383723  6.174517700948835  0.696077524537792  0.862731734124860  2.890915126286337  14.479154416850763 -154.870376608333487
        0.000000015720883  3.348458181624184  23.755796311566542  13.430696259383723  6.174517700948835  0.696077524537792  0.862731734124860  2.890915126286337  14.479154416850763 -154.870376608333487
        0.000000002671369  3.348458181624184  23.755795957577597  13.430696459516692  6.174517700948835  0.696077524537792  0.862731734124860  2.890915126286337  14.479154416850763 -154.870376608333487
        0.000000000438304  3.348458181624184  23.755795957577597  13.430696259383723  6.174517792956318  0.696077524537792  0.862731734124860  2.890915126286337  14.479154416850763 -154.870376608333487
        0.000000000688668  3.348458181624184  23.755795957577597  13.430696259383723  6.174517700948835  0.696077539438953  0.862731734124860  2.890915126286337  14.479154416850763 -154.870376608333487
        0.000000007747476  3.348458181624184  23.755795957577597  13.430696259383723  6.174517700948835  0.696077524537792  0.862731749026021  2.890915126286337  14.479154416850763 -154.870376608333487
        0.000000010023189  3.348458181624184  23.755795957577597  13.430696259383723  6.174517700948835  0.696077524537792  0.862731734124860  2.890915169364329  14.479154416850763 -154.870376608333487
        0.000000007185689  3.348458181624184  23.755795957577597  13.430696259383723  6.174517700948835  0.696077524537792  0.862731734124860  2.890915126286337  14.479154632606978 -154.870376608333487
        0.000037771002436  3.348458181624184  23.755795957577597  13.430696259383723  6.174517700948835  0.696077524537792  0.862731734124860  2.890915126286337  14.479154416850763 -154.870378916081933
        0.000030481112963  3.347873756615993  23.822769861951777  13.473591194212693  6.197609618576268  0.663646283242762  0.863030581508343  2.890627596594781  14.495308418629328 -154.870375793856340
        0.000000016697190  3.347873806503199  23.822769861951777  13.473591194212693  6.197609618576268  0.663646283242762  0.863030581508343  2.890627596594781  14.495308418629328 -154.870375793856340
        0.000000015718794  3.347873756615993  23.822770216938711  13.473591194212693  6.197609618576268  0.663646283242762  0.863030581508343  2.890627596594781  14.495308418629328 -154.870375793856340
        0.000000002674433  3.347873756615993  23.822769861951777  13.473591394984847  6.197609618576268  0.663646283242762  0.863030581508343  2.890627596594781  14.495308418629328 -154.870375793856340
        0.000000000438836  3.347873756615993  23.822769861951777  13.473591194212693  6.197609710927848  0.663646283242762  0.863030581508343  2.890627596594781  14.495308418629328 -154.870375793856340
        0.000000000691493  3.347873756615993  23.822769861951777  13.473591194212693  6.197609618576268  0.663646298143923  0.863030581508343  2.890627596594781  14.495308418629328 -154.870375793856340
        0.000000007757818  3.347873756615993  23.822769861951777  13.473591194212693  6.197609618576268  0.663646283242762  0.863030596409504  2.890627596594781  14.495308418629328 -154.870375793856340
        0.000000010036784  3.347873756615993  23.822769861951777  13.473591194212693  6.197609618576268  0.663646283242762  0.863030581508343  2.890627639668489  14.495308418629328 -154.870375793856340
        0.000000007181720  3.347873756615993  23.822769861951777  13.473591194212693  6.197609618576268  0.663646283242762  0.863030581508343  2.890627596594781  14.495308634626255 -154.870375793856340
        0.000037771001857  3.347873756615993  23.822769861951777  13.473591194212693  6.197609618576268  0.663646283242762  0.863030581508343  2.890627596594781  14.495308418629328 -154.870378101604786
        0.000056096062413  3.345791745126691  24.144676398788242  13.690165677979733  6.269923803842764  0.433091746300217  0.866142116963239  2.889294440220468  14.548674577976705 -154.870376011325760
        0.000000016677942  3.345791794982873  24.144676398788242  13.690165677979733  6.269923803842764  0.433091746300217  0.866142116963239  2.889294440220468  14.548674577976705 -154.870376011325760
        0.000000015708147  3.345791745126691  24.144676758571958  13.690165677979733  6.269923803842764  0.433091746300217  0.866142116963239  2.889294440220468  14.548674577976705 -154.870376011325760
        0.000000002696203  3.345791745126691  24.144676398788242  13.690165881979098  6.269923803842764  0.433091746300217  0.866142116963239  2.889294440220468  14.548674577976705 -154.870376011325760
        0.000000000445896  3.345791745126691  24.144676398788242  13.690165677979733  6.269923897271910  0.433091746300217  0.866142116963239  2.889294440220468  14.548674577976705 -154.870376011325760
        0.000000000702096  3.345791745126691  24.144676398788242  13.690165677979733  6.269923803842764  0.433091761201378  0.866142116963239  2.889294440220468  14.548674577976705 -154.870376011325760
        0.000000007809435  3.345791745126691  24.144676398788242  13.690165677979733  6.269923803842764  0.433091746300217  0.866142131864400  2.889294440220468  14.548674577976705 -154.870376011325760
        0.000000010082415  3.345791745126691  24.144676398788242  13.690165677979733  6.269923803842764  0.433091746300217  0.866142116963239  2.889294483274310  14.548674577976705 -154.870376011325760
        0.000000007182839  3.345791745126691  24.144676398788242  13.690165677979733  6.269923803842764  0.433091746300217  0.866142116963239  2.889294440220468  14.548674794768850 -154.870376011325760
        0.000037771002357  3.345791745126691  24.144676398788242  13.690165677979733  6.269923803842764  0.433091746300217  0.866142116963239  2.889294440220468  14.548674577976705 -154.870378319074206
        0.000023773083124  3.345781521508592  24.156174066649925  13.698750643452779  6.267515872909792  0.422165842081406  0.866383243754199  2.889007441821359  14.551210770540347 -154.870374671041645
        0.000000016676183  3.345781571364622  24.156174066649925  13.698750643452779  6.267515872909792  0.422165842081406  0.866383243754199  2.889007441821359  14.551210770540347 -154.870374671041645
        0.000000015707625  3.345781521508592  24.156174426604970  13.698750643452779  6.267515872909792  0.422165842081406  0.866383243754199  2.889007441821359  14.551210770540347 -154.870374671041645
        0.000000002697575  3.345781521508592  24.156174066649925  13.698750847580071  6.267515872909792  0.422165842081406  0.866383243754199  2.889007441821359  14.551210770540347 -154.870374671041645
        0.000000000446689  3.345781521508592  24.156174066649925  13.698750643452779  6.267515966303057  0.422165842081406  0.866383243754199  2.889007441821359  14.551210770540347 -154.870374671041645
        0.000000000701982  3.345781521508592  24.156174066649925  13.698750643452779  6.267515872909792  0.422165856982568  0.866383243754199  2.889007441821359  14.551210770540347 -154.870374671041645
        0.000000007811792  3.345781521508592  24.156174066649925  13.698750643452779  6.267515872909792  0.422165842081406  0.866383258655360  2.889007441821359  14.551210770540347 -154.870374671041645
        0.000000010083702  3.345781521508592  24.156174066649925  13.698750643452779  6.267515872909792  0.422165842081406  0.866383243754199  2.889007484870925  14.551210770540347 -154.870374671041645
        0.000000007185354  3.345781521508592  24.156174066649925  13.698750643452779  6.267515872909792  0.422165842081406  0.866383243754199  2.889007441821359  14.551210987370284 -154.870374671041645
        0.000037771000555  3.345781521508592  24.156174066649925  13.698750643452779  6.267515872909792  0.422165842081406  0.866383243754199  2.889007441821359  14.551210770540347 -154.870376978790063
2022-08-18 04:55:09.006622
