/projects/wagner/highthroughput/mick_graphene_paper/3_data/kc_fitting_dft
2022-08-17 14:14:10.823532
energy_inf: -154.89183204249554
     2536.019385218373827  3.416084000000000  20.021583000000000  10.905510700000001  4.275635400000000  0.010010836000000  0.844712200000000  2.936058400000000  14.313258800000000 -154.891832042495537
        0.000000018717218  3.416084050903618  20.021583000000000  10.905510700000001  4.275635400000000  0.010010836000000  0.844712200000000  2.936058400000000  14.313258800000000 -154.891832042495537
        0.000000019282189  3.416084000000000  20.021583298344837  10.905510700000001  4.275635400000000  0.010010836000000  0.844712200000000  2.936058400000000  14.313258800000000 -154.891832042495537
        0.000000002760085  3.416084000000000  20.021583000000000  10.905510862504773  4.275635400000000  0.010010836000000  0.844712200000000  2.936058400000000  14.313258800000000 -154.891832042495537
        0.000000000499340  3.416084000000000  20.021583000000000  10.905510700000001  4.275635463711932  0.010010836000000  0.844712200000000  2.936058400000000  14.313258800000000 -154.891832042495537
        0.000000000455390  3.416084000000000  20.021583000000000  10.905510700000001  4.275635400000000  0.010010850901161  0.844712200000000  2.936058400000000  14.313258800000000 -154.891832042495537
        0.000000007626080  3.416084000000000  20.021583000000000  10.905510700000001  4.275635400000000  0.010010836000000  0.844712214901161  2.936058400000000  14.313258800000000 -154.891832042495537
        0.000000008542471  3.416084000000000  20.021583000000000  10.905510700000001  4.275635400000000  0.010010836000000  0.844712200000000  2.936058443750679  14.313258800000000 -154.891832042495537
        0.000000009622645  3.416084000000000  20.021583000000000  10.905510700000001  4.275635400000000  0.010010836000000  0.844712200000000  2.936058400000000  14.313259013284176 -154.891832042495537
        0.000037775266475  3.416084000000000  20.021583000000000  10.905510700000001  4.275635400000000  0.010010836000000  0.844712200000000  2.936058400000000  14.313258800000000 -154.891834350563698
        0.260355780173971  3.388406714351029  0.659323127934709  0.995022919214760  6.204210947879051  26.486529597033627  0.202477787771437  2.935064553899383  14.283588388301537 -154.891776733674476
        0.217314062549473  3.314954913634937  16.739377705660758  8.707474015281193  5.531000179182664  7.519683440397144  0.600037657856933  2.863244232240136  14.206965079338552 -154.891675317451046
        0.000000015730032  3.314954963031614  16.739377705660758  8.707474015281193  5.531000179182664  7.519683440397144  0.600037657856933  2.863244232240136  14.206965079338552 -154.891675317451046
        0.000000016152264  3.314954913634937  16.739377955096924  8.707474015281193  5.531000179182664  7.519683440397144  0.600037657856933  2.863244232240136  14.206965079338552 -154.891675317451046
        0.000000001675461  3.314954913634937  16.739377705660758  8.707474145032666  5.531000179182664  7.519683440397144  0.600037657856933  2.863244232240136  14.206965079338552 -154.891675317451046
        0.000000000115084  3.314954913634937  16.739377705660758  8.707474015281193  5.531000261600989  7.519683440397144  0.600037657856933  2.863244232240136  14.206965079338552 -154.891675317451046
        0.000000001617939  3.314954913634937  16.739377705660758  8.707474015281193  5.531000179182664  7.519683552449159  0.600037657856933  2.863244232240136  14.206965079338552 -154.891675317451046
        0.000000003134876  3.314954913634937  16.739377705660758  8.707474015281193  5.531000179182664  7.519683440397144  0.600037672758095  2.863244232240136  14.206965079338552 -154.891675317451046
        0.000000007758078  3.314954913634937  16.739377705660758  8.707474015281193  5.531000179182664  7.519683440397144  0.600037657856933  2.863244274905800  14.206965079338552 -154.891675317451046
        0.000000005547882  3.314954913634937  16.739377705660758  8.707474015281193  5.531000179182664  7.519683440397144  0.600037657856933  2.863244232240136  14.206965291038829 -154.891675317451046
        0.000037776843955  3.314954913634937  16.739377705660758  8.707474015281193  5.531000179182664  7.519683440397144  0.600037657856933  2.863244232240136  14.206965079338552 -154.891677625516877
        0.020444120917780  3.285735792527847  16.487466531716393  9.316693553153662  5.722817488612113  7.487387079813089  0.605462998482710  2.681904684757619  15.266619661770035 -154.891561121238311
        0.000000017450178  3.285735841489125  16.487466531716393  9.316693553153662  5.722817488612113  7.487387079813089  0.605462998482710  2.681904684757619  15.266619661770035 -154.891561121238311
        0.000000018281964  3.285735792527847  16.487466777398790  9.316693553153662  5.722817488612113  7.487387079813089  0.605462998482710  2.681904684757619  15.266619661770035 -154.891561121238311
        0.000000001514822  3.285735792527847  16.487466531716393  9.316693691983215  5.722817488612113  7.487387079813089  0.605462998482710  2.681904684757619  15.266619661770035 -154.891561121238311
        0.000000000114252  3.285735792527847  16.487466531716393  9.316693553153662  5.722817573888739  7.487387079813089  0.605462998482710  2.681904684757619  15.266619661770035 -154.891561121238311
        0.000000001590217  3.285735792527847  16.487466531716393  9.316693553153662  5.722817488612113  7.487387191383851  0.605462998482710  2.681904684757619  15.266619661770035 -154.891561121238311
        0.000000003025561  3.285735792527847  16.487466531716393  9.316693553153662  5.722817488612113  7.487387079813089  0.605463013383871  2.681904684757619  15.266619661770035 -154.891561121238311
        0.000000008011428  3.285735792527847  16.487466531716393  9.316693553153662  5.722817488612113  7.487387079813089  0.605462998482710  2.681904724721113  15.266619661770035 -154.891561121238311
        0.000000005318774  3.285735792527847  16.487466531716393  9.316693553153662  5.722817488612113  7.487387079813089  0.605462998482710  2.681904684757619  15.266619889260395 -154.891561121238311
        0.000037776667453  3.285735792527847  16.487466531716393  9.316693553153662  5.722817488612113  7.487387079813089  0.605462998482710  2.681904684757619  15.266619661770035 -154.891563429302437
        0.003817529576693  3.277123153480601  16.580763934578339  10.267122631451233  5.907537627370465  7.349279545091283  0.598472007512325  2.784119580265955  15.365811952643810 -154.891074744299004
        0.000000017982150  3.277123202313541  16.580763934578339  10.267122631451233  5.907537627370465  7.349279545091283  0.598472007512325  2.784119580265955  15.365811952643810 -154.891074744299004
        0.000000018759416  3.277123153480601  16.580764181650974  10.267122631451233  5.907537627370465  7.349279545091283  0.598472007512325  2.784119580265955  15.365811952643810 -154.891074744299004
        0.000000001482704  3.277123153480601  16.580763934578339  10.267122784443282  5.907537627370465  7.349279545091283  0.598472007512325  2.784119580265955  15.365811952643810 -154.891074744299004
        0.000000000098695  3.277123153480601  16.580763934578339  10.267122631451233  5.907537715399636  7.349279545091283  0.598472007512325  2.784119580265955  15.365811952643810 -154.891074744299004
        0.000000001442366  3.277123153480601  16.580763934578339  10.267122631451233  5.907537627370465  7.349279654604082  0.598472007512325  2.784119580265955  15.365811952643810 -154.891074744299004
        0.000000003106121  3.277123153480601  16.580763934578339  10.267122631451233  5.907537627370465  7.349279545091283  0.598472022413486  2.784119580265955  15.365811952643810 -154.891074744299004
        0.000000007754395  3.277123153480601  16.580763934578339  10.267122631451233  5.907537627370465  7.349279545091283  0.598472007512325  2.784119621752570  15.365811952643810 -154.891074744299004
        0.000000005378428  3.277123153480601  16.580763934578339  10.267122631451233  5.907537627370465  7.349279545091283  0.598472007512325  2.784119580265955  15.365812181612251 -154.891074744299004
        0.000037776622336  3.277123153480601  16.580763934578339  10.267122631451233  5.907537627370465  7.349279545091283  0.598472007512325  2.784119580265955  15.365811952643810 -154.891077052355882
        0.010735850070827  3.275041883563848  18.066053206930469  11.279706025892077  6.459912484183026  6.936960044835591  0.605486587966717  3.029339127830646  15.879694964914359 -154.889037136314471
        0.000000019297148  3.275041932365775  18.066053206930469  11.279706025892077  6.459912484183026  6.936960044835591  0.605486587966717  3.029339127830646  15.879694964914359 -154.889037136314471
        0.000000019959759  3.275041883563848  18.066053476135639  11.279706025892077  6.459912484183026  6.936960044835591  0.605486587966717  3.029339127830646  15.879694964914359 -154.889037136314471
        0.000000001598784  3.275041883563848  18.066053206930469  11.279706193972794  6.459912484183026  6.936960044835591  0.605486587966717  3.029339127830646  15.879694964914359 -154.889037136314471
        0.000000000106636  3.275041883563848  18.066053206930469  11.279706025892077  6.459912580443223  6.936960044835591  0.605486587966717  3.029339127830646  15.879694964914359 -154.889037136314471
        0.000000001148799  3.275041883563848  18.066053206930469  11.279706025892077  6.459912484183026  6.936960148204351  0.605486587966717  3.029339127830646  15.879694964914359 -154.889037136314471
        0.000000003534954  3.275041883563848  18.066053206930469  11.279706025892077  6.459912484183026  6.936960044835591  0.605486602867878  3.029339127830646  15.879694964914359 -154.889037136314471
        0.000000007626843  3.275041883563848  18.066053206930469  11.279706025892077  6.459912484183026  6.936960044835591  0.605486587966717  3.029339172971317  15.879694964914359 -154.889037136314471
        0.000000005913958  3.275041883563848  18.066053206930469  11.279706025892077  6.459912484183026  6.936960044835591  0.605486587966717  3.029339127830646  15.879695201540253 -154.889037136314471
        0.000037775892376  3.275041883563848  18.066053206930469  11.279706025892077  6.459912484183026  6.936960044835591  0.605486587966717  3.029339127830646  15.879694964914359 -154.889039444340995
        0.001683820205030  3.276445092952510  18.275879495854138  11.287554420080770  6.541123368484049  6.855049130768522  0.608835143572550  3.045420442541857  16.016092440555951 -154.888797930127566
        0.000000019590905  3.276445141775346  18.275879495854138  11.287554420080770  6.541123368484049  6.855049130768522  0.608835143572550  3.045420442541857  16.016092440555951 -154.888797930127566
        0.000000020257641  3.276445092952510  18.275879768185963  11.287554420080770  6.541123368484049  6.855049130768522  0.608835143572550  3.045420442541857  16.016092440555951 -154.888797930127566
        0.000000001623650  3.276445092952510  18.275879495854138  11.287554588278438  6.541123368484049  6.855049130768522  0.608835143572550  3.045420442541857  16.016092440555951 -154.888797930127566
        0.000000000111524  3.276445092952510  18.275879495854138  11.287554420080770  6.541123465954383  6.855049130768522  0.608835143572550  3.045420442541857  16.016092440555951 -154.888797930127566
        0.000000001117624  3.276445092952510  18.275879495854138  11.287554420080770  6.541123368484049  6.855049232916715  0.608835143572550  3.045420442541857  16.016092440555951 -154.888797930127566
        0.000000003614941  3.276445092952510  18.275879495854138  11.287554420080770  6.541123368484049  6.855049130768522  0.608835158473712  3.045420442541857  16.016092440555951 -154.888797930127566
        0.000000007670606  3.276445092952510  18.275879495854138  11.287554420080770  6.541123368484049  6.855049130768522  0.608835143572550  3.045420487922158  16.016092440555951 -154.888797930127566
        0.000000006033704  3.276445092952510  18.275879495854138  11.287554420080770  6.541123368484049  6.855049130768522  0.608835143572550  3.045420442541857  16.016092679214328 -154.888797930127566
        0.000037775742817  3.276445092952510  18.275879495854138  11.287554420080770  6.541123368484049  6.855049130768522  0.608835143572550  3.045420442541857  16.016092440555951 -154.888800238150509
        0.007112958302866  3.201091466294528  25.283426861141457  10.635132305351959  11.039375202696935  5.672196887122632  0.656220299241294  3.113364488489258  18.027317413957114 -154.888599620394388
        0.004265936738213  3.285923393015050  20.047448210591401  9.454282947152661  7.353535234587472  5.330174444013334  0.664125820320608  3.031774939867686  16.418226757497344 -154.887882452946400
        0.002707211981491  3.297891018363335  18.409915617741056  9.970967196647058  6.475432989092907  6.014339820200360  0.641410207473180  3.035447308328604  16.095326117165488 -154.887863296517963
        0.000000020266710  3.297891067505740  18.409915617741056  9.970967196647058  6.475432989092907  6.014339820200360  0.641410207473180  3.035447308328604  16.095326117165488 -154.887863296517963
        0.000000021012457  3.297891018363335  18.409915892070178  9.970967196647058  6.475432989092907  6.014339820200360  0.641410207473180  3.035447308328604  16.095326117165488 -154.887863296517963
        0.000000001748228  3.297891018363335  18.409915617741056  9.970967345226047  6.475432989092907  6.014339820200360  0.641410207473180  3.035447308328604  16.095326117165488 -154.887863296517963
        0.000000000162932  3.297891018363335  18.409915617741056  9.970967196647058  6.475433085584378  6.014339820200360  0.641410207473180  3.035447308328604  16.095326117165488 -154.887863296517963
        0.000000000947315  3.297891018363335  18.409915617741056  9.970967196647058  6.475432989092907  6.014339909821007  0.641410207473180  3.035447308328604  16.095326117165488 -154.887863296517963
        0.000000004030332  3.297891018363335  18.409915617741056  9.970967196647058  6.475432989092907  6.014339820200360  0.641410222374341  3.035447308328604  16.095326117165488 -154.887863296517963
        0.000000007852242  3.297891018363335  18.409915617741056  9.970967196647058  6.475432989092907  6.014339820200360  0.641410207473180  3.035447353560293  16.095326117165488 -154.887863296517963
        0.000000006639007  3.297891018363335  18.409915617741056  9.970967196647058  6.475432989092907  6.014339820200360  0.641410207473180  3.035447308328604  16.095326357004538 -154.887863296517963
        0.000037775144333  3.297891018363335  18.409915617741056  9.970967196647058  6.475432989092907  6.014339820200360  0.641410207473180  3.035447308328604  16.095326117165488 -154.887865604526979
        0.000787401951318  3.304292186400472  18.590928376715578  9.894859593719493  6.583440142105013  5.527471726266004  0.654173955098004  3.010725533260956  16.079602312425404 -154.887721608794465
        0.000000020343077  3.304292235638262  18.590928376715578  9.894859593719493  6.583440142105013  5.527471726266004  0.654173955098004  3.010725533260956  16.079602312425404 -154.887721608794465
        0.000000021147379  3.304292186400472  18.590928653741997  9.894859593719493  6.583440142105013  5.527471726266004  0.654173955098004  3.010725533260956  16.079602312425404 -154.887721608794465
        0.000000001799266  3.304292186400472  18.590928376715578  9.894859741164391  6.583440142105013  5.527471726266004  0.654173955098004  3.010725533260956  16.079602312425404 -154.887721608794465
        0.000000000187592  3.304292186400472  18.590928376715578  9.894859593719493  6.583440240205915  5.527471726266004  0.654173955098004  3.010725533260956  16.079602312425404 -154.887721608794465
        0.000000000827278  3.304292186400472  18.590928376715578  9.894859593719493  6.583440142105013  5.527471808631751  0.654173955098004  3.010725533260956  16.079602312425404 -154.887721608794465
        0.000000004341816  3.304292186400472  18.590928376715578  9.894859593719493  6.583440142105013  5.527471726266004  0.654173969999165  3.010725533260956  16.079602312425404 -154.887721608794465
        0.000000008013998  3.304292186400472  18.590928376715578  9.894859593719493  6.583440142105013  5.527471726266004  0.654173955098004  3.010725578124262  16.079602312425404 -154.887721608794465
        0.000000006824609  3.304292186400472  18.590928376715578  9.894859593719493  6.583440142105013  5.527471726266004  0.654173955098004  3.010725533260956  16.079602552030149 -154.887721608794465
        0.000037775017835  3.304292186400472  18.590928376715578  9.894859593719493  6.583440142105013  5.527471726266004  0.654173955098004  3.010725533260956  16.079602312425404 -154.887723916801377
        0.001003687232775  3.294242232610686  19.752107366093114  8.903630627823432  8.601113409219257  4.937783674877034  0.647014865263572  3.034004764403759  16.156140947855512 -154.887865225431597
        0.000000020345992  3.294242281698720  19.752107366093114  8.903630627823432  8.601113409219257  4.937783674877034  0.647014865263572  3.034004764403759  16.156140947855512 -154.887865225431597
        0.000000021149222  3.294242232610686  19.752107660422450  8.903630627823432  8.601113409219257  4.937783674877034  0.647014865263572  3.034004764403759  16.156140947855512 -154.887865225431597
        0.000000001877661  3.294242232610686  19.752107366093114  8.903630760497867  8.601113409219257  4.937783674877034  0.647014865263572  3.034004764403759  16.156140947855512 -154.887865225431597
        0.000000000359931  3.294242232610686  19.752107366093114  8.903630627823432  8.601113537385835  4.937783674877034  0.647014865263572  3.034004764403759  16.156140947855512 -154.887865225431597
        0.000000000558920  3.294242232610686  19.752107366093114  8.903630627823432  8.601113409219257  4.937783748455744  0.647014865263572  3.034004764403759  16.156140947855512 -154.887865225431597
        0.000000004795889  3.294242232610686  19.752107366093114  8.903630627823432  8.601113409219257  4.937783674877034  0.647014880164733  3.034004764403759  16.156140947855512 -154.887865225431597
        0.000000008210963  3.294242232610686  19.752107366093114  8.903630627823432  8.601113409219257  4.937783674877034  0.647014865263572  3.034004809613953  16.156140947855512 -154.887865225431597
        0.000000006756324  3.294242232610686  19.752107366093114  8.903630627823432  8.601113409219257  4.937783674877034  0.647014865263572  3.034004764403759  16.156141188600774 -154.887865225431597
        0.000037775169407  3.294242232610686  19.752107366093114  8.903630627823432  8.601113409219257  4.937783674877034  0.647014865263572  3.034004764403759  16.156140947855512 -154.887867533440641
        0.001015849406236  3.294634842432446  20.376020926956784  8.834508980360274  8.953486585135810  4.143041782934775  0.660116532938273  3.043079120521885  16.056773945896044 -154.887908950921144
        0.000000020311572  3.294634891526331  20.376020926956784  8.834508980360274  8.953486585135810  4.143041782934775  0.660116532938273  3.043079120521885  16.056773945896044 -154.887908950921144
        0.000000021147555  3.294634842432446  20.376021230583156  8.834508980360274  8.953486585135810  4.143041782934775  0.660116532938273  3.043079120521885  16.056773945896044 -154.887908950921144
        0.000000001947007  3.294634842432446  20.376020926956784  8.834509112004717  8.953486585135810  4.143041782934775  0.660116532938273  3.043079120521885  16.056773945896044 -154.887908950921144
        0.000000000406562  3.294634842432446  20.376020926956784  8.834508980360274  8.953486718553156  4.143041782934775  0.660116532938273  3.043079120521885  16.056773945896044 -154.887908950921144
        0.000000000376430  3.294634842432446  20.376020926956784  8.834508980360274  8.953486585135810  4.143041844670909  0.660116532938273  3.043079120521885  16.056773945896044 -154.887908950921144
        0.000000005212883  3.294634842432446  20.376020926956784  8.834508980360274  8.953486585135810  4.143041782934775  0.660116547839435  3.043079120521885  16.056773945896044 -154.887908950921144
        0.000000008297563  3.294634842432446  20.376020926956784  8.834508980360274  8.953486585135810  4.143041782934775  0.660116532938273  3.043079165867297  16.056773945896044 -154.887908950921144
        0.000000006846175  3.294634842432446  20.376020926956784  8.834508980360274  8.953486585135810  4.143041782934775  0.660116532938273  3.043079120521885  16.056774185160620 -154.887908950921144
        0.000037775226711  3.294634842432446  20.376020926956784  8.834508980360274  8.953486585135810  4.143041782934775  0.660116532938273  3.043079120521885  16.056773945896044 -154.887911258930842
        0.000484291456924  3.292077402111995  20.457117719056683  8.827121840944457  9.126505872656299  4.061868830934539  0.655895821748601  3.059504645791668  15.955986137885199 -154.888065839680195
        0.000000020221028  3.292077451167771  20.457117719056683  8.827121840944457  9.126505872656299  4.061868830934539  0.655895821748601  3.059504645791668  15.955986137885199 -154.888065839680195
        0.000000021035002  3.292077402111995  20.457118023891493  8.827121840944457  9.126505872656299  4.061868830934539  0.655895821748601  3.059504645791668  15.955986137885199 -154.888065839680195
        0.000000001939812  3.292077402111995  20.457117719056683  8.827121972478823  9.126505872656299  4.061868830934539  0.655895821748601  3.059504645791668  15.955986137885199 -154.888065839680195
        0.000000000412757  3.292077402111995  20.457117719056683  8.827121840944457  9.126506008651834  4.061868830934539  0.655895821748601  3.059504645791668  15.955986137885199 -154.888065839680195
        0.000000000369173  3.292077402111995  20.457117719056683  8.827121840944457  9.126505872656299  4.061868891461101  0.655895821748601  3.059504645791668  15.955986137885199 -154.888065839680195
        0.000000005202486  3.292077402111995  20.457117719056683  8.827121840944457  9.126505872656299  4.061868830934539  0.655895836649762  3.059504645791668  15.955986137885199 -154.888065839680195
        0.000000008221643  3.292077402111995  20.457117719056683  8.827121840944457  9.126505872656299  4.061868830934539  0.655895821748601  3.059504691381840  15.955986137885199 -154.888065839680195
        0.000000006777253  3.292077402111995  20.457117719056683  8.827121840944457  9.126505872656299  4.061868830934539  0.655895821748601  3.059504645791668  15.955986375647921 -154.888065839680195
        0.000037775357710  3.292077402111995  20.457117719056683  8.827121840944457  9.126505872656299  4.061868830934539  0.655895821748601  3.059504645791668  15.955986137885199 -154.888068147692223
        0.003446206407895  3.297732153710615  20.572573554658259  8.764565251514963  9.383234141942713  2.090319809529422  0.660725239854838  3.157824740566838  14.647729087692358 -154.889090005234493
        0.002374225754461  3.291561971682139  20.459475805225029  8.838366061867429  9.196655461638750  3.586641964295813  0.653677908643088  3.094743381860744  15.540118323440762 -154.888470959826691
        0.000000019916145  3.291562020730234  20.459475805225029  8.838366061867429  9.196655461638750  3.586641964295813  0.653677908643088  3.094743381860744  15.540118323440762 -154.888470959826691
        0.000000020691079  3.291561971682139  20.459476110094975  8.838366061867429  9.196655461638750  3.586641964295813  0.653677908643088  3.094743381860744  15.540118323440762 -154.888470959826691
        0.000000001937277  3.291561971682139  20.459475805225029  8.838366193569346  9.196655461638750  3.586641964295813  0.653677908643088  3.094743381860744  15.540118323440762 -154.888470959826691
        0.000000000411961  3.291561971682139  20.459475805225029  8.838366061867429  9.196655598679596  3.586641964295813  0.653677908643088  3.094743381860744  15.540118323440762 -154.888470959826691
        0.000000000333222  3.291561971682139  20.459475805225029  8.838366061867429  9.196655461638750  3.586642017740943  0.653677908643088  3.094743381860744  15.540118323440762 -154.888470959826691
        0.000000005269954  3.291561971682139  20.459475805225029  8.838366061867429  9.196655461638750  3.586641964295813  0.653677923544249  3.094743381860744  15.540118323440762 -154.888470959826691
        0.000000008006236  3.291561971682139  20.459475805225029  8.838366061867429  9.196655461638750  3.586641964295813  0.653677908643088  3.094743427976014  15.540118323440762 -154.888470959826691
        0.000000006693664  3.291561971682139  20.459475805225029  8.838366061867429  9.196655461638750  3.586641964295813  0.653677908643088  3.094743381860744  15.540118555006570 -154.888470959826691
        0.000037775684177  3.291561971682139  20.459475805225029  8.838366061867429  9.196655461638750  3.586641964295813  0.653677908643088  3.094743381860744  15.540118323440762 -154.888473267844773
        0.000370141257171  3.289070653168753  20.657193252411126  8.638926471773463  9.596762140619454  3.426870380294300  0.650961329248244  3.111167696086636  15.478540148795123 -154.888578374723863
        0.000000019864017  3.289070702179725  20.657193252411126  8.638926471773463  9.596762140619454  3.426870380294300  0.650961329248244  3.111167696086636  15.478540148795123 -154.888578374723863
        0.000000020622278  3.289070653168753  20.657193560227292  8.638926471773463  9.596762140619454  3.426870380294300  0.650961329248244  3.111167696086636  15.478540148795123 -154.888578374723863
        0.000000001945193  3.289070653168753  20.657193252411126  8.638926600503499  9.596762140619454  3.426870380294300  0.650961329248244  3.111167696086636  15.478540148795123 -154.888578374723863
        0.000000000447642  3.289070653168753  20.657193252411126  8.638926471773463  9.596762283622354  3.426870380294300  0.650961329248244  3.111167696086636  15.478540148795123 -154.888578374723863
        0.000000000343143  3.289070653168753  20.657193252411126  8.638926471773463  9.596762140619454  3.426870431358648  0.650961329248244  3.111167696086636  15.478540148795123 -154.888578374723863
        0.000000005325690  3.289070653168753  20.657193252411126  8.638926471773463  9.596762140619454  3.426870380294300  0.650961344149405  3.111167696086636  15.478540148795123 -154.888578374723863
        0.000000007978994  3.289070653168753  20.657193252411126  8.638926471773463  9.596762140619454  3.426870380294300  0.650961329248244  3.111167742446648  15.478540148795123 -154.888578374723863
        0.000000006651386  3.289070653168753  20.657193252411126  8.638926471773463  9.596762140619454  3.426870380294300  0.650961329248244  3.111167696086636  15.478540379443345 -154.888578374723863
        0.000037775779741  3.289070653168753  20.657193252411126  8.638926471773463  9.596762140619454  3.426870380294300  0.650961329248244  3.111167696086636  15.478540148795123 -154.888580682743537
        0.000788197828237  3.290132870178308  20.729475377648072  8.570234964467268  9.744778798088545  2.927322830621673  0.651993482009037  3.136979094379670  15.172910216277726 -154.888827430692231
        0.000000019685411  3.290132919205108  20.729475377648072  8.570234964467268  9.744778798088545  2.927322830621673  0.651993482009037  3.136979094379670  15.172910216277726 -154.888827430692231
        0.000000020423372  3.290132870178308  20.729475686541324  8.570234964467268  9.744778798088545  2.927322830621673  0.651993482009037  3.136979094379670  15.172910216277726 -154.888827430692231
        0.000000001960917  3.290132870178308  20.729475377648072  8.570235092173721  9.744778798088545  2.927322830621673  0.651993482009037  3.136979094379670  15.172910216277726 -154.888827430692231
        0.000000000463467  3.290132870178308  20.729475377648072  8.570234964467268  9.744778943297064  2.927322830621673  0.651993482009037  3.136979094379670  15.172910216277726 -154.888827430692231
        0.000000000373956  3.290132870178308  20.729475377648072  8.570234964467268  9.744778798088545  2.927322874242182  0.651993482009037  3.136979094379670  15.172910216277726 -154.888827430692231
        0.000000005466368  3.290132870178308  20.729475377648072  8.570234964467268  9.744778798088545  2.927322830621673  0.651993496910198  3.136979094379670  15.172910216277726 -154.888827430692231
        0.000000007859191  3.290132870178308  20.729475377648072  8.570234964467268  9.744778798088545  2.927322830621673  0.651993482009037  3.136979141124301  15.172910216277726 -154.888827430692231
        0.000000006639295  3.290132870178308  20.729475377648072  8.570234964467268  9.744778798088545  2.927322830621673  0.651993482009037  3.136979094379670  15.172910442371707 -154.888827430692231
        0.000037775985800  3.290132870178308  20.729475377648072  8.570234964467268  9.744778798088545  2.927322830621673  0.651993482009037  3.136979094379670  15.172910216277726 -154.888829738715629
        0.000399804213697  3.287842067141656  20.935191257675214  8.253100788942675  10.247120621682875  2.753842630775110  0.648686452971515  3.152315962443121  15.103224668291668 -154.888944228103696
        0.000000019626751  3.287842116134320  20.935191257675214  8.253100788942675  10.247120621682875  2.753842630775110  0.648686452971515  3.152315962443121  15.103224668291668 -154.888944228103696
        0.000000020347901  3.287842067141656  20.935191569633872  8.253100788942675  10.247120621682875  2.753842630775110  0.648686452971515  3.152315962443121  15.103224668291668 -154.888944228103696
        0.000000001971928  3.287842067141656  20.935191257675214  8.253100911923459  10.247120621682875  2.753842630775110  0.648686452971515  3.152315962443121  15.103224668291668 -154.888944228103696
        0.000000000512607  3.287842067141656  20.935191257675214  8.253100788942675  10.247120774376871  2.753842630775110  0.648686452971515  3.152315962443121  15.103224668291668 -154.888944228103696
        0.000000000423676  3.287842067141656  20.935191257675214  8.253100788942675  10.247120621682875  2.753842671810563  0.648686452971515  3.152315962443121  15.103224668291668 -154.888944228103696
        0.000000005530563  3.287842067141656  20.935191257675214  8.253100788942675  10.247120621682875  2.753842630775110  0.648686467872676  3.152315962443121  15.103224668291668 -154.888944228103696
        0.000000007839045  3.287842067141656  20.935191257675214  8.253100788942675  10.247120621682875  2.753842630775110  0.648686452971515  3.152316009416290  15.103224668291668 -154.888944228103696
        0.000000006598538  3.287842067141656  20.935191257675214  8.253100788942675  10.247120621682875  2.753842630775110  0.648686452971515  3.152315962443121  15.103224893347253 -154.888944228103696
        0.000037776083993  3.287842067141656  20.935191257675214  8.253100788942675  10.247120621682875  2.753842630775110  0.648686452971515  3.152315962443121  15.103224668291668 -154.888946536128827
        0.001248589479530  3.291380005195844  21.140754129992050  8.121080094232690  10.534141157320853  1.757667163053557  0.654295237499826  3.191375183263985  14.616740419567327 -154.889288520750227
        0.000000019390025  3.291380054241228  21.140754129992050  8.121080094232690  10.534141157320853  1.757667163053557  0.654295237499826  3.191375183263985  14.616740419567327 -154.889288520750227
        0.000000020089851  3.291380005195844  21.140754445013837  8.121080094232690  10.534141157320853  1.757667163053557  0.654295237499826  3.191375183263985  14.616740419567327 -154.889288520750227
        0.000000002020160  3.291380005195844  21.140754129992050  8.121080215246213  10.534141157320853  1.757667163053557  0.654295237499826  3.191375183263985  14.616740419567327 -154.889288520750227
        0.000000000551459  3.291380005195844  21.140754129992050  8.121080094232690  10.534141314291789  1.757667163053557  0.654295237499826  3.191375183263985  14.616740419567327 -154.889288520750227
        0.000000000604696  3.291380005195844  21.140754129992050  8.121080094232690  10.534141157320853  1.757667189244839  0.654295237499826  3.191375183263985  14.616740419567327 -154.889288520750227
        0.000000005874337  3.291380005195844  21.140754129992050  8.121080094232690  10.534141157320853  1.757667163053557  0.654295252400987  3.191375183263985  14.616740419567327 -154.889288520750227
        0.000000007701397  3.291380005195844  21.140754129992050  8.121080094232690  10.534141157320853  1.757667163053557  0.654295237499826  3.191375230819181  14.616740419567327 -154.889288520750227
        0.000000006636588  3.291380005195844  21.140754129992050  8.121080094232690  10.534141157320853  1.757667163053557  0.654295237499826  3.191375183263985  14.616740637373733 -154.889288520750227
        0.000037776373130  3.291380005195844  21.140754129992050  8.121080094232690  10.534141157320853  1.757667163053557  0.654295237499826  3.191375183263985  14.616740419567327 -154.889290828780474
        0.000260115461523  3.291030298650224  21.144737959244384  8.023635777222076  10.657045552827688  1.727438105736313  0.652427143523651  3.198803383877144  14.577463300460773 -154.889338668835308
        0.000000019374274  3.291030347690397  21.144737959244384  8.023635777222076  10.657045552827688  1.727438105736313  0.652427143523651  3.198803383877144  14.577463300460773 -154.889338668835308
        0.000000020064100  3.291030298650224  21.144738274325533  8.023635777222076  10.657045552827688  1.727438105736313  0.652427143523651  3.198803383877144  14.577463300460773 -154.889338668835308
        0.000000002019532  3.291030298650224  21.144737959244384  8.023635896783565  10.657045552827688  1.727438105736313  0.652427143523651  3.198803383877144  14.577463300460773 -154.889338668835308
        0.000000000563171  3.291030298650224  21.144737959244384  8.023635777222076  10.657045711630042  1.727438105736313  0.652427143523651  3.198803383877144  14.577463300460773 -154.889338668835308
        0.000000000618051  3.291030298650224  21.144737959244384  8.023635777222076  10.657045552827688  1.727438131477147  0.652427143523651  3.198803383877144  14.577463300460773 -154.889338668835308
        0.000000005870734  3.291030298650224  21.144737959244384  8.023635777222076  10.657045552827688  1.727438105736313  0.652427158424812  3.198803383877144  14.577463300460773 -154.889338668835308
        0.000000007674990  3.291030298650224  21.144737959244384  8.023635777222076  10.657045552827688  1.727438105736313  0.652427143523651  3.198803431543029  14.577463300460773 -154.889338668835308
        0.000000006623223  3.291030298650224  21.144737959244384  8.023635777222076  10.657045552827688  1.727438105736313  0.652427143523651  3.198803383877144  14.577463517681903 -154.889338668835308
        0.000037776411287  3.291030298650224  21.144737959244384  8.023635777222076  10.657045552827688  1.727438105736313  0.652427143523651  3.198803383877144  14.577463300460773 -154.889340976866322
        0.001496550457416  3.293726345924879  21.215919248349834  7.487163607010532  11.275123037218981  0.869351166481680  0.650497780666039  3.249771104926508  14.030828520451639 -154.889783693210745
        0.000000019083065  3.293726395005227  21.215919248349834  7.487163607010532  11.275123037218981  0.869351166481680  0.650497780666039  3.249771104926508  14.030828520451639 -154.889783693210745
        0.000000019720424  3.293726345924879  21.215919564491667  7.487163607010532  11.275123037218981  0.869351166481680  0.650497780666039  3.249771104926508  14.030828520451639 -154.889783693210745
        0.000000002054734  3.293726345924879  21.215919248349834  7.487163718577964  11.275123037218981  0.869351166481680  0.650497780666039  3.249771104926508  14.030828520451639 -154.889783693210745
        0.000000000639572  3.293726345924879  21.215919248349834  7.487163607010532  11.275123205231406  0.869351166481680  0.650497780666039  3.249771104926508  14.030828520451639 -154.889783693210745
        0.000000000808360  3.293726345924879  21.215919248349834  7.487163607010532  11.275123037218981  0.869351181382841  0.650497780666039  3.249771104926508  14.030828520451639 -154.889783693210745
        0.000000006087343  3.293726345924879  21.215919248349834  7.487163607010532  11.275123037218981  0.869351166481680  0.650497795567201  3.249771104926508  14.030828520451639 -154.889783693210745
        0.000000007481075  3.293726345924879  21.215919248349834  7.487163607010532  11.275123037218981  0.869351166481680  0.650497780666039  3.249771153351871  14.030828520451639 -154.889783693210745
        0.000000006600030  3.293726345924879  21.215919248349834  7.487163607010532  11.275123037218981  0.869351166481680  0.650497780666039  3.249771104926508  14.030828729527276 -154.889783693210745
        0.000037776771461  3.293726345924879  21.215919248349834  7.487163607010532  11.275123037218981  0.869351166481680  0.650497780666039  3.249771104926508  14.030828520451639 -154.889786001248382
        0.000234480914614  3.293754232599586  21.207383723234013  7.379582052648480  11.371127053503510  0.855022121253033  0.649443819871443  3.255169949149401  14.011777497939637 -154.889805282920861
        0.000000019086773  3.293754281680349  21.207383723234013  7.379582052648480  11.371127053503510  0.855022121253033  0.649443819871443  3.255169949149401  14.011777497939637 -154.889805282920861
        0.000000019716951  3.293754232599586  21.207384039248655  7.379582052648480  11.371127053503510  0.855022121253033  0.649443819871443  3.255169949149401  14.011777497939637 -154.889805282920861
        0.000000002055646  3.293754232599586  21.207383723234013  7.379582162612822  11.371127053503510  0.855022121253033  0.649443819871443  3.255169949149401  14.011777497939637 -154.889805282920861
        0.000000000651279  3.293754232599586  21.207383723234013  7.379582052648480  11.371127222946507  0.855022121253033  0.649443819871443  3.255169949149401  14.011777497939637 -154.889805282920861
        0.000000000815055  3.293754232599586  21.207383723234013  7.379582052648480  11.371127053503510  0.855022136154194  0.649443819871443  3.255169949149401  14.011777497939637 -154.889805282920861
        0.000000006081686  3.293754232599586  21.207383723234013  7.379582052648480  11.371127053503510  0.855022121253033  0.649443834772604  3.255169949149401  14.011777497939637 -154.889805282920861
        0.000000007466137  3.293754232599586  21.207383723234013  7.379582052648480  11.371127053503510  0.855022121253033  0.649443819871443  3.255169997655213  14.011777497939637 -154.889805282920861
        0.000000006598128  3.293754232599586  21.207383723234013  7.379582052648480  11.371127053503510  0.855022121253033  0.649443819871443  3.255169949149401  14.011777706731392 -154.889805282920861
        0.000037776786270  3.293754232599586  21.207383723234013  7.379582052648480  11.371127053503510  0.855022121253033  0.649443819871443  3.255169949149401  14.011777497939637 -154.889807590958810
        0.001094289538534  3.300314844331055  20.850341722074734  6.330083640307538  12.064811775278967  0.377695781078271  0.642538512931498  3.295009534006828  13.515806548847321 -154.890119757912146
        0.000000018876440  3.300314893509579  20.850341722074734  6.330083640307538  12.064811775278967  0.377695781078271  0.642538512931498  3.295009534006828  13.515806548847321 -154.890119757912146
        0.000000019448621  3.300314844331055  20.850342032769039  6.330083640307538  12.064811775278967  0.377695781078271  0.642538512931498  3.295009534006828  13.515806548847321 -154.890119757912146
        0.000000002079423  3.300314844331055  20.850341722074734  6.330083734633135  12.064811775278967  0.377695781078271  0.642538512931498  3.295009534006828  13.515806548847321 -154.890119757912146
        0.000000000764858  3.300314844331055  20.850341722074734  6.330083640307538  12.064811955058673  0.377695781078271  0.642538512931498  3.295009534006828  13.515806548847321 -154.890119757912146
        0.000000000882080  3.300314844331055  20.850341722074734  6.330083640307538  12.064811775278967  0.377695795979432  0.642538512931498  3.295009534006828  13.515806548847321 -154.890119757912146
        0.000000006097248  3.300314844331055  20.850341722074734  6.330083640307538  12.064811775278967  0.377695781078271  0.642538527832659  3.295009534006828  13.515806548847321 -154.890119757912146
        0.000000007280380  3.300314844331055  20.850341722074734  6.330083640307538  12.064811775278967  0.377695781078271  0.642538512931498  3.295009583106296  13.515806548847321 -154.890119757912146
        0.000000006614313  3.300314844331055  20.850341722074734  6.330083640307538  12.064811775278967  0.377695781078271  0.642538512931498  3.295009534006828  13.515806750248533 -154.890119757912146
        0.000037777039819  3.300314844331055  20.850341722074734  6.330083640307538  12.064811775278967  0.377695781078271  0.642538512931498  3.295009534006828  13.515806548847321 -154.890122065954785
        0.000180376783477  3.300360041659718  20.847661760953521  6.210351530086850  12.149319729923262  0.369108257081364  0.641970056053396  3.298460103984838  13.505888009607675 -154.890133880158885
        0.000000018880602  3.300360090838915  20.847661760953521  6.210351530086850  12.149319729923262  0.369108257081364  0.641970056053396  3.298460103984838  13.505888009607675 -154.890133880158885
        0.000000019447807  3.300360041659718  20.847662071607889  6.210351530086850  12.149319729923262  0.369108257081364  0.641970056053396  3.298460103984838  13.505888009607675 -154.890133880158885
        0.000000002081403  3.300360041659718  20.847661760953521  6.210351622628299  12.149319729923262  0.369108257081364  0.641970056053396  3.298460103984838  13.505888009607675 -154.890133880158885
        0.000000000777169  3.300360041659718  20.847661760953521  6.210351530086850  12.149319910962234  0.369108257081364  0.641970056053396  3.298460103984838  13.505888009607675 -154.890133880158885
        0.000000000888662  3.300360041659718  20.847661760953521  6.210351530086850  12.149319729923262  0.369108271982525  0.641970056053396  3.298460103984838  13.505888009607675 -154.890133880158885
        0.000000006093953  3.300360041659718  20.847661760953521  6.210351530086850  12.149319729923262  0.369108257081364  0.641970070954557  3.298460103984838  13.505888009607675 -154.890133880158885
        0.000000007271994  3.300360041659718  20.847661760953521  6.210351530086850  12.149319729923262  0.369108257081364  0.641970056053396  3.298460153135724  13.505888009607675 -154.890133880158885
        0.000000006613816  3.300360041659718  20.847661760953521  6.210351530086850  12.149319729923262  0.369108257081364  0.641970056053396  3.298460103984838  13.505888210861089 -154.890133880158885
        0.000037777048231  3.300360041659718  20.847661760953521  6.210351530086850  12.149319729923262  0.369108257081364  0.641970056053396  3.298460103984838  13.505888009607675 -154.890136188201751
        0.000805164509243  3.303422025897957  20.648342221972982  5.109569629558475  12.960325379532199  0.124440547187135  0.633980358262647  3.329332325856049  13.197961058468328 -154.890363177217239
        0.000000018744863  3.303422075122781  20.648342221972982  5.109569629558475  12.960325379532199  0.124440547187135  0.633980358262647  3.329332325856049  13.197961058468328 -154.890363177217239
        0.000000019263488  3.303422025897957  20.648342529657256  5.109569629558475  12.960325379532199  0.124440547187135  0.633980358262647  3.329332325856049  13.197961058468328 -154.890363177217239
        0.000000002097477  3.303422025897957  20.648342221972982  5.109569705696996  12.960325379532199  0.124440547187135  0.633980358262647  3.329332325856049  13.197961058468328 -154.890363177217239
        0.000000000897062  3.303422025897957  20.648342221972982  5.109569629558475  12.960325572656096  0.124440547187135  0.633980358262647  3.329332325856049  13.197961058468328 -154.890363177217239
        0.000000000956080  3.303422025897957  20.648342221972982  5.109569629558475  12.960325379532199  0.124440562088296  0.633980358262647  3.329332325856049  13.197961058468328 -154.890363177217239
        0.000000006080625  3.303422025897957  20.648342221972982  5.109569629558475  12.960325379532199  0.124440547187135  0.633980373163808  3.329332325856049  13.197961058468328 -154.890363177217239
        0.000000007142089  3.303422025897957  20.648342221972982  5.109569629558475  12.960325379532199  0.124440547187135  0.633980358262647  3.329332375466967  13.197961058468328 -154.890363177217239
        0.000000006596631  3.303422025897957  20.648342221972982  5.109569629558475  12.960325379532199  0.124440547187135  0.633980358262647  3.329332325856049  13.197961255133274 -154.890363177217239
        0.000037777229711  3.303422025897957  20.648342221972982  5.109569629558475  12.960325379532199  0.124440547187135  0.633980358262647  3.329332325856049  13.197961058468328 -154.890365485263516
        0.000096015472902  3.303297857863811  20.656482547434209  4.933012297730627  13.092624478147275  0.116563144991575  0.633289462207476  3.331911728064561  13.191610028603195 -154.890373904271286
        0.000000018745490  3.303297907086785  20.656482547434209  4.933012297730627  13.092624478147275  0.116563144991575  0.633289462207476  3.331911728064561  13.191610028603195 -154.890373904271286
        0.000000019260068  3.303297857863811  20.656482855239783  4.933012297730627  13.092624478147275  0.116563144991575  0.633289462207476  3.331911728064561  13.191610028603195 -154.890373904271286
        0.000000002100208  3.303297857863811  20.656482547434209  4.933012371238239  13.092624478147275  0.116563144991575  0.633289462207476  3.331911728064561  13.191610028603195 -154.890373904271286
        0.000000000915811  3.303297857863811  20.656482547434209  4.933012297730627  13.092624673242582  0.116563144991575  0.633289462207476  3.331911728064561  13.191610028603195 -154.890373904271286
        0.000000000966157  3.303297857863811  20.656482547434209  4.933012297730627  13.092624478147275  0.116563159892736  0.633289462207476  3.331911728064561  13.191610028603195 -154.890373904271286
        0.000000006078999  3.303297857863811  20.656482547434209  4.933012297730627  13.092624478147275  0.116563144991575  0.633289477108637  3.331911728064561  13.191610028603195 -154.890373904271286
        0.000000007137503  3.303297857863811  20.656482547434209  4.933012297730627  13.092624478147275  0.116563144991575  0.633289462207476  3.331911777713915  13.191610028603195 -154.890373904271286
        0.000000006593294  3.303297857863811  20.656482547434209  4.933012297730627  13.092624478147275  0.116563144991575  0.633289462207476  3.331911728064561  13.191610225173502 -154.890373904271286
        0.000037777237064  3.303297857863811  20.656482547434209  4.933012297730627  13.092624478147275  0.116563144991575  0.633289462207476  3.331911728064561  13.191610028603195 -154.890376212317705
        0.001088781875996  3.304462431221284  20.442302264707358  2.534167331848392  14.907685016415211  0.016203875333829  0.615644834512915  3.376452093289900  12.858982312630349 -154.890678337702838
        0.000766629601295  3.305678106280252  20.490218257433977  4.338999378095996  13.449091488172517  0.033178254695343  0.629514409530521  3.344809171290847  13.041813856867767 -154.890467233822989
        0.000000018689443  3.305678155538694  20.490218257433977  4.338999378095996  13.449091488172517  0.033178254695343  0.629514409530521  3.344809171290847  13.041813856867767 -154.890467233822989
        0.000000019181641  3.305678106280252  20.490218562762021  4.338999378095996  13.449091488172517  0.033178254695343  0.629514409530521  3.344809171290847  13.041813856867767 -154.890467233822989
        0.000000002107721  3.305678106280252  20.490218257433977  4.338999442752125  13.449091488172517  0.033178254695343  0.629514409530521  3.344809171290847  13.041813856867767 -154.890467233822989
        0.000000000977124  3.305678106280252  20.490218257433977  4.338999378095996  13.449091688579596  0.033178254695343  0.629514409530521  3.344809171290847  13.041813856867767 -154.890467233822989
        0.000000000998908  3.305678106280252  20.490218257433977  4.338999378095996  13.449091488172517  0.033178269596505  0.629514409530521  3.344809171290847  13.041813856867767 -154.890467233822989
        0.000000006066355  3.305678106280252  20.490218257433977  4.338999378095996  13.449091488172517  0.033178254695343  0.629514424431682  3.344809171290847  13.041813856867767 -154.890467233822989
        0.000000007070060  3.305678106280252  20.490218257433977  4.338999378095996  13.449091488172517  0.033178254695343  0.629514409530521  3.344809221132387  13.041813856867767 -154.890467233822989
        0.000000006596456  3.305678106280252  20.490218257433977  4.338999378095996  13.449091488172517  0.033178254695343  0.629514409530521  3.344809171290847  13.041814051205938 -154.890467233822989
        0.000037777310155  3.305678106280252  20.490218257433977  4.338999378095996  13.449091488172517  0.033178254695343  0.629514409530521  3.344809171290847  13.041813856867767 -154.890469541870800
        0.000154290238379  3.306071237334110  20.439957178705534  3.885528990726506  13.769997407840048  0.027930908152655  0.626554673481576  3.351685284625991  12.991103386347579 -154.890508273478673
        0.000000018669638  3.306071286598411  20.439957178705534  3.885528990726506  13.769997407840048  0.027930908152655  0.626554673481576  3.351685284625991  12.991103386347579 -154.890508273478673
        0.000000019149028  3.306071237334110  20.439957483284630  3.885528990726506  13.769997407840048  0.027930908152655  0.626554673481576  3.351685284625991  12.991103386347579 -154.890508273478673
        0.000000002111242  3.306071237334110  20.439957178705534  3.885529048625399  13.769997407840048  0.027930908152655  0.626554673481576  3.351685284625991  12.991103386347579 -154.890508273478673
        0.000000001024000  3.306071237334110  20.439957178705534  3.885528990726506  13.769997613028998  0.027930908152655  0.626554673481576  3.351685284625991  12.991103386347579 -154.890508273478673
        0.000000001023660  3.306071237334110  20.439957178705534  3.885528990726506  13.769997407840048  0.027930923053816  0.626554673481576  3.351685284625991  12.991103386347579 -154.890508273478673
        0.000000006050843  3.306071237334110  20.439957178705534  3.885528990726506  13.769997407840048  0.027930908152655  0.626554688382737  3.351685284625991  12.991103386347579 -154.890508273478673
        0.000000007039188  3.306071237334110  20.439957178705534  3.885528990726506  13.769997407840048  0.027930908152655  0.626554673481576  3.351685334569994  12.991103386347579 -154.890508273478673
        0.000000006587508  3.306071237334110  20.439957178705534  3.885528990726506  13.769997407840048  0.027930908152655  0.626554673481576  3.351685284625991  12.991103579930105 -154.890508273478673
        0.000037777342812  3.306071237334110  20.439957178705534  3.885528990726506  13.769997407840048  0.027930908152655  0.626554673481576  3.351685284625991  12.991103386347579 -154.890510581527110
        0.000350089541650  3.297299704995901  20.989322026457327  3.051590323475819  14.886176524820641  0.000089136054068  0.620237325309265  3.367604178956760  13.092230065444745 -154.890615374603328
        0.000236516974226  3.305711311340773  20.447670518007779  3.564190782964615  14.030063117509037  0.015134902118530  0.624446320795848  3.357240033030205  12.962367644877117 -154.890546243179244
        0.000000018651703  3.305711360599710  20.447670518007779  3.564190782964615  14.030063117509037  0.015134902118530  0.624446320795848  3.357240033030205  12.962367644877117 -154.890546243179244
        0.000000019122013  3.305711311340773  20.447670822701813  3.564190782964615  14.030063117509037  0.015134902118530  0.624446320795848  3.357240033030205  12.962367644877117 -154.890546243179244
        0.000000002113777  3.305711311340773  20.447670518007779  3.564190836075196  14.030063117509037  0.015134902118530  0.624446320795848  3.357240033030205  12.962367644877117 -154.890546243179244
        0.000000001057587  3.305711311340773  20.447670518007779  3.564190782964615  14.030063326573270  0.015134902118530  0.624446320795848  3.357240033030205  12.962367644877117 -154.890546243179244
        0.000000001041695  3.305711311340773  20.447670518007779  3.564190782964615  14.030063117509037  0.015134917019691  0.624446320795848  3.357240033030205  12.962367644877117 -154.890546243179244
        0.000000006038132  3.305711311340773  20.447670518007779  3.564190782964615  14.030063117509037  0.015134902118530  0.624446335697009  3.357240033030205  12.962367644877117 -154.890546243179244
        0.000000007018636  3.305711311340773  20.447670518007779  3.564190782964615  14.030063117509037  0.015134902118530  0.624446320795848  3.357240083056980  12.962367644877117 -154.890546243179244
        0.000000006572513  3.305711311340773  20.447670518007779  3.564190782964615  14.030063117509037  0.015134902118530  0.624446320795848  3.357240033030205  12.962367838031447 -154.890546243179244
        0.000037777372322  3.305711311340773  20.447670518007779  3.564190782964615  14.030063117509037  0.015134902118530  0.624446320795848  3.357240033030205  12.962367644877117 -154.890548551228250
        0.000043188849173  3.305821641661255  20.446693090092047  3.561318033181752  14.032402545496444  0.000045634480870  0.624517614676297  3.358043766110363  12.953798993830064 -154.890552211115789
        0.000000018648734  3.305821690921836  20.446693090092047  3.561318033181752  14.032402545496444  0.000045634480870  0.624517614676297  3.358043766110363  12.953798993830064 -154.890552211115789
        0.000000019118283  3.305821641661255  20.446693394771518  3.561318033181752  14.032402545496444  0.000045634480870  0.624517614676297  3.358043766110363  12.953798993830064 -154.890552211115789
        0.000000002114643  3.305821641661255  20.446693090092047  3.561318086249526  14.032402545496444  0.000045634480870  0.624517614676297  3.358043766110363  12.953798993830064 -154.890552211115789
        0.000000001058326  3.305821641661255  20.446693090092047  3.561318033181752  14.032402754595536  0.000045634480870  0.624517614676297  3.358043766110363  12.953798993830064 -154.890552211115789
        0.000000001042306  3.305821641661255  20.446693090092047  3.561318033181752  14.032402545496444  0.000045649382031  0.624517614676297  3.358043766110363  12.953798993830064 -154.890552211115789
        0.000000006040093  3.305821641661255  20.446693090092047  3.561318033181752  14.032402545496444  0.000045634480870  0.624517629577458  3.358043766110363  12.953798993830064 -154.890552211115789
        0.000000007016292  3.305821641661255  20.446693090092047  3.561318033181752  14.032402545496444  0.000045634480870  0.624517614676297  3.358043816149114  12.953798993830064 -154.890552211115789
        0.000000006573422  3.305821641661255  20.446693090092047  3.561318033181752  14.032402545496444  0.000045634480870  0.624517614676297  3.358043766110363  12.953799186856712 -154.890552211115789
        0.000037777376921  3.305821641661255  20.446693090092047  3.561318033181752  14.032402545496444  0.000045634480870  0.624517614676297  3.358043766110363  12.953798993830064 -154.890554519164880
        0.000225460197945  3.304810179285409  20.475638075399726  2.887986829261726  14.583244693633869  0.000005779169319  0.620081905153936  3.367742998427156  12.915278403083050 -154.890615122130725
        0.000000018621033  3.304810228530918  20.475638075399726  2.887986829261726  14.583244693633869  0.000005779169319  0.620081905153936  3.367742998427156  12.915278403083050 -154.890615122130725
        0.000000019073979  3.304810179285409  20.475638380510510  2.887986829261726  14.583244693633869  0.000005779169319  0.620081905153936  3.367742998427156  12.915278403083050 -154.890615122130725
        0.000000002119081  3.304810179285409  20.475638075399726  2.887986872296084  14.583244693633869  0.000005779169319  0.620081905153936  3.367742998427156  12.915278403083050 -154.890615122130725
        0.000000001127580  3.304810179285409  20.475638075399726  2.887986829261726  14.583244910941149  0.000005779169319  0.620081905153936  3.367742998427156  12.915278403083050 -154.890615122130725
        0.000000001079338  3.304810179285409  20.475638075399726  2.887986829261726  14.583244693633869  0.000005794070480  0.620081905153936  3.367742998427156  12.915278403083050 -154.890615122130725
        0.000000006010919  3.304810179285409  20.475638075399726  2.887986829261726  14.583244693633869  0.000005779169319  0.620081920055097  3.367742998427156  12.915278403083050 -154.890615122130725
        0.000000006979620  3.304810179285409  20.475638075399726  2.887986829261726  14.583244693633869  0.000005779169319  0.620081905153936  3.367743048610437  12.915278403083050 -154.890615122130725
        0.000000006542187  3.304810179285409  20.475638075399726  2.887986829261726  14.583244693633869  0.000005779169319  0.620081905153936  3.367742998427156  12.915278595535696 -154.890615122130725
        0.000037777425966  3.304810179285409  20.475638075399726  2.887986829261726  14.583244693633869  0.000005779169319  0.620081905153936  3.367742998427156  12.915278403083050 -154.890617430180754
        0.000049432420382  3.304812084819921  20.475720798739300  2.887998340148456  14.583329541309507  0.000451907263751  0.620084779002381  3.367765816542773  12.915070801609110 -154.890615281749973
        0.000000018620113  3.304812134065459  20.475720798739300  2.887998340148456  14.583329541309507  0.000451907263751  0.620084779002381  3.367765816542773  12.915070801609110 -154.890615281749973
        0.000000019072841  3.304812084819921  20.475721103851317  2.887998340148456  14.583329541309507  0.000451907263751  0.620084779002381  3.367765816542773  12.915070801609110 -154.890615281749973
        0.000000002119079  3.304812084819921  20.475720798739300  2.887998383182985  14.583329541309507  0.000451907263751  0.620084779002381  3.367765816542773  12.915070801609110 -154.890615281749973
        0.000000001127578  3.304812084819921  20.475720798739300  2.887998340148456  14.583329758618051  0.000451907263751  0.620084779002381  3.367765816542773  12.915070801609110 -154.890615281749973
        0.000000001079349  3.304812084819921  20.475720798739300  2.887998340148456  14.583329541309507  0.000451922164913  0.620084779002381  3.367765816542773  12.915070801609110 -154.890615281749973
        0.000000006010986  3.304812084819921  20.475720798739300  2.887998340148456  14.583329541309507  0.000451907263751  0.620084793903542  3.367765816542773  12.915070801609110 -154.890615281749973
        0.000000006979797  3.304812084819921  20.475720798739300  2.887998340148456  14.583329541309507  0.000451907263751  0.620084779002381  3.367765866726395  12.915070801609110 -154.890615281749973
        0.000000006541984  3.304812084819921  20.475720798739300  2.887998340148456  14.583329541309507  0.000451907263751  0.620084779002381  3.367765816542773  12.915070994058661 -154.890615281749973
        0.000037777426063  3.304812084819921  20.475720798739300  2.887998340148456  14.583329541309507  0.000451907263751  0.620084779002381  3.367765816542773  12.915070801609110 -154.890617589800001
        0.000115305415843  3.302493478370635  20.618027693382746  2.501598132289617  14.989432423146214  0.000313050562522  0.617834122165064  3.372450787093013  12.939783637685716 -154.890645227130449
        0.000000018612882  3.302493527581623  20.618027693382746  2.501598132289617  14.989432423146214  0.000313050562522  0.617834122165064  3.372450787093013  12.939783637685716 -154.890645227130449
        0.000000019059354  3.302493478370635  20.618028000615300  2.501598132289617  14.989432423146214  0.000313050562522  0.617834122165064  3.372450787093013  12.939783637685716 -154.890645227130449
        0.000000002122507  3.302493478370635  20.618027693382746  2.501598169566333  14.989432423146214  0.000313050562522  0.617834122165064  3.372450787093013  12.939783637685716 -154.890645227130449
        0.000000001168215  3.302493478370635  20.618027693382746  2.501598132289617  14.989432646506163  0.000313050562522  0.617834122165064  3.372450787093013  12.939783637685716 -154.890645227130449
        0.000000001102053  3.302493478370635  20.618027693382746  2.501598132289617  14.989432423146214  0.000313065463683  0.617834122165064  3.372450787093013  12.939783637685716 -154.890645227130449
        0.000000005997572  3.302493478370635  20.618027693382746  2.501598132289617  14.989432423146214  0.000313050562522  0.617834137066225  3.372450787093013  12.939783637685716 -154.890645227130449
        0.000000006978590  3.302493478370635  20.618027693382746  2.501598132289617  14.989432423146214  0.000313050562522  0.617834122165064  3.372450837346446  12.939783637685716 -154.890645227130449
        0.000000006508100  3.302493478370635  20.618027693382746  2.501598132289617  14.989432423146214  0.000313050562522  0.617834122165064  3.372450787093013  12.939783830503519 -154.890645227130449
        0.000037777449521  3.302493478370635  20.618027693382746  2.501598132289617  14.989432423146214  0.000313050562522  0.617834122165064  3.372450787093013  12.939783637685716 -154.890647535180932
        0.000039123132171  3.302495348544520  20.618050107502722  2.501523435911521  14.989533828348856  0.000056851589432  0.617835578828938  3.372471931152233  12.939586208929159 -154.890645380415521
        0.000000018612709  3.302495397755536  20.618050107502722  2.501523435911521  14.989533828348856  0.000056851589432  0.617835578828938  3.372471931152233  12.939586208929159 -154.890645380415521
        0.000000019059129  3.302495348544520  20.618050414735610  2.501523435911521  14.989533828348856  0.000056851589432  0.617835578828938  3.372471931152233  12.939586208929159 -154.890645380415521
        0.000000002122513  3.302495348544520  20.618050107502722  2.501523473187125  14.989533828348856  0.000056851589432  0.617835578828938  3.372471931152233  12.939586208929159 -154.890645380415521
        0.000000001168238  3.302495348544520  20.618050107502722  2.501523435911521  14.989534051710315  0.000056851589432  0.617835578828938  3.372471931152233  12.939586208929159 -154.890645380415521
        0.000000001102077  3.302495348544520  20.618050107502722  2.501523435911521  14.989533828348856  0.000056866490593  0.617835578828938  3.372471931152233  12.939586208929159 -154.890645380415521
        0.000000005997616  3.302495348544520  20.618050107502722  2.501523435911521  14.989533828348856  0.000056851589432  0.617835593730100  3.372471931152233  12.939586208929159 -154.890645380415521
        0.000000006978558  3.302495348544520  20.618050107502722  2.501523435911521  14.989533828348856  0.000056851589432  0.617835578828938  3.372471981405980  12.939586208929159 -154.890645380415521
        0.000000006508080  3.302495348544520  20.618050107502722  2.501523435911521  14.989533828348856  0.000056851589432  0.617835578828938  3.372471931152233  12.939586401744018 -154.890645380415521
        0.000037777449626  3.302495348544520  20.618050107502722  2.501523435911521  14.989533828348856  0.000056851589432  0.617835578828938  3.372471931152233  12.939586208929159 -154.890647688466004
        0.000218636646065  3.294120347809974  21.158048065804952  1.730975648567194  16.011720123555449  0.000047347812731  0.613048284974655  3.382970402375588  13.069681601536880 -154.890712803205076
        0.000000018608698  3.294120396896192  21.158048065804952  1.730975648567194  16.011720123555449  0.000047347812731  0.613048284974655  3.382970402375588  13.069681601536880 -154.890712803205076
        0.000000019046403  3.294120347809974  21.158048381084438  1.730975648567194  16.011720123555449  0.000047347812731  0.613048284974655  3.382970402375588  13.069681601536880 -154.890712803205076
        0.000000002127358  3.294120347809974  21.158048065804952  1.730975674360741  16.011720123555449  0.000047347812731  0.613048284974655  3.382970402375588  13.069681601536880 -154.890712803205076
        0.000000001247371  3.294120347809974  21.158048065804952  1.730975648567194  16.011720362148672  0.000047347812731  0.613048284974655  3.382970402375588  13.069681601536880 -154.890712803205076
        0.000000001147990  3.294120347809974  21.158048065804952  1.730975648567194  16.011720123555449  0.000047362713893  0.613048284974655  3.382970402375588  13.069681601536880 -154.890712803205076
        0.000000005961890  3.294120347809974  21.158048065804952  1.730975648567194  16.011720123555449  0.000047347812731  0.613048299875816  3.382970402375588  13.069681601536880 -154.890712803205076
        0.000000006997221  3.294120347809974  21.158048065804952  1.730975648567194  16.011720123555449  0.000047347812731  0.613048284974655  3.382970452785775  13.069681601536880 -154.890712803205076
        0.000000006400131  3.294120347809974  21.158048065804952  1.730975648567194  16.011720123555449  0.000047347812731  0.613048284974655  3.382970402375588  13.069681796290313 -154.890712803205076
        0.000037777502275  3.294120347809974  21.158048065804952  1.730975648567194  16.011720123555449  0.000047347812731  0.613048284974655  3.382970402375588  13.069681601536880 -154.890715111256554
        0.000119691634077  3.294142784808129  21.158539672452694  1.730915236089096  16.012167604230783  0.002948095154089  0.613078806009820  3.383063063055809  13.068583289748402 -154.890713278352194
        0.000000018603232  3.294142833894682  21.158539672452694  1.730915236089096  16.012167604230783  0.002948095154089  0.613078806009820  3.383063063055809  13.068583289748402 -154.890713278352194
        0.000000019039573  3.294142784808129  21.158539987739506  1.730915236089096  16.012167604230783  0.002948095154089  0.613078806009820  3.383063063055809  13.068583289748402 -154.890713278352194
        0.000000002127589  3.294142784808129  21.158539672452694  1.730915261881742  16.012167604230783  0.002948095154089  0.613078806009820  3.383063063055809  13.068583289748402 -154.890713278352194
        0.000000001247540  3.294142784808129  21.158539672452694  1.730915236089096  16.012167842830674  0.002948095154089  0.613078806009820  3.383063063055809  13.068583289748402 -154.890713278352194
        0.000000001148160  3.294142784808129  21.158539672452694  1.730915236089096  16.012167604230783  0.002948110055250  0.613078806009820  3.383063063055809  13.068583289748402 -154.890713278352194
        0.000000005962722  3.294142784808129  21.158539672452694  1.730915236089096  16.012167604230783  0.002948095154089  0.613078820910981  3.383063063055809  13.068583289748402 -154.890713278352194
        0.000000006998720  3.294142784808129  21.158539672452694  1.730915236089096  16.012167604230783  0.002948095154089  0.613078806009820  3.383063113467377  13.068583289748402 -154.890713278352194
        0.000000006399233  3.294142784808129  21.158539672452694  1.730915236089096  16.012167604230783  0.002948095154089  0.613078806009820  3.383063063055809  13.068583484485467 -154.890713278352194
        0.000037777502518  3.294142784808129  21.158539672452694  1.730915236089096  16.012167604230783  0.002948095154089  0.613078806009820  3.383063063055809  13.068583289748402 -154.890715586403672
        0.000049294099002  3.293934164808686  21.176582135737810  1.606200460814819  16.113881517049432  0.000140212315748  0.612650955773084  3.383816382772111  13.069568873134640 -154.890717667526133
        0.000000018602302  3.293934213892130  21.176582135737810  1.606200460814819  16.113881517049432  0.000140212315748  0.612650955773084  3.383816382772111  13.069568873134640 -154.890717667526133
        0.000000019037192  3.293934164808686  21.176582451293473  1.606200460814819  16.113881517049432  0.000140212315748  0.612650955773084  3.383816382772111  13.069568873134640 -154.890717667526133
        0.000000002129642  3.293934164808686  21.176582135737810  1.606200484749071  16.113881517049432  0.000140212315748  0.612650955773084  3.383816382772111  13.069568873134640 -154.890717667526133
        0.000000001260021  3.293934164808686  21.176582135737810  1.606200460814819  16.113881757164979  0.000140212315748  0.612650955773084  3.383816382772111  13.069568873134640 -154.890717667526133
        0.000000001155020  3.293934164808686  21.176582135737810  1.606200460814819  16.113881517049432  0.000140227216909  0.612650955773084  3.383816382772111  13.069568873134640 -154.890717667526133
        0.000000005962417  3.293934164808686  21.176582135737810  1.606200460814819  16.113881517049432  0.000140212315748  0.612650970674245  3.383816382772111  13.069568873134640 -154.890717667526133
        0.000000006998579  3.293934164808686  21.176582135737810  1.606200460814819  16.113881517049432  0.000140212315748  0.612650955773084  3.383816433194905  13.069568873134640 -154.890717667526133
        0.000000006396121  3.293934164808686  21.176582135737810  1.606200460814819  16.113881517049432  0.000140212315748  0.612650955773084  3.383816382772111  13.069569067886393 -154.890717667526133
        0.000037777506047  3.293934164808686  21.176582135737810  1.606200460814819  16.113881517049432  0.000140212315748  0.612650955773084  3.383816382772111  13.069568873134640 -154.890719975577696
        0.000060903145385  3.293240036200128  21.220921081002530  1.369995288740251  16.319906084280039  0.000082925732124  0.611564974545308  3.385934399852809  13.073359491766261 -154.890730574825625
        0.000000018598910  3.293240085273229  21.220921081002530  1.369995288740251  16.319906084280039  0.000082925732124  0.611564974545308  3.385934399852809  13.073359491766261 -154.890730574825625
        0.000000019030477  3.293240036200128  21.220921397218895  1.369995288740251  16.319906084280039  0.000082925732124  0.611564974545308  3.385934399852809  13.073359491766261 -154.890730574825625
        0.000000002132113  3.293240036200128  21.220921081002530  1.369995309154772  16.319906084280039  0.000082925732124  0.611564974545308  3.385934399852809  13.073359491766261 -154.890730574825625
        0.000000001282807  3.293240036200128  21.220921081002530  1.369995288740251  16.319906327465588  0.000082925732124  0.611564974545308  3.385934399852809  13.073359491766261 -154.890730574825625
        0.000000001167388  3.293240036200128  21.220921081002530  1.369995288740251  16.319906084280039  0.000082940633286  0.611564974545308  3.385934399852809  13.073359491766261 -154.890730574825625
        0.000000005955504  3.293240036200128  21.220921081002530  1.369995288740251  16.319906084280039  0.000082925732124  0.611564989446469  3.385934399852809  13.073359491766261 -154.890730574825625
        0.000000006994027  3.293240036200128  21.220921081002530  1.369995288740251  16.319906084280039  0.000082925732124  0.611564974545308  3.385934450307163  13.073359491766261 -154.890730574825625
        0.000000006385015  3.293240036200128  21.220921081002530  1.369995288740251  16.319906084280039  0.000082925732124  0.611564974545308  3.385934399852809  13.073359686574499 -154.890730574825625
        0.000037777515598  3.293240036200128  21.220921081002530  1.369995288740251  16.319906084280039  0.000082925732124  0.611564974545308  3.385934399852809  13.073359491766261 -154.890732882877359
        0.000102074591153  3.294620589339798  21.107965690244917  0.992921261634533  16.502181542857773  0.000086214984385  0.609748450296673  3.389774163558945  13.015760099531430 -154.890755279769536
        0.000000018582494  3.294620638433471  21.107965690244917  0.992921261634533  16.502181542857773  0.000086214984385  0.609748450296673  3.389774163558945  13.015760099531430 -154.890755279769536
        0.000000019005563  3.294620589339798  21.107966004778117  0.992921261634533  16.502181542857773  0.000086214984385  0.609748450296673  3.389774163558945  13.015760099531430 -154.890755279769536
        0.000000002135144  3.294620589339798  21.107965690244917  0.992921276535694  16.502181542857773  0.000086214984385  0.609748450296673  3.389774163558945  13.015760099531430 -154.890755279769536
        0.000000001317278  3.294620589339798  21.107965690244917  0.992921261634533  16.502181788759440  0.000086214984385  0.609748450296673  3.389774163558945  13.015760099531430 -154.890755279769536
        0.000000001184709  3.294620589339798  21.107965690244917  0.992921261634533  16.502181542857773  0.000086229885546  0.609748450296673  3.389774163558945  13.015760099531430 -154.890755279769536
        0.000000005939247  3.294620589339798  21.107965690244917  0.992921261634533  16.502181542857773  0.000086214984385  0.609748465197835  3.389774163558945  13.015760099531430 -154.890755279769536
        0.000000006959261  3.294620589339798  21.107965690244917  0.992921261634533  16.502181542857773  0.000086214984385  0.609748450296673  3.389774214070516  13.015760099531430 -154.890755279769536
        0.000000006391156  3.294620589339798  21.107965690244917  0.992921261634533  16.502181542857773  0.000086214984385  0.609748450296673  3.389774163558945  13.015760293481369 -154.890755279769536
        0.000037777534783  3.294620589339798  21.107965690244917  0.992921261634533  16.502181542857773  0.000086214984385  0.609748450296673  3.389774163558945  13.015760099531430 -154.890757587821639
        0.000041179279151  3.294446215442458  21.114115435437711  0.860059372683729  16.602420744360987  0.000064289238941  0.609108853718016  3.391261431333873  13.010806299270341 -154.890764374152525
        0.000000018579173  3.294446264533533  21.114115435437711  0.860059372683729  16.602420744360987  0.000064289238941  0.609108853718016  3.391261431333873  13.010806299270341 -154.890764374152525
        0.000000018999908  3.294446215442458  21.114115750062549  0.860059372683729  16.602420744360987  0.000064289238941  0.609108853718016  3.391261431333873  13.010806299270341 -154.890764374152525
        0.000000002133853  3.294446215442458  21.114115435437711  0.860059387584891  16.602420744360987  0.000064289238941  0.609108853718016  3.391261431333873  13.010806299270341 -154.890764374152525
        0.000000001323386  3.294446215442458  21.114115435437711  0.860059372683729  16.602420991756336  0.000064289238941  0.609108853718016  3.391261431333873  13.010806299270341 -154.890764374152525
        0.000000001191124  3.294446215442458  21.114115435437711  0.860059372683729  16.602420744360987  0.000064304140103  0.609108853718016  3.391261431333873  13.010806299270341 -154.890764374152525
        0.000000005933038  3.294446215442458  21.114115435437711  0.860059372683729  16.602420744360987  0.000064289238941  0.609108868619177  3.391261431333873  13.010806299270341 -154.890764374152525
        0.000000006952085  3.294446215442458  21.114115435437711  0.860059372683729  16.602420744360987  0.000064289238941  0.609108853718016  3.391261481867606  13.010806299270341 -154.890764374152525
        0.000000006386483  3.294446215442458  21.114115435437711  0.860059372683729  16.602420744360987  0.000064289238941  0.609108853718016  3.391261431333873  13.010806493146463 -154.890764374152525
        0.000037777541936  3.294446215442458  21.114115435437711  0.860059372683729  16.602420744360987  0.000064289238941  0.609108853718016  3.391261431333873  13.010806299270341 -154.890766682204770
        0.000161771240682  3.295246251904179  21.030351890325488  0.238737074169289  16.981768965045937  0.000022121862868  0.606101793668380  3.397899202898524  12.948789081662483 -154.890807984684841
        0.000000018555210  3.295246301007174  21.030351890325488  0.238737074169289  16.981768965045937  0.000022121862868  0.606101793668380  3.397899202898524  12.948789081662483 -154.890807984684841
        0.000000018963330  3.295246251904179  21.030352203702151  0.238737074169289  16.981768965045937  0.000022121862868  0.606101793668380  3.397899202898524  12.948789081662483 -154.890807984684841
        0.000000002128169  3.295246251904179  21.030351890325488  0.238737089070450  16.981768965045937  0.000022121862868  0.606101793668380  3.397899202898524  12.948789081662483 -154.890807984684841
        0.000000001351894  3.295246251904179  21.030351890325488  0.238737074169289  16.981769218094012  0.000022121862868  0.606101793668380  3.397899202898524  12.948789081662483 -154.890807984684841
        0.000000001220222  3.295246251904179  21.030351890325488  0.238737074169289  16.981768965045937  0.000022136764030  0.606101793668380  3.397899202898524  12.948789081662483 -154.890807984684841
        0.000000005903201  3.295246251904179  21.030351890325488  0.238737074169289  16.981768965045937  0.000022121862868  0.606101808569541  3.397899202898524  12.948789081662483 -154.890807984684841
        0.000000006904148  3.295246251904179  21.030351890325488  0.238737074169289  16.981768965045937  0.000022121862868  0.606101793668380  3.397899253531168  12.948789081662483 -154.890807984684841
        0.000000006380682  3.295246251904179  21.030351890325488  0.238737074169289  16.981768965045937  0.000022121862868  0.606101793668380  3.397899202898524  12.948789274614477 -154.890807984684841
        0.000037777575511  3.295246251904179  21.030351890325488  0.238737074169289  16.981768965045937  0.000022121862868  0.606101793668380  3.397899202898524  12.948789081662483 -154.890810292737740
        0.000035853834884  3.295186047742709  21.035483416342476  0.211440152490129  17.001940263810713  0.000014061185004  0.606075972257668  3.397953946180753  12.951118919161081 -154.890806638826490
        0.000000018557075  3.295186096844807  21.035483416342476  0.211440152490129  17.001940263810713  0.000014061185004  0.606075972257668  3.397953946180753  12.951118919161081 -154.890806638826490
        0.000000018965188  3.295186047742709  21.035483729795605  0.211440152490129  17.001940263810713  0.000014061185004  0.606075972257668  3.397953946180753  12.951118919161081 -154.890806638826490
        0.000000002128229  3.295186047742709  21.035483416342476  0.211440167391290  17.001940263810713  0.000014061185004  0.606075972257668  3.397953946180753  12.951118919161081 -154.890806638826490
        0.000000001353230  3.295186047742709  21.035483416342476  0.211440152490129  17.001940517159365  0.000014061185004  0.606075972257668  3.397953946180753  12.951118919161081 -154.890806638826490
        0.000000001221604  3.295186047742709  21.035483416342476  0.211440152490129  17.001940263810713  0.000014076086165  0.606075972257668  3.397953946180753  12.951118919161081 -154.890806638826490
        0.000000005903431  3.295186047742709  21.035483416342476  0.211440152490129  17.001940263810713  0.000014061185004  0.606075987158829  3.397953946180753  12.951118919161081 -154.890806638826490
        0.000000006904884  3.295186047742709  21.035483416342476  0.211440152490129  17.001940263810713  0.000014061185004  0.606075972257668  3.397953996814213  12.951118919161081 -154.890806638826490
        0.000000006380441  3.295186047742709  21.035483416342476  0.211440152490129  17.001940263810713  0.000014061185004  0.606075972257668  3.397953946180753  12.951119112147792 -154.890806638826490
        0.000037777574563  3.295186047742709  21.035483416342476  0.211440152490129  17.001940263810713  0.000014061185004  0.606075972257668  3.397953946180753  12.951118919161081 -154.890808946879361
2022-08-17 17:45:43.821611
