/projects/wagner/highthroughput/mick_graphene_paper/3_data/kc_fitting_dft
2022-08-18 13:41:22.894119
energy_inf: -154.87065645278034
     2535.672725874616845  3.416084000000000  20.021583000000000  10.905510700000001  4.275635400000000  0.010010836000000  0.844712200000000  2.936058400000000  14.313258800000000 -154.870656452780338
        0.000000018717218  3.416084050903618  20.021583000000000  10.905510700000001  4.275635400000000  0.010010836000000  0.844712200000000  2.936058400000000  14.313258800000000 -154.870656452780338
        0.000000019282189  3.416084000000000  20.021583298344837  10.905510700000001  4.275635400000000  0.010010836000000  0.844712200000000  2.936058400000000  14.313258800000000 -154.870656452780338
        0.000000002760085  3.416084000000000  20.021583000000000  10.905510862504773  4.275635400000000  0.010010836000000  0.844712200000000  2.936058400000000  14.313258800000000 -154.870656452780338
        0.000000000499340  3.416084000000000  20.021583000000000  10.905510700000001  4.275635463711932  0.010010836000000  0.844712200000000  2.936058400000000  14.313258800000000 -154.870656452780338
        0.000000000455390  3.416084000000000  20.021583000000000  10.905510700000001  4.275635400000000  0.010010850901161  0.844712200000000  2.936058400000000  14.313258800000000 -154.870656452780338
        0.000000007626080  3.416084000000000  20.021583000000000  10.905510700000001  4.275635400000000  0.010010836000000  0.844712214901161  2.936058400000000  14.313258800000000 -154.870656452780338
        0.000000008542471  3.416084000000000  20.021583000000000  10.905510700000001  4.275635400000000  0.010010836000000  0.844712200000000  2.936058443750679  14.313258800000000 -154.870656452780338
        0.000000009622645  3.416084000000000  20.021583000000000  10.905510700000001  4.275635400000000  0.010010836000000  0.844712200000000  2.936058400000000  14.313259013284176 -154.870656452780338
        0.000037770100898  3.416084000000000  20.021583000000000  10.905510700000001  4.275635400000000  0.010010836000000  0.844712200000000  2.936058400000000  14.313258800000000 -154.870658760532962
        0.281681303793130  3.382575850108474  2.618509836946988  0.323060396751954  7.625204478806344  27.139896290778882  0.243127851037422  2.935726117203903  14.287076439368848 -154.870577712499539
        0.188523298708284  3.365468588364734  17.580285977078223  9.372438291411811  5.810906480789990  7.881825738093389  0.703037907342791  2.896266574813201  14.274316096966270 -154.870574098972043
        0.000000016771872  3.365468638514124  17.580285977078223  9.372438291411811  5.810906480789990  7.881825738093389  0.703037907342791  2.896266574813201  14.274316096966270 -154.870574098972043
        0.000000015933562  3.365468588364734  17.580286239044899  9.372438291411811  5.810906480789990  7.881825738093389  0.703037907342791  2.896266574813201  14.274316096966270 -154.870574098972043
        0.000000002022875  3.365468588364734  17.580285977078223  9.372438431072025  5.810906480789990  7.881825738093389  0.703037907342791  2.896266574813201  14.274316096966270 -154.870574098972043
        0.000000000251269  3.365468588364734  17.580285977078223  9.372438291411811  5.810906567379244  7.881825738093389  0.703037907342791  2.896266574813201  14.274316096966270 -154.870574098972043
        0.000000001731889  3.365468588364734  17.580285977078223  9.372438291411811  5.810906480789990  7.881825855541745  0.703037907342791  2.896266574813201  14.274316096966270 -154.870574098972043
        0.000000004284343  3.365468588364734  17.580285977078223  9.372438291411811  5.810906480789990  7.881825738093389  0.703037922243952  2.896266574813201  14.274316096966270 -154.870574098972043
        0.000000009641940  3.365468588364734  17.580285977078223  9.372438291411811  5.810906480789990  7.881825738093389  0.703037907342791  2.896266617970936  14.274316096966270 -154.870574098972043
        0.000000006378964  3.365468588364734  17.580285977078223  9.372438291411811  5.810906480789990  7.881825738093389  0.703037907342791  2.896266574813201  14.274316309670155 -154.870574098972043
        0.000037770912936  3.365468588364734  17.580285977078223  9.372438291411811  5.810906480789990  7.881825738093389  0.703037907342791  2.896266574813201  14.274316096966270 -154.870576406723444
        0.025614588602233  3.355223596235361  23.405303042063235  15.172966077228661  2.096415434536841  0.986068098371653  0.943906257902394  2.898559769446906  14.272193946346979 -154.870351190778791
        0.017542939430158  3.359359887738126  19.472202244583016  9.608243132657668  6.442684906327270  5.875781232721778  0.758186455068940  2.915399669561379  14.271789325167365 -154.870329154356511
        0.000000017135957  3.359359937796489  19.472202244583016  9.608243132657668  6.442684906327270  5.875781232721778  0.758186455068940  2.915399669561379  14.271789325167365 -154.870329154356511
        0.000000016107121  3.359359887738126  19.472202534741442  9.608243132657668  6.442684906327270  5.875781232721778  0.758186455068940  2.915399669561379  14.271789325167365 -154.870329154356511
        0.000000002247419  3.359359887738126  19.472202244583016  9.608243275831647  6.442684906327270  5.875781232721778  0.758186455068940  2.915399669561379  14.271789325167365 -154.870329154356511
        0.000000000331864  3.359359887738126  19.472202244583016  9.608243132657668  6.442685002330756  5.875781232721778  0.758186455068940  2.915399669561379  14.271789325167365 -154.870329154356511
        0.000000000907772  3.359359887738126  19.472202244583016  9.608243132657668  6.442684906327270  5.875781320277741  0.758186455068940  2.915399669561379  14.271789325167365 -154.870329154356511
        0.000000005401859  3.359359887738126  19.472202244583016  9.608243132657668  6.442684906327270  5.875781232721778  0.758186469970101  2.915399669561379  14.271789325167365 -154.870329154356511
        0.000000009825947  3.359359887738126  19.472202244583016  9.608243132657668  6.442684906327270  5.875781232721778  0.758186455068940  2.915399713004219  14.271789325167365 -154.870329154356511
        0.000000006559867  3.359359887738126  19.472202244583016  9.608243132657668  6.442684906327270  5.875781232721778  0.758186455068940  2.915399669561379  14.271789537833598 -154.870329154356511
        0.000037770947693  3.359359887738126  19.472202244583016  9.608243132657668  6.442684906327270  5.875781232721778  0.758186455068940  2.915399669561379  14.271789325167365 -154.870331462104247
        0.002635908311552  3.365409073469297  19.382958440391086  9.747545328227902  6.466263788212165  5.872382262486061  0.757077521437518  2.894846638077115  14.474747579736352 -154.869991520757509
        0.000000017112332  3.365409123617801  19.382958440391086  9.747545328227902  6.466263788212165  5.872382262486061  0.757077521437518  2.894846638077115  14.474747579736352 -154.869991520757509
        0.000000016165759  3.365409073469297  19.382958729219673  9.747545328227902  6.466263788212165  5.872382262486061  0.757077521437518  2.894846638077115  14.474747579736352 -154.869991520757509
        0.000000002264953  3.365409073469297  19.382958440391086  9.747545473477647  6.466263788212165  5.872382262486061  0.757077521437518  2.894846638077115  14.474747579736352 -154.869991520757509
        0.000000000337811  3.365409073469297  19.382958440391086  9.747545328227902  6.466263884567003  5.872382262486061  0.757077521437518  2.894846638077115  14.474747579736352 -154.869991520757509
        0.000000000930035  3.365409073469297  19.382958440391086  9.747545328227902  6.466263788212165  5.872382349991376  0.757077521437518  2.894846638077115  14.474747579736352 -154.869991520757509
        0.000000005534334  3.365409073469297  19.382958440391086  9.747545328227902  6.466263788212165  5.872382262486061  0.757077536338679  2.894846638077115  14.474747579736352 -154.869991520757509
        0.000000009973979  3.365409073469297  19.382958440391086  9.747545328227902  6.466263788212165  5.872382262486061  0.757077521437518  2.894846681213691  14.474747579736352 -154.869991520757509
        0.000000006816668  3.365409073469297  19.382958440391086  9.747545328227902  6.466263788212165  5.872382262486061  0.757077521437518  2.894846638077115  14.474747795426898 -154.869991520757509
        0.000037770650636  3.365409073469297  19.382958440391086  9.747545328227902  6.466263788212165  5.872382262486061  0.757077521437518  2.894846638077115  14.474747579736352 -154.869993828500213
        0.004642249449216  3.375717935318705  22.183428268885486  12.365499120527360  6.188576793374122  1.693508808831841  0.850555162285436  2.849127035642508  14.470030164838663 -154.869771503828900
        0.004437076986973  3.376181997285287  19.887980548424967  10.184541526706953  6.675812497475786  4.637661771032168  0.780071705602386  2.867479778177468  14.465025023079573 -154.869768143330560
        0.000000017107251  3.376182047594319  19.887980548424967  10.184541526706953  6.675812497475786  4.637661771032168  0.780071705602386  2.867479778177468  14.465025023079573 -154.869768143330560
        0.000000016156116  3.376181997285287  19.887980844778969  10.184541526706953  6.675812497475786  4.637661771032168  0.780071705602386  2.867479778177468  14.465025023079573 -154.869768143330560
        0.000000002398508  3.376181997285287  19.887980548424967  10.184541678468449  6.675812497475786  4.637661771032168  0.780071705602386  2.867479778177468  14.465025023079573 -154.869768143330560
        0.000000000374055  3.376181997285287  19.887980548424967  10.184541526706953  6.675812596953144  4.637661771032168  0.780071705602386  2.867479778177468  14.465025023079573 -154.869768143330560
        0.000000000514730  3.376181997285287  19.887980548424967  10.184541526706953  6.675812497475786  4.637661840138714  0.780071705602386  2.867479778177468  14.465025023079573 -154.869768143330560
        0.000000006325392  3.376181997285287  19.887980548424967  10.184541526706953  6.675812497475786  4.637661771032168  0.780071720503547  2.867479778177468  14.465025023079573 -154.869768143330560
        0.000000010149122  3.376181997285287  19.887980548424967  10.184541526706953  6.675812497475786  4.637661771032168  0.780071705602386  2.867479820906246  14.465025023079573 -154.869768143330560
        0.000000007299003  3.376181997285287  19.887980548424967  10.184541526706953  6.675812497475786  4.637661771032168  0.780071705602386  2.867479778177468  14.465025238625243 -154.869768143330560
        0.000037770433231  3.376181997285287  19.887980548424967  10.184541526706953  6.675812497475786  4.637661771032168  0.780071705602386  2.867479778177468  14.465025023079573 -154.869770451069940
        0.000149328629419  3.376822761633886  19.914397201769066  10.241305995467462  6.696650322284183  4.609262345452593  0.779792330247631  2.864584500284851  14.478038600712640 -154.869747386097515
        0.000000017102167  3.376822811952466  19.914397201769066  10.241305995467462  6.696650322284183  4.609262345452593  0.779792330247631  2.864584500284851  14.478038600712640 -154.869747386097515
        0.000000016155979  3.376822761633886  19.914397498516710  10.241305995467462  6.696650322284183  4.609262345452593  0.779792330247631  2.864584500284851  14.478038600712640 -154.869747386097515
        0.000000002403215  3.376822761633886  19.914397201769066  10.241306148074813  6.696650322284183  4.609262345452593  0.779792330247631  2.864584500284851  14.478038600712640 -154.869747386097515
        0.000000000375576  3.376822761633886  19.914397201769066  10.241305995467462  6.696650422072049  4.609262345452593  0.779792330247631  2.864584500284851  14.478038600712640 -154.869747386097515
        0.000000000505624  3.376822761633886  19.914397201769066  10.241305995467462  6.696650322284183  4.609262414135954  0.779792330247631  2.864584500284851  14.478038600712640 -154.869747386097515
        0.000000006372061  3.376822761633886  19.914397201769066  10.241305995467462  6.696650322284183  4.609262345452593  0.779792345148792  2.864584500284851  14.478038600712640 -154.869747386097515
        0.000000010180759  3.376822761633886  19.914397201769066  10.241305995467462  6.696650322284183  4.609262345452593  0.779792330247631  2.864584542970486  14.478038600712640 -154.869747386097515
        0.000000007328468  3.376822761633886  19.914397201769066  10.241305995467462  6.696650322284183  4.609262345452593  0.779792330247631  2.864584500284851  14.478038816452226 -154.869747386097515
        0.000037770409981  3.376822761633886  19.914397201769066  10.241305995467462  6.696650322284183  4.609262345452593  0.779792330247631  2.864584500284851  14.478038600712640 -154.869749693836582
        0.000335289659829  3.393347566909232  20.726772664797824  11.320936910685338  6.382701974092002  2.134931033985905  0.824410439138831  2.850166092371825  14.048852991652719 -154.869748933236053
        0.000302703182500  3.382352272765192  20.051503601502997  10.465780941775689  6.631609023845427  3.954404179946371  0.790633295141155  2.860983947810888  14.333947352753437 -154.869747942394326
        0.000000017107669  3.382352323166169  20.051503601502997  10.465780941775689  6.631609023845427  3.954404179946371  0.790633295141155  2.860983947810888  14.333947352753437 -154.869747942394326
        0.000000016140912  3.382352272765192  20.051503900293685  10.465780941775689  6.631609023845427  3.954404179946371  0.790633295141155  2.860983947810888  14.333947352753437 -154.869747942394326
        0.000000002458115  3.382352272765192  20.051503601502997  10.465781097727978  6.631609023845427  3.954404179946371  0.790633295141155  2.860983947810888  14.333947352753437 -154.869747942394326
        0.000000000378323  3.382352272765192  20.051503601502997  10.465780941775689  6.631609122664102  3.954404179946371  0.790633295141155  2.860983947810888  14.333947352753437 -154.869747942394326
        0.000000000313180  3.382352272765192  20.051503601502997  10.465780941775689  6.631609023845427  3.954404238871585  0.790633295141155  2.860983947810888  14.333947352753437 -154.869747942394326
        0.000000006710916  3.382352272765192  20.051503601502997  10.465780941775689  6.631609023845427  3.954404179946371  0.790633310042316  2.860983947810888  14.333947352753437 -154.869747942394326
        0.000000010137282  3.382352272765192  20.051503601502997  10.465780941775689  6.631609023845427  3.954404179946371  0.790633295141155  2.860983990442871  14.333947352753437 -154.869747942394326
        0.000000007528772  3.382352272765192  20.051503601502997  10.465780941775689  6.631609023845427  3.954404179946371  0.790633295141155  2.860983947810888  14.333947566345897 -154.869747942394326
        0.000037770411632  3.382352272765192  20.051503601502997  10.465780941775689  6.631609023845427  3.954404179946371  0.790633295141155  2.860983947810888  14.333947352753437 -154.869750250133393
        0.000080290121754  3.392017234575993  20.404303262418818  10.971931195227656  6.472463493908741  2.687670233989881  0.812810567594512  2.853149735161243  14.089487212768116 -154.869747285033810
        0.000000017107800  3.392017285120989  20.404303262418818  10.971931195227656  6.472463493908741  2.687670233989881  0.812810567594512  2.853149735161243  14.089487212768116 -154.869747285033810
        0.000000016106037  3.392017234575993  20.404303566466631  10.971931195227656  6.472463493908741  2.687670233989881  0.812810567594512  2.853149735161243  14.089487212768116 -154.869747285033810
        0.000000002571361  3.392017234575993  20.404303262418818  10.971931358722172  6.472463493908741  2.687670233989881  0.812810567594512  2.853149735161243  14.089487212768116 -154.869747285033810
        0.000000000383684  3.392017234575993  20.404303262418818  10.971931195227656  6.472463590355963  2.687670233989881  0.812810567594512  2.853149735161243  14.089487212768116 -154.869747285033810
        0.000000000251274  3.392017234575993  20.404303262418818  10.971931195227656  6.472463493908741  2.687670274039288  0.812810567594512  2.853149735161243  14.089487212768116 -154.869747285033810
        0.000000007379753  3.392017234575993  20.404303262418818  10.971931195227656  6.472463493908741  2.687670233989881  0.812810582495673  2.853149735161243  14.089487212768116 -154.869747285033810
        0.000000010054370  3.392017234575993  20.404303262418818  10.971931195227656  6.472463493908741  2.687670233989881  0.812810567594512  2.853149777676487  14.089487212768116 -154.869747285033810
        0.000000007909466  3.392017234575993  20.404303262418818  10.971931195227656  6.472463493908741  2.687670233989881  0.812810567594512  2.853149735161243  14.089487422717836 -154.869747285033810
        0.000037770412384  3.392017234575993  20.404303262418818  10.971931195227656  6.472463493908741  2.687670233989881  0.812810567594512  2.853149735161243  14.089487212768116 -154.869749592772877
        0.000042233848369  3.391279863660871  20.523946392340694  11.047972749046254  6.501825232755264  2.611249283283063  0.814129835630681  2.852136051025451  14.112625763111268 -154.869745885223523
        0.000000017100876  3.391279914194879  20.523946392340694  11.047972749046254  6.501825232755264  2.611249283283063  0.814129835630681  2.852136051025451  14.112625763111268 -154.869745885223523
        0.000000016101345  3.391279863660871  20.523946698171326  11.047972749046254  6.501825232755264  2.611249283283063  0.814129835630681  2.852136051025451  14.112625763111268 -154.869745885223523
        0.000000002581322  3.391279863660871  20.523946392340694  11.047972913673878  6.501825232755264  2.611249283283063  0.814129835630681  2.852136051025451  14.112625763111268 -154.869745885223523
        0.000000000385004  3.391279863660871  20.523946392340694  11.047972749046254  6.501825329640010  2.611249283283063  0.814129835630681  2.852136051025451  14.112625763111268 -154.869745885223523
        0.000000000275228  3.391279863660871  20.523946392340694  11.047972749046254  6.501825232755264  2.611249322193709  0.814129835630681  2.852136051025451  14.112625763111268 -154.869745885223523
        0.000000007433904  3.391279863660871  20.523946392340694  11.047972749046254  6.501825232755264  2.611249283283063  0.814129850531842  2.852136051025451  14.112625763111268 -154.869745885223523
        0.000000010078843  3.391279863660871  20.523946392340694  11.047972749046254  6.501825232755264  2.611249283283063  0.814129835630681  2.852136093525590  14.112625763111268 -154.869745885223523
        0.000000007914227  3.391279863660871  20.523946392340694  11.047972749046254  6.501825232755264  2.611249283283063  0.814129835630681  2.852136051025451  14.112625973405779 -154.869745885223523
        0.000037770408912  3.391279863660871  20.523946392340694  11.047972749046254  6.501825232755264  2.611249283283063  0.814129835630681  2.852136051025451  14.112625763111268 -154.869748192962561
        0.000069582870330  3.387448386994484  20.935849050316982  11.324463181340974  6.599374330082848  2.399609438677664  0.818128213311797  2.850565307499040  14.207812303156786 -154.869746007769066
        0.000000017068369  3.387448437471398  20.935849050316982  11.324463181340974  6.599374330082848  2.399609438677664  0.818128213311797  2.850565307499040  14.207812303156786 -154.869746007769066
        0.000000016080467  3.387448386994484  20.935849362285442  11.324463181340974  6.599374330082848  2.399609438677664  0.818128213311797  2.850565307499040  14.207812303156786 -154.869746007769066
        0.000000002604886  3.387448386994484  20.935849050316982  11.324463350088624  6.599374330082848  2.399609438677664  0.818128213311797  2.850565307499040  14.207812303156786 -154.869746007769066
        0.000000000388006  3.387448386994484  20.935849050316982  11.324463181340974  6.599374428421189  2.399609438677664  0.818128213311797  2.850565307499040  14.207812303156786 -154.869746007769066
        0.000000000349534  3.387448386994484  20.935849050316982  11.324463181340974  6.599374330082848  2.399609474434631  0.818128213311797  2.850565307499040  14.207812303156786 -154.869746007769066
        0.000000007574514  3.387448386994484  20.935849050316982  11.324463181340974  6.599374330082848  2.399609438677664  0.818128228212958  2.850565307499040  14.207812303156786 -154.869746007769066
        0.000000010158485  3.387448386994484  20.935849050316982  11.324463181340974  6.599374330082848  2.399609438677664  0.818128213311797  2.850565349975773  14.207812303156786 -154.869746007769066
        0.000000007890394  3.387448386994484  20.935849050316982  11.324463181340974  6.599374330082848  2.399609438677664  0.818128213311797  2.850565307499040  14.207812514869687 -154.869746007769066
        0.000037770409447  3.387448386994484  20.935849050316982  11.324463181340974  6.599374330082848  2.399609438677664  0.818128213311797  2.850565307499040  14.207812303156786 -154.869748315508104
        0.000017012568358  3.387235889169037  20.970591994931414  11.349863068042470  6.604493581370862  2.375310358949169  0.818534647704232  2.850332936621684  14.214248622691301 -154.869745595622675
        0.000000017065543  3.387235939642785  20.970591994931414  11.349863068042470  6.604493581370862  2.375310358949169  0.818534647704232  2.850332936621684  14.214248622691301 -154.869745595622675
        0.000000016079206  3.387235889169037  20.970592307417586  11.349863068042470  6.604493581370862  2.375310358949169  0.818534647704232  2.850332936621684  14.214248622691301 -154.869745595622675
        0.000000002607582  3.387235889169037  20.970591994931414  11.349863237168609  6.604493581370862  2.375310358949169  0.818534647704232  2.850332936621684  14.214248622691301 -154.869745595622675
        0.000000000388267  3.387235889169037  20.970591994931414  11.349863068042470  6.604493679785485  2.375310358949169  0.818534647704232  2.850332936621684  14.214248622691301 -154.869745595622675
        0.000000000357661  3.387235889169037  20.970591994931414  11.349863068042470  6.604493581370862  2.375310394344051  0.818534647704232  2.850332936621684  14.214248622691301 -154.869745595622675
        0.000000007590163  3.387235889169037  20.970591994931414  11.349863068042470  6.604493581370862  2.375310358949169  0.818534662605394  2.850332936621684  14.214248622691301 -154.869745595622675
        0.000000010164283  3.387235889169037  20.970591994931414  11.349863068042470  6.604493581370862  2.375310358949169  0.818534647704232  2.850332979094955  14.214248622691301 -154.869745595622675
        0.000000007892182  3.387235889169037  20.970591994931414  11.349863068042470  6.604493581370862  2.375310358949169  0.818534647704232  2.850332936621684  14.214248834500111 -154.869745595622675
        0.000037770408759  3.387235889169037  20.970591994931414  11.349863068042470  6.604493581370862  2.375310358949169  0.818534647704232  2.850332936621684  14.214248622691301 -154.869747903361713
        0.000375417711282  3.389092052321720  21.797630203939089  12.075123093069665  6.675270762796023  1.160718844282894  0.838508799526987  2.842481915857847  14.165290615648280 -154.869746390086732
        0.000328215495026  3.388385343356101  21.135370829803417  11.508701195870232  6.606558544133486  2.068693590777350  0.823557031441884  2.848348954284253  14.185099691134013 -154.869745563887363
        0.000000017059030  3.388385393846978  21.135370829803417  11.508701195870232  6.606558544133486  2.068693590777350  0.823557031441884  2.848348954284253  14.185099691134013 -154.869745563887363
        0.000000016069120  3.388385343356101  21.135371144744983  11.508701195870232  6.606558544133486  2.068693590777350  0.823557031441884  2.848348954284253  14.185099691134013 -154.869745563887363
        0.000000002637218  3.388385343356101  21.135370829803417  11.508701367363244  6.606558544133486  2.068693590777350  0.823557031441884  2.848348954284253  14.185099691134013 -154.869745563887363
        0.000000000391979  3.388385343356101  21.135370829803417  11.508701195870232  6.606558642578880  2.068693590777350  0.823557031441884  2.848348954284253  14.185099691134013 -154.869745563887363
        0.000000000458147  3.388385343356101  21.135370829803417  11.508701195870232  6.606558544133486  2.068693621603287  0.823557031441884  2.848348954284253  14.185099691134013 -154.869745563887363
        0.000000007763202  3.388385343356101  21.135370829803417  11.508701195870232  6.606558544133486  2.068693590777350  0.823557046343045  2.848348954284253  14.185099691134013 -154.869745563887363
        0.000000010166145  3.388385343356101  21.135370829803417  11.508701195870232  6.606558544133486  2.068693590777350  0.823557031441884  2.848348996727959  14.185099691134013 -154.869745563887363
        0.000000007966310  3.388385343356101  21.135370829803417  11.508701195870232  6.606558544133486  2.068693590777350  0.823557031441884  2.848348954284253  14.185099902508471 -154.869745563887363
        0.000037770408881  3.388385343356101  21.135370829803417  11.508701195870232  6.606558544133486  2.068693590777350  0.823557031441884  2.848348954284253  14.185099691134013 -154.869747871626402
        0.000027979156199  3.387281629043430  21.240816790188497  11.576000244456884  6.637347889180015  2.026061930362651  0.824242974660357  2.847985650685288  14.213147558280575 -154.869745351322308
        0.000000017050046  3.387281679517860  21.240816790188497  11.576000244456884  6.637347889180015  2.026061930362651  0.824242974660357  2.847985650685288  14.213147558280575 -154.869745351322308
        0.000000016064398  3.387281629043430  21.240817106701332  11.576000244456884  6.637347889180015  2.026061930362651  0.824242974660357  2.847985650685288  14.213147558280575 -154.869745351322308
        0.000000002642128  3.387281629043430  21.240816790188497  11.576000416952729  6.637347889180015  2.026061930362651  0.824242974660357  2.847985650685288  14.213147558280575 -154.869745351322308
        0.000000000392799  3.387281629043430  21.240816790188497  11.576000244456884  6.637347988084206  2.026061930362651  0.824242974660357  2.847985650685288  14.213147558280575 -154.869745351322308
        0.000000000475948  3.387281629043430  21.240816790188497  11.576000244456884  6.637347889180015  2.026061960553326  0.824242974660357  2.847985650685288  14.213147558280575 -154.869745351322308
        0.000000007793551  3.387281629043430  21.240816790188497  11.576000244456884  6.637347889180015  2.026061930362651  0.824242989561518  2.847985650685288  14.213147558280575 -154.869745351322308
        0.000000010188950  3.387281629043430  21.240816790188497  11.576000244456884  6.637347889180015  2.026061930362651  0.824242974660357  2.847985693123582  14.213147558280575 -154.869745351322308
        0.000000007956236  3.387281629043430  21.240816790188497  11.576000244456884  6.637347889180015  2.026061930362651  0.824242974660357  2.847985650685288  14.213147770072977 -154.869745351322308
        0.000037770408738  3.387281629043430  21.240816790188497  11.576000244456884  6.637347889180015  2.026061930362651  0.824242974660357  2.847985650685288  14.213147558280575 -154.869747659061346
        0.000133205513471  3.383365536525926  21.829645231685216  11.999434585181405  6.750341760676821  1.597755706358741  0.831599169033057  2.845045159508921  14.311017245845884 -154.869745538101995
        0.000096854609296  3.387500348396002  21.323372221021305  11.649331396476310  6.641638840303791  1.902397935718652  0.826284323977398  2.847166273211888  14.207698053390907 -154.869745254316854
        0.000000017045966  3.387500398873691  21.323372221021305  11.649331396476310  6.641638840303791  1.902397935718652  0.826284323977398  2.847166273211888  14.207698053390907 -154.869745254316854
        0.000000016059974  3.387500348396002  21.323372538764310  11.649331396476310  6.641638840303791  1.902397935718652  0.826284323977398  2.847166273211888  14.207698053390907 -154.869745254316854
        0.000000002654309  3.387500348396002  21.323372221021305  11.649331570064875  6.641638840303791  1.902397935718652  0.826284323977398  2.847166273211888  14.207698053390907 -154.869745254316854
        0.000000000394417  3.387500348396002  21.323372221021305  11.649331396476310  6.641638939271922  1.902397935718652  0.826284323977398  2.847166273211888  14.207698053390907 -154.869745254316854
        0.000000000518430  3.387500348396002  21.323372221021305  11.649331396476310  6.641638840303791  1.902397964066590  0.826284323977398  2.847166273211888  14.207698053390907 -154.869745254316854
        0.000000007863795  3.387500348396002  21.323372221021305  11.649331396476310  6.641638840303791  1.902397935718652  0.826284338878559  2.847166273211888  14.207698053390907 -154.869745254316854
        0.000000010193279  3.387500348396002  21.323372221021305  11.649331396476310  6.641638840303791  1.902397935718652  0.826284323977398  2.847166315637971  14.207698053390907 -154.869745254316854
        0.000000007982238  3.387500348396002  21.323372221021305  11.649331396476310  6.641638840303791  1.902397935718652  0.826284323977398  2.847166273211888  14.207698265102106 -154.869745254316854
        0.000037770408684  3.387500348396002  21.323372221021305  11.649331396476310  6.641638840303791  1.902397935718652  0.826284323977398  2.847166273211888  14.207698053390907 -154.869747562055892
        0.000054887016361  3.384450235300950  21.655761521081864  11.871695877488294  6.723819259509914  1.730577260559666  0.829181581533835  2.845933665559547  14.284171652616848 -154.869745306979837
        0.000000017020720  3.384450285733189  21.655761521081864  11.871695877488294  6.723819259509914  1.730577260559666  0.829181581533835  2.845933665559547  14.284171652616848 -154.869745306979837
        0.000000016045715  3.384450235300950  21.655761843777857  11.871695877488294  6.723819259509914  1.730577260559666  0.829181581533835  2.845933665559547  14.284171652616848 -154.869745306979837
        0.000000002672748  3.384450235300950  21.655761521081864  11.871696054390348  6.723819259509914  1.730577260559666  0.829181581533835  2.845933665559547  14.284171652616848 -154.869745306979837
        0.000000000397313  3.384450235300950  21.655761521081864  11.871695877488294  6.723819359702628  1.730577260559666  0.829181581533835  2.845933665559547  14.284171652616848 -154.869745306979837
        0.000000000585762  3.384450235300950  21.655761521081864  11.871695877488294  6.723819259509914  1.730577286347277  0.829181581533835  2.845933665559547  14.284171652616848 -154.869745306979837
        0.000000007973585  3.384450235300950  21.655761521081864  11.871695877488294  6.723819259509914  1.730577260559666  0.829181596434996  2.845933665559547  14.284171652616848 -154.869745306979837
        0.000000010256510  3.384450235300950  21.655761521081864  11.871695877488294  6.723819259509914  1.730577260559666  0.829181581533835  2.845933707967264  14.284171652616848 -154.869745306979837
        0.000000007962670  3.384450235300950  21.655761521081864  11.871695877488294  6.723819259509914  1.730577260559666  0.829181581533835  2.845933665559547  14.284171865467593 -154.869745306979837
        0.000037770409025  3.384450235300950  21.655761521081864  11.871695877488294  6.723819259509914  1.730577260559666  0.829181581533835  2.845933665559547  14.284171652616848 -154.869747614718875
        0.000021197023524  3.384096099218607  21.705396675467505  11.906718839269965  6.733605485130393  1.698477018717192  0.829697575021622  2.845660690873756  14.293919351597811 -154.869745001626086
        0.000000017017072  3.384096149645568  21.705396675467505  11.906718839269965  6.733605485130393  1.698477018717192  0.829697575021622  2.845660690873756  14.293919351597811 -154.869745001626086
        0.000000016043981  3.384096099218607  21.705396998903119  11.906718839269965  6.733605485130393  1.698477018717192  0.829697575021622  2.845660690873756  14.293919351597811 -154.869745001626086
        0.000000002676220  3.384096099218607  21.705396675467505  11.906719016693902  6.733605485130393  1.698477018717192  0.829697575021622  2.845660690873756  14.293919351597811 -154.869745001626086
        0.000000000397825  3.384096099218607  21.705396675467505  11.906718839269965  6.733605585468935  1.698477018717192  0.829697575021622  2.845660690873756  14.293919351597811 -154.869745001626086
        0.000000000597714  3.384096099218607  21.705396675467505  11.906718839269965  6.733605485130393  1.698477044026472  0.829697575021622  2.845660690873756  14.293919351597811 -154.869745001626086
        0.000000007993653  3.384096099218607  21.705396675467505  11.906718839269965  6.733605485130393  1.698477018717192  0.829697589922783  2.845660690873756  14.293919351597811 -154.869745001626086
        0.000000010265101  3.384096099218607  21.705396675467505  11.906718839269965  6.733605485130393  1.698477018717192  0.829697575021622  2.845660733277405  14.293919351597811 -154.869745001626086
        0.000000007963078  3.384096099218607  21.705396675467505  11.906718839269965  6.733605485130393  1.698477018717192  0.829697575021622  2.845660690873756  14.293919564593807 -154.869745001626086
        0.000037770408565  3.384096099218607  21.705396675467505  11.906718839269965  6.733605485130393  1.698477018717192  0.829697575021622  2.845660690873756  14.293919351597811 -154.869747309365124
        0.000097874037426  3.383232817233200  22.109053803080670  12.226376751301473  6.799869817331710  1.253255882480064  0.836614599317083  2.842789531885594  14.314747098588638 -154.869745355830162
        0.000000016995206  3.383232867647298  22.109053803080670  12.226376751301473  6.799869817331710  1.253255882480064  0.836614599317083  2.842789531885594  14.314747098588638 -154.869745355830162
        0.000000016026643  3.383232817233200  22.109054132531245  12.226376751301473  6.799869817331710  1.253255882480064  0.836614599317083  2.842789531885594  14.314747098588638 -154.869745355830162
        0.000000002720476  3.383232817233200  22.109053803080670  12.226376933488684  6.799869817331710  1.253255882480064  0.836614599317083  2.842789531885594  14.314747098588638 -154.869745355830162
        0.000000000405013  3.383232817233200  22.109053803080670  12.226376751301473  6.799869918657667  1.253255882480064  0.836614599317083  2.842789531885594  14.314747098588638 -154.869745355830162
        0.000000000759536  3.383232817233200  22.109053803080670  12.226376751301473  6.799869817331710  1.253255901155032  0.836614599317083  2.842789531885594  14.314747098588638 -154.869745355830162
        0.000000008251773  3.383232817233200  22.109053803080670  12.226376751301473  6.799869817331710  1.253255882480064  0.836614614218244  2.842789531885594  14.314747098588638 -154.869745355830162
        0.000000010310264  3.383232817233200  22.109053803080670  12.226376751301473  6.799869817331710  1.253255882480064  0.836614599317083  2.842789574246459  14.314747098588638 -154.869745355830162
        0.000000008027670  3.383232817233200  22.109053803080670  12.226376751301473  6.799869817331710  1.253255882480064  0.836614599317083  2.842789531885594  14.314747311894992 -154.869745355830162
        0.000037770409195  3.383232817233200  22.109053803080670  12.226376751301473  6.799869817331710  1.253255882480064  0.836614599317083  2.842789531885594  14.314747098588638 -154.869747663569200
        0.000037398771414  3.383233988094032  22.118306353834260  12.233464631688468  6.802730711378582  1.243480846342273  0.836658957689424  2.842579660604001  14.316184305453787 -154.869744541586044
        0.000000016992372  3.383234038508147  22.118306353834260  12.233464631688468  6.802730711378582  1.243480846342273  0.836658957689424  2.842579660604001  14.316184305453787 -154.869744541586044
        0.000000016025989  3.383233988094032  22.118306683422709  12.233464631688468  6.802730711378582  1.243480846342273  0.836658957689424  2.842579660604001  14.316184305453787 -154.869744541586044
        0.000000002721478  3.383233988094032  22.118306353834260  12.233464813981296  6.802730711378582  1.243480846342273  0.836658957689424  2.842579660604001  14.316184305453787 -154.869744541586044
        0.000000000405227  3.383233988094032  22.118306353834260  12.233464631688468  6.802730812747170  1.243480846342273  0.836658957689424  2.842579660604001  14.316184305453787 -154.869744541586044
        0.000000000763218  3.383233988094032  22.118306353834260  12.233464631688468  6.802730711378582  1.243480864871582  0.836658957689424  2.842579660604001  14.316184305453787 -154.869744541586044
        0.000000008259086  3.383233988094032  22.118306353834260  12.233464631688468  6.802730711378582  1.243480846342273  0.836658972590585  2.842579660604001  14.316184305453787 -154.869744541586044
        0.000000010312337  3.383233988094032  22.118306353834260  12.233464631688468  6.802730711378582  1.243480846342273  0.836658957689424  2.842579702961739  14.316184305453787 -154.869744541586044
        0.000000008030567  3.383233988094032  22.118306353834260  12.233464631688468  6.802730711378582  1.243480846342273  0.836658957689424  2.842579660604001  14.316184518781556 -154.869744541586044
        0.000037770408292  3.383233988094032  22.118306353834260  12.233464631688468  6.802730711378582  1.243480846342273  0.836658957689424  2.842579660604001  14.316184305453787 -154.869746849325082
2022-08-18 15:10:51.271082
