/projects/wagner/highthroughput/mick_graphene_paper/3_data/kc_fitting_dft
2022-08-18 11:04:38.347209
energy_inf: -154.87065645278034
     2535.672725874616845  3.416084000000000  20.021583000000000  10.905510700000001  4.275635400000000  0.010010836000000  0.844712200000000  2.936058400000000  14.313258800000000 -154.870656452780338
        0.000000018717218  3.416084050903618  20.021583000000000  10.905510700000001  4.275635400000000  0.010010836000000  0.844712200000000  2.936058400000000  14.313258800000000 -154.870656452780338
        0.000000019282189  3.416084000000000  20.021583298344837  10.905510700000001  4.275635400000000  0.010010836000000  0.844712200000000  2.936058400000000  14.313258800000000 -154.870656452780338
        0.000000002760085  3.416084000000000  20.021583000000000  10.905510862504773  4.275635400000000  0.010010836000000  0.844712200000000  2.936058400000000  14.313258800000000 -154.870656452780338
        0.000000000499340  3.416084000000000  20.021583000000000  10.905510700000001  4.275635463711932  0.010010836000000  0.844712200000000  2.936058400000000  14.313258800000000 -154.870656452780338
        0.000000000455390  3.416084000000000  20.021583000000000  10.905510700000001  4.275635400000000  0.010010850901161  0.844712200000000  2.936058400000000  14.313258800000000 -154.870656452780338
        0.000000007626080  3.416084000000000  20.021583000000000  10.905510700000001  4.275635400000000  0.010010836000000  0.844712214901161  2.936058400000000  14.313258800000000 -154.870656452780338
        0.000000008542471  3.416084000000000  20.021583000000000  10.905510700000001  4.275635400000000  0.010010836000000  0.844712200000000  2.936058443750679  14.313258800000000 -154.870656452780338
        0.000000009622645  3.416084000000000  20.021583000000000  10.905510700000001  4.275635400000000  0.010010836000000  0.844712200000000  2.936058400000000  14.313259013284176 -154.870656452780338
        0.000037770100898  3.416084000000000  20.021583000000000  10.905510700000001  4.275635400000000  0.010010836000000  0.844712200000000  2.936058400000000  14.313258800000000 -154.870658760532962
        0.306959135360863  3.389069449834003  1.182941219510397  0.584150418579343  7.076878001423536  28.487801364555825  0.224497662329743  2.935530810312369  14.289776850307025 -154.870592742098665
        0.212014842024397  3.366310585175956  17.234469756876113  9.167457152472231  5.531172501370309  8.235196428615348  0.703910004588515  2.896824938492742  14.270751242142879 -154.870577861091931
        0.000000016856266  3.366310635337893  17.234469756876113  9.167457152472231  5.531172501370309  8.235196428615348  0.703910004588515  2.896824938492742  14.270751242142879 -154.870577861091931
        0.000000015989687  3.366310585175956  17.234470013689723  9.167457152472231  5.531172501370309  8.235196428615348  0.703910004588515  2.896824938492742  14.270751242142879 -154.870577861091931
        0.000000001988596  3.366310585175956  17.234469756876113  9.167457289077987  5.531172501370309  8.235196428615348  0.703910004588515  2.896824938492742  14.270751242142879 -154.870577861091931
        0.000000000240101  3.366310585175956  17.234469756876113  9.167457152472231  5.531172583791202  8.235196428615348  0.703910004588515  2.896824938492742  14.270751242142879 -154.870577861091931
        0.000000001876587  3.366310585175956  17.234469756876113  9.167457152472231  5.531172501370309  8.235196551329338  0.703910004588515  2.896824938492742  14.270751242142879 -154.870577861091931
        0.000000004005550  3.366310585175956  17.234469756876113  9.167457152472231  5.531172501370309  8.235196428615348  0.703910019489676  2.896824938492742  14.270751242142879 -154.870577861091931
        0.000000009561153  3.366310585175956  17.234469756876113  9.167457152472231  5.531172501370309  8.235196428615348  0.703910004588515  2.896824981658797  14.270751242142879 -154.870577861091931
        0.000000006315213  3.366310585175956  17.234469756876113  9.167457152472231  5.531172501370309  8.235196428615348  0.703910004588515  2.896824938492742  14.270751454793643 -154.870577861091931
        0.000037770903087  3.366310585175956  17.234469756876113  9.167457152472231  5.531172501370309  8.235196428615348  0.703910004588515  2.896824938492742  14.270751242142879 -154.870580168843389
        0.032330989193262  3.353882268708806  24.140568611566831  16.343704459602762  0.625834784111102  0.017371967651236  1.001103625410629  2.897678980314842  14.265728427524962 -154.870383484581936
        0.025051627580083  3.358413789390993  19.517813628291755  9.852268215705372  6.030744000029927  5.787124632099156  0.769613755137939  2.918356696704235  14.266022344900033 -154.870350195256634
        0.000000017177743  3.358413839435258  19.517813628291755  9.852268215705372  6.030744000029927  5.787124632099156  0.769613755137939  2.918356696704235  14.266022344900033 -154.870350195256634
        0.000000016120488  3.358413789390993  19.517813919129843  9.852268215705372  6.030744000029927  5.787124632099156  0.769613755137939  2.918356696704235  14.266022344900033 -154.870350195256634
        0.000000002244703  3.358413789390993  19.517813628291755  9.852268362515609  6.030744000029927  5.787124632099156  0.769613755137939  2.918356696704235  14.266022344900033 -154.870350195256634
        0.000000000307110  3.358413789390993  19.517813628291755  9.852268215705372  6.030744089895016  5.787124632099156  0.769613755137939  2.918356696704235  14.266022344900033 -154.870350195256634
        0.000000000912385  3.358413789390993  19.517813628291755  9.852268215705372  6.030744000029927  5.787124718334033  0.769613755137939  2.918356696704235  14.266022344900033 -154.870350195256634
        0.000000005336075  3.358413789390993  19.517813628291755  9.852268215705372  6.030744000029927  5.787124632099156  0.769613770039100  2.918356696704235  14.266022344900033 -154.870350195256634
        0.000000009738812  3.358413789390993  19.517813628291755  9.852268215705372  6.030744000029927  5.787124632099156  0.769613755137939  2.918356740191139  14.266022344900033 -154.870350195256634
        0.000000006536639  3.358413789390993  19.517813628291755  9.852268215705372  6.030744000029927  5.787124632099156  0.769613755137939  2.918356696704235  14.266022557480332 -154.870350195256634
        0.000037770970609  3.358413789390993  19.517813628291755  9.852268215705372  6.030744000029927  5.787124632099156  0.769613755137939  2.918356696704235  14.266022344900033 -154.870352503004682
        0.003461435870320  3.361870783384334  19.459330491394383  9.996849130413922  6.031148008339658  5.777275127585861  0.765889112039885  2.908039589979889  14.406585452888036 -154.870119017983228
        0.000000017112687  3.361870833480113  19.459330491394383  9.996849130413922  6.031148008339658  5.777275127585861  0.765889112039885  2.908039589979889  14.406585452888036 -154.870119017983228
        0.000000016145352  3.361870783384334  19.459330781361004  9.996849130413922  6.031148008339658  5.777275127585861  0.765889112039885  2.908039589979889  14.406585452888036 -154.870119017983228
        0.000000002249155  3.361870783384334  19.459330491394383  9.996849279378583  6.031148008339658  5.777275127585861  0.765889112039885  2.908039589979889  14.406585452888036 -154.870119017983228
        0.000000000308764  3.361870783384334  19.459330491394383  9.996849130413922  6.031148098210767  5.777275127585861  0.765889112039885  2.908039589979889  14.406585452888036 -154.870119017983228
        0.000000000928823  3.361870783384334  19.459330491394383  9.996849130413922  6.031148008339658  5.777275213673970  0.765889112039885  2.908039589979889  14.406585452888036 -154.870119017983228
        0.000000005423009  3.361870783384334  19.459330491394383  9.996849130413922  6.031148008339658  5.777275127585861  0.765889126941046  2.908039589979889  14.406585452888036 -154.870119017983228
        0.000000009811538  3.361870783384334  19.459330491394383  9.996849130413922  6.031148008339658  5.777275127585861  0.765889112039885  2.908039633313056  14.406585452888036 -154.870119017983228
        0.000000006711981  3.361870783384334  19.459330491394383  9.996849130413922  6.031148008339658  5.777275127585861  0.765889112039885  2.908039589979889  14.406585667562888 -154.870119017983228
        0.000037770777546  3.361870783384334  19.459330491394383  9.996849130413922  6.031148008339658  5.777275127585861  0.765889112039885  2.908039589979889  14.406585452888036 -154.870121325727837
        0.001629670881448  3.375025749859144  21.021709972251596  11.310264654818665  6.188871001419104  2.996095522381632  0.822340206716954  2.869361708528227  14.375287132389913 -154.869846891320492
        0.001545382773636  3.374034203671139  19.542279118139184  10.023041549623066  6.431211875886003  5.017266609473674  0.775325025384069  2.881732688172209  14.405059683421051 -154.869844959864309
        0.000000017136920  3.374034253948167  19.542279118139184  10.023041549623066  6.431211875886003  5.017266609473674  0.775325025384069  2.881732688172209  14.405059683421051 -154.869844959864309
        0.000000016180643  3.374034203671139  19.542279409341834  10.023041549623066  6.431211875886003  5.017266609473674  0.775325025384069  2.881732688172209  14.405059683421051 -154.869844959864309
        0.000000002341251  3.374034203671139  19.542279118139184  10.023041698978025  6.431211875886003  5.017266609473674  0.775325025384069  2.881732688172209  14.405059683421051 -154.869844959864309
        0.000000000351644  3.374034203671139  19.542279118139184  10.023041549623066  6.431211971718528  5.017266609473674  0.775325025384069  2.881732688172209  14.405059683421051 -154.869844959864309
        0.000000000664214  3.374034203671139  19.542279118139184  10.023041549623066  6.431211875886003  5.017266684236773  0.775325025384069  2.881732688172209  14.405059683421051 -154.869844959864309
        0.000000005996600  3.374034203671139  19.542279118139184  10.023041549623066  6.431211875886003  5.017266609473674  0.775325040285230  2.881732688172209  14.405059683421051 -154.869844959864309
        0.000000009995599  3.374034203671139  19.542279118139184  10.023041549623066  6.431211875886003  5.017266609473674  0.775325025384069  2.881732731113372  14.405059683421051 -154.869844959864309
        0.000000007150869  3.374034203671139  19.542279118139184  10.023041549623066  6.431211875886003  5.017266609473674  0.775325025384069  2.881732688172209  14.405059898073167 -154.869844959864309
        0.000037770522437  3.374034203671139  19.542279118139184  10.023041549623066  6.431211875886003  5.017266609473674  0.775325025384069  2.881732688172209  14.405059683421051 -154.869847267604825
        0.000645468294112  3.375864220013725  20.429511241141881  10.834002248111378  6.431748959046244  3.777541164135680  0.800213814034150  2.871089276085747  14.388512902626124 -154.869821078569004
        0.000426014743013  3.375941144914734  19.729133076794096  10.209037671891590  6.474078078417365  4.678159365392029  0.780995260925086  2.876704647841094  14.389137734238952 -154.869819910248225
        0.000000017135287  3.375941195220177  19.729133076794096  10.209037671891590  6.474078078417365  4.678159365392029  0.780995260925086  2.876704647841094  14.389137734238952 -154.869819910248225
        0.000000016171577  3.375941144914734  19.729133370781089  10.209037671891590  6.474078078417365  4.678159365392029  0.780995260925086  2.876704647841094  14.389137734238952 -154.869819910248225
        0.000000002375259  3.375941144914734  19.729133076794096  10.209037824018106  6.474078078417365  4.678159365392029  0.780995260925086  2.876704647841094  14.389137734238952 -154.869819910248225
        0.000000000357642  3.375941144914734  19.729133076794096  10.209037671891590  6.474078174888645  4.678159365392029  0.780995260925086  2.876704647841094  14.389137734238952 -154.869819910248225
        0.000000000549488  3.375941144914734  19.729133076794096  10.209037671891590  6.474078078417365  4.678159435102035  0.780995260925086  2.876704647841094  14.389137734238952 -154.869819910248225
        0.000000006212993  3.375941144914734  19.729133076794096  10.209037671891590  6.474078078417365  4.678159365392029  0.780995275826248  2.876704647841094  14.389137734238952 -154.869819910248225
        0.000000010037397  3.375941144914734  19.729133076794096  10.209037671891590  6.474078078417365  4.678159365392029  0.780995260925086  2.876704690707333  14.389137734238952 -154.869819910248225
        0.000000007252870  3.375941144914734  19.729133076794096  10.209037671891590  6.474078078417365  4.678159365392029  0.780995260925086  2.876704647841094  14.389137948653813 -154.869819910248225
        0.000037770496208  3.375941144914734  19.729133076794096  10.209037671891590  6.474078078417365  4.678159365392029  0.780995260925086  2.876704647841094  14.389137734238952 -154.869822217988371
        0.000032449055552  3.374815033200024  19.883168713822752  10.324884844508155  6.488783562062858  4.580656149285675  0.783371003212972  2.875762266517552  14.420233173646015 -154.869818147833882
        0.000000017122552  3.374815083488687  19.883168713822752  10.324884844508155  6.488783562062858  4.580656149285675  0.783371003212972  2.875762266517552  14.420233173646015 -154.869818147833882
        0.000000016161316  3.374815033200024  19.883169010105053  10.324884844508155  6.488783562062858  4.580656149285675  0.783371003212972  2.875762266517552  14.420233173646015 -154.869818147833882
        0.000000002385811  3.374815033200024  19.883168713822752  10.324884998360929  6.488783562062858  4.580656149285675  0.783371003212972  2.875762266517552  14.420233173646015 -154.869818147833882
        0.000000000357595  3.374815033200024  19.883168713822752  10.324884844508155  6.488783658753268  4.580656149285675  0.783371003212972  2.875762266517552  14.420233173646015 -154.869818147833882
        0.000000000512449  3.374815033200024  19.883168713822752  10.324884844508155  6.488783562062858  4.580656217542771  0.783371003212972  2.875762266517552  14.420233173646015 -154.869818147833882
        0.000000006275285  3.374815033200024  19.883168713822752  10.324884844508155  6.488783562062858  4.580656149285675  0.783371018114133  2.875762266517552  14.420233173646015 -154.869818147833882
        0.000000010063611  3.374815033200024  19.883168713822752  10.324884844508155  6.488783562062858  4.580656149285675  0.783371003212972  2.875762309369748  14.420233173646015 -154.869818147833882
        0.000000007253916  3.374815033200024  19.883168713822752  10.324884844508155  6.488783562062858  4.580656149285675  0.783371003212972  2.875762266517552  14.420233388524233 -154.869818147833882
        0.000037770494373  3.374815033200024  19.883168713822752  10.324884844508155  6.488783562062858  4.580656149285675  0.783371003212972  2.875762266517552  14.420233173646015 -154.869820455574001
        0.000062215100574  3.372815774983913  20.189566587003803  10.553595411973090  6.520759892741913  4.359680334084535  0.788398977073047  2.874133707376006  14.471612975830190 -154.869818037902434
        0.000000017100355  3.372815825242785  20.189566587003803  10.553595411973090  6.520759892741913  4.359680334084535  0.788398977073047  2.874133707376006  14.471612975830190 -154.869818037902434
        0.000000016141759  3.372815774983913  20.189566887851790  10.553595411973090  6.520759892741913  4.359680334084535  0.788398977073047  2.874133707376006  14.471612975830190 -154.869818037902434
        0.000000002408682  3.372815774983913  20.189566587003803  10.553595569233917  6.520759892741913  4.359680334084535  0.788398977073047  2.874133707376006  14.471612975830190 -154.869818037902434
        0.000000000358256  3.372815774983913  20.189566587003803  10.553595411973090  6.520759989908807  4.359680334084535  0.788398977073047  2.874133707376006  14.471612975830190 -154.869818037902434
        0.000000000432072  3.372815774983913  20.189566587003803  10.553595411973090  6.520759892741913  4.359680399048835  0.788398977073047  2.874133707376006  14.471612975830190 -154.869818037902434
        0.000000006409331  3.372815774983913  20.189566587003803  10.553595411973090  6.520759892741913  4.359680334084535  0.788398991974208  2.874133707376006  14.471612975830190 -154.869818037902434
        0.000000010110491  3.372815774983913  20.189566587003803  10.553595411973090  6.520759892741913  4.359680334084535  0.788398977073047  2.874133750203936  14.471612975830190 -154.869818037902434
        0.000000007261805  3.372815774983913  20.189566587003803  10.553595411973090  6.520759892741913  4.359680334084535  0.788398977073047  2.874133707376006  14.471613191474027 -154.869818037902434
        0.000037770494361  3.372815774983913  20.189566587003803  10.553595411973090  6.520759892741913  4.359680334084535  0.788398977073047  2.874133707376006  14.471612975830190 -154.869820345642552
        0.000019705721005  3.371823868160294  20.296122547592393  10.625111581544687  6.540959707470798  4.310407931430482  0.789548789652389  2.873656727493556  14.498071372922666 -154.869817526187660
        0.000000017090728  3.371823918404385  20.296122547592393  10.625111581544687  6.540959707470798  4.310407931430482  0.789548789652389  2.873656727493556  14.498071372922666 -154.869817526187660
        0.000000016135222  3.371823868160294  20.296122850028187  10.625111581544687  6.540959707470798  4.310407931430482  0.789548789652389  2.873656727493556  14.498071372922666 -154.869817526187660
        0.000000002414497  3.371823868160294  20.296122547592393  10.625111739871187  6.540959707470798  4.310407931430482  0.789548789652389  2.873656727493556  14.498071372922666 -154.869817526187660
        0.000000000358630  3.371823868160294  20.296122547592393  10.625111581544687  6.540959804938693  4.310407931430482  0.789548789652389  2.873656727493556  14.498071372922666 -154.869817526187660
        0.000000000412272  3.371823868160294  20.296122547592393  10.625111581544687  6.540959707470798  4.310407995660565  0.789548789652389  2.873656727493556  14.498071372922666 -154.869817526187660
        0.000000006443749  3.371823868160294  20.296122547592393  10.625111581544687  6.540959707470798  4.310407931430482  0.789548804553550  2.873656727493556  14.498071372922666 -154.869817526187660
        0.000000010131044  3.371823868160294  20.296122547592393  10.625111581544687  6.540959707470798  4.310407931430482  0.789548789652389  2.873656770314378  14.498071372922666 -154.869817526187660
        0.000000007255850  3.371823868160294  20.296122547592393  10.625111581544687  6.540959707470798  4.310407931430482  0.789548789652389  2.873656727493556  14.498071588960766 -154.869817526187660
        0.000037770493772  3.371823868160294  20.296122547592393  10.625111581544687  6.540959707470798  4.310407931430482  0.789548789652389  2.873656727493556  14.498071372922666 -154.869819833927778
        0.000293285645847  3.365094857237827  21.211632508288503  11.289615926822481  6.652747749870781  3.718324613690219  0.802951227782496  2.869341238318449  14.671051509937412 -154.869817759087908
        0.000251217123406  3.372052741820675  20.439010462992869  10.753886646880021  6.535430153672598  4.106519415115320  0.793494848456956  2.872331967567461  14.492399479226810 -154.869817348098849
        0.000000017083401  3.372052792068176  20.439010462992869  10.753886646880021  6.535430153672598  4.106519415115320  0.793494848456956  2.872331967567461  14.492399479226810 -154.869817348098849
        0.000000016125465  3.372052741820675  20.439010767557857  10.753886646880021  6.535430153672598  4.106519415115320  0.793494848456956  2.872331967567461  14.492399479226810 -154.869817348098849
        0.000000002433203  3.372052741820675  20.439010462992869  10.753886807125420  6.535430153672598  4.106519415115320  0.793494848456956  2.872331967567461  14.492399479226810 -154.869817348098849
        0.000000000359658  3.372052741820675  20.439010462992869  10.753886646880021  6.535430251058096  4.106519415115320  0.793494848456956  2.872331967567461  14.492399479226810 -154.869817348098849
        0.000000000349671  3.372052741820675  20.439010462992869  10.753886646880021  6.535430153672598  4.106519476307228  0.793494848456956  2.872331967567461  14.492399479226810 -154.869817348098849
        0.000000006552666  3.372052741820675  20.439010462992869  10.753886646880021  6.535430153672598  4.106519415115320  0.793494863358117  2.872331967567461  14.492399479226810 -154.869817348098849
        0.000000010139325  3.372052741820675  20.439010462992869  10.753886646880021  6.535430153672598  4.106519415115320  0.793494848456956  2.872332010368543  14.492399479226810 -154.869817348098849
        0.000000007294577  3.372052741820675  20.439010462992869  10.753886646880021  6.535430153672598  4.106519415115320  0.793494848456956  2.872331967567461  14.492399695180390 -154.869817348098849
        0.000037770493673  3.372052741820675  20.439010462992869  10.753886646880021  6.535430153672598  4.106519415115320  0.793494848456956  2.872331967567461  14.492399479226810 -154.869819655838967
        0.000044388211028  3.370408943781492  20.672477231854394  10.923551184044271  6.564813490306946  3.949444438725102  0.796914589291723  2.871168434544162  14.534961422774877 -154.869817201944926
        0.000000017066148  3.370408994004499  20.672477231854394  10.923551184044271  6.564813490306946  3.949444438725102  0.796914589291723  2.871168434544162  14.534961422774877 -154.869817201944926
        0.000000016111756  3.370408943781492  20.672477539898310  10.923551184044271  6.564813490306946  3.949444438725102  0.796914589291723  2.871168434544162  14.534961422774877 -154.869817201944926
        0.000000002449531  3.370408943781492  20.672477231854394  10.923551346817868  6.564813490306946  3.949444438725102  0.796914589291723  2.871168434544162  14.534961422774877 -154.869817201944926
        0.000000000360715  3.370408943781492  20.672477231854394  10.923551184044271  6.564813588130290  3.949444438725102  0.796914589291723  2.871168434544162  14.534961422774877 -154.869817201944926
        0.000000000297858  3.370408943781492  20.672477231854394  10.923551184044271  6.564813490306946  3.949444497576410  0.796914589291723  2.871168434544162  14.534961422774877 -154.869817201944926
        0.000000006647271  3.370408943781492  20.672477231854394  10.923551184044271  6.564813490306946  3.949444438725102  0.796914604192884  2.871168434544162  14.534961422774877 -154.869817201944926
        0.000000010175666  3.370408943781492  20.672477231854394  10.923551184044271  6.564813490306946  3.949444438725102  0.796914589291723  2.871168477327906  14.534961422774877 -154.869817201944926
        0.000000007296278  3.370408943781492  20.672477231854394  10.923551184044271  6.564813490306946  3.949444438725102  0.796914589291723  2.871168434544162  14.534961639362681 -154.869817201944926
        0.000037770493609  3.370408943781492  20.672477231854394  10.923551184044271  6.564813490306946  3.949444438725102  0.796914589291723  2.871168434544162  14.534961422774877 -154.869819509685044
        0.000029638563208  3.368925884422370  20.842142676957490  11.039748231857953  6.594155672363825  3.861784290561760  0.798864584714301  2.870455513334051  14.573845297966745 -154.869816911419576
        0.000000017052729  3.368925934623278  20.842142676957490  11.039748231857953  6.594155672363825  3.861784290561760  0.798864584714301  2.870455513334051  14.573845297966745 -154.869816911419576
        0.000000016102482  3.368925884422370  20.842142987529616  11.039748231857953  6.594155672363825  3.861784290561760  0.798864584714301  2.870455513334051  14.573845297966745 -154.869816911419576
        0.000000002459281  3.368925884422370  20.842142676957490  11.039748396363020  6.594155672363825  3.861784290561760  0.798864584714301  2.870455513334051  14.573845297966745 -154.869816911419576
        0.000000000361561  3.368925884422370  20.842142676957490  11.039748231857953  6.594155770624401  3.861784290561760  0.798864584714301  2.870455513334051  14.573845297966745 -154.869816911419576
        0.000000000269025  3.368925884422370  20.842142676957490  11.039748231857953  6.594155672363825  3.861784348106830  0.798864584714301  2.870455513334051  14.573845297966745 -154.869816911419576
        0.000000006703636  3.368925884422370  20.842142676957490  11.039748231857953  6.594155672363825  3.861784290561760  0.798864599615462  2.870455513334051  14.573845297966745 -154.869816911419576
        0.000000010205867  3.368925884422370  20.842142676957490  11.039748231857953  6.594155672363825  3.861784290561760  0.798864584714301  2.870455556107172  14.573845297966745 -154.869816911419576
        0.000000007288673  3.368925884422370  20.842142676957490  11.039748231857953  6.594155672363825  3.861784290561760  0.798864584714301  2.870455513334051  14.573845515133963 -154.869816911419576
        0.000037770493323  3.368925884422370  20.842142676957490  11.039748231857953  6.594155672363825  3.861784290561760  0.798864584714301  2.870455513334051  14.573845297966745 -154.869819219159695
        0.000060450728833  3.366511523226339  21.169587580106040  11.273315980514415  6.640928777782103  3.652679776595083  0.803286154057471  2.868939778681908  14.636610428672874 -154.869816816802000
        0.000000017029539  3.366511573391270  21.169587580106040  11.273315980514415  6.640928777782103  3.652679776595083  0.803286154057471  2.868939778681908  14.636610428672874 -154.869816816802000
        0.000000016085055  3.366511523226339  21.169587895557477  11.273315980514415  6.640928777782103  3.652679776595083  0.803286154057471  2.868939778681908  14.636610428672874 -154.869816816802000
        0.000000002481035  3.366511523226339  21.169587580106040  11.273316148499914  6.640928777782103  3.652679776595083  0.803286154057471  2.868939778681908  14.636610428672874 -154.869816816802000
        0.000000000363512  3.366511523226339  21.169587580106040  11.273315980514415  6.640928876739654  3.652679776595083  0.803286154057471  2.868939778681908  14.636610428672874 -154.869816816802000
        0.000000000212907  3.366511523226339  21.169587580106040  11.273315980514415  6.640928777782103  3.652679831024253  0.803286154057471  2.868939778681908  14.636610428672874 -154.869816816802000
        0.000000006828479  3.366511523226339  21.169587580106040  11.273315980514415  6.640928777782103  3.652679776595083  0.803286168958632  2.868939778681908  14.636610428672874 -154.869816816802000
        0.000000010257575  3.366511523226339  21.169587580106040  11.273315980514415  6.640928777782103  3.652679776595083  0.803286154057471  2.868939821432442  14.636610428672874 -154.869816816802000
        0.000000007286579  3.366511523226339  21.169587580106040  11.273315980514415  6.640928777782103  3.652679776595083  0.803286154057471  2.868939778681908  14.636610646775365 -154.869816816802000
        0.000037770493361  3.366511523226339  21.169587580106040  11.273315980514415  6.640928777782103  3.652679776595083  0.803286154057471  2.868939778681908  14.636610428672874 -154.869819124542119
        0.000019062009835  3.365938966888960  21.248223199203210  11.327056422922901  6.658160576924166  3.603989035745124  0.804160930789776  2.868509859566290  14.652562297618926 -154.869816314988100
        0.000000017023152  3.365939017045359  21.248223199203210  11.327056422922901  6.658160576924166  3.603989035745124  0.804160930789776  2.868509859566290  14.652562297618926 -154.869816314988100
        0.000000016081056  3.365938966888960  21.248223515826410  11.327056422922901  6.658160576924166  3.603989035745124  0.804160930789776  2.868509859566290  14.652562297618926 -154.869816314988100
        0.000000002486224  3.365938966888960  21.248223199203210  11.327056591709194  6.658160576924166  3.603989035745124  0.804160930789776  2.868509859566290  14.652562297618926 -154.869816314988100
        0.000000000364212  3.365938966888960  21.248223199203210  11.327056422922901  6.658160676138490  3.603989035745124  0.804160930789776  2.868509859566290  14.652562297618926 -154.869816314988100
        0.000000000202112  3.365938966888960  21.248223199203210  11.327056422922901  6.658160576924166  3.603989089448746  0.804160930789776  2.868509859566290  14.652562297618926 -154.869816314988100
        0.000000006859509  3.365938966888960  21.248223199203210  11.327056422922901  6.658160576924166  3.603989035745124  0.804160945690938  2.868509859566290  14.652562297618926 -154.869816314988100
        0.000000010271692  3.365938966888960  21.248223199203210  11.327056422922901  6.658160576924166  3.603989035745124  0.804160930789776  2.868509902310418  14.652562297618926 -154.869816314988100
        0.000000007286569  3.365938966888960  21.248223199203210  11.327056422922901  6.658160576924166  3.603989035745124  0.804160930789776  2.868509859566290  14.652562515959119 -154.869816314988100
        0.000037770492291  3.365938966888960  21.248223199203210  11.327056422922901  6.658160576924166  3.603989035745124  0.804160930789776  2.868509859566290  14.652562297618926 -154.869818622728189
        0.000077959846130  3.365470766998713  21.567230706802114  11.584447692311713  6.689759113999243  3.233436839097718  0.810669044863816  2.866207716098215  14.664034606691514 -154.869816605596696
        0.000000017006628  3.365470817148135  21.567230706802114  11.584447692311713  6.689759113999243  3.233436839097718  0.810669044863816  2.866207716098215  14.664034606691514 -154.869816605596696
        0.000000016064203  3.365470766998713  21.567231028178895  11.584447692311713  6.689759113999243  3.233436839097718  0.810669044863816  2.866207716098215  14.664034606691514 -154.869816605596696
        0.000000002520943  3.365470766998713  21.567230706802114  11.584447864933436  6.689759113999243  3.233436839097718  0.810669044863816  2.866207716098215  14.664034606691514 -154.869816605596696
        0.000000000368665  3.365470766998713  21.567230706802114  11.584447692311713  6.689759213684422  3.233436839097718  0.810669044863816  2.866207716098215  14.664034606691514 -154.869816605596696
        0.000000000173571  3.365470766998713  21.567230706802114  11.584447692311713  6.689759113999243  3.233436887279682  0.810669044863816  2.866207716098215  14.664034606691514 -154.869816605596696
        0.000000007061645  3.365470766998713  21.567230706802114  11.584447692311713  6.689759113999243  3.233436839097718  0.810669059764978  2.866207716098215  14.664034606691514 -154.869816605596696
        0.000000010302920  3.365470766998713  21.567230706802114  11.584447692311713  6.689759113999243  3.233436839097718  0.810669044863816  2.866207758808038  14.664034606691514 -154.869816605596696
        0.000000007341517  3.365470766998713  21.567230706802114  11.584447692311713  6.689759113999243  3.233436839097718  0.810669044863816  2.866207716098215  14.664034825202657 -154.869816605596696
        0.000037770492748  3.365470766998713  21.567230706802114  11.584447692311713  6.689759113999243  3.233436839097718  0.810669044863816  2.866207716098215  14.664034606691514 -154.869818913336786
        0.000024071651552  3.365325375929298  21.604585876402833  11.614052179479012  6.689719406796478  3.199751657198645  0.811310984523844  2.865843284115806  14.669224935779869 -154.869815821835715
        0.000000017002383  3.365325426076554  21.604585876402833  11.614052179479012  6.689719406796478  3.199751657198645  0.811310984523844  2.865843284115806  14.669224935779869 -154.869815821835715
        0.000000016061743  3.365325375929298  21.604586198336250  11.614052179479012  6.689719406796478  3.199751657198645  0.811310984523844  2.865843284115806  14.669224935779869 -154.869815821835715
        0.000000002524281  3.365325375929298  21.604585876402833  11.614052352541876  6.689719406796478  3.199751657198645  0.811310984523844  2.865843284115806  14.669224935779869 -154.869815821835715
        0.000000000368996  3.365325375929298  21.604585876402833  11.614052179479012  6.689719506481065  3.199751657198645  0.811310984523844  2.865843284115806  14.669224935779869 -154.869815821835715
        0.000000000175422  3.365325375929298  21.604585876402833  11.614052179479012  6.689719406796478  3.199751704878660  0.811310984523844  2.865843284115806  14.669224935779869 -154.869815821835715
        0.000000007079987  3.365325375929298  21.604585876402833  11.614052179479012  6.689719406796478  3.199751657198645  0.811310999425005  2.865843284115806  14.669224935779869 -154.869815821835715
        0.000000010307034  3.365325375929298  21.604585876402833  11.614052179479012  6.689719406796478  3.199751657198645  0.811310984523844  2.865843326820199  14.669224935779869 -154.869815821835715
        0.000000007345738  3.365325375929298  21.604585876402833  11.614052179479012  6.689719406796478  3.199751657198645  0.811310984523844  2.865843284115806  14.669225154368355 -154.869815821835715
        0.000037770491929  3.365325375929298  21.604585876402833  11.614052179479012  6.689719406796478  3.199751657198645  0.811310984523844  2.865843284115806  14.669224935779869 -154.869818129575805
        0.000064567679750  3.365869753061397  21.851151102880220  11.828569329648809  6.702184524023457  2.833080256519867  0.817428622902297  2.863577601973270  14.654805038280752 -154.869815739281364
        0.000000016991595  3.365869803216765  21.851151102880220  11.828569329648809  6.702184524023457  2.833080256519867  0.817428622902297  2.863577601973270  14.654805038280752 -154.869815739281364
        0.000000016048667  3.365869753061397  21.851151428487743  11.828569329648809  6.702184524023457  2.833080256519867  0.817428622902297  2.863577601973270  14.654805038280752 -154.869815739281364
        0.000000002558053  3.365869753061397  21.851151102880220  11.828569505908227  6.702184524023457  2.833080256519867  0.817428622902297  2.863577601973270  14.654805038280752 -154.869815739281364
        0.000000000373919  3.365869753061397  21.851151102880220  11.828569329648809  6.702184623893789  2.833080256519867  0.817428622902297  2.863577601973270  14.654805038280752 -154.869815739281364
        0.000000000236012  3.365869753061397  21.851151102880220  11.828569329648809  6.702184524023457  2.833080298736053  0.817428622902297  2.863577601973270  14.654805038280752 -154.869815739281364
        0.000000007274342  3.365869753061397  21.851151102880220  11.828569329648809  6.702184524023457  2.833080256519867  0.817428637803458  2.863577601973270  14.654805038280752 -154.869815739281364
        0.000000010320439  3.365869753061397  21.851151102880220  11.828569329648809  6.702184524023457  2.833080256519867  0.817428622902297  2.863577644643901  14.654805038280752 -154.869815739281364
        0.000000007416250  3.365869753061397  21.851151102880220  11.828569329648809  6.702184524023457  2.833080256519867  0.817428622902297  2.863577601973270  14.654805256654365 -154.869815739281364
        0.000037770492007  3.365869753061397  21.851151102880220  11.828569329648809  6.702184524023457  2.833080256519867  0.817428622902297  2.863577601973270  14.654805038280752 -154.869818047021454
        0.000021103173661  3.365499115122306  21.910284332684732  11.871263561446641  6.710205805740092  2.790762086061064  0.818187880797576  2.863202375672272  14.665328567414072 -154.869815260297003
        0.000000016986399  3.365499165272151  21.910284332684732  11.871263561446641  6.710205805740092  2.790762086061064  0.818187880797576  2.863202375672272  14.665328567414072 -154.869815260297003
        0.000000016045693  3.365499115122306  21.910284659173410  11.871263561446641  6.710205805740092  2.790762086061064  0.818187880797576  2.863202375672272  14.665328567414072 -154.869815260297003
        0.000000002562328  3.365499115122306  21.910284332684732  11.871263738342252  6.710205805740092  2.790762086061064  0.818187880797576  2.863202375672272  14.665328567414072 -154.869815260297003
        0.000000000374560  3.365499115122306  21.910284332684732  11.871263561446641  6.710205905729950  2.790762086061064  0.818187880797576  2.863202375672272  14.665328567414072 -154.869815260297003
        0.000000000246835  3.365499115122306  21.910284332684732  11.871263561446641  6.710205805740092  2.790762127646659  0.818187880797576  2.863202375672272  14.665328567414072 -154.869815260297003
        0.000000007298635  3.365499115122306  21.910284332684732  11.871263561446641  6.710205805740092  2.790762086061064  0.818187895698737  2.863202375672272  14.665328567414072 -154.869815260297003
        0.000000010329129  3.365499115122306  21.910284332684732  11.871263561446641  6.710205805740092  2.790762086061064  0.818187880797576  2.863202418337312  14.665328567414072 -154.869815260297003
        0.000000007417977  3.365499115122306  21.910284332684732  11.871263561446641  6.710205805740092  2.790762086061064  0.818187880797576  2.863202375672272  14.665328785944498 -154.869815260297003
        0.000037770491541  3.365499115122306  21.910284332684732  11.871263561446641  6.710205805740092  2.790762086061064  0.818187880797576  2.863202375672272  14.665328567414072 -154.869817568037092
        0.000161260676317  3.365006512339991  22.468206162642471  12.321614867788885  6.774684739490331  2.114056001189970  0.829227268478883  2.859005596177129  14.677265161083984 -154.869815432744048
        0.000122885887778  3.365832409203885  22.022378373170838  11.968455155093897  6.720791681800981  2.617138445875953  0.820917147677059  2.862097582225850  14.656891561736282 -154.869814974514412
        0.000000016981361  3.365832459358696  22.022378373170838  11.968455155093897  6.720791681800981  2.617138445875953  0.820917147677059  2.862097582225850  14.656891561736282 -154.869814974514412
        0.000000016039938  3.365832409203885  22.022378701329849  11.968455155093897  6.720791681800981  2.617138445875953  0.820917147677059  2.862097582225850  14.656891561736282 -154.869814974514412
        0.000000002578397  3.365832409203885  22.022378373170838  11.968455333437777  6.720791681800981  2.617138445875953  0.820917147677059  2.862097582225850  14.656891561736282 -154.869814974514412
        0.000000000377253  3.365832409203885  22.022378373170838  11.968455155093897  6.720791781948582  2.617138445875953  0.820917147677059  2.862097582225850  14.656891561736282 -154.869814974514412
        0.000000000293277  3.365832409203885  22.022378373170838  11.968455155093897  6.720791681800981  2.617138484874355  0.820917147677059  2.862097582225850  14.656891561736282 -154.869814974514412
        0.000000007392003  3.365832409203885  22.022378373170838  11.968455155093897  6.720791681800981  2.617138445875953  0.820917162578220  2.862097582225850  14.656891561736282 -154.869814974514412
        0.000000010335578  3.365832409203885  22.022378373170838  11.968455155093897  6.720791681800981  2.617138445875953  0.820917147677059  2.862097624874428  14.656891561736282 -154.869814974514412
        0.000000007452854  3.365832409203885  22.022378373170838  11.968455155093897  6.720791681800981  2.617138445875953  0.820917147677059  2.862097582225850  14.656891780140986 -154.869814974514412
        0.000037770491356  3.365832409203885  22.022378373170838  11.968455155093897  6.720791681800981  2.617138445875953  0.820917147677059  2.862097582225850  14.656891561736282 -154.869817282254502
        0.000046423437679  3.364402736969138  22.253519641870529  12.135027665087943  6.756758056625425  2.445649519431640  0.823950878531973  2.860957357920099  14.694126989784293 -154.869815000436006
        0.000000016966385  3.364402787102646  22.253519641870529  12.135027665087943  6.756758056625425  2.445649519431640  0.823950878531973  2.860957357920099  14.694126989784293 -154.869815000436006
        0.000000016030045  3.364402736969138  22.253519973473811  12.135027665087943  6.756758056625425  2.445649519431640  0.823950878531973  2.860957357920099  14.694126989784293 -154.869815000436006
        0.000000002595428  3.364402736969138  22.253519641870529  12.135027845913946  6.756758056625425  2.445649519431640  0.823950878531973  2.860957357920099  14.694126989784293 -154.869815000436006
        0.000000000380054  3.364402736969138  22.253519641870529  12.135027665087943  6.756758157308965  2.445649519431640  0.823950878531973  2.860957357920099  14.694126989784293 -154.869815000436006
        0.000000000345973  3.364402736969138  22.253519641870529  12.135027665087943  6.756758056625425  2.445649555874658  0.823950878531973  2.860957357920099  14.694126989784293 -154.869815000436006
        0.000000007488108  3.364402736969138  22.253519641870529  12.135027665087943  6.756758056625425  2.445649519431640  0.823950893433134  2.860957357920099  14.694126989784293 -154.869815000436006
        0.000000010368217  3.364402736969138  22.253519641870529  12.135027665087943  6.756758056625425  2.445649519431640  0.823950878531973  2.860957400551686  14.694126989784293 -154.869815000436006
        0.000000007458630  3.364402736969138  22.253519641870529  12.135027665087943  6.756758056625425  2.445649519431640  0.823950878531973  2.860957357920099  14.694127208743847 -154.869815000436006
        0.000037770491463  3.364402736969138  22.253519641870529  12.135027665087943  6.756758056625425  2.445649519431640  0.823950878531973  2.860957357920099  14.694126989784293 -154.869817308176096
        0.000027126486957  3.364188438739957  22.323266137741982  12.188622805741042  6.765678928895109  2.375652334694868  0.825093715304335  2.860456168083359  14.700321533328657 -154.869814680566606
        0.000000016961872  3.364188488870271  22.323266137741982  12.188622805741042  6.765678928895109  2.375652334694868  0.825093715304335  2.860456168083359  14.700321533328657 -154.869814680566606
        0.000000016026973  3.364188438739957  22.323266470384567  12.188622805741042  6.765678928895109  2.375652334694868  0.825093715304335  2.860456168083359  14.700321533328657 -154.869814680566606
        0.000000002602156  3.364188438739957  22.323266137741982  12.188622987365676  6.765678928895109  2.375652334694868  0.825093715304335  2.860456168083359  14.700321533328657 -154.869814680566606
        0.000000000381203  3.364188438739957  22.323266137741982  12.188622805741042  6.765679029711581  2.375652334694868  0.825093715304335  2.860456168083359  14.700321533328657 -154.869814680566606
        0.000000000367677  3.364188438739957  22.323266137741982  12.188622805741042  6.765678928895109  2.375652370094846  0.825093715304335  2.860456168083359  14.700321533328657 -154.869814680566606
        0.000000007526554  3.364188438739957  22.323266137741982  12.188622805741042  6.765678928895109  2.375652334694868  0.825093730205496  2.860456168083359  14.700321533328657 -154.869814680566606
        0.000000010376165  3.364188438739957  22.323266137741982  12.188622805741042  6.765678928895109  2.375652334694868  0.825093715304335  2.860456210707478  14.700321533328657 -154.869814680566606
        0.000000007467297  3.364188438739957  22.323266137741982  12.188622805741042  6.765678928895109  2.375652334694868  0.825093715304335  2.860456168083359  14.700321752380518 -154.869814680566606
        0.000037770490658  3.364188438739957  22.323266137741982  12.188622805741042  6.765678928895109  2.375652334694868  0.825093715304335  2.860456168083359  14.700321533328657 -154.869816988306667
        0.000058103346179  3.364359201201935  22.559931227250068  12.385210269338598  6.791388922927866  2.055135191460091  0.830079730909044  2.858473557163036  14.695609224338666 -154.869814673216780
        0.000000016950873  3.364359251334794  22.559931227250068  12.385210269338598  6.791388922927866  2.055135191460091  0.830079730909044  2.858473557163036  14.695609224338666 -154.869814673216780
        0.000000016016532  3.364359201201935  22.559931563419241  12.385210269338598  6.791388922927866  2.055135191460091  0.830079730909044  2.858473557163036  14.695609224338666 -154.869814673216780
        0.000000002632147  3.364359201201935  22.559931227250068  12.385210453892613  6.791388922927866  2.055135191460091  0.830079730909044  2.858473557163036  14.695609224338666 -154.869814673216780
        0.000000000386741  3.364359201201935  22.559931227250068  12.385210269338598  6.791389024127447  2.055135191460091  0.830079730909044  2.858473557163036  14.695609224338666 -154.869814673216780
        0.000000000469338  3.364359201201935  22.559931227250068  12.385210269338598  6.791388922927866  2.055135222083992  0.830079730909044  2.858473557163036  14.695609224338666 -154.869814673216780
        0.000000007698308  3.364359201201935  22.559931227250068  12.385210269338598  6.791388922927866  2.055135191460091  0.830079745810205  2.858473557163036  14.695609224338666 -154.869814673216780
        0.000000010393312  3.364359201201935  22.559931227250068  12.385210269338598  6.791388922927866  2.055135191460091  0.830079730909044  2.858473599757611  14.695609224338666 -154.869814673216780
        0.000000007523905  3.364359201201935  22.559931227250068  12.385210269338598  6.791388922927866  2.055135191460091  0.830079730909044  2.858473557163036  14.695609443320308 -154.869814673216780
        0.000037770490791  3.364359201201935  22.559931227250068  12.385210269338598  6.791388922927866  2.055135191460091  0.830079730909044  2.858473557163036  14.695609224338666 -154.869816980956841
        0.000022683327406  3.363894693107241  22.622219000385773  12.428023654339469  6.804461701877924  2.017254874910705  0.830680868245279  2.858127327602948  14.708686388824743 -154.869814116332492
        0.000000016945675  3.363894743233178  22.622219000385773  12.428023654339469  6.804461701877924  2.017254874910705  0.830680868245279  2.858127327602948  14.708686388824743 -154.869814116332492
        0.000000016014023  3.363894693107241  22.622219337483106  12.428023654339469  6.804461701877924  2.017254874910705  0.830680868245279  2.858127327602948  14.708686388824743 -154.869814116332492
        0.000000002636023  3.363894693107241  22.622219000385773  12.428023839531454  6.804461701877924  2.017254874910705  0.830680868245279  2.858127327602948  14.708686388824743 -154.869814116332492
        0.000000000387527  3.363894693107241  22.622219000385773  12.428023654339469  6.804461803272305  2.017254874910705  0.830680868245279  2.858127327602948  14.708686388824743 -154.869814116332492
        0.000000000482558  3.363894693107241  22.622219000385773  12.428023654339469  6.804461701877924  2.017254904970145  0.830680868245279  2.858127327602948  14.708686388824743 -154.869814116332492
        0.000000007720711  3.363894693107241  22.622219000385773  12.428023654339469  6.804461701877924  2.017254874910705  0.830680883146440  2.858127327602948  14.708686388824743 -154.869814116332492
        0.000000010403922  3.363894693107241  22.622219000385773  12.428023654339469  6.804461701877924  2.017254874910705  0.830680868245279  2.858127370192364  14.708686388824743 -154.869814116332492
        0.000000007523218  3.363894693107241  22.622219000385773  12.428023654339469  6.804461701877924  2.017254874910705  0.830680868245279  2.858127327602948  14.708686608001249 -154.869814116332492
        0.000037770490248  3.363894693107241  22.622219000385773  12.428023654339469  6.804461701877924  2.017254874910705  0.830680868245279  2.858127327602948  14.708686388824743 -154.869816424072553
        0.000148011680362  3.361475821746049  23.226889842299784  12.880047224323940  6.906607000872305  1.452475282363606  0.839484401280085  2.854560687035856  14.771428664404523 -154.869814344299897
        0.000110434182300  3.364089364512886  22.725153988881136  12.515629912770464  6.813623702829271  1.867354674174964  0.832973133239702  2.857180955915703  14.703702347947214 -154.869813986017363
        0.000000016940899  3.364089414641724  22.725153988881136  12.515629912770464  6.813623702829271  1.867354674174964  0.832973133239702  2.857180955915703  14.703702347947214 -154.869813986017363
        0.000000016009589  3.364089364512886  22.725154327512318  12.515629912770464  6.813623702829271  1.867354674174964  0.832973133239702  2.857180955915703  14.703702347947214 -154.869813986017363
        0.000000002650031  3.364089364512886  22.725153988881136  12.515630099267883  6.813623702829271  1.867354674174964  0.832973133239702  2.857180955915703  14.703702347947214 -154.869813986017363
        0.000000000390267  3.364089364512886  22.725153988881136  12.515629912770464  6.813623804360176  1.867354674174964  0.832973133239702  2.857180955915703  14.703702347947214 -154.869813986017363
        0.000000000531332  3.364089364512886  22.725153988881136  12.515629912770464  6.813623702829271  1.867354702000717  0.832973133239702  2.857180955915703  14.703702347947214 -154.869813986017363
        0.000000007800483  3.364089364512886  22.725153988881136  12.515629912770464  6.813623702829271  1.867354674174964  0.832973148140863  2.857180955915703  14.703702347947214 -154.869813986017363
        0.000000010409852  3.364089364512886  22.725153988881136  12.515629912770464  6.813623702829271  1.867354674174964  0.832973133239702  2.857180998491017  14.703702347947214 -154.869813986017363
        0.000000007551669  3.364089364512886  22.725153988881136  12.515629912770464  6.813623702829271  1.867354674174964  0.832973133239702  2.857180955915703  14.703702567049453 -154.869813986017363
        0.000037770490182  3.364089364512886  22.725153988881136  12.515629912770464  6.813623702829271  1.867354674174964  0.832973133239702  2.857180955915703  14.703702347947214 -154.869816293757424
        0.000049239993315  3.360624151793300  23.076946583974813  12.742597576861217  6.899275796600304  1.722482291054094  0.835390459293047  2.856156276796114  14.794619316944900 -154.869813837231561
        0.000000016915849  3.360624201870502  23.076946583974813  12.742597576861217  6.899275796600304  1.722482291054094  0.835390459293047  2.856156276796114  14.794619316944900 -154.869813837231561
        0.000000015997729  3.360624151793300  23.076946927848113  12.742597576861217  6.899275796600304  1.722482291054094  0.835390459293047  2.856156276796114  14.794619316944900 -154.869813837231561
        0.000000002665171  3.360624151793300  23.076946583974813  12.742597766740717  6.899275796600304  1.722482291054094  0.835390459293047  2.856156276796114  14.794619316944900 -154.869813837231561
        0.000000000393323  3.360624151793300  23.076946583974813  12.742597576861217  6.899275899407525  1.722482291054094  0.835390459293047  2.856156276796114  14.794619316944900 -154.869813837231561
        0.000000000585468  3.360624151793300  23.076946583974813  12.742597576861217  6.899275796600304  1.722482316721080  0.835390459293047  2.856156276796114  14.794619316944900 -154.869813837231561
        0.000000007887679  3.360624151793300  23.076946583974813  12.742597576861217  6.899275796600304  1.722482291054094  0.835390474194208  2.856156276796114  14.794619316944900 -154.869813837231561
        0.000000010475661  3.360624151793300  23.076946583974813  12.742597576861217  6.899275796600304  1.722482291054094  0.835390459293047  2.856156319356159  14.794619316944900 -154.869813837231561
        0.000000007518742  3.360624151793300  23.076946583974813  12.742597576861217  6.899275796600304  1.722482291054094  0.835390459293047  2.856156276796114  14.794619537401907 -154.869813837231561
        0.000037770490338  3.360624151793300  23.076946583974813  12.742597576861217  6.899275796600304  1.722482291054094  0.835390459293047  2.856156276796114  14.794619316944900 -154.869816144971622
        0.000024426062211  3.360070370139241  23.144054499706495  12.787511461132565  6.913433575681293  1.687633564770197  0.835938087911510  2.855891018894652  14.809983235878043 -154.869813596293653
        0.000000016911657  3.360070420208192  23.144054499706495  12.787511461132565  6.913433575681293  1.687633564770197  0.835938087911510  2.855891018894652  14.809983235878043 -154.869813596293653
        0.000000015996087  3.360070370139241  23.144054844579781  12.787511461132565  6.913433575681293  1.687633564770197  0.835938087911510  2.855891018894652  14.809983235878043 -154.869813596293653
        0.000000002668811  3.360070370139241  23.144054499706495  12.787511651681335  6.913433575681293  1.687633564770197  0.835938087911510  2.855891018894652  14.809983235878043 -154.869813596293653
        0.000000000394058  3.360070370139241  23.144054499706495  12.787511461132565  6.913433678699481  1.687633564770197  0.835938087911510  2.855891018894652  14.809983235878043 -154.869813596293653
        0.000000000597816  3.360070370139241  23.144054499706495  12.787511461132565  6.913433575681293  1.687633589917896  0.835938087911510  2.855891018894652  14.809983235878043 -154.869813596293653
        0.000000007908116  3.360070370139241  23.144054499706495  12.787511461132565  6.913433575681293  1.687633564770197  0.835938102812671  2.855891018894652  14.809983235878043 -154.869813596293653
        0.000000010487296  3.360070370139241  23.144054499706495  12.787511461132565  6.913433575681293  1.687633564770197  0.835938087911510  2.855891061450745  14.809983235878043 -154.869813596293653
        0.000000007515902  3.360070370139241  23.144054499706495  12.787511461132565  6.913433575681293  1.687633564770197  0.835938087911510  2.855891018894652  14.809983456563991 -154.869813596293653
        0.000037770489904  3.360070370139241  23.144054499706495  12.787511461132565  6.913433575681293  1.687633564770197  0.835938087911510  2.855891018894652  14.809983235878043 -154.869815904033715
        0.000054319222747  3.359771186632078  23.375366442235023  12.968724897510242  6.958571811010172  1.415658700233132  0.839728354505128  2.854269859394707  14.817187619181157 -154.869813824034082
        0.000000016900532  3.359771236696570  23.375366442235023  12.968724897510242  6.958571811010172  1.415658700233132  0.839728354505128  2.854269859394707  14.817187619181157 -154.869813824034082
        0.000000015988125  3.359771186632078  23.375366790555127  12.968724897510242  6.958571811010172  1.415658700233132  0.839728354505128  2.854269859394707  14.817187619181157 -154.869813824034082
        0.000000002694187  3.359771186632078  23.375366442235023  12.968725090759301  6.958571811010172  1.415658700233132  0.839728354505128  2.854269859394707  14.817187619181157 -154.869813824034082
        0.000000000399394  3.359771186632078  23.375366442235023  12.968724897510242  6.958571914700972  1.415658700233132  0.839728354505128  2.854269859394707  14.817187619181157 -154.869813824034082
        0.000000000690454  3.359771186632078  23.375366442235023  12.968724897510242  6.958571811010172  1.415658721328090  0.839728354505128  2.854269859394707  14.817187619181157 -154.869813824034082
        0.000000008056197  3.359771186632078  23.375366442235023  12.968724897510242  6.958571811010172  1.415658700233132  0.839728369406289  2.854269859394707  14.817187619181157 -154.869813824034082
        0.000000010511145  3.359771186632078  23.375366442235023  12.968724897510242  6.958571811010172  1.415658700233132  0.839728354505128  2.854269901926642  14.817187619181157 -154.869813824034082
        0.000000007555998  3.359771186632078  23.375366442235023  12.968724897510242  6.958571811010172  1.415658700233132  0.839728354505128  2.854269859394707  14.817187839974459 -154.869813824034082
        0.000037770490323  3.359771186632078  23.375366442235023  12.968724897510242  6.958571811010172  1.415658700233132  0.839728354505128  2.854269859394707  14.817187619181157 -154.869816131774144
        0.000024849573562  3.359032360424368  23.452255599902440  13.018968477132224  6.975361814606610  1.384266717470550  0.840238599254178  2.853963661058033  14.837675006137314 -154.869813293416343
        0.000000016894503  3.359032410477851  23.452255599902440  13.018968477132224  6.975361814606610  1.384266717470550  0.840238599254178  2.853963661058033  14.837675006137314 -154.869813293416343
        0.000000015985827  3.359032360424368  23.452255949368279  13.018968477132224  6.975361814606610  1.384266717470550  0.840238599254178  2.853963661058033  14.837675006137314 -154.869813293416343
        0.000000002697450  3.359032360424368  23.452255599902440  13.018968671129972  6.975361814606610  1.384266717470550  0.840238599254178  2.853963661058033  14.837675006137314 -154.869813293416343
        0.000000000400117  3.359032360424368  23.452255599902440  13.018968477132224  6.975361918547601  1.384266717470550  0.840238599254178  2.853963661058033  14.837675006137314 -154.869813293416343
        0.000000000701762  3.359032360424368  23.452255599902440  13.018968477132224  6.975361814606610  1.384266738097732  0.840238599254178  2.853963661058033  14.837675006137314 -154.869813293416343
        0.000000008074639  3.359032360424368  23.452255599902440  13.018968477132224  6.975361814606610  1.384266717470550  0.840238614155339  2.853963661058033  14.837675006137314 -154.869813293416343
        0.000000010525363  3.359032360424368  23.452255599902440  13.018968477132224  6.975361814606610  1.384266717470550  0.840238599254178  2.853963703585405  14.837675006137314 -154.869813293416343
        0.000000007549407  3.359032360424368  23.452255599902440  13.018968477132224  6.975361814606610  1.384266717470550  0.840238599254178  2.853963661058033  14.837675227235900 -154.869813293416343
        0.000037770489793  3.359032360424368  23.452255599902440  13.018968477132224  6.975361814606610  1.384266717470550  0.840238599254178  2.853963661058033  14.837675006137314 -154.869815601156404
        0.000113151621423  3.356575136634892  23.994966503648612  13.416560860587319  7.086186648561183  0.905435927392616  0.847031359313813  2.851023787305989  14.902056505075731 -154.869813484636666
        0.000000016865762  3.356575186651759  23.994966503648612  13.416560860587319  7.086186648561183  0.905435927392616  0.847031359313813  2.851023787305989  14.902056505075731 -154.869813484636666
        0.000000015969845  3.356575136634892  23.994966861201476  13.416560860587319  7.086186648561183  0.905435927392616  0.847031359313813  2.851023787305989  14.902056505075731 -154.869813484636666
        0.000000002742711  3.356575136634892  23.994966503648612  13.416561060509656  7.086186648561183  0.905435927392616  0.847031359313813  2.851023787305989  14.902056505075731 -154.869813484636666
        0.000000000410130  3.356575136634892  23.994966503648612  13.416560860587319  7.086186754153593  0.905435927392616  0.847031359313813  2.851023787305989  14.902056505075731 -154.869813484636666
        0.000000000838397  3.356575136634892  23.994966503648612  13.416560860587319  7.086186648561183  0.905435942293777  0.847031359313813  2.851023787305989  14.902056505075731 -154.869813484636666
        0.000000008305051  3.356575136634892  23.994966503648612  13.416560860587319  7.086186648561183  0.905435927392616  0.847031374214974  2.851023787305989  14.902056505075731 -154.869813484636666
        0.000000010596082  3.356575136634892  23.994966503648612  13.416560860587319  7.086186648561183  0.905435927392616  0.847031359313813  2.851023829789554  14.902056505075731 -154.869813484636666
        0.000000007586596  3.356575136634892  23.994966503648612  13.416560860587319  7.086186648561183  0.905435927392616  0.847031359313813  2.851023787305989  14.902056727133676 -154.869813484636666
        0.000037770490337  3.356575136634892  23.994966503648612  13.416560860587319  7.086186648561183  0.905435927392616  0.847031359313813  2.851023787305989  14.902056505075731 -154.869815792376727
        0.000051099917315  3.356616599832706  23.998219562833977  13.419864460089137  7.085863371153910  0.900206079315406  0.847007647808859  2.850845926600822  14.902753408028083 -154.869812546526219
        0.000000016863506  3.356616649850190  23.998219562833977  13.419864460089137  7.085863371153910  0.900206079315406  0.847007647808859  2.850845926600822  14.902753408028083 -154.869812546526219
        0.000000015970078  3.356616599832706  23.998219920435314  13.419864460089137  7.085863371153910  0.900206079315406  0.847007647808859  2.850845926600822  14.902753408028083 -154.869812546526219
        0.000000002743244  3.356616599832706  23.998219562833977  13.419864660060700  7.085863371153910  0.900206079315406  0.847007647808859  2.850845926600822  14.902753408028083 -154.869812546526219
        0.000000000410311  3.356616599832706  23.998219562833977  13.419864460089137  7.085863476741502  0.900206079315406  0.847007647808859  2.850845926600822  14.902753408028083 -154.869812546526219
        0.000000000838437  3.356616599832706  23.998219562833977  13.419864460089137  7.085863371153910  0.900206094216567  0.847007647808859  2.850845926600822  14.902753408028083 -154.869812546526219
        0.000000008307689  3.356616599832706  23.998219562833977  13.419864460089137  7.085863371153910  0.900206079315406  0.847007662710020  2.850845926600822  14.902753408028083 -154.869812546526219
        0.000000010596777  3.356616599832706  23.998219562833977  13.419864460089137  7.085863371153910  0.900206079315406  0.847007647808859  2.850845969081737  14.902753408028083 -154.869812546526219
        0.000000007589596  3.356616599832706  23.998219562833977  13.419864460089137  7.085863371153910  0.900206079315406  0.847007647808859  2.850845926600822  14.902753630096413 -154.869812546526219
        0.000037770488805  3.356616599832706  23.998219562833977  13.419864460089137  7.085863371153910  0.900206079315406  0.847007647808859  2.850845926600822  14.902753408028083 -154.869814854266252
2022-08-18 14:51:52.081842
