/projects/wagner/highthroughput/mick_graphene_paper/3_data/1_kc_fitting
2023-06-01 18:57:59.082209
use a starting guess from the old fit
starting guess parameters:  [ 3.37942338e+00  1.81846722e+01  1.33942071e+01  3.55913531e-03
  6.07493500e+00  7.19345289e-01  3.29308248e+00  1.39067829e+01
 -1.54589368e+02]
     1025.507820120405995  3.379423382381699  18.184672181803677  13.394207130830571  0.003559135312169  6.074935002291668  0.719345289329483  3.293082477932360  13.906782892134125 -154.589367648541639
        0.000000014064352  3.379423432739032  18.184672181803677  13.394207130830571  0.003559135312169  6.074935002291668  0.719345289329483  3.293082477932360  13.906782892134125 -154.589367648541639
        0.000000012948553  3.379423382381699  18.184672452776407  13.394207130830571  0.003559135312169  6.074935002291668  0.719345289329483  3.293082477932360  13.906782892134125 -154.589367648541639
        0.000000001160716  3.379423382381699  18.184672181803677  13.394207330419810  0.003559135312169  6.074935002291668  0.719345289329483  3.293082477932360  13.906782892134125 -154.589367648541639
        0.000000000478097  3.379423382381699  18.184672181803677  13.394207130830571  0.003559150213330  6.074935002291668  0.719345289329483  3.293082477932360  13.906782892134125 -154.589367648541639
        0.000000000825815  3.379423382381699  18.184672181803677  13.394207130830571  0.003559135312169  6.074935092815254  0.719345289329483  3.293082477932360  13.906782892134125 -154.589367648541639
        0.000000002214007  3.379423382381699  18.184672181803677  13.394207130830571  0.003559135312169  6.074935002291668  0.719345304230644  3.293082477932360  13.906782892134125 -154.589367648541639
        0.000000002625951  3.379423382381699  18.184672181803677  13.394207130830571  0.003559135312169  6.074935002291668  0.719345289329483  3.293082527003112  13.906782892134125 -154.589367648541639
        0.000000004345417  3.379423382381699  18.184672181803677  13.394207130830571  0.003559135312169  6.074935002291668  0.719345289329483  3.293082477932360  13.906783099361338 -154.589367648541639
        0.000015277412315  3.379423382381699  18.184672181803677  13.394207130830571  0.003559135312169  6.074935002291668  0.719345289329483  3.293082477932360  13.906782892134125 -154.589369952102714
        0.001694928219535  3.376221949008349  18.122692313865070  12.354266382026470  0.003801561488509  6.415079697906475  0.743831659443338  3.246409750154219  14.199764673702818 -154.589408962595229
        0.000000013669488  3.376221999317977  18.122692313865070  12.354266382026470  0.003801561488509  6.415079697906475  0.743831659443338  3.246409750154219  14.199764673702818 -154.589408962595229
        0.000000012569215  3.376221949008349  18.122692583914230  12.354266382026470  0.003801561488509  6.415079697906475  0.743831659443338  3.246409750154219  14.199764673702818 -154.589408962595229
        0.000000001134824  3.376221949008349  18.122692313865070  12.354266566119385  0.003801561488509  6.415079697906475  0.743831659443338  3.246409750154219  14.199764673702818 -154.589408962595229
        0.000000000445529  3.376221949008349  18.122692313865070  12.354266382026470  0.003801576389671  6.415079697906475  0.743831659443338  3.246409750154219  14.199764673702818 -154.589408962595229
        0.000000000865357  3.376221949008349  18.122692313865070  12.354266382026470  0.003801561488509  6.415079793498612  0.743831659443338  3.246409750154219  14.199764673702818 -154.589408962595229
        0.000000002046797  3.376221949008349  18.122692313865070  12.354266382026470  0.003801561488509  6.415079697906475  0.743831674344499  3.246409750154219  14.199764673702818 -154.589408962595229
        0.000000002583067  3.376221949008349  18.122692313865070  12.354266382026470  0.003801561488509  6.415079697906475  0.743831659443338  3.246409798529494  14.199764673702818 -154.589408962595229
        0.000000004284608  3.376221949008349  18.122692313865070  12.354266382026470  0.003801561488509  6.415079697906475  0.743831659443338  3.246409750154219  14.199764885295801 -154.589408962595229
        0.000015277375474  3.376221949008349  18.122692313865070  12.354266382026470  0.003801561488509  6.415079697906475  0.743831659443338  3.246409750154219  14.199764673702818 -154.589411266156930
        0.000052298885421  3.376338204243011  18.122692910939513  12.354268371266786  0.003804935767543  6.415084652434595  0.743975039268865  3.246417048576056  14.199707036264854 -154.589414175802801
        0.000000013680244  3.376338254554371  18.122692910939513  12.354268371266786  0.003804935767543  6.415084652434595  0.743975039268865  3.246417048576056  14.199707036264854 -154.589414175802801
        0.000000012579007  3.376338204243011  18.122693180988680  12.354268371266786  0.003804935767543  6.415084652434595  0.743975039268865  3.246417048576056  14.199707036264854 -154.589414175802801
        0.000000001135256  3.376338204243011  18.122692910939513  12.354268555359729  0.003804935767543  6.415084652434595  0.743975039268865  3.246417048576056  14.199707036264854 -154.589414175802801
        0.000000000445796  3.376338204243011  18.122692910939513  12.354268371266786  0.003804950668704  6.415084652434595  0.743975039268865  3.246417048576056  14.199707036264854 -154.589414175802801
        0.000000000865650  3.376338204243011  18.122692910939513  12.354268371266786  0.003804935767543  6.415084748026805  0.743975039268865  3.246417048576056  14.199707036264854 -154.589414175802801
        0.000000002047588  3.376338204243011  18.122692910939513  12.354268371266786  0.003804935767543  6.415084652434595  0.743975054170026  3.246417048576056  14.199707036264854 -154.589414175802801
        0.000000002583363  3.376338204243011  18.122692910939513  12.354268371266786  0.003804935767543  6.415084652434595  0.743975039268865  3.246417096951439  14.199707036264854 -154.589414175802801
        0.000000004286783  3.376338204243011  18.122692910939513  12.354268371266786  0.003804935767543  6.415084652434595  0.743975039268865  3.246417048576056  14.199707247856978 -154.589414175802801
        0.000015277375470  3.376338204243011  18.122692910939513  12.354268371266786  0.003804935767543  6.415084652434595  0.743975039268865  3.246417048576056  14.199707036264854 -154.589416479364587
        0.000071697152843  3.376340885462758  18.122424790312962  12.349339259929719  0.006619933693279  6.415199664081112  0.744286946826164  3.246407510487045  14.199707339024924 -154.589414126774443
        0.000000013686938  3.376340935774158  18.122424790312962  12.349339259929719  0.006619933693279  6.415199664081112  0.744286946826164  3.246407510487045  14.199707339024924 -154.589414126774443
        0.000000012585011  3.376340885462758  18.122425060358136  12.349339259929719  0.006619933693279  6.415199664081112  0.744286946826164  3.246407510487045  14.199707339024924 -154.589414126774443
        0.000000001135270  3.376340885462758  18.122424790312962  12.349339443949214  0.006619933693279  6.415199664081112  0.744286946826164  3.246407510487045  14.199707339024924 -154.589414126774443
        0.000000000445813  3.376340885462758  18.122424790312962  12.349339259929719  0.006619948594440  6.415199664081112  0.744286946826164  3.246407510487045  14.199707339024924 -154.589414126774443
        0.000000000865615  3.376340885462758  18.122424790312962  12.349339259929719  0.006619933693279  6.415199759675036  0.744286946826164  3.246407510487045  14.199707339024924 -154.589414126774443
        0.000000002047459  3.376340885462758  18.122424790312962  12.349339259929719  0.006619933693279  6.415199664081112  0.744286961727326  3.246407510487045  14.199707339024924 -154.589414126774443
        0.000000002583175  3.376340885462758  18.122424790312962  12.349339259929719  0.006619933693279  6.415199664081112  0.744286946826164  3.246407558862286  14.199707339024924 -154.589414126774443
        0.000000004286950  3.376340885462758  18.122424790312962  12.349339259929719  0.006619933693279  6.415199664081112  0.744286946826164  3.246407510487045  14.199707550617052 -154.589414126774443
        0.000015277375462  3.376340885462758  18.122424790312962  12.349339259929719  0.006619933693279  6.415199664081112  0.744286946826164  3.246407510487045  14.199707339024924 -154.589416430336229
        0.000574903629511  3.379781428570720  17.836582465438966  12.102391981860517  0.000066240774487  6.570018177544140  0.746040952723370  3.226952539036034  14.260000166954233 -154.589298572008033
        0.000000013575467  3.379781478933388  17.836582465438966  12.102391981860517  0.000066240774487  6.570018177544140  0.746040952723370  3.226952539036034  14.260000166954233 -154.589298572008033
        0.000000012488880  3.379781428570720  17.836582731224755  12.102391981860517  0.000066240774487  6.570018177544140  0.746040952723370  3.226952539036034  14.260000166954233 -154.589298572008033
        0.000000001123580  3.379781428570720  17.836582465438966  12.102392162200211  0.000066240774487  6.570018177544140  0.746040952723370  3.226952539036034  14.260000166954233 -154.589298572008033
        0.000000000440370  3.379781428570720  17.836582465438966  12.102391981860517  0.000066255675648  6.570018177544140  0.746040952723370  3.226952539036034  14.260000166954233 -154.589298572008033
        0.000000000898868  3.379781428570720  17.836582465438966  12.102391981860517  0.000066240774487  6.570018275445040  0.746040952723370  3.226952539036034  14.260000166954233 -154.589298572008033
        0.000000001993197  3.379781428570720  17.836582465438966  12.102391981860517  0.000066240774487  6.570018177544140  0.746040967624531  3.226952539036034  14.260000166954233 -154.589298572008033
        0.000000002572892  3.379781428570720  17.836582465438966  12.102391981860517  0.000066240774487  6.570018177544140  0.746040952723370  3.226952587121374  14.260000166954233 -154.589298572008033
        0.000000004314920  3.379781428570720  17.836582465438966  12.102391981860517  0.000066240774487  6.570018177544140  0.746040952723370  3.226952539036034  14.260000379444794 -154.589298572008033
        0.000015277335625  3.379781428570720  17.836582465438966  12.102391981860517  0.000066240774487  6.570018177544140  0.746040952723370  3.226952539036034  14.260000166954233 -154.589300875568085
        0.094608786535672  3.689580154221895  0.000001663739553  2.706710262482638  5.651446962987206  0.017281081915553  0.571044599163772  3.226427587300991  6.418440755089663 -154.589300646857311
        0.088301939963593  3.393205098504589  17.000155507642411  14.212550124898874  5.347913117512875  6.377485934683265  0.576857561546896  3.227555072269348  13.921610969886755 -154.589298322413413
        0.007667346053403  3.383153097031762  17.591923525022466  12.660298262622449  1.319393366537625  6.566310044648806  0.702330446127461  3.227630540419548  14.175820120424413 -154.589296804976755
        0.000510908987005  3.380630440930204  17.756041275403785  12.257766853307009  0.317566591696231  6.592574379962626  0.734403597798735  3.227689248066560  14.238376895268807 -154.589297356296669
        0.000034570282863  3.379985359956610  17.811835754043283  12.145711497732986  0.075070046537519  6.580858244644069  0.742956960212032  3.227706865704830  14.253515228342950 -154.589298137534115
        0.000000013584538  3.379985410322317  17.811835754043283  12.145711497732986  0.075070046537519  6.580858244644069  0.742956960212032  3.227706865704830  14.253515228342950 -154.589298137534115
        0.000000012501586  3.379985359956610  17.811836019460319  12.145711497732986  0.075070046537519  6.580858244644069  0.742956960212032  3.227706865704830  14.253515228342950 -154.589298137534115
        0.000000001122603  3.379985359956610  17.811835754043283  12.145711678718191  0.075070046537519  6.580858244644069  0.742956960212032  3.227706865704830  14.253515228342950 -154.589298137534115
        0.000000000440367  3.379985359956610  17.811835754043283  12.145711497732986  0.075070061438681  6.580858244644069  0.742956960212032  3.227706865704830  14.253515228342950 -154.589298137534115
        0.000000000901438  3.379985359956610  17.811835754043283  12.145711497732986  0.075070046537519  6.580858342706498  0.742956960212032  3.227706865704830  14.253515228342950 -154.589298137534115
        0.000000002000046  3.379985359956610  17.811835754043283  12.145711497732986  0.075070046537519  6.580858244644069  0.742956975113193  3.227706865704830  14.253515228342950 -154.589298137534115
        0.000000002579343  3.379985359956610  17.811835754043283  12.145711497732986  0.075070046537519  6.580858244644069  0.742956960212032  3.227706913801411  14.253515228342950 -154.589298137534115
        0.000000004316049  3.379985359956610  17.811835754043283  12.145711497732986  0.075070046537519  6.580858244644069  0.742956960212032  3.227706865704830  14.253515440736878 -154.589298137534115
        0.000015277335882  3.379985359956610  17.811835754043283  12.145711497732986  0.075070046537519  6.580858244644069  0.742956960212032  3.227706865704830  14.253515228342950 -154.589300441094167
        0.000017548252911  3.379967750021186  17.801456819014604  12.157735990248115  0.064451467263336  6.593196935587074  0.742568255794980  3.228103546215790  14.251604688813526 -154.589300080382714
        0.000000013587014  3.379967800386630  17.801456819014604  12.157735990248115  0.064451467263336  6.593196935587074  0.742568255794980  3.228103546215790  14.251604688813526 -154.589300080382714
        0.000000012504914  3.379967750021186  17.801457084276983  12.157735990248115  0.064451467263336  6.593196935587074  0.742568255794980  3.228103546215790  14.251604688813526 -154.589300080382714
        0.000000001121781  3.379967750021186  17.801456819014604  12.157736171412498  0.064451467263336  6.593196935587074  0.742568255794980  3.228103546215790  14.251604688813526 -154.589300080382714
        0.000000000440598  3.379967750021186  17.801456819014604  12.157735990248115  0.064451482164497  6.593196935587074  0.742568255794980  3.228103546215790  14.251604688813526 -154.589300080382714
        0.000000000903231  3.379967750021186  17.801456819014604  12.157735990248115  0.064451467263336  6.593197033833365  0.742568255794980  3.228103546215790  14.251604688813526 -154.589300080382714
        0.000000001997256  3.379967750021186  17.801456819014604  12.157735990248115  0.064451467263336  6.593196935587074  0.742568270696141  3.228103546215790  14.251604688813526 -154.589300080382714
        0.000000002579042  3.379967750021186  17.801456819014604  12.157735990248115  0.064451467263336  6.593196935587074  0.742568255794980  3.228103594318282  14.251604688813526 -154.589300080382714
        0.000000004314769  3.379967750021186  17.801456819014604  12.157735990248115  0.064451467263336  6.593196935587074  0.742568255794980  3.228103546215790  14.251604901178984 -154.589300080382714
        0.000015277336534  3.379967750021186  17.801456819014604  12.157735990248115  0.064451467263336  6.593196935587074  0.742568255794980  3.228103546215790  14.251604688813526 -154.589302383942794
2023-06-01 19:04:49.191569
