/projects/wagner/highthroughput/mick_graphene_paper/3_data/kc_fitting_dft
2022-08-18 09:33:49.027043
energy_inf: -154.89183204249554
     2536.019385218373827  3.416084000000000  20.021583000000000  10.905510700000001  4.275635400000000  0.010010836000000  0.844712200000000  2.936058400000000  14.313258800000000 -154.891832042495537
        0.000000018717218  3.416084050903618  20.021583000000000  10.905510700000001  4.275635400000000  0.010010836000000  0.844712200000000  2.936058400000000  14.313258800000000 -154.891832042495537
        0.000000019282189  3.416084000000000  20.021583298344837  10.905510700000001  4.275635400000000  0.010010836000000  0.844712200000000  2.936058400000000  14.313258800000000 -154.891832042495537
        0.000000002760085  3.416084000000000  20.021583000000000  10.905510862504773  4.275635400000000  0.010010836000000  0.844712200000000  2.936058400000000  14.313258800000000 -154.891832042495537
        0.000000000499340  3.416084000000000  20.021583000000000  10.905510700000001  4.275635463711932  0.010010836000000  0.844712200000000  2.936058400000000  14.313258800000000 -154.891832042495537
        0.000000000455390  3.416084000000000  20.021583000000000  10.905510700000001  4.275635400000000  0.010010850901161  0.844712200000000  2.936058400000000  14.313258800000000 -154.891832042495537
        0.000000007626080  3.416084000000000  20.021583000000000  10.905510700000001  4.275635400000000  0.010010836000000  0.844712214901161  2.936058400000000  14.313258800000000 -154.891832042495537
        0.000000008542471  3.416084000000000  20.021583000000000  10.905510700000001  4.275635400000000  0.010010836000000  0.844712200000000  2.936058443750679  14.313258800000000 -154.891832042495537
        0.000000009622645  3.416084000000000  20.021583000000000  10.905510700000001  4.275635400000000  0.010010836000000  0.844712200000000  2.936058400000000  14.313259013284176 -154.891832042495537
        0.000037775266475  3.416084000000000  20.021583000000000  10.905510700000001  4.275635400000000  0.010010836000000  0.844712200000000  2.936058400000000  14.313258800000000 -154.891834350563698
        0.071377465252521  3.313209066222116  14.165671768860307  7.093254153861348  8.806202757559554  11.149348030256672  0.436683870470066  2.940351429880568  14.167666789082634 -154.891535002104149
        0.000000015199232  3.313209115592778  14.165671768860307  7.093254153861348  8.806202757559554  11.149348030256672  0.436683870470066  2.940351429880568  14.167666789082634 -154.891535002104149
        0.000000015145538  3.313209066222116  14.165671979945266  7.093254153861348  8.806202757559554  11.149348030256672  0.436683870470066  2.940351429880568  14.167666789082634 -154.891535002104149
        0.000000001427765  3.313209066222116  14.165671768860307  7.093254259559071  8.806202757559554  11.149348030256672  0.436683870470066  2.940351429880568  14.167666789082634 -154.891535002104149
        0.000000000409939  3.313209066222116  14.165671768860307  7.093254153861348  8.806202888782201  11.149348030256672  0.436683870470066  2.940351429880568  14.167666789082634 -154.891535002104149
        0.000000002546371  3.313209066222116  14.165671768860307  7.093254153861348  8.806202757559554  11.149348196394904  0.436683870470066  2.940351429880568  14.167666789082634 -154.891535002104149
        0.000000003608229  3.313209066222116  14.165671768860307  7.093254153861348  8.806202757559554  11.149348030256672  0.436683885371227  2.940351429880568  14.167666789082634 -154.891535002104149
        0.000000008113587  3.313209066222116  14.165671768860307  7.093254153861348  8.806202757559554  11.149348030256672  0.436683870470066  2.940351473695219  14.167666789082634 -154.891535002104149
        0.000000004836588  3.313209066222116  14.165671768860307  7.093254153861348  8.806202757559554  11.149348030256672  0.436683870470066  2.940351429880568  14.167667000197321 -154.891535002104149
        0.000037776855714  3.313209066222116  14.165671768860307  7.093254153861348  8.806202757559554  11.149348030256672  0.436683870470066  2.940351429880568  14.167666789082634 -154.891537310167877
        0.027703726444114  3.270616533430844  14.572713392917191  7.652575924876372  9.479013312594004  10.922644103713825  0.464646572676847  2.896871875830415  15.522237053894600 -154.891039866797655
        0.000000016817647  3.270616582166828  14.572713392917191  7.652575924876372  9.479013312594004  10.922644103713825  0.464646572676847  2.896871875830415  15.522237053894600 -154.891039866797655
        0.000000017176226  3.270616533430844  14.572713610067542  7.652575924876372  9.479013312594004  10.922644103713825  0.464646572676847  2.896871875830415  15.522237053894600 -154.891039866797655
        0.000000001296524  3.270616533430844  14.572713392917191  7.652576038908639  9.479013312594004  10.922644103713825  0.464646572676847  2.896871875830415  15.522237053894600 -154.891039866797655
        0.000000000406035  3.270616533430844  14.572713392917191  7.652575924876372  9.479013453842310  10.922644103713825  0.464646572676847  2.896871875830415  15.522237053894600 -154.891039866797655
        0.000000002179520  3.270616533430844  14.572713392917191  7.652575924876372  9.479013312594004  10.922644266473906  0.464646572676847  2.896871875830415  15.522237053894600 -154.891039866797655
        0.000000003017747  3.270616533430844  14.572713392917191  7.652575924876372  9.479013312594004  10.922644103713825  0.464646587578008  2.896871875830415  15.522237053894600 -154.891039866797655
        0.000000007724213  3.270616533430844  14.572713392917191  7.652575924876372  9.479013312594004  10.922644103713825  0.464646572676847  2.896871918997169  15.522237053894600 -154.891039866797655
        0.000000004746284  3.270616533430844  14.572713392917191  7.652575924876372  9.479013312594004  10.922644103713825  0.464646572676847  2.896871875830415  15.522237285193956 -154.891039866797655
        0.000037776628127  3.270616533430844  14.572713392917191  7.652575924876372  9.479013312594004  10.922644103713825  0.464646572676847  2.896871875830415  15.522237053894600 -154.891042174854022
        0.006799922309947  3.258363973008982  17.247845575694662  8.385940836039207  10.422238095873338  10.256863691639648  0.501601794774801  2.981215088874576  16.431672433403776 -154.889736662425179
        0.000000018335902  3.258364021562388  17.247845575694662  8.385940836039207  10.422238095873338  10.256863691639648  0.501601794774801  2.981215088874576  16.431672433403776 -154.889736662425179
        0.000000018776678  3.258363973008982  17.247845832707590  8.385940836039207  10.422238095873338  10.256863691639648  0.501601794774801  2.981215088874576  16.431672433403776 -154.889736662425179
        0.000000001474849  3.258363973008982  17.247845575694662  8.385940960999463  10.422238095873338  10.256863691639648  0.501601794774801  2.981215088874576  16.431672433403776 -154.889736662425179
        0.000000000433822  3.258363973008982  17.247845575694662  8.385940836039207  10.422238251176788  10.256863691639648  0.501601794774801  2.981215088874576  16.431672433403776 -154.889736662425179
        0.000000001803512  3.258363973008982  17.247845575694662  8.385940836039207  10.422238095873338  10.256863844478827  0.501601794774801  2.981215088874576  16.431672433403776 -154.889736662425179
        0.000000002980227  3.258363973008982  17.247845575694662  8.385940836039207  10.422238095873338  10.256863691639648  0.501601809675962  2.981215088874576  16.431672433403776 -154.889736662425179
        0.000000007815451  3.258363973008982  17.247845575694662  8.385940836039207  10.422238095873338  10.256863691639648  0.501601794774801  2.981215133298143  16.431672433403776 -154.889736662425179
        0.000000005183960  3.258363973008982  17.247845575694662  8.385940836039207  10.422238095873338  10.256863691639648  0.501601794774801  2.981215088874576  16.431672678254774 -154.889736662425179
        0.000037776033845  3.258363973008982  17.247845575694662  8.385940836039207  10.422238095873338  10.256863691639648  0.501601794774801  2.981215088874576  16.431672433403776 -154.889738970462105
        0.003127632433491  3.219302653700697  21.217506049835976  8.988617197424242  11.380493059800793  9.548457627051903  0.547496420057700  3.076036988777984  17.315220511228095 -154.889459209279323
        0.000000018928437  3.219302701672045  21.217506049835976  8.988617197424242  11.380493059800793  9.548457627051903  0.547496420057700  3.076036988777984  17.315220511228095 -154.889459209279323
        0.000000019431379  3.219302653700697  21.217506366001452  8.988617197424242  11.380493059800793  9.548457627051903  0.547496420057700  3.076036988777984  17.315220511228095 -154.889459209279323
        0.000000001604666  3.219302653700697  21.217506049835976  8.988617331365075  11.380493059800793  9.548457627051903  0.547496420057700  3.076036988777984  17.315220511228095 -154.889459209279323
        0.000000000421392  3.219302653700697  21.217506049835976  8.988617197424242  11.380493229383355  9.548457627051903  0.547496420057700  3.076036988777984  17.315220511228095 -154.889459209279323
        0.000000001309934  3.219302653700697  21.217506049835976  8.988617197424242  11.380493059800793  9.548457769335009  0.547496420057700  3.076036988777984  17.315220511228095 -154.889459209279323
        0.000000003111151  3.219302653700697  21.217506049835976  8.988617197424242  11.380493059800793  9.548457627051903  0.547496434958862  3.076036988777984  17.315220511228095 -154.889459209279323
        0.000000007981212  3.219302653700697  21.217506049835976  8.988617197424242  11.380493059800793  9.548457627051903  0.547496420057700  3.076037034614507  17.315220511228095 -154.889459209279323
        0.000000005007505  3.219302653700697  21.217506049835976  8.988617197424242  11.380493059800793  9.548457627051903  0.547496420057700  3.076036988777984  17.315220769244988 -154.889459209279323
        0.000037776127842  3.219302653700697  21.217506049835976  8.988617197424242  11.380493059800793  9.548457627051903  0.547496420057700  3.076036988777984  17.315220511228095 -154.889461517312128
        0.002399629767445  3.212649503812944  22.689767409144178  9.496183211449948  12.056831237853199  9.007552381081084  0.556222437485998  3.078062924137896  17.604604581240928 -154.889410745036884
        0.000000019230610  3.212649551685152  22.689767409144178  9.496183211449948  12.056831237853199  9.007552381081084  0.556222437485998  3.078062924137896  17.604604581240928 -154.889410745036884
        0.000000019778628  3.212649503812944  22.689767747248059  9.496183211449948  12.056831237853199  9.007552381081084  0.556222437485998  3.078062924137896  17.604604581240928 -154.889410745036884
        0.000000001681286  3.212649503812944  22.689767409144178  9.496183352954104  12.056831237853199  9.007552381081084  0.556222437485998  3.078062924137896  17.604604581240928 -154.889410745036884
        0.000000000439130  3.212649503812944  22.689767409144178  9.496183211449948  12.056831417513985  9.007552381081084  0.556222437485998  3.078062924137896  17.604604581240928 -154.889410745036884
        0.000000001152582  3.212649503812944  22.689767409144178  9.496183211449948  12.056831237853199  9.007552515304074  0.556222437485998  3.078062924137896  17.604604581240928 -154.889410745036884
        0.000000003431847  3.212649503812944  22.689767409144178  9.496183211449948  12.056831237853199  9.007552381081084  0.556222452387159  3.078062924137896  17.604604581240928 -154.889410745036884
        0.000000008199397  3.212649503812944  22.689767409144178  9.496183211449948  12.056831237853199  9.007552381081084  0.556222437485998  3.078062970004607  17.604604581240928 -154.889410745036884
        0.000000005075165  3.212649503812944  22.689767409144178  9.496183211449948  12.056831237853199  9.007552381081084  0.556222437485998  3.078062924137896  17.604604843569977 -154.889410745036884
        0.000037776082381  3.212649503812944  22.689767409144178  9.496183211449948  12.056831237853199  9.007552381081084  0.556222437485998  3.078062924137896  17.604604581240928 -154.889413053068949
        0.006577977113793  3.092437123614487  33.772806702102926  12.167672959513958  16.916677368797743  7.870771749335521  0.621716166738229  3.220672638027629  20.163837994931598 -154.890129136975872
        0.005263118779713  3.187411657747376  25.917999146838543  9.850368593121081  13.241331163721156  7.295967633376901  0.590321429533861  3.155969151340387  17.680852614273242 -154.889797451510645
        0.000000019062847  3.187411705243511  25.917999146838543  9.850368593121081  13.241331163721156  7.295967633376901  0.590321429533861  3.155969151340387  17.680852614273242 -154.889797451510645
        0.000000019639334  3.187411657747376  25.917999533046824  9.850368593121081  13.241331163721156  7.295967633376901  0.590321429533861  3.155969151340387  17.680852614273242 -154.889797451510645
        0.000000001770732  3.187411657747376  25.917999146838543  9.850368739903011  13.241331163721156  7.295967633376901  0.590321429533861  3.155969151340387  17.680852614273242 -154.889797451510645
        0.000000000465480  3.187411657747376  25.917999146838543  9.850368593121081  13.241331361032367  7.295967633376901  0.590321429533861  3.155969151340387  17.680852614273242 -154.889797451510645
        0.000000000686220  3.187411657747376  25.917999146838543  9.850368593121081  13.241331163721156  7.295967742095291  0.590321429533861  3.155969151340387  17.680852614273242 -154.889797451510645
        0.000000004029421  3.187411657747376  25.917999146838543  9.850368593121081  13.241331163721156  7.295967633376901  0.590321444435022  3.155969151340387  17.680852614273242 -154.889797451510645
        0.000000008288535  3.187411657747376  25.917999146838543  9.850368593121081  13.241331163721156  7.295967633376901  0.590321429533861  3.155969198367992  17.680852614273242 -154.889797451510645
        0.000000004893250  3.187411657747376  25.917999146838543  9.850368593121081  13.241331163721156  7.295967633376901  0.590321429533861  3.155969151340387  17.680852877738477 -154.889797451510645
        0.000037776514863  3.187411657747376  25.917999146838543  9.850368593121081  13.241331163721156  7.295967633376901  0.590321429533861  3.155969151340387  17.680852614273242 -154.889799759548481
        0.001711722789732  3.185044319563699  26.507723543671112  10.214192747295588  13.807784063332431  6.933021344828834  0.585706812888736  3.167641067526775  17.684153299688450 -154.889837112221585
        0.000000019207270  3.185044367024557  26.507723543671112  10.214192747295588  13.807784063332431  6.933021344828834  0.585706812888736  3.167641067526775  17.684153299688450 -154.889837112221585
        0.000000019792034  3.185044319563699  26.507723938666974  10.214192747295588  13.807784063332431  6.933021344828834  0.585706812888736  3.167641067526775  17.684153299688450 -154.889837112221585
        0.000000001794344  3.185044319563699  26.507723543671112  10.214192899498920  13.807784063332431  6.933021344828834  0.585706812888736  3.167641067526775  17.684153299688450 -154.889837112221585
        0.000000000480119  3.185044319563699  26.507723543671112  10.214192747295588  13.807784269084447  6.933021344828834  0.585706812888736  3.167641067526775  17.684153299688450 -154.889837112221585
        0.000000000634436  3.185044319563699  26.507723543671112  10.214192747295588  13.807784063332431  6.933021448138903  0.585706812888736  3.167641067526775  17.684153299688450 -154.889837112221585
        0.000000004174176  3.185044319563699  26.507723543671112  10.214192747295588  13.807784063332431  6.933021344828834  0.585706827789897  3.167641067526775  17.684153299688450 -154.889837112221585
        0.000000008280883  3.185044319563699  26.507723543671112  10.214192747295588  13.807784063332431  6.933021344828834  0.585706812888736  3.167641114728305  17.684153299688450 -154.889837112221585
        0.000000004931146  3.185044319563699  26.507723543671112  10.214192747295588  13.807784063332431  6.933021344828834  0.585706812888736  3.167641067526775  17.684153563202869 -154.889837112221585
        0.000037776557399  3.185044319563699  26.507723543671112  10.214192747295588  13.807784063332431  6.933021344828834  0.585706812888736  3.167641067526775  17.684153299688450 -154.889839420260017
        0.001504083381438  3.195965688304842  26.805068834902652  10.063613210641311  13.719806897526500  4.636604438365564  0.607449970957597  3.225660879272230  16.765881845922827 -154.890134812339994
        0.000000018977185  3.195965735928441  26.805068834902652  10.063613210641311  13.719806897526500  4.636604438365564  0.607449970957597  3.225660879272230  16.765881845922827 -154.890134812339994
        0.000000019561555  3.195965688304842  26.805069234329302  10.063613210641311  13.719806897526500  4.636604438365564  0.607449970957597  3.225660879272230  16.765881845922827 -154.890134812339994
        0.000000001874759  3.195965688304842  26.805068834902652  10.063613360600833  13.719806897526500  4.636604438365564  0.607449970957597  3.225660879272230  16.765881845922827 -154.890134812339994
        0.000000000501130  3.195965688304842  26.805068834902652  10.063613210641311  13.719807101967554  4.636604438365564  0.607449970957597  3.225660879272230  16.765881845922827 -154.890134812339994
        0.000000000425995  3.195965688304842  26.805068834902652  10.063613210641311  13.719806897526500  4.636604507456354  0.607449970957597  3.225660879272230  16.765881845922827 -154.890134812339994
        0.000000004775968  3.195965688304842  26.805068834902652  10.063613210641311  13.719806897526500  4.636604438365564  0.607449985858758  3.225660879272230  16.765881845922827 -154.890134812339994
        0.000000008071817  3.195965688304842  26.805068834902652  10.063613210641311  13.719806897526500  4.636604438365564  0.607449970957597  3.225660927338323  16.765881845922827 -154.890134812339994
        0.000000005154278  3.195965688304842  26.805068834902652  10.063613210641311  13.719806897526500  4.636604438365564  0.607449970957597  3.225660879272230  16.765882095753934 -154.890134812339994
        0.000037776877029  3.195965688304842  26.805068834902652  10.063613210641311  13.719806897526500  4.636604438365564  0.607449970957597  3.225660879272230  16.765881845922827 -154.890137120382860
        0.000785390580964  3.193535521984532  27.228201956720437  9.920498269688268  14.243386798233393  4.369799122557892  0.608760119210236  3.231770802849252  16.814997391730998 -154.890164653878628
        0.000000019032031  3.193535569571920  27.228201956720437  9.920498269688268  14.243386798233393  4.369799122557892  0.608760119210236  3.231770802849252  16.814997391730998 -154.890164653878628
        0.000000019625443  3.193535521984532  27.228202362452262  9.920498269688268  14.243386798233393  4.369799122557892  0.608760119210236  3.231770802849252  16.814997391730998 -154.890164653878628
        0.000000001891178  3.193535521984532  27.228201956720437  9.920498417515212  14.243386798233393  4.369799122557892  0.608760119210236  3.231770802849252  16.814997391730998 -154.890164653878628
        0.000000000533364  3.193535521984532  27.228201956720437  9.920498269688268  14.243387010476395  4.369799122557892  0.608760119210236  3.231770802849252  16.814997391730998 -154.890164653878628
        0.000000000436888  3.193535521984532  27.228201956720437  9.920498269688268  14.243386798233393  4.369799187672974  0.608760119210236  3.231770802849252  16.814997391730998 -154.890164653878628
        0.000000004885593  3.193535521984532  27.228201956720437  9.920498269688268  14.243386798233393  4.369799122557892  0.608760134111397  3.231770802849252  16.814997391730998 -154.890164653878628
        0.000000008111366  3.193535521984532  27.228201956720437  9.920498269688268  14.243386798233393  4.369799122557892  0.608760119210236  3.231770851006389  16.814997391730998 -154.890164653878628
        0.000000005160778  3.193535521984532  27.228201956720437  9.920498269688268  14.243386798233393  4.369799122557892  0.608760119210236  3.231770802849252  16.814997642293985 -154.890164653878628
        0.000037776896600  3.193535521984532  27.228201956720437  9.920498269688268  14.243386798233393  4.369799122557892  0.608760119210236  3.231770802849252  16.814997391730998 -154.890166961921949
        0.000956481407445  3.189773691756247  28.714110038602293  10.403693690049511  14.642632090773535  2.679115473943672  0.633082305576311  3.251148147147436  16.718967542026018 -154.890286217391036
        0.000000018977486  3.189773739287579  28.714110038602293  10.403693690049511  14.642632090773535  2.679115473943672  0.633082305576311  3.251148147147436  16.718967542026018 -154.890286217391036
        0.000000019615709  3.189773691756247  28.714110466475876  10.403693690049511  14.642632090773535  2.679115473943672  0.633082305576311  3.251148147147436  16.718967542026018 -154.890286217391036
        0.000000001974159  3.189773691756247  28.714110038602293  10.403693845076628  14.642632090773535  2.679115473943672  0.633082305576311  3.251148147147436  16.718967542026018 -154.890286217391036
        0.000000000551876  3.189773691756247  28.714110038602293  10.403693690049511  14.642632308965757  2.679115473943672  0.633082305576311  3.251148147147436  16.718967542026018 -154.890286217391036
        0.000000000559548  3.189773691756247  28.714110038602293  10.403693690049511  14.642632090773535  2.679115513865603  0.633082305576311  3.251148147147436  16.718967542026018 -154.890286217391036
        0.000000005479555  3.189773691756247  28.714110038602293  10.403693690049511  14.642632090773535  2.679115473943672  0.633082320477472  3.251148147147436  16.718967542026018 -154.890286217391036
        0.000000008258644  3.189773691756247  28.714110038602293  10.403693690049511  14.642632090773535  2.679115473943672  0.633082305576311  3.251148195593318  16.718967542026018 -154.890286217391036
        0.000000005228286  3.189773691756247  28.714110038602293  10.403693690049511  14.642632090773535  2.679115473943672  0.633082305576311  3.251148147147436  16.718967791158047 -154.890286217391036
        0.000037777020049  3.189773691756247  28.714110038602293  10.403693690049511  14.642632090773535  2.679115473943672  0.633082305576311  3.251148147147436  16.718967542026018 -154.890288525436148
        0.000656594088737  3.189790537064375  28.764985173151864  10.180215518311321  15.082072276737124  2.562153695377262  0.629010739181285  3.257999153705285  16.669563422124412 -154.890313056426379
        0.000000019016334  3.189790584595958  28.764985173151864  10.180215518311321  15.082072276737124  2.562153695377262  0.629010739181285  3.257999153705285  16.669563422124412 -154.890313056426379
        0.000000019651958  3.189790537064375  28.764985601783543  10.180215518311321  15.082072276737124  2.562153695377262  0.629010739181285  3.257999153705285  16.669563422124412 -154.890313056426379
        0.000000001977762  3.189790537064375  28.764985173151864  10.180215670008353  15.082072276737124  2.562153695377262  0.629010739181285  3.257999153705285  16.669563422124412 -154.890313056426379
        0.000000000581185  3.189790537064375  28.764985173151864  10.180215518311321  15.082072501477514  2.562153695377262  0.629010739181285  3.257999153705285  16.669563422124412 -154.890313056426379
        0.000000000595309  3.189790537064375  28.764985173151864  10.180215518311321  15.082072276737124  2.562153733556327  0.629010739181285  3.257999153705285  16.669563422124412 -154.890313056426379
        0.000000005511011  3.189790537064375  28.764985173151864  10.180215518311321  15.082072276737124  2.562153695377262  0.629010754082447  3.257999153705285  16.669563422124412 -154.890313056426379
        0.000000008231696  3.189790537064375  28.764985173151864  10.180215518311321  15.082072276737124  2.562153695377262  0.629010739181285  3.257999202253256  16.669563422124412 -154.890313056426379
        0.000000005243238  3.189790537064375  28.764985173151864  10.180215518311321  15.082072276737124  2.562153695377262  0.629010739181285  3.257999153705285  16.669563670520265 -154.890313056426379
        0.000037777047949  3.189790537064375  28.764985173151864  10.180215518311321  15.082072276737124  2.562153695377262  0.629010739181285  3.257999153705285  16.669563422124412 -154.890315364471888
        0.000498390288715  3.199116354638106  28.747291956627055  9.613586521431316  15.461825511334858  1.184192567596648  0.641942695329825  3.270808848720109  16.234813841014574 -154.890393705141690
        0.000000018960170  3.199116402308654  28.747291956627055  9.613586521431316  15.461825511334858  1.184192567596648  0.641942695329825  3.270808848720109  16.234813841014574 -154.890393705141690
        0.000000019617873  3.199116354638106  28.747292384995088  9.613586521431316  15.461825511334858  1.184192567596648  0.641942695329825  3.270808848720109  16.234813841014574 -154.890393705141690
        0.000000002046729  3.199116354638106  28.747291956627055  9.613586664684918  15.461825511334858  1.184192567596648  0.641942695329825  3.270808848720109  16.234813841014574 -154.890393705141690
        0.000000000653853  3.199116354638106  28.747291956627055  9.613586521431316  15.461825741734012  1.184192567596648  0.641942695329825  3.270808848720109  16.234813841014574 -154.890393705141690
        0.000000000826280  3.199116354638106  28.747291956627055  9.613586521431316  15.461825511334858  1.184192585242493  0.641942695329825  3.270808848720109  16.234813841014574 -154.890393705141690
        0.000000005979021  3.199116354638106  28.747291956627055  9.613586521431316  15.461825511334858  1.184192567596648  0.641942710230986  3.270808848720109  16.234813841014574 -154.890393705141690
        0.000000008230986  3.199116354638106  28.747291956627055  9.613586521431316  15.461825511334858  1.184192567596648  0.641942695329825  3.270808897458958  16.234813841014574 -154.890393705141690
        0.000000005430699  3.199116354638106  28.747291956627055  9.613586521431316  15.461825511334858  1.184192567596648  0.641942695329825  3.270808848720109  16.234814082932154 -154.890393705141690
        0.000037777132570  3.199116354638106  28.747291956627055  9.613586521431316  15.461825511334858  1.184192567596648  0.641942695329825  3.270808848720109  16.234813841014574 -154.890396013188422
        0.000476280369316  3.203195533467813  28.431061641073452  6.747497492121568  17.933574123114340  1.065550432340487  0.628256198890525  3.282802888313229  16.032391498052714 -154.890441840142671
        0.000000018934385  3.203195581199146  28.431061641073452  6.747497492121568  17.933574123114340  1.065550432340487  0.628256198890525  3.282802888313229  16.032391498052714 -154.890441840142671
        0.000000019561350  3.203195533467813  28.431062064729286  6.747497492121568  17.933574123114340  1.065550432340487  0.628256198890525  3.282802888313229  16.032391498052714 -154.890441840142671
        0.000000002074884  3.203195533467813  28.431061641073452  6.747497592667115  17.933574123114340  1.065550432340487  0.628256198890525  3.282802888313229  16.032391498052714 -154.890441840142671
        0.000000000902506  3.203195533467813  28.431061641073452  6.747497492121568  17.933574390345420  1.065550432340487  0.628256198890525  3.282802888313229  16.032391498052714 -154.890441840142671
        0.000000000990856  3.203195533467813  28.431061641073452  6.747497492121568  17.933574123114340  1.065550448218426  0.628256198890525  3.282802888313229  16.032391498052714 -154.890441840142671
        0.000000006075414  3.203195533467813  28.431061641073452  6.747497492121568  17.933574123114340  1.065550432340487  0.628256213791686  3.282802888313229  16.032391498052714 -154.890441840142671
        0.000000008222905  3.203195533467813  28.431061641073452  6.747497492121568  17.933574123114340  1.065550432340487  0.628256198890525  3.282802937230804  16.032391498052714 -154.890441840142671
        0.000000005474751  3.203195533467813  28.431061641073452  6.747497492121568  17.933574123114340  1.065550432340487  0.628256198890525  3.282802888313229  16.032391736953965 -154.890441840142671
        0.000037777179533  3.203195533467813  28.431061641073452  6.747497492121568  17.933574123114340  1.065550432340487  0.628256198890525  3.282802888313229  16.032391498052714 -154.890444148190113
        0.000479231315941  3.205293945773217  28.933748355430861  6.874490108263600  18.246568148191773  0.000838746396043  0.639864517748261  3.290954657502474  15.876242768056272 -154.890495276098932
        0.000000018912480  3.205293993535819  28.933748355430861  6.874490108263600  18.246568148191773  0.000838746396043  0.639864517748261  3.290954657502474  15.876242768056272 -154.890495276098932
        0.000000019563962  3.205293945773217  28.933748786577308  6.874490108263600  18.246568148191773  0.000838746396043  0.639864517748261  3.290954657502474  15.876242768056272 -154.890495276098932
        0.000000002133242  3.205293945773217  28.933748355430861  6.874490210701484  18.246568148191773  0.000838746396043  0.639864517748261  3.290954657502474  15.876242768056272 -154.890495276098932
        0.000000000939351  3.205293945773217  28.933748355430861  6.874490108263600  18.246568420086827  0.000838746396043  0.639864517748261  3.290954657502474  15.876242768056272 -154.890495276098932
        0.000000001044152  3.205293945773217  28.933748355430861  6.874490108263600  18.246568148191773  0.000838761297204  0.639864517748261  3.290954657502474  15.876242768056272 -154.890495276098932
        0.000000006322736  3.205293945773217  28.933748355430861  6.874490108263600  18.246568148191773  0.000838746396043  0.639864532649422  3.290954657502474  15.876242768056272 -154.890495276098932
        0.000000008313598  3.205293945773217  28.933748355430861  6.874490108263600  18.246568148191773  0.000838746396043  0.639864517748261  3.290954706541520  15.876242768056272 -154.890495276098932
        0.000000005569048  3.205293945773217  28.933748355430861  6.874490108263600  18.246568148191773  0.000838746396043  0.639864517748261  3.290954657502474  15.876243004630725 -154.890495276098932
        0.000037777234510  3.205293945773217  28.933748355430861  6.874490108263600  18.246568148191773  0.000838746396043  0.639864517748261  3.290954657502474  15.876242768056272 -154.890497584147170
        0.000114737256523  3.205592069670154  28.899757398311316  6.684704456713866  18.370198443986268  0.000804913753285  0.639049784465074  3.291700394204245  15.863831859151048 -154.890498687417903
        0.000000018919671  3.205592117437198  28.899757398311316  6.684704456713866  18.370198443986268  0.000804913753285  0.639049784465074  3.291700394204245  15.863831859151048 -154.890498687417903
        0.000000019570220  3.205592069670154  28.899757828951259  6.684704456713866  18.370198443986268  0.000804913753285  0.639049784465074  3.291700394204245  15.863831859151048 -154.890498687417903
        0.000000002134559  3.205592069670154  28.899757398311316  6.684704556323725  18.370198443986268  0.000804913753285  0.639049784465074  3.291700394204245  15.863831859151048 -154.890498687417903
        0.000000000953721  3.205592069670154  28.899757398311316  6.684704456713866  18.370198717723557  0.000804913753285  0.639049784465074  3.291700394204245  15.863831859151048 -154.890498687417903
        0.000000001051670  3.205592069670154  28.899757398311316  6.684704456713866  18.370198443986268  0.000804928654446  0.639049784465074  3.291700394204245  15.863831859151048 -154.890498687417903
        0.000000006322092  3.205592069670154  28.899757398311316  6.684704456713866  18.370198443986268  0.000804913753285  0.639049799366235  3.291700394204245  15.863831859151048 -154.890498687417903
        0.000000008307011  3.205592069670154  28.899757398311316  6.684704456713866  18.370198443986268  0.000804913753285  0.639049784465074  3.291700443254403  15.863831859151048 -154.890498687417903
        0.000000005573078  3.205592069670154  28.899757398311316  6.684704456713866  18.370198443986268  0.000804913753285  0.639049784465074  3.291700394204245  15.863832095540564 -154.890498687417903
        0.000037777237023  3.205592069670154  28.899757398311316  6.684704456713866  18.370198443986268  0.000804913753285  0.639049784465074  3.291700394204245  15.863831859151048 -154.890500995466198
        0.000163810182428  3.194290129668603  29.967920145245166  5.563148395759705  20.213061593170515  0.000397890078351  0.633464386493494  3.297062417652954  16.165041743665196 -154.890519091403036
        0.000163306057904  3.212288231355549  28.259974838158289  5.791254544421727  18.596906522876875  0.000358852484753  0.636035784005058  3.294475257310605  15.647279859212324 -154.890509118739914
        0.000000018887139  3.212288279222374  28.259974838158289  5.791254544421727  18.596906522876875  0.000358852484753  0.636035784005058  3.294475257310605  15.647279859212324 -154.890509118739914
        0.000000019523567  3.212288231355549  28.259975259264731  5.791254544421727  18.596906522876875  0.000358852484753  0.636035784005058  3.294475257310605  15.647279859212324 -154.890509118739914
        0.000000002141201  3.212288231355549  28.259974838158289  5.791254630718144  18.596906522876875  0.000358852484753  0.636035784005058  3.294475257310605  15.647279859212324 -154.890509118739914
        0.000000001017489  3.212288231355549  28.259974838158289  5.791254544421727  18.596906799992375  0.000358852484753  0.636035784005058  3.294475257310605  15.647279859212324 -154.890509118739914
        0.000000001084403  3.212288231355549  28.259974838158289  5.791254544421727  18.596906522876875  0.000358867385914  0.636035784005058  3.294475257310605  15.647279859212324 -154.890509118739914
        0.000000006329839  3.212288231355549  28.259974838158289  5.791254544421727  18.596906522876875  0.000358852484753  0.636035798906219  3.294475257310605  15.647279859212324 -154.890509118739914
        0.000000008243858  3.212288231355549  28.259974838158289  5.791254544421727  18.596906522876875  0.000358852484753  0.636035784005058  3.294475306402112  15.647279859212324 -154.890509118739914
        0.000000005639317  3.212288231355549  28.259974838158289  5.791254544421727  18.596906522876875  0.000358852484753  0.636035784005058  3.294475257310605  15.647280092374963 -154.890509118739914
        0.000037777248068  3.212288231355549  28.259974838158289  5.791254544421727  18.596906522876875  0.000358852484753  0.636035784005058  3.294475257310605  15.647279859212324 -154.890511426788350
        0.000038497256286  3.212826724088652  28.214251438941858  5.486152516116958  18.806468299884241  0.000306668667247  0.634883100586037  3.295703695770245  15.625576228379119 -154.890513718183456
        0.000000018884856  3.212826771963501  28.214251438941858  5.486152516116958  18.806468299884241  0.000306668667247  0.634883100586037  3.295703695770245  15.625576228379119 -154.890513718183456
        0.000000019517674  3.212826724088652  28.214251859366968  5.486152516116958  18.806468299884241  0.000306668667247  0.634883100586037  3.295703695770245  15.625576228379119 -154.890513718183456
        0.000000002144469  3.212826724088652  28.214251438941858  5.486152597867001  18.806468299884241  0.000306668667247  0.634883100586037  3.295703695770245  15.625576228379119 -154.890513718183456
        0.000000001042253  3.212826724088652  28.214251438941858  5.486152516116958  18.806468580122456  0.000306668667247  0.634883100586037  3.295703695770245  15.625576228379119 -154.890513718183456
        0.000000001097956  3.212826724088652  28.214251438941858  5.486152516116958  18.806468299884241  0.000306683568408  0.634883100586037  3.295703695770245  15.625576228379119 -154.890513718183456
        0.000000006333616  3.212826724088652  28.214251438941858  5.486152516116958  18.806468299884241  0.000306668667247  0.634883115487198  3.295703695770245  15.625576228379119 -154.890513718183456
        0.000000008239629  3.212826724088652  28.214251438941858  5.486152516116958  18.806468299884241  0.000306668667247  0.634883100586037  3.295703744880057  15.625576228379119 -154.890513718183456
        0.000000005644060  3.212826724088652  28.214251438941858  5.486152516116958  18.806468299884241  0.000306668667247  0.634883100586037  3.295703695770245  15.625576461218349 -154.890513718183456
        0.000037777252227  3.212826724088652  28.214251438941858  5.486152516116958  18.806468299884241  0.000306668667247  0.634883100586037  3.295703695770245  15.625576228379119 -154.890516026231978
        0.000068914941208  3.203339782237003  29.093179195307730  5.093493579159518  19.856619130314051  0.000101194408131  0.632715189120446  3.297887434705697  15.888704646074242 -154.890521984650434
        0.000058631130801  3.212270514832239  28.263091088850057  4.990404789560843  19.255188939493447  0.000106194305821  0.632939902458147  3.297664650566354  15.629514845463364 -154.890521115370518
        0.000000018884024  3.212270562698800  28.263091088850057  4.990404789560843  19.255188939493447  0.000106194305821  0.632939902458147  3.297664650566354  15.629514845463364 -154.890521115370518
        0.000000019512633  3.212270514832239  28.263091510002933  4.990404789560843  19.255188939493447  0.000106194305821  0.632939902458147  3.297664650566354  15.629514845463364 -154.890521115370518
        0.000000002149233  3.212270514832239  28.263091088850057  4.990404863923669  19.255188939493447  0.000106194305821  0.632939902458147  3.297664650566354  15.629514845463364 -154.890521115370518
        0.000000001084442  3.212270514832239  28.263091088850057  4.990404789560843  19.255189226418121  0.000106194305821  0.632939902458147  3.297664650566354  15.629514845463364 -154.890521115370518
        0.000000001121719  3.212270514832239  28.263091088850057  4.990404789560843  19.255188939493447  0.000106209206982  0.632939902458147  3.297664650566354  15.629514845463364 -154.890521115370518
        0.000000006339736  3.212270514832239  28.263091088850057  4.990404789560843  19.255188939493447  0.000106194305821  0.632939917359308  3.297664650566354  15.629514845463364 -154.890521115370518
        0.000000008245675  3.212270514832239  28.263091088850057  4.990404789560843  19.255188939493447  0.000106194305821  0.632939902458147  3.297664699705387  15.629514845463364 -154.890521115370518
        0.000000005635995  3.212270514832239  28.263091088850057  4.990404789560843  19.255188939493447  0.000106194305821  0.632939902458147  3.297664650566354  15.629515078361283 -154.890521115370518
        0.000037777259675  3.212270514832239  28.263091088850057  4.990404789560843  19.255188939493447  0.000106194305821  0.632939902458147  3.297664650566354  15.629514845463364 -154.890523423419154
        0.000039836044581  3.212271379395707  28.263152350247353  4.990628380988898  19.255092083605529  0.000109809898566  0.632942635419827  3.297665641695523  15.629475072854698 -154.890521123809862
        0.000000018883851  3.212271427262281  28.263152350247353  4.990628380988898  19.255092083605529  0.000109809898566  0.632942635419827  3.297665641695523  15.629475072854698 -154.890521123809862
        0.000000019512407  3.212271379395707  28.263152771401142  4.990628380988898  19.255092083605529  0.000109809898566  0.632942635419827  3.297665641695523  15.629475072854698 -154.890521123809862
        0.000000002149240  3.212271379395707  28.263152350247353  4.990628455355056  19.255092083605529  0.000109809898566  0.632942635419827  3.297665641695523  15.629475072854698 -154.890521123809862
        0.000000001084450  3.212271379395707  28.263152350247353  4.990628380988898  19.255092370528761  0.000109809898566  0.632942635419827  3.297665641695523  15.629475072854698 -154.890521123809862
        0.000000001121702  3.212271379395707  28.263152350247353  4.990628380988898  19.255092083605529  0.000109824799727  0.632942635419827  3.297665641695523  15.629475072854698 -154.890521123809862
        0.000000006339787  3.212271379395707  28.263152350247353  4.990628380988898  19.255092083605529  0.000109809898566  0.632942650320988  3.297665641695523  15.629475072854698 -154.890521123809862
        0.000000008245765  3.212271379395707  28.263152350247353  4.990628380988898  19.255092083605529  0.000109809898566  0.632942635419827  3.297665690834570  15.629475072854698 -154.890521123809862
        0.000000005635958  3.212271379395707  28.263152350247353  4.990628380988898  19.255092083605529  0.000109809898566  0.632942635419827  3.297665641695523  15.629475305752026 -154.890521123809862
        0.000037777259701  3.212271379395707  28.263152350247353  4.990628380988898  19.255092083605529  0.000109809898566  0.632942635419827  3.297665641695523  15.629475072854698 -154.890523431858497
        0.000041701442938  3.212237978818878  28.265867255274902  4.887126634339776  19.339168393535292  0.000078837954097  0.632594003940812  3.298018721797952  15.628267027636541 -154.890522427426816
        0.000000018883170  3.212238026684954  28.265867255274902  4.887126634339776  19.339168393535292  0.000078837954097  0.632594003940812  3.298018721797952  15.628267027636541 -154.890522427426816
        0.000000019510850  3.212237978818878  28.265867676469146  4.887126634339776  19.339168393535292  0.000078837954097  0.632594003940812  3.298018721797952  15.628267027636541 -154.890522427426816
        0.000000002150280  3.212237978818878  28.265867255274902  4.887126707163637  19.339168393535292  0.000078837954097  0.632594003940812  3.298018721797952  15.628267027636541 -154.890522427426816
        0.000000001092994  3.212237978818878  28.265867255274902  4.887126634339776  19.339168681711357  0.000078837954097  0.632594003940812  3.298018721797952  15.628267027636541 -154.890522427426816
        0.000000001126454  3.212237978818878  28.265867255274902  4.887126634339776  19.339168393535292  0.000078852855258  0.632594003940812  3.298018721797952  15.628267027636541 -154.890522427426816
        0.000000006340945  3.212237978818878  28.265867255274902  4.887126634339776  19.339168393535292  0.000078837954097  0.632594018841973  3.298018721797952  15.628267027636541 -154.890522427426816
        0.000000008246324  3.212237978818878  28.265867255274902  4.887126634339776  19.339168393535292  0.000078837954097  0.632594003940812  3.298018770942261  15.628267027636541 -154.890522427426816
        0.000000005635124  3.212237978818878  28.265867255274902  4.887126634339776  19.339168393535292  0.000078837954097  0.632594003940812  3.298018721797952  15.628267260515868 -154.890522427426816
        0.000037777260710  3.212237978818878  28.265867255274902  4.887126634339776  19.339168393535292  0.000078837954097  0.632594003940812  3.298018721797952  15.628267027636541 -154.890524735475452
        0.000041023381221  3.216775288394875  27.842172864476726  4.713866996878371  19.130125047965549  0.000031897888791  0.632227928102961  3.298395541485657  15.493441740553703 -154.890523861057062
        0.000009100098247  3.212938010344616  28.200136755688817  4.804546689069547  19.351645683446584  0.000040835335993  0.632335959756572  3.298276570639420  15.606222384472014 -154.890523390179197
        0.000000018880172  3.212938058221123  28.200136755688817  4.804546689069547  19.351645683446584  0.000040835335993  0.632335959756572  3.298276570639420  15.606222384472014 -154.890523390179197
        0.000000019506507  3.212938010344616  28.200137175903599  4.804546689069547  19.351645683446584  0.000040835335993  0.632335959756572  3.298276570639420  15.606222384472014 -154.890523390179197
        0.000000002150951  3.212938010344616  28.200136755688817  4.804546760662872  19.351645683446584  0.000040835335993  0.632335959756572  3.298276570639420  15.606222384472014 -154.890523390179197
        0.000000001098868  3.212938010344616  28.200136755688817  4.804546689069547  19.351645971808576  0.000040835335993  0.632335959756572  3.298276570639420  15.606222384472014 -154.890523390179197
        0.000000001129361  3.212938010344616  28.200136755688817  4.804546689069547  19.351645683446584  0.000040850237154  0.632335959756572  3.298276570639420  15.606222384472014 -154.890523390179197
        0.000000006341265  3.212938010344616  28.200136755688817  4.804546689069547  19.351645683446584  0.000040835335993  0.632335974657733  3.298276570639420  15.606222384472014 -154.890523390179197
        0.000000008239389  3.212938010344616  28.200136755688817  4.804546689069547  19.351645683446584  0.000040835335993  0.632335959756572  3.298276619787571  15.606222384472014 -154.890523390179197
        0.000000005642121  3.212938010344616  28.200136755688817  4.804546689069547  19.351645683446584  0.000040835335993  0.632335959756572  3.298276570639420  15.606222617022850 -154.890523390179197
        0.000037777261901  3.212938010344616  28.200136755688817  4.804546689069547  19.351645683446584  0.000040835335993  0.632335959756572  3.298276570639420  15.606222384472014 -154.890525698227862
        0.000037580379103  3.213120675815698  28.183113834026198  4.785745197853172  19.352834055173666  0.000018447380312  0.632276989241579  3.298342652065093  15.600513980277487 -154.890523629060141
        0.000001023248448  3.212962905727944  28.197847724842191  4.799298466991798  19.353989703191175  0.000034019545084  0.632317647269677  3.298300093218752  15.605379890598092 -154.890523467197568
        0.000000336018416  3.212943437256708  28.199678460841753  4.803224889936462  19.352314807086174  0.000039097290980  0.632330974859454  3.298286057308124  15.606035654351624 -154.890523413777260
        0.000000018880152  3.212943485133296  28.199678460841753  4.803224889936462  19.352314807086174  0.000039097290980  0.632330974859454  3.298286057308124  15.606035654351624 -154.890523413777260
        0.000000019506444  3.212943437256708  28.199678881049707  4.803224889936462  19.352314807086174  0.000039097290980  0.632330974859454  3.298286057308124  15.606035654351624 -154.890523413777260
        0.000000002150985  3.212943437256708  28.199678460841753  4.803224961510089  19.352314807086174  0.000039097290980  0.632330974859454  3.298286057308124  15.606035654351624 -154.890523413777260
        0.000000001098974  3.212943437256708  28.199678460841753  4.803224889936462  19.352315095458135  0.000039097290980  0.632330974859454  3.298286057308124  15.606035654351624 -154.890523413777260
        0.000000001129407  3.212943437256708  28.199678460841753  4.803224889936462  19.352314807086174  0.000039112192141  0.632330974859454  3.298286057308124  15.606035654351624 -154.890523413777260
        0.000000006341275  3.212943437256708  28.199678460841753  4.803224889936462  19.352314807086174  0.000039097290980  0.632330989760615  3.298286057308124  15.606035654351624 -154.890523413777260
        0.000000008239312  3.212943437256708  28.199678460841753  4.803224889936462  19.352314807086174  0.000039097290980  0.632330974859454  3.298286106456416  15.606035654351624 -154.890523413777260
        0.000000005642198  3.212943437256708  28.199678460841753  4.803224889936462  19.352314807086174  0.000039097290980  0.632330974859454  3.298286057308124  15.606035886899678 -154.890523413777260
        0.000037777261899  3.212943437256708  28.199678460841753  4.803224889936462  19.352314807086174  0.000039097290980  0.632330974859454  3.298286057308124  15.606035654351624 -154.890525721825924
2022-08-18 11:30:11.207163
