/projects/wagner/highthroughput/mick_graphene_paper/3_data/1_kc_fitting
2023-06-01 19:06:32.649446
use a starting guess from the old fit
starting guess parameters:  [ 3.37006089e+00  2.17833385e+01  1.04693887e+01  8.86496249e+00
  1.31573765e-05  7.23952360e-01  3.28314592e+00  1.30901596e+01
 -1.54590379e+02]
     1025.509994320580063  3.370060885645178  21.783338516870739  10.469388694543325  8.864962486046355  0.000013157376477  0.723952360283636  3.283145920221462  13.090159601618883 -154.590378722241923
        0.000000012842762  3.370060935862998  21.783338516870739  10.469388694543325  8.864962486046355  0.000013157376477  0.723952360283636  3.283145920221462  13.090159601618883 -154.590378722241923
        0.000000011578739  3.370060885645178  21.783338841467778  10.469388694543325  8.864962486046355  0.000013157376477  0.723952360283636  3.283145920221462  13.090159601618883 -154.590378722241923
        0.000000001419287  3.370060885645178  21.783338516870739  10.469388850549374  8.864962486046355  0.000013157376477  0.723952360283636  3.283145920221462  13.090159601618883 -154.590378722241923
        0.000000000243239  3.370060885645178  21.783338516870739  10.469388694543325  8.864962618144590  0.000013157376477  0.723952360283636  3.283145920221462  13.090159601618883 -154.590378722241923
        0.000000000451910  3.370060885645178  21.783338516870739  10.469388694543325  8.864962486046355  0.000013172277638  0.723952360283636  3.283145920221462  13.090159601618883 -154.590378722241923
        0.000000003998539  3.370060885645178  21.783338516870739  10.469388694543325  8.864962486046355  0.000013157376477  0.723952375184798  3.283145920221462  13.090159601618883 -154.590378722241923
        0.000000003161800  3.370060885645178  21.783338516870739  10.469388694543325  8.864962486046355  0.000013157376477  0.723952360283636  3.283145969144149  13.090159601618883 -154.590378722241923
        0.000000004375995  3.370060885645178  21.783338516870739  10.469388694543325  8.864962486046355  0.000013157376477  0.723952360283636  3.283145920221462  13.090159796677462 -154.590378722241923
        0.000015277711498  3.370060885645178  21.783338516870739  10.469388694543325  8.864962486046355  0.000013157376477  0.723952360283636  3.283145920221462  13.090159601618883 -154.590381025818061
        0.000912028741137  3.374024910526304  21.738871009454794  10.486631680611163  8.944765149299583  0.000013082178614  0.721460019768010  3.253082323504722  13.123603788641924 -154.590233920753150
        0.000000012611964  3.374024960803192  21.738871009454794  10.486631680611163  8.944765149299583  0.000013082178614  0.721460019768010  3.253082323504722  13.123603788641924 -154.590233920753150
        0.000000011363605  3.374024910526304  21.738871333389216  10.486631680611163  8.944765149299583  0.000013082178614  0.721460019768010  3.253082323504722  13.123603788641924 -154.590233920753150
        0.000000001421087  3.374024910526304  21.738871009454794  10.486631836874151  8.944765149299583  0.000013082178614  0.721460019768010  3.253082323504722  13.123603788641924 -154.590233920753150
        0.000000000249091  3.374024910526304  21.738871009454794  10.486631680611163  8.944765282586969  0.000013082178614  0.721460019768010  3.253082323504722  13.123603788641924 -154.590233920753150
        0.000000000459378  3.374024910526304  21.738871009454794  10.486631680611163  8.944765149299583  0.000013097079776  0.721460019768010  3.253082323504722  13.123603788641924 -154.590233920753150
        0.000000004058508  3.374024910526304  21.738871009454794  10.486631680611163  8.944765149299583  0.000013082178614  0.721460034669171  3.253082323504722  13.123603788641924 -154.590233920753150
        0.000000003207641  3.374024910526304  21.738871009454794  10.486631680611163  8.944765149299583  0.000013082178614  0.721460019768010  3.253082371979426  13.123603788641924 -154.590233920753150
        0.000000004420898  3.374024910526304  21.738871009454794  10.486631680611163  8.944765149299583  0.000013082178614  0.721460019768010  3.253082323504722  13.123603984198860 -154.590233920753150
        0.000015277673379  3.374024910526304  21.738871009454794  10.486631680611163  8.944765149299583  0.000013082178614  0.721460019768010  3.253082323504722  13.123603788641924 -154.590236224327157
        0.000035315563307  3.374024622523667  21.739789032468241  10.487703083307014  8.944449403325290  0.001241507092393  0.721485749381064  3.253074456320319  13.123604318857280 -154.590233922439637
        0.000000012614704  3.374024672800552  21.739789032468241  10.487703083307014  8.944449403325290  0.001241507092393  0.721485749381064  3.253074456320319  13.123604318857280 -154.590233922439637
        0.000000011366064  3.374024622523667  21.739789356416342  10.487703083307014  8.944449403325290  0.001241507092393  0.721485749381064  3.253074456320319  13.123604318857280 -154.590233922439637
        0.000000001421133  3.374024622523667  21.739789032468241  10.487703239585969  8.944449403325290  0.001241507092393  0.721485749381064  3.253074456320319  13.123604318857280 -154.590233922439637
        0.000000000249071  3.374024622523667  21.739789032468241  10.487703083307014  8.944449536607973  0.001241507092393  0.721485749381064  3.253074456320319  13.123604318857280 -154.590233922439637
        0.000000000459359  3.374024622523667  21.739789032468241  10.487703083307014  8.944449403325290  0.001241521993554  0.721485749381064  3.253074456320319  13.123604318857280 -154.590233922439637
        0.000000004058622  3.374024622523667  21.739789032468241  10.487703083307014  8.944449403325290  0.001241507092393  0.721485764282226  3.253074456320319  13.123604318857280 -154.590233922439637
        0.000000003207800  3.374024622523667  21.739789032468241  10.487703083307014  8.944449403325290  0.001241507092393  0.721485749381064  3.253074504794906  13.123604318857280 -154.590233922439637
        0.000000004420942  3.374024622523667  21.739789032468241  10.487703083307014  8.944449403325290  0.001241507092393  0.721485749381064  3.253074456320319  13.123604514414223 -154.590233922439637
        0.000015277673349  3.374024622523667  21.739789032468241  10.487703083307014  8.944449403325290  0.001241507092393  0.721485749381064  3.253074456320319  13.123604318857280 -154.590236226013644
        0.000721235846057  3.355169785273306  23.117740376108419  9.868959905302097  11.343173818283306  0.000041967764636  0.702223179132597  3.252816491148111  13.562671120999216 -154.590234198105009
        0.000689352080352  3.374876097896575  21.713137733438266  10.069345886993814  9.516018212322443  0.000259311992917  0.715371350748999  3.251535401217224  13.111334303910368 -154.590230551887487
        0.000000012612985  3.374876148186148  21.713137733438266  10.069345886993814  9.516018212322443  0.000259311992917  0.715371350748999  3.251535401217224  13.111334303910368 -154.590230551887487
        0.000000011371015  3.374876097896575  21.713138056989230  10.069345886993814  9.516018212322443  0.000259311992917  0.715371350748999  3.251535401217224  13.111334303910368 -154.590230551887487
        0.000000001427708  3.374876097896575  21.713137733438266  10.069346037038759  9.516018212322443  0.000259311992917  0.715371350748999  3.251535401217224  13.111334303910368 -154.590230551887487
        0.000000000288945  3.374876097896575  21.713137733438266  10.069345886993814  9.516018354122165  0.000259311992917  0.715371350748999  3.251535401217224  13.111334303910368 -154.590230551887487
        0.000000000492812  3.374876097896575  21.713137733438266  10.069345886993814  9.516018212322443  0.000259326894078  0.715371350748999  3.251535401217224  13.111334303910368 -154.590230551887487
        0.000000004114129  3.374876097896575  21.713137733438266  10.069345886993814  9.516018212322443  0.000259311992917  0.715371365650160  3.251535401217224  13.111334303910368 -154.590230551887487
        0.000000003251287  3.374876097896575  21.713137733438266  10.069345886993814  9.516018212322443  0.000259311992917  0.715371350748999  3.251535449668877  13.111334303910368 -154.590230551887487
        0.000000004430323  3.374876097896575  21.713137733438266  10.069345886993814  9.516018212322443  0.000259311992917  0.715371350748999  3.251535401217224  13.111334499284474 -154.590230551887487
        0.000015277671545  3.374876097896575  21.713137733438266  10.069345886993814  9.516018212322443  0.000259311992917  0.715371350748999  3.251535401217224  13.111334303910368 -154.590232855461437
        0.000028112067848  3.374884780000280  21.713307786796566  10.069529008593351  9.516138894531879  0.000834511633053  0.715386718464310  3.251529649427621  13.111119384536607 -154.590230556758570
        0.000000012614898  3.374884830289982  21.713307786796566  10.069529008593351  9.516138894531879  0.000834511633053  0.715386718464310  3.251529649427621  13.111119384536607 -154.590230556758570
        0.000000011372722  3.374884780000280  21.713308110350066  10.069529008593351  9.516138894531879  0.000834511633053  0.715386718464310  3.251529649427621  13.111119384536607 -154.590230556758570
        0.000000001427754  3.374884780000280  21.713307786796566  10.069529158641027  9.516138894531879  0.000834511633053  0.715386718464310  3.251529649427621  13.111119384536607 -154.590230556758570
        0.000000000288965  3.374884780000280  21.713307786796566  10.069529008593351  9.516139036333399  0.000834511633053  0.715386718464310  3.251529649427621  13.111119384536607 -154.590230556758570
        0.000000000492835  3.374884780000280  21.713307786796566  10.069529008593351  9.516138894531879  0.000834526534214  0.715386718464310  3.251529649427621  13.111119384536607 -154.590230556758570
        0.000000004114271  3.374884780000280  21.713307786796566  10.069529008593351  9.516138894531879  0.000834511633053  0.715386733365471  3.251529649427621  13.111119384536607 -154.590230556758570
        0.000000003251398  3.374884780000280  21.713307786796566  10.069529008593351  9.516138894531879  0.000834511633053  0.715386718464310  3.251529697879189  13.111119384536607 -154.590230556758570
        0.000000004430438  3.374884780000280  21.713307786796566  10.069529008593351  9.516138894531879  0.000834511633053  0.715386718464310  3.251529649427621  13.111119579907511 -154.590230556758570
        0.000015277671545  3.374884780000280  21.713307786796566  10.069529008593351  9.516138894531879  0.000834511633053  0.715386718464310  3.251529649427621  13.111119384536607 -154.590232860332520
        0.000250311426631  3.363996086785411  22.488085748574534  9.587410866497880  10.953477304879646  0.000039709482157  0.704649010958779  3.252940577272041  13.356122983107680 -154.590234298721754
        0.000219780317202  3.374956981595333  21.709966051168369  9.627488053283672  10.079857423821423  0.000667035347154  0.709926965561293  3.252321486706871  13.104678347245958 -154.590232554963109
        0.000000012616408  3.374957031886111  21.709966051168369  9.627488053283672  10.079857423821423  0.000667035347154  0.709926965561293  3.252321486706871  13.104678347245958 -154.590232554963109
        0.000000011380548  3.374956981595333  21.709966374672071  9.627488053283672  10.079857423821423  0.000667035347154  0.709926965561293  3.252321486706871  13.104678347245958 -154.590232554963109
        0.000000001433673  3.374956981595333  21.709966051168369  9.627488196744423  10.079857423821423  0.000667035347154  0.709926965561293  3.252321486706871  13.104678347245958 -154.590232554963109
        0.000000000331308  3.374956981595333  21.709966051168369  9.627488053283672  10.079857574023004  0.000667035347154  0.709926965561293  3.252321486706871  13.104678347245958 -154.590232554963109
        0.000000000524681  3.374956981595333  21.709966051168369  9.627488053283672  10.079857423821423  0.000667050248315  0.709926965561293  3.252321486706871  13.104678347245958 -154.590232554963109
        0.000000004159204  3.374956981595333  21.709966051168369  9.627488053283672  10.079857423821423  0.000667035347154  0.709926980462454  3.252321486706871  13.104678347245958 -154.590232554963109
        0.000000003289569  3.374956981595333  21.709966051168369  9.627488053283672  10.079857423821423  0.000667035347154  0.709926965561293  3.252321535170238  13.104678347245958 -154.590232554963109
        0.000000004430863  3.374956981595333  21.709966051168369  9.627488053283672  10.079857423821423  0.000667035347154  0.709926965561293  3.252321486706871  13.104678542520883 -154.590232554963109
        0.000015277672680  3.374956981595333  21.709966051168369  9.627488053283672  10.079857423821423  0.000667035347154  0.709926965561293  3.252321486706871  13.104678347245958 -154.590234858537087
        0.000026477012660  3.374971105272330  21.709976726606055  9.627448898264925  10.080151779565526  0.000738132354283  0.709944393125994  3.252314513242140  13.104330649485517 -154.590232561926655
        0.000000012618114  3.374971155563318  21.709976726606055  9.627448898264925  10.080151779565526  0.000738132354283  0.709944393125994  3.252314513242140  13.104330649485517 -154.590232561926655
        0.000000011382056  3.374971105272330  21.709977050109917  9.627448898264925  10.080151779565526  0.000738132354283  0.709944393125994  3.252314513242140  13.104330649485517 -154.590232561926655
        0.000000001433762  3.374971105272330  21.709976726606055  9.627449041725093  10.080151779565526  0.000738132354283  0.709944393125994  3.252314513242140  13.104330649485517 -154.590232561926655
        0.000000000331362  3.374971105272330  21.709976726606055  9.627448898264925  10.080151929771493  0.000738132354283  0.709944393125994  3.252314513242140  13.104330649485517 -154.590232561926655
        0.000000000524751  3.374971105272330  21.709976726606055  9.627448898264925  10.080151779565526  0.000738147255445  0.709944393125994  3.252314513242140  13.104330649485517 -154.590232561926655
        0.000000004159424  3.374971105272330  21.709976726606055  9.627448898264925  10.080151779565526  0.000738132354283  0.709944408027155  3.252314513242140  13.104330649485517 -154.590232561926655
        0.000000003289673  3.374971105272330  21.709976726606055  9.627448898264925  10.080151779565526  0.000738132354283  0.709944393125994  3.252314561705403  13.104330649485517 -154.590232561926655
        0.000000004431053  3.374971105272330  21.709976726606055  9.627448898264925  10.080151779565526  0.000738132354283  0.709944393125994  3.252314513242140  13.104330844755260 -154.590232561926655
        0.000015277672650  3.374971105272330  21.709976726606055  9.627448898264925  10.080151779565526  0.000738132354283  0.709944393125994  3.252314513242140  13.104330649485517 -154.590234865500634
        0.000078874199610  3.369533073936976  22.096495318858370  9.349615715306349  10.806603144808957  0.000103333441121  0.704942263472575  3.253043912769987  13.226527065077008 -154.590234493118658
        0.000000012580111  3.369533124146932  22.096495318858370  9.349615715306349  10.806603144808957  0.000103333441121  0.704942263472575  3.253043912769987  13.226527065077008 -154.590234493118658
        0.000000011352572  3.369533073936976  22.096495648121810  9.349615715306349  10.806603144808957  0.000103333441121  0.704942263472575  3.253043912769987  13.226527065077008 -154.590234493118658
        0.000000001439395  3.369533073936976  22.096495318858370  9.349615854626480  10.806603144808957  0.000103333441121  0.704942263472575  3.253043912769987  13.226527065077008 -154.590234493118658
        0.000000000373732  3.369533073936976  22.096495318858370  9.349615715306349  10.806603305839893  0.000103333441121  0.704942263472575  3.253043912769987  13.226527065077008 -154.590234493118658
        0.000000000557011  3.369533073936976  22.096495318858370  9.349615715306349  10.806603144808957  0.000103348342282  0.704942263472575  3.253043912769987  13.226527065077008 -154.590234493118658
        0.000000004202718  3.369533073936976  22.096495318858370  9.349615715306349  10.806603144808957  0.000103333441121  0.704942278373736  3.253043912769987  13.226527065077008 -154.590234493118658
        0.000000003359030  3.369533073936976  22.096495318858370  9.349615715306349  10.806603144808957  0.000103333441121  0.704942263472575  3.253043961244119  13.226527065077008 -154.590234493118658
        0.000000004387466  3.369533073936976  22.096495318858370  9.349615715306349  10.806603144808957  0.000103333441121  0.704942263472575  3.253043912769987  13.226527262167620 -154.590234493118658
        0.000015277673833  3.369533073936976  22.096495318858370  9.349615715306349  10.806603144808957  0.000103333441121  0.704942263472575  3.253043912769987  13.226527065077008 -154.590236796692665
        0.000062018830229  3.369549601560998  22.097324029137720  9.351091553992671  10.806186134765447  0.002690742569291  0.704988617735212  3.253028849403207  13.226116072955570 -154.590234502075759
        0.000000012586149  3.369549651771200  22.097324029137720  9.351091553992671  10.806186134765447  0.002690742569291  0.704988617735212  3.253028849403207  13.226116072955570 -154.590234502075759
        0.000000011358023  3.369549601560998  22.097324358413509  9.351091553992671  10.806186134765447  0.002690742569291  0.704988617735212  3.253028849403207  13.226116072955570 -154.590234502075759
        0.000000001439504  3.369549601560998  22.097324029137720  9.351091693334793  10.806186134765447  0.002690742569291  0.704988617735212  3.253028849403207  13.226116072955570 -154.590234502075759
        0.000000000373729  3.369549601560998  22.097324029137720  9.351091553992671  10.806186295790168  0.002690742569291  0.704988617735212  3.253028849403207  13.226116072955570 -154.590234502075759
        0.000000000557057  3.369549601560998  22.097324029137720  9.351091553992671  10.806186134765447  0.002690757470452  0.704988617735212  3.253028849403207  13.226116072955570 -154.590234502075759
        0.000000004203101  3.369549601560998  22.097324029137720  9.351091553992671  10.806186134765447  0.002690742569291  0.704988632636373  3.253028849403207  13.226116072955570 -154.590234502075759
        0.000000003359408  3.369549601560998  22.097324029137720  9.351091553992671  10.806186134765447  0.002690742569291  0.704988617735212  3.253028897877114  13.226116072955570 -154.590234502075759
        0.000000004387635  3.369549601560998  22.097324029137720  9.351091553992671  10.806186134765447  0.002690742569291  0.704988617735212  3.253028849403207  13.226116270040057 -154.590234502075759
        0.000015277673816  3.369549601560998  22.097324029137720  9.351091553992671  10.806186134765447  0.002690742569291  0.704988617735212  3.253028849403207  13.226116072955570 -154.590236805649766
        0.000022489349221  3.374461040533124  21.745811507014032  9.137784287743855  10.699938227524070  0.000092992158140  0.704563048550535  3.253161797988309  13.110327931206211 -154.590234785031186
        0.000000012615760  3.374461090816512  21.745811507014032  9.137784287743855  10.699938227524070  0.000092992158140  0.704563048550535  3.253161797988309  13.110327931206211 -154.590234785031186
        0.000000011386092  3.374461040533124  21.745811831051874  9.137784287743855  10.699938227524070  0.000092992158140  0.704563048550535  3.253161797988309  13.110327931206211 -154.590234785031186
        0.000000001440364  3.374461040533124  21.745811507014032  9.137784423907451  10.699938227524070  0.000092992158140  0.704563048550535  3.253161797988309  13.110327931206211 -154.590234785031186
        0.000000000379411  3.374461040533124  21.745811507014032  9.137784287743855  10.699938386965574  0.000092992158140  0.704563048550535  3.253161797988309  13.110327931206211 -154.590234785031186
        0.000000000558708  3.374461040533124  21.745811507014032  9.137784287743855  10.699938227524070  0.000093007059301  0.704563048550535  3.253161797988309  13.110327931206211 -154.590234785031186
        0.000000004204740  3.374461040533124  21.745811507014032  9.137784287743855  10.699938227524070  0.000092992158140  0.704563063451696  3.253161797988309  13.110327931206211 -154.590234785031186
        0.000000003331923  3.374461040533124  21.745811507014032  9.137784287743855  10.699938227524070  0.000092992158140  0.704563048550535  3.253161846464197  13.110327931206211 -154.590234785031186
        0.000000004426441  3.374461040533124  21.745811507014032  9.137784287743855  10.699938227524070  0.000092992158140  0.704563048550535  3.253161797988309  13.110328126565321 -154.590234785031186
        0.000015277673974  3.374461040533124  21.745811507014032  9.137784287743855  10.699938227524070  0.000092992158140  0.704563048550535  3.253161797988309  13.110327931206211 -154.590237088605193
        0.000021184412961  3.374466017353146  21.745829485969072  9.138029184297586  10.699777231227099  0.000421888024531  0.704571588767955  3.253159018214277  13.110207635220851 -154.590234786775170
        0.000000012616730  3.374466067636608  21.745829485969072  9.138029184297586  10.699777231227099  0.000421888024531  0.704571588767955  3.253159018214277  13.110207635220851 -154.590234786775170
        0.000000011386962  3.374466017353146  21.745829810007184  9.138029184297586  10.699777231227099  0.000421888024531  0.704571588767955  3.253159018214277  13.110207635220851 -154.590234786775170
        0.000000001440385  3.374466017353146  21.745829485969072  9.138029320464833  10.699777231227099  0.000421888024531  0.704571588767955  3.253159018214277  13.110207635220851 -154.590234786775170
        0.000000000379401  3.374466017353146  21.745829485969072  9.138029184297586  10.699777390666204  0.000421888024531  0.704571588767955  3.253159018214277  13.110207635220851 -154.590234786775170
        0.000000000558700  3.374466017353146  21.745829485969072  9.138029184297586  10.699777231227099  0.000421902925692  0.704571588767955  3.253159018214277  13.110207635220851 -154.590234786775170
        0.000000004204824  3.374466017353146  21.745829485969072  9.138029184297586  10.699777231227099  0.000421888024531  0.704571603669116  3.253159018214277  13.110207635220851 -154.590234786775170
        0.000000003331990  3.374466017353146  21.745829485969072  9.138029184297586  10.699777231227099  0.000421888024531  0.704571588767955  3.253159066690124  13.110207635220851 -154.590234786775170
        0.000000004426509  3.374466017353146  21.745829485969072  9.138029184297586  10.699777231227099  0.000421888024531  0.704571588767955  3.253159018214277  13.110207830578169 -154.590234786775170
        0.000015277673970  3.374466017353146  21.745829485969072  9.138029184297586  10.699777231227099  0.000421888024531  0.704571588767955  3.253159018214277  13.110207635220851 -154.590237090349177
        0.000012678259325  3.370246774911472  22.046063279665525  9.250941364578765  10.861525993370462  0.000147817240204  0.704456005350148  3.253196711394616  13.208887178188082 -154.590234839916462
        0.000008570352712  3.373680142853956  21.803312256613520  9.147037001025080  10.744010325120316  0.000068409522903  0.704438315215852  3.253204570955052  13.128911695067467 -154.590234841158178
        0.000000012613073  3.373680193125707  21.803312256613520  9.147037001025080  10.744010325120316  0.000068409522903  0.704438315215852  3.253204570955052  13.128911695067467 -154.590234841158178
        0.000000011383611  3.373680142853956  21.803312581508191  9.147037001025080  10.744010325120316  0.000068409522903  0.704438315215852  3.253204570955052  13.128911695067467 -154.590234841158178
        0.000000001440724  3.373680142853956  21.803312256613520  9.147037137326553  10.744010325120316  0.000068409522903  0.704438315215852  3.253204570955052  13.128911695067467 -154.590234841158178
        0.000000000380782  3.373680142853956  21.803312256613520  9.147037001025080  10.744010485218546  0.000068409522903  0.704438315215852  3.253204570955052  13.128911695067467 -154.590234841158178
        0.000000000559986  3.373680142853956  21.803312256613520  9.147037001025080  10.744010325120316  0.000068424424064  0.704438315215852  3.253204570955052  13.128911695067467 -154.590234841158178
        0.000000004206582  3.373680142853956  21.803312256613520  9.147037001025080  10.744010325120316  0.000068409522903  0.704438330117013  3.253204570955052  13.128911695067467 -154.590234841158178
        0.000000003338050  3.373680142853956  21.803312256613520  9.147037001025080  10.744010325120316  0.000068409522903  0.704438315215852  3.253204619431578  13.128911695067467 -154.590234841158178
        0.000000004420510  3.373680142853956  21.803312256613520  9.147037001025080  10.744010325120316  0.000068409522903  0.704438315215852  3.253204570955052  13.128911890703497 -154.590234841158178
        0.000015277673901  3.373680142853956  21.803312256613520  9.147037001025080  10.744010325120316  0.000068409522903  0.704438315215852  3.253204570955052  13.128911695067467 -154.590237144732185
        0.000013949546142  3.376235002374597  21.622672038324431  9.049959802663974  10.679590766505180  0.000038604438901  0.704221408383277  3.253232240046855  13.069229823587833 -154.590234909448725
        0.000000012628469  3.376235052684419  21.622672038324431  9.049959802663974  10.679590766505180  0.000038604438901  0.704221408383277  3.253232240046855  13.069229823587833 -154.590234909448725
        0.000000011398269  3.376235002374597  21.622672360527353  9.049959802663974  10.679590766505180  0.000038604438901  0.704221408383277  3.253232240046855  13.069229823587833 -154.590234909448725
        0.000000001440963  3.376235002374597  21.622672038324431  9.049959937518883  10.679590766505180  0.000038604438901  0.704221408383277  3.253232240046855  13.069229823587833 -154.590234909448725
        0.000000000382803  3.376235002374597  21.622672038324431  9.049959802663974  10.679590925643485  0.000038604438901  0.704221408383277  3.253232240046855  13.069229823587833 -154.590234909448725
        0.000000000560248  3.376235002374597  21.622672038324431  9.049959802663974  10.679590766505180  0.000038619340062  0.704221408383277  3.253232240046855  13.069229823587833 -154.590234909448725
        0.000000004207149  3.376235002374597  21.622672038324431  9.049959802663974  10.679590766505180  0.000038604438901  0.704221423284439  3.253232240046855  13.069229823587833 -154.590234909448725
        0.000000003323581  3.376235002374597  21.622672038324431  9.049959802663974  10.679590766505180  0.000038604438901  0.704221408383277  3.253232288523793  13.069229823587833 -154.590234909448725
        0.000000004440744  3.376235002374597  21.622672038324431  9.049959802663974  10.679590766505180  0.000038604438901  0.704221408383277  3.253232240046855  13.069230018334533 -154.590234909448725
        0.000015277673957  3.376235002374597  21.622672038324431  9.049959802663974  10.679590766505180  0.000038604438901  0.704221408383277  3.253232240046855  13.069229823587833 -154.590237213022732
        0.000016865393010  3.376236963931624  21.622657186035003  9.049979195609144  10.679589022903507  0.000126209196482  0.704223585215861  3.253231511774559  13.069182619344856 -154.590234910725542
        0.000000012628772  3.376237014241475  21.622657186035003  9.049979195609144  10.679589022903507  0.000126209196482  0.704223585215861  3.253231511774559  13.069182619344856 -154.590234910725542
        0.000000011398541  3.376236963931624  21.622657508237705  9.049979195609144  10.679589022903507  0.000126209196482  0.704223585215861  3.253231511774559  13.069182619344856 -154.590234910725542
        0.000000001440993  3.376236963931624  21.622657186035003  9.049979330464343  10.679589022903507  0.000126209196482  0.704223585215861  3.253231511774559  13.069182619344856 -154.590234910725542
        0.000000000382817  3.376236963931624  21.622657186035003  9.049979195609144  10.679589182041784  0.000126209196482  0.704223585215861  3.253231511774559  13.069182619344856 -154.590234910725542
        0.000000000560262  3.376236963931624  21.622657186035003  9.049979195609144  10.679589022903507  0.000126224097643  0.704223585215861  3.253231511774559  13.069182619344856 -154.590234910725542
        0.000000004207174  3.376236963931624  21.622657186035003  9.049979195609144  10.679589022903507  0.000126209196482  0.704223600117022  3.253231511774559  13.069182619344856 -154.590234910725542
        0.000000003323616  3.376236963931624  21.622657186035003  9.049979195609144  10.679589022903507  0.000126209196482  0.704223585215861  3.253231560251487  13.069182619344856 -154.590234910725542
        0.000000004440757  3.376236963931624  21.622657186035003  9.049979195609144  10.679589022903507  0.000126209196482  0.704223585215861  3.253231511774559  13.069182814090853 -154.590234910725542
        0.000015277673927  3.376236963931624  21.622657186035003  9.049979195609144  10.679589022903507  0.000126209196482  0.704223585215861  3.253231511774559  13.069182619344856 -154.590237214299549
        0.000015014502652  3.376331905476709  21.616546246490291  9.044685604640492  10.679775331230839  0.000007109782076  0.704193064471238  3.253231670365559  13.067074018914091 -154.590234925554626
        0.000000012629575  3.376331955787975  21.616546246490291  9.044685604640492  10.679775331230839  0.000007109782076  0.704193064471238  3.253231670365559  13.067074018914091 -154.590234925554626
        0.000000011399282  3.376331905476709  21.616546568601930  9.044685604640492  10.679775331230839  0.000007109782076  0.704193064471238  3.253231670365559  13.067074018914091 -154.590234925554626
        0.000000001441059  3.376331905476709  21.616546246490291  9.044685739416810  10.679775331230839  0.000007109782076  0.704193064471238  3.253231670365559  13.067074018914091 -154.590234925554626
        0.000000000383066  3.376331905476709  21.616546246490291  9.044685604640492  10.679775490371894  0.000007109782076  0.704193064471238  3.253231670365559  13.067074018914091 -154.590234925554626
        0.000000000560403  3.376331905476709  21.616546246490291  9.044685604640492  10.679775331230839  0.000007124683237  0.704193064471238  3.253231670365559  13.067074018914091 -154.590234925554626
        0.000000004207485  3.376331905476709  21.616546246490291  9.044685604640492  10.679775331230839  0.000007109782076  0.704193079372399  3.253231670365559  13.067074018914091 -154.590234925554626
        0.000000003323302  3.376331905476709  21.616546246490291  9.044685604640492  10.679775331230839  0.000007109782076  0.704193064471238  3.253231718842489  13.067074018914091 -154.590234925554626
        0.000000004441590  3.376331905476709  21.616546246490291  9.044685604640492  10.679775331230839  0.000007109782076  0.704193064471238  3.253231670365559  13.067074213628668 -154.590234925554626
        0.000015277673897  3.376331905476709  21.616546246490291  9.044685604640492  10.679775331230839  0.000007109782076  0.704193064471238  3.253231670365559  13.067074018914091 -154.590237229128633
        0.000015042109371  3.376070706557711  21.634840344420827  9.049060841557155  10.692813928873898  0.000005872381918  0.704155174778571  3.253258215861194  13.073065121614418 -154.590234965446285
        0.000000297870628  3.376265109582611  21.621152504777957  9.045397309755524  10.683619061191258  0.000006752211595  0.704176729886311  3.253255163539951  13.068570271114474 -154.590234957208196
        0.000000126100942  3.376314218774096  21.617693720561761  9.044831685069818  10.680869502288592  0.000007017227578  0.704185982593601  3.253253677166012  13.067439250804673 -154.590234953150400
        0.000000012629608  3.376314269085099  21.617693720561761  9.044831685069818  10.680869502288592  0.000007017227578  0.704185982593601  3.253253677166012  13.067439250804673 -154.590234953150400
        0.000000011399338  3.376314218774096  21.617694042690498  9.044831685069818  10.680869502288592  0.000007017227578  0.704185982593601  3.253253677166012  13.067439250804673 -154.590234953150400
        0.000000001441059  3.376314218774096  21.617693720561761  9.044831819848312  10.680869502288592  0.000007017227578  0.704185982593601  3.253253677166012  13.067439250804673 -154.590234953150400
        0.000000000383112  3.376314218774096  21.617693720561761  9.044831685069818  10.680869661445950  0.000007017227578  0.704185982593601  3.253253677166012  13.067439250804673 -154.590234953150400
        0.000000000560447  3.376314218774096  21.617693720561761  9.044831685069818  10.680869502288592  0.000007032128739  0.704185982593601  3.253253677166012  13.067439250804673 -154.590234953150400
        0.000000004207540  3.376314218774096  21.617693720561761  9.044831685069818  10.680869502288592  0.000007017227578  0.704185997494763  3.253253677166012  13.067439250804673 -154.590234953150400
        0.000000003323438  3.376314218774096  21.617693720561761  9.044831685069818  10.680869502288592  0.000007017227578  0.704185982593601  3.253253725643269  13.067439250804673 -154.590234953150400
        0.000000004441442  3.376314218774096  21.617693720561761  9.044831685069818  10.680869502288592  0.000007017227578  0.704185982593601  3.253253677166012  13.067439445524691 -154.590234953150400
        0.000015277673923  3.376314218774096  21.617693720561761  9.044831685069818  10.680869502288592  0.000007017227578  0.704185982593601  3.253253677166012  13.067439250804673 -154.590237256724407
2023-06-01 19:22:01.632509
