/projects/wagner/highthroughput/mick_graphene_paper/3_data/kc_fitting_dft
2022-08-17 23:53:13.236787
energy_inf: -154.89183204249554
     2536.019385218373827  3.416084000000000  20.021583000000000  10.905510700000001  4.275635400000000  0.010010836000000  0.844712200000000  2.936058400000000  14.313258800000000 -154.891832042495537
        0.000000018717218  3.416084050903618  20.021583000000000  10.905510700000001  4.275635400000000  0.010010836000000  0.844712200000000  2.936058400000000  14.313258800000000 -154.891832042495537
        0.000000019282189  3.416084000000000  20.021583298344837  10.905510700000001  4.275635400000000  0.010010836000000  0.844712200000000  2.936058400000000  14.313258800000000 -154.891832042495537
        0.000000002760085  3.416084000000000  20.021583000000000  10.905510862504773  4.275635400000000  0.010010836000000  0.844712200000000  2.936058400000000  14.313258800000000 -154.891832042495537
        0.000000000499340  3.416084000000000  20.021583000000000  10.905510700000001  4.275635463711932  0.010010836000000  0.844712200000000  2.936058400000000  14.313258800000000 -154.891832042495537
        0.000000000455390  3.416084000000000  20.021583000000000  10.905510700000001  4.275635400000000  0.010010850901161  0.844712200000000  2.936058400000000  14.313258800000000 -154.891832042495537
        0.000000007626080  3.416084000000000  20.021583000000000  10.905510700000001  4.275635400000000  0.010010836000000  0.844712214901161  2.936058400000000  14.313258800000000 -154.891832042495537
        0.000000008542471  3.416084000000000  20.021583000000000  10.905510700000001  4.275635400000000  0.010010836000000  0.844712200000000  2.936058443750679  14.313258800000000 -154.891832042495537
        0.000000009622645  3.416084000000000  20.021583000000000  10.905510700000001  4.275635400000000  0.010010836000000  0.844712200000000  2.936058400000000  14.313259013284176 -154.891832042495537
        0.000037775266475  3.416084000000000  20.021583000000000  10.905510700000001  4.275635400000000  0.010010836000000  0.844712200000000  2.936058400000000  14.313258800000000 -154.891834350563698
        0.167651185516832  3.323350729607920  6.242564393803409  2.244024087608047  8.719485368330849  21.292098596520919  0.222032027243920  2.938645839615667  14.188136829670414 -154.891596963819381
        0.131114410555679  3.309200428291890  18.227536649206588  9.473231155995622  6.878936427027069  5.841795501840661  0.600042110602568  2.908738532691014  14.169874524502077 -154.891589914950288
        0.000000016712142  3.309200477602819  18.227536649206588  9.473231155995622  6.878936427027069  5.841795501840661  0.600042110602568  2.908738532691014  14.169874524502077 -154.891589914950288
        0.000000017272875  3.309200428291890  18.227536920818050  9.473231155995622  6.878936427027069  5.841795501840661  0.600042110602568  2.908738532691014  14.169874524502077 -154.891589914950288
        0.000000001796251  3.309200428291890  18.227536649206588  9.473231297157767  6.878936427027069  5.841795501840661  0.600042110602568  2.908738532691014  14.169874524502077 -154.891589914950288
        0.000000000180893  3.309200428291890  18.227536649206588  9.473231155995622  6.878936529531209  5.841795501840661  0.600042110602568  2.908738532691014  14.169874524502077 -154.891589914950288
        0.000000001045717  3.309200428291890  18.227536649206588  9.473231155995622  6.878936427027069  5.841795588890197  0.600042110602568  2.908738532691014  14.169874524502077 -154.891589914950288
        0.000000004057619  3.309200428291890  18.227536649206588  9.473231155995622  6.878936427027069  5.841795501840661  0.600042125503729  2.908738532691014  14.169874524502077 -154.891589914950288
        0.000000007793279  3.309200428291890  18.227536649206588  9.473231155995622  6.878936427027069  5.841795501840661  0.600042110602568  2.908738576034596  14.169874524502077 -154.891589914950288
        0.000000005872588  3.309200428291890  18.227536649206588  9.473231155995622  6.878936427027069  5.841795501840661  0.600042110602568  2.908738532691014  14.169874735649662 -154.891589914950288
        0.000037776924328  3.309200428291890  18.227536649206588  9.473231155995622  6.878936427027069  5.841795501840661  0.600042110602568  2.908738532691014  14.169874524502077 -154.891592223014840
        0.010358545922563  3.295143311509690  18.347475612542272  9.939896017500935  7.131356810750432  5.667417622958299  0.598354004354804  3.081274774146721  14.844155051162154 -154.889554387335465
        0.000000018756640  3.295143360611151  18.347475612542272  9.939896017500935  7.131356810750432  5.667417622958299  0.598354004354804  3.081274774146721  14.844155051162154 -154.889554387335465
        0.000000019331002  3.295143311509690  18.347475885940963  9.939896017500935  7.131356810750432  5.667417622958299  0.598354004354804  3.081274774146721  14.844155051162154 -154.889554387335465
        0.000000001737073  3.295143311509690  18.347475612542272  9.939896165616927  7.131356810750432  5.667417622958299  0.598354004354804  3.081274774146721  14.844155051162154 -154.889554387335465
        0.000000000167319  3.295143311509690  18.347475612542272  9.939896017500935  7.131356917015930  5.667417622958299  0.598354004354804  3.081274774146721  14.844155051162154 -154.889554387335465
        0.000000000882416  3.295143311509690  18.347475612542272  9.939896017500935  7.131356810750432  5.667417707409403  0.598354004354804  3.081274774146721  14.844155051162154 -154.889554387335465
        0.000000003965283  3.295143311509690  18.347475612542272  9.939896017500935  7.131356810750432  5.667417622958299  0.598354019255966  3.081274774146721  14.844155051162154 -154.889554387335465
        0.000000007364169  3.295143311509690  18.347475612542272  9.939896017500935  7.131356810750432  5.667417622958299  0.598354004354804  3.081274820061293  14.844155051162154 -154.889554387335465
        0.000000006154263  3.295143311509690  18.347475612542272  9.939896017500935  7.131356810750432  5.667417622958299  0.598354004354804  3.081274774146721  14.844155272357302 -154.889554387335465
        0.000037776264420  3.295143311509690  18.347475612542272  9.939896017500935  7.131356810750432  5.667417622958299  0.598354004354804  3.081274774146721  14.844155051162154 -154.889556695369691
        0.001600813839601  3.289472158807329  19.050543243049390  10.147753505066810  7.514351720085416  5.348440049169151  0.604579905636556  3.131258919728022  14.999659225825310 -154.889380484919315
        0.000000019045292  3.289472207824284  19.050543243049390  10.147753505066810  7.514351720085416  5.348440049169151  0.604579905636556  3.131258919728022  14.999659225825310 -154.889380484919315
        0.000000019604923  3.289472158807329  19.050543526924606  10.147753505066810  7.514351720085416  5.348440049169151  0.604579905636556  3.131258919728022  14.999659225825310 -154.889380484919315
        0.000000001773530  3.289472158807329  19.050543243049390  10.147753656280120  7.514351720085416  5.348440049169151  0.604579905636556  3.131258919728022  14.999659225825310 -154.889380484919315
        0.000000000185074  3.289472158807329  19.050543243049390  10.147753505066810  7.514351832057982  5.348440049169151  0.604579905636556  3.131258919728022  14.999659225825310 -154.889380484919315
        0.000000000752484  3.289472158807329  19.050543243049390  10.147753505066810  7.514351720085416  5.348440128867118  0.604579905636556  3.131258919728022  14.999659225825310 -154.889380484919315
        0.000000004157390  3.289472158807329  19.050543243049390  10.147753505066810  7.514351720085416  5.348440049169151  0.604579920537717  3.131258919728022  14.999659225825310 -154.889380484919315
        0.000000007398857  3.289472158807329  19.050543243049390  10.147753505066810  7.514351720085416  5.348440049169151  0.604579905636556  3.131258966387415  14.999659225825310 -154.889380484919315
        0.000000006204057  3.289472158807329  19.050543243049390  10.147753505066810  7.514351720085416  5.348440049169151  0.604579905636556  3.131258919728022  14.999659449337649 -154.889380484919315
        0.000037776221412  3.289472158807329  19.050543243049390  10.147753505066810  7.514351720085416  5.348440049169151  0.604579905636556  3.131258919728022  14.999659225825310 -154.889382792950954
        0.001819826118060  3.240364912401152  23.012598651666277  10.510307857936743  9.815403581579231  4.338256431541206  0.629794580817912  3.195534090354475  15.841272507533859 -154.889699746010820
        0.000000019052990  3.240364960686352  23.012598651666277  10.510307857936743  9.815403581579231  4.338256431541206  0.629794580817912  3.195534090354475  15.841272507533859 -154.889699746010820
        0.000000019662287  3.240364912401152  23.012598994580721  10.510307857936743  9.815403581579231  4.338256431541206  0.629794580817912  3.195534090354475  15.841272507533859 -154.889699746010820
        0.000000001844425  3.240364912401152  23.012598651666277  10.510308014552535  9.815403581579231  4.338256431541206  0.629794580817912  3.195534090354475  15.841272507533859 -154.889699746010820
        0.000000000307423  3.240364912401152  23.012598651666277  10.510307857936743  9.815403727840142  4.338256431541206  0.629794580817912  3.195534090354475  15.841272507533859 -154.889699746010820
        0.000000000375243  3.240364912401152  23.012598651666277  10.510307857936743  9.815403581579231  4.338256496186264  0.629794580817912  3.195534090354475  15.841272507533859 -154.889699746010820
        0.000000004705397  3.240364912401152  23.012598651666277  10.510307857936743  9.815403581579231  4.338256431541206  0.629794595719073  3.195534090354475  15.841272507533859 -154.889699746010820
        0.000000007759653  3.240364912401152  23.012598651666277  10.510307857936743  9.815403581579231  4.338256431541206  0.629794580817912  3.195534137971644  15.841272507533859 -154.889699746010820
        0.000000005702877  3.240364912401152  23.012598651666277  10.510307857936743  9.815403581579231  4.338256431541206  0.629794580817912  3.195534090354475  15.841272743587213 -154.889699746010820
        0.000037776575278  3.240364912401152  23.012598651666277  10.510307857936743  9.815403581579231  4.338256431541206  0.629794580817912  3.195534090354475  15.841272507533859 -154.889702054047206
        0.001491027165650  3.243760427246302  23.164323947305586  10.651399800105121  10.067610916946309  4.192686480188224  0.623928727261399  3.192261786896087  15.807565678533576 -154.889688602904585
        0.000000019166758  3.243760475582099  23.164323947305586  10.651399800105121  10.067610916946309  4.192686480188224  0.623928727261399  3.192261786896087  15.807565678533576 -154.889688602904585
        0.000000019778104  3.243760427246302  23.164324292480913  10.651399800105121  10.067610916946309  4.192686480188224  0.623928727261399  3.192261786896087  15.807565678533576 -154.889688602904585
        0.000000001876157  3.243760427246302  23.164323947305586  10.651399958823347  10.067610916946309  4.192686480188224  0.623928727261399  3.192261786896087  15.807565678533576 -154.889688602904585
        0.000000000319629  3.243760427246302  23.164323947305586  10.651399800105121  10.067611066965402  4.192686480188224  0.623928727261399  3.192261786896087  15.807565678533576 -154.889688602904585
        0.000000000378577  3.243760427246302  23.164323947305586  10.651399800105121  10.067610916946309  4.192686542664122  0.623928727261399  3.192261786896087  15.807565678533576 -154.889688602904585
        0.000000004830570  3.243760427246302  23.164323947305586  10.651399800105121  10.067610916946309  4.192686480188224  0.623928742162561  3.192261786896087  15.807565678533576 -154.889688602904585
        0.000000007808467  3.243760427246302  23.164323947305586  10.651399800105121  10.067610916946309  4.192686480188224  0.623928727261399  3.192261834464495  15.807565678533576 -154.889688602904585
        0.000000005794970  3.243760427246302  23.164323947305586  10.651399800105121  10.067610916946309  4.192686480188224  0.623928727261399  3.192261786896087  15.807565914084661 -154.889688602904585
        0.000037776540836  3.243760427246302  23.164323947305586  10.651399800105121  10.067610916946309  4.192686480188224  0.623928727261399  3.192261786896087  15.807565678533576 -154.889690910940800
        0.000594485700194  3.247700898163357  23.216959585713685  10.620310549985344  10.091275363865289  3.424798348552894  0.630373726541632  3.220176132710597  15.456641078581242 -154.889845281571269
        0.000000019067664  3.247700946557872  23.216959585713685  10.620310549985344  10.091275363865289  3.424798348552894  0.630373726541632  3.220176132710597  15.456641078581242 -154.889845281571269
        0.000000019669772  3.247700898163357  23.216959931673340  10.620310549985344  10.091275363865289  3.424798348552894  0.630373726541632  3.220176132710597  15.456641078581242 -154.889845281571269
        0.000000001903717  3.247700898163357  23.216959585713685  10.620310708240304  10.091275363865289  3.424798348552894  0.630373726541632  3.220176132710597  15.456641078581242 -154.889845281571269
        0.000000000328504  3.247700898163357  23.216959585713685  10.620310549985344  10.091275514237010  3.424798348552894  0.630373726541632  3.220176132710597  15.456641078581242 -154.889845281571269
        0.000000000341821  3.247700898163357  23.216959585713685  10.620310549985344  10.091275363865289  3.424798399586366  0.630373726541632  3.220176132710597  15.456641078581242 -154.889845281571269
        0.000000005050007  3.247700898163357  23.216959585713685  10.620310549985344  10.091275363865289  3.424798348552894  0.630373741442794  3.220176132710597  15.456641078581242 -154.889845281571269
        0.000000007697870  3.247700898163357  23.216959585713685  10.620310549985344  10.091275363865289  3.424798348552894  0.630373726541632  3.220176180694961  15.456641078581242 -154.889845281571269
        0.000000005862452  3.247700898163357  23.216959585713685  10.620310549985344  10.091275363865289  3.424798348552894  0.630373726541632  3.220176132710597  15.456641308903142 -154.889845281571269
        0.000037776693988  3.247700898163357  23.216959585713685  10.620310549985344  10.091275363865289  3.424798348552894  0.630373726541632  3.220176132710597  15.456641078581242 -154.889847589609815
        0.000620782781373  3.234543236855064  24.620153125427880  9.881310651514525  11.925344709809753  2.772401396866917  0.630379522918004  3.249273339458592  15.587831931780752 -154.890022634251181
        0.000000019049356  3.234543285053515  24.620153125427880  9.881310651514525  11.925344709809753  2.772401396866917  0.630379522918004  3.249273339458592  15.587831931780752 -154.890022634251181
        0.000000019650834  3.234543236855064  24.620153492296751  9.881310651514525  11.925344709809753  2.772401396866917  0.630379522918004  3.249273339458592  15.587831931780752 -154.890022634251181
        0.000000001946791  3.234543236855064  24.620153125427880  9.881310798757529  11.925344709809753  2.772401396866917  0.630379522918004  3.249273339458592  15.587831931780752 -154.890022634251181
        0.000000000464992  3.234543236855064  24.620153125427880  9.881310651514525  11.925344887511237  2.772401396866917  0.630379522918004  3.249273339458592  15.587831931780752 -154.890022634251181
        0.000000000459297  3.234543236855064  24.620153125427880  9.881310651514525  11.925344709809753  2.772401438178917  0.630379522918004  3.249273339458592  15.587831931780752 -154.890022634251181
        0.000000005319842  3.234543236855064  24.620153125427880  9.881310651514525  11.925344709809753  2.772401396866917  0.630379537819165  3.249273339458592  15.587831931780752 -154.890022634251181
        0.000000007797114  3.234543236855064  24.620153125427880  9.881310651514525  11.925344709809753  2.772401396866917  0.630379522918004  3.249273387876537  15.587831931780752 -154.890022634251181
        0.000000005743867  3.234543236855064  24.620153125427880  9.881310651514525  11.925344709809753  2.772401396866917  0.630379522918004  3.249273339458592  15.587832164057549 -154.890022634251181
        0.000037776856022  3.234543236855064  24.620153125427880  9.881310651514525  11.925344709809753  2.772401396866917  0.630379522918004  3.249273339458592  15.587831931780752 -154.890024942292371
        0.001397824377135  3.244456420588377  25.035027592962312  9.349047024563863  12.528241677501381  0.668234777389896  0.651076560742006  3.291874327571565  14.903382305983609 -154.890305029698993
        0.000000018870863  3.244456468934545  25.035027592962312  9.349047024563863  12.528241677501381  0.668234777389896  0.651076560742006  3.291874327571565  14.903382305983609 -154.890305029698993
        0.000000019481401  3.244456420588377  25.035027966013292  9.349047024563863  12.528241677501381  0.668234777389896  0.651076560742006  3.291874327571565  14.903382305983609 -154.890305029698993
        0.000000002056722  3.244456420588377  25.035027592962312  9.349047163875520  12.528241677501381  0.668234777389896  0.651076560742006  3.291874327571565  14.903382305983609 -154.890305029698993
        0.000000000559373  3.244456420588377  25.035027592962312  9.349047024563863  12.528241864186729  0.668234777389896  0.651076560742006  3.291874327571565  14.903382305983609 -154.890305029698993
        0.000000000779341  3.244456420588377  25.035027592962312  9.349047024563863  12.528241677501381  0.668234792291057  0.651076560742006  3.291874327571565  14.903382305983609 -154.890305029698993
        0.000000005990184  3.244456420588377  25.035027592962312  9.349047024563863  12.528241677501381  0.668234777389896  0.651076575643168  3.291874327571565  14.903382305983609 -154.890305029698993
        0.000000007729283  3.244456420588377  25.035027592962312  9.349047024563863  12.528241677501381  0.668234777389896  0.651076560742006  3.291874376624315  14.903382305983609 -154.890305029698993
        0.000000005954384  3.244456420588377  25.035027592962312  9.349047024563863  12.528241677501381  0.668234777389896  0.651076560742006  3.291874327571565  14.903382528061311 -154.890305029698993
        0.000037777118885  3.244456420588377  25.035027592962312  9.349047024563863  12.528241677501381  0.668234777389896  0.651076560742006  3.291874327571565  14.903382305983609 -154.890307337744389
        0.000646180240047  3.245770931376232  24.934908107959458  9.154139598619398  12.798459766633954  0.649879438906280  0.647715873860876  3.294664433350770  14.866587196985421 -154.890315553097764
        0.000000018901515  3.245770979741987  24.934908107959458  9.154139598619398  12.798459766633954  0.649879438906280  0.647715873860876  3.294664433350770  14.866587196985421 -154.890315553097764
        0.000000019509078  3.245770931376232  24.934908479518544  9.154139598619398  12.798459766633954  0.649879438906280  0.647715873860876  3.294664433350770  14.866587196985421 -154.890315553097764
        0.000000002058157  3.245770931376232  24.934908107959458  9.154139735026709  12.798459766633954  0.649879438906280  0.647715873860876  3.294664433350770  14.866587196985421 -154.890315553097764
        0.000000000585595  3.245770931376232  24.934908107959458  9.154139598619398  12.798459957345866  0.649879438906280  0.647715873860876  3.294664433350770  14.866587196985421 -154.890315553097764
        0.000000000798330  3.245770931376232  24.934908107959458  9.154139598619398  12.798459766633954  0.649879453807441  0.647715873860876  3.294664433350770  14.866587196985421 -154.890315553097764
        0.000000006012528  3.245770931376232  24.934908107959458  9.154139598619398  12.798459766633954  0.649879438906280  0.647715888762037  3.294664433350770  14.866587196985421 -154.890315553097764
        0.000000007727932  3.245770931376232  24.934908107959458  9.154139598619398  12.798459766633954  0.649879438906280  0.647715873860876  3.294664482445096  14.866587196985421 -154.890315553097764
        0.000000005977873  3.245770931376232  24.934908107959458  9.154139598619398  12.798459766633954  0.649879438906280  0.647715873860876  3.294664433350770  14.866587418514833 -154.890315553097764
        0.000037777121946  3.245770931376232  24.934908107959458  9.154139598619398  12.798459766633954  0.649879438906280  0.647715873860876  3.294664433350770  14.866587196985421 -154.890317861143330
        0.000468576166018  3.253146658251621  24.537314883700997  7.461194229110989  14.085295032621655  0.199460719084524  0.641503287058269  3.315643964411402  14.504325180093810 -154.890433842331703
        0.000000018822867  3.253146706727284  24.537314883700997  7.461194229110989  14.085295032621655  0.199460719084524  0.641503287058269  3.315643964411402  14.504325180093810 -154.890433842331703
        0.000000019399885  3.253146658251621  24.537315249335482  7.461194229110989  14.085295032621655  0.199460719084524  0.641503287058269  3.315643964411402  14.504325180093810 -154.890433842331703
        0.000000002093445  3.253146658251621  24.537314883700997  7.461194340291446  14.085295032621655  0.199460719084524  0.641503287058269  3.315643964411402  14.504325180093810 -154.890433842331703
        0.000000000756964  3.253146658251621  24.537314883700997  7.461194229110989  14.085295242508908  0.199460719084524  0.641503287058269  3.315643964411402  14.504325180093810 -154.890433842331703
        0.000000000904975  3.253146658251621  24.537314883700997  7.461194229110989  14.085295032621655  0.199460733985685  0.641503287058269  3.315643964411402  14.504325180093810 -154.890433842331703
        0.000000006113283  3.253146658251621  24.537314883700997  7.461194229110989  14.085295032621655  0.199460719084524  0.641503301959430  3.315643964411402  14.504325180093810 -154.890433842331703
        0.000000007662707  3.253146658251621  24.537314883700997  7.461194229110989  14.085295032621655  0.199460719084524  0.641503287058269  3.315644013818347  14.504325180093810 -154.890433842331703
        0.000000006060085  3.253146658251621  24.537314883700997  7.461194229110989  14.085295032621655  0.199460719084524  0.641503287058269  3.315643964411402  14.504325396225097 -154.890433842331703
        0.000037777230069  3.253146658251621  24.537314883700997  7.461194229110989  14.085295032621655  0.199460719084524  0.641503287058269  3.315643964411402  14.504325180093810 -154.890436150379031
        0.000146349999090  3.252923480855594  24.570858825468768  6.741075597385209  14.721981763750694  0.165282147873705  0.638275553230977  3.320915465587382  14.483317403756981 -154.890456164749935
        0.000000018819055  3.252923529327931  24.570858825468768  6.741075597385209  14.721981763750694  0.165282147873705  0.638275553230977  3.320915465587382  14.483317403756981 -154.890456164749935
        0.000000019386077  3.252923480855594  24.570859191603095  6.741075597385209  14.721981763750694  0.165282147873705  0.638275553230977  3.320915465587382  14.483317403756981 -154.890456164749935
        0.000000002103188  3.252923480855594  24.570858825468768  6.741075697835063  14.721981763750694  0.165282147873705  0.638275553230977  3.320915465587382  14.483317403756981 -154.890456164749935
        0.000000000829412  3.252923480855594  24.570858825468768  6.741075597385209  14.721981983125318  0.165282147873705  0.638275553230977  3.320915465587382  14.483317403756981 -154.890456164749935
        0.000000000947038  3.252923480855594  24.570858825468768  6.741075597385209  14.721981763750694  0.165282162774866  0.638275553230977  3.320915465587382  14.483317403756981 -154.890456164749935
        0.000000006129820  3.252923480855594  24.570858825468768  6.741075597385209  14.721981763750694  0.165282147873705  0.638275568132138  3.320915465587382  14.483317403756981 -154.890456164749935
        0.000000007667652  3.252923480855594  24.570858825468768  6.741075597385209  14.721981763750694  0.165282147873705  0.638275553230977  3.320915515072878  14.483317403756981 -154.890456164749935
        0.000000006054547  3.252923480855594  24.570858825468768  6.741075597385209  14.721981763750694  0.165282147873705  0.638275553230977  3.320915465587382  14.483317619575228 -154.890456164749935
        0.000037777248453  3.252923480855594  24.570858825468768  6.741075597385209  14.721981763750694  0.165282147873705  0.638275553230977  3.320915465587382  14.483317403756981 -154.890458472797576
        0.000239569303086  3.247161770940234  25.110685450519011  5.681219332258469  16.103889534354071  0.000319662264367  0.633294309981055  3.332886667525193  14.554403226181215 -154.890518510070109
        0.000000018817940  3.247161819326715  25.110685450519011  5.681219332258469  16.103889534354071  0.000319662264367  0.633294309981055  3.332886667525193  14.554403226181215 -154.890518510070109
        0.000000019375139  3.247161770940234  25.110685824697381  5.681219332258469  16.103889534354071  0.000319662264367  0.633294309981055  3.332886667525193  14.554403226181215 -154.890518510070109
        0.000000002122026  3.247161770940234  25.110685450519011  5.681219416915234  16.103889534354071  0.000319662264367  0.633294309981055  3.332886667525193  14.554403226181215 -154.890518510070109
        0.000000000949824  3.247161770940234  25.110685450519011  5.681219332258469  16.103889774320724  0.000319662264367  0.633294309981055  3.332886667525193  14.554403226181215 -154.890518510070109
        0.000000001021612  3.247161770940234  25.110685450519011  5.681219332258469  16.103889534354071  0.000319677165528  0.633294309981055  3.332886667525193  14.554403226181215 -154.890518510070109
        0.000000006170758  3.247161770940234  25.110685450519011  5.681219332258469  16.103889534354071  0.000319662264367  0.633294324882216  3.332886667525193  14.554403226181215 -154.890518510070109
        0.000000007716097  3.247161770940234  25.110685450519011  5.681219332258469  16.103889534354071  0.000319662264367  0.633294309981055  3.332886717189074  14.554403226181215 -154.890518510070109
        0.000000005990836  3.247161770940234  25.110685450519011  5.681219332258469  16.103889534354071  0.000319662264367  0.633294309981055  3.332886667525193  14.554403443058723 -154.890518510070109
        0.000037777304538  3.247161770940234  25.110685450519011  5.681219332258469  16.103889534354071  0.000319662264367  0.633294309981055  3.332886667525193  14.554403226181215 -154.890520818118688
        0.000101969731186  3.247153647614322  25.113287450304448  5.684849511680087  16.103297527309415  0.002751725117127  0.633338999537409  3.332917872389059  14.554297690731740 -154.890518746217140
        0.000000018813308  3.247153696000681  25.113287450304448  5.684849511680087  16.103297527309415  0.002751725117127  0.633338999537409  3.332917872389059  14.554297690731740 -154.890518746217140
        0.000000019369621  3.247153647614322  25.113287824521592  5.684849511680087  16.103297527309415  0.002751725117127  0.633338999537409  3.332917872389059  14.554297690731740 -154.890518746217140
        0.000000002122172  3.247153647614322  25.113287450304448  5.684849596390946  16.103297527309415  0.002751725117127  0.633338999537409  3.332917872389059  14.554297690731740 -154.890518746217140
        0.000000000949699  3.247153647614322  25.113287450304448  5.684849511680087  16.103297767267247  0.002751725117127  0.633338999537409  3.332917872389059  14.554297690731740 -154.890518746217140
        0.000000001021625  3.247153647614322  25.113287450304448  5.684849511680087  16.103297527309415  0.002751740018288  0.633338999537409  3.332917872389059  14.554297690731740 -154.890518746217140
        0.000000006171457  3.247153647614322  25.113287450304448  5.684849511680087  16.103297527309415  0.002751725117127  0.633339014438570  3.332917872389059  14.554297690731740 -154.890518746217140
        0.000000007717773  3.247153647614322  25.113287450304448  5.684849511680087  16.103297527309415  0.002751725117127  0.633338999537409  3.332917922053405  14.554297690731740 -154.890518746217140
        0.000000005989700  3.247153647614322  25.113287450304448  5.684849511680087  16.103297527309415  0.002751725117127  0.633338999537409  3.332917872389059  14.554297907607676 -154.890518746217140
        0.000037777304717  3.247153647614322  25.113287450304448  5.684849511680087  16.103297527309415  0.002751725117127  0.633338999537409  3.332917872389059  14.554297690731740 -154.890521054265719
        0.000106459702759  3.241269449628501  25.597968277810057  5.017862461551551  17.041983083971992  0.001685927281852  0.630010217227704  3.337288570999360  14.686082302621312 -154.890538693354131
        0.000000018824487  3.241269497927179  25.597968277810057  5.017862461551551  17.041983083971992  0.001685927281852  0.630010217227704  3.337288570999360  14.686082302621312 -154.890538693354131
        0.000000019377476  3.241269449628501  25.597968659249510  5.017862461551551  17.041983083971992  0.001685927281852  0.630010217227704  3.337288570999360  14.686082302621312 -154.890538693354131
        0.000000002129367  3.241269449628501  25.597968277810057  5.017862536323528  17.041983083971992  0.001685927281852  0.630010217227704  3.337288570999360  14.686082302621312 -154.890538693354131
        0.000000001019519  3.241269449628501  25.597968277810057  5.017862461551551  17.041983337917330  0.001685927281852  0.630010217227704  3.337288570999360  14.686082302621312 -154.890538693354131
        0.000000001063130  3.241269449628501  25.597968277810057  5.017862461551551  17.041983083971992  0.001685942183013  0.630010217227704  3.337288570999360  14.686082302621312 -154.890538693354131
        0.000000006176735  3.241269449628501  25.597968277810057  5.017862461551551  17.041983083971992  0.001685927281852  0.630010232128866  3.337288570999360  14.686082302621312 -154.890538693354131
        0.000000007767421  3.241269449628501  25.597968277810057  5.017862461551551  17.041983083971992  0.001685927281852  0.630010217227704  3.337288620728835  14.686082302621312 -154.890538693354131
        0.000000005921563  3.241269449628501  25.597968277810057  5.017862461551551  17.041983083971992  0.001685927281852  0.630010217227704  3.337288570999360  14.686082521460991 -154.890538693354131
        0.000037777323039  3.241269449628501  25.597968277810057  5.017862461551551  17.041983083971992  0.001685927281852  0.630010217227704  3.337288570999360  14.686082302621312 -154.890541001403022
        0.000128084184102  3.229142124874761  26.620508735253502  4.170194517770504  18.562401547198533  0.000605225815567  0.625587678695345  3.343504032840896  14.977918816419034 -154.890567259291799
        0.000000018859203  3.229142172992729  26.620508735253502  4.170194517770504  18.562401547198533  0.000605225815567  0.625587678695345  3.343504032840896  14.977918816419034 -154.890567259291799
        0.000000019413700  3.229142124874761  26.620509131929992  4.170194517770504  18.562401547198533  0.000605225815567  0.625587678695345  3.343504032840896  14.977918816419034 -154.890567259291799
        0.000000002136741  3.229142124874761  26.620508735253502  4.170194579911245  18.562401547198533  0.000605225815567  0.625587678695345  3.343504032840896  14.977918816419034 -154.890567259291799
        0.000000001107526  3.229142124874761  26.620508735253502  4.170194517770504  18.562401823799870  0.000605225815567  0.625587678695345  3.343504032840896  14.977918816419034 -154.890567259291799
        0.000000001116802  3.229142124874761  26.620508735253502  4.170194517770504  18.562401547198533  0.000605240716729  0.625587678695345  3.343504032840896  14.977918816419034 -154.890567259291799
        0.000000006175431  3.229142124874761  26.620508735253502  4.170194517770504  18.562401547198533  0.000605225815567  0.625587693596507  3.343504032840896  14.977918816419034 -154.890567259291799
        0.000000007862229  3.229142124874761  26.620508735253502  4.170194517770504  18.562401547198533  0.000605225815567  0.625587678695345  3.343504082662988  14.977918816419034 -154.890567259291799
        0.000000005786766  3.229142124874761  26.620508735253502  4.170194517770504  18.562401547198533  0.000605225815567  0.625587678695345  3.343504032840896  14.977919039607418 -154.890567259291799
        0.000037777349881  3.229142124874761  26.620508735253502  4.170194517770504  18.562401547198533  0.000605225815567  0.625587678695345  3.343504032840896  14.977918816419034 -154.890569567341117
        0.000131506137063  3.229128793501580  26.624780756836003  4.178814225302864  18.559665501570720  0.004209332547011  0.625660466132130  3.343546162122427  14.977834003403695 -154.890567590503053
        0.000000018852513  3.229128841619349  26.624780756836003  4.178814225302864  18.559665501570720  0.004209332547011  0.625660466132130  3.343546162122427  14.977834003403695 -154.890567590503053
        0.000000019405806  3.229128793501580  26.624781153576151  4.178814225302864  18.559665501570720  0.004209332547011  0.625660466132130  3.343546162122427  14.977834003403695 -154.890567590503053
        0.000000002136954  3.229128793501580  26.624780756836003  4.178814287572049  18.559665501570720  0.004209332547011  0.625660466132130  3.343546162122427  14.977834003403695 -154.890567590503053
        0.000000001107071  3.229128793501580  26.624780756836003  4.178814225302864  18.559665778131286  0.004209332547011  0.625660466132130  3.343546162122427  14.977834003403695 -154.890567590503053
        0.000000001116661  3.229128793501580  26.624780756836003  4.178814225302864  18.559665501570720  0.004209347448172  0.625660466132130  3.343546162122427  14.977834003403695 -154.890567590503053
        0.000000006176535  3.229128793501580  26.624780756836003  4.178814225302864  18.559665501570720  0.004209332547011  0.625660481033291  3.343546162122427  14.977834003403695 -154.890567590503053
        0.000000007864800  3.229128793501580  26.624780756836003  4.178814225302864  18.559665501570720  0.004209332547011  0.625660466132130  3.343546211945148  14.977834003403695 -154.890567590503053
        0.000000005785117  3.229128793501580  26.624780756836003  4.178814225302864  18.559665501570720  0.004209332547011  0.625660466132130  3.343546162122427  14.977834226590813 -154.890567590503053
        0.000037777350090  3.229128793501580  26.624780756836003  4.178814225302864  18.559665501570720  0.004209332547011  0.625660466132130  3.343546162122427  14.977834003403695 -154.890569898552371
        0.000080001259582  3.226795220918081  26.840053765921162  3.816235007619629  19.015318342906273  0.000960309505695  0.624300319950439  3.345533197121975  15.032320545813455 -154.890576667949574
        0.000000018855669  3.226795269001077  26.840053765921162  3.816235007619629  19.015318342906273  0.000960309505695  0.624300319950439  3.345533197121975  15.032320545813455 -154.890576667949574
        0.000000019406652  3.226795220918081  26.840054165869130  3.816235007619629  19.015318342906273  0.000960309505695  0.624300319950439  3.345533197121975  15.032320545813455 -154.890576667949574
        0.000000002141552  3.226795220918081  26.840053765921162  3.816235064485962  19.015318342906273  0.000960309505695  0.624300319950439  3.345533197121975  15.032320545813455 -154.890576667949574
        0.000000001140372  3.226795220918081  26.840053765921162  3.816235007619629  19.015318626256597  0.000960309505695  0.624300319950439  3.345533197121975  15.032320545813455 -154.890576667949574
        0.000000001136146  3.226795220918081  26.840053765921162  3.816235007619629  19.015318342906273  0.000960324406856  0.624300319950439  3.345533197121975  15.032320545813455 -154.890576667949574
        0.000000006180044  3.226795220918081  26.840053765921162  3.816235007619629  19.015318342906273  0.000960309505695  0.624300334851600  3.345533197121975  15.032320545813455 -154.890576667949574
        0.000000007885740  3.226795220918081  26.840053765921162  3.816235007619629  19.015318342906273  0.000960309505695  0.624300319950439  3.345533246974304  15.032320545813455 -154.890576667949574
        0.000000005758497  3.226795220918081  26.840053765921162  3.816235007619629  19.015318342906273  0.000960309505695  0.624300319950439  3.345533197121975  15.032320769812486 -154.890576667949574
        0.000037777357397  3.226795220918081  26.840053765921162  3.816235007619629  19.015318342906273  0.000960309505695  0.624300319950439  3.345533197121975  15.032320545813455 -154.890578975999034
        0.000056461334399  3.226704613931110  26.849804416427769  3.392252842877371  19.347545393151819  0.000715345871478  0.622819089955150  3.347520791229281  15.024188590113726 -154.890585514278627
        0.000000018853095  3.226704662012756  26.849804416427769  3.392252842877371  19.347545393151819  0.000715345871478  0.622819089955150  3.347520791229281  15.024188590113726 -154.890585514278627
        0.000000019399702  3.226704613931110  26.849804816521033  3.392252842877371  19.347545393151819  0.000715345871478  0.622819089955150  3.347520791229281  15.024188590113726 -154.890585514278627
        0.000000002145990  3.226704613931110  26.849804416427769  3.392252893425877  19.347545393151819  0.000715345871478  0.622819089955150  3.347520791229281  15.024188590113726 -154.890585514278627
        0.000000001175506  3.226704613931110  26.849804416427769  3.392252842877371  19.347545681452711  0.000715345871478  0.622819089955150  3.347520791229281  15.024188590113726 -154.890585514278627
        0.000000001155343  3.226704613931110  26.849804416427769  3.392252842877371  19.347545393151819  0.000715360772639  0.622819089955150  3.347520791229281  15.024188590113726 -154.890585514278627
        0.000000006180343  3.226704613931110  26.849804416427769  3.392252842877371  19.347545393151819  0.000715345871478  0.622819104856311  3.347520791229281  15.024188590113726 -154.890585514278627
        0.000000007882653  3.226704613931110  26.849804416427769  3.392252842877371  19.347545393151819  0.000715345871478  0.622819089955150  3.347520841111228  15.024188590113726 -154.890585514278627
        0.000000005755249  3.226704613931110  26.849804416427769  3.392252842877371  19.347545393151819  0.000715345871478  0.622819089955150  3.347520791229281  15.024188813991582 -154.890585514278627
        0.000037777364228  3.226704613931110  26.849804416427769  3.392252842877371  19.347545393151819  0.000715345871478  0.622819089955150  3.347520791229281  15.024188590113726 -154.890587822328200
        0.000145016715045  3.214739043106639  27.902402084114478  2.327498989688877  21.032441629452101  0.000104884799763  0.618252237358644  3.354920005399789  15.310579336033356 -154.890620540219288
        0.000138701330052  3.228731831824227  26.656727042709150  2.756595044906490  19.679978314093905  0.000061423683873  0.620515952614368  3.351198332066999  14.943616325672265 -154.890603076118794
        0.000000018837053  3.228731879936081  26.656727042709150  2.756595044906490  19.679978314093905  0.000061423683873  0.620515952614368  3.351198332066999  14.943616325672265 -154.890603076118794
        0.000000019374362  3.228731831824227  26.656727439925337  2.756595044906490  19.679978314093905  0.000061423683873  0.620515952614368  3.351198332066999  14.943616325672265 -154.890603076118794
        0.000000002151024  3.228731831824227  26.656727042709150  2.756595085982957  19.679978314093905  0.000061423683873  0.620515952614368  3.351198332066999  14.943616325672265 -154.890603076118794
        0.000000001225290  3.228731831824227  26.656727042709150  2.756595044906490  19.679978607348435  0.000061423683873  0.620515952614368  3.351198332066999  14.943616325672265 -154.890603076118794
        0.000000001181115  3.228731831824227  26.656727042709150  2.756595044906490  19.679978314093905  0.000061438585034  0.620515952614368  3.351198332066999  14.943616325672265 -154.890603076118794
        0.000000006173117  3.228731831824227  26.656727042709150  2.756595044906490  19.679978314093905  0.000061423683873  0.620515967515529  3.351198332066999  14.943616325672265 -154.890603076118794
        0.000000007848573  3.228731831824227  26.656727042709150  2.756595044906490  19.679978314093905  0.000061423683873  0.620515952614368  3.351198382003746  14.943616325672265 -154.890603076118794
        0.000000005770712  3.228731831824227  26.656727042709150  2.756595044906490  19.679978314093905  0.000061423683873  0.620515952614368  3.351198332066999  14.943616548349500 -154.890603076118794
        0.000037777380222  3.228731831824227  26.656727042709150  2.756595044906490  19.679978314093905  0.000061423683873  0.620515952614368  3.351198332066999  14.943616325672265 -154.890605384168651
        0.000048393469263  3.229168028374281  26.612366238282220  2.419000470234783  19.898534745486497  0.000041885729101  0.619325333851542  3.353154821275751  14.919574485960325 -154.890611828115823
        0.000000018831990  3.229168076492634  26.612366238282220  2.419000470234783  19.898534745486497  0.000041885729101  0.619325333851542  3.353154821275751  14.919574485960325 -154.890611828115823
        0.000000019365125  3.229168028374281  26.612366634837379  2.419000470234783  19.898534745486497  0.000041885729101  0.619325333851542  3.353154821275751  14.919574485960325 -154.890611828115823
        0.000000002153916  3.229168028374281  26.612366238282220  2.419000506280699  19.898534745486497  0.000041885729101  0.619325333851542  3.353154821275751  14.919574485960325 -154.890611828115823
        0.000000001252100  3.229168028374281  26.612366238282220  2.419000470234783  19.898535041997771  0.000041885729101  0.619325333851542  3.353154821275751  14.919574485960325 -154.890611828115823
        0.000000001195202  3.229168028374281  26.612366238282220  2.419000470234783  19.898534745486497  0.000041900630262  0.619325333851542  3.353154821275751  14.919574485960325 -154.890611828115823
        0.000000006169129  3.229168028374281  26.612366238282220  2.419000470234783  19.898534745486497  0.000041885729101  0.619325348752703  3.353154821275751  14.919574485960325 -154.890611828115823
        0.000000007836393  3.229168028374281  26.612366238282220  2.419000470234783  19.898534745486497  0.000041885729101  0.619325333851542  3.353154871241651  14.919574485960325 -154.890611828115823
        0.000000005772525  3.229168028374281  26.612366238282220  2.419000470234783  19.898534745486497  0.000041885729101  0.619325333851542  3.353154821275751  14.919574708279310 -154.890611828115823
        0.000037777387701  3.229168028374281  26.612366238282220  2.419000470234783  19.898534745486497  0.000041885729101  0.619325333851542  3.353154821275751  14.919574485960325 -154.890614136165794
        0.000058310739760  3.224082241248004  27.056015452109204  1.919300346963381  20.638624639308055  0.000015563198283  0.617372680789532  3.356412970607467  15.039908098113578 -154.890626991331061
        0.000000018843479  3.224082289290573  27.056015452109204  1.919300346963381  20.638624639308055  0.000015563198283  0.617372680789532  3.356412970607467  15.039908098113578 -154.890626991331061
        0.000000019376089  3.224082241248004  27.056015855275252  1.919300346963381  20.638624639308055  0.000015563198283  0.617372680789532  3.356412970607467  15.039908098113578 -154.890626991331061
        0.000000002157900  3.224082241248004  27.056015452109204  1.919300375563185  20.638624639308055  0.000015563198283  0.617372680789532  3.356412970607467  15.039908098113578 -154.890626991331061
        0.000000001294223  3.224082241248004  27.056015452109204  1.919300346963381  20.638624946847528  0.000015563198283  0.617372680789532  3.356412970607467  15.039908098113578 -154.890626991331061
        0.000000001219971  3.224082241248004  27.056015452109204  1.919300346963381  20.638624639308055  0.000015578099445  0.617372680789532  3.356412970607467  15.039908098113578 -154.890626991331061
        0.000000006163394  3.224082241248004  27.056015452109204  1.919300346963381  20.638624639308055  0.000015563198283  0.617372695690694  3.356412970607467  15.039908098113578 -154.890626991331061
        0.000000007869839  3.224082241248004  27.056015452109204  1.919300346963381  20.638624639308055  0.000015563198283  0.617372680789532  3.356413020621918  15.039908098113578 -154.890626991331061
        0.000000005715359  3.224082241248004  27.056015452109204  1.919300346963381  20.638624639308055  0.000015563198283  0.617372680789532  3.356412970607467  15.039908322225672 -154.890626991331061
        0.000037777401407  3.224082241248004  27.056015452109204  1.919300346963381  20.638624639308055  0.000015563198283  0.617372680789532  3.356412970607467  15.039908098113578 -154.890629299381260
        0.000056020849057  3.224081586667068  27.056642681995680  1.920905475804188  20.638069710270543  0.000906165441252  0.617384889276381  3.356424716956701  15.039813610582012 -154.890627073013292
        0.000000018842056  3.224081634709627  27.056642681995680  1.920905475804188  20.638069710270543  0.000906165441252  0.617384889276381  3.356424716956701  15.039813610582012 -154.890627073013292
        0.000000019374413  3.224081586667068  27.056643085171075  1.920905475804188  20.638069710270543  0.000906165441252  0.617384889276381  3.356424716956701  15.039813610582012 -154.890627073013292
        0.000000002157937  3.224081586667068  27.056642681995680  1.920905504427910  20.638069710270543  0.000906165441252  0.617384889276381  3.356424716956701  15.039813610582012 -154.890627073013292
        0.000000001294131  3.224081586667068  27.056642681995680  1.920905475804188  20.638070017801745  0.000906165441252  0.617384889276381  3.356424716956701  15.039813610582012 -154.890627073013292
        0.000000001219961  3.224081586667068  27.056642681995680  1.920905475804188  20.638069710270543  0.000906180342413  0.617384889276381  3.356424716956701  15.039813610582012 -154.890627073013292
        0.000000006163638  3.224081586667068  27.056642681995680  1.920905475804188  20.638069710270543  0.000906165441252  0.617384904177542  3.356424716956701  15.039813610582012 -154.890627073013292
        0.000000007870362  3.224081586667068  27.056642681995680  1.920905475804188  20.638069710270543  0.000906165441252  0.617384889276381  3.356424766971327  15.039813610582012 -154.890627073013292
        0.000000005715031  3.224081586667068  27.056642681995680  1.920905475804188  20.638069710270543  0.000906165441252  0.617384889276381  3.356424716956701  15.039813834692700 -154.890627073013292
        0.000037777401470  3.224081586667068  27.056642681995680  1.920905475804188  20.638069710270543  0.000906165441252  0.617384889276381  3.356424716956701  15.039813610582012 -154.890629381063491
        0.000043521013761  3.224386828775076  27.029468306927523  1.802777196439581  20.703047664825270  0.000174138376572  0.617022122145515  3.357041275312022  15.027697193797431 -154.890629879867532
        0.000000018839482  3.224386876822184  27.029468306927523  1.802777196439581  20.703047664825270  0.000174138376572  0.617022122145515  3.357041275312022  15.027697193797431 -154.890629879867532
        0.000000019370227  3.224386828775076  27.029468709697987  1.802777196439581  20.703047664825270  0.000174138376572  0.617022122145515  3.357041275312022  15.027697193797431 -154.890629879867532
        0.000000002159176  3.224386828775076  27.029468306927523  1.802777223303055  20.703047664825270  0.000174138376572  0.617022122145515  3.357041275312022  15.027697193797431 -154.890629879867532
        0.000000001303368  3.224386828775076  27.029468306927523  1.802777196439581  20.703047973324722  0.000174138376572  0.617022122145515  3.357041275312022  15.027697193797431 -154.890629879867532
        0.000000001224775  3.224386828775076  27.029468306927523  1.802777196439581  20.703047664825270  0.000174153277733  0.617022122145515  3.357041275312022  15.027697193797431 -154.890629879867532
        0.000000006162794  3.224386828775076  27.029468306927523  1.802777196439581  20.703047664825270  0.000174138376572  0.617022137046676  3.357041275312022  15.027697193797431 -154.890629879867532
        0.000000007865404  3.224386828775076  27.029468306927523  1.802777196439581  20.703047664825270  0.000174138376572  0.617022122145515  3.357041325335835  15.027697193797431 -154.890629879867532
        0.000000005717363  3.224386828775076  27.029468306927523  1.802777196439581  20.703047664825270  0.000174138376572  0.617022122145515  3.357041275312022  15.027697417727570 -154.890629879867532
        0.000037777404069  3.224386828775076  27.029468306927523  1.802777196439581  20.703047664825270  0.000174138376572  0.617022122145515  3.357041275312022  15.027697193797431 -154.890632187917788
        0.000033730829300  3.222941624814785  27.161322453707967  1.775284194373226  20.830020589628763  0.000110807313552  0.616922741339397  3.357164126219814  15.067663410218708 -154.890630380791038
        0.000000018844485  3.222941672840358  27.161322453707967  1.775284194373226  20.830020589628763  0.000110807313552  0.616922741339397  3.357164126219814  15.067663410218708 -154.890630380791038
        0.000000019376412  3.222941624814785  27.161322858443210  1.775284194373226  20.830020589628763  0.000110807313552  0.616922741339397  3.357164126219814  15.067663410218708 -154.890630380791038
        0.000000002159578  3.222941624814785  27.161322453707967  1.775284220827022  20.830020589628763  0.000110807313552  0.616922741339397  3.357164126219814  15.067663410218708 -154.890630380791038
        0.000000001306218  3.222941624814785  27.161322453707967  1.775284194373226  20.830020900020259  0.000110807313552  0.616922741339397  3.357164126219814  15.067663410218708 -154.890630380791038
        0.000000001227004  3.222941624814785  27.161322453707967  1.775284194373226  20.830020589628763  0.000110822214713  0.616922741339397  3.357164126219814  15.067663410218708 -154.890630380791038
        0.000000006163584  3.222941624814785  27.161322453707967  1.775284194373226  20.830020589628763  0.000110807313552  0.616922756240558  3.357164126219814  15.067663410218708 -154.890630380791038
        0.000000007879233  3.222941624814785  27.161322453707967  1.775284194373226  20.830020589628763  0.000110807313552  0.616922741339397  3.357164176245457  15.067663410218708 -154.890630380791038
        0.000000005702327  3.222941624814785  27.161322453707967  1.775284194373226  20.830020589628763  0.000110807313552  0.616922741339397  3.357164126219814  15.067663634744390 -154.890630380791038
        0.000037777404303  3.222941624814785  27.161322453707967  1.775284194373226  20.830020589628763  0.000110807313552  0.616922741339397  3.357164126219814  15.067663410218708 -154.890632688841293
        0.000043900941740  3.226291913220031  26.853269595584489  1.593917272794621  20.714118479250736  0.000014794651664  0.616369774948153  3.358119626624930  14.967607480004087 -154.890634819901351
        0.000000018830749  3.226291961295527  26.853269595584489  1.593917272794621  20.714118479250736  0.000014794651664  0.616369774948153  3.358119626624930  14.967607480004087 -154.890634819901351
        0.000000019357508  3.226291913220031  26.853269995729388  1.593917272794621  20.714118479250736  0.000014794651664  0.616369774948153  3.358119626624930  14.967607480004087 -154.890634819901351
        0.000000002160792  3.226291913220031  26.853269595584489  1.593917296545839  20.714118479250736  0.000014794651664  0.616369774948153  3.358119626624930  14.967607480004087 -154.890634819901351
        0.000000001318767  3.226291913220031  26.853269595584489  1.593917272794621  20.714118787915154  0.000014794651664  0.616369774948153  3.358119626624930  14.967607480004087 -154.890634819901351
        0.000000001232016  3.226291913220031  26.853269595584489  1.593917272794621  20.714118479250736  0.000014809552826  0.616369774948153  3.358119626624930  14.967607480004087 -154.890634819901351
        0.000000006159087  3.226291913220031  26.853269595584489  1.593917272794621  20.714118479250736  0.000014794651664  0.616369789849314  3.358119626624930  14.967607480004087 -154.890634819901351
        0.000000007841837  3.226291913220031  26.853269595584489  1.593917272794621  20.714118479250736  0.000014794651664  0.616369774948153  3.358119676664812  14.967607480004087 -154.890634819901351
        0.000000005735483  3.226291913220031  26.853269595584489  1.593917272794621  20.714118479250736  0.000014794651664  0.616369774948153  3.358119626624930  14.967607703038819 -154.890634819901351
        0.000037777408216  3.226291913220031  26.853269595584489  1.593917272794621  20.714118479250736  0.000014794651664  0.616369774948153  3.358119626624930  14.967607480004087 -154.890637127951663
        0.000036766429142  3.227392788297375  26.753817687749041  1.487998855400245  20.711682547701542  0.000008815407898  0.616025606543267  3.358698433651974  14.933648317332587 -154.890637543563258
        0.000000018825898  3.227392836389276  26.753817687749041  1.487998855400245  20.711682547701542  0.000008815407898  0.616025606543267  3.358698433651974  14.933648317332587 -154.890637543563258
        0.000000019350389  3.227392788297375  26.753818086411993  1.487998855400245  20.711682547701542  0.000008815407898  0.616025606543267  3.358698433651974  14.933648317332587 -154.890637543563258
        0.000000002161766  3.227392788297375  26.753817687749041  1.487998877573156  20.711682547701542  0.000008815407898  0.616025606543267  3.358698433651974  14.933648317332587 -154.890637543563258
        0.000000001326661  3.227392788297375  26.753817687749041  1.487998855400245  20.711682856329663  0.000008815407898  0.616025606543267  3.358698433651974  14.933648317332587 -154.890637543563258
        0.000000001235707  3.227392788297375  26.753817687749041  1.487998855400245  20.711682547701542  0.000008830309059  0.616025606543267  3.358698433651974  14.933648317332587 -154.890637543563258
        0.000000006157321  3.227392788297375  26.753817687749041  1.487998855400245  20.711682547701542  0.000008815407898  0.616025621444428  3.358698433651974  14.933648317332587 -154.890637543563258
        0.000000007828759  3.227392788297375  26.753817687749041  1.487998855400245  20.711682547701542  0.000008815407898  0.616025606543267  3.358698483700481  14.933648317332587 -154.890637543563258
        0.000000005746101  3.227392788297375  26.753817687749041  1.487998855400245  20.711682547701542  0.000008815407898  0.616025606543267  3.358698433651974  14.933648539861288 -154.890637543563258
        0.000037777410737  3.227392788297375  26.753817687749041  1.487998855400245  20.711682547701542  0.000008815407898  0.616025606543267  3.358698433651974  14.933648317332587 -154.890639851613628
        0.000047821624571  3.220891624424253  27.339906740893372  1.608601048446848  21.100056377860760  0.000001604587109  0.616328753615477  3.358159605500656  15.117570369943975 -154.890635088662492
        0.000021021877817  3.226220816644987  26.860297245545475  1.546111756500472  20.755336918748213  0.000002627176422  0.616204705625297  3.358384607699056  14.968210685239724 -154.890636102346804
        0.000004231004183  3.227204215902440  26.771244008310607  1.505306932454327  20.713008212529274  0.000005258687142  0.616081583284971  3.358599147349791  14.939553125938101 -154.890637088199895
        0.000001350590638  3.227353228775438  26.757622894736439  1.492416173816758  20.711469954440606  0.000007519723646  0.616039947954412  3.358671288366841  14.934959660741649 -154.890637420532840
        0.000000350306967  3.227384638226583  26.754739901402530  1.489105326406490  20.711576759312468  0.000008449983590  0.616029124742147  3.358690068392089  14.933968770951804 -154.890637507132851
        0.000000018825997  3.227384686318361  26.754739901402530  1.489105326406490  20.711576759312468  0.000008449983590  0.616029124742147  3.358690068392089  14.933968770951804 -154.890637507132851
        0.000000019350502  3.227384638226583  26.754740300079224  1.489105326406490  20.711576759312468  0.000008449983590  0.616029124742147  3.358690068392089  14.933968770951804 -154.890637507132851
        0.000000002161766  3.227384638226583  26.754739901402530  1.489105348595889  20.711576759312468  0.000008449983590  0.616029124742147  3.358690068392089  14.933968770951804 -154.890637507132851
        0.000000001326585  3.227384638226583  26.754739901402530  1.489105326406490  20.711577067939011  0.000008449983590  0.616029124742147  3.358690068392089  14.933968770951804 -154.890637507132851
        0.000000001235683  3.227384638226583  26.754739901402530  1.489105326406490  20.711576759312468  0.000008464884751  0.616029124742147  3.358690068392089  14.933968770951804 -154.890637507132851
        0.000000006157376  3.227384638226583  26.754739901402530  1.489105326406490  20.711576759312468  0.000008449983590  0.616029139643308  3.358690068392089  14.933968770951804 -154.890637507132851
        0.000000007828904  3.227384638226583  26.754739901402530  1.489105326406490  20.711576759312468  0.000008449983590  0.616029124742147  3.358690118440471  14.933968770951804 -154.890637507132851
        0.000000005746063  3.227384638226583  26.754739901402530  1.489105326406490  20.711576759312468  0.000008449983590  0.616029124742147  3.358690068392089  14.933968993485280 -154.890637507132851
        0.000037777410678  3.227384638226583  26.754739901402530  1.489105326406490  20.711576759312468  0.000008449983590  0.616029124742147  3.358690068392089  14.933968770951804 -154.890639815183221
2022-08-18 02:17:45.046016
