/projects/wagner/highthroughput/mick_graphene_paper/3_data/kc_fitting_dft
2022-08-18 11:37:25.861092
energy_inf: -154.87065645278034
     2535.672725874616845  3.416084000000000  20.021583000000000  10.905510700000001  4.275635400000000  0.010010836000000  0.844712200000000  2.936058400000000  14.313258800000000 -154.870656452780338
        0.000000018717218  3.416084050903618  20.021583000000000  10.905510700000001  4.275635400000000  0.010010836000000  0.844712200000000  2.936058400000000  14.313258800000000 -154.870656452780338
        0.000000019282189  3.416084000000000  20.021583298344837  10.905510700000001  4.275635400000000  0.010010836000000  0.844712200000000  2.936058400000000  14.313258800000000 -154.870656452780338
        0.000000002760085  3.416084000000000  20.021583000000000  10.905510862504773  4.275635400000000  0.010010836000000  0.844712200000000  2.936058400000000  14.313258800000000 -154.870656452780338
        0.000000000499340  3.416084000000000  20.021583000000000  10.905510700000001  4.275635463711932  0.010010836000000  0.844712200000000  2.936058400000000  14.313258800000000 -154.870656452780338
        0.000000000455390  3.416084000000000  20.021583000000000  10.905510700000001  4.275635400000000  0.010010850901161  0.844712200000000  2.936058400000000  14.313258800000000 -154.870656452780338
        0.000000007626080  3.416084000000000  20.021583000000000  10.905510700000001  4.275635400000000  0.010010836000000  0.844712214901161  2.936058400000000  14.313258800000000 -154.870656452780338
        0.000000008542471  3.416084000000000  20.021583000000000  10.905510700000001  4.275635400000000  0.010010836000000  0.844712200000000  2.936058443750679  14.313258800000000 -154.870656452780338
        0.000000009622645  3.416084000000000  20.021583000000000  10.905510700000001  4.275635400000000  0.010010836000000  0.844712200000000  2.936058400000000  14.313259013284176 -154.870656452780338
        0.000037770100898  3.416084000000000  20.021583000000000  10.905510700000001  4.275635400000000  0.010010836000000  0.844712200000000  2.936058400000000  14.313258800000000 -154.870658760532962
        0.307894873514014  3.386192665925520  1.308495231196272  0.496470922387875  7.332339602166216  28.596395441826367  0.218305760571186  2.935599197121111  14.288207398524923 -154.870585966182603
        0.213189382041252  3.366128810396763  17.255070156996151  9.177931408913196  5.651173809575171  8.243348005049221  0.700181880141997  2.896944350523511  14.272102933082508 -154.870576598932246
        0.000000016843692  3.366128860555991  17.255070156996151  9.177931408913196  5.651173809575171  8.243348005049221  0.700181880141997  2.896944350523511  14.272102933082508 -154.870576598932246
        0.000000015984911  3.366128810396763  17.255070414116734  9.177931408913196  5.651173809575171  8.243348005049221  0.700181880141997  2.896944350523511  14.272102933082508 -154.870576598932246
        0.000000001989816  3.366128810396763  17.255070156996151  9.177931545675031  5.651173809575171  8.243348005049221  0.700181880141997  2.896944350523511  14.272102933082508 -154.870576598932246
        0.000000000241584  3.366128810396763  17.255070156996151  9.177931408913196  5.651173893784224  8.243348005049221  0.700181880141997  2.896944350523511  14.272102933082508 -154.870576598932246
        0.000000001870640  3.366128810396763  17.255070156996151  9.177931408913196  5.651173809575171  8.243348127884678  0.700181880141997  2.896944350523511  14.272102933082508 -154.870576598932246
        0.000000004033530  3.366128810396763  17.255070156996151  9.177931408913196  5.651173809575171  8.243348005049221  0.700181895043158  2.896944350523511  14.272102933082508 -154.870576598932246
        0.000000009585104  3.366128810396763  17.255070156996151  9.177931408913196  5.651173809575171  8.243348005049221  0.700181880141997  2.896944393691346  14.272102933082508 -154.870576598932246
        0.000000006315280  3.366128810396763  17.255070156996151  9.177931408913196  5.651173809575171  8.243348005049221  0.700181880141997  2.896944350523511  14.272103145753414 -154.870576598932246
        0.000037770904587  3.366128810396763  17.255070156996151  9.177931408913196  5.651173809575171  8.243348005049221  0.700181880141997  2.896944350523511  14.272102933082508 -154.870578906683676
        0.029685677086398  3.354563941782226  23.792121308335020  16.111718963192597  0.840248495412965  0.467760513418898  0.982915098814217  2.898869880808286  14.268133911572004 -154.870358598025092
        0.022438403387945  3.358964961495396  19.443920925164761  9.738611927506129  6.133735422169535  5.884687253756703  0.764987150984106  2.917876637823510  14.268318657167235 -154.870333919694502
        0.000000017180681  3.358965011547874  19.443920925164761  9.738611927506129  6.133735422169535  5.884687253756703  0.764987150984106  2.917876637823510  14.268318657167235 -154.870333919694502
        0.000000016131615  3.358964961495396  19.443921214901760  9.738611927506129  6.133735422169535  5.884687253756703  0.764987150984106  2.917876637823510  14.268318657167235 -154.870333919694502
        0.000000002240119  3.358964961495396  19.443920925164761  9.738612072622756  6.133735422169535  5.884687253756703  0.764987150984106  2.917876637823510  14.268318657167235 -154.870333919694502
        0.000000000311680  3.358964961495396  19.443920925164761  9.738611927506129  6.133735513569316  5.884687253756703  0.764987150984106  2.917876637823510  14.268318657167235 -154.870333919694502
        0.000000000936979  3.358964961495396  19.443920925164761  9.738611927506129  6.133735422169535  5.884687341445376  0.764987150984106  2.917876637823510  14.268318657167235 -154.870333919694502
        0.000000005316025  3.358964961495396  19.443920925164761  9.738611927506129  6.133735422169535  5.884687253756703  0.764987165885267  2.917876637823510  14.268318657167235 -154.870333919694502
        0.000000009757318  3.358964961495396  19.443920925164761  9.738611927506129  6.133735422169535  5.884687253756703  0.764987150984106  2.917876681303260  14.268318657167235 -154.870333919694502
        0.000000006539221  3.358964961495396  19.443920925164761  9.738611927506129  6.133735422169535  5.884687253756703  0.764987150984106  2.917876637823510  14.268318869781751 -154.870333919694502
        0.000037770957156  3.358964961495396  19.443920925164761  9.738611927506129  6.133735422169535  5.884687253756703  0.764987150984106  2.917876637823510  14.268318657167235 -154.870336227442323
        0.003286219182704  3.363155508658176  19.376423466051012  9.883764130916749  6.140771621845756  5.876313478523428  0.761925471098379  2.904083210262617  14.427056678251573 -154.870075974358087
        0.000000017117488  3.363155558773099  19.376423466051012  9.883764130916749  6.140771621845756  5.876313478523428  0.761925471098379  2.904083210262617  14.427056678251573 -154.870075974358087
        0.000000016157666  3.363155508658176  19.376423754782220  9.883764130916749  6.140771621845756  5.876313478523428  0.761925471098379  2.904083210262617  14.427056678251573 -154.870075974358087
        0.000000002248024  3.363155508658176  19.376423466051012  9.883764278196312  6.140771621845756  5.876313478523428  0.761925471098379  2.904083210262617  14.427056678251573 -154.870075974358087
        0.000000000314043  3.363155508658176  19.376423466051012  9.883764130916749  6.140771713350384  5.876313478523428  0.761925471098379  2.904083210262617  14.427056678251573 -154.870075974358087
        0.000000000955808  3.363155508658176  19.376423466051012  9.883764130916749  6.140771621845756  5.876313566087322  0.761925471098379  2.904083210262617  14.427056678251573 -154.870075974358087
        0.000000005415702  3.363155508658176  19.376423466051012  9.883764130916749  6.140771621845756  5.876313478523428  0.761925485999540  2.904083210262617  14.427056678251573 -154.870075974358087
        0.000000009852292  3.363155508658176  19.376423466051012  9.883764130916749  6.140771621845756  5.876313478523428  0.761925471098379  2.904083253536829  14.427056678251573 -154.870075974358087
        0.000000006737255  3.363155508658176  19.376423466051012  9.883764130916749  6.140771621845756  5.876313478523428  0.761925471098379  2.904083210262617  14.427056893231470 -154.870075974358087
        0.000037770734751  3.363155508658176  19.376423466051012  9.883764130916749  6.140771621845756  5.876313478523428  0.761925471098379  2.904083210262617  14.427056678251573 -154.870078282102043
        0.001574221879164  3.375323137690145  20.890627495552856  11.163982781888368  6.296846725104310  3.240721278911408  0.815930842284381  2.866511925197707  14.411582441403317 -154.869816527995397
        0.001468041244961  3.374640934697710  19.466549647079663  9.899379461675775  6.537740842112058  5.158462616811658  0.771001571131290  2.878286281669389  14.433482501824850 -154.869814556723639
        0.000000017136846  3.374640984983779  19.466549647079663  9.899379461675775  6.537740842112058  5.158462616811658  0.771001571131290  2.878286281669389  14.433482501824850 -154.869814556723639
        0.000000016187909  3.374640934697710  19.466549937153857  9.899379461675775  6.537740842112058  5.158462616811658  0.771001571131290  2.878286281669389  14.433482501824850 -154.869814556723639
        0.000000002336603  3.374640934697710  19.466549647079663  9.899379609188024  6.537740842112058  5.158462616811658  0.771001571131290  2.878286281669389  14.433482501824850 -154.869814556723639
        0.000000000360361  3.374640934697710  19.466549647079663  9.899379461675775  6.537740939531988  5.158462616811658  0.771001571131290  2.878286281669389  14.433482501824850 -154.869814556723639
        0.000000000703351  3.374640934697710  19.466549647079663  9.899379461675775  6.537740842112058  5.158462693678741  0.771001571131290  2.878286281669389  14.433482501824850 -154.869814556723639
        0.000000005966944  3.374640934697710  19.466549647079663  9.899379461675775  6.537740842112058  5.158462616811658  0.771001586032451  2.878286281669389  14.433482501824850 -154.869814556723639
        0.000000010039385  3.374640934697710  19.466549647079663  9.899379461675775  6.537740842112058  5.158462616811658  0.771001571131290  2.878286324559197  14.433482501824850 -154.869814556723639
        0.000000007154898  3.374640934697710  19.466549647079663  9.899379461675775  6.537740842112058  5.158462616811658  0.771001571131290  2.878286281669389  14.433482716900500 -154.869814556723639
        0.000037770488048  3.374640934697710  19.466549647079663  9.899379461675775  6.537740842112058  5.158462616811658  0.771001571131290  2.878286281669389  14.433482501824850 -154.869816864463701
        0.000587549094229  3.376494257949029  20.307685185653924  10.683807686531690  6.530356278799520  3.973995588984982  0.794886916122251  2.868155013291791  14.414690104283689 -154.869792075688650
        0.000390647959489  3.376545438829777  19.641184935009026  10.076007266236974  6.579288062337114  4.831474097296482  0.776431114221117  2.873538648487073  14.415688241872202 -154.869791037219414
        0.000000017135510  3.376545489144225  19.641184935009026  10.076007266236974  6.579288062337114  4.831474097296482  0.776431114221117  2.873538648487073  14.415688241872202 -154.869791037219414
        0.000000016179427  3.376545438829777  19.641185227685490  10.076007266236974  6.579288062337114  4.831474097296482  0.776431114221117  2.873538648487073  14.415688241872202 -154.869791037219414
        0.000000002369091  3.376545438829777  19.641184935009026  10.076007416381183  6.579288062337114  4.831474097296482  0.776431114221117  2.873538648487073  14.415688241872202 -154.869791037219414
        0.000000000366067  3.376545438829777  19.641184935009026  10.076007266236974  6.579288160376146  4.831474097296482  0.776431114221117  2.873538648487073  14.415688241872202 -154.869791037219414
        0.000000000592069  3.376545438829777  19.641184935009026  10.076007266236974  6.579288062337114  4.831474169291057  0.776431114221117  2.873538648487073  14.415688241872202 -154.869791037219414
        0.000000006176197  3.376545438829777  19.641184935009026  10.076007266236974  6.579288062337114  4.831474097296482  0.776431129122278  2.873538648487073  14.415688241872202 -154.869791037219414
        0.000000010079177  3.376545438829777  19.641184935009026  10.076007266236974  6.579288062337114  4.831474097296482  0.776431114221117  2.873538691306136  14.415688241872202 -154.869791037219414
        0.000000007254213  3.376545438829777  19.641184935009026  10.076007266236974  6.579288062337114  4.831474097296482  0.776431114221117  2.873538648487073  14.415688456682696 -154.869791037219414
        0.000037770463418  3.376545438829777  19.641184935009026  10.076007266236974  6.579288062337114  4.831474097296482  0.776431114221117  2.873538648487073  14.415688241872202 -154.869793344959135
        0.000034982625162  3.375315436849883  19.810772432918348  10.207402343702421  6.589531079834706  4.722093456835665  0.779189525151437  2.872561754915746  14.448846470113139 -154.869789785907017
        0.000000017121879  3.375315487146003  19.810772432918348  10.207402343702421  6.589531079834706  4.722093456835665  0.779189525151437  2.872561754915746  14.448846470113139 -154.869789785907017
        0.000000016168112  3.375315436849883  19.810772728121862  10.207402343702421  6.589531079834706  4.722093456835665  0.779189525151437  2.872561754915746  14.448846470113139 -154.869789785907017
        0.000000002380740  3.375315436849883  19.810772432918348  10.207402495804569  6.589531079834706  4.722093456835665  0.779189525151437  2.872561754915746  14.448846470113139 -154.869789785907017
        0.000000000365076  3.375315436849883  19.810772432918348  10.207402343702421  6.589531178026371  4.722093456835665  0.779189525151437  2.872561754915746  14.448846470113139 -154.869789785907017
        0.000000000550650  3.375315436849883  19.810772432918348  10.207402343702421  6.589531079834706  4.722093527200341  0.779189525151437  2.872561754915746  14.448846470113139 -154.869789785907017
        0.000000006244909  3.375315436849883  19.810772432918348  10.207402343702421  6.589531079834706  4.722093456835665  0.779189540052598  2.872561754915746  14.448846470113139 -154.869789785907017
        0.000000010106574  3.375315436849883  19.810772432918348  10.207402343702421  6.589531079834706  4.722093456835665  0.779189525151437  2.872561797720252  14.448846470113139 -154.869789785907017
        0.000000007255636  3.375315436849883  19.810772432918348  10.207402343702421  6.589531079834706  4.722093456835665  0.779189525151437  2.872561754915746  14.448846685417729 -154.869789785907017
        0.000037770461969  3.375315436849883  19.810772432918348  10.207402343702421  6.589531079834706  4.722093456835665  0.779189525151437  2.872561754915746  14.448846470113139 -154.869792093646709
        0.000049747865422  3.373687809399825  20.059880808800624  10.396530211558993  6.611783192338991  4.543004070209819  0.783351528472932  2.871231516462981  14.490805626737542 -154.869789669159587
        0.000000017103593  3.373687859671691  20.059880808800624  10.396530211558993  6.611783192338991  4.543004070209819  0.783351528472932  2.871231516462981  14.490805626737542 -154.869789669159587
        0.000000016152026  3.373687809399825  20.059881107716141  10.396530211558993  6.611783192338991  4.543004070209819  0.783351528472932  2.871231516462981  14.490805626737542 -154.869789669159587
        0.000000002399245  3.373687809399825  20.059880808800624  10.396530366479366  6.611783192338991  4.543004070209819  0.783351528472932  2.871231516462981  14.490805626737542 -154.869789669159587
        0.000000000364701  3.373687809399825  20.059880808800624  10.396530211558993  6.611783290862238  4.543004070209819  0.783351528472932  2.871231516462981  14.490805626737542 -154.869789669159587
        0.000000000484516  3.373687809399825  20.059880808800624  10.396530211558993  6.611783192338991  4.543004137905855  0.783351528472932  2.871231516462981  14.490805626737542 -154.869789669159587
        0.000000006354189  3.373687809399825  20.059880808800624  10.396530211558993  6.611783192338991  4.543004070209819  0.783351543374093  2.871231516462981  14.490805626737542 -154.869789669159587
        0.000000010144640  3.373687809399825  20.059880808800624  10.396530211558993  6.611783192338991  4.543004070209819  0.783351528472932  2.871231559247665  14.490805626737542 -154.869789669159587
        0.000000007262259  3.373687809399825  20.059880808800624  10.396530211558993  6.611783192338991  4.543004070209819  0.783351528472932  2.871231516462981  14.490805842667372 -154.869789669159587
        0.000037770461908  3.373687809399825  20.059880808800624  10.396530211558993  6.611783192338991  4.543004070209819  0.783351528472932  2.871231516462981  14.490805626737542 -154.869791976899279
        0.000024523008387  3.372529869701667  20.194986531176664  10.491133387670716  6.632988254262189  4.471033931914961  0.785063863169358  2.870607522169648  14.521309711803678 -154.869789303920754
        0.000000017092287  3.372529919956278  20.194986531176664  10.491133387670716  6.632988254262189  4.471033931914961  0.785063863169358  2.870607522169648  14.521309711803678 -154.869789303920754
        0.000000016143686  3.372529869701667  20.194986832105414  10.491133387670716  6.632988254262189  4.471033931914961  0.785063863169358  2.870607522169648  14.521309711803678 -154.869789303920754
        0.000000002407321  3.372529869701667  20.194986531176664  10.491133544000785  6.632988254262189  4.471033931914961  0.785063863169358  2.870607522169648  14.521309711803678 -154.869789303920754
        0.000000000364818  3.372529869701667  20.194986531176664  10.491133387670716  6.632988353101417  4.471033931914961  0.785063863169358  2.870607522169648  14.521309711803678 -154.869789303920754
        0.000000000456192  3.372529869701667  20.194986531176664  10.491133387670716  6.632988254262189  4.471033998538558  0.785063863169358  2.870607522169648  14.521309711803678 -154.869789303920754
        0.000000006402120  3.372529869701667  20.194986531176664  10.491133387670716  6.632988254262189  4.471033931914961  0.785063878070519  2.870607522169648  14.521309711803678 -154.869789303920754
        0.000000010169136  3.372529869701667  20.194986531176664  10.491133387670716  6.632988254262189  4.471033931914961  0.785063863169358  2.870607564945033  14.521309711803678 -154.869789303920754
        0.000000007257562  3.372529869701667  20.194986531176664  10.491133387670716  6.632988254262189  4.471033931914961  0.785063863169358  2.870607522169648  14.521309928188055 -154.869789303920754
        0.000037770461517  3.372529869701667  20.194986531176664  10.491133387670716  6.632988254262189  4.471033931914961  0.785063863169358  2.870607522169648  14.521309711803678 -154.869791611660446
        0.000116268376898  3.368109121311856  20.737906541240925  10.879247454522488  6.708657971244416  4.158617547895896  0.792423853511440  2.868218400668030  14.635416807626788 -154.869789322716940
        0.000082432390682  3.372575657105287  20.283474790628528  10.568429911773903  6.635200758402018  4.353651092720247  0.787299669187694  2.869828105046750  14.520357803455175 -154.869789162252204
        0.000000017087334  3.372575707360581  20.283474790628528  10.568429911773903  6.635200758402018  4.353651092720247  0.787299669187694  2.869828105046750  14.520357803455175 -154.869789162252204
        0.000000016137677  3.372575657105287  20.283475092875854  10.568429911773903  6.635200758402018  4.353651092720247  0.787299669187694  2.869828105046750  14.520357803455175 -154.869789162252204
        0.000000002418161  3.372575657105287  20.283474790628528  10.568430069255781  6.635200758402018  4.353651092720247  0.787299669187694  2.869828105046750  14.520357803455175 -154.869789162252204
        0.000000000365285  3.372575657105287  20.283474790628528  10.568429911773903  6.635200857274214  4.353651092720247  0.787299669187694  2.869828105046750  14.520357803455175 -154.869789162252204
        0.000000000418205  3.372575657105287  20.283474790628528  10.568429911773903  6.635200758402018  4.353651157594704  0.787299669187694  2.869828105046750  14.520357803455175 -154.869789162252204
        0.000000006467081  3.372575657105287  20.283474790628528  10.568429911773903  6.635200758402018  4.353651092720247  0.787299684088856  2.869828105046750  14.520357803455175 -154.869789162252204
        0.000000010176719  3.372575657105287  20.283474790628528  10.568429911773903  6.635200758402018  4.353651092720247  0.787299669187694  2.869828147810522  14.520357803455175 -154.869789162252204
        0.000000007278801  3.372575657105287  20.283474790628528  10.568429911773903  6.635200758402018  4.353651092720247  0.787299669187694  2.869828105046750  14.520358019825368 -154.869789162252204
        0.000037770461359  3.372575657105287  20.283474790628528  10.568429911773903  6.635200758402018  4.353651092720247  0.787299669187694  2.869828105046750  14.520357803455175 -154.869791469991895
        0.000050255188398  3.372435435445379  20.470397593874736  10.727990593786721  6.641848836351289  4.124941238449914  0.791704288269052  2.868368290173186  14.523624196374072 -154.869789291599801
        0.000000017076979  3.372435485698583  20.470397593874736  10.727990593786721  6.641848836351289  4.124941238449914  0.791704288269052  2.868368290173186  14.523624196374072 -154.869789291599801
        0.000000016125673  3.372435435445379  20.470397898907432  10.727990593786721  6.641848836351289  4.124941238449914  0.791704288269052  2.868368290173186  14.523624196374072 -154.869789291599801
        0.000000002439477  3.372435435445379  20.470397593874736  10.727990753646239  6.641848836351289  4.124941238449914  0.791704288269052  2.868368290173186  14.523624196374072 -154.869789291599801
        0.000000000366215  3.372435435445379  20.470397593874736  10.727990593786721  6.641848935322550  4.124941238449914  0.791704288269052  2.868368290173186  14.523624196374072 -154.869789291599801
        0.000000000345946  3.372435435445379  20.470397593874736  10.727990593786721  6.641848836351289  4.124941299916328  0.791704288269052  2.868368290173186  14.523624196374072 -154.869789291599801
        0.000000006593808  3.372435435445379  20.470397593874736  10.727990593786721  6.641848836351289  4.124941238449914  0.791704303170214  2.868368290173186  14.523624196374072 -154.869789291599801
        0.000000010193962  3.372435435445379  20.470397593874736  10.727990593786721  6.641848836351289  4.124941238449914  0.791704288269052  2.868368332915204  14.523624196374072 -154.869789291599801
        0.000000007316169  3.372435435445379  20.470397593874736  10.727990593786721  6.641848836351289  4.124941238449914  0.791704288269052  2.868368290173186  14.523624412792937 -154.869789291599801
        0.000037770461583  3.372435435445379  20.470397593874736  10.727990593786721  6.641848836351289  4.124941238449914  0.791704288269052  2.868368290173186  14.523624196374072 -154.869791599339493
        0.000030731003080  3.371280221721818  20.625641734244589  10.842609295369929  6.656160784568022  4.026644591732571  0.793972436435904  2.867573379367814  14.554130399262865 -154.869788900032745
        0.000000017064740  3.371280271957808  20.625641734244589  10.842609295369929  6.656160784568022  4.026644591732571  0.793972436435904  2.867573379367814  14.554130399262865 -154.869788900032745
        0.000000016116483  3.371280221721818  20.625642041590602  10.842609295369929  6.656160784568022  4.026644591732571  0.793972436435904  2.867573379367814  14.554130399262865 -154.869788900032745
        0.000000002449828  3.371280221721818  20.625641734244589  10.842609456937398  6.656160784568022  4.026644591732571  0.793972436435904  2.867573379367814  14.554130399262865 -154.869788900032745
        0.000000000366202  3.371280221721818  20.625641734244589  10.842609295369929  6.656160883752547  4.026644591732571  0.793972436435904  2.867573379367814  14.554130399262865 -154.869788900032745
        0.000000000313483  3.371280221721818  20.625641734244589  10.842609295369929  6.656160784568022  4.026644651734251  0.793972436435904  2.867573379367814  14.554130399262865 -154.869788900032745
        0.000000006652848  3.371280221721818  20.625641734244589  10.842609295369929  6.656160784568022  4.026644591732571  0.793972451337065  2.867573379367814  14.554130399262865 -154.869788900032745
        0.000000010217843  3.371280221721818  20.625641734244589  10.842609295369929  6.656160784568022  4.026644591732571  0.793972436435904  2.867573422097987  14.554130399262865 -154.869788900032745
        0.000000007315618  3.371280221721818  20.625641734244589  10.842609295369929  6.656160784568022  4.026644591732571  0.793972436435904  2.867573379367814  14.554130616136309 -154.869788900032745
        0.000037770461226  3.371280221721818  20.625641734244589  10.842609295369929  6.656160784568022  4.026644591732571  0.793972436435904  2.867573379367814  14.554130399262865 -154.869791207772437
        0.000060802092031  3.368340720359803  20.972392231237773  11.086244305945550  6.707539911361745  3.838158365897419  0.798284325357625  2.866115772917002  14.630533421213986 -154.869788710263975
        0.000000017038788  3.368340770551991  20.972392231237773  11.086244305945550  6.707539911361745  3.838158365897419  0.798284325357625  2.866115772917002  14.630533421213986 -154.869788710263975
        0.000000016097716  3.368340720359803  20.972392543750772  11.086244305945550  6.707539911361745  3.838158365897419  0.798284325357625  2.866115772917002  14.630533421213986 -154.869788710263975
        0.000000002470268  3.368340720359803  20.972392231237773  11.086244471143464  6.707539911361745  3.838158365897419  0.798284325357625  2.866115772917002  14.630533421213986 -154.869788710263975
        0.000000000367053  3.368340720359803  20.972392231237773  11.086244305945550  6.707540011311878  3.838158365897419  0.798284325357625  2.866115772917002  14.630533421213986 -154.869788710263975
        0.000000000253398  3.368340720359803  20.972392231237773  11.086244305945550  6.707539911361745  3.838158423090435  0.798284325357625  2.866115772917002  14.630533421213986 -154.869788710263975
        0.000000006770619  3.368340720359803  20.972392231237773  11.086244305945550  6.707539911361745  3.838158365897419  0.798284340258786  2.866115772917002  14.630533421213986 -154.869788710263975
        0.000000010276866  3.368340720359803  20.972392231237773  11.086244305945550  6.707539911361745  3.838158365897419  0.798284325357625  2.866115815625455  14.630533421213986 -154.869788710263975
        0.000000007302315  3.368340720359803  20.972392231237773  11.086244305945550  6.707539911361745  3.838158365897419  0.798284325357625  2.866115772917002  14.630533639225924 -154.869788710263975
        0.000037770461203  3.368340720359803  20.972392231237773  11.086244305945550  6.707539911361745  3.838158365897419  0.798284325357625  2.866115772917002  14.630533421213986 -154.869791018003667
        0.000018201629023  3.367992249903719  21.036302525794287  11.133090967592796  6.717047786256541  3.788679741164834  0.799200998186761  2.865701106384766  14.640622061304235 -154.869788273085987
        0.000000017033820  3.367992300090715  21.036302525794287  11.133090967592796  6.717047786256541  3.788679741164834  0.799200998186761  2.865701106384766  14.640622061304235 -154.869788273085987
        0.000000016094359  3.367992249903719  21.036302839259623  11.133090967592796  6.717047786256541  3.788679741164834  0.799200998186761  2.865701106384766  14.640622061304235 -154.869788273085987
        0.000000002475334  3.367992249903719  21.036302525794287  11.133091133488779  6.717047786256541  3.788679741164834  0.799200998186761  2.865701106384766  14.640622061304235 -154.869788273085987
        0.000000000367485  3.367992249903719  21.036302525794287  11.133090967592796  6.717047886348353  3.788679741164834  0.799200998186761  2.865701106384766  14.640622061304235 -154.869788273085987
        0.000000000240206  3.367992249903719  21.036302525794287  11.133090967592796  6.717047786256541  3.788679797620562  0.799200998186761  2.865701106384766  14.640622061304235 -154.869788273085987
        0.000000006800475  3.367992249903719  21.036302525794287  11.133090967592796  6.717047786256541  3.788679741164834  0.799201013087923  2.865701106384766  14.640622061304235 -154.869788273085987
        0.000000010286718  3.367992249903719  21.036302525794287  11.133090967592796  6.717047786256541  3.788679741164834  0.799200998186761  2.865701149087041  14.640622061304235 -154.869788273085987
        0.000000007306067  3.367992249903719  21.036302525794287  11.133090967592796  6.717047786256541  3.788679741164834  0.799200998186761  2.865701106384766  14.640622279466504 -154.869788273085987
        0.000037770460618  3.367992249903719  21.036302525794287  11.133090967592796  6.717047786256541  3.788679741164834  0.799200998186761  2.865701106384766  14.640622061304235 -154.869790580825679
        0.000090730012295  3.367880189992375  21.385140191307492  11.426052772882999  6.741795165013087  3.348728008901578  0.807010914084869  2.862953938224594  14.642829472766131 -154.869788541060757
        0.000000017016712  3.367880240177701  21.385140191307492  11.426052772882999  6.741795165013087  3.348728008901578  0.807010914084869  2.862953938224594  14.642829472766131 -154.869788541060757
        0.000000016075129  3.367880189992375  21.385140509970913  11.426052772882999  6.741795165013087  3.348728008901578  0.807010914084869  2.862953938224594  14.642829472766131 -154.869788541060757
        0.000000002516253  3.367880189992375  21.385140191307492  11.426052943144454  6.741795165013087  3.348728008901578  0.807010914084869  2.862953938224594  14.642829472766131 -154.869788541060757
        0.000000000371494  3.367880189992375  21.385140191307492  11.426052772882999  6.741795265473663  3.348728008901578  0.807010914084869  2.862953938224594  14.642829472766131 -154.869788541060757
        0.000000000174917  3.367880189992375  21.385140191307492  11.426052772882999  6.741795165013087  3.348728058801513  0.807010914084869  2.862953938224594  14.642829472766131 -154.869788541060757
        0.000000007040174  3.367880189992375  21.385140191307492  11.426052772882999  6.741795165013087  3.348728008901578  0.807010928986031  2.862953938224594  14.642829472766131 -154.869788541060757
        0.000000010316943  3.367880189992375  21.385140191307492  11.426052772882999  6.741795165013087  3.348728008901578  0.807010914084869  2.862953980885932  14.642829472766131 -154.869788541060757
        0.000000007378983  3.367880189992375  21.385140191307492  11.426052772882999  6.741795165013087  3.348728008901578  0.807010914084869  2.862953938224594  14.642829690961292 -154.869788541060757
        0.000037770461040  3.367880189992375  21.385140191307492  11.426052772882999  6.741795165013087  3.348728008901578  0.807010914084869  2.862953938224594  14.642829472766131 -154.869790848800449
        0.000032450018762  3.367654521445095  21.420655348138418  11.451853002591747  6.745866338579820  3.324768169934810  0.807432127739594  2.862634382368402  14.650210589533248 -154.869787678114221
        0.000000017011948  3.367654571627059  21.420655348138418  11.451853002591747  6.745866338579820  3.324768169934810  0.807432127739594  2.862634382368402  14.650210589533248 -154.869787678114221
        0.000000016072747  3.367654521445095  21.420655667331054  11.451853002591747  6.745866338579820  3.324768169934810  0.807432127739594  2.862634382368402  14.650210589533248 -154.869787678114221
        0.000000002518732  3.367654521445095  21.420655348138418  11.451853173237655  6.745866338579820  3.324768169934810  0.807432127739594  2.862634382368402  14.650210589533248 -154.869787678114221
        0.000000000371696  3.367654521445095  21.420655348138418  11.451853002591747  6.745866439101062  3.324768169934810  0.807432127739594  2.862634382368402  14.650210589533248 -154.869787678114221
        0.000000000174572  3.367654521445095  21.420655348138418  11.451853002591747  6.745866338579820  3.324768219477717  0.807432127739594  2.862634382368402  14.650210589533248 -154.869787678114221
        0.000000007054799  3.367654521445095  21.420655348138418  11.451853002591747  6.745866338579820  3.324768169934810  0.807432142640755  2.862634382368402  14.650210589533248 -154.869787678114221
        0.000000010322588  3.367654521445095  21.420655348138418  11.451853002591747  6.745866338579820  3.324768169934810  0.807432127739594  2.862634425024979  14.650210589533248 -154.869787678114221
        0.000000007380511  3.367654521445095  21.420655348138418  11.451853002591747  6.745866338579820  3.324768169934810  0.807432127739594  2.862634382368402  14.650210807838398 -154.869787678114221
        0.000037770459674  3.367654521445095  21.420655348138418  11.451853002591747  6.745866338579820  3.324768169934810  0.807432127739594  2.862634382368402  14.650210589533248 -154.869789985853885
        0.000085248572979  3.367481913167514  21.756260040237031  11.731367370758575  6.771333503600393  2.906976380851390  0.814650186126132  2.860042259968014  14.654010267230522 -154.869787877627374
        0.000000016995561  3.367481963346905  21.756260040237031  11.731367370758575  6.771333503600393  2.906976380851390  0.814650186126132  2.860042259968014  14.654010267230522 -154.869787877627374
        0.000000016055706  3.367481913167514  21.756260364430570  11.731367370758575  6.771333503600393  2.906976380851390  0.814650186126132  2.860042259968014  14.654010267230522 -154.869787877627374
        0.000000002557812  3.367481913167514  21.756260040237031  11.731367545569571  6.771333503600393  2.906976380851390  0.814650186126132  2.860042259968014  14.654010267230522 -154.869787877627374
        0.000000000376319  3.367481913167514  21.756260040237031  11.731367370758575  6.771333604501125  2.906976380851390  0.814650186126132  2.860042259968014  14.654010267230522 -154.869787877627374
        0.000000000227264  3.367481913167514  21.756260040237031  11.731367370758575  6.771333503600393  2.906976424168714  0.814650186126132  2.860042259968014  14.654010267230522 -154.869787877627374
        0.000000007281070  3.367481913167514  21.756260040237031  11.731367370758575  6.771333503600393  2.906976380851390  0.814650201027293  2.860042259968014  14.654010267230522 -154.869787877627374
        0.000000010350770  3.367481913167514  21.756260040237031  11.731367370758575  6.771333503600393  2.906976380851390  0.814650186126132  2.860042302585965  14.654010267230522 -154.869787877627374
        0.000000007448556  3.367481913167514  21.756260040237031  11.731367370758575  6.771333503600393  2.906976380851390  0.814650186126132  2.860042259968014  14.654010485592291 -154.869787877627374
        0.000037770460097  3.367481913167514  21.756260040237031  11.731367370758575  6.771333503600393  2.906976380851390  0.814650186126132  2.860042259968014  14.654010267230522 -154.869790185367037
        0.000027615563068  3.367097156839620  21.801365959383208  11.760950735229455  6.782474018888673  2.884737892418280  0.814989359719337  2.859737958566136  14.665418158685943 -154.869787117233699
        0.000000016990246  3.367097207013278  21.801365959383208  11.760950735229455  6.782474018888673  2.884737892418280  0.814989359719337  2.859737958566136  14.665418158685943 -154.869787117233699
        0.000000016053259  3.367097156839620  21.801366284248875  11.760950735229455  6.782474018888673  2.884737892418280  0.814989359719337  2.859737958566136  14.665418158685943 -154.869787117233699
        0.000000002560270  3.367097156839620  21.801365959383208  11.760950910481277  6.782474018888673  2.884737892418280  0.814989359719337  2.859737958566136  14.665418158685943 -154.869787117233699
        0.000000000376713  3.367097156839620  21.801365959383208  11.760950735229455  6.782474119955412  2.884737892418280  0.814989359719337  2.859737958566136  14.665418158685943 -154.869787117233699
        0.000000000233251  3.367097156839620  21.801365959383208  11.760950735229455  6.782474018888673  2.884737935404224  0.814989359719337  2.859737958566136  14.665418158685943 -154.869787117233699
        0.000000007296216  3.367097156839620  21.801365959383208  11.760950735229455  6.782474018888673  2.884737892418280  0.814989374620498  2.859737958566136  14.665418158685943 -154.869787117233699
        0.000000010359784  3.367097156839620  21.801365959383208  11.760950735229455  6.782474018888673  2.884737892418280  0.814989359719337  2.859738001179553  14.665418158685943 -154.869787117233699
        0.000000007447137  3.367097156839620  21.801365959383208  11.760950735229455  6.782474018888673  2.884737892418280  0.814989359719337  2.859737958566136  14.665418377217703 -154.869787117233699
        0.000037770459271  3.367097156839620  21.801365959383208  11.760950735229455  6.782474018888673  2.884737892418280  0.814989359719337  2.859737958566136  14.665418158685943 -154.869789424973362
        0.000073276306511  3.367383918648656  22.092076289597017  12.007760487453927  6.807783649882290  2.484647244593087  0.821491170661551  2.857265490948287  14.657403350174748 -154.869787251402670
        0.000000016976950  3.367383968826586  22.092076289597017  12.007760487453927  6.807783649882290  2.484647244593087  0.821491170661551  2.857265490948287  14.657403350174748 -154.869787251402670
        0.000000016039123  3.367383918648656  22.092076618794607  12.007760487453927  6.807783649882290  2.484647244593087  0.821491170661551  2.857265490948287  14.657403350174748 -154.869787251402670
        0.000000002597541  3.367383918648656  22.092076289597017  12.007760666383502  6.807783649882290  2.484647244593087  0.821491170661551  2.857265490948287  14.657403350174748 -154.869787251402670
        0.000000000382083  3.367383918648656  22.092076289597017  12.007760487453927  6.807783751326172  2.484647244593087  0.821491170661551  2.857265490948287  14.657403350174748 -154.869787251402670
        0.000000000342692  3.367383918648656  22.092076289597017  12.007760487453927  6.807783649882290  2.484647281617216  0.821491170661551  2.857265490948287  14.657403350174748 -154.869787251402670
        0.000000007512249  3.367383918648656  22.092076289597017  12.007760487453927  6.807783649882290  2.484647244593087  0.821491185562712  2.857265490948287  14.657403350174748 -154.869787251402670
        0.000000010380433  3.367383918648656  22.092076289597017  12.007760487453927  6.807783649882290  2.484647244593087  0.821491170661551  2.857265533524861  14.657403350174748 -154.869787251402670
        0.000000007519553  3.367383918648656  22.092076289597017  12.007760487453927  6.807783649882290  2.484647244593087  0.821491170661551  2.857265490948287  14.657403568587078 -154.869787251402670
        0.000037770459595  3.367383918648656  22.092076289597017  12.007760487453927  6.807783649882290  2.484647244593087  0.821491170661551  2.857265490948287  14.657403350174748 -154.869789559142333
        0.000021456214648  3.367156509241451  22.127578393493703  12.033116278562401  6.813638168285787  2.460166574843378  0.821880139696920  2.857005702340209  14.664288503181002 -154.869786683760339
        0.000000016973133  3.367156559415993  22.127578393493703  12.033116278562401  6.813638168285787  2.460166574843378  0.821880139696920  2.857005702340209  14.664288503181002 -154.869786683760339
        0.000000016037356  3.367156509241451  22.127578723220317  12.033116278562401  6.813638168285787  2.460166574843378  0.821880139696920  2.857005702340209  14.664288503181002 -154.869786683760339
        0.000000002600032  3.367156509241451  22.127578393493703  12.033116457869806  6.813638168285787  2.460166574843378  0.821880139696920  2.857005702340209  14.664288503181002 -154.869786683760339
        0.000000000382436  3.367156509241451  22.127578393493703  12.033116278562401  6.813638269816908  2.460166574843378  0.821880139696920  2.857005702340209  14.664288503181002 -154.869786683760339
        0.000000000350468  3.367156509241451  22.127578393493703  12.033116278562401  6.813638168285787  2.460166611502717  0.821880139696920  2.857005702340209  14.664288503181002 -154.869786683760339
        0.000000007526885  3.367156509241451  22.127578393493703  12.033116278562401  6.813638168285787  2.460166574843378  0.821880154598082  2.857005702340209  14.664288503181002 -154.869786683760339
        0.000000010386104  3.367156509241451  22.127578393493703  12.033116278562401  6.813638168285787  2.460166574843378  0.821880139696920  2.857005744912911  14.664288503181002 -154.869786683760339
        0.000000007520704  3.367156509241451  22.127578393493703  12.033116278562401  6.813638168285787  2.460166574843378  0.821880139696920  2.857005702340209  14.664288721695929 -154.869786683760339
        0.000037770459050  3.367156509241451  22.127578393493703  12.033116278562401  6.813638168285787  2.460166574843378  0.821880139696920  2.857005702340209  14.664288503181002 -154.869788991500002
        0.000065206915801  3.367682281327561  22.383331714444616  12.253951890930528  6.835444467385143  2.084257573759857  0.827775481578753  2.854681127321786  14.650243401700001 -154.869786663666616
        0.000000016961996  3.367682331509937  22.383331714444616  12.253951890930528  6.835444467385143  2.084257573759857  0.827775481578753  2.854681127321786  14.650243401700001 -154.869786663666616
        0.000000016025590  3.367682281327561  22.383332047982250  12.253951890930528  6.835444467385143  2.084257573759857  0.827775481578753  2.854681127321786  14.650243401700001 -154.869786663666616
        0.000000002635153  3.367682281327561  22.383331714444616  12.253952073528641  6.835444467385143  2.084257573759857  0.827775481578753  2.854681127321786  14.650243401700001 -154.869786663666616
        0.000000000388137  3.367682281327561  22.383331714444616  12.253951890930528  6.835444569241202  2.084257573759857  0.827775481578753  2.854681127321786  14.650243401700001 -154.869786663666616
        0.000000000469097  3.367682281327561  22.383331714444616  12.253951890930528  6.835444467385143  2.084257604817715  0.827775481578753  2.854681127321786  14.650243401700001 -154.869786663666616
        0.000000007729281  3.367682281327561  22.383331714444616  12.253951890930528  6.835444467385143  2.084257573759857  0.827775496479914  2.854681127321786  14.650243401700001 -154.869786663666616
        0.000000010401139  3.367682281327561  22.383331714444616  12.253951890930528  6.835444467385143  2.084257573759857  0.827775481578753  2.854681169859850  14.650243401700001 -154.869786663666616
        0.000000007593089  3.367682281327561  22.383331714444616  12.253951890930528  6.835444467385143  2.084257573759857  0.827775481578753  2.854681127321786  14.650243620005639 -154.869786663666616
        0.000037770459207  3.367682281327561  22.383331714444616  12.253951890930528  6.835444467385143  2.084257573759857  0.827775481578753  2.854681127321786  14.650243401700001 -154.869788971406280
        0.000020840172167  3.367343637139599  22.432928244702968  12.288031582158139  6.848862250938790  2.051425674916801  0.828218488017328  2.854377158344636  14.659852226476042 -154.869786222776099
        0.000000016957539  3.367343687316930  22.432928244702968  12.288031582158139  6.848862250938790  2.051425674916801  0.828218488017328  2.854377158344636  14.659852226476042 -154.869786222776099
        0.000000016023496  3.367343637139599  22.432928578979649  12.288031582158139  6.848862250938790  2.051425674916801  0.828218488017328  2.854377158344636  14.659852226476042 -154.869786222776099
        0.000000002638452  3.367343637139599  22.432928244702968  12.288031765264078  6.848862250938790  2.051425674916801  0.828218488017328  2.854377158344636  14.659852226476042 -154.869786222776099
        0.000000000388763  3.367343637139599  22.432928244702968  12.288031582158139  6.848862352994790  2.051425674916801  0.828218488017328  2.854377158344636  14.659852226476042 -154.869786222776099
        0.000000000480980  3.367343637139599  22.432928244702968  12.288031582158139  6.848862250938790  2.051425705485425  0.828218488017328  2.854377158344636  14.659852226476042 -154.869786222776099
        0.000000007749809  3.367343637139599  22.432928244702968  12.288031582158139  6.848862250938790  2.051425674916801  0.828218502918489  2.854377158344636  14.659852226476042 -154.869786222776099
        0.000000010410169  3.367343637139599  22.432928244702968  12.288031582158139  6.848862250938790  2.051425674916801  0.828218488017328  2.854377200878170  14.659852226476042 -154.869786222776099
        0.000000007593732  3.367343637139599  22.432928244702968  12.288031582158139  6.848862250938790  2.051425674916801  0.828218488017328  2.854377158344636  14.659852444924864 -154.869786222776099
        0.000037770458292  3.367343637139599  22.432928244702968  12.288031582158139  6.848862250938790  2.051425674916801  0.828218488017328  2.854377158344636  14.659852226476042 -154.869788530515734
        0.000173035654064  3.365837253439162  23.056669440524203  12.774962444322130  6.943162166405970  1.380376763009870  0.838623038006797  2.850194611723349  14.697959803084991 -154.869786597045589
        0.000133588975608  3.367554167741237  22.552972633785171  12.391066453611375  6.858397943749819  1.878186812242755  0.830906077556803  2.853301254378714  14.654256405362242 -154.869786168580276
        0.000000016952014  3.367554217921704  22.552972633785171  12.391066453611375  6.858397943749819  1.878186812242755  0.830906077556803  2.853301254378714  14.654256405362242 -154.869786168580276
        0.000000016018297  3.367554167741237  22.552972969850650  12.391066453611375  6.858397943749819  1.878186812242755  0.830906077556803  2.853301254378714  14.654256405362242 -154.869786168580276
        0.000000002654734  3.367554167741237  22.552972633785171  12.391066638252653  6.858397943749819  1.878186812242755  0.830906077556803  2.853301254378714  14.654256405362242 -154.869786168580276
        0.000000000391592  3.367554167741237  22.552972633785171  12.391066453611375  6.858398045947912  1.878186812242755  0.830906077556803  2.853301254378714  14.654256405362242 -154.869786168580276
        0.000000000537812  3.367554167741237  22.552972633785171  12.391066453611375  6.858397943749819  1.878186840229919  0.830906077556803  2.853301254378714  14.654256405362242 -154.869786168580276
        0.000000007842796  3.367554167741237  22.552972633785171  12.391066453611375  6.858397943749819  1.878186812242755  0.830906092457965  2.853301254378714  14.654256405362242 -154.869786168580276
        0.000000010417047  3.367554167741237  22.552972633785171  12.391066453611375  6.858397943749819  1.878186812242755  0.830906077556803  2.853301296896216  14.654256405362242 -154.869786168580276
        0.000000007626644  3.367554167741237  22.552972633785171  12.391066453611375  6.858397943749819  1.878186812242755  0.830906077556803  2.853301254378714  14.654256623727679 -154.869786168580276
        0.000037770458361  3.367554167741237  22.552972633785171  12.391066453611375  6.858397943749819  1.878186812242755  0.830906077556803  2.853301254378714  14.654256405362242 -154.869788476319911
        0.000040884945058  3.365473846328446  22.784655792549934  12.545534225723451  6.908937329452500  1.763762429964594  0.832851845758036  2.852479042637990  14.708834711939160 -154.869785975997132
        0.000000016935684  3.365473896477914  22.784655792549934  12.545534225723451  6.908937329452500  1.763762429964594  0.832851845758036  2.852479042637990  14.708834711939160 -154.869785975997132
        0.000000016010186  3.365473846328446  22.784656132067763  12.545534225723451  6.908937329452500  1.763762429964594  0.832851845758036  2.852479042637990  14.708834711939160 -154.869785975997132
        0.000000002666535  3.365473846328446  22.784655792549934  12.545534412666479  6.908937329452500  1.763762429964594  0.832851845758036  2.852479042637990  14.708834711939160 -154.869785975997132
        0.000000000393702  3.365473846328446  22.784655792549934  12.545534225723451  6.908937432403689  1.763762429964594  0.832851845758036  2.852479042637990  14.708834711939160 -154.869785975997132
        0.000000000579467  3.365473846328446  22.784655792549934  12.545534225723451  6.908937329452500  1.763762456246702  0.832851845758036  2.852479042637990  14.708834711939160 -154.869785975997132
        0.000000007910185  3.365473846328446  22.784655792549934  12.545534225723451  6.908937329452500  1.763762429964594  0.832851860659197  2.852479042637990  14.708834711939160 -154.869785975997132
        0.000000010457884  3.365473846328446  22.784655792549934  12.545534225723451  6.908937329452500  1.763762429964594  0.832851845758036  2.852479085143240  14.708834711939160 -154.869785975997132
        0.000000007611885  3.365473846328446  22.784655792549934  12.545534225723451  6.908937329452500  1.763762429964594  0.832851845758036  2.852479042637990  14.708834931117877 -154.869785975997132
        0.000037770458264  3.365473846328446  22.784655792549934  12.545534225723451  6.908937329452500  1.763762429964594  0.832851845758036  2.852479042637990  14.708834711939160 -154.869788283736767
        0.000032409507928  3.364738489989769  22.900579471797869  12.626259925182705  6.939592059605684  1.680607440868494  0.834002328911084  2.851929789112753  14.728300215616953 -154.869785877567040
        0.000000016928475  3.364738540128279  22.900579471797869  12.626259925182705  6.939592059605684  1.680607440868494  0.834002328911084  2.851929789112753  14.728300215616953 -154.869785877567040
        0.000000016006423  3.364738489989769  22.900579813043095  12.626259925182705  6.939592059605684  1.680607440868494  0.834002328911084  2.851929789112753  14.728300215616953 -154.869785877567040
        0.000000002674691  3.364738489989769  22.900579471797869  12.626260113328639  6.939592059605684  1.680607440868494  0.834002328911084  2.851929789112753  14.728300215616953 -154.869785877567040
        0.000000000395294  3.364738489989769  22.900579471797869  12.626259925182705  6.939592163013664  1.680607440868494  0.834002328911084  2.851929789112753  14.728300215616953 -154.869785877567040
        0.000000000609647  3.364738489989769  22.900579471797869  12.626259925182705  6.939592059605684  1.680607465911496  0.834002328911084  2.851929789112753  14.728300215616953 -154.869785877567040
        0.000000007959441  3.364738489989769  22.900579471797869  12.626259925182705  6.939592059605684  1.680607440868494  0.834002343812246  2.851929789112753  14.728300215616953 -154.869785877567040
        0.000000010477227  3.364738489989769  22.900579471797869  12.626259925182705  6.939592059605684  1.680607440868494  0.834002328911084  2.851929831609818  14.728300215616953 -154.869785877567040
        0.000000007614063  3.364738489989769  22.900579471797869  12.626259925182705  6.939592059605684  1.680607440868494  0.834002328911084  2.851929789112753  14.728300435085728 -154.869785877567040
        0.000037770458144  3.364738489989769  22.900579471797869  12.626259925182705  6.939592059605684  1.680607440868494  0.834002328911084  2.851929789112753  14.728300215616953 -154.869788185306675
        0.000055320858431  3.362728412888982  23.204677684679059  12.840815201562119  7.000862188207849  1.467514698914648  0.837312157438478  2.850557160526488  14.780902535154812 -154.869785873334990
        0.000000016909733  3.362728462997540  23.204677684679059  12.840815201562119  7.000862188207849  1.467514698914648  0.837312157438478  2.850557160526488  14.780902535154812 -154.869785873334990
        0.000000015996475  3.362728412888982  23.204678030455700  12.840815201562119  7.000862188207849  1.467514698914648  0.837312157438478  2.850557160526488  14.780902535154812 -154.869785873334990
        0.000000002695513  3.362728412888982  23.204677684679059  12.840815392905176  7.000862188207849  1.467514698914648  0.837312157438478  2.850557160526488  14.780902535154812 -154.869785873334990
        0.000000000399279  3.362728412888982  23.204677684679059  12.840815201562119  7.000862292528825  1.467514698914648  0.837312157438478  2.850557160526488  14.780902535154812 -154.869785873334990
        0.000000000684467  3.362728412888982  23.204677684679059  12.840815201562119  7.000862188207849  1.467514720782321  0.837312157438478  2.850557160526488  14.780902535154812 -154.869785873334990
        0.000000008078671  3.362728412888982  23.204677684679059  12.840815201562119  7.000862188207849  1.467514698914648  0.837312172339639  2.850557160526488  14.780902535154812 -154.869785873334990
        0.000000010523002  3.362728412888982  23.204677684679059  12.840815201562119  7.000862188207849  1.467514698914648  0.837312157438478  2.850557203003100  14.780902535154812 -154.869785873334990
        0.000000007616427  3.362728412888982  23.204677684679059  12.840815201562119  7.000862188207849  1.467514698914648  0.837312157438478  2.850557160526488  14.780902755407423 -154.869785873334990
        0.000037770458326  3.362728412888982  23.204677684679059  12.840815201562119  7.000862188207849  1.467514698914648  0.837312157438478  2.850557160526488  14.780902535154812 -154.869788181074625
        0.000021830321008  3.362463183034872  23.246560045932330  12.870050309473493  7.010840520129360  1.438842975824275  0.837696978932124  2.850300485893100  14.788765394526351 -154.869785426019490
        0.000000016906610  3.362463233139477  23.246560045932330  12.870050309473493  7.010840520129360  1.438842975824275  0.837696978932124  2.850300485893100  14.788765394526351 -154.869785426019490
        0.000000015995316  3.362463183034872  23.246560392333070  12.870050309473493  7.010840520129360  1.438842975824275  0.837696978932124  2.850300485893100  14.788765394526351 -154.869785426019490
        0.000000002698390  3.362463183034872  23.246560045932330  12.870050501252187  7.010840520129360  1.438842975824275  0.837696978932124  2.850300485893100  14.788765394526351 -154.869785426019490
        0.000000000399835  3.362463183034872  23.246560045932330  12.870050309473493  7.010840624599025  1.438842975824275  0.837696978932124  2.850300485893100  14.788765394526351 -154.869785426019490
        0.000000000694758  3.362463183034872  23.246560045932330  12.870050309473493  7.010840520129360  1.438842997264706  0.837696978932124  2.850300485893100  14.788765394526351 -154.869785426019490
        0.000000008095767  3.362463183034872  23.246560045932330  12.870050309473493  7.010840520129360  1.438842975824275  0.837696993833285  2.850300485893100  14.788765394526351 -154.869785426019490
        0.000000010530144  3.362463183034872  23.246560045932330  12.870050309473493  7.010840520129360  1.438842975824275  0.837696978932124  2.850300528365887  14.788765394526351 -154.869785426019490
        0.000000007617416  3.362463183034872  23.246560045932330  12.870050309473493  7.010840520129360  1.438842975824275  0.837696978932124  2.850300485893100  14.788765614896128 -154.869785426019490
        0.000037770457804  3.362463183034872  23.246560045932330  12.870050309473493  7.010840520129360  1.438842975824275  0.837696978932124  2.850300485893100  14.788765394526351 -154.869787733759125
        0.000055433574576  3.362412321490711  23.476829162463389  13.057431570225424  7.046345054305200  1.146128403028057  0.841846481593924  2.848552066277594  14.789453981254333 -154.869785563198292
        0.000000016896131  3.362412371594559  23.476829162463389  13.057431570225424  7.046345054305200  1.146128403028057  0.841846481593924  2.848552066277594  14.789453981254333 -154.869785563198292
        0.000000015987749  3.362412321490711  23.476829512295403  13.057431570225424  7.046345054305200  1.146128403028057  0.841846481593924  2.848552066277594  14.789453981254333 -154.869785563198292
        0.000000002725774  3.362412321490711  23.476829162463389  13.057431764796316  7.046345054305200  1.146128403028057  0.841846481593924  2.848552066277594  14.789453981254333 -154.869785563198292
        0.000000000405368  3.362412321490711  23.476829162463389  13.057431570225424  7.046345159303923  1.146128403028057  0.841846481593924  2.848552066277594  14.789453981254333 -154.869785563198292
        0.000000000794789  3.362412321490711  23.476829162463389  13.057431570225424  7.046345054305200  1.146128420106701  0.841846481593924  2.848552066277594  14.789453981254333 -154.869785563198292
        0.000000008253851  3.362412321490711  23.476829162463389  13.057431570225424  7.046345054305200  1.146128403028057  0.841846496495086  2.848552066277594  14.789453981254333 -154.869785563198292
        0.000000010549665  3.362412321490711  23.476829162463389  13.057431570225424  7.046345054305200  1.146128403028057  0.841846481593924  2.848552108724328  14.789453981254333 -154.869785563198292
        0.000000007665473  3.362412321490711  23.476829162463389  13.057431570225424  7.046345054305200  1.146128403028057  0.841846481593924  2.848552066277594  14.789454201634371 -154.869785563198292
        0.000037770458201  3.362412321490711  23.476829162463389  13.057431570225424  7.046345054305200  1.146128403028057  0.841846481593924  2.848552066277594  14.789453981254333 -154.869787870937927
        0.000024086726143  3.361773554033745  23.533176779078083  13.092492558874241  7.059760106747502  1.131807599202054  0.842089591830457  2.848354184476731  14.807192187538980 -154.869785114471568
        0.000000016891200  3.361773604128075  23.533176779078083  13.092492558874241  7.059760106747502  1.131807599202054  0.842089591830457  2.848354184476731  14.807192187538980 -154.869785114471568
        0.000000015986153  3.361773554033745  23.533177129749742  13.092492558874241  7.059760106747502  1.131807599202054  0.842089591830457  2.848354184476731  14.807192187538980 -154.869785114471568
        0.000000002727405  3.361773554033745  23.533176779078083  13.092492753967583  7.059760106747502  1.131807599202054  0.842089591830457  2.848354184476731  14.807192187538980 -154.869785114471568
        0.000000000405727  3.361773554033745  23.533176779078083  13.092492558874241  7.059760211946125  1.131807599202054  0.842089591830457  2.848354184476731  14.807192187538980 -154.869785114471568
        0.000000000800212  3.361773554033745  23.533176779078083  13.092492558874241  7.059760106747502  1.131807616067301  0.842089591830457  2.848354184476731  14.807192187538980 -154.869785114471568
        0.000000008262856  3.361773554033745  23.533176779078083  13.092492558874241  7.059760106747502  1.131807599202054  0.842089606731618  2.848354184476731  14.807192187538980 -154.869785114471568
        0.000000010561199  3.361773554033745  23.533176779078083  13.092492558874241  7.059760106747502  1.131807599202054  0.842089591830457  2.848354226920516  14.807192187538980 -154.869785114471568
        0.000000007657640  3.361773554033745  23.533176779078083  13.092492558874241  7.059760106747502  1.131807599202054  0.842089591830457  2.848354184476731  14.807192408183338 -154.869785114471568
        0.000037770457667  3.361773554033745  23.533176779078083  13.092492558874241  7.059760106747502  1.131807599202054  0.842089591830457  2.848354184476731  14.807192187538980 -154.869787422211203
        0.000132489676847  3.357547912315881  24.202927169124823  13.564971753660339  7.207695532480416  0.647237986636181  0.848946902211605  2.845341718194631  14.918058944505262 -154.869785328078365
        0.000094374625127  3.361703161145674  23.639558029126430  13.177491074530217  7.080455103775487  1.001120438221205  0.843842153989356  2.847562804327480  14.808843450721074 -154.869785170431442
        0.000000016886162  3.361703211238955  23.639558029126430  13.177491074530217  7.080455103775487  1.001120438221205  0.843842153989356  2.847562804327480  14.808843450721074 -154.869785170431442
        0.000000015982923  3.361703161145674  23.639558381383296  13.177491074530217  7.080455103775487  1.001120438221205  0.843842153989356  2.847562804327480  14.808843450721074 -154.869785170431442
        0.000000002739612  3.361703161145674  23.639558029126430  13.177491270890135  7.080455103775487  1.001120438221205  0.843842153989356  2.847562804327480  14.808843450721074 -154.869785170431442
        0.000000000408279  3.361703161145674  23.639558029126430  13.177491074530217  7.080455209282490  1.001120438221205  0.843842153989356  2.847562804327480  14.808843450721074 -154.869785170431442
        0.000000000845571  3.361703161145674  23.639558029126430  13.177491074530217  7.080455103775487  1.001120453139062  0.843842153989356  2.847562804327480  14.808843450721074 -154.869785170431442
        0.000000008334474  3.361703161145674  23.639558029126430  13.177491074530217  7.080455103775487  1.001120438221205  0.843842168890517  2.847562804327480  14.808843450721074 -154.869785170431442
        0.000000010571591  3.361703161145674  23.639558029126430  13.177491074530217  7.080455103775487  1.001120438221205  0.843842153989356  2.847562846759472  14.808843450721074 -154.869785170431442
        0.000000007678383  3.361703161145674  23.639558029126430  13.177491074530217  7.080455103775487  1.001120438221205  0.843842153989356  2.847562804327480  14.808843671390038 -154.869785170431442
        0.000037770457795  3.361703161145674  23.639558029126430  13.177491074530217  7.080455103775487  1.001120438221205  0.843842153989356  2.847562804327480  14.808843450721074 -154.869787478171077
        0.000039736428734  3.359954507644283  23.836260883532258  13.308206370659946  7.124808982392203  0.904445944858682  0.845300725360195  2.846917732128881  14.855218825238655 -154.869785024309380
        0.000000016873239  3.359954557711506  23.836260883532258  13.308206370659946  7.124808982392203  0.904445944858682  0.845300725360195  2.846917732128881  14.855218825238655 -154.869785024309380
        0.000000015977851  3.359954507644283  23.836261238720223  13.308206370659946  7.124808982392203  0.904445944858682  0.845300725360195  2.846917732128881  14.855218825238655 -154.869785024309380
        0.000000002749097  3.359954507644283  23.836260883532258  13.308206568967673  7.124808982392203  0.904445944858682  0.845300725360195  2.846917732128881  14.855218825238655 -154.869785024309380
        0.000000000410301  3.359954507644283  23.836260883532258  13.308206370659946  7.124809088560130  0.904445944858682  0.845300725360195  2.846917732128881  14.855218825238655 -154.869785024309380
        0.000000000850959  3.359954507644283  23.836260883532258  13.308206370659946  7.124808982392203  0.904445959759844  0.845300725360195  2.846917732128881  14.855218825238655 -154.869785024309380
        0.000000008358893  3.359954507644283  23.836260883532258  13.308206370659946  7.124808982392203  0.904445944858682  0.845300740261356  2.846917732128881  14.855218825238655 -154.869785024309380
        0.000000010605427  3.359954507644283  23.836260883532258  13.308206370659946  7.124808982392203  0.904445944858682  0.845300725360195  2.846917774551261  14.855218825238655 -154.869785024309380
        0.000000007665078  3.359954507644283  23.836260883532258  13.308206370659946  7.124808982392203  0.904445944858682  0.845300725360195  2.846917732128881  14.855219046598664 -154.869785024309380
        0.000037770457747  3.359954507644283  23.836260883532258  13.308206370659946  7.124808982392203  0.904445944858682  0.845300725360195  2.846917732128881  14.855218825238655 -154.869787332049015
        0.000034997665328  3.358947697389342  23.961811049135726  13.392143402070216  7.159935240408053  0.834083594935178  0.846182637742574  2.846463014052774  14.882085340246029 -154.869784910031171
        0.000000016865516  3.358947747441563  23.961811049135726  13.392143402070216  7.159935240408053  0.834083594935178  0.846182637742574  2.846463014052774  14.882085340246029 -154.869784910031171
        0.000000015974979  3.358947697389342  23.961811406194535  13.392143402070216  7.159935240408053  0.834083594935178  0.846182637742574  2.846463014052774  14.882085340246029 -154.869784910031171
        0.000000002755848  3.358947697389342  23.961811049135726  13.392143601628703  7.159935240408053  0.834083594935178  0.846182637742574  2.846463014052774  14.882085340246029 -154.869784910031171
        0.000000000411765  3.358947697389342  23.961811049135726  13.392143402070216  7.159935347099402  0.834083594935178  0.846182637742574  2.846463014052774  14.882085340246029 -154.869784910031171
        0.000000000855512  3.358947697389342  23.961811049135726  13.392143402070216  7.159935240408053  0.834083609836340  0.846182637742574  2.846463014052774  14.882085340246029 -154.869784910031171
        0.000000008378403  3.358947697389342  23.961811049135726  13.392143402070216  7.159935240408053  0.834083594935178  0.846182652643736  2.846463014052774  14.882085340246029 -154.869784910031171
        0.000000010627889  3.358947697389342  23.961811049135726  13.392143402070216  7.159935240408053  0.834083594935178  0.846182637742574  2.846463056468378  14.882085340246029 -154.869784910031171
        0.000000007659969  3.358947697389342  23.961811049135726  13.392143402070216  7.159935240408053  0.834083594935178  0.846182637742574  2.846463014052774  14.882085562006381 -154.869784910031171
        0.000037770457696  3.358947697389342  23.961811049135726  13.392143402070216  7.159935240408053  0.834083594935178  0.846182637742574  2.846463014052774  14.882085340246029 -154.869787217770806
        0.000044281683644  3.354979564705462  24.326091609658278  13.619652393174576  7.257372942168774  0.722958977146226  0.847773929003884  2.845737160846050  14.987473587591738 -154.869784881407156
        0.000000016840656  3.354979614698553  24.326091609658278  13.619652393174576  7.257372942168774  0.722958977146226  0.847773929003884  2.845737160846050  14.987473587591738 -154.869784881407156
        0.000000015966710  3.354979564705462  24.326091972145289  13.619652393174576  7.257372942168774  0.722958977146226  0.847773929003884  2.845737160846050  14.987473587591738 -154.869784881407156
        0.000000002766791  3.354979564705462  24.326091609658278  13.619652596123212  7.257372942168774  0.722958977146226  0.847773929003884  2.845737160846050  14.987473587591738 -154.869784881407156
        0.000000000414128  3.354979564705462  24.326091609658278  13.619652393174576  7.257373050312058  0.722958977146226  0.847773929003884  2.845737160846050  14.987473587591738 -154.869784881407156
        0.000000000863738  3.354979564705462  24.326091609658278  13.619652393174576  7.257372942168774  0.722958992047387  0.847773929003884  2.845737160846050  14.987473587591738 -154.869784881407156
        0.000000008409151  3.354979564705462  24.326091609658278  13.619652393174576  7.257372942168774  0.722958977146226  0.847773943905045  2.845737160846050  14.987473587591738 -154.869784881407156
        0.000000010699073  3.354979564705462  24.326091609658278  13.619652393174576  7.257372942168774  0.722958977146226  0.847773929003884  2.845737203250838  14.987473587591738 -154.869784881407156
        0.000000007610921  3.354979564705462  24.326091609658278  13.619652393174576  7.257372942168774  0.722958977146226  0.847773929003884  2.845737160846050  14.987473810922499 -154.869784881407156
        0.000037770458005  3.354979564705462  24.326091609658278  13.619652393174576  7.257372942168774  0.722958977146226  0.847773929003884  2.845737160846050  14.987473587591738 -154.869787189146791
        0.000030375234526  3.354160923873147  24.410636834371427  13.673124788147653  7.283580939967296  0.691332814053855  0.848117426385969  2.845503547622677  15.010191335586621 -154.869784698670401
        0.000000016835986  3.354160973854039  24.410636834371427  13.673124788147653  7.283580939967296  0.691332814053855  0.848117426385969  2.845503547622677  15.010191335586621 -154.869784698670401
        0.000000015965628  3.354160923873147  24.410637198118263  13.673124788147653  7.283580939967296  0.691332814053855  0.848117426385969  2.845503547622677  15.010191335586621 -154.869784698670401
        0.000000002769978  3.354160923873147  24.410636834371427  13.673124991893090  7.283580939967296  0.691332814053855  0.848117426385969  2.845503547622677  15.010191335586621 -154.869784698670401
        0.000000000414839  3.354160923873147  24.410636834371427  13.673124788147653  7.283581048501110  0.691332814053855  0.848117426385969  2.845503547622677  15.010191335586621 -154.869784698670401
        0.000000000866427  3.354160923873147  24.410636834371427  13.673124788147653  7.283580939967296  0.691332828955016  0.848117426385969  2.845503547622677  15.010191335586621 -154.869784698670401
        0.000000008419547  3.354160923873147  24.410636834371427  13.673124788147653  7.283580939967296  0.691332814053855  0.848117441287130  2.845503547622677  15.010191335586621 -154.869784698670401
        0.000000010716400  3.354160923873147  24.410636834371427  13.673124788147653  7.283580939967296  0.691332814053855  0.848117426385969  2.845503590023984  15.010191335586621 -154.869784698670401
        0.000000007602702  3.354160923873147  24.410636834371427  13.673124788147653  7.283580939967296  0.691332814053855  0.848117426385969  2.845503547622677  15.010191559255901 -154.869784698670401
        0.000037770457549  3.354160923873147  24.410636834371427  13.673124788147653  7.283580939967296  0.691332814053855  0.848117426385969  2.845503547622677  15.010191335586621 -154.869787006410036
        0.000043911343746  3.354434986959155  24.552272825780971  13.794243527279104  7.298749870226999  0.483025528356371  0.850943950636583  2.844294273034738  15.002493275995366 -154.869784720080133
        0.000000016830517  3.354435036944132  24.552272825780971  13.794243527279104  7.298749870226999  0.483025528356371  0.850943950636583  2.844294273034738  15.002493275995366 -154.869784720080133
        0.000000015962357  3.354434986959155  24.552273191638346  13.794243527279104  7.298749870226999  0.483025528356371  0.850943950636583  2.844294273034738  15.002493275995366 -154.869784720080133
        0.000000002789150  3.354434986959155  24.552272825780971  13.794243732829351  7.298749870226999  0.483025528356371  0.850943950636583  2.844294273034738  15.002493275995366 -154.869784720080133
        0.000000000419161  3.354434986959155  24.552272825780971  13.794243527279104  7.298749978986847  0.483025528356371  0.850943950636583  2.844294273034738  15.002493275995366 -154.869784720080133
        0.000000000873575  3.354434986959155  24.552272825780971  13.794243527279104  7.298749870226999  0.483025543257532  0.850943950636583  2.844294273034738  15.002493275995366 -154.869784720080133
        0.000000008464872  3.354434986959155  24.552272825780971  13.794243527279104  7.298749870226999  0.483025528356371  0.850943965537744  2.844294273034738  15.002493275995366 -154.869784720080133
        0.000000010723403  3.354434986959155  24.552272825780971  13.794243527279104  7.298749870226999  0.483025528356371  0.850943950636583  2.844294315418026  15.002493275995366 -154.869784720080133
        0.000000007641438  3.354434986959155  24.552272825780971  13.794243527279104  7.298749870226999  0.483025528356371  0.850943950636583  2.844294273034738  15.002493499549937 -154.869784720080133
        0.000037770457764  3.354434986959155  24.552272825780971  13.794243527279104  7.298749870226999  0.483025528356371  0.850943950636583  2.844294273034738  15.002493275995366 -154.869787027819768
        0.000032204220518  3.354281536228873  24.586493801922330  13.819218099482114  7.307519983861850  0.453812119850098  0.851292020381772  2.844051132769507  15.007121195271928 -154.869784465866275
        0.000000016828184  3.354281586211563  24.586493801922330  13.819218099482114  7.307519983861850  0.453812119850098  0.851292020381772  2.844051132769507  15.007121195271928 -154.869784465866275
        0.000000015961521  3.354281536228873  24.586494168289637  13.819218099482114  7.307519983861850  0.453812119850098  0.851292020381772  2.844051132769507  15.007121195271928 -154.869784465866275
        0.000000002791873  3.354281536228873  24.586493801922330  13.819218305404512  7.307519983861850  0.453812119850098  0.851292020381772  2.844051132769507  15.007121195271928 -154.869784465866275
        0.000000000419768  3.354281536228873  24.586493801922330  13.819218099482114  7.307520092752383  0.453812119850098  0.851292020381772  2.844051132769507  15.007121195271928 -154.869784465866275
        0.000000000875096  3.354281536228873  24.586493801922330  13.819218099482114  7.307519983861850  0.453812134751259  0.851292020381772  2.844051132769507  15.007121195271928 -154.869784465866275
        0.000000008472545  3.354281536228873  24.586493801922330  13.819218099482114  7.307519983861850  0.453812119850098  0.851292035282933  2.844051132769507  15.007121195271928 -154.869784465866275
        0.000000010728606  3.354281536228873  24.586493801922330  13.819218099482114  7.307519983861850  0.453812119850098  0.851292020381772  2.844051175149171  15.007121195271928 -154.869784465866275
        0.000000007643916  3.354281536228873  24.586493801922330  13.819218099482114  7.307519983861850  0.453812119850098  0.851292020381772  2.844051132769507  15.007121418895460 -154.869784465866275
        0.000037770457470  3.354281536228873  24.586493801922330  13.819218099482114  7.307519983861850  0.453812119850098  0.851292020381772  2.844051132769507  15.007121195271928 -154.869786773605910
        0.000078816087207  3.342908153493431  25.552506108347604  14.405671912444165  7.571535453233932  0.247683906929353  0.854160011222445  2.842766658040968  15.311916122338854 -154.869784609357453
        0.000000016759316  3.342908203306644  25.552506108347604  14.405671912444165  7.571535453233932  0.247683906929353  0.854160011222445  2.842766658040968  15.311916122338854 -154.869784609357453
        0.000000015941781  3.342908153493431  25.552506489109618  14.405671912444165  7.571535453233932  0.247683906929353  0.854160011222445  2.842766658040968  15.311916122338854 -154.869784609357453
        0.000000002810243  3.342908153493431  25.552506108347604  14.405672127105404  7.571535453233932  0.247683906929353  0.854160011222445  2.842766658040968  15.311916122338854 -154.869784609357453
        0.000000000424141  3.342908153493431  25.552506108347604  14.405671912444165  7.571535566058603  0.247683906929353  0.854160011222445  2.842766658040968  15.311916122338854 -154.869784609357453
        0.000000000892344  3.342908153493431  25.552506108347604  14.405671912444165  7.571535453233932  0.247683921830514  0.854160011222445  2.842766658040968  15.311916122338854 -154.869784609357453
        0.000000008525425  3.342908153493431  25.552506108347604  14.405671912444165  7.571535453233932  0.247683906929353  0.854160026123606  2.842766658040968  15.311916122338854 -154.869784609357453
        0.000000010919416  3.342908153493431  25.552506108347604  14.405671912444165  7.571535453233932  0.247683906929353  0.854160011222445  2.842766700401492  15.311916122338854 -154.869784609357453
        0.000000007480307  3.342908153493431  25.552506108347604  14.405671912444165  7.571535453233932  0.247683906929353  0.854160011222445  2.842766658040968  15.311916350504184 -154.869784609357453
        0.000037770459852  3.342908153493431  25.552506108347604  14.405671912444165  7.571535453233932  0.247683906929353  0.854160011222445  2.842766658040968  15.311916122338854 -154.869786917097088
        0.000047755102784  3.342674201629135  25.586886897403961  14.426036111850740  7.581709251203458  0.243506596841519  0.854118348021150  2.842673954646259  15.323050411499693 -154.869784042347817
        0.000000016764755  3.342674251438862  25.586886897403961  14.426036111850740  7.581709251203458  0.243506596841519  0.854118348021150  2.842673954646259  15.323050411499693 -154.869784042347817
        0.000000015946597  3.342674201629135  25.586887278678287  14.426036111850740  7.581709251203458  0.243506596841519  0.854118348021150  2.842673954646259  15.323050411499693 -154.869784042347817
        0.000000002812064  3.342674201629135  25.586886897403961  14.426036326815430  7.581709251203458  0.243506596841519  0.854118348021150  2.842673954646259  15.323050411499693 -154.869784042347817
        0.000000000424467  3.342674201629135  25.586886897403961  14.426036111850740  7.581709364179730  0.243506596841519  0.854118348021150  2.842673954646259  15.323050411499693 -154.869784042347817
        0.000000000893324  3.342674201629135  25.586886897403961  14.426036111850740  7.581709251203458  0.243506611742680  0.854118348021150  2.842673954646259  15.323050411499693 -154.869784042347817
        0.000000008532273  3.342674201629135  25.586886897403961  14.426036111850740  7.581709251203458  0.243506596841519  0.854118362922311  2.842673954646259  15.323050411499693 -154.869784042347817
        0.000000010929609  3.342674201629135  25.586886897403961  14.426036111850740  7.581709251203458  0.243506596841519  0.854118348021150  2.842673997005402  15.323050411499693 -154.869784042347817
        0.000000007479441  3.342674201629135  25.586886897403961  14.426036111850740  7.581709251203458  0.243506596841519  0.854118348021150  2.842673954646259  15.323050639830937 -154.869784042347817
        0.000037770456674  3.342674201629135  25.586886897403961  14.426036111850740  7.581709251203458  0.243506596841519  0.854118348021150  2.842673954646259  15.323050411499693 -154.869786350087423
        0.000037495940984  3.343375503428734  25.583554745368868  14.435517077472777  7.580254122464654  0.180969291270308  0.854778583390538  2.842366573107558  15.303252177266851 -154.869784230733501
        0.000000016766252  3.343375553248912  25.583554745368868  14.435517077472777  7.580254122464654  0.180969291270308  0.854778583390538  2.842366573107558  15.303252177266851 -154.869784230733501
        0.000000015946581  3.343375503428734  25.583555126593541  14.435517077472777  7.580254122464654  0.180969291270308  0.854778583390538  2.842366573107558  15.303252177266851 -154.869784230733501
        0.000000002817456  3.343375503428734  25.583554745368868  14.435517292578744  7.580254122464654  0.180969291270308  0.854778583390538  2.842366573107558  15.303252177266851 -154.869784230733501
        0.000000000425686  3.343375503428734  25.583554745368868  14.435517077472777  7.580254235419242  0.180969291270308  0.854778583390538  2.842366573107558  15.303252177266851 -154.869784230733501
        0.000000000895813  3.343375503428734  25.583554745368868  14.435517077472777  7.580254122464654  0.180969306171469  0.854778583390538  2.842366573107558  15.303252177266851 -154.869784230733501
        0.000000008546642  3.343375503428734  25.583554745368868  14.435517077472777  7.580254122464654  0.180969291270308  0.854778598291700  2.842366573107558  15.303252177266851 -154.869784230733501
        0.000000010923033  3.343375503428734  25.583554745368868  14.435517077472777  7.580254122464654  0.180969291270308  0.854778583390538  2.842366615462121  15.303252177266851 -154.869784230733501
        0.000000007501394  3.343375503428734  25.583554745368868  14.435517077472777  7.580254122464654  0.180969291270308  0.854778583390538  2.842366573107558  15.303252405303079 -154.869784230733501
        0.000037770456979  3.343375503428734  25.583554745368868  14.435517077472777  7.580254122464654  0.180969291270308  0.854778583390538  2.842366573107558  15.303252177266851 -154.869786538473107
        0.000034937612627  3.345434395727315  25.572963976983235  14.463295364547657  7.569902741663080  0.000000025590314  0.856807951873595  2.841348005404856  15.246154293204818 -154.869784476306421
        0.000000016769831  3.345434445578172  25.572963976983235  14.463295364547657  7.569902741663080  0.000000025590314  0.856807951873595  2.841348005404856  15.246154293204818 -154.869784476306421
        0.000000015946070  3.345434395727315  25.572964358050093  14.463295364547657  7.569902741663080  0.000000025590314  0.856807951873595  2.841348005404856  15.246154293204818 -154.869784476306421
        0.000000002833373  3.345434395727315  25.572963976983235  14.463295580067552  7.569902741663080  0.000000025590314  0.856807951873595  2.841348005404856  15.246154293204818 -154.869784476306421
        0.000000000429349  3.345434395727315  25.572963976983235  14.463295364547657  7.569902854463421  0.000000025590314  0.856807951873595  2.841348005404856  15.246154293204818 -154.869784476306421
        0.000000000902314  3.345434395727315  25.572963976983235  14.463295364547657  7.569902741663080  0.000000040491475  0.856807951873595  2.841348005404856  15.246154293204818 -154.869784476306421
        0.000000008587326  3.345434395727315  25.572963976983235  14.463295364547657  7.569902741663080  0.000000025590314  0.856807966774756  2.841348005404856  15.246154293204818 -154.869784476306421
        0.000000010902865  3.345434395727315  25.572963976983235  14.463295364547657  7.569902741663080  0.000000025590314  0.856807951873595  2.841348047744241  15.246154293204818 -154.869784476306421
        0.000000007565807  3.345434395727315  25.572963976983235  14.463295364547657  7.569902741663080  0.000000025590314  0.856807951873595  2.841348005404856  15.246154520390220 -154.869784476306421
        0.000037770457852  3.345434395727315  25.572963976983235  14.463295364547657  7.569902741663080  0.000000025590314  0.856807951873595  2.841348005404856  15.246154293204818 -154.869786784046056
        0.000041664644159  3.345435623476468  25.572961632079249  14.463315542337710  7.569893998438959  0.000111486759853  0.856809274014203  2.841347338828214  15.246120890989465 -154.869784476106560
        0.000000016769972  3.345435673327343  25.572961632079249  14.463315542337710  7.569893998438959  0.000111486759853  0.856809274014203  2.841347338828214  15.246120890989465 -154.869784476106560
        0.000000015946052  3.345435623476468  25.572962013146071  14.463315542337710  7.569893998438959  0.000111486759853  0.856809274014203  2.841347338828214  15.246120890989465 -154.869784476106560
        0.000000002833424  3.345435623476468  25.572961632079249  14.463315757857906  7.569893998438959  0.000111486759853  0.856809274014203  2.841347338828214  15.246120890989465 -154.869784476106560
        0.000000000429339  3.345435623476468  25.572961632079249  14.463315542337710  7.569894111239170  0.000111486759853  0.856809274014203  2.841347338828214  15.246120890989465 -154.869784476106560
        0.000000000902344  3.345435623476468  25.572961632079249  14.463315542337710  7.569893998438959  0.000111501661014  0.856809274014203  2.841347338828214  15.246120890989465 -154.869784476106560
        0.000000008587360  3.345435623476468  25.572961632079249  14.463315542337710  7.569893998438959  0.000111486759853  0.856809288915364  2.841347338828214  15.246120890989465 -154.869784476106560
        0.000000010902917  3.345435623476468  25.572961632079249  14.463315542337710  7.569893998438959  0.000111486759853  0.856809274014203  2.841347381167589  15.246120890989465 -154.869784476106560
        0.000000007565815  3.345435623476468  25.572961632079249  14.463315542337710  7.569893998438959  0.000111486759853  0.856809274014203  2.841347338828214  15.246121118174370 -154.869784476106560
        0.000037770457833  3.345435623476468  25.572961632079249  14.463315542337710  7.569893998438959  0.000111486759853  0.856809274014203  2.841347338828214  15.246120890989465 -154.869786783846195
        0.000037386711113  3.347066482265280  25.455032840165565  14.397578750924330  7.528179543394935  0.000020914403272  0.856938120255553  2.841305556718341  15.202083655240941 -154.869784186093256
        0.000000016777529  3.347066532140458  25.455032840165565  14.397578750924330  7.528179543394935  0.000020914403272  0.856938120255553  2.841305556718341  15.202083655240941 -154.869784186093256
        0.000000015947484  3.347066482265280  25.455033219475112  14.397578750924330  7.528179543394935  0.000020914403272  0.856938120255553  2.841305556718341  15.202083655240941 -154.869784186093256
        0.000000002833561  3.347066482265280  25.455032840165565  14.397578965464971  7.528179543394935  0.000020914403272  0.856938120255553  2.841305556718341  15.202083655240941 -154.869784186093256
        0.000000000429453  3.347066482265280  25.455032840165565  14.397578750924330  7.528179655573552  0.000020914403272  0.856938120255553  2.841305556718341  15.202083655240941 -154.869784186093256
        0.000000000900104  3.347066482265280  25.455032840165565  14.397578750924330  7.528179543394935  0.000020929304434  0.856938120255553  2.841305556718341  15.202083655240941 -154.869784186093256
        0.000000008584359  3.347066482265280  25.455032840165565  14.397578750924330  7.528179543394935  0.000020914403272  0.856938135156714  2.841305556718341  15.202083655240941 -154.869784186093256
        0.000000010875336  3.347066482265280  25.455032840165565  14.397578750924330  7.528179543394935  0.000020914403272  0.856938120255553  2.841305599057093  15.202083655240941 -154.869784186093256
        0.000000007594085  3.347066482265280  25.455032840165565  14.397578750924330  7.528179543394935  0.000020914403272  0.856938120255553  2.841305556718341  15.202083881769640 -154.869784186093256
        0.000037770457113  3.347066482265280  25.455032840165565  14.397578750924330  7.528179543394935  0.000020914403272  0.856938120255553  2.841305556718341  15.202083655240941 -154.869786493832862
        0.000038520752473  3.347069207780126  25.455032884337996  14.397578777151338  7.528179589081905  0.000020946224486  0.856940518812484  2.841305843231412  15.202082341606403 -154.869784204847946
        0.000000016777707  3.347069257655344  25.455032884337996  14.397578777151338  7.528179589081905  0.000020946224486  0.856940518812484  2.841305843231412  15.202082341606403 -154.869784204847946
        0.000000015947541  3.347069207780126  25.455033263647543  14.397578777151338  7.528179589081905  0.000020946224486  0.856940518812484  2.841305843231412  15.202082341606403 -154.869784204847946
        0.000000002833564  3.347069207780126  25.455032884337996  14.397578991691981  7.528179589081905  0.000020946224486  0.856940518812484  2.841305843231412  15.202082341606403 -154.869784204847946
        0.000000000429490  3.347069207780126  25.455032884337996  14.397578777151338  7.528179701260522  0.000020946224486  0.856940518812484  2.841305843231412  15.202082341606403 -154.869784204847946
        0.000000000900091  3.347069207780126  25.455032884337996  14.397578777151338  7.528179589081905  0.000020961125647  0.856940518812484  2.841305843231412  15.202082341606403 -154.869784204847946
        0.000000008584388  3.347069207780126  25.455032884337996  14.397578777151338  7.528179589081905  0.000020946224486  0.856940533713646  2.841305843231412  15.202082341606403 -154.869784204847946
        0.000000010875350  3.347069207780126  25.455032884337996  14.397578777151338  7.528179589081905  0.000020946224486  0.856940518812484  2.841305885570169  15.202082341606403 -154.869784204847946
        0.000000007594148  3.347069207780126  25.455032884337996  14.397578777151338  7.528179589081905  0.000020946224486  0.856940518812484  2.841305843231412  15.202082568135083 -154.869784204847946
        0.000037770457071  3.347069207780126  25.455032884337996  14.397578777151338  7.528179589081905  0.000020946224486  0.856940518812484  2.841305843231412  15.202082341606403 -154.869786512587552
        0.000038864418708  3.354658489020723  24.906692249178587  14.087951590206787  7.362491409308764  0.000010208492049  0.857005944390120  2.841266221185146  14.995729318525457 -154.869783953074858
        0.000035309671405  3.348969684637515  25.318174515791736  14.320804498324515  7.482957287415446  0.000013476378154  0.857030045399051  2.841258544552408  15.150852654253736 -154.869783893042126
        0.000002319710298  3.347546608633693  25.421111461463497  14.379011628002779  7.513550806113619  0.000017578007471  0.857027667024028  2.841257406855223  15.189647649716338 -154.869783883265200
        0.000000016779852  3.347546658516025  25.421111461463497  14.379011628002779  7.513550806113619  0.000017578007471  0.857027667024028  2.841257406855223  15.189647649716338 -154.869783883265200
        0.000000015948022  3.347546608633693  25.421111840267574  14.379011628002779  7.513550806113619  0.000017578007471  0.857027667024028  2.841257406855223  15.189647649716338 -154.869783883265200
        0.000000002833703  3.347546608633693  25.421111461463497  14.379011842266749  7.513550806113619  0.000017578007471  0.857027667024028  2.841257406855223  15.189647649716338 -154.869783883265200
        0.000000000429565  3.347546608633693  25.421111461463497  14.379011628002779  7.513550918074251  0.000017578007471  0.857027667024028  2.841257406855223  15.189647649716338 -154.869783883265200
        0.000000000899125  3.347546608633693  25.421111461463497  14.379011628002779  7.513550806113619  0.000017592908632  0.857027667024028  2.841257406855223  15.189647649716338 -154.869783883265200
        0.000000008583041  3.347546608633693  25.421111461463497  14.379011628002779  7.513550806113619  0.000017578007471  0.857027681925190  2.841257406855223  15.189647649716338 -154.869783883265200
        0.000000010866975  3.347546608633693  25.421111461463497  14.379011628002779  7.513550806113619  0.000017578007471  0.857027667024028  2.841257449193257  15.189647649716338 -154.869783883265200
        0.000000007602598  3.347546608633693  25.421111461463497  14.379011628002779  7.513550806113619  0.000017578007471  0.857027667024028  2.841257406855223  15.189647876059727 -154.869783883265200
        0.000037770456722  3.347546608633693  25.421111461463497  14.379011628002779  7.513550806113619  0.000017578007471  0.857027667024028  2.841257406855223  15.189647649716338 -154.869786191004806
        0.000037915915093  3.347575709765266  25.418983047560573  14.377494596713975  7.516258372250778  0.000012297835313  0.856965586880044  2.841270165578788  15.188710864691849 -154.869783973158690
        0.000000016780067  3.347575759648032  25.418983047560573  14.377494596713975  7.516258372250778  0.000012297835313  0.856965586880044  2.841270165578788  15.188710864691849 -154.869783973158690
        0.000000015948034  3.347575709765266  25.418983426332936  14.377494596713975  7.516258372250778  0.000012297835313  0.856965586880044  2.841270165578788  15.188710864691849 -154.869783973158690
        0.000000002833652  3.347575709765266  25.418983047560573  14.377494810955339  7.516258372250778  0.000012297835313  0.856965586880044  2.841270165578788  15.188710864691849 -154.869783973158690
        0.000000000429533  3.347575709765266  25.418983047560573  14.377494596713975  7.516258484251756  0.000012297835313  0.856965586880044  2.841270165578788  15.188710864691849 -154.869783973158690
        0.000000000899541  3.347575709765266  25.418983047560573  14.377494596713975  7.516258372250778  0.000012312736475  0.856965586880044  2.841270165578788  15.188710864691849 -154.869783973158690
        0.000000008583914  3.347575709765266  25.418983047560573  14.377494596713975  7.516258372250778  0.000012297835313  0.856965601781205  2.841270165578788  15.188710864691849 -154.869783973158690
        0.000000010867248  3.347575709765266  25.418983047560573  14.377494596713975  7.516258372250778  0.000012297835313  0.856965586880044  2.841270207917013  15.188710864691849 -154.869783973158690
        0.000000007603084  3.347575709765266  25.418983047560573  14.377494596713975  7.516258372250778  0.000012297835313  0.856965586880044  2.841270165578788  15.188711091021277 -154.869783973158690
        0.000037770456788  3.347575709765266  25.418983047560573  14.377494596713975  7.516258372250778  0.000012297835313  0.856965586880044  2.841270165578788  15.188710864691849 -154.869786280898296
2022-08-18 15:53:50.552971
