/projects/wagner/highthroughput/mick_graphene_paper/3_data/1_kc_fitting
2023-06-01 19:10:56.205799
use a starting guess from the old fit
starting guess parameters:  [ 3.37006089e+00  2.17833385e+01  1.04693887e+01  8.86496249e+00
  1.31573765e-05  7.23952360e-01  3.28314592e+00  1.30901596e+01
 -1.54590379e+02]
     1025.509994320580063  3.370060885645178  21.783338516870739  10.469388694543325  8.864962486046355  0.000013157376477  0.723952360283636  3.283145920221462  13.090159601618883 -154.590378722241923
        0.000000012842762  3.370060935862998  21.783338516870739  10.469388694543325  8.864962486046355  0.000013157376477  0.723952360283636  3.283145920221462  13.090159601618883 -154.590378722241923
        0.000000011578739  3.370060885645178  21.783338841467778  10.469388694543325  8.864962486046355  0.000013157376477  0.723952360283636  3.283145920221462  13.090159601618883 -154.590378722241923
        0.000000001419287  3.370060885645178  21.783338516870739  10.469388850549374  8.864962486046355  0.000013157376477  0.723952360283636  3.283145920221462  13.090159601618883 -154.590378722241923
        0.000000000243239  3.370060885645178  21.783338516870739  10.469388694543325  8.864962618144590  0.000013157376477  0.723952360283636  3.283145920221462  13.090159601618883 -154.590378722241923
        0.000000000451910  3.370060885645178  21.783338516870739  10.469388694543325  8.864962486046355  0.000013172277638  0.723952360283636  3.283145920221462  13.090159601618883 -154.590378722241923
        0.000000003998539  3.370060885645178  21.783338516870739  10.469388694543325  8.864962486046355  0.000013157376477  0.723952375184798  3.283145920221462  13.090159601618883 -154.590378722241923
        0.000000003161800  3.370060885645178  21.783338516870739  10.469388694543325  8.864962486046355  0.000013157376477  0.723952360283636  3.283145969144149  13.090159601618883 -154.590378722241923
        0.000000004375995  3.370060885645178  21.783338516870739  10.469388694543325  8.864962486046355  0.000013157376477  0.723952360283636  3.283145920221462  13.090159796677462 -154.590378722241923
        0.000015277711498  3.370060885645178  21.783338516870739  10.469388694543325  8.864962486046355  0.000013157376477  0.723952360283636  3.283145920221462  13.090159601618883 -154.590381025818061
        0.000392825073762  3.371810463126889  21.525252888325483  10.199403174330950  9.007169028050843  0.000012544033847  0.716374239955184  3.306500046299317  12.941512789229350 -154.590383573065253
        0.000000012940848  3.371810513370781  21.525252888325483  10.199403174330950  9.007169028050843  0.000012544033847  0.716374239955184  3.306500046299317  12.941512789229350 -154.590383573065253
        0.000000011680956  3.371810463126889  21.525253209076745  10.199403174330950  9.007169028050843  0.000012544033847  0.716374239955184  3.306500046299317  12.941512789229350 -154.590383573065253
        0.000000001420732  3.371810463126889  21.525252888325483  10.199403326313901  9.007169028050843  0.000012544033847  0.716374239955184  3.306500046299317  12.941512789229350 -154.590383573065253
        0.000000000253809  3.371810463126889  21.525252888325483  10.199403174330950  9.007169162268120  0.000012544033847  0.716374239955184  3.306500046299317  12.941512789229350 -154.590383573065253
        0.000000000458482  3.371810463126889  21.525252888325483  10.199403174330950  9.007169028050843  0.000012558935008  0.716374239955184  3.306500046299317  12.941512789229350 -154.590383573065253
        0.000000003997845  3.371810463126889  21.525252888325483  10.199403174330950  9.007169028050843  0.000012544033847  0.716374254856346  3.306500046299317  12.941512789229350 -154.590383573065253
        0.000000003134776  3.371810463126889  21.525252888325483  10.199403174330950  9.007169028050843  0.000012544033847  0.716374239955184  3.306500095570007  12.941512789229350 -154.590383573065253
        0.000000004381152  3.371810463126889  21.525252888325483  10.199403174330950  9.007169028050843  0.000012544033847  0.716374239955184  3.306500046299317  12.941512982072918 -154.590383573065253
        0.000015277732598  3.371810463126889  21.525252888325483  10.199403174330950  9.007169028050843  0.000012544033847  0.716374239955184  3.306500046299317  12.941512789229350 -154.590385876641477
        0.000117442105364  3.374963784660985  21.328264556653643  9.456373757157410  9.814789234697717  0.000010370275543  0.707300084599249  3.305713526823291  12.872639028715914 -154.590382960119712
        0.000000012954434  3.374963834951865  21.328264556653643  9.456373757157410  9.814789234697717  0.000010370275543  0.707300084599249  3.305713526823291  12.872639028715914 -154.590382960119712
        0.000000011704171  3.374963784660985  21.328264874469550  9.456373757157410  9.814789234697717  0.000010370275543  0.707300084599249  3.305713526823291  12.872639028715914 -154.590382960119712
        0.000000001430012  3.374963784660985  21.328264556653643  9.456373898068360  9.814789234697717  0.000010370275543  0.707300084599249  3.305713526823291  12.872639028715914 -154.590382960119712
        0.000000000318165  3.374963784660985  21.328264556653643  9.456373757157410  9.814789380949472  0.000010370275543  0.707300084599249  3.305713526823291  12.872639028715914 -154.590382960119712
        0.000000000508098  3.374963784660985  21.328264556653643  9.456373757157410  9.814789234697717  0.000010385176704  0.707300084599249  3.305713526823291  12.872639028715914 -154.590382960119712
        0.000000004073593  3.374963784660985  21.328264556653643  9.456373757157410  9.814789234697717  0.000010370275543  0.707300099500411  3.305713526823291  12.872639028715914 -154.590382960119712
        0.000000003181750  3.374963784660985  21.328264556653643  9.456373757157410  9.814789234697717  0.000010370275543  0.707300084599249  3.305713576082261  12.872639028715914 -154.590382960119712
        0.000000004408348  3.374963784660985  21.328264556653643  9.456373757157410  9.814789234697717  0.000010370275543  0.707300084599249  3.305713526823291  12.872639220533184 -154.590382960119712
        0.000015277731925  3.374963784660985  21.328264556653643  9.456373757157410  9.814789234697717  0.000010370275543  0.707300084599249  3.305713526823291  12.872639028715914 -154.590385263695936
        0.000034257388080  3.374968544280015  21.328769862366990  9.457433069983900  9.814183115042686  0.001184577178427  0.707325448830916  3.305706329043118  12.872522436715732 -154.590382962923940
        0.000000012957199  3.374968594570966  21.328769862366990  9.457433069983900  9.814183115042686  0.001184577178427  0.707325448830916  3.305706329043118  12.872522436715732 -154.590382962923940
        0.000000011706675  3.374968544280015  21.328770180190428  9.457433069983900  9.814183115042686  0.001184577178427  0.707325448830916  3.305706329043118  12.872522436715732 -154.590382962923940
        0.000000001430087  3.374968544280015  21.328769862366990  9.457433210910635  9.814183115042686  0.001184577178427  0.707325448830916  3.305706329043118  12.872522436715732 -154.590382962923940
        0.000000000318112  3.374968544280015  21.328769862366990  9.457433069983900  9.814183261285411  0.001184577178427  0.707325448830916  3.305706329043118  12.872522436715732 -154.590382962923940
        0.000000000508083  3.374968544280015  21.328769862366990  9.457433069983900  9.814183115042686  0.001184592079588  0.707325448830916  3.305706329043118  12.872522436715732 -154.590382962923940
        0.000000004073696  3.374968544280015  21.328769862366990  9.457433069983900  9.814183115042686  0.001184577178427  0.707325463732078  3.305706329043118  12.872522436715732 -154.590382962923940
        0.000000003181855  3.374968544280015  21.328769862366990  9.457433069983900  9.814183115042686  0.001184577178427  0.707325448830916  3.305706378301981  12.872522436715732 -154.590382962923940
        0.000000004408449  3.374968544280015  21.328769862366990  9.457433069983900  9.814183115042686  0.001184577178427  0.707325448830916  3.305706329043118  12.872522628531264 -154.590382962923940
        0.000015277731900  3.374968544280015  21.328769862366990  9.457433069983900  9.814183115042686  0.001184577178427  0.707325448830916  3.305706329043118  12.872522436715732 -154.590385266500164
        0.000051684356246  3.373882602674152  21.404480468098409  9.327427867915567  10.018749271154961  0.000657951185557  0.705964520203234  3.306208096383349  12.894973839025008 -154.590384009053821
        0.000000012953857  3.373882652948921  21.404480468098409  9.327427867915567  10.018749271154961  0.000657951185557  0.705964520203234  3.306208096383349  12.894973839025008 -154.590384009053821
        0.000000011704927  3.373882602674152  21.404480787050023  9.327427867915567  10.018749271154961  0.000657951185557  0.705964520203234  3.306208096383349  12.894973839025008 -154.590384009053821
        0.000000001432367  3.373882602674152  21.404480468098409  9.327428006905073  10.018749271154961  0.000657951185557  0.705964520203234  3.306208096383349  12.894973839025008 -154.590384009053821
        0.000000000332244  3.373882602674152  21.404480468098409  9.327427867915567  10.018749420445959  0.000657951185557  0.705964520203234  3.306208096383349  12.894973839025008 -154.590384009053821
        0.000000000518324  3.373882602674152  21.404480468098409  9.327427867915567  10.018749271154961  0.000657966086718  0.705964520203234  3.306208096383349  12.894973839025008 -154.590384009053821
        0.000000004084505  3.373882602674152  21.404480468098409  9.327427867915567  10.018749271154961  0.000657951185557  0.705964535104395  3.306208096383349  12.894973839025008 -154.590384009053821
        0.000000003197263  3.373882602674152  21.404480468098409  9.327427867915567  10.018749271154961  0.000657951185557  0.705964520203234  3.306208145649689  12.894973839025008 -154.590384009053821
        0.000000004399381  3.373882602674152  21.404480468098409  9.327427867915567  10.018749271154961  0.000657951185557  0.705964520203234  3.306208096383349  12.894974031175092 -154.590384009053821
        0.000015277732392  3.373882602674152  21.404480468098409  9.327427867915567  10.018749271154961  0.000657951185557  0.705964520203234  3.306208096383349  12.894973839025008 -154.590386312630045
        0.000021272475478  3.375007661390705  21.324826424268775  9.187518933049345  10.102696196521540  0.000560325570770  0.704877834881481  3.306371806070104  12.868331975065729 -154.590384401063659
        0.000000012960336  3.375007711682238  21.324826424268775  9.187518933049345  10.102696196521540  0.000560325570770  0.704877834881481  3.306371806070104  12.868331975065729 -154.590384401063659
        0.000000011712296  3.375007661390705  21.324826742033451  9.187518933049345  10.102696196521540  0.000560325570770  0.704877834881481  3.306371806070104  12.868331975065729 -154.590384401063659
        0.000000001433701  3.375007661390705  21.324826424268775  9.187519069954046  10.102696196521540  0.000560325570770  0.704877834881481  3.306371806070104  12.868331975065729 -154.590384401063659
        0.000000000342050  3.375007661390705  21.324826424268775  9.187518933049345  10.102696347063445  0.000560325570770  0.704877834881481  3.306371806070104  12.868331975065729 -154.590384401063659
        0.000000000524711  3.375007661390705  21.324826424268775  9.187518933049345  10.102696196521540  0.000560340471931  0.704877834881481  3.306371806070104  12.868331975065729 -154.590384401063659
        0.000000004092524  3.375007661390705  21.324826424268775  9.187518933049345  10.102696196521540  0.000560325570770  0.704877849782642  3.306371806070104  12.868331975065729 -154.590384401063659
        0.000000003197664  3.375007661390705  21.324826424268775  9.187518933049345  10.102696196521540  0.000560325570770  0.704877834881481  3.306371855338883  12.868331975065729 -154.590384401063659
        0.000000004408233  3.375007661390705  21.324826424268775  9.187518933049345  10.102696196521540  0.000560325570770  0.704877834881481  3.306371806070104  12.868332166818819 -154.590384401063659
        0.000015277732538  3.375007661390705  21.324826424268775  9.187518933049345  10.102696196521540  0.000560325570770  0.704877834881481  3.306371806070104  12.868331975065729 -154.590386704639883
        0.000094953082447  3.388415238892438  20.380389474828714  8.727101514435876  9.720046443542484  0.000010599682059  0.704285952492120  3.306456689689006  12.561104770968928 -154.590384643273325
        0.000093942300585  3.378506957833532  21.078846474874016  9.025424693448784  10.054076515568374  0.000023054314170  0.704255378021497  3.306481355348153  12.787647060170139 -154.590384691083727
        0.000000012981827  3.378507008177209  21.078846474874016  9.025424693448784  10.054076515568374  0.000023054314170  0.704255378021497  3.306481355348153  12.787647060170139 -154.590384691083727
        0.000000011733255  3.378506957833532  21.078846788973305  9.025424693448784  10.054076515568374  0.000023054314170  0.704255378021497  3.306481355348153  12.787647060170139 -154.590384691083727
        0.000000001434423  3.378506957833532  21.078846474874016  9.025424827938092  10.054076515568374  0.000023054314170  0.704255378021497  3.306481355348153  12.787647060170139 -154.590384691083727
        0.000000000347533  3.378506957833532  21.078846474874016  9.025424693448784  10.054076665385789  0.000023054314170  0.704255378021497  3.306481355348153  12.787647060170139 -154.590384691083727
        0.000000000526990  3.378506957833532  21.078846474874016  9.025424693448784  10.054076515568374  0.000023069215331  0.704255378021497  3.306481355348153  12.787647060170139 -154.590384691083727
        0.000000004095824  3.378506957833532  21.078846474874016  9.025424693448784  10.054076515568374  0.000023054314170  0.704255392922658  3.306481355348153  12.787647060170139 -154.590384691083727
        0.000000003180359  3.378506957833532  21.078846474874016  9.025424693448784  10.054076515568374  0.000023054314170  0.704255378021497  3.306481404618565  12.787647060170139 -154.590384691083727
        0.000000004435929  3.378506957833532  21.078846474874016  9.025424693448784  10.054076515568374  0.000023054314170  0.704255378021497  3.306481355348153  12.787647250720928 -154.590384691083727
        0.000015277732919  3.378506957833532  21.078846474874016  9.025424693448784  10.054076515568374  0.000023054314170  0.704255378021497  3.306481355348153  12.787647060170139 -154.590386994659980
        0.000018429796651  3.378512468054962  21.078846577403414  9.025424727406003  10.054076582804433  0.000023177715564  0.704260045035302  3.306482211178309  12.787644309991974 -154.590384371108456
        0.000000012982308  3.378512518398721  21.078846577403414  9.025424727406003  10.054076582804433  0.000023177715564  0.704260045035302  3.306482211178309  12.787644309991974 -154.590384371108456
        0.000000011733690  3.378512468054962  21.078846891502707  9.025424727406003  10.054076582804433  0.000023177715564  0.704260045035302  3.306482211178309  12.787644309991974 -154.590384371108456
        0.000000001434431  3.378512468054962  21.078846577403414  9.025424861895312  10.054076582804433  0.000023177715564  0.704260045035302  3.306482211178309  12.787644309991974 -154.590384371108456
        0.000000000347537  3.378512468054962  21.078846577403414  9.025424727406003  10.054076732621848  0.000023177715564  0.704260045035302  3.306482211178309  12.787644309991974 -154.590384371108456
        0.000000000526992  3.378512468054962  21.078846577403414  9.025424727406003  10.054076582804433  0.000023192616725  0.704260045035302  3.306482211178309  12.787644309991974 -154.590384371108456
        0.000000004095887  3.378512468054962  21.078846577403414  9.025424727406003  10.054076582804433  0.000023177715564  0.704260059936463  3.306482211178309  12.787644309991974 -154.590384371108456
        0.000000003180417  3.378512468054962  21.078846577403414  9.025424727406003  10.054076582804433  0.000023177715564  0.704260045035302  3.306482260448734  12.787644309991974 -154.590384371108456
        0.000000004435996  3.378512468054962  21.078846577403414  9.025424727406003  10.054076582804433  0.000023177715564  0.704260045035302  3.306482211178309  12.787644500542722 -154.590384371108456
        0.000015277732692  3.378512468054962  21.078846577403414  9.025424727406003  10.054076582804433  0.000023177715564  0.704260045035302  3.306482211178309  12.787644309991974 -154.590386674684680
        0.000013535794760  3.379336543701048  21.022387511991028  8.997766252191871  10.030906221540201  0.000003903413003  0.704215040673699  3.306494367153632  12.769022832254306 -154.590384726748482
        0.000000012988020  3.379336594057087  21.022387511991028  8.997766252191871  10.030906221540201  0.000003903413003  0.704215040673699  3.306494367153632  12.769022832254306 -154.590384726748482
        0.000000011739089  3.379336543701048  21.022387825249012  8.997766252191871  10.030906221540201  0.000003903413003  0.704215040673699  3.306494367153632  12.769022832254306 -154.590384726748482
        0.000000001434547  3.379336543701048  21.022387511991028  8.997766386269037  10.030906221540201  0.000003903413003  0.704215040673699  3.306494367153632  12.769022832254306 -154.590384726748482
        0.000000000347849  3.379336543701048  21.022387511991028  8.997766252191871  10.030906371012351  0.000003903413003  0.704215040673699  3.306494367153632  12.769022832254306 -154.590384726748482
        0.000000000526850  3.379336543701048  21.022387511991028  8.997766252191871  10.030906221540201  0.000003918314164  0.704215040673699  3.306494367153632  12.769022832254306 -154.590384726748482
        0.000000004095927  3.379336543701048  21.022387511991028  8.997766252191871  10.030906221540201  0.000003903413003  0.704215055574860  3.306494367153632  12.769022832254306 -154.590384726748482
        0.000000003175712  3.379336543701048  21.022387511991028  8.997766252191871  10.030906221540201  0.000003903413003  0.704215040673699  3.306494416424237  12.769022832254306 -154.590384726748482
        0.000000004442636  3.379336543701048  21.022387511991028  8.997766252191871  10.030906221540201  0.000003903413003  0.704215040673699  3.306494367153632  12.769023022527573 -154.590384726748482
        0.000015277732885  3.379336543701048  21.022387511991028  8.997766252191871  10.030906221540201  0.000003903413003  0.704215040673699  3.306494367153632  12.769022832254306 -154.590387030324734
        0.000015449907494  3.379184125056397  21.032770581038509  9.009534583686724  10.027293030370767  0.000002539979774  0.704292944691956  3.306504940002512  12.772473443470677 -154.590384724445897
        0.000000012987194  3.379184175410165  21.032770581038509  9.009534583686724  10.027293030370767  0.000002539979774  0.704292944691956  3.306504940002512  12.772473443470677 -154.590384724445897
        0.000000011738209  3.379184125056397  21.032770894451215  9.009534583686724  10.027293030370767  0.000002539979774  0.704292944691956  3.306504940002512  12.772473443470677 -154.590384724445897
        0.000000001434457  3.379184125056397  21.032770581038509  9.009534717939252  10.027293030370767  0.000002539979774  0.704292944691956  3.306504940002512  12.772473443470677 -154.590384724445897
        0.000000000347146  3.379184125056397  21.032770581038509  9.009534583686724  10.027293179789078  0.000002539979774  0.704292944691956  3.306504940002512  12.772473443470677 -154.590384724445897
        0.000000000526456  3.379184125056397  21.032770581038509  9.009534583686724  10.027293030370767  0.000002554880935  0.704292944691956  3.306504940002512  12.772473443470677 -154.590384724445897
        0.000000004095359  3.379184125056397  21.032770581038509  9.009534583686724  10.027293030370767  0.000002539979774  0.704292959593117  3.306504940002512  12.772473443470677 -154.590384724445897
        0.000000003176036  3.379184125056397  21.032770581038509  9.009534583686724  10.027293030370767  0.000002539979774  0.704292944691956  3.306504989273275  12.772473443470677 -154.590384724445897
        0.000000004441446  3.379184125056397  21.032770581038509  9.009534583686724  10.027293030370767  0.000002539979774  0.704292944691956  3.306504940002512  12.772473633795363 -154.590384724445897
        0.000015277732894  3.379184125056397  21.032770581038509  9.009534583686724  10.027293030370767  0.000002539979774  0.704292944691956  3.306504940002512  12.772473443470677 -154.590387028022150
2023-06-01 19:20:24.623827
