/projects/wagner/highthroughput/mick_graphene_paper/3_data/1_kc_fitting
2023-06-01 19:10:26.748937
use a starting guess from the old fit
starting guess parameters:  [ 3.37942338e+00  1.81846722e+01  1.33942071e+01  3.55913531e-03
  6.07493500e+00  7.19345289e-01  3.29308248e+00  1.39067829e+01
 -1.54589368e+02]
     1025.507820120405995  3.379423382381699  18.184672181803677  13.394207130830571  0.003559135312169  6.074935002291668  0.719345289329483  3.293082477932360  13.906782892134125 -154.589367648541639
        0.000000014064352  3.379423432739032  18.184672181803677  13.394207130830571  0.003559135312169  6.074935002291668  0.719345289329483  3.293082477932360  13.906782892134125 -154.589367648541639
        0.000000012948553  3.379423382381699  18.184672452776407  13.394207130830571  0.003559135312169  6.074935002291668  0.719345289329483  3.293082477932360  13.906782892134125 -154.589367648541639
        0.000000001160716  3.379423382381699  18.184672181803677  13.394207330419810  0.003559135312169  6.074935002291668  0.719345289329483  3.293082477932360  13.906782892134125 -154.589367648541639
        0.000000000478097  3.379423382381699  18.184672181803677  13.394207130830571  0.003559150213330  6.074935002291668  0.719345289329483  3.293082477932360  13.906782892134125 -154.589367648541639
        0.000000000825815  3.379423382381699  18.184672181803677  13.394207130830571  0.003559135312169  6.074935092815254  0.719345289329483  3.293082477932360  13.906782892134125 -154.589367648541639
        0.000000002214007  3.379423382381699  18.184672181803677  13.394207130830571  0.003559135312169  6.074935002291668  0.719345304230644  3.293082477932360  13.906782892134125 -154.589367648541639
        0.000000002625951  3.379423382381699  18.184672181803677  13.394207130830571  0.003559135312169  6.074935002291668  0.719345289329483  3.293082527003112  13.906782892134125 -154.589367648541639
        0.000000004345417  3.379423382381699  18.184672181803677  13.394207130830571  0.003559135312169  6.074935002291668  0.719345289329483  3.293082477932360  13.906783099361338 -154.589367648541639
        0.000015277412315  3.379423382381699  18.184672181803677  13.394207130830571  0.003559135312169  6.074935002291668  0.719345289329483  3.293082477932360  13.906782892134125 -154.589369952102714
        0.001370568869730  3.373184698708995  18.627265213581829  12.989093280249699  0.003645744063728  6.378535374295703  0.722868413638163  3.254067409583142  14.122969472537571 -154.589460799712896
        0.000000013638576  3.373184748973364  18.627265213581829  12.989093280249699  0.003645744063728  6.378535374295703  0.722868413638163  3.254067409583142  14.122969472537571 -154.589460799712896
        0.000000012537373  3.373184698708995  18.627265491149711  12.989093280249699  0.003645744063728  6.378535374295703  0.722868413638163  3.254067409583142  14.122969472537571 -154.589460799712896
        0.000000001158090  3.373184698708995  18.627265213581829  12.989093473802273  0.003645744063728  6.378535374295703  0.722868413638163  3.254067409583142  14.122969472537571 -154.589460799712896
        0.000000000452074  3.373184698708995  18.627265213581829  12.989093280249699  0.003645758964890  6.378535374295703  0.722868413638163  3.254067409583142  14.122969472537571 -154.589460799712896
        0.000000000854017  3.373184698708995  18.627265213581829  12.989093280249699  0.003645744063728  6.378535469343287  0.722868413638163  3.254067409583142  14.122969472537571 -154.589460799712896
        0.000000002134908  3.373184698708995  18.627265213581829  12.989093280249699  0.003645744063728  6.378535374295703  0.722868428539324  3.254067409583142  14.122969472537571 -154.589460799712896
        0.000000002653206  3.373184698708995  18.627265213581829  12.989093280249699  0.003645744063728  6.378535374295703  0.722868413638163  3.254067458072525  14.122969472537571 -154.589460799712896
        0.000000004250071  3.373184698708995  18.627265213581829  12.989093280249699  0.003645744063728  6.378535374295703  0.722868413638163  3.254067409583142  14.122969682986216 -154.589460799712896
        0.000015277409869  3.373184698708995  18.627265213581829  12.989093280249699  0.003645744063728  6.378535374295703  0.722868413638163  3.254067409583142  14.122969472537571 -154.589463103275364
        0.000587514069477  3.378119305245354  18.191027670482324  12.694244159039375  0.003548372661003  6.616768264640095  0.720422783166700  3.232420480835357  14.156798544761857 -154.589346734813830
        0.000000013524299  3.378119355583254  18.191027670482324  12.694244159039375  0.003548372661003  6.616768264640095  0.720422783166700  3.232420480835357  14.156798544761857 -154.589346734813830
        0.000000012446328  3.378119305245354  18.191027941549759  12.694244159039375  0.003548372661003  6.616768264640095  0.720422783166700  3.232420480835357  14.156798544761857 -154.589346734813830
        0.000000001142086  3.378119305245354  18.191027670482324  12.694244348198353  0.003548372661003  6.616768264640095  0.720422783166700  3.232420480835357  14.156798544761857 -154.589346734813830
        0.000000000444131  3.378119305245354  18.191027670482324  12.694244159039375  0.003548387562164  6.616768264640095  0.720422783166700  3.232420480835357  14.156798544761857 -154.589346734813830
        0.000000000904130  3.378119305245354  18.191027670482324  12.694244159039375  0.003548372661003  6.616768363237625  0.720422783166700  3.232420480835357  14.156798544761857 -154.589346734813830
        0.000000002061659  3.378119305245354  18.191027670482324  12.694244159039375  0.003548372661003  6.616768264640095  0.720422798067862  3.232420480835357  14.156798544761857 -154.589346734813830
        0.000000002640054  3.378119305245354  18.191027670482324  12.694244159039375  0.003548372661003  6.616768264640095  0.720422783166700  3.232420529002176  14.156798544761857 -154.589346734813830
        0.000000004282571  3.378119305245354  18.191027670482324  12.694244159039375  0.003548372661003  6.616768264640095  0.720422783166700  3.232420480835357  14.156798755714595 -154.589346734813830
        0.000015277368306  3.378119305245354  18.191027670482324  12.694244159039375  0.003548372661003  6.616768264640095  0.720422783166700  3.232420480835357  14.156798544761857 -154.589349038374593
        0.000177462150039  3.383060713837969  17.723978128510463  12.729863139220742  0.003439313391904  6.785048138596246  0.710633801978128  3.227868219288606  14.079928399437309 -154.589308453160925
        0.000000013530590  3.383060764249502  17.723978128510463  12.729863139220742  0.003439313391904  6.785048138596246  0.710633801978128  3.227868219288606  14.079928399437309 -154.589308453160925
        0.000000012474907  3.383060713837969  17.723978392618317  12.729863139220742  0.003439313391904  6.785048138596246  0.710633801978128  3.227868219288606  14.079928399437309 -154.589308453160925
        0.000000001127755  3.383060713837969  17.723978128510463  12.729863328910485  0.003439313391904  6.785048138596246  0.710633801978128  3.227868219288606  14.079928399437309 -154.589308453160925
        0.000000000444935  3.383060713837969  17.723978128510463  12.729863139220742  0.003439328293065  6.785048138596246  0.710633801978128  3.227868219288606  14.079928399437309 -154.589308453160925
        0.000000000945369  3.383060713837969  17.723978128510463  12.729863139220742  0.003439313391904  6.785048239701342  0.710633801978128  3.227868219288606  14.079928399437309 -154.589308453160925
        0.000000002023729  3.383060713837969  17.723978128510463  12.729863139220742  0.003439313391904  6.785048138596246  0.710633816879289  3.227868219288606  14.079928399437309 -154.589308453160925
        0.000000002634236  3.383060713837969  17.723978128510463  12.729863139220742  0.003439313391904  6.785048138596246  0.710633801978128  3.227868267387591  14.079928399437309 -154.589308453160925
        0.000000004310585  3.383060713837969  17.723978128510463  12.729863139220742  0.003439313391904  6.785048138596246  0.710633801978128  3.227868219288606  14.079928609244591 -154.589308453160925
        0.000015277355492  3.383060713837969  17.723978128510463  12.729863139220742  0.003439313391904  6.785048138596246  0.710633801978128  3.227868219288606  14.079928399437309 -154.589310756721119
        0.000049555461069  3.385693064353260  17.510624769726856  12.744795754678563  0.003172842997835  6.813670341643168  0.706402326537020  3.227481769076428  14.021057888543098 -154.589303538781110
        0.000000013543111  3.385693114804018  17.510624769726856  12.744795754678563  0.003172842997835  6.813670341643168  0.706402326537020  3.227481769076428  14.021057888543098 -154.589303538781110
        0.000000012495194  3.385693064353260  17.510625030655500  12.744795754678563  0.003172842997835  6.813670341643168  0.706402326537020  3.227481769076428  14.021057888543098 -154.589303538781110
        0.000000001123173  3.385693064353260  17.510624769726856  12.744795944590820  0.003172842997835  6.813670341643168  0.706402326537020  3.227481769076428  14.021057888543098 -154.589303538781110
        0.000000000446083  3.385693064353260  17.510624769726856  12.744795754678563  0.003172857898996  6.813670341643168  0.706402326537020  3.227481769076428  14.021057888543098 -154.589303538781110
        0.000000000958404  3.385693064353260  17.510624769726856  12.744795754678563  0.003172842997835  6.813670443174768  0.706402326537020  3.227481769076428  14.021057888543098 -154.589303538781110
        0.000000002015556  3.385693064353260  17.510624769726856  12.744795754678563  0.003172842997835  6.813670341643168  0.706402341438181  3.227481769076428  14.021057888543098 -154.589303538781110
        0.000000002629528  3.385693064353260  17.510624769726856  12.744795754678563  0.003172842997835  6.813670341643168  0.706402326537020  3.227481817169655  14.021057888543098 -154.589303538781110
        0.000000004327642  3.385693064353260  17.510624769726856  12.744795754678563  0.003172842997835  6.813670341643168  0.706402326537020  3.227481769076428  14.021058097473141 -154.589303538781110
        0.000015277353786  3.385693064353260  17.510624769726856  12.744795754678563  0.003172842997835  6.813670341643168  0.706402326537020  3.227481769076428  14.021057888543098 -154.589305842341247
        0.000069777528799  3.391257022663536  17.120951309037899  12.641854829265473  0.002542151749740  6.796314723089327  0.701873812442602  3.226402010218855  13.894950214712649 -154.589294348547838
        0.000000013571064  3.391257073197204  17.120951309037899  12.641854829265473  0.002542151749740  6.796314723089327  0.701873812442602  3.226402010218855  13.894950214712649 -154.589294348547838
        0.000000012531582  3.391257022663536  17.120951564159956  12.641854829265473  0.002542151749740  6.796314723089327  0.701873812442602  3.226402010218855  13.894950214712649 -154.589294348547838
        0.000000001117537  3.391257022663536  17.120951309037899  12.641855017643790  0.002542151749740  6.796314723089327  0.701873812442602  3.226402010218855  13.894950214712649 -154.589294348547838
        0.000000000446325  3.391257022663536  17.120951309037899  12.641854829265473  0.002542166650901  6.796314723089327  0.701873812442602  3.226402010218855  13.894950214712649 -154.589294348547838
        0.000000000973858  3.391257022663536  17.120951309037899  12.641854829265473  0.002542151749740  6.796314824362308  0.701873812442602  3.226402010218855  13.894950214712649 -154.589294348547838
        0.000000002003432  3.391257022663536  17.120951309037899  12.641854829265473  0.002542151749740  6.796314723089327  0.701873827343763  3.226402010218855  13.894950214712649 -154.589294348547838
        0.000000002610895  3.391257022663536  17.120951309037899  12.641854829265473  0.002542151749740  6.796314723089327  0.701873812442602  3.226402058295992  13.894950214712649 -154.589294348547838
        0.000000004368624  3.391257022663536  17.120951309037899  12.641854829265473  0.002542151749740  6.796314723089327  0.701873812442602  3.226402010218855  13.894950421763543 -154.589294348547838
        0.000015277350594  3.391257022663536  17.120951309037899  12.641854829265473  0.002542151749740  6.796314723089327  0.701873812442602  3.226402010218855  13.894950214712649 -154.589296652107834
        0.000015878217201  3.389524096939649  17.212825826680387  12.734393846591928  0.002109817585598  6.841732503678850  0.701249124505652  3.226686581163517  13.936681874599845 -154.589295587535076
        0.000000013562069  3.389524147447494  17.212825826680387  12.734393846591928  0.002109817585598  6.841732503678850  0.701249124505652  3.226686581163517  13.936681874599845 -154.589295587535076
        0.000000012523839  3.389524096939649  17.212826083171478  12.734393846591928  0.002109817585598  6.841732503678850  0.701249124505652  3.226686581163517  13.936681874599845 -154.589295587535076
        0.000000001117351  3.389524096939649  17.212825826680387  12.734394036349183  0.002109817585598  6.841732503678850  0.701249124505652  3.226686581163517  13.936681874599845 -154.589295587535076
        0.000000000447097  3.389524096939649  17.212825826680387  12.734393846591928  0.002109832486759  6.841732503678850  0.701249124505652  3.226686581163517  13.936681874599845 -154.589295587535076
        0.000000000975393  3.389524096939649  17.212825826680387  12.734393846591928  0.002109817585598  6.841732605628609  0.701249124505652  3.226686581163517  13.936681874599845 -154.589295587535076
        0.000000002003974  3.389524096939649  17.212825826680387  12.734393846591928  0.002109817585598  6.841732503678850  0.701249139406813  3.226686581163517  13.936681874599845 -154.589295587535076
        0.000000002621030  3.389524096939649  17.212825826680387  12.734393846591928  0.002109817585598  6.841732503678850  0.701249124505652  3.226686629244894  13.936681874599845 -154.589295587535076
        0.000000004353320  3.389524096939649  17.212825826680387  12.734393846591928  0.002109817585598  6.841732503678850  0.701249124505652  3.226686581163517  13.936682082272588 -154.589295587535076
        0.000015277350993  3.389524096939649  17.212825826680387  12.734393846591928  0.002109817585598  6.841732503678850  0.701249124505652  3.226686581163517  13.936681874599845 -154.589297891095100
        0.000016017438103  3.389522177311388  17.212929435196767  12.733690070427556  0.000138784341227  6.841785842369280  0.701310762568594  3.226685824738152  13.936733769509836 -154.589295585003924
        0.000000013562182  3.389522227819204  17.212929435196767  12.733690070427556  0.000138784341227  6.841785842369280  0.701310762568594  3.226685824738152  13.936733769509836 -154.589295585003924
        0.000000012523888  3.389522177311388  17.212929691689403  12.733690070427556  0.000138784341227  6.841785842369280  0.701310762568594  3.226685824738152  13.936733769509836 -154.589295585003924
        0.000000001117324  3.389522177311388  17.212929435196767  12.733690260174324  0.000138784341227  6.841785842369280  0.701310762568594  3.226685824738152  13.936733769509836 -154.589295585003924
        0.000000000447116  3.389522177311388  17.212929435196767  12.733690070427556  0.000138799242388  6.841785842369280  0.701310762568594  3.226685824738152  13.936733769509836 -154.589295585003924
        0.000000000975391  3.389522177311388  17.212929435196767  12.733690070427556  0.000138784341227  6.841785944319834  0.701310762568594  3.226685824738152  13.936733769509836 -154.589295585003924
        0.000000002003752  3.389522177311388  17.212929435196767  12.733690070427556  0.000138784341227  6.841785842369280  0.701310777469755  3.226685824738152  13.936733769509836 -154.589295585003924
        0.000000002620874  3.389522177311388  17.212929435196767  12.733690070427556  0.000138784341227  6.841785842369280  0.701310762568594  3.226685872819517  13.936733769509836 -154.589295585003924
        0.000000004353297  3.389522177311388  17.212929435196767  12.733690070427556  0.000138784341227  6.841785842369280  0.701310762568594  3.226685824738152  13.936733977183351 -154.589295585003924
        0.000015277351010  3.389522177311388  17.212929435196767  12.733690070427556  0.000138784341227  6.841785842369280  0.701310762568594  3.226685824738152  13.936733769509836 -154.589297888563948
        0.000015608101045  3.389535355290178  17.212801994788695  12.732003118209759  0.000138634233247  6.841918325508134  0.701341355023479  3.226592232853006  13.937057902004980 -154.589295178728179
        0.000001412229336  3.389529616605163  17.212903743189752  12.733268808557293  0.000138752457479  6.841820776172545  0.701316292050708  3.226652957032761  13.936784960011776 -154.589295500362624
        0.000000013562225  3.389529667113090  17.212903743189752  12.733268808557293  0.000138752457479  6.841820776172545  0.701316292050708  3.226652957032761  13.936784960011776 -154.589295500362624
        0.000000012523939  3.389529616605163  17.212903999682005  12.733268808557293  0.000138752457479  6.841820776172545  0.701316292050708  3.226652957032761  13.936784960011776 -154.589295500362624
        0.000000001117347  3.389529616605163  17.212903743189752  12.733268998297785  0.000138752457479  6.841820776172545  0.701316292050708  3.226652957032761  13.936784960011776 -154.589295500362624
        0.000000000447113  3.389529616605163  17.212903743189752  12.733268808557293  0.000138767358640  6.841820776172545  0.701316292050708  3.226652957032761  13.936784960011776 -154.589295500362624
        0.000000000975414  3.389529616605163  17.212903743189752  12.733268808557293  0.000138752457479  6.841820878123619  0.701316292050708  3.226652957032761  13.936784960011776 -154.589295500362624
        0.000000002003738  3.389529616605163  17.212903743189752  12.733268808557293  0.000138752457479  6.841820776172545  0.701316306951869  3.226652957032761  13.936784960011776 -154.589295500362624
        0.000000002620879  3.389529616605163  17.212903743189752  12.733268808557293  0.000138752457479  6.841820776172545  0.701316292050708  3.226653005113636  13.936784960011776 -154.589295500362624
        0.000000004353396  3.389529616605163  17.212903743189752  12.733268808557293  0.000138752457479  6.841820776172545  0.701316292050708  3.226652957032761  13.936785167686056 -154.589295500362624
        0.000015277350959  3.389529616605163  17.212903743189752  12.733268808557293  0.000138752457479  6.841820776172545  0.701316292050708  3.226652957032761  13.936784960011776 -154.589297803922648
2023-06-01 19:18:52.225408
