/projects/wagner/highthroughput/mick_graphene_paper/3_data/kc_fitting_dft
2022-08-18 09:36:56.258906
energy_inf: -154.89183204249554
     2536.019385218373827  3.416084000000000  20.021583000000000  10.905510700000001  4.275635400000000  0.010010836000000  0.844712200000000  2.936058400000000  14.313258800000000 -154.891832042495537
        0.000000018717218  3.416084050903618  20.021583000000000  10.905510700000001  4.275635400000000  0.010010836000000  0.844712200000000  2.936058400000000  14.313258800000000 -154.891832042495537
        0.000000019282189  3.416084000000000  20.021583298344837  10.905510700000001  4.275635400000000  0.010010836000000  0.844712200000000  2.936058400000000  14.313258800000000 -154.891832042495537
        0.000000002760085  3.416084000000000  20.021583000000000  10.905510862504773  4.275635400000000  0.010010836000000  0.844712200000000  2.936058400000000  14.313258800000000 -154.891832042495537
        0.000000000499340  3.416084000000000  20.021583000000000  10.905510700000001  4.275635463711932  0.010010836000000  0.844712200000000  2.936058400000000  14.313258800000000 -154.891832042495537
        0.000000000455390  3.416084000000000  20.021583000000000  10.905510700000001  4.275635400000000  0.010010850901161  0.844712200000000  2.936058400000000  14.313258800000000 -154.891832042495537
        0.000000007626080  3.416084000000000  20.021583000000000  10.905510700000001  4.275635400000000  0.010010836000000  0.844712214901161  2.936058400000000  14.313258800000000 -154.891832042495537
        0.000000008542471  3.416084000000000  20.021583000000000  10.905510700000001  4.275635400000000  0.010010836000000  0.844712200000000  2.936058443750679  14.313258800000000 -154.891832042495537
        0.000000009622645  3.416084000000000  20.021583000000000  10.905510700000001  4.275635400000000  0.010010836000000  0.844712200000000  2.936058400000000  14.313259013284176 -154.891832042495537
        0.000037775266475  3.416084000000000  20.021583000000000  10.905510700000001  4.275635400000000  0.010010836000000  0.844712200000000  2.936058400000000  14.313258800000000 -154.891834350563698
        0.067835448326110  3.312682348267461  14.586218086738322  7.350378278038820  8.810879130272946  10.609941818876139  0.448091213466693  2.940468944863448  14.166500063137645 -154.891530899987288
        0.000000015377060  3.312682397630275  14.586218086738322  7.350378278038820  8.810879130272946  10.609941818876139  0.448091213466693  2.940468944863448  14.166500063137645 -154.891530899987288
        0.000000015381816  3.312682348267461  14.586218304089909  7.350378278038820  8.810879130272946  10.609941818876139  0.448091213466693  2.940468944863448  14.166500063137645 -154.891530899987288
        0.000000001467623  3.312682348267461  14.586218086738322  7.350378387567992  8.810879130272946  10.609941818876139  0.448091213466693  2.940468944863448  14.166500063137645 -154.891530899987288
        0.000000000410831  3.312682348267461  14.586218086738322  7.350378278038820  8.810879261565276  10.609941818876139  0.448091213466693  2.940468944863448  14.166500063137645 -154.891530899987288
        0.000000002387499  3.312682348267461  14.586218086738322  7.350378278038820  8.810879130272946  10.609941976976593  0.448091213466693  2.940468944863448  14.166500063137645 -154.891530899987288
        0.000000003545836  3.312682348267461  14.586218086738322  7.350378278038820  8.810879130272946  10.609941818876139  0.448091228367854  2.940468944863448  14.166500063137645 -154.891530899987288
        0.000000007970899  3.312682348267461  14.586218086738322  7.350378278038820  8.810879130272946  10.609941818876139  0.448091213466693  2.940468988679849  14.166500063137645 -154.891530899987288
        0.000000004959381  3.312682348267461  14.586218086738322  7.350378278038820  8.810879130272946  10.609941818876139  0.448091213466693  2.940468944863448  14.166500274234947 -154.891530899987288
        0.000037776862841  3.312682348267461  14.586218086738322  7.350378278038820  8.810879130272946  10.609941818876139  0.448091213466693  2.940468944863448  14.166500063137645 -154.891533208050959
        0.024029583200735  3.272781373869739  15.012559497326425  7.901816337165420  9.444914679092195  10.374460967383200  0.473357732411356  2.922613856203500  15.368913468369394 -154.890975436557397
        0.000000016958218  3.272781422637982  15.012559497326425  7.901816337165420  9.444914679092195  10.374460967383200  0.473357732411356  2.922613856203500  15.368913468369394 -154.890975436557397
        0.000000017326035  3.272781373869739  15.012559721030994  7.901816337165420  9.444914679092195  10.374460967383200  0.473357732411356  2.922613856203500  15.368913468369394 -154.890975436557397
        0.000000001343026  3.272781373869739  15.012559497326425  7.901816454911659  9.444914679092195  10.374460967383200  0.473357732411356  2.922613856203500  15.368913468369394 -154.890975436557397
        0.000000000400849  3.272781373869739  15.012559497326425  7.901816337165420  9.444914819832391  10.374460967383200  0.473357732411356  2.922613856203500  15.368913468369394 -154.890975436557397
        0.000000002033073  3.272781373869739  15.012559497326425  7.901816337165420  9.444914679092195  10.374461121974715  0.473357732411356  2.922613856203500  15.368913468369394 -154.890975436557397
        0.000000003026737  3.272781373869739  15.012559497326425  7.901816337165420  9.444914679092195  10.374460967383200  0.473357747312517  2.922613856203500  15.368913468369394 -154.890975436557397
        0.000000007607312  3.272781373869739  15.012559497326425  7.901816337165420  9.444914679092195  10.374460967383200  0.473357732411356  2.922613899753840  15.368913468369394 -154.890975436557397
        0.000000004874311  3.272781373869739  15.012559497326425  7.901816337165420  9.444914679092195  10.374460967383200  0.473357732411356  2.922613856203500  15.368913697384050 -154.890975436557397
        0.000037776659144  3.272781373869739  15.012559497326425  7.901816337165420  9.444914679092195  10.374460967383200  0.473357732411356  2.922613856203500  15.368913468369394 -154.890977744612798
        0.006376543366791  3.258501399633051  17.697679316587333  8.553994110447368  10.310683195090336  9.715769683895138  0.510673264439078  3.017842179537258  16.252408710648719 -154.889711907682312
        0.000000018405433  3.258501448188506  17.697679316587333  8.553994110447368  10.310683195090336  9.715769683895138  0.510673264439078  3.017842179537258  16.252408710648719 -154.889711907682312
        0.000000018843062  3.258501399633051  17.697679580303305  8.553994110447368  10.310683195090336  9.715769683895138  0.510673264439078  3.017842179537258  16.252408710648719 -154.889711907682312
        0.000000001511862  3.258501399633051  17.697679316587333  8.553994237911812  10.310683195090336  9.715769683895138  0.510673264439078  3.017842179537258  16.252408710648719 -154.889711907682312
        0.000000000419457  3.258501399633051  17.697679316587333  8.553994110447368  10.310683348731489  9.715769683895138  0.510673264439078  3.017842179537258  16.252408710648719 -154.889711907682312
        0.000000001653343  3.258501399633051  17.697679316587333  8.553994110447368  10.310683195090336  9.715769828671387  0.510673264439078  3.017842179537258  16.252408710648719 -154.889711907682312
        0.000000003027459  3.258501399633051  17.697679316587333  8.553994110447368  10.310683195090336  9.715769683895138  0.510673279340240  3.017842179537258  16.252408710648719 -154.889711907682312
        0.000000007694981  3.258501399633051  17.697679316587333  8.553994110447368  10.310683195090336  9.715769683895138  0.510673264439078  3.017842224506611  16.252408710648719 -154.889711907682312
        0.000000005260867  3.258501399633051  17.697679316587333  8.553994110447368  10.310683195090336  9.715769683895138  0.510673264439078  3.017842179537258  16.252408952828482 -154.889711907682312
        0.000037776114788  3.258501399633051  17.697679316587333  8.553994110447368  10.310683195090336  9.715769683895138  0.510673264439078  3.017842179537258  16.252408710648719 -154.889714215718868
        0.002311377590596  3.230373050223858  20.798158875401256  9.032076512689176  11.098961946132171  9.035302210440694  0.547075538302846  3.081044503452959  16.946192501972011 -154.889485594791722
        0.000000018921540  3.230373098360168  20.798158875401256  9.032076512689176  11.098961946132171  9.035302210440694  0.547075538302846  3.081044503452959  16.946192501972011 -154.889485594791722
        0.000000019418773  3.230373050223858  20.798159185317974  9.032076512689176  11.098961946132171  9.035302210440694  0.547075538302846  3.081044503452959  16.946192501972011 -154.889485594791722
        0.000000001626385  3.230373050223858  20.798158875401256  9.032076647277604  11.098961946132171  9.035302210440694  0.547075538302846  3.081044503452959  16.946192501972011 -154.889485594791722
        0.000000000416072  3.230373050223858  20.798158875401256  9.032076512689176  11.098962111519592  9.035302210440694  0.547075538302846  3.081044503452959  16.946192501972011 -154.889485594791722
        0.000000001269106  3.230373050223858  20.798158875401256  9.032076512689176  11.098961946132171  9.035302345077188  0.547075538302846  3.081044503452959  16.946192501972011 -154.889485594791722
        0.000000003223310  3.230373050223858  20.798158875401256  9.032076512689176  11.098961946132171  9.035302210440694  0.547075553204007  3.081044503452959  16.946192501972011 -154.889485594791722
        0.000000007889402  3.230373050223858  20.798158875401256  9.032076512689176  11.098961946132171  9.035302210440694  0.547075538302846  3.081044549364099  16.946192501972011 -154.889485594791722
        0.000000005174730  3.230373050223858  20.798158875401256  9.032076512689176  11.098961946132171  9.035302210440694  0.547075538302846  3.081044503452959  16.946192754489957 -154.889485594791722
        0.000037776141908  3.230373050223858  20.798158875401256  9.032076512689176  11.098961946132171  9.035302210440694  0.547075538302846  3.081044503452959  16.946192501972011 -154.889487902824925
        0.001415613258381  3.215397116001202  22.761206413133053  9.544823035149623  11.896796410205196  8.384814644233893  0.562499691525149  3.104275420283529  17.278106271270754 -154.889530049344842
        0.000000019129958  3.215397163914353  22.761206413133053  9.544823035149623  11.896796410205196  8.384814644233893  0.562499691525149  3.104275420283529  17.278106271270754 -154.889530049344842
        0.000000019669558  3.215397116001202  22.761206752301458  9.544823035149623  11.896796410205196  8.384814644233893  0.562499691525149  3.104275420283529  17.278106271270754 -154.889530049344842
        0.000000001697960  3.215397116001202  22.761206413133053  9.544823177378570  11.896796410205196  8.384814644233893  0.562499691525149  3.104275420283529  17.278106271270754 -154.889530049344842
        0.000000000430072  3.215397116001202  22.761206413133053  9.544823035149623  11.896796587481278  8.384814644233893  0.562499691525149  3.104275420283529  17.278106271270754 -154.889530049344842
        0.000000001036462  3.215397116001202  22.761206413133053  9.544823035149623  11.896796410205196  8.384814769177368  0.562499691525149  3.104275420283529  17.278106271270754 -154.889530049344842
        0.000000003558642  3.215397116001202  22.761206413133053  9.544823035149623  11.896796410205196  8.384814644233893  0.562499706426310  3.104275420283529  17.278106271270754 -154.889530049344842
        0.000000008079472  3.215397116001202  22.761206413133053  9.544823035149623  11.896796410205196  8.384814644233893  0.562499691525149  3.104275466540837  17.278106271270754 -154.889530049344842
        0.000000005129153  3.215397116001202  22.761206413133053  9.544823035149623  11.896796410205196  8.384814644233893  0.562499691525149  3.104275420283529  17.278106528734600 -154.889530049344842
        0.000037776220104  3.215397116001202  22.761206413133053  9.544823035149623  11.896796410205196  8.384814644233893  0.562499691525149  3.104275420283529  17.278106271270754 -154.889532357378698
        0.001595560294559  3.174246107119943  27.030414458869629  10.472443153205077  13.784649387172523  7.275608782725511  0.591474944265872  3.171381265426863  17.973229718677931 -154.889865058939307
        0.000000019109636  3.174246154419896  27.030414458869629  10.472443153205077  13.784649387172523  7.275608782725511  0.591474944265872  3.171381265426863  17.973229718677931 -154.889865058939307
        0.000000019695483  3.174246107119943  27.030414861654190  10.472443153205077  13.784649387172523  7.275608782725511  0.591474944265872  3.171381265426863  17.973229718677931 -154.889865058939307
        0.000000001767815  3.174246107119943  27.030414458869629  10.472443309256640  13.784649387172523  7.275608782725511  0.591474944265872  3.171381265426863  17.973229718677931 -154.889865058939307
        0.000000000457002  3.174246107119943  27.030414458869629  10.472443153205077  13.784649592579806  7.275608782725511  0.591474944265872  3.171381265426863  17.973229718677931 -154.889865058939307
        0.000000000639149  3.174246107119943  27.030414458869629  10.472443153205077  13.784649387172523  7.275608891140530  0.591474944265872  3.171381265426863  17.973229718677931 -154.889865058939307
        0.000000004085522  3.174246107119943  27.030414458869629  10.472443153205077  13.784649387172523  7.275608782725511  0.591474959167033  3.171381265426863  17.973229718677931 -154.889865058939307
        0.000000008346766  3.174246107119943  27.030414458869629  10.472443153205077  13.784649387172523  7.275608782725511  0.591474944265872  3.171381312684127  17.973229718677931 -154.889865058939307
        0.000000004758554  3.174246107119943  27.030414458869629  10.472443153205077  13.784649387172523  7.275608782725511  0.591474944265872  3.171381265426863  17.973229986499923 -154.889865058939307
        0.000037776596196  3.174246107119943  27.030414458869629  10.472443153205077  13.784649387172523  7.275608782725511  0.591474944265872  3.171381265426863  17.973229718677931 -154.889867366978166
        0.001507310545416  3.171992389453673  27.820273222510455  10.794506409088834  14.394389833812538  6.862856602759674  0.588474979119574  3.180721277636751  17.993597212467538 -154.889914129482747
        0.000000019227030  3.171992436720043  27.820273222510455  10.794506409088834  14.394389833812538  6.862856602759674  0.588474979119574  3.180721277636751  17.993597212467538 -154.889914129482747
        0.000000019820208  3.171992389453673  27.820273637064830  10.794506409088834  14.394389833812538  6.862856602759674  0.588474979119574  3.180721277636751  17.993597212467538 -154.889914129482747
        0.000000001804401  3.171992389453673  27.820273222510455  10.794506569939514  14.394389833812538  6.862856602759674  0.588474979119574  3.180721277636751  17.993597212467538 -154.889914129482747
        0.000000000475485  3.171992389453673  27.820273222510455  10.794506409088834  14.394390048305661  6.862856602759674  0.588474979119574  3.180721277636751  17.993597212467538 -154.889914129482747
        0.000000000585847  3.171992389453673  27.820273222510455  10.794506409088834  14.394389833812538  6.862856705024207  0.588474979119574  3.180721277636751  17.993597212467538 -154.889914129482747
        0.000000004261906  3.171992389453673  27.820273222510455  10.794506409088834  14.394389833812538  6.862856602759674  0.588474994020735  3.180721277636751  17.993597212467538 -154.889914129482747
        0.000000008378067  3.171992389453673  27.820273222510455  10.794506409088834  14.394389833812538  6.862856602759674  0.588474979119574  3.180721325033192  17.993597212467538 -154.889914129482747
        0.000000004799084  3.171992389453673  27.820273222510455  10.794506409088834  14.394389833812538  6.862856602759674  0.588474979119574  3.180721277636751  17.993597480593031 -154.889914129482747
        0.000037776631666  3.171992389453673  27.820273222510455  10.794506409088834  14.394389833812538  6.862856602759674  0.588474979119574  3.180721277636751  17.993597212467538 -154.889916437522317
        0.000483525588750  3.176319395556473  27.871174329299098  10.775654542487112  14.393752442535733  6.019844972423856  0.594465994607174  3.203750669109068  17.625089344640639 -154.890032337357098
        0.000000019141448  3.176319442887320  27.871174329299098  10.775654542487112  14.393752442535733  6.019844972423856  0.594465994607174  3.203750669109068  17.625089344640639 -154.890032337357098
        0.000000019731065  3.176319395556473  27.871174744611960  10.775654542487112  14.393752442535733  6.019844972423856  0.594465994607174  3.203750669109068  17.625089344640639 -154.890032337357098
        0.000000001829528  3.176319395556473  27.871174329299098  10.775654703056878  14.393752442535733  6.019844972423856  0.594465994607174  3.203750669109068  17.625089344640639 -154.890032337357098
        0.000000000482506  3.176319395556473  27.871174329299098  10.775654542487112  14.393752657019359  6.019844972423856  0.594465994607174  3.203750669109068  17.625089344640639 -154.890032337357098
        0.000000000499464  3.176319395556473  27.871174329299098  10.775654542487112  14.393752442535733  6.019845062126536  0.594465994607174  3.203750669109068  17.625089344640639 -154.890032337357098
        0.000000004462522  3.176319395556473  27.871174329299098  10.775654542487112  14.393752442535733  6.019844972423856  0.594466009508336  3.203750669109068  17.625089344640639 -154.890032337357098
        0.000000008280784  3.176319395556473  27.871174329299098  10.775654542487112  14.393752442535733  6.019844972423856  0.594465994607174  3.203750716848674  17.625089344640639 -154.890032337357098
        0.000000004884289  3.176319395556473  27.871174329299098  10.775654542487112  14.393752442535733  6.019844972423856  0.594465994607174  3.203750669109068  17.625089607274937 -154.890032337357098
        0.000037776755087  3.176319395556473  27.871174329299098  10.775654542487112  14.393752442535733  6.019844972423856  0.594465994607174  3.203750669109068  17.625089344640639 -154.890034645398430
        0.000787793551077  3.166971497880427  29.644825740273326  10.681026103973858  15.444772579142581  4.762529280520963  0.611316338303699  3.229877121440658  17.677307117975026 -154.890173727541168
        0.000000019104538  3.166971545071980  29.644825740273326  10.681026103973858  15.444772579142581  4.762529280520963  0.611316338303699  3.229877121440658  17.677307117975026 -154.890173727541168
        0.000000019721816  3.166971497880427  29.644826182015652  10.681026103973858  15.444772579142581  4.762529280520963  0.611316338303699  3.229877121440658  17.677307117975026 -154.890173727541168
        0.000000001891420  3.166971497880427  29.644825740273326  10.681026263133550  15.444772579142581  4.762529280520963  0.611316338303699  3.229877121440658  17.677307117975026 -154.890173727541168
        0.000000000535088  3.166971497880427  29.644825740273326  10.681026103973858  15.444772809287628  4.762529280520963  0.611316338303699  3.229877121440658  17.677307117975026 -154.890173727541168
        0.000000000431652  3.166971497880427  29.644825740273326  10.681026103973858  15.444772579142581  4.762529351488179  0.611316338303699  3.229877121440658  17.677307117975026 -154.890173727541168
        0.000000004885003  3.166971497880427  29.644825740273326  10.681026103973858  15.444772579142581  4.762529280520963  0.611316353204860  3.229877121440658  17.677307117975026 -154.890173727541168
        0.000000008399170  3.166971497880427  29.644825740273326  10.681026103973858  15.444772579142581  4.762529280520963  0.611316338303699  3.229877169569577  17.677307117975026 -154.890173727541168
        0.000000004861214  3.166971497880427  29.644825740273326  10.681026103973858  15.444772579142581  4.762529280520963  0.611316338303699  3.229877121440658  17.677307381387429 -154.890173727541168
        0.000037776899291  3.166971497880427  29.644825740273326  10.681026103973858  15.444772579142581  4.762529280520963  0.611316338303699  3.229877121440658  17.677307117975026 -154.890176035584602
        0.000485736371976  3.163341992076602  30.306714068674008  10.352376014069677  16.366639257950670  4.361710737401924  0.611126680674731  3.239609418235507  17.711840358530576 -154.890219077500689
        0.000000019143566  3.163342039214071  30.306714068674008  10.352376014069677  16.366639257950670  4.361710737401924  0.611126680674731  3.239609418235507  17.711840358530576 -154.890219077500689
        0.000000019767918  3.163341992076602  30.306714520279240  10.352376014069677  16.366639257950670  4.361710737401924  0.611126680674731  3.239609418235507  17.711840358530576 -154.890219077500689
        0.000000001913288  3.163341992076602  30.306714068674008  10.352376168332100  16.366639257950670  4.361710737401924  0.611126680674731  3.239609418235507  17.711840358530576 -154.890219077500689
        0.000000000587377  3.163341992076602  30.306714068674008  10.352376014069677  16.366639501832601  4.361710737401924  0.611126680674731  3.239609418235507  17.711840358530576 -154.890219077500689
        0.000000000471932  3.163341992076602  30.306714068674008  10.352376014069677  16.366639257950670  4.361710802396479  0.611126680674731  3.239609418235507  17.711840358530576 -154.890219077500689
        0.000000005022346  3.163341992076602  30.306714068674008  10.352376014069677  16.366639257950670  4.361710737401924  0.611126695575892  3.239609418235507  17.711840358530576 -154.890219077500689
        0.000000008430297  3.163341992076602  30.306714068674008  10.352376014069677  16.366639257950670  4.361710737401924  0.611126680674731  3.239609466509449  17.711840358530576 -154.890219077500689
        0.000000004858500  3.163341992076602  30.306714068674008  10.352376014069677  16.366639257950670  4.361710737401924  0.611126680674731  3.239609418235507  17.711840622457565 -154.890219077500689
        0.000037776946833  3.163341992076602  30.306714068674008  10.352376014069677  16.366639257950670  4.361710737401924  0.611126680674731  3.239609418235507  17.711840358530576 -154.890221385544805
        0.000388128436450  3.169929499129552  30.442292058632798  10.084805885949136  16.466528018246350  3.160561801181039  0.624852444123551  3.244740095751180  17.410847979532196 -154.890258328942366
        0.000000019116009  3.169929546365183  30.442292058632798  10.084805885949136  16.466528018246350  3.160561801181039  0.624852444123551  3.244740095751180  17.410847979532196 -154.890258328942366
        0.000000019769040  3.169929499129552  30.442292512258298  10.084805885949136  16.466528018246350  3.160561801181039  0.624852444123551  3.244740095751180  17.410847979532196 -154.890258328942366
        0.000000001969412  3.169929499129552  30.442292058632798  10.084806036224453  16.466528018246350  3.160561801181039  0.624852444123551  3.244740095751180  17.410847979532196 -154.890258328942366
        0.000000000624973  3.169929499129552  30.442292058632798  10.084805885949136  16.466528263616738  3.160561801181039  0.624852444123551  3.244740095751180  17.410847979532196 -154.890258328942366
        0.000000000571976  3.169929499129552  30.442292058632798  10.084805885949136  16.466528018246350  3.160561848277080  0.624852444123551  3.244740095751180  17.410847979532196 -154.890258328942366
        0.000000005410903  3.169929499129552  30.442292058632798  10.084805885949136  16.466528018246350  3.160561801181039  0.624852459024712  3.244740095751180  17.410847979532196 -154.890258328942366
        0.000000008470170  3.169929499129552  30.442292058632798  10.084805885949136  16.466528018246350  3.160561801181039  0.624852444123551  3.244740144101576  17.410847979532196 -154.890258328942366
        0.000000005008978  3.169929499129552  30.442292058632798  10.084805885949136  16.466528018246350  3.160561801181039  0.624852444123551  3.244740095751180  17.410848238974047 -154.890258328942366
        0.000037776990820  3.169929499129552  30.442292058632798  10.084805885949136  16.466528018246350  3.160561801181039  0.624852444123551  3.244740095751180  17.410847979532196 -154.890260636987080
        0.000468831872649  3.154336473823399  32.469239101643794  9.069603336699499  19.140258364820159  2.508542171337373  0.623160474403998  3.268770041861496  17.715860849651161 -154.890374462924086
        0.000000019144372  3.154336520826675  32.469239101643794  9.069603336699499  19.140258364820159  2.508542171337373  0.623160474403998  3.268770041861496  17.715860849651161 -154.890374462924086
        0.000000019802701  3.154336473823399  32.469239585473161  9.069603336699499  19.140258364820159  2.508542171337373  0.623160474403998  3.268770041861496  17.715860849651161 -154.890374462924086
        0.000000002005550  3.154336473823399  32.469239101643794  9.069603471847120  19.140258364820159  2.508542171337373  0.623160474403998  3.268770041861496  17.715860849651161 -154.890374462924086
        0.000000000762010  3.154336473823399  32.469239101643794  9.069603336699499  19.140258650032234  2.508542171337373  0.623160474403998  3.268770041861496  17.715860849651161 -154.890374462924086
        0.000000000743151  3.154336473823399  32.469239101643794  9.069603336699499  19.140258364820159  2.508542208717564  0.623160474403998  3.268770041861496  17.715860849651161 -154.890374462924086
        0.000000005632607  3.154336473823399  32.469239101643794  9.069603336699499  19.140258364820159  2.508542171337373  0.623160489305159  3.268770041861496  17.715860849651161 -154.890374462924086
        0.000000008597251  3.154336473823399  32.469239101643794  9.069603336699499  19.140258364820159  2.508542171337373  0.623160474403998  3.268770090569965  17.715860849651161 -154.890374462924086
        0.000000004880651  3.154336473823399  32.469239101643794  9.069603336699499  19.140258364820159  2.508542171337373  0.623160474403998  3.268770041861496  17.715861113638059 -154.890374462924086
        0.000037777108249  3.154336473823399  32.469239101643794  9.069603336699499  19.140258364820159  2.508542171337373  0.623160474403998  3.268770041861496  17.715860849651161 -154.890376770970533
        0.001027905078243  3.162771292265777  33.286849453150616  9.069245010126837  19.764407844659218  0.010201287642961  0.647199893640243  3.281947802825826  17.254210047294471 -154.890466242545642
        0.000000019071979  3.162771339394742  33.286849453150616  9.069245010126837  19.764407844659218  0.010201287642961  0.647199893640243  3.281947802825826  17.254210047294471 -154.890466242545642
        0.000000019782245  3.162771292265777  33.286849949163326  9.069245010126837  19.764407844659218  0.010201287642961  0.647199893640243  3.281947802825826  17.254210047294471 -154.890466242545642
        0.000000002127558  3.162771292265777  33.286849453150616  9.069245145269118  19.764407844659218  0.010201287642961  0.647199893640243  3.281947802825826  17.254210047294471 -154.890466242545642
        0.000000000846536  3.162771292265777  33.286849453150616  9.069245010126837  19.764408139171845  0.010201287642961  0.647199893640243  3.281947802825826  17.254210047294471 -154.890466242545642
        0.000000001007881  3.162771292265777  33.286849453150616  9.069245010126837  19.764407844659218  0.010201302544122  0.647199893640243  3.281947802825826  17.254210047294471 -154.890466242545642
        0.000000006325070  3.162771292265777  33.286849453150616  9.069245010126837  19.764407844659218  0.010201287642961  0.647199908541404  3.281947802825826  17.254210047294471 -154.890466242545642
        0.000000008749546  3.162771292265777  33.286849453150616  9.069245010126837  19.764407844659218  0.010201287642961  0.647199893640243  3.281947851730659  17.254210047294471 -154.890466242545642
        0.000000005124215  3.162771292265777  33.286849453150616  9.069245010126837  19.764407844659218  0.010201287642961  0.647199893640243  3.281947802825826  17.254210304402235 -154.890466242545642
        0.000037777205332  3.162771292265777  33.286849453150616  9.069245010126837  19.764407844659218  0.010201287642961  0.647199893640243  3.281947802825826  17.254210047294471 -154.890468550593454
        0.000572461241489  3.163565747215588  33.187017298183164  8.991538684392543  19.951127152465361  0.010033078935638  0.644334907870063  3.283625503807198  17.219088297082006 -154.890476356934983
        0.000000019098456  3.163565794356392  33.187017298183164  8.991538684392543  19.951127152465361  0.010033078935638  0.644334907870063  3.283625503807198  17.219088297082006 -154.890476356934983
        0.000000019808076  3.163565747215588  33.187017792708261  8.991538684392543  19.951127152465361  0.010033078935638  0.644334907870063  3.283625503807198  17.219088297082006 -154.890476356934983
        0.000000002124970  3.163565747215588  33.187017298183164  8.991538818376910  19.951127152465361  0.010033078935638  0.644334907870063  3.283625503807198  17.219088297082006 -154.890476356934983
        0.000000000857322  3.163565747215588  33.187017298183164  8.991538684392543  19.951127449760321  0.010033078935638  0.644334907870063  3.283625503807198  17.219088297082006 -154.890476356934983
        0.000000001015986  3.163565747215588  33.187017298183164  8.991538684392543  19.951127152465361  0.010033093836799  0.644334907870063  3.283625503807198  17.219088297082006 -154.890476356934983
        0.000000006332066  3.163565747215588  33.187017298183164  8.991538684392543  19.951127152465361  0.010033078935638  0.644334922771224  3.283625503807198  17.219088297082006 -154.890476356934983
        0.000000008735930  3.163565747215588  33.187017298183164  8.991538684392543  19.951127152465361  0.010033078935638  0.644334907870063  3.283625552737031  17.219088297082006 -154.890476356934983
        0.000000005140758  3.163565747215588  33.187017298183164  8.991538684392543  19.951127152465361  0.010033078935638  0.644334907870063  3.283625503807198  17.219088553666417 -154.890476356934983
        0.000037777211483  3.163565747215588  33.187017298183164  8.991538684392543  19.951127152465361  0.010033078935638  0.644334907870063  3.283625503807198  17.219088297082006 -154.890478664982936
        0.000267310365962  3.159660683032564  33.609629600521238  6.488252705389247  22.521721739342496  0.005796185398492  0.633959427980147  3.293809832992281  17.275322411767036 -154.890515162149995
        0.000000019103531  3.159660730115177  33.609629600521238  6.488252705389247  22.521721739342496  0.005796185398492  0.633959427980147  3.293809832992281  17.275322411767036 -154.890515162149995
        0.000000019792878  3.159660683032564  33.609630101343747  6.488252705389247  22.521721739342496  0.005796185398492  0.633959427980147  3.293809832992281  17.275322411767036 -154.890515162149995
        0.000000002144185  3.159660683032564  33.609629600521238  6.488252802071746  22.521721739342496  0.005796185398492  0.633959427980147  3.293809832992281  17.275322411767036 -154.890515162149995
        0.000000001049118  3.159660683032564  33.609629600521238  6.488252705389247  22.521722074942303  0.005796185398492  0.633959427980147  3.293809832992281  17.275322411767036 -154.890515162149995
        0.000000001126496  3.159660683032564  33.609629600521238  6.488252705389247  22.521721739342496  0.005796200299654  0.633959427980147  3.293809832992281  17.275322411767036 -154.890515162149995
        0.000000006369138  3.159660683032564  33.609629600521238  6.488252705389247  22.521721739342496  0.005796185398492  0.633959442881308  3.293809832992281  17.275322411767036 -154.890515162149995
        0.000000008778354  3.159660683032564  33.609629600521238  6.488252705389247  22.521721739342496  0.005796185398492  0.633959427980147  3.293809882073873  17.275322411767036 -154.890515162149995
        0.000000005093580  3.159660683032564  33.609629600521238  6.488252705389247  22.521721739342496  0.005796185398492  0.633959427980147  3.293809832992281  17.275322669189400 -154.890515162149995
        0.000037777250429  3.159660683032564  33.609629600521238  6.488252705389247  22.521721739342496  0.005796185398492  0.633959427980147  3.293809832992281  17.275322411767036 -154.890517470198517
        0.000164132157088  3.159680760728210  33.615975393161690  6.496435226727039  22.520301500704946  0.006787233139211  0.634104674473293  3.293840795954906  17.274029365980461 -154.890515480423716
        0.000000019093838  3.159680807811123  33.615975393161690  6.496435226727039  22.520301500704946  0.006787233139211  0.634104674473293  3.293840795954906  17.274029365980461 -154.890515480423716
        0.000000019781903  3.159680760728210  33.615975894078758  6.496435226727039  22.520301500704946  0.006787233139211  0.634104674473293  3.293840795954906  17.274029365980461 -154.890515480423716
        0.000000002144759  3.159680760728210  33.615975393161690  6.496435323531467  22.520301500704946  0.006787233139211  0.634104674473293  3.293840795954906  17.274029365980461 -154.890515480423716
        0.000000001049065  3.159680760728210  33.615975393161690  6.496435226727039  22.520301836283590  0.006787233139211  0.634104674473293  3.293840795954906  17.274029365980461 -154.890515480423716
        0.000000001126721  3.159680760728210  33.615975393161690  6.496435226727039  22.520301500704946  0.006787248040372  0.634104674473293  3.293840795954906  17.274029365980461 -154.890515480423716
        0.000000006371699  3.159680760728210  33.615975393161690  6.496435226727039  22.520301500704946  0.006787233139211  0.634104689374454  3.293840795954906  17.274029365980461 -154.890515480423716
        0.000000008782520  3.159680760728210  33.615975393161690  6.496435226727039  22.520301500704946  0.006787233139211  0.634104674473293  3.293840845036959  17.274029365980461 -154.890515480423716
        0.000000005091714  3.159680760728210  33.615975393161690  6.496435226727039  22.520301500704946  0.006787233139211  0.634104674473293  3.293840795954906  17.274029623383555 -154.890515480423716
        0.000037777251158  3.159680760728210  33.615975393161690  6.496435226727039  22.520301500704946  0.006787233139211  0.634104674473293  3.293840795954906  17.274029365980461 -154.890517788472266
        0.000149054537807  3.158426700546321  33.754235566429287  6.436363455117711  22.605014138926848  0.000937431898661  0.634783867045833  3.293404317112286  17.319298810194322 -154.890513225478571
        0.000000019099851  3.158426747610546  33.754235566429287  6.436363455117711  22.605014138926848  0.000937431898661  0.634783867045833  3.293404317112286  17.319298810194322 -154.890513225478571
        0.000000019789959  3.158426700546321  33.754236069406595  6.436363455117711  22.605014138926848  0.000937431898661  0.634783867045833  3.293404317112286  17.319298810194322 -154.890513225478571
        0.000000002146381  3.158426700546321  33.754235566429287  6.436363551027000  22.605014138926848  0.000937431898661  0.634783867045833  3.293404317112286  17.319298810194322 -154.890513225478571
        0.000000001052503  3.158426700546321  33.754235566429287  6.436363455117711  22.605014475767806  0.000937431898661  0.634783867045833  3.293404317112286  17.319298810194322 -154.890513225478571
        0.000000001128070  3.158426700546321  33.754235566429287  6.436363455117711  22.605014138926848  0.000937446799822  0.634783867045833  3.293404317112286  17.319298810194322 -154.890513225478571
        0.000000006371174  3.158426700546321  33.754235566429287  6.436363455117711  22.605014138926848  0.000937431898661  0.634783881946994  3.293404317112286  17.319298810194322 -154.890513225478571
        0.000000008796129  3.158426700546321  33.754235566429287  6.436363455117711  22.605014138926848  0.000937431898661  0.634783867045833  3.293404366187835  17.319298810194322 -154.890513225478571
        0.000000005078251  3.158426700546321  33.754235566429287  6.436363455117711  22.605014138926848  0.000937431898661  0.634783867045833  3.293404317112286  17.319299068271985 -154.890513225478571
        0.000037777248524  3.158426700546321  33.754235566429287  6.436363455117711  22.605014138926848  0.000937431898661  0.634783867045833  3.293404317112286  17.319298810194322 -154.890515533527065
        0.000043231145333  3.153727831184983  34.277588613425266  6.120555106300086  23.297798423176410  0.000389941320450  0.633463148851808  3.294648203382213  17.465166576574450 -154.890518002363365
        0.000000019117814  3.153727878179190  34.277588613425266  6.120555106300086  23.297798423176410  0.000389941320450  0.633463148851808  3.294648203382213  17.465166576574450 -154.890518002363365
        0.000000019809609  3.153727831184983  34.277589124201143  6.120555106300086  23.297798423176410  0.000389941320450  0.633463148851808  3.294648203382213  17.465166576574450 -154.890518002363365
        0.000000002149452  3.153727831184983  34.277588613425266  6.120555197503465  23.297798423176410  0.000389941320450  0.633463148851808  3.294648203382213  17.465166576574450 -154.890518002363365
        0.000000001081077  3.153727831184983  34.277588613425266  6.120555106300086  23.297798770340659  0.000389941320450  0.633463148851808  3.294648203382213  17.465166576574450 -154.890518002363365
        0.000000001145763  3.153727831184983  34.277588613425266  6.120555106300086  23.297798423176410  0.000389956221611  0.633463148851808  3.294648203382213  17.465166576574450 -154.890518002363365
        0.000000006376847  3.153727831184983  34.277588613425266  6.120555106300086  23.297798423176410  0.000389941320450  0.633463163752969  3.294648203382213  17.465166576574450 -154.890518002363365
        0.000000008842649  3.153727831184983  34.277588613425266  6.120555106300086  23.297798423176410  0.000389941320450  0.633463148851808  3.294648252476297  17.465166576574450 -154.890518002363365
        0.000000005028531  3.153727831184983  34.277588613425266  6.120555106300086  23.297798423176410  0.000389941320450  0.633463148851808  3.294648203382213  17.465166836825713 -154.890518002363365
        0.000037777253849  3.153727831184983  34.277588613425266  6.120555106300086  23.297798423176410  0.000389941320450  0.633463148851808  3.294648203382213  17.465166576574450 -154.890520310411944
        0.000048212837478  3.153732058395779  34.277814333932078  6.121459295727068  23.297418515927134  0.000650584473856  0.633473574414835  3.294652133630842  17.464963296297970 -154.890518035511917
        0.000000019116919  3.153732105390048  34.277814333932078  6.121459295727068  23.297418515927134  0.000650584473856  0.633473574414835  3.294652133630842  17.464963296297970 -154.890518035511917
        0.000000019808570  3.153732058395779  34.277814844711315  6.121459295727068  23.297418515927134  0.000650584473856  0.633473574414835  3.294652133630842  17.464963296297970 -154.890518035511917
        0.000000002149482  3.153732058395779  34.277814333932078  6.121459386943920  23.297418515927134  0.000650584473856  0.633473574414835  3.294652133630842  17.464963296297970 -154.890518035511917
        0.000000001081053  3.153732058395779  34.277814333932078  6.121459295727068  23.297418863085724  0.000650584473856  0.633473574414835  3.294652133630842  17.464963296297970 -154.890518035511917
        0.000000001145762  3.153732058395779  34.277814333932078  6.121459295727068  23.297418515927134  0.000650599375018  0.633473574414835  3.294652133630842  17.464963296297970 -154.890518035511917
        0.000000006377039  3.153732058395779  34.277814333932078  6.121459295727068  23.297418515927134  0.000650584473856  0.633473589315997  3.294652133630842  17.464963296297970 -154.890518035511917
        0.000000008842993  3.153732058395779  34.277814333932078  6.121459295727068  23.297418515927134  0.000650584473856  0.633473574414835  3.294652182724985  17.464963296297970 -154.890518035511917
        0.000000005028356  3.153732058395779  34.277814333932078  6.121459295727068  23.297418515927134  0.000650584473856  0.633473574414835  3.294652133630842  17.464963556546202 -154.890518035511917
        0.000037777253868  3.153732058395779  34.277814333932078  6.121459295727068  23.297418515927134  0.000650584473856  0.633473574414835  3.294652133630842  17.464963296297970 -154.890520343560496
        0.000040089937997  3.157191728114908  33.889679890447809  6.000277892552451  23.075072150345367  0.000113782006477  0.633335957197757  3.294795868067300  17.349465575072273 -154.890518563248804
        0.000000019102040  3.157191775160731  33.889679890447809  6.000277892552451  23.075072150345367  0.000113782006477  0.633335957197757  3.294795868067300  17.349465575072273 -154.890518563248804
        0.000000019789870  3.157191728114908  33.889680395443392  6.000277892552451  23.075072150345367  0.000113782006477  0.633335957197757  3.294795868067300  17.349465575072273 -154.890518563248804
        0.000000002149965  3.157191728114908  33.889679890447809  6.000277981963559  23.075072150345367  0.000113782006477  0.633335957197757  3.294795868067300  17.349465575072273 -154.890518563248804
        0.000000001084671  3.157191728114908  33.889679890447809  6.000277892552451  23.075072494190735  0.000113782006477  0.633335957197757  3.294795868067300  17.349465575072273 -154.890518563248804
        0.000000001146383  3.157191728114908  33.889679890447809  6.000277892552451  23.075072150345367  0.000113796907639  0.633335957197757  3.294795868067300  17.349465575072273 -154.890518563248804
        0.000000006376188  3.157191728114908  33.889679890447809  6.000277892552451  23.075072150345367  0.000113782006477  0.633335972098918  3.294795868067300  17.349465575072273 -154.890518563248804
        0.000000008808524  3.157191728114908  33.889679890447809  6.000277892552451  23.075072150345367  0.000113782006477  0.633335957197757  3.294795917163584  17.349465575072273 -154.890518563248804
        0.000000005064045  3.157191728114908  33.889679890447809  6.000277892552451  23.075072150345367  0.000113782006477  0.633335957197757  3.294795868067300  17.349465833599456 -154.890518563248804
        0.000037777254267  3.157191728114908  33.889679890447809  6.000277892552451  23.075072150345367  0.000113782006477  0.633335957197757  3.294795868067300  17.349465575072273 -154.890520871297383
        0.000035999155831  3.161834197559680  33.374740615784205  5.869520670261569  22.756073848412562  0.000037080570016  0.633221727518018  3.294894007833298  17.196457611602685 -154.890518923217257
        0.000009309087309  3.158364114071512  33.762212063213056  5.942154976967940  23.016579831759142  0.000037845705099  0.633234540601420  3.294882988088386  17.310959121020542 -154.890518871497648
        0.000000019097156  3.158364161134805  33.762212063213056  5.942154976967940  23.016579831759142  0.000037845705099  0.633234540601420  3.294882988088386  17.310959121020542 -154.890518871497648
        0.000000019783504  3.158364114071512  33.762212566309223  5.942154976967940  23.016579831759142  0.000037845705099  0.633234540601420  3.294882988088386  17.310959121020542 -154.890518871497648
        0.000000002150448  3.158364114071512  33.762212063213056  5.942155065512949  23.016579831759142  0.000037845705099  0.633234540601420  3.294882988088386  17.310959121020542 -154.890518871497648
        0.000000001087211  3.158364114071512  33.762212063213056  5.942154976967940  23.016580174732908  0.000037845705099  0.633234540601420  3.294882988088386  17.310959121020542 -154.890518871497648
        0.000000001147401  3.158364114071512  33.762212063213056  5.942154976967940  23.016579831759142  0.000037860606261  0.633234540601420  3.294882988088386  17.310959121020542 -154.890518871497648
        0.000000006376649  3.158364114071512  33.762212063213056  5.942154976967940  23.016579831759142  0.000037845705099  0.633234555502581  3.294882988088386  17.310959121020542 -154.890518871497648
        0.000000008797680  3.158364114071512  33.762212063213056  5.942154976967940  23.016579831759142  0.000037845705099  0.633234540601420  3.294883037185968  17.310959121020542 -154.890518871497648
        0.000000005076183  3.158364114071512  33.762212063213056  5.942154976967940  23.016579831759142  0.000037845705099  0.633234540601420  3.294882988088386  17.310959378973934 -154.890518871497648
        0.000037777254253  3.158364114071512  33.762212063213056  5.942154976967940  23.016579831759142  0.000037845705099  0.633234540601420  3.294882988088386  17.310959121020542 -154.890521179546226
        0.000037606877977  3.159524023717942  33.633406812350401  5.923311559399419  22.925659326958275  0.000001454603177  0.633245837991603  3.294879120380834  17.272904958341933 -154.890518845438038
        0.000000019092413  3.159524070798518  33.633406812350401  5.923311559399419  22.925659326958275  0.000001454603177  0.633245837991603  3.294879120380834  17.272904958341933 -154.890518845438038
        0.000000019777624  3.159524023717942  33.633407313527215  5.923311559399419  22.925659326958275  0.000001454603177  0.633245837991603  3.294879120380834  17.272904958341933 -154.890518845438038
        0.000000002150425  3.159524023717942  33.633406812350401  5.923311647663639  22.925659326958275  0.000001454603177  0.633245837991603  3.294879120380834  17.272904958341933 -154.890518845438038
        0.000000001086954  3.159524023717942  33.633406812350401  5.923311559399419  22.925659668577222  0.000001454603177  0.633245837991603  3.294879120380834  17.272904958341933 -154.890518845438038
        0.000000001146797  3.159524023717942  33.633406812350401  5.923311559399419  22.925659326958275  0.000001469504338  0.633245837991603  3.294879120380834  17.272904958341933 -154.890518845438038
        0.000000006376072  3.159524023717942  33.633406812350401  5.923311559399419  22.925659326958275  0.000001454603177  0.633245852892765  3.294879120380834  17.272904958341933 -154.890518845438038
        0.000000008785973  3.159524023717942  33.633406812350401  5.923311559399419  22.925659326958275  0.000001454603177  0.633245837991603  3.294879169478359  17.272904958341933 -154.890518845438038
        0.000000005088228  3.159524023717942  33.633406812350401  5.923311559399419  22.925659326958275  0.000001454603177  0.633245837991603  3.294879120380834  17.272905215728272 -154.890518845438038
        0.000037777254226  3.159524023717942  33.633406812350401  5.923311559399419  22.925659326958275  0.000001454603177  0.633245837991603  3.294879120380834  17.272904958341933 -154.890521153486617
        0.000037749745066  3.159751461044062  33.608443263994133  5.901847549990171  22.922532341404722  0.000000068389577  0.633192143792198  3.294935259487348  17.265104588703451 -154.890519054358919
        0.000000879831452  3.159570818142361  33.628464382403308  5.916756743905615  22.926896781511036  0.000000464359945  0.633227800605346  3.294899066231833  17.271279761172988 -154.890518920046304
        0.000000326736648  3.159536351249034  33.632285006880387  5.921639815823814  22.926067995644967  0.000001013966043  0.633240996702560  3.294885604353071  17.272503344267168 -154.890518869987005
        0.000000019092332  3.159536398329795  33.632285006880387  5.921639815823814  22.926067995644967  0.000001013966043  0.633240996702560  3.294885604353071  17.272503344267168 -154.890518869987005
        0.000000019777501  3.159536351249034  33.632285508040489  5.921639815823814  22.926067995644967  0.000001013966043  0.633240996702560  3.294885604353071  17.272503344267168 -154.890518869987005
        0.000000002150438  3.159536351249034  33.632285006880387  5.921639904063123  22.926067995644967  0.000001013966043  0.633240996702560  3.294885604353071  17.272503344267168 -154.890518869987005
        0.000000001087051  3.159536351249034  33.632285006880387  5.921639815823814  22.926068337270003  0.000001013966043  0.633240996702560  3.294885604353071  17.272503344267168 -154.890518869987005
        0.000000001146851  3.159536351249034  33.632285006880387  5.921639815823814  22.926067995644967  0.000001028867204  0.633240996702560  3.294885604353071  17.272503344267168 -154.890518869987005
        0.000000006376093  3.159536351249034  33.632285006880387  5.921639815823814  22.926067995644967  0.000001013966043  0.633241011603721  3.294885604353071  17.272503344267168 -154.890518869987005
        0.000000008785901  3.159536351249034  33.632285006880387  5.921639815823814  22.926067995644967  0.000001013966043  0.633240996702560  3.294885653450692  17.272503344267168 -154.890518869987005
        0.000000005088351  3.159536351249034  33.632285006880387  5.921639815823814  22.926067995644967  0.000001013966043  0.633240996702560  3.294885604353071  17.272503601647525 -154.890518869987005
        0.000037777254208  3.159536351249034  33.632285006880387  5.921639815823814  22.926067995644967  0.000001013966043  0.633240996702560  3.294885604353071  17.272503344267168 -154.890521178035584
2022-08-18 11:37:09.434023
