/projects/wagner/highthroughput/mick_graphene_paper/3_data/kc_fitting_dft
2022-08-17 14:18:57.679031
energy_inf: -154.89183204249554
     2536.019385218373827  3.416084000000000  20.021583000000000  10.905510700000001  4.275635400000000  0.010010836000000  0.844712200000000  2.936058400000000  14.313258800000000 -154.891832042495537
        0.000000018717218  3.416084050903618  20.021583000000000  10.905510700000001  4.275635400000000  0.010010836000000  0.844712200000000  2.936058400000000  14.313258800000000 -154.891832042495537
        0.000000019282189  3.416084000000000  20.021583298344837  10.905510700000001  4.275635400000000  0.010010836000000  0.844712200000000  2.936058400000000  14.313258800000000 -154.891832042495537
        0.000000002760085  3.416084000000000  20.021583000000000  10.905510862504773  4.275635400000000  0.010010836000000  0.844712200000000  2.936058400000000  14.313258800000000 -154.891832042495537
        0.000000000499340  3.416084000000000  20.021583000000000  10.905510700000001  4.275635463711932  0.010010836000000  0.844712200000000  2.936058400000000  14.313258800000000 -154.891832042495537
        0.000000000455390  3.416084000000000  20.021583000000000  10.905510700000001  4.275635400000000  0.010010850901161  0.844712200000000  2.936058400000000  14.313258800000000 -154.891832042495537
        0.000000007626080  3.416084000000000  20.021583000000000  10.905510700000001  4.275635400000000  0.010010836000000  0.844712214901161  2.936058400000000  14.313258800000000 -154.891832042495537
        0.000000008542471  3.416084000000000  20.021583000000000  10.905510700000001  4.275635400000000  0.010010836000000  0.844712200000000  2.936058443750679  14.313258800000000 -154.891832042495537
        0.000000009622645  3.416084000000000  20.021583000000000  10.905510700000001  4.275635400000000  0.010010836000000  0.844712200000000  2.936058400000000  14.313259013284176 -154.891832042495537
        0.000037775266475  3.416084000000000  20.021583000000000  10.905510700000001  4.275635400000000  0.010010836000000  0.844712200000000  2.936058400000000  14.313258800000000 -154.891834350563698
        0.248710026613894  3.358744740345019  1.485160675567656  0.600192681180831  7.402795880342282  26.399442100119138  0.160173050851707  2.936915047275825  14.241484006358537 -154.891702401776513
        0.207113496907702  3.311819103722802  17.013442639882282  8.749996515053621  6.432309590896780  7.348687999693251  0.579301913220906  2.889482786169091  14.184379417418322 -154.891634340258946
        0.000000016029229  3.311819153072752  17.013442639882282  8.749996515053621  6.432309590896780  7.348687999693251  0.579301913220906  2.889482786169091  14.184379417418322 -154.891634340258946
        0.000000016445914  3.311819103722802  17.013442893402335  8.749996515053621  6.432309590896780  7.348687999693251  0.579301913220906  2.889482786169091  14.184379417418322 -154.891634340258946
        0.000000001692523  3.311819103722802  17.013442639882282  8.749996645438729  6.432309590896780  7.348687999693251  0.579301913220906  2.889482786169091  14.184379417418322 -154.891634340258946
        0.000000000168137  3.311819103722802  17.013442639882282  8.749996515053621  6.432309686745662  7.348687999693251  0.579301913220906  2.889482786169091  14.184379417418322 -154.891634340258946
        0.000000001514896  3.311819103722802  17.013442639882282  8.749996515053621  6.432309590896780  7.348688109197235  0.579301913220906  2.889482786169091  14.184379417418322 -154.891634340258946
        0.000000003287810  3.311819103722802  17.013442639882282  8.749996515053621  6.432309590896780  7.348687999693251  0.579301928122067  2.889482786169091  14.184379417418322 -154.891634340258946
        0.000000007688417  3.311819103722802  17.013442639882282  8.749996515053621  6.432309590896780  7.348687999693251  0.579301913220906  2.889482829225740  14.184379417418322 -154.891634340258946
        0.000000005577360  3.311819103722802  17.013442639882282  8.749996515053621  6.432309590896780  7.348687999693251  0.579301913220906  2.889482786169091  14.184379628782047 -154.891634340258946
        0.000037776890358  3.311819103722802  17.013442639882282  8.749996515053621  6.432309590896780  7.348687999693251  0.579301913220906  2.889482786169091  14.184379417418322 -154.891636648324152
        0.015039299061917  3.284040178525632  16.978842658403451  9.368775954974261  6.684227278967005  7.235303323197328  0.580251055961343  2.827154010081208  14.945120741726472 -154.891245483423461
        0.000000017410032  3.284040227461644  16.978842658403451  9.368775954974261  6.684227278967005  7.235303323197328  0.580251055961343  2.827154010081208  14.945120741726472 -154.891245483423461
        0.000000018097794  3.284040178525632  16.978842911407924  9.368775954974261  6.684227278967005  7.235303323197328  0.580251055961343  2.827154010081208  14.945120741726472 -154.891245483423461
        0.000000001556671  3.284040178525632  16.978842658403451  9.368776094579902  6.684227278967005  7.235303323197328  0.580251055961343  2.827154010081208  14.945120741726472 -154.891245483423461
        0.000000000153792  3.284040178525632  16.978842658403451  9.368775954974261  6.684227378569753  7.235303323197328  0.580251055961343  2.827154010081208  14.945120741726472 -154.891245483423461
        0.000000001394694  3.284040178525632  16.978842658403451  9.368775954974261  6.684227278967005  7.235303431011749  0.580251055961343  2.827154010081208  14.945120741726472 -154.891245483423461
        0.000000003190859  3.284040178525632  16.978842658403451  9.368775954974261  6.684227278967005  7.235303323197328  0.580251070862504  2.827154010081208  14.945120741726472 -154.891245483423461
        0.000000007631336  3.284040178525632  16.978842658403451  9.368775954974261  6.684227278967005  7.235303323197328  0.580251055961343  2.827154052209086  14.945120741726472 -154.891245483423461
        0.000000005400560  3.284040178525632  16.978842658403451  9.368775954974261  6.684227278967005  7.235303323197328  0.580251055961343  2.827154010081208  14.945120964426124 -154.891245483423461
        0.000037776782198  3.284040178525632  16.978842658403451  9.368775954974261  6.684227278967005  7.235303323197328  0.580251055961343  2.827154010081208  14.945120741726472 -154.891247791482868
        0.006479892190440  3.283489517072373  17.819599498461798  10.429080139405686  7.155017246854188  6.876416567055865  0.579078810899240  2.992872231184459  15.286528575484198 -154.889847399574364
        0.000000018570243  3.283489566000179  17.819599498461798  10.429080139405686  7.155017246854188  6.876416567055865  0.579078810899240  2.992872231184459  15.286528575484198 -154.889847399574364
        0.000000019185074  3.283489517072373  17.819599763994521  10.429080139405686  7.155017246854188  6.876416567055865  0.579078810899240  2.992872231184459  15.286528575484198 -154.889847399574364
        0.000000001627992  3.283489517072373  17.819599498461798  10.429080294811090  7.155017246854188  6.876416567055865  0.579078810899240  2.992872231184459  15.286528575484198 -154.889847399574364
        0.000000000143704  3.283489517072373  17.819599498461798  10.429080139405686  7.155017353472253  6.876416567055865  0.579078810899240  2.992872231184459  15.286528575484198 -154.889847399574364
        0.000000001187737  3.283489517072373  17.819599498461798  10.429080139405686  7.155017246854188  6.876416669522457  0.579078810899240  2.992872231184459  15.286528575484198 -154.889847399574364
        0.000000003537570  3.283489517072373  17.819599498461798  10.429080139405686  7.155017246854188  6.876416567055865  0.579078825800401  2.992872231184459  15.286528575484198 -154.889847399574364
        0.000000007535489  3.283489517072373  17.819599498461798  10.429080139405686  7.155017246854188  6.876416567055865  0.579078810899240  2.992872275781731  15.286528575484198 -154.889847399574364
        0.000000005818671  3.283489517072373  17.819599498461798  10.429080139405686  7.155017246854188  6.876416567055865  0.579078810899240  2.992872231184459  15.286528803271224 -154.889847399574364
        0.000037776271432  3.283489517072373  17.819599498461798  10.429080139405686  7.155017246854188  6.876416567055865  0.579078810899240  2.992872231184459  15.286528575484198 -154.889849707612939
        0.004358550908410  3.279041684426965  19.119753806247587  10.364614185518422  7.571867927819274  6.503690308488550  0.602022047459593  3.069308337267880  15.855203132687313 -154.888874960905412
        0.000000019424339  3.279041733288494  19.119753806247587  10.364614185518422  7.571867927819274  6.503690308488550  0.602022047459593  3.069308337267880  15.855203132687313 -154.888874960905412
        0.000000020044731  3.279041684426965  19.119754091154121  10.364614185518422  7.571867927819274  6.503690308488550  0.602022047459593  3.069308337267880  15.855203132687313 -154.888874960905412
        0.000000001721812  3.279041684426965  19.119753806247587  10.364614339963207  7.571867927819274  6.503690308488550  0.602022047459593  3.069308337267880  15.855203132687313 -154.888874960905412
        0.000000000177601  3.279041684426965  19.119753806247587  10.364614185518422  7.571868040648899  6.503690308488550  0.602022047459593  3.069308337267880  15.855203132687313 -154.888874960905412
        0.000000000992813  3.279041684426965  19.119753806247587  10.364614185518422  7.571867927819274  6.503690405401088  0.602022047459593  3.069308337267880  15.855203132687313 -154.888874960905412
        0.000000003855312  3.279041684426965  19.119753806247587  10.364614185518422  7.571867927819274  6.503690308488550  0.602022062360755  3.069308337267880  15.855203132687313 -154.888874960905412
        0.000000007727075  3.279041684426965  19.119753806247587  10.364614185518422  7.571867927819274  6.503690308488550  0.602022047459593  3.069308383004138  15.855203132687313 -154.888874960905412
        0.000000006103390  3.279041684426965  19.119753806247587  10.364614185518422  7.571867927819274  6.503690308488550  0.602022047459593  3.069308337267880  15.855203368948251 -154.888874960905412
        0.000037775805232  3.279041684426965  19.119753806247587  10.364614185518422  7.571867927819274  6.503690308488550  0.602022047459593  3.069308337267880  15.855203132687313 -154.888877268929491
        0.001537342437010  3.276492200464154  19.964652380363979  10.162648308133512  7.974382518358865  6.200165511202292  0.618117845579551  3.066194383156764  16.245478694787369 -154.888454213374700
        0.000000019831325  3.276492249287692  19.964652380363979  10.162648308133512  7.974382518358865  6.200165511202292  0.618117845579551  3.066194383156764  16.245478694787369 -154.888454213374700
        0.000000020504538  3.276492200464154  19.964652677860482  10.162648308133512  7.974382518358865  6.200165511202292  0.618117845579551  3.066194383156764  16.245478694787369 -154.888454213374700
        0.000000001785984  3.276492200464154  19.964652380363979  10.162648459568773  7.974382518358865  6.200165511202292  0.618117845579551  3.066194383156764  16.245478694787369 -154.888454213374700
        0.000000000220635  3.276492200464154  19.964652380363979  10.162648308133512  7.974382637186425  6.200165511202292  0.618117845579551  3.066194383156764  16.245478694787369 -154.888454213374700
        0.000000000869672  3.276492200464154  19.964652380363979  10.162648308133512  7.974382518358865  6.200165603591958  0.618117845579551  3.066194383156764  16.245478694787369 -154.888454213374700
        0.000000004133086  3.276492200464154  19.964652380363979  10.162648308133512  7.974382518358865  6.200165511202292  0.618117860480712  3.066194383156764  16.245478694787369 -154.888454213374700
        0.000000007982647  3.276492200464154  19.964652380363979  10.162648308133512  7.974382518358865  6.200165511202292  0.618117845579551  3.066194428846621  16.245478694787369 -154.888454213374700
        0.000000006249380  3.276492200464154  19.964652380363979  10.162648308133512  7.974382518358865  6.200165511202292  0.618117845579551  3.066194383156764  16.245478936863865 -154.888454213374700
        0.000037775540573  3.276492200464154  19.964652380363979  10.162648308133512  7.974382518358865  6.200165511202292  0.618117845579551  3.066194383156764  16.245478694787369 -154.888456521392527
        0.000774756741767  3.267775524929775  21.152474161964609  9.951860086773173  8.799144803634698  5.718736043413362  0.631640487907377  3.070302055572253  16.567206481563897 -154.888326103684847
        0.000000020014727  3.267775573623425  21.152474161964609  9.951860086773173  8.799144803634698  5.718736043413362  0.631640487907377  3.070302055572253  16.567206481563897 -154.888326103684847
        0.000000020734100  3.267775524929775  21.152474477161036  9.951860086773173  8.799144803634698  5.718736043413362  0.631640487907377  3.070302055572253  16.567206481563897 -154.888326103684847
        0.000000001849094  3.267775524929775  21.152474161964609  9.951860235067445  8.799144803634698  5.718736043413362  0.631640487907377  3.070302055572253  16.567206481563897 -154.888326103684847
        0.000000000291628  3.267775524929775  21.152474161964609  9.951860086773173  8.799144934752173  5.718736043413362  0.631640487907377  3.070302055572253  16.567206481563897 -154.888326103684847
        0.000000000679003  3.267775524929775  21.152474161964609  9.951860086773173  8.799144803634698  5.718736128629169  0.631640487907377  3.070302055572253  16.567206481563897 -154.888326103684847
        0.000000004485376  3.267775524929775  21.152474161964609  9.951860086773173  8.799144803634698  5.718736043413362  0.631640502808538  3.070302055572253  16.567206481563897 -154.888326103684847
        0.000000008226117  3.267775524929775  21.152474161964609  9.951860086773173  8.799144803634698  5.718736043413362  0.631640487907377  3.070302101323319  16.567206481563897 -154.888326103684847
        0.000000006258319  3.267775524929775  21.152474161964609  9.951860086773173  8.799144803634698  5.718736043413362  0.631640487907377  3.070302055572253  16.567206728434510 -154.888326103684847
        0.000037775479113  3.267775524929775  21.152474161964609  9.951860086773173  8.799144803634698  5.718736043413362  0.631640487907377  3.070302055572253  16.567206481563897 -154.888328411700769
        0.000367072275154  3.262548812390678  21.771193411019190  9.874265912204988  9.400662456075462  5.386364520528863  0.633327875976344  3.082355439732884  16.619954711494938 -154.888393652632971
        0.000000020036400  3.262548861006444  21.771193411019190  9.874265912204988  9.400662456075462  5.386364520528863  0.633327875976344  3.082355439732884  16.619954711494938 -154.888393652632971
        0.000000020764132  3.262548812390678  21.771193735435254  9.874265912204988  9.400662456075462  5.386364520528863  0.633327875976344  3.082355439732884  16.619954711494938 -154.888393652632971
        0.000000001876550  3.262548812390678  21.771193411019190  9.874266059343016  9.400662456075462  5.386364520528863  0.633327875976344  3.082355439732884  16.619954711494938 -154.888393652632971
        0.000000000335381  3.262548812390678  21.771193411019190  9.874265912204988  9.400662596156248  5.386364520528863  0.633327875976344  3.082355439732884  16.619954711494938 -154.888393652632971
        0.000000000574361  3.262548812390678  21.771193411019190  9.874265912204988  9.400662456075462  5.386364600791949  0.633327875976344  3.082355439732884  16.619954711494938 -154.888393652632971
        0.000000004670002  3.262548812390678  21.771193411019190  9.874265912204988  9.400662456075462  5.386364520528863  0.633327890877506  3.082355439732884  16.619954711494938 -154.888393652632971
        0.000000008286269  3.262548812390678  21.771193411019190  9.874265912204988  9.400662456075462  5.386364520528863  0.633327875976344  3.082355485663559  16.619954711494938 -154.888393652632971
        0.000000006228136  3.262548812390678  21.771193411019190  9.874265912204988  9.400662456075462  5.386364520528863  0.633327875976344  3.082355439732884  16.619954959151563 -154.888393652632971
        0.000037775549010  3.262548812390678  21.771193411019190  9.874265912204988  9.400662456075462  5.386364520528863  0.633327875976344  3.082355439732884  16.619954711494938 -154.888395960649888
        0.005012742417000  3.180488575998020  28.089984873985724  8.282244289241866  16.494112492100264  4.201571597475111  0.611932118949751  3.219649057623709  17.642469072946419 -154.889558270253275
        0.004697512754264  3.246081888684773  23.425959553743766  9.784103244202248  10.822514097824449  4.352465684616844  0.638305497159846  3.133125893853205  16.545998788391415 -154.888848390003687
        0.000000019809976  3.246081937055162  23.425959553743766  9.784103244202248  10.822514097824449  4.352465684616844  0.638305497159846  3.133125893853205  16.545998788391415 -154.888848390003687
        0.000000020529210  3.246081888684773  23.425959902817766  9.784103244202248  10.822514097824449  4.352465684616844  0.638305497159846  3.133125893853205  16.545998788391415 -154.888848390003687
        0.000000001926182  3.246081888684773  23.425959553743766  9.784103389996748  10.822514097824449  4.352465684616844  0.638305497159846  3.133125893853205  16.545998788391415 -154.888848390003687
        0.000000000425413  3.246081888684773  23.425959553743766  9.784103244202248  10.822514259092475  4.352465684616844  0.638305497159846  3.133125893853205  16.545998788391415 -154.888848390003687
        0.000000000374648  3.246081888684773  23.425959553743766  9.784103244202248  10.822514097824449  4.352465749473637  0.638305497159846  3.133125893853205  16.545998788391415 -154.888848390003687
        0.000000005072634  3.246081888684773  23.425959553743766  9.784103244202248  10.822514097824449  4.352465684616844  0.638305512061007  3.133125893853205  16.545998788391415 -154.888848390003687
        0.000000008289831  3.246081888684773  23.425959553743766  9.784103244202248  10.822514097824449  4.352465684616844  0.638305497159846  3.133125940540419  16.545998788391415 -154.888848390003687
        0.000000006031875  3.246081888684773  23.425959553743766  9.784103244202248  10.822514097824449  4.352465684616844  0.638305497159846  3.133125893853205  16.545999034946011 -154.888848390003687
        0.000037775944799  3.246081888684773  23.425959553743766  9.784103244202248  10.822514097824449  4.352465684616844  0.638305497159846  3.133125893853205  16.545998788391415 -154.888850698027397
        0.000522914778607  3.241890569433459  23.901850753184426  9.493927218264668  11.574303394833343  4.042221698197197  0.634856919821405  3.155029863886635  16.477984477350784 -154.888993801258664
        0.000000019756777  3.241890617741393  23.901850753184426  9.493927218264668  11.574303394833343  4.042221698197197  0.634856919821405  3.155029863886635  16.477984477350784 -154.888993801258664
        0.000000020459381  3.241890569433459  23.901851109349757  9.493927218264668  11.574303394833343  4.042221698197197  0.634856919821405  3.155029863886635  16.477984477350784 -154.888993801258664
        0.000000001943229  3.241890569433459  23.901850753184426  9.493927359735208  11.574303394833343  4.042221698197197  0.634856919821405  3.155029863886635  16.477984477350784 -154.888993801258664
        0.000000000480369  3.241890569433459  23.901850753184426  9.493927218264668  11.574303567303904  4.042221698197197  0.634856919821405  3.155029863886635  16.477984477350784 -154.888993801258664
        0.000000000380150  3.241890569433459  23.901850753184426  9.493927218264668  11.574303394833343  4.042221758430994  0.634856919821405  3.155029863886635  16.477984477350784 -154.888993801258664
        0.000000005181889  3.241890569433459  23.901850753184426  9.493927218264668  11.574303394833343  4.042221698197197  0.634856934722567  3.155029863886635  16.477984477350784 -154.888993801258664
        0.000000008264575  3.241890569433459  23.901850753184426  9.493927218264668  11.574303394833343  4.042221698197197  0.634856919821405  3.155029910900244  16.477984477350784 -154.888993801258664
        0.000000005982555  3.241890569433459  23.901850753184426  9.493927218264668  11.574303394833343  4.042221698197197  0.634856919821405  3.155029863886635  16.477984722891886 -154.888993801258664
        0.000037776074948  3.241890569433459  23.901850753184426  9.493927218264668  11.574303394833343  4.042221698197197  0.634856919821405  3.155029863886635  16.477984477350784 -154.888996109284534
        0.001437926099670  3.246621288593214  24.141025042603889  9.321628273936843  11.896349015120714  2.636834519696125  0.643156387890863  3.203064212182251  15.806427834150764 -154.889412314419985
        0.000000019449084  3.246621336971641  24.141025042603889  9.321628273936843  11.896349015120714  2.636834519696125  0.643156387890863  3.203064212182251  15.806427834150764 -154.889412314419985
        0.000000020129032  3.246621288593214  24.141025402333195  9.321628273936843  11.896349015120714  2.636834519696125  0.643156387890863  3.203064212182251  15.806427834150764 -154.889412314419985
        0.000000001995009  3.246621288593214  24.141025042603889  9.321628412839930  11.896349015120714  2.636834519696125  0.643156387890863  3.203064212182251  15.806427834150764 -154.889412314419985
        0.000000000520569  3.246621288593214  24.141025042603889  9.321628273936843  11.896349192390129  2.636834519696125  0.643156387890863  3.203064212182251  15.806427834150764 -154.889412314419985
        0.000000000493634  3.246621288593214  24.141025042603889  9.321628273936843  11.896349015120714  2.636834558988022  0.643156387890863  3.203064212182251  15.806427834150764 -154.889412314419985
        0.000000005588735  3.246621288593214  24.141025042603889  9.321628273936843  11.896349015120714  2.636834519696125  0.643156402792025  3.203064212182251  15.806427834150764 -154.889412314419985
        0.000000008062528  3.246621288593214  24.141025042603889  9.321628273936843  11.896349015120714  2.636834519696125  0.643156387890863  3.203064259911627  15.806427834150764 -154.889412314419985
        0.000000006045801  3.246621288593214  24.141025042603889  9.321628273936843  11.896349015120714  2.636834519696125  0.643156387890863  3.203064212182251  15.806428069684893 -154.889412314419985
        0.000037776433410  3.246621288593214  24.141025042603889  9.321628273936843  11.896349015120714  2.636834519696125  0.643156387890863  3.203064212182251  15.806427834150764 -154.889414622452080
        0.000409360300236  3.245971432108309  24.216973004447318  9.109621119265100  12.207904547463587  2.541018118035320  0.640853330760774  3.213764129552194  15.759899356803507 -154.889469347461556
        0.000000019444596  3.245971480477053  24.216973004447318  9.109621119265100  12.207904547463587  2.541018118035320  0.640853330760774  3.213764129552194  15.759899356803507 -154.889469347461556
        0.000000020113601  3.245971432108309  24.216973365308338  9.109621119265100  12.207904547463587  2.541018118035320  0.640853330760774  3.213764129552194  15.759899356803507 -154.889469347461556
        0.000000001998936  3.245971432108309  24.216973004447318  9.109621255009033  12.207904547463587  2.541018118035320  0.640853330760774  3.213764129552194  15.759899356803507 -154.889469347461556
        0.000000000547378  3.245971432108309  24.216973004447318  9.109621119265100  12.207904729375540  2.541018118035320  0.640853330760774  3.213764129552194  15.759899356803507 -154.889469347461556
        0.000000000525024  3.245971432108309  24.216973004447318  9.109621119265100  12.207904547463587  2.541018155899440  0.640853330760774  3.213764129552194  15.759899356803507 -154.889469347461556
        0.000000005611220  3.245971432108309  24.216973004447318  9.109621119265100  12.207904547463587  2.541018118035320  0.640853345661936  3.213764129552194  15.759899356803507 -154.889469347461556
        0.000000008036483  3.245971432108309  24.216973004447318  9.109621119265100  12.207904547463587  2.541018118035320  0.640853330760774  3.213764177441011  15.759899356803507 -154.889469347461556
        0.000000006037411  3.245971432108309  24.216973004447318  9.109621119265100  12.207904547463587  2.541018118035320  0.640853330760774  3.213764129552194  15.759899591644308 -154.889469347461556
        0.000037776479155  3.245971432108309  24.216973004447318  9.109621119265100  12.207904547463587  2.541018118035320  0.640853330760774  3.213764129552194  15.759899356803507 -154.889471655494503
        0.001873841574584  3.254573221778748  24.155886570009777  8.005573722090789  13.219857283252422  0.965907882213560  0.642557626543726  3.279281397846033  14.858373408134661 -154.890005344207111
        0.000000019065739  3.254573270275669  24.155886570009777  8.005573722090789  13.219857283252422  0.965907882213560  0.642557626543726  3.279281397846033  14.858373408134661 -154.890005344207111
        0.000000019678428  3.254573221778748  24.155886929960538  8.005573722090789  13.219857283252422  0.965907882213560  0.642557626543726  3.279281397846033  14.858373408134661 -154.890005344207111
        0.000000002062918  3.254573221778748  24.155886570009777  8.005573841383134  13.219857283252422  0.965907882213560  0.642557626543726  3.279281397846033  14.858373408134661 -154.890005344207111
        0.000000000678607  3.254573221778748  24.155886570009777  8.005573722090789  13.219857480243647  0.965907882213560  0.642557626543726  3.279281397846033  14.858373408134661 -154.890005344207111
        0.000000000848907  3.254573221778748  24.155886570009777  8.005573722090789  13.219857283252422  0.965907897114722  0.642557626543726  3.279281397846033  14.858373408134661 -154.890005344207111
        0.000000006051030  3.254573221778748  24.155886570009777  8.005573722090789  13.219857283252422  0.965907882213560  0.642557641444887  3.279281397846033  14.858373408134661 -154.890005344207111
        0.000000007761942  3.254573221778748  24.155886570009777  8.005573722090789  13.219857283252422  0.965907882213560  0.642557626543726  3.279281446711134  14.858373408134661 -154.890005344207111
        0.000000006113423  3.254573221778748  24.155886570009777  8.005573722090789  13.219857283252422  0.965907882213560  0.642557626543726  3.279281397846033  14.858373629541678 -154.890005344207111
        0.000037776932025  3.254573221778748  24.155886570009777  8.005573722090789  13.219857283252422  0.965907882213560  0.642557626543726  3.279281397846033  14.858373408134661 -154.890007652248045
        0.000590945279704  3.254949217172324  24.141817425645399  7.871229933372980  13.348537618485560  0.947332046475985  0.641813507081642  3.284162241029624  14.855044834027142 -154.890013427689098
        0.000000019099242  3.254949265674846  24.141817425645399  7.871229933372980  13.348537618485560  0.947332046475985  0.641813507081642  3.284162241029624  14.855044834027142 -154.890013427689098
        0.000000019707505  3.254949217172324  24.141817785386511  7.871229933372980  13.348537618485560  0.947332046475985  0.641813507081642  3.284162241029624  14.855044834027142 -154.890013427689098
        0.000000002065566  3.254949217172324  24.141817425645399  7.871230050663446  13.348537618485560  0.947332046475985  0.641813507081642  3.284162241029624  14.855044834027142 -154.890013427689098
        0.000000000693286  3.254949217172324  24.141817425645399  7.871229933372980  13.348537817394270  0.947332046475985  0.641813507081642  3.284162241029624  14.855044834027142 -154.890013427689098
        0.000000000858258  3.254949217172324  24.141817425645399  7.871229933372980  13.348537618485560  0.947332061377147  0.641813507081642  3.284162241029624  14.855044834027142 -154.890013427689098
        0.000000006055288  3.254949217172324  24.141817425645399  7.871229933372980  13.348537618485560  0.947332046475985  0.641813521982803  3.284162241029624  14.855044834027142 -154.890013427689098
        0.000000007756620  3.254949217172324  24.141817425645399  7.871229933372980  13.348537618485560  0.947332046475985  0.641813507081642  3.284162289967455  14.855044834027142 -154.890013427689098
        0.000000006125761  3.254949217172324  24.141817425645399  7.871229933372980  13.348537618485560  0.947332046475985  0.641813507081642  3.284162241029624  14.855045055384560 -154.890013427689098
        0.000037776930441  3.254949217172324  24.141817425645399  7.871229933372980  13.348537618485560  0.947332046475985  0.641813507081642  3.284162241029624  14.855044834027142 -154.890015735730145
        0.000225237053279  3.257762010205722  24.067086737286264  7.635202278804806  13.500139064343550  0.664996537688210  0.643037225531945  3.292112983824055  14.704681412626517 -154.890074617920703
        0.000000019059879  3.257762058750159  24.067086737286264  7.635202278804806  13.500139064343550  0.664996537688210  0.643037225531945  3.292112983824055  14.704681412626517 -154.890074617920703
        0.000000019663088  3.257762010205722  24.067087095913802  7.635202278804806  13.500139064343550  0.664996537688210  0.643037225531945  3.292112983824055  14.704681412626517 -154.890074617920703
        0.000000002081750  3.257762010205722  24.067086737286264  7.635202392578186  13.500139064343550  0.664996537688210  0.643037225531945  3.292112983824055  14.704681412626517 -154.890074617920703
        0.000000000721669  3.257762010205722  24.067086737286264  7.635202278804806  13.500139265511299  0.664996537688210  0.643037225531945  3.292112983824055  14.704681412626517 -154.890074617920703
        0.000000000878774  3.257762010205722  24.067086737286264  7.635202278804806  13.500139064343550  0.664996552589372  0.643037225531945  3.292112983824055  14.704681412626517 -154.890074617920703
        0.000000006103717  3.257762010205722  24.067086737286264  7.635202278804806  13.500139064343550  0.664996537688210  0.643037240433106  3.292112983824055  14.704681412626517 -154.890074617920703
        0.000000007728012  3.257762010205722  24.067086737286264  7.635202278804806  13.500139064343550  0.664996537688210  0.643037225531945  3.292113032880361  14.704681412626517 -154.890074617920703
        0.000000006164611  3.257762010205722  24.067086737286264  7.635202278804806  13.500139064343550  0.664996537688210  0.643037225531945  3.292112983824055  14.704681631743345 -154.890074617920703
        0.000037776981821  3.257762010205722  24.067086737286264  7.635202278804806  13.500139064343550  0.664996537688210  0.643037225531945  3.292112983824055  14.704681412626517 -154.890076925962660
        0.000712980362864  3.250048593880777  24.640143048423589  6.262614017192123  15.258071768297791  0.473153904917950  0.631805747125651  3.325380945066517  14.655067094871997 -154.890297955107570
        0.000000018973901  3.250048642310276  24.640143048423589  6.262614017192123  15.258071768297791  0.473153904917950  0.631805747125651  3.325380945066517  14.655067094871997 -154.890297955107570
        0.000000019535664  3.250048593880777  24.640143415590334  6.262614017192123  15.258071768297791  0.473153904917950  0.631805747125651  3.325380945066517  14.655067094871997 -154.890297955107570
        0.000000002091853  3.250048593880777  24.640143048423589  6.262614110512343  15.258071768297791  0.473153904917950  0.631805747125651  3.325380945066517  14.655067094871997 -154.890297955107570
        0.000000000871789  3.250048593880777  24.640143048423589  6.262614017192123  15.258071995660778  0.473153904917950  0.631805747125651  3.325380945066517  14.655067094871997 -154.890297955107570
        0.000000000967739  3.250048593880777  24.640143048423589  6.262614017192123  15.258071768297791  0.473153919819112  0.631805747125651  3.325380945066517  14.655067094871997 -154.890297955107570
        0.000000006075245  3.250048593880777  24.640143048423589  6.262614017192123  15.258071768297791  0.473153904917950  0.631805762026812  3.325380945066517  14.655067094871997 -154.890297955107570
        0.000000007676898  3.250048593880777  24.640143048423589  6.262614017192123  15.258071768297791  0.473153904917950  0.631805747125651  3.325380994618555  14.655067094871997 -154.890297955107570
        0.000000006035615  3.250048593880777  24.640143048423589  6.262614017192123  15.258071768297791  0.473153904917950  0.631805747125651  3.325380945066517  14.655067313249514 -154.890297955107570
        0.000037777163961  3.250048593880777  24.640143048423589  6.262614017192123  15.258071768297791  0.473153904917950  0.631805747125651  3.325380945066517  14.655067094871997 -154.890300263152881
        0.000409967930768  3.251944085222366  24.800372589171204  6.229486731796141  15.399630907596858  0.002239343832528  0.637241329736495  3.332353191760361  14.545305221157294 -154.890339972343895
        0.000000018947252  3.251944133680109  24.800372589171204  6.229486731796141  15.399630907596858  0.002239343832528  0.637241329736495  3.332353191760361  14.545305221157294 -154.890339972343895
        0.000000019512662  3.251944085222366  24.800372958725553  6.229486731796141  15.399630907596858  0.002239343832528  0.637241329736495  3.332353191760361  14.545305221157294 -154.890339972343895
        0.000000002123227  3.251944085222366  24.800372589171204  6.229486824622726  15.399630907596858  0.002239343832528  0.637241329736495  3.332353191760361  14.545305221157294 -154.890339972343895
        0.000000000895483  3.251944085222366  24.800372589171204  6.229486731796141  15.399631137069241  0.002239343832528  0.637241329736495  3.332353191760361  14.545305221157294 -154.890339972343895
        0.000000000991692  3.251944085222366  24.800372589171204  6.229486731796141  15.399630907596858  0.002239358733690  0.637241329736495  3.332353191760361  14.545305221157294 -154.890339972343895
        0.000000006188249  3.251944085222366  24.800372589171204  6.229486731796141  15.399630907596858  0.002239343832528  0.637241344637657  3.332353191760361  14.545305221157294 -154.890339972343895
        0.000000007707141  3.251944085222366  24.800372589171204  6.229486731796141  15.399630907596858  0.002239343832528  0.637241329736495  3.332353241416294  14.545305221157294 -154.890339972343895
        0.000000006085160  3.251944085222366  24.800372589171204  6.229486731796141  15.399630907596858  0.002239343832528  0.637241329736495  3.332353191760361  14.545305437899232 -154.890339972343895
        0.000037777202973  3.251944085222366  24.800372589171204  6.229486731796141  15.399630907596858  0.002239343832528  0.637241329736495  3.332353191760361  14.545305221157294 -154.890342280389831
        0.000368672453396  3.252270361691332  24.673684793104982  5.348662489430911  16.043456806871280  0.001877181734167  0.630756896474357  3.349122390901178  14.407455436171240 -154.890457492209805
        0.000000018877439  3.252270410153937  24.673684793104982  5.348662489430911  16.043456806871280  0.001877181734167  0.630756896474357  3.349122390901178  14.407455436171240 -154.890457492209805
        0.000000019413039  3.252270361691332  24.673685160771537  5.348662489430911  16.043456806871280  0.001877181734167  0.630756896474357  3.349122390901178  14.407455436171240 -154.890457492209805
        0.000000002121833  3.252270361691332  24.673684793104982  5.348662569132193  16.043456806871280  0.001877181734167  0.630756896474357  3.349122390901178  14.407455436171240 -154.890457492209805
        0.000000000968845  3.252270361691332  24.673684793104982  5.348662489430911  16.043457045937416  0.001877181734167  0.630756896474357  3.349122390901178  14.407455436171240 -154.890457492209805
        0.000000001028422  3.252270361691332  24.673684793104982  5.348662489430911  16.043456806871280  0.001877196635328  0.630756896474357  3.349122390901178  14.407455436171240 -154.890457492209805
        0.000000006134455  3.252270361691332  24.673684793104982  5.348662489430911  16.043456806871280  0.001877181734167  0.630756911375518  3.349122390901178  14.407455436171240 -154.890457492209805
        0.000000007617204  3.252270361691332  24.673684793104982  5.348662489430911  16.043456806871280  0.001877181734167  0.630756896474357  3.349122440806990  14.407455436171240 -154.890457492209805
        0.000000006052434  3.252270361691332  24.673684793104982  5.348662489430911  16.043456806871280  0.001877181734167  0.630756896474357  3.349122390901178  14.407455650859056 -154.890457492209805
        0.000037777294722  3.252270361691332  24.673684793104982  5.348662489430911  16.043456806871280  0.001877181734167  0.630756896474357  3.349122390901178  14.407455436171240 -154.890459800257474
        0.000203023778718  3.250478278862559  24.778728528321786  4.458887331454534  16.847660631081013  0.001217752839895  0.625844523659400  3.358851570179330  14.386427055584260 -154.890518371605509
        0.000000018852034  3.250478327298460  24.778728528321786  4.458887331454534  16.847660631081013  0.001217752839895  0.625844523659400  3.358851570179330  14.386427055584260 -154.890518371605509
        0.000000019371427  3.250478278862559  24.778728897553613  4.458887331454534  16.847660631081013  0.001217752839895  0.625844523659400  3.358851570179330  14.386427055584260 -154.890518371605509
        0.000000002127037  3.250478278862559  24.778728528321786  4.458887397897133  16.847660631081013  0.001217752839895  0.625844523659400  3.358851570179330  14.386427055584260 -154.890518371605509
        0.000000001049535  3.250478278862559  24.778728528321786  4.458887331454534  16.847660882130718  0.001217752839895  0.625844523659400  3.358851570179330  14.386427055584260 -154.890518371605509
        0.000000001072215  3.250478278862559  24.778728528321786  4.458887331454534  16.847660631081013  0.001217767741056  0.625844523659400  3.358851570179330  14.386427055584260 -154.890518371605509
        0.000000006112511  3.250478278862559  24.778728528321786  4.458887331454534  16.847660631081013  0.001217752839895  0.625844538560561  3.358851570179330  14.386427055584260 -154.890518371605509
        0.000000007591987  3.250478278862559  24.778728528321786  4.458887331454534  16.847660631081013  0.001217752839895  0.625844523659400  3.358851620230119  14.386427055584260 -154.890518371605509
        0.000000006015313  3.250478278862559  24.778728528321786  4.458887331454534  16.847660631081013  0.001217752839895  0.625844523659400  3.358851570179330  14.386427269958729 -154.890518371605509
        0.000037777343273  3.250478278862559  24.778728528321786  4.458887331454534  16.847660631081013  0.001217752839895  0.625844523659400  3.358851570179330  14.386427055584260 -154.890520679654088
        0.000054831795994  3.250489973166645  24.778764805889718  4.458609176970141  16.848056481691632  0.000776589322284  0.625856937668008  3.358920156135715  14.385551618739377 -154.890518853071285
        0.000000018850521  3.250490021602720  24.778764805889718  4.458609176970141  16.848056481691632  0.000776589322284  0.625856937668008  3.358920156135715  14.385551618739377 -154.890518853071285
        0.000000019369596  3.250489973166645  24.778765175122086  4.458609176970141  16.848056481691632  0.000776589322284  0.625856937668008  3.358920156135715  14.385551618739377 -154.890518853071285
        0.000000002127133  3.250489973166645  24.778764805889718  4.458609243408595  16.848056481691632  0.000776589322284  0.625856937668008  3.358920156135715  14.385551618739377 -154.890518853071285
        0.000000001049619  3.250489973166645  24.778764805889718  4.458609176970141  16.848056732747239  0.000776589322284  0.625856937668008  3.358920156135715  14.385551618739377 -154.890518853071285
        0.000000001072298  3.250489973166645  24.778764805889718  4.458609176970141  16.848056481691632  0.000776604223445  0.625856937668008  3.358920156135715  14.385551618739377 -154.890518853071285
        0.000000006112811  3.250489973166645  24.778764805889718  4.458609176970141  16.848056481691632  0.000776589322284  0.625856952569169  3.358920156135715  14.385551618739377 -154.890518853071285
        0.000000007592177  3.250489973166645  24.778764805889718  4.458609176970141  16.848056481691632  0.000776589322284  0.625856937668008  3.358920206187526  14.385551618739377 -154.890518853071285
        0.000000006015125  3.250489973166645  24.778764805889718  4.458609176970141  16.848056481691632  0.000776589322284  0.625856937668008  3.358920156135715  14.385551833100800 -154.890518853071285
        0.000037777343555  3.250489973166645  24.778764805889718  4.458609176970141  16.848056481691632  0.000776589322284  0.625856937668008  3.358920156135715  14.385551618739377 -154.890521161119864
        0.000215796854203  3.244268037041815  25.250641618675626  3.428861716774297  18.044022572366000  0.000460421108910  0.620356308933329  3.369908268983260  14.474258585885039 -154.890585428894411
        0.000000018838815  3.244268085385176  25.250641618675626  3.428861716774297  18.044022572366000  0.000460421108910  0.620356308933329  3.369908268983260  14.474258585885039 -154.890585428894411
        0.000000019344898  3.244268037041815  25.250641994939507  3.428861716774297  18.044022572366000  0.000460421108910  0.620356308933329  3.369908268983260  14.474258585885039 -154.890585428894411
        0.000000002133284  3.244268037041815  25.250641618675626  3.428861767868318  18.044022572366000  0.000460421108910  0.620356308933329  3.369908268983260  14.474258585885039 -154.890585428894411
        0.000000001143586  3.244268037041815  25.250641618675626  3.428861716774297  18.044022841242889  0.000460421108910  0.620356308933329  3.369908268983260  14.474258585885039 -154.890585428894411
        0.000000001124922  3.244268037041815  25.250641618675626  3.428861716774297  18.044022572366000  0.000460436010072  0.620356308933329  3.369908268983260  14.474258585885039 -154.890585428894411
        0.000000006084156  3.244268037041815  25.250641618675626  3.428861716774297  18.044022572366000  0.000460421108910  0.620356323834490  3.369908268983260  14.474258585885039 -154.890585428894411
        0.000000007597481  3.244268037041815  25.250641618675626  3.428861716774297  18.044022572366000  0.000460421108910  0.620356308933329  3.369908319198806  14.474258585885039 -154.890585428894411
        0.000000005930667  3.244268037041815  25.250641618675626  3.428861716774297  18.044022572366000  0.000460421108910  0.620356308933329  3.369908268983260  14.474258801568299 -154.890585428894411
        0.000037777397386  3.244268037041815  25.250641618675626  3.428861716774297  18.044022572366000  0.000460421108910  0.620356308933329  3.369908268983260  14.474258585885039 -154.890587736943985
        0.000094689059760  3.244276935131322  25.251522147856679  3.429045602813793  18.044817843664845  0.002497413374368  0.620378618677033  3.369996521176279  14.473309642374442 -154.890586015098819
        0.000000018834553  3.244276983474816  25.251522147856679  3.429045602813793  18.044817843664845  0.002497413374368  0.620378618677033  3.369996521176279  14.473309642374442 -154.890586015098819
        0.000000019339726  3.244276935131322  25.251522524133680  3.429045602813793  18.044817843664845  0.002497413374368  0.620378618677033  3.369996521176279  14.473309642374442 -154.890586015098819
        0.000000002133418  3.244276935131322  25.251522147856679  3.429045653910555  18.044817843664845  0.002497413374368  0.620378618677033  3.369996521176279  14.473309642374442 -154.890586015098819
        0.000000001143670  3.244276935131322  25.251522147856679  3.429045602813793  18.044818112553585  0.002497413374368  0.620378618677033  3.369996521176279  14.473309642374442 -154.890586015098819
        0.000000001125021  3.244276935131322  25.251522147856679  3.429045602813793  18.044817843664845  0.002497428275529  0.620378618677033  3.369996521176279  14.473309642374442 -154.890586015098819
        0.000000006084667  3.244276935131322  25.251522147856679  3.429045602813793  18.044817843664845  0.002497413374368  0.620378633578194  3.369996521176279  14.473309642374442 -154.890586015098819
        0.000000007598582  3.244276935131322  25.251522147856679  3.429045602813793  18.044817843664845  0.002497413374368  0.620378618677033  3.369996571393141  14.473309642374442 -154.890586015098819
        0.000000005929753  3.244276935131322  25.251522147856679  3.429045602813793  18.044817843664845  0.002497413374368  0.620378618677033  3.369996521176279  14.473309858043562 -154.890586015098819
        0.000037777398188  3.244276935131322  25.251522147856679  3.429045602813793  18.044817843664845  0.002497413374368  0.620378618677033  3.369996521176279  14.473309642374442 -154.890588323148421
        0.000086582062984  3.241376783104318  25.491388889110322  3.020133313235986  18.545025129497741  0.000815010472181  0.618707767909847  3.373089509544182  14.530475733017031 -154.890603683700476
        0.000000018834485  3.241376831404596  25.491388889110322  3.020133313235986  18.545025129497741  0.000815010472181  0.618707767909847  3.373089509544182  14.530475733017031 -154.890603683700476
        0.000000019336582  3.241376783104318  25.491389268961615  3.020133313235986  18.545025129497741  0.000815010472181  0.618707767909847  3.373089509544182  14.530475733017031 -154.890603683700476
        0.000000002137218  3.241376783104318  25.491388889110322  3.020133358239479  18.545025129497741  0.000815010472181  0.618707767909847  3.373089509544182  14.530475733017031 -154.890603683700476
        0.000000001180374  3.241376783104318  25.491388889110322  3.020133313235986  18.545025405840150  0.000815010472181  0.618707767909847  3.373089509544182  14.530475733017031 -154.890603683700476
        0.000000001145954  3.241376783104318  25.491388889110322  3.020133313235986  18.545025129497741  0.000815025373343  0.618707767909847  3.373089509544182  14.530475733017031 -154.890603683700476
        0.000000006079165  3.241376783104318  25.491388889110322  3.020133313235986  18.545025129497741  0.000815010472181  0.618707782811008  3.373089509544182  14.530475733017031 -154.890603683700476
        0.000000007613158  3.241376783104318  25.491388889110322  3.020133313235986  18.545025129497741  0.000815010472181  0.618707767909847  3.373089559807132  14.530475733017031 -154.890603683700476
        0.000000005894313  3.241376783104318  25.491388889110322  3.020133313235986  18.545025129497741  0.000815010472181  0.618707767909847  3.373089509544182  14.530475949537992 -154.890603683700476
        0.000037777412327  3.241376783104318  25.491388889110322  3.020133313235986  18.545025129497741  0.000815010472181  0.618707767909847  3.373089509544182  14.530475733017031 -154.890605991750334
        0.000098030446259  3.241045334334700  25.503744205152991  2.441927038933961  18.989470502713026  0.000508422913360  0.616331857185040  3.377653449985893  14.508436773407187 -154.890630279699224
        0.000000018822459  3.241045382630039  25.503744205152991  2.441927038933961  18.989470502713026  0.000508422913360  0.616331857185040  3.377653449985893  14.508436773407187 -154.890630279699224
        0.000000019316451  3.241045334334700  25.503744585188393  2.441927038933961  18.989470502713026  0.000508422913360  0.616331857185040  3.377653449985893  14.508436773407187 -154.890630279699224
        0.000000002141507  3.241045334334700  25.503744205152991  2.441927075321510  18.989470502713026  0.000508422913360  0.616331857185040  3.377653449985893  14.508436773407187 -154.890630279699224
        0.000000001227758  3.241045334334700  25.503744205152991  2.441927038933961  18.989470785678186  0.000508422913360  0.616331857185040  3.377653449985893  14.508436773407187 -154.890630279699224
        0.000000001171055  3.241045334334700  25.503744205152991  2.441927038933961  18.989470502713026  0.000508437814522  0.616331857185040  3.377653449985893  14.508436773407187 -154.890630279699224
        0.000000006065473  3.241045334334700  25.503744205152991  2.441927038933961  18.989470502713026  0.000508422913360  0.616331872086201  3.377653449985893  14.508436773407187 -154.890630279699224
        0.000000007593186  3.241045334334700  25.503744205152991  2.441927038933961  18.989470502713026  0.000508422913360  0.616331857185040  3.377653500316852  14.508436773407187 -154.890630279699224
        0.000000005882987  3.241045334334700  25.503744205152991  2.441927038933961  18.989470502713026  0.000508422913360  0.616331857185040  3.377653449985893  14.508436989599742 -154.890630279699224
        0.000037777433752  3.241045334334700  25.503744205152991  2.441927038933961  18.989470502713026  0.000508422913360  0.616331857185040  3.377653449985893  14.508436773407187 -154.890632587749479
        0.000191605317012  3.237813814494833  25.743466887294101  1.404011575406376  19.961429282045991  0.000386419918392  0.611854873146911  3.387152912682377  14.528991250328477 -154.890687356513524
        0.000000018803448  3.237813862742019  25.743466887294101  1.404011575406376  19.961429282045991  0.000386419918392  0.611854873146911  3.387152912682377  14.528991250328477 -154.890687356513524
        0.000000019284195  3.237813814494833  25.743467270901650  1.404011575406376  19.961429282045991  0.000386419918392  0.611854873146911  3.387152912682377  14.528991250328477 -154.890687356513524
        0.000000002147836  3.237813814494833  25.743466887294101  1.404011596327778  19.961429282045991  0.000386419918392  0.611854873146911  3.387152912682377  14.528991250328477 -154.890687356513524
        0.000000001311210  3.237813814494833  25.743466887294101  1.404011575406376  19.961429579494467  0.000386419918392  0.611854873146911  3.387152912682377  14.528991250328477 -154.890687356513524
        0.000000001216027  3.237813814494833  25.743466887294101  1.404011575406376  19.961429282045991  0.000386434819553  0.611854873146911  3.387152912682377  14.528991250328477 -154.890687356513524
        0.000000006031762  3.237813814494833  25.743466887294101  1.404011575406376  19.961429282045991  0.000386419918392  0.611854888048072  3.387152912682377  14.528991250328477 -154.890687356513524
        0.000000007569491  3.237813814494833  25.743466887294101  1.404011575406376  19.961429282045991  0.000386419918392  0.611854873146911  3.387152963154889  14.528991250328477 -154.890687356513524
        0.000000005832882  3.237813814494833  25.743466887294101  1.404011575406376  19.961429282045991  0.000386419918392  0.611854873146911  3.387152912682377  14.528991466827318 -154.890687356513524
        0.000037777479502  3.237813814494833  25.743466887294101  1.404011575406376  19.961429282045991  0.000386419918392  0.611854873146911  3.387152912682377  14.528991250328477 -154.890689664564633
        0.000054735509012  3.237809173777506  25.744477480150749  1.404621613860672  19.961930105629403  0.000818258397392  0.611863481190233  3.387194921415939  14.528772335001236 -154.890687647176264
        0.000000018802092  3.237809222024623  25.744477480150749  1.404621613860672  19.961930105629403  0.000818258397392  0.611863481190233  3.387194921415939  14.528772335001236 -154.890687647176264
        0.000000019282535  3.237809173777506  25.744477863773358  1.404621613860672  19.961930105629403  0.000818258397392  0.611863481190233  3.387194921415939  14.528772335001236 -154.890687647176264
        0.000000002147878  3.237809173777506  25.744477480150749  1.404621634791165  19.961930105629403  0.000818258397392  0.611863481190233  3.387194921415939  14.528772335001236 -154.890687647176264
        0.000000001311214  3.237809173777506  25.744477480150749  1.404621613860672  19.961930403085340  0.000818258397392  0.611863481190233  3.387194921415939  14.528772335001236 -154.890687647176264
        0.000000001216040  3.237809173777506  25.744477480150749  1.404621613860672  19.961930105629403  0.000818273298553  0.611863481190233  3.387194921415939  14.528772335001236 -154.890687647176264
        0.000000006031919  3.237809173777506  25.744477480150749  1.404621613860672  19.961930105629403  0.000818258397392  0.611863496091394  3.387194921415939  14.528772335001236 -154.890687647176264
        0.000000007569863  3.237809173777506  25.744477480150749  1.404621613860672  19.961930105629403  0.000818258397392  0.611863481190233  3.387194971889076  14.528772335001236 -154.890687647176264
        0.000000005832511  3.237809173777506  25.744477480150749  1.404621613860672  19.961930105629403  0.000818258397392  0.611863481190233  3.387194921415939  14.528772551496814 -154.890687647176264
        0.000037777479652  3.237809173777506  25.744477480150749  1.404621613860672  19.961930105629403  0.000818258397392  0.611863481190233  3.387194921415939  14.528772335001236 -154.890689955227373
        0.000053335621741  3.237147929502075  25.801760394152613  1.245158788727829  20.117941605328255  0.000457913988730  0.611448896378595  3.387861566859371  14.542493271407901 -154.890690981077995
        0.000000018802100  3.237147977739338  25.801760394152613  1.245158788727829  20.117941605328255  0.000457913988730  0.611448896378595  3.387861566859371  14.542493271407901 -154.890690981077995
        0.000000019281728  3.237147929502075  25.801760778628804  1.245158788727829  20.117941605328255  0.000457913988730  0.611448896378595  3.387861566859371  14.542493271407901 -154.890690981077995
        0.000000002149639  3.237147929502075  25.801760394152613  1.245158807282141  20.117941605328255  0.000457913988730  0.611448896378595  3.387861566859371  14.542493271407901 -154.890690981077995
        0.000000001324110  3.237147929502075  25.801760394152613  1.245158788727829  20.117941905108946  0.000457913988730  0.611448896378595  3.387861566859371  14.542493271407901 -154.890690981077995
        0.000000001223149  3.237147929502075  25.801760394152613  1.245158788727829  20.117941605328255  0.000457928889892  0.611448896378595  3.387861566859371  14.542493271407901 -154.890690981077995
        0.000000006030745  3.237147929502075  25.801760394152613  1.245158788727829  20.117941605328255  0.000457913988730  0.611448911279756  3.387861566859371  14.542493271407901 -154.890690981077995
        0.000000007573351  3.237147929502075  25.801760394152613  1.245158788727829  20.117941605328255  0.000457913988730  0.611448896378595  3.387861617342442  14.542493271407901 -154.890690981077995
        0.000000005824510  3.237147929502075  25.801760394152613  1.245158788727829  20.117941605328255  0.000457913988730  0.611448896378595  3.387861566859371  14.542493488107937 -154.890690981077995
        0.000037777482554  3.237147929502075  25.801760394152613  1.245158788727829  20.117941605328255  0.000457913988730  0.611448896378595  3.387861566859371  14.542493271407901 -154.890693289129160
        0.000040466587405  3.237295603572520  25.782996729577231  1.021595379286059  20.263380829744580  0.000320683201020  0.610661781357763  3.389384424983907  14.528275169882534 -154.890699661191178
        0.000000018797854  3.237295651811984  25.782996729577231  1.021595379286059  20.263380829744580  0.000320683201020  0.610661781357763  3.389384424983907  14.528275169882534 -154.890699661191178
        0.000000019274645  3.237295603572520  25.782997113773821  1.021595379286059  20.263380829744580  0.000320683201020  0.610661781357763  3.389384424983907  14.528275169882534 -154.890699661191178
        0.000000002151352  3.237295603572520  25.782996729577231  1.021595394509016  20.263380829744580  0.000320683201020  0.610661781357763  3.389384424983907  14.528275169882534 -154.890699661191178
        0.000000001341452  3.237295603572520  25.782996729577231  1.021595379286059  20.263381131692483  0.000320683201020  0.610661781357763  3.389384424983907  14.528275169882534 -154.890699661191178
        0.000000001232099  3.237295603572520  25.782996729577231  1.021595379286059  20.263380829744580  0.000320698102181  0.610661781357763  3.389384424983907  14.528275169882534 -154.890699661191178
        0.000000006024748  3.237295603572520  25.782996729577231  1.021595379286059  20.263380829744580  0.000320683201020  0.610661796258925  3.389384424983907  14.528275169882534 -154.890699661191178
        0.000000007562827  3.237295603572520  25.782996729577231  1.021595379286059  20.263380829744580  0.000320683201020  0.610661781357763  3.389384475489671  14.528275169882534 -154.890699661191178
        0.000000005823491  3.237295603572520  25.782996729577231  1.021595379286059  20.263380829744580  0.000320683201020  0.610661781357763  3.389384424983907  14.528275386370703 -154.890699661191178
        0.000037777489287  3.237295603572520  25.782996729577231  1.021595379286059  20.263380829744580  0.000320683201020  0.610661781357763  3.389384424983907  14.528275169882534 -154.890701969242457
        0.000127448731144  3.222478684254481  27.056168565561677  0.435919393507259  21.726002483182487  0.000044474863228  0.608220624949364  3.394656903115918  14.890383518173822 -154.890731343758887
        0.000130903300187  3.236778672303418  25.815837173486393  0.655022929905689  20.556214644657743  0.000060652151366  0.609256527395266  3.392407117469964  14.521030767874654 -154.890717870573923
        0.000000018789974  3.236778720535178  25.815837173486393  0.655022929905689  20.556214644657743  0.000060652151366  0.609256527395266  3.392407117469964  14.521030767874654 -154.890717870573923
        0.000000019262052  3.236778672303418  25.815837558172344  0.655022929905689  20.556214644657743  0.000060652151366  0.609256527395266  3.392407117469964  14.521030767874654 -154.890717870573923
        0.000000002148812  3.236778672303418  25.815837173486393  0.655022944806850  20.556214644657743  0.000060652151366  0.609256527395266  3.392407117469964  14.521030767874654 -154.890717870573923
        0.000000001356547  3.236778672303418  25.815837173486393  0.655022929905689  20.556214950969210  0.000060652151366  0.609256527395266  3.392407117469964  14.521030767874654 -154.890717870573923
        0.000000001246927  3.236778672303418  25.815837173486393  0.655022929905689  20.556214644657743  0.000060667052527  0.609256527395266  3.392407117469964  14.521030767874654 -154.890717870573923
        0.000000006012515  3.236778672303418  25.815837173486393  0.655022929905689  20.556214644657743  0.000060652151366  0.609256542296427  3.392407117469964  14.521030767874654 -154.890717870573923
        0.000000007549136  3.236778672303418  25.815837173486393  0.655022929905689  20.556214644657743  0.000060652151366  0.609256527395266  3.392407168020769  14.521030767874654 -154.890717870573923
        0.000000005812820  3.236778672303418  25.815837173486393  0.655022929905689  20.556214644657743  0.000060652151366  0.609256527395266  3.392407117469964  14.521030984254875 -154.890717870573923
        0.000037777504075  3.236778672303418  25.815837173486393  0.655022929905689  20.556214644657743  0.000060652151366  0.609256527395266  3.392407117469964  14.521030767874654 -154.890720178625486
        0.000082742175568  3.235268308401744  25.932718555915326  0.180142995814875  20.992685839999560  0.000036428180701  0.607497231815823  3.396255640084151  14.535226706609317 -154.890740543591050
        0.000000018782949  3.235268356610999  25.932718555915326  0.180142995814875  20.992685839999560  0.000036428180701  0.607497231815823  3.396255640084151  14.535226706609317 -154.890740543591050
        0.000000019249950  3.235268308401744  25.932718942342945  0.180142995814875  20.992685839999560  0.000036428180701  0.607497231815823  3.396255640084151  14.535226706609317 -154.890740543591050
        0.000000002145289  3.235268308401744  25.932718555915326  0.180143010716036  20.992685839999560  0.000036428180701  0.607497231815823  3.396255640084151  14.535226706609317 -154.890740543591050
        0.000000001374921  3.235268308401744  25.932718555915326  0.180142995814875  20.992686152814954  0.000036428180701  0.607497231815823  3.396255640084151  14.535226706609317 -154.890740543591050
        0.000000001266317  3.235268308401744  25.932718555915326  0.180142995814875  20.992685839999560  0.000036443081862  0.607497231815823  3.396255640084151  14.535226706609317 -154.890740543591050
        0.000000005996861  3.235268308401744  25.932718555915326  0.180142995814875  20.992685839999560  0.000036428180701  0.607497246716984  3.396255640084151  14.535226706609317 -154.890740543591050
        0.000000007539389  3.235268308401744  25.932718555915326  0.180142995814875  20.992685839999560  0.000036428180701  0.607497231815823  3.396255690692304  14.535226706609317 -154.890740543591050
        0.000000005790610  3.235268308401744  25.932718555915326  0.180142995814875  20.992685839999560  0.000036428180701  0.607497231815823  3.396255640084151  14.535226923201073 -154.890740543591050
        0.000037777522297  3.235268308401744  25.932718555915326  0.180142995814875  20.992685839999560  0.000036428180701  0.607497231815823  3.396255640084151  14.535226706609317 -154.890742851642955
        0.000041216168084  3.235267047859012  25.932718562930489  0.180142995669988  20.992685843477840  0.000036429423492  0.607497981657532  3.396255522403132  14.535226031096062 -154.890740374071157
        0.000000018782933  3.235267096068248  25.932718562930489  0.180142995669988  20.992685843477840  0.000036429423492  0.607497981657532  3.396255522403132  14.535226031096062 -154.890740374071157
        0.000000019249926  3.235267047859012  25.932718949358108  0.180142995669988  20.992685843477840  0.000036429423492  0.607497981657532  3.396255522403132  14.535226031096062 -154.890740374071157
        0.000000002145290  3.235267047859012  25.932718562930489  0.180143010571149  20.992685843477840  0.000036429423492  0.607497981657532  3.396255522403132  14.535226031096062 -154.890740374071157
        0.000000001374907  3.235267047859012  25.932718562930489  0.180142995669988  20.992686156293235  0.000036429423492  0.607497981657532  3.396255522403132  14.535226031096062 -154.890740374071157
        0.000000001266287  3.235267047859012  25.932718562930489  0.180142995669988  20.992685843477840  0.000036444324653  0.607497981657532  3.396255522403132  14.535226031096062 -154.890740374071157
        0.000000005996827  3.235267047859012  25.932718562930489  0.180142995669988  20.992685843477840  0.000036429423492  0.607497996558694  3.396255522403132  14.535226031096062 -154.890740374071157
        0.000000007539382  3.235267047859012  25.932718562930489  0.180142995669988  20.992685843477840  0.000036429423492  0.607497981657532  3.396255573011283  14.535226031096062 -154.890740374071157
        0.000000005790586  3.235267047859012  25.932718562930489  0.180142995669988  20.992685843477840  0.000036429423492  0.607497981657532  3.396255522403132  14.535226247687808 -154.890740374071157
        0.000037777521830  3.235267047859012  25.932718562930489  0.180142995669988  20.992685843477840  0.000036429423492  0.607497981657532  3.396255522403132  14.535226031096062 -154.890742682123033
        0.000039463605166  3.237729707078972  25.715207095653565  0.084195538047189  20.882740068620802  0.000009341755462  0.607218581011337  3.396726958087839  14.465800019411603 -154.890743123596849
        0.000000018773845  3.237729755324904  25.715207095653565  0.084195538047189  20.882740068620802  0.000009341755462  0.607218581011337  3.396726958087839  14.465800019411603 -154.890743123596849
        0.000000019237386  3.237729707078972  25.715207478840011  0.084195538047189  20.882740068620802  0.000009341755462  0.607218581011337  3.396726958087839  14.465800019411603 -154.890743123596849
        0.000000002144701  3.237729707078972  25.715207095653565  0.084195552948350  20.882740068620802  0.000009341755462  0.607218581011337  3.396726958087839  14.465800019411603 -154.890743123596849
        0.000000001378362  3.237729707078972  25.715207095653565  0.084195538047189  20.882740379797877  0.000009341755462  0.607218581011337  3.396726958087839  14.465800019411603 -154.890743123596849
        0.000000001268926  3.237729707078972  25.715207095653565  0.084195538047189  20.882740068620802  0.000009356656624  0.607218581011337  3.396726958087839  14.465800019411603 -154.890743123596849
        0.000000005993552  3.237729707078972  25.715207095653565  0.084195538047189  20.882740068620802  0.000009341755462  0.607218595912498  3.396726958087839  14.465800019411603 -154.890743123596849
        0.000000007512941  3.237729707078972  25.715207095653565  0.084195538047189  20.882740068620802  0.000009341755462  0.607218581011337  3.396727008703015  14.465800019411603 -154.890743123596849
        0.000000005814930  3.237729707078972  25.715207095653565  0.084195538047189  20.882740068620802  0.000009341755462  0.607218581011337  3.396726958087839  14.465800234968821 -154.890743123596849
        0.000037777524289  3.237729707078972  25.715207095653565  0.084195538047189  20.882740068620802  0.000009341755462  0.607218581011337  3.396726958087839  14.465800019411603 -154.890745431648782
        0.000040506151242  3.230241213370357  26.368383729441565  0.029893901805887  21.453362842407124  0.000001926815951  0.607014788400212  3.397164245612152  14.663727987498380 -154.890745704907886
        0.000000018796049  3.230241261504702  26.368383729441565  0.029893901805887  21.453362842407124  0.000001926815951  0.607014788400212  3.397164245612152  14.663727987498380 -154.890745704907886
        0.000000019266996  3.230241213370357  26.368384122361100  0.029893901805887  21.453362842407124  0.000001926815951  0.607014788400212  3.397164245612152  14.663727987498380 -154.890745704907886
        0.000000002144014  3.230241213370357  26.368383729441565  0.029893916707048  21.453362842407124  0.000001926815951  0.607014788400212  3.397164245612152  14.663727987498380 -154.890745704907886
        0.000000001380963  3.230241213370357  26.368383729441565  0.029893901805887  21.453363162087143  0.000001926815951  0.607014788400212  3.397164245612152  14.663727987498380 -154.890745704907886
        0.000000001274281  3.230241213370357  26.368383729441565  0.029893901805887  21.453362842407124  0.000001941717112  0.607014788400212  3.397164245612152  14.663727987498380 -154.890745704907886
        0.000000005994116  3.230241213370357  26.368383729441565  0.029893901805887  21.453362842407124  0.000001926815951  0.607014803301373  3.397164245612152  14.663727987498380 -154.890745704907886
        0.000000007579582  3.230241213370357  26.368383729441565  0.029893901805887  21.453362842407124  0.000001926815951  0.607014788400212  3.397164296233844  14.663727987498380 -154.890745704907886
        0.000000005737299  3.230241213370357  26.368383729441565  0.029893901805887  21.453362842407124  0.000001926815951  0.607014788400212  3.397164245612152  14.663728206004954 -154.890745704907886
        0.000037777526865  3.230241213370357  26.368383729441565  0.029893901805887  21.453362842407124  0.000001926815951  0.607014788400212  3.397164245612152  14.663727987498380 -154.890748012959847
        0.000042960423209  3.230243217087810  26.368365820406076  0.029877258655891  21.453388792461347  0.000269013263018  0.607016053988224  3.397174724038177  14.663591568653747 -154.890745779179241
        0.000000018795620  3.230243265222185  26.368365820406076  0.029877258655891  21.453388792461347  0.000269013263018  0.607016053988224  3.397174724038177  14.663591568653747 -154.890745779179241
        0.000000019266452  3.230243217087810  26.368366213325345  0.029877258655891  21.453388792461347  0.000269013263018  0.607016053988224  3.397174724038177  14.663591568653747 -154.890745779179241
        0.000000002144037  3.230243217087810  26.368365820406076  0.029877273557053  21.453388792461347  0.000269013263018  0.607016053988224  3.397174724038177  14.663591568653747 -154.890745779179241
        0.000000001381002  3.230243217087810  26.368365820406076  0.029877258655891  21.453389112141750  0.000269013263018  0.607016053988224  3.397174724038177  14.663591568653747 -154.890745779179241
        0.000000001274297  3.230243217087810  26.368365820406076  0.029877258655891  21.453388792461347  0.000269028164179  0.607016053988224  3.397174724038177  14.663591568653747 -154.890745779179241
        0.000000005994145  3.230243217087810  26.368365820406076  0.029877258655891  21.453388792461347  0.000269013263018  0.607016068889385  3.397174724038177  14.663591568653747 -154.890745779179241
        0.000000007579650  3.230243217087810  26.368365820406076  0.029877258655891  21.453388792461347  0.000269013263018  0.607016053988224  3.397174774660025  14.663591568653747 -154.890745779179241
        0.000000005737218  3.230243217087810  26.368365820406076  0.029877258655891  21.453388792461347  0.000269013263018  0.607016053988224  3.397174724038177  14.663591787158289 -154.890745779179241
        0.000037777526891  3.230243217087810  26.368365820406076  0.029877258655891  21.453388792461347  0.000269013263018  0.607016053988224  3.397174724038177  14.663591568653747 -154.890748087231202
        0.000039678682839  3.230381102277139  26.358876060770321  0.000236629629472  21.466956567697395  0.000192866587854  0.606915260211858  3.397364172591437  14.659146720049410 -154.890746971153845
        0.000000018794560  3.230381150413568  26.358876060770321  0.000236629629472  21.466956567697395  0.000192866587854  0.606915260211858  3.397364172591437  14.659146720049410 -154.890746971153845
        0.000000019264725  3.230381102277139  26.358876453548181  0.000236629629472  21.466956567697395  0.000192866587854  0.606915260211858  3.397364172591437  14.659146720049410 -154.890746971153845
        0.000000002144131  3.230381102277139  26.358876060770321  0.000236644530634  21.466956567697395  0.000192866587854  0.606915260211858  3.397364172591437  14.659146720049410 -154.890746971153845
        0.000000001382288  3.230381102277139  26.358876060770321  0.000236629629472  21.466956887579975  0.000192866587854  0.606915260211858  3.397364172591437  14.659146720049410 -154.890746971153845
        0.000000001275582  3.230381102277139  26.358876060770321  0.000236629629472  21.466956567697395  0.000192881489015  0.606915260211858  3.397364172591437  14.659146720049410 -154.890746971153845
        0.000000005994073  3.230381102277139  26.358876060770321  0.000236629629472  21.466956567697395  0.000192866587854  0.606915275113019  3.397364172591437  14.659146720049410 -154.890746971153845
        0.000000007578117  3.230381102277139  26.358876060770321  0.000236629629472  21.466956567697395  0.000192866587854  0.606915260211858  3.397364223216108  14.659146720049410 -154.890746971153845
        0.000000005738432  3.230381102277139  26.358876060770321  0.000236629629472  21.466956567697395  0.000192866587854  0.606915260211858  3.397364172591437  14.659146938487718 -154.890746971153845
        0.000037777527698  3.230381102277139  26.358876060770321  0.000236629629472  21.466956567697395  0.000192866587854  0.606915260211858  3.397364172591437  14.659146720049410 -154.890749279205835
        0.000038592196575  3.229776833501116  26.417709791177366  0.000006987877768  21.514826115624054  0.000000000005175  0.606920201763186  3.397354785155944  14.676659033159465 -154.890746804695937
        0.000000018796774  3.229776881628541  26.417709791177366  0.000006987877768  21.514826115624054  0.000000000005175  0.606920201763186  3.397354785155944  14.676659033159465 -154.890746804695937
        0.000000019267291  3.229776833501116  26.417710184831918  0.000006987877768  21.514826115624054  0.000000000005175  0.606920201763186  3.397354785155944  14.676659033159465 -154.890746804695937
        0.000000002144549  3.229776833501116  26.417709791177366  0.000007002778929  21.514826115624054  0.000000000005175  0.606920201763186  3.397354785155944  14.676659033159465 -154.890746804695937
        0.000000001382653  3.229776833501116  26.417709791177366  0.000006987877768  21.514826436219945  0.000000000005175  0.606920201763186  3.397354785155944  14.676659033159465 -154.890746804695937
        0.000000001276134  3.229776833501116  26.417709791177366  0.000006987877768  21.514826115624054  0.000000014906336  0.606920201763186  3.397354785155944  14.676659033159465 -154.890746804695937
        0.000000005995557  3.229776833501116  26.417709791177366  0.000006987877768  21.514826115624054  0.000000000005175  0.606920216664347  3.397354785155944  14.676659033159465 -154.890746804695937
        0.000000007585278  3.229776833501116  26.417709791177366  0.000006987877768  21.514826115624054  0.000000000005175  0.606920201763186  3.397354835780475  14.676659033159465 -154.890746804695937
        0.000000005732582  3.229776833501116  26.417709791177366  0.000006987877768  21.514826115624054  0.000000000005175  0.606920201763186  3.397354785155944  14.676659251858727 -154.890746804695937
        0.000037777527165  3.229776833501116  26.417709791177366  0.000006987877768  21.514826115624054  0.000000000005175  0.606920201763186  3.397354785155944  14.676659033159465 -154.890749112747926
        0.000037678494805  3.231148718571195  26.294627976187421  0.000000237742291  21.414577077850534  0.000000000000017  0.606918676417203  3.397362034420508  14.639199008131840 -154.890746885682375
        0.000000891825843  3.230119539048592  26.386995785255440  0.000001024257007  21.489800985186569  0.000000000000064  0.606918607907462  3.397362438559441  14.667259466408485 -154.890746882390118
        0.000000018795616  3.230119587181123  26.386995785255440  0.000001024257007  21.489800985186569  0.000000000000064  0.606918607907462  3.397362438559441  14.667259466408485 -154.890746882390118
        0.000000019265781  3.230119539048592  26.386996178452318  0.000001024257007  21.489800985186569  0.000000000000064  0.606918607907462  3.397362438559441  14.667259466408485 -154.890746882390118
        0.000000002144547  3.230119539048592  26.386995785255440  0.000001039158168  21.489800985186569  0.000000000000064  0.606918607907462  3.397362438559441  14.667259466408485 -154.890746882390118
        0.000000001382596  3.230119539048592  26.386995785255440  0.000001024257007  21.489801305409557  0.000000000000064  0.606918607907462  3.397362438559441  14.667259466408485 -154.890746882390118
        0.000000001275959  3.230119539048592  26.386995785255440  0.000001024257007  21.489800985186569  0.000000014901225  0.606918607907462  3.397362438559441  14.667259466408485 -154.890746882390118
        0.000000005995342  3.230119539048592  26.386995785255440  0.000001024257007  21.489800985186569  0.000000000000064  0.606918622808623  3.397362438559441  14.667259466408485 -154.890746882390118
        0.000000007581943  3.230119539048592  26.386995785255440  0.000001024257007  21.489800985186569  0.000000000000064  0.606918607907462  3.397362489184086  14.667259466408485 -154.890746882390118
        0.000000005736056  3.230119539048592  26.386995785255440  0.000001024257007  21.489800985186569  0.000000000000064  0.606918607907462  3.397362438559441  14.667259684967682 -154.890746882390118
        0.000037777527223  3.230119539048592  26.386995785255440  0.000001024257007  21.489800985186569  0.000000000000064  0.606918607907462  3.397362438559441  14.667259466408485 -154.890749190442108
2022-08-17 17:36:49.666269
