/projects/wagner/highthroughput/mick_graphene_paper/3_data/kc_fitting_dft
2022-08-18 03:28:09.104201
energy_inf: -154.87065645278034
     2535.672725874616845  3.416084000000000  20.021583000000000  10.905510700000001  4.275635400000000  0.010010836000000  0.844712200000000  2.936058400000000  14.313258800000000 -154.870656452780338
        0.000000018717218  3.416084050903618  20.021583000000000  10.905510700000001  4.275635400000000  0.010010836000000  0.844712200000000  2.936058400000000  14.313258800000000 -154.870656452780338
        0.000000019282189  3.416084000000000  20.021583298344837  10.905510700000001  4.275635400000000  0.010010836000000  0.844712200000000  2.936058400000000  14.313258800000000 -154.870656452780338
        0.000000002760085  3.416084000000000  20.021583000000000  10.905510862504773  4.275635400000000  0.010010836000000  0.844712200000000  2.936058400000000  14.313258800000000 -154.870656452780338
        0.000000000499340  3.416084000000000  20.021583000000000  10.905510700000001  4.275635463711932  0.010010836000000  0.844712200000000  2.936058400000000  14.313258800000000 -154.870656452780338
        0.000000000455390  3.416084000000000  20.021583000000000  10.905510700000001  4.275635400000000  0.010010850901161  0.844712200000000  2.936058400000000  14.313258800000000 -154.870656452780338
        0.000000007626080  3.416084000000000  20.021583000000000  10.905510700000001  4.275635400000000  0.010010836000000  0.844712214901161  2.936058400000000  14.313258800000000 -154.870656452780338
        0.000000008542471  3.416084000000000  20.021583000000000  10.905510700000001  4.275635400000000  0.010010836000000  0.844712200000000  2.936058443750679  14.313258800000000 -154.870656452780338
        0.000000009622645  3.416084000000000  20.021583000000000  10.905510700000001  4.275635400000000  0.010010836000000  0.844712200000000  2.936058400000000  14.313259013284176 -154.870656452780338
        0.000037770100898  3.416084000000000  20.021583000000000  10.905510700000001  4.275635400000000  0.010010836000000  0.844712200000000  2.936058400000000  14.313258800000000 -154.870658760532962
        0.319164127756752  3.399908137371752  0.011007402286673  1.340521317579137  6.080021375641209  28.960585880766963  0.230592132533784  2.935151077534990  14.296698100159178 -154.870619071086907
        0.222742819113964  3.367329733270907  16.968559891322879  9.036097135346926  4.985288648541006  8.377699696413870  0.717547971841357  2.895995009916680  14.264363031595856 -154.870582737431562
        0.000000016917890  3.367329783448030  16.968559891322879  9.036097135346926  4.985288648541006  8.377699696413870  0.717547971841357  2.895995009916680  14.264363031595856 -154.870582737431562
        0.000000016018928  3.367329733270907  16.968560144174127  9.036097135346926  4.985288648541006  8.377699696413870  0.717547971841357  2.895995009916680  14.264363031595856 -154.870582737431562
        0.000000001964397  3.367329733270907  16.968559891322879  9.036097269995267  4.985288648541006  8.377699696413870  0.717547971841357  2.895995009916680  14.264363031595856 -154.870582737431562
        0.000000000237024  3.367329733270907  16.968559891322879  9.036097135346926  4.985288722827596  8.377699696413870  0.717547971841357  2.895995009916680  14.264363031595856 -154.870582737431562
        0.000000001970809  3.367329733270907  16.968559891322879  9.036097135346926  4.985288648541006  8.377699821251325  0.717547971841357  2.895995009916680  14.264363031595856 -154.870582737431562
        0.000000003766087  3.367329733270907  16.968559891322879  9.036097135346926  4.985288648541006  8.377699696413870  0.717547986742518  2.895995009916680  14.264363031595856 -154.870582737431562
        0.000000009432320  3.367329733270907  16.968559891322879  9.036097135346926  4.985288648541006  8.377699696413870  0.717547971841357  2.895995053070368  14.264363031595856 -154.870582737431562
        0.000000006282935  3.367329733270907  16.968559891322879  9.036097135346926  4.985288648541006  8.377699696413870  0.717547971841357  2.895995009916680  14.264363244151429 -154.870582737431562
        0.000037770892199  3.367329733270907  16.968559891322879  9.036097135346926  4.985288648541006  8.377699696413870  0.717547971841357  2.895995009916680  14.264363031595856 -154.870585045183077
        0.031436532248698  3.353809943296532  23.987165734800733  15.603994457141573  0.573796025566181  0.010635763137870  1.021253792301301  2.892369481724844  14.253996410400333 -154.870500621829933
        0.026237814039587  3.356842065343737  19.194317297946053  9.796062944446749  5.740367469094845  6.082524224897119  0.769850604151497  2.918034777574400  14.253704440680179 -154.870437214674865
        0.000000017049709  3.356842115364582  19.194317297946053  9.796062944446749  5.740367469094845  6.082524224897119  0.769850604151497  2.918034777574400  14.253704440680179 -154.870437214674865
        0.000000016019968  3.356842065343737  19.194317583963670  9.796062944446749  5.740367469094845  6.082524224897119  0.769850604151497  2.918034777574400  14.253704440680179 -154.870437214674865
        0.000000002192913  3.356842065343737  19.194317297946053  9.796063090419462  5.740367469094845  6.082524224897119  0.769850604151497  2.918034777574400  14.253704440680179 -154.870437214674865
        0.000000000292396  3.356842065343737  19.194317297946053  9.796062944446749  5.740367554632986  6.082524224897119  0.769850604151497  2.918034777574400  14.253704440680179 -154.870437214674865
        0.000000001034222  3.356842065343737  19.194317297946053  9.796062944446749  5.740367469094845  6.082524315533793  0.769850604151497  2.918034777574400  14.253704440680179 -154.870437214674865
        0.000000005077806  3.356842065343737  19.194317297946053  9.796062944446749  5.740367469094845  6.082524224897119  0.769850619052659  2.918034777574400  14.253704440680179 -154.870437214674865
        0.000000009637303  3.356842065343737  19.194317297946053  9.796062944446749  5.740367469094845  6.082524224897119  0.769850604151497  2.918034821056507  14.253704440680179 -154.870437214674865
        0.000000006427240  3.356842065343737  19.194317297946053  9.796062944446749  5.740367469094845  6.082524224897119  0.769850604151497  2.918034777574400  14.253704653076927 -154.870437214674865
        0.000037771023158  3.356842065343737  19.194317297946053  9.796062944446749  5.740367469094845  6.082524224897119  0.769850604151497  2.918034777574400  14.253704440680179 -154.870439522424221
        0.002876611993954  3.357825179513471  19.159943282736748  9.943260761375484  5.729270425708331  6.067316898641971  0.764672360757287  2.923281960285996  14.304695986596903 -154.870308872777684
        0.000000017057278  3.357825229548965  19.159943282736748  9.943260761375484  5.729270425708331  6.067316898641971  0.764672360757287  2.923281960285996  14.304695986596903 -154.870308872777684
        0.000000016085208  3.357825179513471  19.159943568242152  9.943260761375484  5.729270425708331  6.067316898641971  0.764672360757287  2.923281960285996  14.304695986596903 -154.870308872777684
        0.000000002186333  3.357825179513471  19.159943282736748  9.943260909541616  5.729270425708331  6.067316898641971  0.764672360757287  2.923281960285996  14.304695986596903 -154.870308872777684
        0.000000000291403  3.357825179513471  19.159943282736748  9.943260761375484  5.729270511081113  6.067316898641971  0.764672360757287  2.923281960285996  14.304695986596903 -154.870308872777684
        0.000000001039894  3.357825179513471  19.159943282736748  9.943260761375484  5.729270425708331  6.067316989052038  0.764672360757287  2.923281960285996  14.304695986596903 -154.870308872777684
        0.000000005115698  3.357825179513471  19.159943282736748  9.943260761375484  5.729270425708331  6.067316898641971  0.764672375658448  2.923281960285996  14.304695986596903 -154.870308872777684
        0.000000009630114  3.357825179513471  19.159943282736748  9.943260761375484  5.729270425708331  6.067316898641971  0.764672360757287  2.923282003846292  14.304695986596903 -154.870308872777684
        0.000000006509820  3.357825179513471  19.159943282736748  9.943260761375484  5.729270425708331  6.067316898641971  0.764672360757287  2.923281960285996  14.304696199753483 -154.870308872777684
        0.000037770946340  3.357825179513471  19.159943282736748  9.943260761375484  5.729270425708331  6.067316898641971  0.764672360757287  2.923281960285996  14.304695986596903 -154.870311180525107
        0.001676525704461  3.368189540942939  20.736056732308239  11.216290983192666  5.806966511545523  3.373436301704123  0.821335414001212  2.895120965107532  14.252724531643869 -154.870093645465460
        0.001562675080435  3.367372612971667  19.326066686504177  10.041136840728141  6.038131937170399  5.307115690652873  0.775131098725455  2.905920260927943  14.286736893512940 -154.870085702522232
        0.000000017110026  3.367372663149429  19.326066686504177  10.041136840728141  6.038131937170399  5.307115690652873  0.775131098725455  2.905920260927943  14.286736893512940 -154.870085702522232
        0.000000016134587  3.367372612971667  19.326066974485013  10.041136840728141  6.038131937170399  5.307115690652873  0.775131098725455  2.905920260927943  14.286736893512940 -154.870085702522232
        0.000000002269898  3.367372612971667  19.326066686504177  10.041136990352740  6.038131937170399  5.307115690652873  0.775131098725455  2.905920260927943  14.286736893512940 -154.870085702522232
        0.000000000319050  3.367372612971667  19.326066686504177  10.041136840728141  6.038132027145577  5.307115690652873  0.775131098725455  2.905920260927943  14.286736893512940 -154.870085702522232
        0.000000000785099  3.367372612971667  19.326066686504177  10.041136840728141  6.038131937170399  5.307115769735059  0.775131098725455  2.905920260927943  14.286736893512940 -154.870085702522232
        0.000000005625136  3.367372612971667  19.326066686504177  10.041136840728141  6.038131937170399  5.307115690652873  0.775131113626616  2.905920260927943  14.286736893512940 -154.870085702522232
        0.000000009758482  3.367372612971667  19.326066686504177  10.041136840728141  6.038131937170399  5.307115690652873  0.775131098725455  2.905920304229530  14.286736893512940 -154.870085702522232
        0.000000006871066  3.367372612971667  19.326066686504177  10.041136840728141  6.038131937170399  5.307115690652873  0.775131098725455  2.905920260927943  14.286737106401908 -154.870085702522232
        0.000037770756585  3.367372612971667  19.326066686504177  10.041136840728141  6.038131937170399  5.307115690652873  0.775131098725455  2.905920260927943  14.286736893512940 -154.870088010266329
        0.000478916909847  3.370477433903767  20.132329655789725  10.787604601931243  5.955680205611582  4.031153638578130  0.802137033261781  2.895381553346303  14.234068952734011 -154.870065168743167
        0.000371485392307  3.369870428324806  19.472077147217430  10.200598639011481  6.047585882290420  4.945571410540428  0.781507713550717  2.901171403604650  14.250153736206439 -154.870065069506893
        0.000000017104308  3.369870478539789  19.472077147217430  10.200598639011481  6.047585882290420  4.945571410540428  0.781507713550717  2.901171403604650  14.250153736206439 -154.870065069506893
        0.000000016120468  3.369870428324806  19.472077437373990  10.200598639011481  6.047585882290420  4.945571410540428  0.781507713550717  2.901171403604650  14.250153736206439 -154.870065069506893
        0.000000002303020  3.369870428324806  19.472077147217430  10.200598791012245  6.047585882290420  4.945571410540428  0.781507713550717  2.901171403604650  14.250153736206439 -154.870065069506893
        0.000000000325459  3.369870428324806  19.472077147217430  10.200598639011481  6.047585972406472  4.945571410540428  0.781507713550717  2.901171403604650  14.250153736206439 -154.870065069506893
        0.000000000670471  3.369870428324806  19.472077147217430  10.200598639011481  6.047585882290420  4.945571484235185  0.781507713550717  2.901171403604650  14.250153736206439 -154.870065069506893
        0.000000005829552  3.369870428324806  19.472077147217430  10.200598639011481  6.047585882290420  4.945571410540428  0.781507728451879  2.901171403604650  14.250153736206439 -154.870065069506893
        0.000000009776866  3.369870428324806  19.472077147217430  10.200598639011481  6.047585882290420  4.945571410540428  0.781507713550717  2.901171446835473  14.250153736206439 -154.870065069506893
        0.000000006979904  3.369870428324806  19.472077147217430  10.200598639011481  6.047585882290420  4.945571410540428  0.781507713550717  2.901171403604650  14.250153948550278 -154.870065069506893
        0.000037770735597  3.369870428324806  19.472077147217430  10.200598639011481  6.047585882290420  4.945571410540428  0.781507713550717  2.901171403604650  14.250153736206439 -154.870067377250706
        0.000105785646901  3.364949677203439  20.002280975672804  10.570735975141101  6.097918596518099  4.687921530700821  0.788938571780323  2.899092062458223  14.374673584866464 -154.870065107572401
        0.000000017061002  3.364949727345097  20.002280975672804  10.570735975141101  6.097918596518099  4.687921530700821  0.788938571780323  2.899092062458223  14.374673584866464 -154.870065107572401
        0.000000016083799  3.364949677203439  20.002281273730016  10.570735975141101  6.097918596518099  4.687921530700821  0.788938571780323  2.899092062458223  14.374673584866464 -154.870065107572401
        0.000000002332540  3.364949677203439  20.002280975672804  10.570736132657341  6.097918596518099  4.687921530700821  0.788938571780323  2.899092062458223  14.374673584866464 -154.870065107572401
        0.000000000328765  3.364949677203439  20.002280975672804  10.570735975141101  6.097918687384166  4.687921530700821  0.788938571780323  2.899092062458223  14.374673584866464 -154.870065107572401
        0.000000000566510  3.364949677203439  20.002280975672804  10.570735975141101  6.097918596518099  4.687921600556296  0.788938571780323  2.899092062458223  14.374673584866464 -154.870065107572401
        0.000000005994060  3.364949677203439  20.002280975672804  10.570735975141101  6.097918596518099  4.687921530700821  0.788938586681484  2.899092062458223  14.374673584866464 -154.870065107572401
        0.000000009866681  3.364949677203439  20.002280975672804  10.570735975141101  6.097918596518099  4.687921530700821  0.788938571780323  2.899092105658061  14.374673584866464 -154.870065107572401
        0.000000006949255  3.364949677203439  20.002280975672804  10.570735975141101  6.097918596518099  4.687921530700821  0.788938571780323  2.899092062458223  14.374673799065793 -154.870065107572401
        0.000037770736218  3.364949677203439  20.002280975672804  10.570735975141101  6.097918596518099  4.687921530700821  0.788938571780323  2.899092062458223  14.374673584866464 -154.870067415316214
        0.000049130506672  3.364479825662234  20.062443205977949  10.610598615116411  6.105523568541829  4.656923382664558  0.789632630041063  2.898640730152618  14.389505581123386 -154.870063790221934
        0.000000017054301  3.364479875796891  20.062443205977949  10.610598615116411  6.105523568541829  4.656923382664558  0.789632630041063  2.898640730152618  14.389505581123386 -154.870063790221934
        0.000000016079620  3.364479825662234  20.062443504931650  10.610598615116411  6.105523568541829  4.656923382664558  0.789632630041063  2.898640730152618  14.389505581123386 -154.870063790221934
        0.000000002336374  3.364479825662234  20.062443205977949  10.610598773226650  6.105523568541829  4.656923382664558  0.789632630041063  2.898640730152618  14.389505581123386 -154.870063790221934
        0.000000000329294  3.364479825662234  20.062443205977949  10.610598615116411  6.105523659521220  4.656923382664558  0.789632630041063  2.898640730152618  14.389505581123386 -154.870063790221934
        0.000000000554632  3.364479825662234  20.062443205977949  10.610598615116411  6.105523568541829  4.656923452058123  0.789632630041063  2.898640730152618  14.389505581123386 -154.870063790221934
        0.000000006015010  3.364479825662234  20.062443205977949  10.610598615116411  6.105523568541829  4.656923382664558  0.789632644942224  2.898640730152618  14.389505581123386 -154.870063790221934
        0.000000009877646  3.364479825662234  20.062443205977949  10.610598615116411  6.105523568541829  4.656923382664558  0.789632630041063  2.898640773345730  14.389505581123386 -154.870063790221934
        0.000000006949158  3.364479825662234  20.062443205977949  10.610598615116411  6.105523568541829  4.656923382664558  0.789632630041063  2.898640730152618  14.389505795543728 -154.870063790221934
        0.000037770734047  3.364479825662234  20.062443205977949  10.610598615116411  6.105523568541829  4.656923382664558  0.789632630041063  2.898640730152618  14.389505581123386 -154.870066097965719
        0.000040220591104  3.364621977112301  20.141826699868798  10.677703392299103  6.104094762036004  4.542161427322947  0.791918278853228  2.897846033431958  14.386695809055558 -154.870063111184407
        0.000000017050022  3.364622027249076  20.141826699868798  10.677703392299103  6.104094762036004  4.542161427322947  0.791918278853228  2.897846033431958  14.386695809055558 -154.870063111184407
        0.000000016073552  3.364621977112301  20.141827000005403  10.677703392299103  6.104094762036004  4.542161427322947  0.791918278853228  2.897846033431958  14.386695809055558 -154.870063111184407
        0.000000002346877  3.364621977112301  20.141826699868798  10.677703551409282  6.104094762036004  4.542161427322947  0.791918278853228  2.897846033431958  14.386695809055558 -154.870063111184407
        0.000000000331040  3.364621977112301  20.141826699868798  10.677703392299103  6.104094852994104  4.542161427322947  0.791918278853228  2.897846033431958  14.386695809055558 -154.870063111184407
        0.000000000517995  3.364621977112301  20.141826699868798  10.677703392299103  6.104094762036004  4.542161495006426  0.791918278853228  2.897846033431958  14.386695809055558 -154.870063111184407
        0.000000006074670  3.364621977112301  20.141826699868798  10.677703392299103  6.104094762036004  4.542161427322947  0.791918293754389  2.897846033431958  14.386695809055558 -154.870063111184407
        0.000000009882519  3.364621977112301  20.141826699868798  10.677703392299103  6.104094762036004  4.542161427322947  0.791918278853228  2.897846076613229  14.386695809055558 -154.870063111184407
        0.000000006970699  3.364621977112301  20.141826699868798  10.677703392299103  6.104094762036004  4.542161427322947  0.791918278853228  2.897846033431958  14.386696023434032 -154.870063111184407
        0.000037770733567  3.364621977112301  20.141826699868798  10.677703392299103  6.104094762036004  4.542161427322947  0.791918278853228  2.897846033431958  14.386695809055558 -154.870065418928192
        0.000048961685075  3.364572963025410  20.315479821709161  10.820436215013052  6.103140410477263  4.319698243247852  0.796406114313636  2.896493880410411  14.387184919259987 -154.870063587416723
        0.000000017040573  3.364573013161454  20.315479821709161  10.820436215013052  6.103140410477263  4.319698243247852  0.796406114313636  2.896493880410411  14.387184919259987 -154.870063587416723
        0.000000016061060  3.364572963025410  20.315480124433400  10.820436215013052  6.103140410477263  4.319698243247852  0.796406114313636  2.896493880410411  14.387184919259987 -154.870063587416723
        0.000000002367392  3.364572963025410  20.315479821709161  10.820436376250116  6.103140410477263  4.319698243247852  0.796406114313636  2.896493880410411  14.387184919259987 -154.870063587416723
        0.000000000334545  3.364572963025410  20.315479821709161  10.820436215013052  6.103140501421142  4.319698243247852  0.796406114313636  2.896493880410411  14.387184919259987 -154.870063587416723
        0.000000000446969  3.364572963025410  20.315479821709161  10.820436215013052  6.103140410477263  4.319698307616371  0.796406114313636  2.896493880410411  14.387184919259987 -154.870063587416723
        0.000000006190414  3.364572963025410  20.315479821709161  10.820436215013052  6.103140410477263  4.319698243247852  0.796406129214797  2.896493880410411  14.387184919259987 -154.870063587416723
        0.000000009894509  3.364572963025410  20.315479821709161  10.820436215013052  6.103140410477263  4.319698243247852  0.796406114313636  2.896493923571533  14.387184919259987 -154.870063587416723
        0.000000007006647  3.364572963025410  20.315479821709161  10.820436215013052  6.103140410477263  4.319698243247852  0.796406114313636  2.896493880410411  14.387185133645749 -154.870063587416723
        0.000037770733988  3.364572963025410  20.315479821709161  10.820436215013052  6.103140410477263  4.319698243247852  0.796406114313636  2.896493880410411  14.387184919259987 -154.870065895160508
        0.000042087396450  3.362789235968767  20.560303128019257  10.994110514398008  6.124605105806854  4.160778737661032  0.800175208831810  2.895250597198010  14.433751914189630 -154.870063028583672
        0.000000017021553  3.362789286078232  20.560303128019257  10.994110514398008  6.124605105806854  4.160778737661032  0.800175208831810  2.895250597198010  14.433751914189630 -154.870063028583672
        0.000000016045133  3.362789235968767  20.560303434391649  10.994110514398008  6.124605105806854  4.160778737661032  0.800175208831810  2.895250597198010  14.433751914189630 -154.870063028583672
        0.000000002384136  3.362789235968767  20.560303128019257  10.994110678223020  6.124605105806854  4.160778737661032  0.800175208831810  2.895250597198010  14.433751914189630 -154.870063028583672
        0.000000000337521  3.362789235968767  20.560303128019257  10.994110514398008  6.124605197070582  4.160778737661032  0.800175208831810  2.895250597198010  14.433751914189630 -154.870063028583672
        0.000000000391655  3.362789235968767  20.560303128019257  10.994110514398008  6.124605105806854  4.160778799661467  0.800175208831810  2.895250597198010  14.433751914189630 -154.870063028583672
        0.000000006281852  3.362789235968767  20.560303128019257  10.994110514398008  6.124605105806854  4.160778737661032  0.800175223732971  2.895250597198010  14.433751914189630 -154.870063028583672
        0.000000009930398  3.362789235968767  20.560303128019257  10.994110514398008  6.124605105806854  4.160778737661032  0.800175208831810  2.895250640340605  14.433751914189630 -154.870063028583672
        0.000000007006218  3.362789235968767  20.560303128019257  10.994110514398008  6.124605105806854  4.160778737661032  0.800175208831810  2.895250597198010  14.433752129269294 -154.870063028583672
        0.000037770733618  3.362789235968767  20.560303128019257  10.994110514398008  6.124605105806854  4.160778737661032  0.800175208831810  2.895250597198010  14.433751914189630 -154.870065336327457
        0.000031423383192  3.361324874804147  20.748636955597394  11.125940559704372  6.140858450583915  4.048254886794190  0.802897106339238  2.894301098040780  14.472777101625846 -154.870062220202499
        0.000000017006534  3.361324924891791  20.748636955597394  11.125940559704372  6.140858450583915  4.048254886794190  0.802897106339238  2.894301098040780  14.472777101625846 -154.870062220202499
        0.000000016033388  3.361324874804147  20.748637264776178  11.125940559704372  6.140858450583915  4.048254886794190  0.802897106339238  2.894301098040780  14.472777101625846 -154.870062220202499
        0.000000002396228  3.361324874804147  20.748636955597394  11.125940725493805  6.140858450583915  4.048254886794190  0.802897106339238  2.894301098040780  14.472777101625846 -154.870062220202499
        0.000000000339867  3.361324874804147  20.748636955597394  11.125940559704372  6.140858542089837  4.048254886794190  0.802897106339238  2.894301098040780  14.472777101625846 -154.870062220202499
        0.000000000353272  3.361324874804147  20.748636955597394  11.125940559704372  6.140858450583915  4.048254947117889  0.802897106339238  2.894301098040780  14.472777101625846 -154.870062220202499
        0.000000006346683  3.361324874804147  20.748636955597394  11.125940559704372  6.140858450583915  4.048254886794190  0.802897121240399  2.894301098040780  14.472777101625846 -154.870062220202499
        0.000000009958652  3.361324874804147  20.748636955597394  11.125940559704372  6.140858450583915  4.048254886794190  0.802897106339238  2.894301141169227  14.472777101625846 -154.870062220202499
        0.000000007003043  3.361324874804147  20.748636955597394  11.125940559704372  6.140858450583915  4.048254886794190  0.802897106339238  2.894301098040780  14.472777317287031 -154.870062220202499
        0.000037770732371  3.361324874804147  20.748636955597394  11.125940559704372  6.140858450583915  4.048254886794190  0.802897106339238  2.894301098040780  14.472777101625846 -154.870064527946255
        0.000051560086853  3.359337161337639  21.035531437106869  11.327114151642943  6.173127318488817  3.854303940221765  0.807157427578806  2.892871153776865  14.524782677243481 -154.870061772492562
        0.000000016985830  3.359337211395663  21.035531437106869  11.327114151642943  6.173127318488817  3.854303940221765  0.807157427578806  2.892871153776865  14.524782677243481 -154.870061772492562
        0.000000016016364  3.359337161337639  21.035531750560715  11.327114151642943  6.173127318488817  3.854303940221765  0.807157427578806  2.892871153776865  14.524782677243481 -154.870061772492562
        0.000000002416314  3.359337161337639  21.035531437106869  11.327114320430097  6.173127318488817  3.854303940221765  0.807157427578806  2.892871153776865  14.524782677243481 -154.870061772492562
        0.000000000344072  3.359337161337639  21.035531437106869  11.327114151642943  6.173127410475582  3.854303940221765  0.807157427578806  2.892871153776865  14.524782677243481 -154.870061772492562
        0.000000000290724  3.359337161337639  21.035531437106869  11.327114151642943  6.173127318488817  3.854303997655369  0.807157427578806  2.892871153776865  14.524782677243481 -154.870061772492562
        0.000000006456465  3.359337161337639  21.035531437106869  11.327114151642943  6.173127318488817  3.854303940221765  0.807157442479967  2.892871153776865  14.524782677243481 -154.870061772492562
        0.000000010000207  3.359337161337639  21.035531437106869  11.327114151642943  6.173127318488817  3.854303940221765  0.807157427578806  2.892871196884004  14.524782677243481 -154.870061772492562
        0.000000007004608  3.359337161337639  21.035531437106869  11.327114151642943  6.173127318488817  3.854303940221765  0.807157427578806  2.892871153776865  14.524782893679609 -154.870061772492562
        0.000037770732045  3.359337161337639  21.035531437106869  11.327114151642943  6.173127318488817  3.854303940221765  0.807157427578806  2.892871153776865  14.524782677243481 -154.870064080236318
        0.000023462434742  3.358235822346677  21.177236797791057  11.421740438170998  6.199724575440807  3.771081120216249  0.808830178287332  2.892184801153421  14.554355739458829 -154.870061168625028
        0.000000016974610  3.358235872388290  21.177236797791057  11.421740438170998  6.199724575440807  3.771081120216249  0.808830178287332  2.892184801153421  14.554355739458829 -154.870061168625028
        0.000000016008312  3.358235822346677  21.177237113356476  11.421740438170998  6.199724575440807  3.771081120216249  0.808830178287332  2.892184801153421  14.554355739458829 -154.870061168625028
        0.000000002425201  3.358235822346677  21.177236797791057  11.421740608368193  6.199724575440807  3.771081120216249  0.808830178287332  2.892184801153421  14.554355739458829 -154.870061168625028
        0.000000000345985  3.358235822346677  21.177236797791057  11.421740438170998  6.199724667823902  3.771081120216249  0.808830178287332  2.892184801153421  14.554355739458829 -154.870061168625028
        0.000000000264124  3.358235822346677  21.177236797791057  11.421740438170998  6.199724575440807  3.771081176409737  0.808830178287332  2.892184801153421  14.554355739458829 -154.870061168625028
        0.000000006506958  3.358235822346677  21.177236797791057  11.421740438170998  6.199724575440807  3.771081120216249  0.808830193188494  2.892184801153421  14.554355739458829 -154.870061168625028
        0.000000010024198  3.358235822346677  21.177236797791057  11.421740438170998  6.199724575440807  3.771081120216249  0.808830178287332  2.892184844250333  14.554355739458829 -154.870061168625028
        0.000000007001890  3.358235822346677  21.177236797791057  11.421740438170998  6.199724575440807  3.771081120216249  0.808830178287332  2.892184801153421  14.554355956335630 -154.870061168625028
        0.000037770731488  3.358235822346677  21.177236797791057  11.421740438170998  6.199724575440807  3.771081120216249  0.808830178287332  2.892184801153421  14.554355739458829 -154.870063476368784
        0.000096792757467  3.355286093392316  21.645008021882145  11.751286462459513  6.256985829492590  3.429116536338453  0.815803345473564  2.889866921382995  14.630909661565321 -154.870061178938585
        0.000000016943859  3.355286143389975  21.645008021882145  11.751286462459513  6.256985829492590  3.429116536338453  0.815803345473564  2.889866921382995  14.630909661565321 -154.870061178938585
        0.000000015982880  3.355286093392316  21.645008344417899  11.751286462459513  6.256985829492590  3.429116536338453  0.815803345473564  2.889866921382995  14.630909661565321 -154.870061178938585
        0.000000002459534  3.355286093392316  21.645008021882145  11.751286637567327  6.256985829492590  3.429116536338453  0.815803345473564  2.889866921382995  14.630909661565321 -154.870061178938585
        0.000000000353923  3.355286093392316  21.645008021882145  11.751286462459513  6.256985922728945  3.429116536338453  0.815803345473564  2.889866921382995  14.630909661565321 -154.870061178938585
        0.000000000180369  3.355286093392316  21.645008021882145  11.751286462459513  6.256985829492590  3.429116587436271  0.815803345473564  2.889866921382995  14.630909661565321 -154.870061178938585
        0.000000006694232  3.355286093392316  21.645008021882145  11.751286462459513  6.256985829492590  3.429116536338453  0.815803360374726  2.889866921382995  14.630909661565321 -154.870061178938585
        0.000000010088206  3.355286093392316  21.645008021882145  11.751286462459513  6.256985829492590  3.429116536338453  0.815803345473564  2.889866964445368  14.630909661565321 -154.870061178938585
        0.000000007011231  3.355286093392316  21.645008021882145  11.751286462459513  6.256985829492590  3.429116536338453  0.815803345473564  2.889866921382995  14.630909879582864 -154.870061178938585
        0.000037770731682  3.355286093392316  21.645008021882145  11.751286462459513  6.256985829492590  3.429116536338453  0.815803345473564  2.889866921382995  14.630909661565321 -154.870063486682341
        0.000040553707851  3.355022940968057  21.687758621736155  11.779807434544004  6.265883495522667  3.401427637549505  0.816226297814280  2.889454284301997  14.640364586166166 -154.870059694947230
        0.000000016938548  3.355022990961794  21.687758621736155  11.779807434544004  6.265883495522667  3.401427637549505  0.816226297814280  2.889454284301997  14.640364586166166 -154.870059694947230
        0.000000015980266  3.355022940968057  21.687758944908943  11.779807434544004  6.265883495522667  3.401427637549505  0.816226297814280  2.889454284301997  14.640364586166166 -154.870059694947230
        0.000000002462562  3.355022940968057  21.687758621736155  11.779807610076814  6.265883495522667  3.401427637549505  0.816226297814280  2.889454284301997  14.640364586166166 -154.870059694947230
        0.000000000354611  3.355022940968057  21.687758621736155  11.779807434544004  6.265883588891607  3.401427637549505  0.816226297814280  2.889454284301997  14.640364586166166 -154.870059694947230
        0.000000000175557  3.355022940968057  21.687758621736155  11.779807434544004  6.265883495522667  3.401427688234726  0.816226297814280  2.889454284301997  14.640364586166166 -154.870059694947230
        0.000000006711759  3.355022940968057  21.687758621736155  11.779807434544004  6.265883495522667  3.401427637549505  0.816226312715441  2.889454284301997  14.640364586166166 -154.870059694947230
        0.000000010096048  3.355022940968057  21.687758621736155  11.779807434544004  6.265883495522667  3.401427637549505  0.816226297814280  2.889454327358221  14.640364586166166 -154.870059694947230
        0.000000007013191  3.355022940968057  21.687758621736155  11.779807434544004  6.265883495522667  3.401427637549505  0.816226297814280  2.889454284301997  14.640364804324598 -154.870059694947230
        0.000037770729720  3.355022940968057  21.687758621736155  11.779807434544004  6.265883495522667  3.401427637549505  0.816226297814280  2.889454284301997  14.640364586166166 -154.870062002690958
        0.000039597137318  3.355173564921698  21.756499582682203  11.835638836429924  6.272261707772738  3.299101759811707  0.817927067929811  2.888780809683655  14.637077207582033 -154.870059110217937
        0.000000016935290  3.355173614917680  21.756499582682203  11.835638836429924  6.272261707772738  3.299101759811707  0.817927067929811  2.888780809683655  14.637077207582033 -154.870059110217937
        0.000000015976295  3.355173564921698  21.756499906879309  11.835638836429924  6.272261707772738  3.299101759811707  0.817927067929811  2.888780809683655  14.637077207582033 -154.870059110217937
        0.000000002471925  3.355173564921698  21.756499582682203  11.835639012794687  6.272261707772738  3.299101759811707  0.817927067929811  2.888780809683655  14.637077207582033 -154.870059110217937
        0.000000000356815  3.355173564921698  21.756499582682203  11.835638836429924  6.272261801236720  3.299101759811707  0.817927067929811  2.888780809683655  14.637077207582033 -154.870059110217937
        0.000000000163075  3.355173564921698  21.756499582682203  11.835638836429924  6.272261707772738  3.299101808972154  0.817927067929811  2.888780809683655  14.637077207582033 -154.870059110217937
        0.000000006764394  3.355173564921698  21.756499582682203  11.835638836429924  6.272261707772738  3.299101759811707  0.817927082830972  2.888780809683655  14.637077207582033 -154.870059110217937
        0.000000010100295  3.355173564921698  21.756499582682203  11.835638836429924  6.272261707772738  3.299101759811707  0.817927067929811  2.888780852729843  14.637077207582033 -154.870059110217937
        0.000000007032349  3.355173564921698  21.756499582682203  11.835638836429924  6.272261707772738  3.299101759811707  0.817927067929811  2.888780809683655  14.637077425691480 -154.870059110217937
        0.000037770729317  3.355173564921698  21.756499582682203  11.835638836429924  6.272261707772738  3.299101759811707  0.817927067929811  2.888780809683655  14.637077207582033 -154.870061417961665
        0.000045687029707  3.355010685032593  21.918072815935723  11.959782202857156  6.293008872223168  3.102351724615498  0.821189549640341  2.887668176073042  14.640209431990819 -154.870059784204471
        0.000000016927127  3.355010735026148  21.918072815935723  11.959782202857156  6.293008872223168  3.102351724615498  0.821189549640341  2.887668176073042  14.640209431990819 -154.870059784204471
        0.000000015967627  3.355010685032593  21.918073142540457  11.959782202857156  6.293008872223168  3.102351724615498  0.821189549640341  2.887668176073042  14.640209431990819 -154.870059784204471
        0.000000002490096  3.355010685032593  21.918072815935723  11.959782381071799  6.293008872223168  3.102351724615498  0.821189549640341  2.887668176073042  14.640209431990819 -154.870059784204471
        0.000000000361165  3.355010685032593  21.918072815935723  11.959782202857156  6.293008965996307  3.102351724615498  0.821189549640341  2.887668176073042  14.640209431990819 -154.870059784204471
        0.000000000158125  3.355010685032593  21.918072815935723  11.959782202857156  6.293008872223168  3.102351770844141  0.821189549640341  2.887668176073042  14.640209431990819 -154.870059784204471
        0.000000006866796  3.355010685032593  21.918072815935723  11.959782202857156  6.293008872223168  3.102351724615498  0.821189564541502  2.887668176073042  14.640209431990819 -154.870059784204471
        0.000000010114228  3.355010685032593  21.918072815935723  11.959782202857156  6.293008872223168  3.102351724615498  0.821189549640341  2.887668219102651  14.640209431990819 -154.870059784204471
        0.000000007061190  3.355010685032593  21.918072815935723  11.959782202857156  6.293008872223168  3.102351724615498  0.821189549640341  2.887668176073042  14.640209650146939 -154.870059784204471
        0.000037770730000  3.355010685032593  21.918072815935723  11.959782202857156  6.293008872223168  3.102351724615498  0.821189549640341  2.887668176073042  14.640209431990819 -154.870062091948199
        0.000038583745631  3.354400471196367  22.089609475670542  12.089423673332435  6.298272297782006  2.935740228445947  0.824414609217805  2.886479167783282  14.657432250159976 -154.870058947167848
        0.000000016916181  3.354400521180829  22.089609475670542  12.089423673332435  6.298272297782006  2.935740228445947  0.824414609217805  2.886479167783282  14.657432250159976 -154.870058947167848
        0.000000015958506  3.354400471196367  22.089609804831372  12.089423673332435  6.298272297782006  2.935740228445947  0.824414609217805  2.886479167783282  14.657432250159976 -154.870058947167848
        0.000000002506174  3.354400471196367  22.089609475670542  12.089423853478886  6.298272297782006  2.935740228445947  0.824414609217805  2.886479167783282  14.657432250159976 -154.870058947167848
        0.000000000365537  3.354400471196367  22.089609475670542  12.089423673332435  6.298272391633577  2.935740228445947  0.824414609217805  2.886479167783282  14.657432250159976 -154.870058947167848
        0.000000000173916  3.354400471196367  22.089609475670542  12.089423673332435  6.298272297782006  2.935740272191885  0.824414609217805  2.886479167783282  14.657432250159976 -154.870058947167848
        0.000000006950726  3.354400471196367  22.089609475670542  12.089423673332435  6.298272297782006  2.935740228445947  0.824414624118966  2.886479167783282  14.657432250159976 -154.870058947167848
        0.000000010130016  3.354400471196367  22.089609475670542  12.089423673332435  6.298272297782006  2.935740228445947  0.824414609217805  2.886479210795173  14.657432250159976 -154.870058947167848
        0.000000007078838  3.354400471196367  22.089609475670542  12.089423673332435  6.298272297782006  2.935740228445947  0.824414609217805  2.886479167783282  14.657432468572736 -154.870058947167848
        0.000037770728798  3.354400471196367  22.089609475670542  12.089423673332435  6.298272297782006  2.935740228445947  0.824414609217805  2.886479167783282  14.657432250159976 -154.870061254911548
        0.000037975985168  3.353395953009818  22.278856912836186  12.221335885040929  6.335069295907513  2.781890347620598  0.826968492777898  2.885452789988072  14.684071808578317 -154.870058667044759
        0.000000016903981  3.353396002979311  22.278856912836186  12.221335885040929  6.335069295907513  2.781890347620598  0.826968492777898  2.885452789988072  14.684071808578317 -154.870058667044759
        0.000000015949521  3.353395953009818  22.278857244817026  12.221335885040929  6.335069295907513  2.781890347620598  0.826968492777898  2.885452789988072  14.684071808578317 -154.870058667044759
        0.000000002521180  3.353395953009818  22.278856912836186  12.221336067153025  6.335069295907513  2.781890347620598  0.826968492777898  2.885452789988072  14.684071808578317 -154.870058667044759
        0.000000000369245  3.353395953009818  22.278856912836186  12.221335885040929  6.335069390307401  2.781890347620598  0.826968492777898  2.885452789988072  14.684071808578317 -154.870058667044759
        0.000000000204153  3.353395953009818  22.278856912836186  12.221335885040929  6.335069295907513  2.781890389073995  0.826968492777898  2.885452789988072  14.684071808578317 -154.870058667044759
        0.000000007035299  3.353395953009818  22.278856912836186  12.221335885040929  6.335069295907513  2.781890347620598  0.826968507679059  2.885452789988072  14.684071808578317 -154.870058667044759
        0.000000010156482  3.353395953009818  22.278856912836186  12.221335885040929  6.335069295907513  2.781890347620598  0.826968492777898  2.885452832984669  14.684071808578317 -154.870058667044759
        0.000000007087966  3.353395953009818  22.278856912836186  12.221335885040929  6.335069295907513  2.781890347620598  0.826968492777898  2.885452789988072  14.684072027388037 -154.870058667044759
        0.000037770728644  3.353395953009818  22.278856912836186  12.221335885040929  6.335069295907513  2.781890347620598  0.826968492777898  2.885452789988072  14.684071808578317 -154.870060974788458
        0.000038395524203  3.352163017611576  22.475209860168796  12.358516866203354  6.360553681207275  2.640271239036391  0.829598789929080  2.884429999303742  14.717423739626465 -154.870058033598042
        0.000000016890743  3.352163067562697  22.475209860168796  12.358516866203354  6.360553681207275  2.640271239036391  0.829598789929080  2.884429999303742  14.717423739626465 -154.870058033598042
        0.000000015940475  3.352163017611576  22.475210195075523  12.358516866203354  6.360553681207275  2.640271239036391  0.829598789929080  2.884429999303742  14.717423739626465 -154.870058033598042
        0.000000002535300  3.352163017611576  22.475209860168796  12.358517050359605  6.360553681207275  2.640271239036391  0.829598789929080  2.884429999303742  14.717423739626465 -154.870058033598042
        0.000000000373150  3.352163017611576  22.475209860168796  12.358516866203354  6.360553775986911  2.640271239036391  0.829598789929080  2.884429999303742  14.717423739626465 -154.870058033598042
        0.000000000238589  3.352163017611576  22.475209860168796  12.358516866203354  6.360553681207275  2.640271278379498  0.829598789929080  2.884429999303742  14.717423739626465 -154.870058033598042
        0.000000007110430  3.352163017611576  22.475209860168796  12.358516866203354  6.360553681207275  2.640271239036391  0.829598804830241  2.884429999303742  14.717423739626465 -154.870058033598042
        0.000000010182836  3.352163017611576  22.475209860168796  12.358516866203354  6.360553681207275  2.640271239036391  0.829598789929080  2.884430042285098  14.717423739626465 -154.870058033598042
        0.000000007091422  3.352163017611576  22.475209860168796  12.358516866203354  6.360553681207275  2.640271239036391  0.829598789929080  2.884429999303742  14.717423958933169 -154.870058033598042
        0.000037770728099  3.352163017611576  22.475209860168796  12.358516866203354  6.360553681207275  2.640271239036391  0.829598789929080  2.884429999303742  14.717423739626465 -154.870060341341741
        0.000037076992471  3.350475701679005  22.686887503091700  12.498895970279991  6.401382509858777  2.520618104491551  0.831733066947894  2.883576331139265  14.762454659081854 -154.870057577427957
        0.000000016876093  3.350475751604984  22.686887503091700  12.498895970279991  6.401382509858777  2.520618104491551  0.831733066947894  2.883576331139265  14.762454659081854 -154.870057577427957
        0.000000015931619  3.350475701679005  22.686887841152668  12.498895970279991  6.401382509858777  2.520618104491551  0.831733066947894  2.883576331139265  14.762454659081854 -154.870057577427957
        0.000000002547548  3.350475701679005  22.686887503091700  12.498896156528055  6.401382509858777  2.520618104491551  0.831733066947894  2.883576331139265  14.762454659081854 -154.870057577427957
        0.000000000376444  3.350475701679005  22.686887503091700  12.498895970279991  6.401382605246810  2.520618104491551  0.831733066947894  2.883576331139265  14.762454659081854 -154.870057577427957
        0.000000000273051  3.350475701679005  22.686887503091700  12.498895970279991  6.401382509858777  2.520618142051688  0.831733066947894  2.883576331139265  14.762454659081854 -154.870057577427957
        0.000000007177399  3.350475701679005  22.686887503091700  12.498895970279991  6.401382509858777  2.520618104491551  0.831733081849055  2.883576331139265  14.762454659081854 -154.870057577427957
        0.000000010216810  3.350475701679005  22.686887503091700  12.498895970279991  6.401382509858777  2.520618104491551  0.831733066947894  2.883576374107900  14.762454659081854 -154.870057577427957
        0.000000007083949  3.350475701679005  22.686887503091700  12.498895970279991  6.401382509858777  2.520618104491551  0.831733066947894  2.883576331139265  14.762454879059570 -154.870057577427957
        0.000037770727795  3.350475701679005  22.686887503091700  12.498895970279991  6.401382509858777  2.520618104491551  0.831733066947894  2.883576331139265  14.762454659081854 -154.870059885171656
        0.000042438724410  3.347691105010873  22.984783425556596  12.691006880673811  6.458371001151301  2.391120845987414  0.834224766655347  2.882595659049878  14.836889774143737 -154.870057062341260
        0.000000016854825  3.347691154895358  22.984783425556596  12.691006880673811  6.458371001151301  2.391120845987414  0.834224766655347  2.882595659049878  14.836889774143737 -154.870057062341260
        0.000000015919898  3.347691105010873  22.984783768056559  12.691006880673811  6.458371001151301  2.391120845987414  0.834224766655347  2.882595659049878  14.836889774143737 -154.870057062341260
        0.000000002561301  3.347691105010873  22.984783425556596  12.691007069784551  6.458371001151301  2.391120845987414  0.834224766655347  2.882595659049878  14.836889774143737 -154.870057062341260
        0.000000000380387  3.347691105010873  22.984783425556596  12.691006880673811  6.458371097388528  2.391120845987414  0.834224766655347  2.882595659049878  14.836889774143737 -154.870057062341260
        0.000000000313771  3.347691105010873  22.984783425556596  12.691006880673811  6.458371001151301  2.391120881617891  0.834224766655347  2.882595659049878  14.836889774143737 -154.870057062341260
        0.000000007250904  3.347691105010873  22.984783425556596  12.691006880673811  6.458371001151301  2.391120845987414  0.834224781556508  2.882595659049878  14.836889774143737 -154.870057062341260
        0.000000010267691  3.347691105010873  22.984783425556596  12.691006880673811  6.458371001151301  2.391120845987414  0.834224766655347  2.882595702003901  14.836889774143737 -154.870057062341260
        0.000000007060198  3.347691105010873  22.984783425556596  12.691006880673811  6.458371001151301  2.391120845987414  0.834224766655347  2.882595659049878  14.836889995230623 -154.870057062341260
        0.000037770726958  3.347691105010873  22.984783425556596  12.691006880673811  6.458371001151301  2.391120845987414  0.834224766655347  2.882595659049878  14.836889774143737 -154.870059370084931
        0.000028412951401  3.347148977254346  23.091440380032616  12.764051177802294  6.488441764942694  2.304489600279761  0.835381089684486  2.882024075398248  14.851815450839021 -154.870056839274383
        0.000000016848536  3.347149027130752  23.091440380032616  12.764051177802294  6.488441764942694  2.304489600279761  0.835381089684486  2.882024075398248  14.851815450839021 -154.870056839274383
        0.000000015915996  3.347148977254346  23.091440724121892  12.764051177802294  6.488441764942694  2.304489600279761  0.835381089684486  2.882024075398248  14.851815450839021 -154.870056839274383
        0.000000002569584  3.347148977254346  23.091440380032616  12.764051368001478  6.488441764942694  2.304489600279761  0.835381089684486  2.882024075398248  14.851815450839021 -154.870056839274383
        0.000000000382299  3.347148977254346  23.091440380032616  12.764051177802294  6.488441861628011  2.304489600279761  0.835381089684486  2.882024075398248  14.851815450839021 -154.870056839274383
        0.000000000341244  3.347148977254346  23.091440380032616  12.764051177802294  6.488441764942694  2.304489634619332  0.835381089684486  2.882024075398248  14.851815450839021 -154.870056839274383
        0.000000007299829  3.347148977254346  23.091440380032616  12.764051177802294  6.488441764942694  2.304489600279761  0.835381104585647  2.882024075398248  14.851815450839021 -154.870056839274383
        0.000000010284399  3.347148977254346  23.091440380032616  12.764051177802294  6.488441764942694  2.304489600279761  0.835381089684486  2.882024118343754  14.851815450839021 -154.870056839274383
        0.000000007065649  3.347148977254346  23.091440380032616  12.764051177802294  6.488441764942694  2.304489600279761  0.835381089684486  2.882024075398248  14.851815672148318 -154.870056839274383
        0.000037770726692  3.347148977254346  23.091440380032616  12.764051177802294  6.488441764942694  2.304489600279761  0.835381089684486  2.882024075398248  14.851815450839021 -154.870059147018054
        0.000069752441831  3.345640665782474  23.445244365021225  13.019286401680427  6.538171614698236  1.983207793587679  0.840587350736621  2.880084511496013  14.891535428835375 -154.870056937381634
        0.000000016829216  3.345640715636404  23.445244365021225  13.019286401680427  6.538171614698236  1.983207793587679  0.840587350736621  2.880084511496013  14.891535428835375 -154.870056937381634
        0.000000015902274  3.345640665782474  23.445244714382589  13.019286401680427  6.538171614698236  1.983207793587679  0.840587350736621  2.880084511496013  14.891535428835375 -154.870056937381634
        0.000000002599858  3.345640665782474  23.445244365021225  13.019286595682912  6.538171614698236  1.983207793587679  0.840587350736621  2.880084511496013  14.891535428835375 -154.870056937381634
        0.000000000391041  3.345640665782474  23.445244365021225  13.019286401680427  6.538171712124585  1.983207793587679  0.840587350736621  2.880084511496013  14.891535428835375 -154.870056937381634
        0.000000000439192  3.345640665782474  23.445244365021225  13.019286401680427  6.538171614698236  1.983207823139778  0.840587350736621  2.880084511496013  14.891535428835375 -154.870056937381634
        0.000000007462722  3.345640665782474  23.445244365021225  13.019286401680427  6.538171614698236  1.983207793587679  0.840587365637782  2.880084511496013  14.891535428835375 -154.870056937381634
        0.000000010323690  3.345640665782474  23.445244365021225  13.019286401680427  6.538171614698236  1.983207793587679  0.840587350736621  2.880084554412616  14.891535428835375 -154.870056937381634
        0.000000007091468  3.345640665782474  23.445244365021225  13.019286401680427  6.538171614698236  1.983207793587679  0.840587350736621  2.880084511496013  14.891535650736545 -154.870056937381634
        0.000037770726962  3.345640665782474  23.445244365021225  13.019286401680427  6.538171614698236  1.983207793587679  0.840587350736621  2.880084511496013  14.891535428835375 -154.870059245125304
        0.000021931820963  3.345391869889382  23.487670423388472  13.048266443359086  6.547461222378272  1.954078345671905  0.840992464261928  2.879707279208311  14.900244842356505 -154.870055682846612
        0.000000016825046  3.345391919739605  23.487670423388472  13.048266443359086  6.547461222378272  1.954078345671905  0.840992464261928  2.879707279208311  14.900244842356505 -154.870055682846612
        0.000000015900574  3.345391869889382  23.487670773382035  13.048266443359086  6.547461222378272  1.954078345671905  0.840992464261928  2.879707279208311  14.900244842356505 -154.870055682846612
        0.000000002602797  3.345391869889382  23.487670423388472  13.048266637793407  6.547461222378272  1.954078345671905  0.840992464261928  2.879707279208311  14.900244842356505 -154.870055682846612
        0.000000000391841  3.345391869889382  23.487670423388472  13.048266443359086  6.547461319943047  1.954078345671905  0.840992464261928  2.879707279208311  14.900244842356505 -154.870055682846612
        0.000000000448750  3.345391869889382  23.487670423388472  13.048266443359086  6.547461222378272  1.954078374789941  0.840992464261928  2.879707279208311  14.900244842356505 -154.870055682846612
        0.000000007479563  3.345391869889382  23.487670423388472  13.048266443359086  6.547461222378272  1.954078345671905  0.840992479163089  2.879707279208311  14.900244842356505 -154.870055682846612
        0.000000010330958  3.345391869889382  23.487670423388472  13.048266443359086  6.547461222378272  1.954078345671905  0.840992464261928  2.879707322119294  14.900244842356505 -154.870055682846612
        0.000000007093099  3.345391869889382  23.487670423388472  13.048266443359086  6.547461222378272  1.954078345671905  0.840992464261928  2.879707279208311  14.900245064387455 -154.870055682846612
        0.000037770725793  3.345391869889382  23.487670423388472  13.048266443359086  6.547461222378272  1.954078345671905  0.840992464261928  2.879707279208311  14.900244842356505 -154.870057990590283
        0.000053328640558  3.345901293633295  23.697606420032152  13.221049818055118  6.559765387962754  1.632517931613840  0.845884604465956  2.877791681928325  14.886892803293048 -154.870055294264830
        0.000000016816567  3.345901343491110  23.697606420032152  13.221049818055118  6.559765387962754  1.632517931613840  0.845884604465956  2.877791681928325  14.886892803293048 -154.870055294264830
        0.000000015892137  3.345901293633295  23.697606773154003  13.221049818055118  6.559765387962754  1.632517931613840  0.845884604465956  2.877791681928325  14.886892803293048 -154.870055294264830
        0.000000002632165  3.345901293633295  23.697606420032152  13.221050015064112  6.559765387962754  1.632517931613840  0.845884604465956  2.877791681928325  14.886892803293048 -154.870055294264830
        0.000000000400672  3.345901293633295  23.697606420032152  13.221049818055118  6.559765485710876  1.632517931613840  0.845884604465956  2.877791681928325  14.886892803293048 -154.870055294264830
        0.000000000546641  3.345901293633295  23.697606420032152  13.221049818055118  6.559765387962754  1.632517955940253  0.845884604465956  2.877791681928325  14.886892803293048 -154.870055294264830
        0.000000007636614  3.345901293633295  23.697606420032152  13.221049818055118  6.559765387962754  1.632517931613840  0.845884619367117  2.877791681928325  14.886892803293048 -154.870055294264830
        0.000000010337746  3.345901293633295  23.697606420032152  13.221049818055118  6.559765387962754  1.632517931613840  0.845884604465956  2.877791724810763  14.886892803293048 -154.870055294264830
        0.000000007151838  3.345901293633295  23.697606420032152  13.221049818055118  6.559765387962754  1.632517931613840  0.845884604465956  2.877791681928325  14.886893025125037 -154.870055294264830
        0.000037770725600  3.345901293633295  23.697606420032152  13.221049818055118  6.559765387962754  1.632517931613840  0.845884604465956  2.877791681928325  14.886892803293048 -154.870057602008501
        0.000026125966582  3.345654804872506  23.756163517155731  13.262565192130497  6.574022214587606  1.580830639079473  0.846565011710206  2.877358049477889  14.894554887260549 -154.870054635349732
        0.000000016812285  3.345654854726647  23.756163517155731  13.262565192130497  6.574022214587606  1.580830639079473  0.846565011710206  2.877358049477889  14.894554887260549 -154.870054635349732
        0.000000015889904  3.345654804872506  23.756163871150154  13.262565192130497  6.574022214587606  1.580830639079473  0.846565011710206  2.877358049477889  14.894554887260549 -154.870054635349732
        0.000000002637042  3.345654804872506  23.756163517155731  13.262565389758118  6.574022214587606  1.580830639079473  0.846565011710206  2.877358049477889  14.894554887260549 -154.870054635349732
        0.000000000401969  3.345654804872506  23.756163517155731  13.262565192130497  6.574022312548171  1.580830639079473  0.846565011710206  2.877358049477889  14.894554887260549 -154.870054635349732
        0.000000000563800  3.345654804872506  23.756163517155731  13.262565192130497  6.574022214587606  1.580830662635685  0.846565011710206  2.877358049477889  14.894554887260549 -154.870054635349732
        0.000000007664819  3.345654804872506  23.756163517155731  13.262565192130497  6.574022214587606  1.580830639079473  0.846565026611367  2.877358049477889  14.894554887260549 -154.870054635349732
        0.000000010346278  3.345654804872506  23.756163517155731  13.262565192130497  6.574022214587606  1.580830639079473  0.846565011710206  2.877358092353866  14.894554887260549 -154.870054635349732
        0.000000007156514  3.345654804872506  23.756163517155731  13.262565192130497  6.574022214587606  1.580830639079473  0.846565011710206  2.877358049477889  14.894555109206712 -154.870054635349732
        0.000037770724562  3.345654804872506  23.756163517155731  13.262565192130497  6.574022214587606  1.580830639079473  0.846565011710206  2.877358049477889  14.894554887260549 -154.870056943093374
        0.000137016728153  3.342420724535451  24.403545606986516  13.718244157995223  6.699114287985262  1.038234707810926  0.854446354588320  2.874185958085958  14.979671052267534 -154.870054943694328
        0.000000016778391  3.342420774341401  24.403545606986516  13.718244157995223  6.699114287985262  1.038234707810926  0.854446354588320  2.874185958085958  14.979671052267534 -154.870054943694328
        0.000000015869627  3.342420724535451  24.403545970627682  13.718244157995223  6.699114287985262  1.038234707810926  0.854446354588320  2.874185958085958  14.979671052267534 -154.870054943694328
        0.000000002687809  3.342420724535451  24.403545606986516  13.718244362412991  6.699114287985262  1.038234707810926  0.854446354588320  2.874185958085958  14.979671052267534 -154.870054943694328
        0.000000000417080  3.342420724535451  24.403545606986516  13.718244157995223  6.699114387809844  1.038234707810926  0.854446354588320  2.874185958085958  14.979671052267534 -154.870054943694328
        0.000000000740380  3.342420724535451  24.403545606986516  13.718244157995223  6.699114287985262  1.038234723281829  0.854446354588320  2.874185958085958  14.979671052267534 -154.870054943694328
        0.000000007941201  3.342420724535451  24.403545606986516  13.718244157995223  6.699114287985262  1.038234707810926  0.854446369489481  2.874185958085958  14.979671052267534 -154.870054943694328
        0.000000010427254  3.342420724535451  24.403545606986516  13.718244157995223  6.699114287985262  1.038234707810926  0.854446354588320  2.874186000914666  14.979671052267534 -154.870054943694328
        0.000000007186775  3.342420724535451  24.403545606986516  13.718244157995223  6.699114287985262  1.038234707810926  0.854446354588320  2.874185958085958  14.979671275482026 -154.870054943694328
        0.000037770725442  3.342420724535451  24.403545606986516  13.718244157995223  6.699114287985262  1.038234707810926  0.854446354588320  2.874185958085958  14.979671052267534 -154.870057251437970
        0.000075771466323  3.342454283021518  24.409307581273158  13.722952296457027  6.700933087191605  1.033471491841924  0.854373570923388  2.873794475891471  14.982646991536324 -154.870052940351428
        0.000000016774540  3.342454332827968  24.409307581273158  13.722952296457027  6.700933087191605  1.033471491841924  0.854373570923388  2.873794475891471  14.982646991536324 -154.870052940351428
        0.000000015869471  3.342454283021518  24.409307945000183  13.722952296457027  6.700933087191605  1.033471491841924  0.854373570923388  2.873794475891471  14.982646991536324 -154.870052940351428
        0.000000002688422  3.342454283021518  24.409307581273158  13.722952500944951  6.700933087191605  1.033471491841924  0.854373570923388  2.873794475891471  14.982646991536324 -154.870052940351428
        0.000000000417269  3.342454283021518  24.409307581273158  13.722952296457027  6.700933187043289  1.033471491841924  0.854373570923388  2.873794475891471  14.982646991536324 -154.870052940351428
        0.000000000742043  3.342454283021518  24.409307581273158  13.722952296457027  6.700933087191605  1.033471507241849  0.854373570923388  2.873794475891471  14.982646991536324 -154.870052940351428
        0.000000007946694  3.342454283021518  24.409307581273158  13.722952296457027  6.700933087191605  1.033471491841924  0.854373585824549  2.873794475891471  14.982646991536324 -154.870052940351428
        0.000000010429926  3.342454283021518  24.409307581273158  13.722952296457027  6.700933087191605  1.033471491841924  0.854373570923388  2.873794518714346  14.982646991536324 -154.870052940351428
        0.000000007190501  3.342454283021518  24.409307581273158  13.722952296457027  6.700933087191605  1.033471491841924  0.854373570923388  2.873794475891471  14.982647214795161 -154.870052940351428
        0.000037770722732  3.342454283021518  24.409307581273158  13.722952296457027  6.700933087191605  1.033471491841924  0.854373570923388  2.873794475891471  14.982646991536324 -154.870055248095042
        0.000037003563449  3.343770046346652  24.405755785954188  13.739087634732496  6.701745218278210  0.913337004595700  0.855703882291895  2.873205890369163  14.946479928154760 -154.870053223632681
        0.000000016777629  3.343770096172709  24.405755785954188  13.739087634732496  6.701745218278210  0.913337004595700  0.855703882291895  2.873205890369163  14.946479928154760 -154.870053223632681
        0.000000015869034  3.343770046346652  24.405756149628289  13.739087634732496  6.701745218278210  0.913337004595700  0.855703882291895  2.873205890369163  14.946479928154760 -154.870053223632681
        0.000000002698796  3.343770046346652  24.405755785954188  13.739087839460854  6.701745218278210  0.913337004595700  0.855703882291895  2.873205890369163  14.946479928154760 -154.870053223632681
        0.000000000419847  3.343770046346652  24.405755785954188  13.739087634732496  6.701745318141995  0.913337004595700  0.855703882291895  2.873205890369163  14.946479928154760 -154.870053223632681
        0.000000000756178  3.343770046346652  24.405755785954188  13.739087634732496  6.701745218278210  0.913337019496861  0.855703882291895  2.873205890369163  14.946479928154760 -154.870053223632681
        0.000000007982735  3.343770046346652  24.405755785954188  13.739087634732496  6.701745218278210  0.913337004595700  0.855703897193056  2.873205890369163  14.946479928154760 -154.870053223632681
        0.000000010417769  3.343770046346652  24.405755785954188  13.739087634732496  6.701745218278210  0.913337004595700  0.855703882291895  2.873205933183268  14.946479928154760 -154.870053223632681
        0.000000007230990  3.343770046346652  24.405755785954188  13.739087634732496  6.701745218278210  0.913337004595700  0.855703882291895  2.873205890369163  14.946480150874667 -154.870053223632681
        0.000037770723194  3.343770046346652  24.405755785954188  13.739087634732496  6.701745218278210  0.913337004595700  0.855703882291895  2.873205890369163  14.946479928154760 -154.870055531376295
        0.000034519692609  3.346358660905808  24.400440892897446  13.773657339581918  6.691869590813257  0.677416216073663  0.858561311508387  2.871856633888121  14.876947676288559 -154.870053114822866
        0.000000016782360  3.346358710770438  24.400440892897446  13.773657339581918  6.691869590813257  0.677416216073663  0.858561311508387  2.871856633888121  14.876947676288559 -154.870053114822866
        0.000000015867474  3.346358660905808  24.400441256492350  13.773657339581918  6.691869590813257  0.677416216073663  0.858561311508387  2.871856633888121  14.876947676288559 -154.870053114822866
        0.000000002719644  3.346358660905808  24.400440892897446  13.773657544825406  6.691869590813257  0.677416216073663  0.858561311508387  2.871856633888121  14.876947676288559 -154.870053114822866
        0.000000000425699  3.346358660905808  24.400440892897446  13.773657339581918  6.691869690529885  0.677416216073663  0.858561311508387  2.871856633888121  14.876947676288559 -154.870053114822866
        0.000000000763785  3.346358660905808  24.400440892897446  13.773657339581918  6.691869590813257  0.677416230974824  0.858561311508387  2.871856633888121  14.876947676288559 -154.870053114822866
        0.000000008032608  3.346358660905808  24.400440892897446  13.773657339581918  6.691869590813257  0.677416216073663  0.858561326409548  2.871856633888121  14.876947676288559 -154.870053114822866
        0.000000010392197  3.346358660905808  24.400440892897446  13.773657339581918  6.691869590813257  0.677416216073663  0.858561311508387  2.871856676682120  14.876947676288559 -154.870053114822866
        0.000000007311323  3.346358660905808  24.400440892897446  13.773657339581918  6.691869590813257  0.677416216073663  0.858561311508387  2.871856633888121  14.876947897972354 -154.870053114822866
        0.000037770723394  3.346358660905808  24.400440892897446  13.773657339581918  6.691869590813257  0.677416216073663  0.858561311508387  2.871856633888121  14.876947676288559 -154.870055422566480
        0.000031540875162  3.351177752065284  24.416803663286824  13.860084774399244  6.653929391286438  0.209516892463028  0.864772691564335  2.868989423939973  14.749981678038717 -154.870051811322668
        0.000000016788923  3.351177802001724  24.416803663286824  13.860084774399244  6.653929391286438  0.209516892463028  0.864772691564335  2.868989423939973  14.749981678038717 -154.870051811322668
        0.000000015863647  3.351177752065284  24.416804027125551  13.860084774399244  6.653929391286438  0.209516892463028  0.864772691564335  2.868989423939973  14.749981678038717 -154.870051811322668
        0.000000002762647  3.351177752065284  24.416803663286824  13.860084980930601  6.653929391286438  0.209516892463028  0.864772691564335  2.868989423939973  14.749981678038717 -154.870051811322668
        0.000000000439422  3.351177752065284  24.416803663286824  13.860084774399244  6.653929490437712  0.209516892463028  0.864772691564335  2.868989423939973  14.749981678038717 -154.870051811322668
        0.000000000775870  3.351177752065284  24.416803663286824  13.860084774399244  6.653929391286438  0.209516907364189  0.864772691564335  2.868989423939973  14.749981678038717 -154.870051811322668
        0.000000008126854  3.351177752065284  24.416803663286824  13.860084774399244  6.653929391286438  0.209516892463028  0.864772706465497  2.868989423939973  14.749981678038717 -154.870051811322668
        0.000000010341260  3.351177752065284  24.416803663286824  13.860084774399244  6.653929391286438  0.209516892463028  0.864772691564335  2.868989466691247  14.749981678038717 -154.870051811322668
        0.000000007467051  3.351177752065284  24.416803663286824  13.860084774399244  6.653929391286438  0.209516892463028  0.864772691564335  2.868989423939973  14.749981897830571 -154.870051811322668
        0.000037770722852  3.351177752065284  24.416803663286824  13.860084774399244  6.653929391286438  0.209516892463028  0.864772691564335  2.868989423939973  14.749981678038717 -154.870054119066282
        0.000058833134119  3.352666044380596  24.475358157455990  13.928089069197670  6.652019846827828  0.000439762521210  0.867569362053587  2.867566154963217  14.712318482952281 -154.870050702941484
        0.000000016789245  3.352666094339213  24.475358157455990  13.928089069197670  6.652019846827828  0.000439762521210  0.867569362053587  2.867566154963217  14.712318482952281 -154.870050702941484
        0.000000015861214  3.352666044380596  24.475358522167248  13.928089069197670  6.652019846827828  0.000439762521210  0.867569362053587  2.867566154963217  14.712318482952281 -154.870050702941484
        0.000000002782647  3.352666044380596  24.475358157455990  13.928089276742369  6.652019846827828  0.000439762521210  0.867569362053587  2.867566154963217  14.712318482952281 -154.870050702941484
        0.000000000445890  3.352666044380596  24.475358157455990  13.928089069197670  6.652019945950649  0.000439762521210  0.867569362053587  2.867566154963217  14.712318482952281 -154.870050702941484
        0.000000000782197  3.352666044380596  24.475358157455990  13.928089069197670  6.652019846827828  0.000439777422371  0.867569362053587  2.867566154963217  14.712318482952281 -154.870050702941484
        0.000000008171505  3.352666044380596  24.475358157455990  13.928089069197670  6.652019846827828  0.000439762521210  0.867569376954748  2.867566154963217  14.712318482952281 -154.870050702941484
        0.000000010330970  3.352666044380596  24.475358157455990  13.928089069197670  6.652019846827828  0.000439762521210  0.867569362053587  2.867566197693283  14.712318482952281 -154.870050702941484
        0.000000007526227  3.352666044380596  24.475358157455990  13.928089069197670  6.652019846827828  0.000439762521210  0.867569362053587  2.867566154963217  14.712318702182911 -154.870050702941484
        0.000037770721430  3.352666044380596  24.475358157455990  13.928089069197670  6.652019846827828  0.000439762521210  0.867569362053587  2.867566154963217  14.712318482952281 -154.870053010685069
        0.000034697414466  3.357064482318012  24.167646212534699  13.753299356501426  6.564386089317386  0.000070683741602  0.867656748024601  2.867537543527673  14.596868508670928 -154.870050660663139
        0.000011667254588  3.353147318851069  24.442706037221775  13.909838729750925  6.638404096254152  0.000018552964278  0.867672663014798  2.867528206781637  14.700120508710574 -154.870050635948473
        0.000000016791931  3.353147368816857  24.442706037221775  13.909838729750925  6.638404096254152  0.000018552964278  0.867672663014798  2.867528206781637  14.700120508710574 -154.870050635948473
        0.000000015862038  3.353147318851069  24.442706401446479  13.909838729750925  6.638404096254152  0.000018552964278  0.867672663014798  2.867528206781637  14.700120508710574 -154.870050635948473
        0.000000002782889  3.353147318851069  24.442706037221775  13.909838937023673  6.638404096254152  0.000018552964278  0.867672663014798  2.867528206781637  14.700120508710574 -154.870050635948473
        0.000000000446221  3.353147318851069  24.442706037221775  13.909838729750925  6.638404195174081  0.000018552964278  0.867672663014798  2.867528206781637  14.700120508710574 -154.870050635948473
        0.000000000781214  3.353147318851069  24.442706037221775  13.909838729750925  6.638404096254152  0.000018567865439  0.867672663014798  2.867528206781637  14.700120508710574 -154.870050635948473
        0.000000008170239  3.353147318851069  24.442706037221775  13.909838729750925  6.638404096254152  0.000018552964278  0.867672677915959  2.867528206781637  14.700120508710574 -154.870050635948473
        0.000000010322685  3.353147318851069  24.442706037221775  13.909838729750925  6.638404096254152  0.000018552964278  0.867672663014798  2.867528249511137  14.700120508710574 -154.870050635948473
        0.000000007534603  3.353147318851069  24.442706037221775  13.909838729750925  6.638404096254152  0.000018552964278  0.867672663014798  2.867528206781637  14.700120727759440 -154.870050635948473
        0.000037770721153  3.353147318851069  24.442706037221775  13.909838729750925  6.638404096254152  0.000018552964278  0.867672663014798  2.867528206781637  14.700120508710574 -154.870052943692059
        0.000035210117028  3.350221085064879  24.648728028788653  14.027343548077999  6.690042714129138  0.000008776164342  0.867764077677458  2.867482251729989  14.777686060374140 -154.870050501695232
        0.000004984301355  3.352424940958845  24.494217171673391  13.939394056533112  6.648847880941042  0.000011407635683  0.867747549496778  2.867488510543011  14.719652385160886 -154.870050541099374
        0.000000016788371  3.352424990913870  24.494217171673391  13.939394056533112  6.648847880941042  0.000011407635683  0.867747549496778  2.867488510543011  14.719652385160886 -154.870050541099374
        0.000000015861140  3.352424940958845  24.494217536665669  13.939394056533112  6.648847880941042  0.000011407635683  0.867747549496778  2.867488510543011  14.719652385160886 -154.870050541099374
        0.000000002783038  3.352424940958845  24.494217171673391  13.939394264246269  6.648847880941042  0.000011407635683  0.867747549496778  2.867488510543011  14.719652385160886 -154.870050541099374
        0.000000000446464  3.352424940958845  24.494217171673391  13.939394056533112  6.648847980016596  0.000011407635683  0.867747549496778  2.867488510543011  14.719652385160886 -154.870050541099374
        0.000000000781358  3.352424940958845  24.494217171673391  13.939394056533112  6.648847880941042  0.000011422536844  0.867747549496778  2.867488510543011  14.719652385160886 -154.870050541099374
        0.000000008170223  3.352424940958845  24.494217171673391  13.939394056533112  6.648847880941042  0.000011407635683  0.867747564397940  2.867488510543011  14.719652385160886 -154.870050541099374
        0.000000010333692  3.352424940958845  24.494217171673391  13.939394056533112  6.648847880941042  0.000011407635683  0.867747549496778  2.867488553271920  14.719652385160886 -154.870050541099374
        0.000000007522469  3.352424940958845  24.494217171673391  13.939394056533112  6.648847880941042  0.000011407635683  0.867747549496778  2.867488510543011  14.719652604500800 -154.870050541099374
        0.000037770720880  3.352424940958845  24.494217171673391  13.939394056533112  6.648847880941042  0.000011407635683  0.867747549496778  2.867488510543011  14.719652385160886 -154.870052848842960
        0.000037851452671  3.352173630561731  24.512314326434129  13.949578215620965  6.660413433710868  0.000004327152788  0.867615844434132  2.867474939377889  14.726406684661683 -154.870050448162374
        0.000000561028688  3.352387492430968  24.497243719611745  13.941063283756995  6.653666905591018  0.000008985556428  0.867669934920724  2.867470219682283  14.720826914668294 -154.870050418104768
        0.000000579732962  3.352423364278905  24.494671523562449  13.939661967039246  6.650236150081790  0.000010877274221  0.867725576726717  2.867465775457351  14.719934335935195 -154.870050388906549
        0.000000016788310  3.352423414233906  24.494671523562449  13.939661967039246  6.650236150081790  0.000010877274221  0.867725576726717  2.867465775457351  14.719934335935195 -154.870050388906549
        0.000000015861137  3.352423364278905  24.494671888561498  13.939661967039246  6.650236150081790  0.000010877274221  0.867725576726717  2.867465775457351  14.719934335935195 -154.870050388906549
        0.000000002783051  3.352423364278905  24.494671523562449  13.939662174756396  6.650236150081790  0.000010877274221  0.867725576726717  2.867465775457351  14.719934335935195 -154.870050388906549
        0.000000000446375  3.352423364278905  24.494671523562449  13.939661967039246  6.650236249178031  0.000010877274221  0.867725576726717  2.867465775457351  14.719934335935195 -154.870050388906549
        0.000000000781561  3.352423364278905  24.494671523562449  13.939661967039246  6.650236150081790  0.000010892175382  0.867725576726717  2.867465775457351  14.719934335935195 -154.870050388906549
        0.000000008170727  3.352423364278905  24.494671523562449  13.939661967039246  6.650236150081790  0.000010877274221  0.867725591627878  2.867465775457351  14.719934335935195 -154.870050388906549
        0.000000010334250  3.352423364278905  24.494671523562449  13.939661967039246  6.650236150081790  0.000010877274221  0.867725576726717  2.867465818185921  14.719934335935195 -154.870050388906549
        0.000000007522552  3.352423364278905  24.494671523562449  13.939661967039246  6.650236150081790  0.000010877274221  0.867725576726717  2.867465775457351  14.719934555279309 -154.870050388906549
        0.000037770720739  3.352423364278905  24.494671523562449  13.939661967039246  6.650236150081790  0.000010877274221  0.867725576726717  2.867465775457351  14.719934335935195 -154.870052696650134
2022-08-18 08:14:55.539184
