/projects/wagner/highthroughput/mick_graphene_paper/3_data/kc_fitting_dft
2022-08-17 22:37:38.311984
energy_inf: -154.89183204249554
     2536.019385218373827  3.416084000000000  20.021583000000000  10.905510700000001  4.275635400000000  0.010010836000000  0.844712200000000  2.936058400000000  14.313258800000000 -154.891832042495537
        0.000000018717218  3.416084050903618  20.021583000000000  10.905510700000001  4.275635400000000  0.010010836000000  0.844712200000000  2.936058400000000  14.313258800000000 -154.891832042495537
        0.000000019282189  3.416084000000000  20.021583298344837  10.905510700000001  4.275635400000000  0.010010836000000  0.844712200000000  2.936058400000000  14.313258800000000 -154.891832042495537
        0.000000002760085  3.416084000000000  20.021583000000000  10.905510862504773  4.275635400000000  0.010010836000000  0.844712200000000  2.936058400000000  14.313258800000000 -154.891832042495537
        0.000000000499340  3.416084000000000  20.021583000000000  10.905510700000001  4.275635463711932  0.010010836000000  0.844712200000000  2.936058400000000  14.313258800000000 -154.891832042495537
        0.000000000455390  3.416084000000000  20.021583000000000  10.905510700000001  4.275635400000000  0.010010850901161  0.844712200000000  2.936058400000000  14.313258800000000 -154.891832042495537
        0.000000007626080  3.416084000000000  20.021583000000000  10.905510700000001  4.275635400000000  0.010010836000000  0.844712214901161  2.936058400000000  14.313258800000000 -154.891832042495537
        0.000000008542471  3.416084000000000  20.021583000000000  10.905510700000001  4.275635400000000  0.010010836000000  0.844712200000000  2.936058443750679  14.313258800000000 -154.891832042495537
        0.000000009622645  3.416084000000000  20.021583000000000  10.905510700000001  4.275635400000000  0.010010836000000  0.844712200000000  2.936058400000000  14.313259013284176 -154.891832042495537
        0.000037775266475  3.416084000000000  20.021583000000000  10.905510700000001  4.275635400000000  0.010010836000000  0.844712200000000  2.936058400000000  14.313258800000000 -154.891834350563698
        0.246304831039186  3.344112303780471  1.775989779500822  0.457746626200315  8.022836370368042  26.504001273481308  0.135361443851523  2.937486053457658  14.220444928530549 -154.891663665906208
        0.204821593373280  3.311283201446069  17.065823943944416  8.771667242625034  6.681633866155082  7.307372246384151  0.573821481276677  2.896813786424501  14.179535139177352 -154.891621567193283
        0.000000016113245  3.311283250788034  17.065823943944416  8.771667242625034  6.681633866155082  7.307372246384151  0.573821481276677  2.896813786424501  14.179535139177352 -154.891621567193283
        0.000000016527814  3.311283201446069  17.065824198245011  8.771667242625034  6.681633866155082  7.307372246384151  0.573821481276677  2.896813786424501  14.179535139177352 -154.891621567193283
        0.000000001696223  3.311283201446069  17.065823943944416  8.771667373333061  6.681633866155082  7.307372246384151  0.573821481276677  2.896813786424501  14.179535139177352 -154.891621567193283
        0.000000000186168  3.311283201446069  17.065823943944416  8.771667242625034  6.681633965719186  7.307372246384151  0.573821481276677  2.896813786424501  14.179535139177352 -154.891621567193283
        0.000000001491271  3.311283201446069  17.065823943944416  8.771667242625034  6.681633866155082  7.307372355272483  0.573821481276677  2.896813786424501  14.179535139177352 -154.891621567193283
        0.000000003329120  3.311283201446069  17.065823943944416  8.771667242625034  6.681633866155082  7.307372246384151  0.573821496177838  2.896813786424501  14.179535139177352 -154.891621567193283
        0.000000007670680  3.311283201446069  17.065823943944416  8.771667242625034  6.681633866155082  7.307372246384151  0.573821481276677  2.896813829590390  14.179535139177352 -154.891621567193283
        0.000000005590864  3.311283201446069  17.065823943944416  8.771667242625034  6.681633866155082  7.307372246384151  0.573821481276677  2.896813786424501  14.179535350468891 -154.891621567193283
        0.000037776897289  3.311283201446069  17.065823943944416  8.771667242625034  6.681633866155082  7.307372246384151  0.573821481276677  2.896813786424501  14.179535139177352 -154.891623875258290
        0.013366095982438  3.283813653130974  17.120575494954231  9.397294899858448  6.955714266478392  7.162438042077961  0.573585898734128  2.878604895429652  14.861813485313865 -154.891102081856189
        0.000000017456667  3.283813702063611  17.120575494954231  9.397294899858448  6.955714266478392  7.162438042077961  0.573585898734128  2.878604895429652  14.861813485313865 -154.891102081856189
        0.000000018095163  3.283813653130974  17.120575750070685  9.397294899858448  6.955714266478392  7.162438042077961  0.573585898734128  2.878604895429652  14.861813485313865 -154.891102081856189
        0.000000001569455  3.283813653130974  17.120575494954231  9.397295039889054  6.955714266478392  7.162438042077961  0.573585898734128  2.878604895429652  14.861813485313865 -154.891102081856189
        0.000000000169627  3.283813653130974  17.120575494954231  9.397294899858448  6.955714370126612  7.162438042077961  0.573585898734128  2.878604895429652  14.861813485313865 -154.891102081856189
        0.000000001339377  3.283813653130974  17.120575494954231  9.397294899858448  6.955714266478392  7.162438148806604  0.573585898734128  2.878604895429652  14.861813485313865 -154.891102081856189
        0.000000003239124  3.283813653130974  17.120575494954231  9.397294899858448  6.955714266478392  7.162438042077961  0.573585913635290  2.878604895429652  14.861813485313865 -154.891102081856189
        0.000000007514222  3.283813653130974  17.120575494954231  9.397294899858448  6.955714266478392  7.162438042077961  0.573585898734128  2.878604938324208  14.861813485313865 -154.891102081856189
        0.000000005439443  3.283813653130974  17.120575494954231  9.397294899858448  6.955714266478392  7.162438042077961  0.573585898734128  2.878604895429652  14.861813706772143 -154.891102081856189
        0.000037776793855  3.283813653130974  17.120575494954231  9.397294899858448  6.955714266478392  7.162438042077961  0.573585898734128  2.878604895429652  14.861813485313865 -154.891104389913465
        0.007023616161764  3.283383773833457  18.214449797217281  10.291403451024628  7.510885009606251  6.760046507045690  0.579480793334180  3.040772120904434  15.350996002126246 -154.889559343515657
        0.000000018781710  3.283383822759688  18.214449797217281  10.291403451024628  7.510885009606251  6.760046507045690  0.579480793334180  3.040772120904434  15.350996002126246 -154.889559343515657
        0.000000019360748  3.283383773833457  18.214450068633735  10.291403451024628  7.510885009606251  6.760046507045690  0.579480793334180  3.040772120904434  15.350996002126246 -154.889559343515657
        0.000000001664762  3.283383773833457  18.214449797217281  10.291403604378489  7.510885009606251  6.760046507045690  0.579480793334180  3.040772120904434  15.350996002126246 -154.889559343515657
        0.000000000171921  3.283383773833457  18.214449797217281  10.291403451024628  7.510885121527159  6.760046507045690  0.579480793334180  3.040772120904434  15.350996002126246 -154.889559343515657
        0.000000001118817  3.283383773833457  18.214449797217281  10.291403451024628  7.510885009606251  6.760046607778232  0.579480793334180  3.040772120904434  15.350996002126246 -154.889559343515657
        0.000000003634339  3.283383773833457  18.214449797217281  10.291403451024628  7.510885009606251  6.760046507045690  0.579480808235342  3.040772120904434  15.350996002126246 -154.889559343515657
        0.000000007523980  3.283383773833457  18.214449797217281  10.291403451024628  7.510885009606251  6.760046507045690  0.579480793334180  3.040772166215470  15.350996002126246 -154.889559343515657
        0.000000005915564  3.283383773833457  18.214449797217281  10.291403451024628  7.510885009606251  6.760046507045690  0.579480793334180  3.040772120904434  15.350996230873912 -154.889559343515657
        0.000037776169193  3.283383773833457  18.214449797217281  10.291403451024628  7.510885009606251  6.760046507045690  0.579480793334180  3.040772120904434  15.350996002126246 -154.889561651549940
        0.002886617959787  3.276642803600732  19.495583555622733  10.220844147524472  7.913995266512831  6.380314319563029  0.601661129683476  3.085215575929992  15.866770427966953 -154.888895543882711
        0.000000019427751  3.276642852426515  19.495583555622733  10.220844147524472  7.913995266512831  6.380314319563029  0.601661129683476  3.085215575929992  15.866770427966953 -154.888895543882711
        0.000000020034886  3.276642803600732  19.495583846129566  10.220844147524472  7.913995266512831  6.380314319563029  0.601661129683476  3.085215575929992  15.866770427966953 -154.888895543882711
        0.000000001744910  3.276642803600732  19.495583555622733  10.220844299826918  7.913995266512831  6.380314319563029  0.601661129683476  3.085215575929992  15.866770427966953 -154.888895543882711
        0.000000000204338  3.276642803600732  19.495583555622733  10.220844147524472  7.913995384440550  6.380314319563029  0.601661129683476  3.085215575929992  15.866770427966953 -154.888895543882711
        0.000000000936048  3.276642803600732  19.495583555622733  10.220844147524472  7.913995266512831  6.380314414637120  0.601661129683476  3.085215575929992  15.866770427966953 -154.888895543882711
        0.000000003933488  3.276642803600732  19.495583555622733  10.220844147524472  7.913995266512831  6.380314319563029  0.601661144584637  3.085215575929992  15.866770427966953 -154.888895543882711
        0.000000007739744  3.276642803600732  19.495583555622733  10.220844147524472  7.913995266512831  6.380314319563029  0.601661129683476  3.085215621903286  15.866770427966953 -154.888895543882711
        0.000000006093983  3.276642803600732  19.495583555622733  10.220844147524472  7.913995266512831  6.380314319563029  0.601661129683476  3.085215575929992  15.866770664400256 -154.888895543882711
        0.000037775840250  3.276642803600732  19.495583555622733  10.220844147524472  7.913995266512831  6.380314319563029  0.601661129683476  3.085215575929992  15.866770427966953 -154.888897851907103
        0.000961764103489  3.269669951994896  20.575936522109082  10.115963436251358  8.470573528308233  5.974196751887165  0.617142420849913  3.087776423973946  16.214860655702310 -154.888671914444330
        0.000000019696711  3.269670000716775  20.575936522109082  10.115963436251358  8.470573528308233  5.974196751887165  0.617142420849913  3.087776423973946  16.214860655702310 -154.888671914444330
        0.000000020352309  3.269669951994896  20.575936828714429  10.115963436251358  8.470573528308233  5.974196751887165  0.617142420849913  3.087776423973946  16.214860655702310 -154.888671914444330
        0.000000001805349  3.269669951994896  20.575936522109082  10.115963586990960  8.470573528308233  5.974196751887165  0.617142420849913  3.087776423973946  16.214860655702310 -154.888671914444330
        0.000000000251535  3.269669951994896  20.575936522109082  10.115963436251358  8.470573654529614  5.974196751887165  0.617142420849913  3.087776423973946  16.214860655702310 -154.888671914444330
        0.000000000775330  3.269669951994896  20.575936522109082  10.115963436251358  8.470573528308233  5.974196840909634  0.617142420849913  3.087776423973946  16.214860655702310 -154.888671914444330
        0.000000004239943  3.269669951994896  20.575936522109082  10.115963436251358  8.470573528308233  5.974196751887165  0.617142435751074  3.087776423973946  16.214860655702310 -154.888671914444330
        0.000000007975871  3.269669951994896  20.575936522109082  10.115963436251358  8.470573528308233  5.974196751887165  0.617142420849913  3.087776469985401  16.214860655702310 -154.888671914444330
        0.000000006146340  3.269669951994896  20.575936522109082  10.115963436251358  8.470573528308233  5.974196751887165  0.617142420849913  3.087776423973946  16.214860897322563 -154.888671914444330
        0.000037775712789  3.269669951994896  20.575936522109082  10.115963436251358  8.470573528308233  5.974196751887165  0.617142420849913  3.087776423973946  16.214860655702310 -154.888674222465397
        0.000439569354781  3.259202860757394  21.725292535196857  10.081034008686631  9.298338474289931  5.473038532366982  0.625000323424406  3.104819850806019  16.397384895849466 -154.888735367192936
        0.000000019753892  3.259202909323301  21.725292535196857  10.081034008686631  9.298338474289931  5.473038532366982  0.625000323424406  3.104819850806019  16.397384895849466 -154.888735367192936
        0.000000020432555  3.259202860757394  21.725292858928942  10.081034008686631  9.298338474289931  5.473038532366982  0.625000323424406  3.104819850806019  16.397384895849466 -154.888735367192936
        0.000000001850048  3.259202860757394  21.725292535196857  10.081034158905744  9.298338474289931  5.473038532366982  0.625000323424406  3.104819850806019  16.397384895849466 -154.888735367192936
        0.000000000308514  3.259202860757394  21.725292535196857  10.081034008686631  9.298338612845972  5.473038532366982  0.625000323424406  3.104819850806019  16.397384895849466 -154.888735367192936
        0.000000000601137  3.259202860757394  21.725292535196857  10.081034008686631  9.298338474289931  5.473038613921612  0.625000323424406  3.104819850806019  16.397384895849466 -154.888735367192936
        0.000000004529991  3.259202860757394  21.725292535196857  10.081034008686631  9.298338474289931  5.473038532366982  0.625000338325567  3.104819850806019  16.397384895849466 -154.888735367192936
        0.000000008109594  3.259202860757394  21.725292535196857  10.081034008686631  9.298338474289931  5.473038532366982  0.625000323424406  3.104819897071441  16.397384895849466 -154.888735367192936
        0.000000006082532  3.259202860757394  21.725292535196857  10.081034008686631  9.298338474289931  5.473038532366982  0.625000323424406  3.104819850806019  16.397385140189542 -154.888735367192936
        0.000037775794005  3.259202860757394  21.725292535196857  10.081034008686631  9.298338474289931  5.473038532366982  0.625000323424406  3.104819850806019  16.397384895849466 -154.888737675214941
        0.000876737948355  3.243232719189433  23.254134924307181  9.934735637028725  10.679507253273826  4.802561630952528  0.627691073910120  3.141937470908300  16.504779616079443 -154.889012803691259
        0.000000019676839  3.243232767517366  23.254134924307181  9.934735637028725  10.679507253273826  4.802561630952528  0.627691073910120  3.141937470908300  16.504779616079443 -154.889012803691259
        0.000000020355397  3.243232719189433  23.254135270820793  9.934735637028725  10.679507253273826  4.802561630952528  0.627691073910120  3.141937470908300  16.504779616079443 -154.889012803691259
        0.000000001890616  3.243232719189433  23.254134924307181  9.934735785067822  10.679507253273826  4.802561630952528  0.627691073910120  3.141937470908300  16.504779616079443 -154.889012803691259
        0.000000000395901  3.243232719189433  23.254134924307181  9.934735637028725  10.679507412410885  4.802561630952528  0.627691073910120  3.141937470908300  16.504779616079443 -154.889012803691259
        0.000000000431964  3.243232719189433  23.254134924307181  9.934735637028725  10.679507253273826  4.802561702516273  0.627691073910120  3.141937470908300  16.504779616079443 -154.889012803691259
        0.000000004831646  3.243232719189433  23.254134924307181  9.934735637028725  10.679507253273826  4.802561630952528  0.627691088811281  3.141937470908300  16.504779616079443 -154.889012803691259
        0.000000008175565  3.243232719189433  23.254134924307181  9.934735637028725  10.679507253273826  4.802561630952528  0.627691073910120  3.141937517726817  16.504779616079443 -154.889012803691259
        0.000000005912601  3.243232719189433  23.254134924307181  9.934735637028725  10.679507253273826  4.802561630952528  0.627691073910120  3.141937470908300  16.504779862019824 -154.889012803691259
        0.000037776046935  3.243232719189433  23.254134924307181  9.934735637028725  10.679507253273826  4.802561630952528  0.627691073910120  3.141937470908300  16.504779616079443 -154.889015111717413
        0.001548541672579  3.210910315642466  26.248356372151065  8.907693550261110  14.185043370342040  3.847335943045623  0.622376298182919  3.208400849020595  16.824690297426482 -154.889515768948485
        0.000000019555920  3.210910363488758  26.248356372151065  8.907693550261110  14.185043370342040  3.847335943045623  0.622376298182919  3.208400849020595  16.824690297426482 -154.889515768948485
        0.000000020217793  3.210910315642466  26.248356763282054  8.907693550261110  14.185043370342040  3.847335943045623  0.622376298182919  3.208400849020595  16.824690297426482 -154.889515768948485
        0.000000001940897  3.210910315642466  26.248356372151065  8.907693682996086  14.185043370342040  3.847335943045623  0.622376298182919  3.208400849020595  16.824690297426482 -154.889515768948485
        0.000000000610212  3.210910315642466  26.248356372151065  8.907693550261110  14.185043581715657  3.847335943045623  0.622376298182919  3.208400849020595  16.824690297426482 -154.889515768948485
        0.000000000467200  3.210910315642466  26.248356372151065  8.907693550261110  14.185043370342040  3.847336000375396  0.622376298182919  3.208400849020595  16.824690297426482 -154.889515768948485
        0.000000005195343  3.210910315642466  26.248356372151065  8.907693550261110  14.185043370342040  3.847335943045623  0.622376313084080  3.208400849020595  16.824690297426482 -154.889515768948485
        0.000000008269413  3.210910315642466  26.248356372151065  8.907693550261110  14.185043370342040  3.847335943045623  0.622376298182919  3.208400896829493  16.824690297426482 -154.889515768948485
        0.000000005543479  3.210910315642466  26.248356372151065  8.907693550261110  14.185043370342040  3.847335943045623  0.622376298182919  3.208400849020595  16.824690548133905 -154.889515768948485
        0.000037776488670  3.210910315642466  26.248356372151065  8.907693550261110  14.185043370342040  3.847335943045623  0.622376298182919  3.208400849020595  16.824690297426482 -154.889518076982114
        0.004865870874719  3.197478852660224  30.128273955592945  16.444698848163398  10.404021724273466  0.008449352657891  0.700423791631039  3.245636133914088  16.807735065528508 -154.889796214584265
        0.003637714055610  3.211389836012842  27.667921202294124  8.968698209133715  15.032780656165420  1.959231220972961  0.645079073399225  3.230274218560893  16.596360368378310 -154.889649598881647
        0.000000019440924  3.211389883866280  27.667921202294124  8.968698209133715  15.032780656165420  1.959231220972961  0.645079073399225  3.230274218560893  16.596360368378310 -154.889649598881647
        0.000000020136110  3.211389836012842  27.667921614578280  8.968698209133715  15.032780656165420  1.959231220972961  0.645079073399225  3.230274218560893  16.596360368378310 -154.889649598881647
        0.000000002060624  3.211389836012842  27.667921202294124  8.968698342777733  15.032780656165420  1.959231220972961  0.645079073399225  3.230274218560893  16.596360368378310 -154.889649598881647
        0.000000000686113  3.211389836012842  27.667921202294124  8.968698209133715  15.032780880171307  1.959231220972961  0.645079073399225  3.230274218560893  16.596360368378310 -154.889649598881647
        0.000000000730569  3.211389836012842  27.667921202294124  8.968698209133715  15.032780656165420  1.959231250167781  0.645079073399225  3.230274218560893  16.596360368378310 -154.889649598881647
        0.000000005948015  3.211389836012842  27.667921202294124  8.968698209133715  15.032780656165420  1.959231220972961  0.645079088300386  3.230274218560893  16.596360368378310 -154.889649598881647
        0.000000008455916  3.211389836012842  27.667921202294124  8.968698209133715  15.032780656165420  1.959231220972961  0.645079073399225  3.230274266695730  16.596360368378310 -154.889649598881647
        0.000000005673993  3.211389836012842  27.667921202294124  8.968698209133715  15.032780656165420  1.959231220972961  0.645079073399225  3.230274218560893  16.596360615683352 -154.889649598881647
        0.000037776618744  3.211389836012842  27.667921202294124  8.968698209133715  15.032780656165420  1.959231220972961  0.645079073399225  3.230274218560893  16.596360368378310 -154.889651906917294
        0.000775282324079  3.210503451003171  27.624266124211250  8.932842569400174  15.225745702174086  1.917545814510743  0.638631370346407  3.250291562934459  16.449056816381802 -154.889786319277277
        0.000000019399906  3.210503498843400  27.624266124211250  8.932842569400174  15.225745702174086  1.917545814510743  0.638631370346407  3.250291562934459  16.449056816381802 -154.889786319277277
        0.000000020070361  3.210503451003171  27.624266535844892  8.932842569400174  15.225745702174086  1.917545814510743  0.638631370346407  3.250291562934459  16.449056816381802 -154.889786319277277
        0.000000002046121  3.210503451003171  27.624266124211250  8.932842702509902  15.225745702174086  1.917545814510743  0.638631370346407  3.250291562934459  16.449056816381802 -154.889786319277277
        0.000000000687141  3.210503451003171  27.624266124211250  8.932842569400174  15.225745929055376  1.917545814510743  0.638631370346407  3.250291562934459  16.449056816381802 -154.889786319277277
        0.000000000737612  3.210503451003171  27.624266124211250  8.932842569400174  15.225745702174086  1.917545843084402  0.638631370346407  3.250291562934459  16.449056816381802 -154.889786319277277
        0.000000005883414  3.210503451003171  27.624266124211250  8.932842569400174  15.225745702174086  1.917545814510743  0.638631385247569  3.250291562934459  16.449056816381802 -154.889786319277277
        0.000000008329366  3.210503451003171  27.624266124211250  8.932842569400174  15.225745702174086  1.917545814510743  0.638631370346407  3.250291611367578  16.449056816381802 -154.889786319277277
        0.000000005640409  3.210503451003171  27.624266124211250  8.932842569400174  15.225745702174086  1.917545814510743  0.638631370346407  3.250291562934459  16.449057061491850 -154.889786319277277
        0.000037776731220  3.210503451003171  27.624266124211250  8.932842569400174  15.225745702174086  1.917545814510743  0.638631370346407  3.250291562934459  16.449056816381802 -154.889788627314942
        0.002159712787986  3.191889700662884  29.210005394113551  4.118341694127238  21.016161647110703  1.460634785983924  0.605383836772430  3.334944736619158  16.255482291429399 -154.890378766912619
        0.001452070536236  3.201305085357882  28.488062425887037  8.238537267533761  16.665409882733677  1.512476095288694  0.631534956114849  3.289322075280781  16.344843005049526 -154.890097127021448
        0.000000019241704  3.201305133061045  28.488062425887037  8.238537267533761  16.665409882733677  1.512476095288694  0.631534956114849  3.289322075280781  16.344843005049526 -154.890097127021448
        0.000000019873453  3.201305085357882  28.488062850392247  8.238537267533761  16.665409882733677  1.512476095288694  0.631534956114849  3.289322075280781  16.344843005049526 -154.890097127021448
        0.000000002050007  3.201305085357882  28.488062425887037  8.238537390297534  16.665409882733677  1.512476095288694  0.631534956114849  3.289322075280781  16.344843005049526 -154.890097127021448
        0.000000000767630  3.201305085357882  28.488062425887037  8.238537267533761  16.665410131067635  1.512476095288694  0.631534956114849  3.289322075280781  16.344843005049526 -154.890097127021448
        0.000000000847620  3.201305085357882  28.488062425887037  8.238537267533761  16.665409882733677  1.512476117826344  0.631534956114849  3.289322075280781  16.344843005049526 -154.890097127021448
        0.000000005909647  3.201305085357882  28.488062425887037  8.238537267533761  16.665409882733677  1.512476095288694  0.631534971016011  3.289322075280781  16.344843005049526 -154.890097127021448
        0.000000008227338  3.201305085357882  28.488062425887037  8.238537267533761  16.665409882733677  1.512476095288694  0.631534956114849  3.289322124295499  16.344843005049526 -154.890097127021448
        0.000000005497117  3.201305085357882  28.488062425887037  8.238537267533761  16.665409882733677  1.512476095288694  0.631534956114849  3.289322075280781  16.344843248606665 -154.890097127021448
        0.000037776981167  3.201305085357882  28.488062425887037  8.238537267533761  16.665409882733677  1.512476095288694  0.631534956114849  3.289322075280781  16.344843005049526 -154.890099435063746
        0.000632538194741  3.206058433008264  28.703830044542432  8.135118938763094  16.930808127790574  0.451039565301206  0.640362063015989  3.307513576582097  16.021866498155948 -154.890221459923026
        0.000000019158094  3.206058480782258  28.703830044542432  8.135118938763094  16.930808127790574  0.451039565301206  0.640362063015989  3.307513576582097  16.021866498155948 -154.890221459923026
        0.000000019793641  3.206058433008264  28.703830472262830  8.135118938763094  16.930808127790574  0.451039565301206  0.640362063015989  3.307513576582097  16.021866498155948 -154.890221459923026
        0.000000002102670  3.206058433008264  28.703830044542432  8.135119059985813  16.930808127790574  0.451039565301206  0.640362063015989  3.307513576582097  16.021866498155948 -154.890221459923026
        0.000000000808149  3.206058433008264  28.703830044542432  8.135118938763094  16.930808380079274  0.451039565301206  0.640362063015989  3.307513576582097  16.021866498155948 -154.890221459923026
        0.000000000958752  3.206058433008264  28.703830044542432  8.135118938763094  16.930808127790574  0.451039580202368  0.640362063015989  3.307513576582097  16.021866498155948 -154.890221459923026
        0.000000006175246  3.206058433008264  28.703830044542432  8.135118938763094  16.930808127790574  0.451039565301206  0.640362077917150  3.307513576582097  16.021866498155948 -154.890221459923026
        0.000000008219983  3.206058433008264  28.703830044542432  8.135118938763094  16.930808127790574  0.451039565301206  0.640362063015989  3.307513625867890  16.021866498155948 -154.890221459923026
        0.000000005599517  3.206058433008264  28.703830044542432  8.135118938763094  16.930808127790574  0.451039565301206  0.640362063015989  3.307513576582097  16.021866736900364 -154.890221459923026
        0.000037777091677  3.206058433008264  28.703830044542432  8.135118938763094  16.930808127790574  0.451039565301206  0.640362063015989  3.307513576582097  16.021866498155948 -154.890223767967171
        0.000353673134851  3.206539253488043  28.583785012685183  7.416222569594967  17.507159073233751  0.418080813764851  0.634600767924110  3.324636226058845  15.870123196924489 -154.890332283164213
        0.000000019092574  3.206539301269201  28.583785012685183  7.416222569594967  17.507159073233751  0.418080813764851  0.634600767924110  3.324636226058845  15.870123196924489 -154.890332283164213
        0.000000019700107  3.206539253488043  28.583785438616772  7.416222569594967  17.507159073233751  0.418080813764851  0.634600767924110  3.324636226058845  15.870123196924489 -154.890332283164213
        0.000000002099856  3.206539253488043  28.583785012685183  7.416222680105295  17.507159073233751  0.418080813764851  0.634600767924110  3.324636226058845  15.870123196924489 -154.890332283164213
        0.000000000861211  3.206539253488043  28.583785012685183  7.416222569594967  17.507159334110749  0.418080813764851  0.634600767924110  3.324636226058845  15.870123196924489 -154.890332283164213
        0.000000000985530  3.206539253488043  28.583785012685183  7.416222569594967  17.507159073233751  0.418080828666012  0.634600767924110  3.324636226058845  15.870123196924489 -154.890332283164213
        0.000000006129167  3.206539253488043  28.583785012685183  7.416222569594967  17.507159073233751  0.418080813764851  0.634600782825271  3.324636226058845  15.870123196924489 -154.890332283164213
        0.000000008128237  3.206539253488043  28.583785012685183  7.416222569594967  17.507159073233751  0.418080813764851  0.634600767924110  3.324636275599785  15.870123196924489 -154.890332283164213
        0.000000005577859  3.206539253488043  28.583785012685183  7.416222569594967  17.507159073233751  0.418080813764851  0.634600767924110  3.324636226058845  15.870123433407752 -154.890332283164213
        0.000037777181059  3.206539253488043  28.583785012685183  7.416222569594967  17.507159073233751  0.418080813764851  0.634600767924110  3.324636226058845  15.870123196924489 -154.890334591210035
        0.000449520154376  3.200732331562913  29.136426307462440  5.710239391726368  19.426275057069510  0.281808530000475  0.625839132714849  3.346620667626929  15.865123637221920 -154.890471013421859
        0.000000019041371  3.200732379257541  29.136426307462440  5.710239391726368  19.426275057069510  0.281808530000475  0.625839132714849  3.346620667626929  15.865123637221920 -154.890471013421859
        0.000000019620762  3.200732331562913  29.136426741629023  5.710239391726368  19.426275057069510  0.281808530000475  0.625839132714849  3.346620667626929  15.865123637221920 -154.890471013421859
        0.000000002112360  3.200732331562913  29.136426307462440  5.710239476815566  19.426275057069510  0.281808530000475  0.625839132714849  3.346620667626929  15.865123637221920 -154.890471013421859
        0.000000001007097  3.200732331562913  29.136426307462440  5.710239391726368  19.426275346543566  0.281808530000475  0.625839132714849  3.346620667626929  15.865123637221920 -154.890471013421859
        0.000000001068877  3.200732331562913  29.136426307462440  5.710239391726368  19.426275057069510  0.281808544901636  0.625839132714849  3.346620667626929  15.865123637221920 -154.890471013421859
        0.000000006110024  3.200732331562913  29.136426307462440  5.710239391726368  19.426275057069510  0.281808530000475  0.625839147616010  3.346620667626929  15.865123637221920 -154.890471013421859
        0.000000008098204  3.200732331562913  29.136426307462440  5.710239391726368  19.426275057069510  0.281808530000475  0.625839132714849  3.346620717495463  15.865123637221920 -154.890471013421859
        0.000000005492706  3.200732331562913  29.136426307462440  5.710239391726368  19.426275057069510  0.281808530000475  0.625839132714849  3.346620667626929  15.865123873630685 -154.890471013421859
        0.000037777294211  3.200732331562913  29.136426307462440  5.710239391726368  19.426275057069510  0.281808530000475  0.625839132714849  3.346620667626929  15.865123637221920 -154.890473321469727
        0.000238948372493  3.199944353452676  29.388213227522879  5.803608444383508  19.574155448715768  0.004701070154318  0.628224152006495  3.352246244974662  15.837375066974072 -154.890507892796535
        0.000000019020737  3.199944401135563  29.388213227522879  5.803608444383508  19.574155448715768  0.004701070154318  0.628224152006495  3.352246244974662  15.837375066974072 -154.890507892796535
        0.000000019600838  3.199944353452676  29.388213665441381  5.803608444383508  19.574155448715768  0.004701070154318  0.628224152006495  3.352246244974662  15.837375066974072 -154.890507892796535
        0.000000002125509  3.199944353452676  29.388213227522879  5.803608530864013  19.574155448715768  0.004701070154318  0.628224152006495  3.352246244974662  15.837375066974072 -154.890507892796535
        0.000000001012582  3.199944353452676  29.388213227522879  5.803608444383508  19.574155740393412  0.004701070154318  0.628224152006495  3.352246244974662  15.837375066974072 -154.890507892796535
        0.000000001077828  3.199944353452676  29.388213227522879  5.803608444383508  19.574155448715768  0.004701085055479  0.628224152006495  3.352246244974662  15.837375066974072 -154.890507892796535
        0.000000006159750  3.199944353452676  29.388213227522879  5.803608444383508  19.574155448715768  0.004701070154318  0.628224166907656  3.352246244974662  15.837375066974072 -154.890507892796535
        0.000000008117927  3.199944353452676  29.388213227522879  5.803608444383508  19.574155448715768  0.004701070154318  0.628224152006495  3.352246294927024  15.837375066974072 -154.890507892796535
        0.000000005495307  3.199944353452676  29.388213227522879  5.803608444383508  19.574155448715768  0.004701070154318  0.628224152006495  3.352246244974662  15.837375302969351 -154.890507892796535
        0.000037777326310  3.199944353452676  29.388213227522879  5.803608444383508  19.574155448715768  0.004701070154318  0.628224152006495  3.352246244974662  15.837375066974072 -154.890510200844972
        0.000115036817877  3.198557557241641  29.507572820218567  5.199346887512542  20.127409990189687  0.002797276980769  0.625967851261861  3.356680267884681  15.844553680852300 -154.890535360444119
        0.000000019010525  3.198557604903863  29.507572820218567  5.199346887512542  20.127409990189687  0.002797276980769  0.625967851261861  3.356680267884681  15.844553680852300 -154.890535360444119
        0.000000019583517  3.198557557241641  29.507573259915667  5.199346887512542  20.127409990189687  0.002797276980769  0.625967851261861  3.356680267884681  15.844553680852300 -154.890535360444119
        0.000000002129400  3.198557557241641  29.507572820218567  5.199346964988848  20.127409990189687  0.002797276980769  0.625967851261861  3.356680267884681  15.844553680852300 -154.890535360444119
        0.000000001058288  3.198557557241641  29.507572820218567  5.199346887512542  20.127410290111467  0.002797276980769  0.625967851261861  3.356680267884681  15.844553680852300 -154.890535360444119
        0.000000001102304  3.198557557241641  29.507572820218567  5.199346887512542  20.127409990189687  0.002797291881930  0.625967851261861  3.356680267884681  15.844553680852300 -154.890535360444119
        0.000000006149826  3.198557557241641  29.507572820218567  5.199346887512542  20.127409990189687  0.002797276980769  0.625967866163022  3.356680267884681  15.844553680852300 -154.890535360444119
        0.000000008111049  3.198557557241641  29.507572820218567  5.199346887512542  20.127409990189687  0.002797276980769  0.625967851261861  3.356680317903115  15.844553680852300 -154.890535360444119
        0.000000005473331  3.198557557241641  29.507572820218567  5.199346887512542  20.127409990189687  0.002797276980769  0.625967851261861  3.356680267884681  15.844553916954549 -154.890535360444119
        0.000037777347949  3.198557557241641  29.507572820218567  5.199346887512542  20.127409990189687  0.002797276980769  0.625967851261861  3.356680267884681  15.844553680852300 -154.890537668492954
        0.000040773065867  3.198556898772069  29.509311082986986  5.201040530775829  20.127787596418163  0.000176418118065  0.625990899978915  3.356749704419666  15.843928914771300 -154.890535846076830
        0.000000019010013  3.198556946434281  29.509311082986986  5.201040530775829  20.127787596418163  0.000176418118065  0.625990899978915  3.356749704419666  15.843928914771300 -154.890535846076830
        0.000000019582976  3.198556898772069  29.509311522709989  5.201040530775829  20.127787596418163  0.000176418118065  0.625990899978915  3.356749704419666  15.843928914771300 -154.890535846076830
        0.000000002129521  3.198556898772069  29.509311082986986  5.201040608277372  20.127787596418163  0.000176418118065  0.625990899978915  3.356749704419666  15.843928914771300 -154.890535846076830
        0.000000001058280  3.198556898772069  29.509311082986986  5.201040530775829  20.127787896345570  0.000176418118065  0.625990899978915  3.356749704419666  15.843928914771300 -154.890535846076830
        0.000000001102347  3.198556898772069  29.509311082986986  5.201040530775829  20.127787596418163  0.000176433019226  0.625990899978915  3.356749704419666  15.843928914771300 -154.890535846076830
        0.000000006150262  3.198556898772069  29.509311082986986  5.201040530775829  20.127787596418163  0.000176418118065  0.625990914880076  3.356749704419666  15.843928914771300 -154.890535846076830
        0.000000008111144  3.198556898772069  29.509311082986986  5.201040530775829  20.127787596418163  0.000176418118065  0.625990899978915  3.356749754439135  15.843928914771300 -154.890535846076830
        0.000000005473350  3.198556898772069  29.509311082986986  5.201040530775829  20.127787596418163  0.000176418118065  0.625990899978915  3.356749704419666  15.843929150864239 -154.890535846076830
        0.000037777348253  3.198556898772069  29.509311082986986  5.201040530775829  20.127787596418163  0.000176418118065  0.625990899978915  3.356749704419666  15.843928914771300 -154.890538154125665
        0.000359450757854  3.196026624723801  29.697393727903044  2.883809488309303  22.121612339840425  0.000074296261290  0.616276895582778  3.375254566981710  15.781614898755002 -154.890640780752449
        0.000000018962086  3.196026672348309  29.697393727903044  2.883809488309303  22.121612339840425  0.000074296261290  0.616276895582778  3.375254566981710  15.781614898755002 -154.890640780752449
        0.000000019504082  3.196026624723801  29.697394170428694  2.883809488309303  22.121612339840425  0.000074296261290  0.616276895582778  3.375254566981710  15.781614898755002 -154.890640780752449
        0.000000002141716  3.196026624723801  29.697393727903044  2.883809531281413  22.121612339840425  0.000074296261290  0.616276895582778  3.375254566981710  15.781614898755002 -154.890640780752449
        0.000000001227732  3.196026624723801  29.697393727903044  2.883809488309303  22.121612669478136  0.000074296261290  0.616276895582778  3.375254566981710  15.781614898755002 -154.890640780752449
        0.000000001193304  3.196026624723801  29.697393727903044  2.883809488309303  22.121612339840425  0.000074311162451  0.616276895582778  3.375254566981710  15.781614898755002 -154.890640780752449
        0.000000006100417  3.196026624723801  29.697393727903044  2.883809488309303  22.121612339840425  0.000074296261290  0.616276910483939  3.375254566981710  15.781614898755002 -154.890640780752449
        0.000000008042386  3.196026624723801  29.697393727903044  2.883809488309303  22.121612339840425  0.000074296261290  0.616276895582778  3.375254617276922  15.781614898755002 -154.890640780752449
        0.000000005419875  3.196026624723801  29.697393727903044  2.883809488309303  22.121612339840425  0.000074296261290  0.616276895582778  3.375254566981710  15.781615133919390 -154.890640780752449
        0.000037777434739  3.196026624723801  29.697393727903044  2.883809488309303  22.121612339840425  0.000074296261290  0.616276895582778  3.375254566981710  15.781614898755002 -154.890643088802847
        0.000097352114650  3.196004022321612  29.701458658209454  2.884346791391956  22.124742148082554  0.003086404814689  0.616297505003136  3.375337503684428  15.781562309762206 -154.890641319327727
        0.000000018957579  3.196004069945783  29.701458658209454  2.884346791391956  22.124742148082554  0.003086404814689  0.616297505003136  3.375337503684428  15.781562309762206 -154.890641319327727
        0.000000019498736  3.196004022321612  29.701459100795677  2.884346791391956  22.124742148082554  0.003086404814689  0.616297505003136  3.375337503684428  15.781562309762206 -154.890641319327727
        0.000000002141864  3.196004022321612  29.701458658209454  2.884346834372073  22.124742148082554  0.003086404814689  0.616297505003136  3.375337503684428  15.781562309762206 -154.890641319327727
        0.000000001227820  3.196004022321612  29.701458658209454  2.884346791391956  22.124742477766901  0.003086404814689  0.616297505003136  3.375337503684428  15.781562309762206 -154.890641319327727
        0.000000001193434  3.196004022321612  29.701458658209454  2.884346791391956  22.124742148082554  0.003086419715851  0.616297505003136  3.375337503684428  15.781562309762206 -154.890641319327727
        0.000000006100924  3.196004022321612  29.701458658209454  2.884346791391956  22.124742148082554  0.003086404814689  0.616297519904297  3.375337503684428  15.781562309762206 -154.890641319327727
        0.000000008043972  3.196004022321612  29.701458658209454  2.884346791391956  22.124742148082554  0.003086404814689  0.616297505003136  3.375337553980876  15.781562309762206 -154.890641319327727
        0.000000005418427  3.196004022321612  29.701458658209454  2.884346791391956  22.124742148082554  0.003086404814689  0.616297505003136  3.375337503684428  15.781562544925810 -154.890641319327727
        0.000037777435527  3.196004022321612  29.701458658209454  2.884346791391956  22.124742148082554  0.003086404814689  0.616297505003136  3.375337503684428  15.781562309762206 -154.890643627378154
        0.000112922125144  3.195378416814430  29.773274503721694  2.769054975801375  22.226744095629456  0.001016511389805  0.616714058064257  3.374136079000219  15.810766925918569 -154.890632782562335
        0.000000018964181  3.195378464429279  29.773274503721694  2.769054975801375  22.226744095629456  0.001016511389805  0.616714058064257  3.374136079000219  15.810766925918569 -154.890632782562335
        0.000000019507242  3.195378416814430  29.773274947378056  2.769054975801375  22.226744095629456  0.001016511389805  0.616714058064257  3.374136079000219  15.810766925918569 -154.890632782562335
        0.000000002144628  3.195378416814430  29.773274503721694  2.769055017063510  22.226744095629456  0.001016511389805  0.616714058064257  3.374136079000219  15.810766925918569 -154.890632782562335
        0.000000001236233  3.195378416814430  29.773274503721694  2.769054975801375  22.226744426833754  0.001016511389805  0.616714058064257  3.374136079000219  15.810766925918569 -154.890632782562335
        0.000000001197984  3.195378416814430  29.773274503721694  2.769054975801375  22.226744095629456  0.001016526290966  0.616714058064257  3.374136079000219  15.810766925918569 -154.890632782562335
        0.000000006107765  3.195378416814430  29.773274503721694  2.769054975801375  22.226744095629456  0.001016511389805  0.616714072965419  3.374136079000219  15.810766925918569 -154.890632782562335
        0.000000008059695  3.195378416814430  29.773274503721694  2.769054975801375  22.226744095629456  0.001016511389805  0.616714058064257  3.374136129278765  15.810766925918569 -154.890632782562335
        0.000000005413449  3.195378416814430  29.773274503721694  2.769054975801375  22.226744095629456  0.001016511389805  0.616714058064257  3.374136079000219  15.810767161517356 -154.890632782562335
        0.000037777428513  3.195378416814430  29.773274503721694  2.769054975801375  22.226744095629456  0.001016511389805  0.616714058064257  3.374136079000219  15.810766925918569 -154.890635090612619
        0.000036946994128  3.195179526765260  29.788058315045479  2.495158606340361  22.436387789206883  0.000829447480140  0.615893490441923  3.375554197118678  15.806622867821124 -154.890640445213080
        0.000000018962154  3.195179574377145  29.788058315045479  2.495158606340361  22.436387789206883  0.000829447480140  0.615893490441923  3.375554197118678  15.806622867821124 -154.890640445213080
        0.000000019502872  3.195179526765260  29.788058758922137  2.495158606340361  22.436387789206883  0.000829447480140  0.615893490441923  3.375554197118678  15.806622867821124 -154.890640445213080
        0.000000002146566  3.195179526765260  29.788058315045479  2.495158643521121  22.436387789206883  0.000829447480140  0.615893490441923  3.375554197118678  15.806622867821124 -154.890640445213080
        0.000000001255284  3.195179526765260  29.788058315045479  2.495158606340361  22.436388123535114  0.000829447480140  0.615893490441923  3.375554197118678  15.806622867821124 -154.890640445213080
        0.000000001207990  3.195179526765260  29.788058315045479  2.495158606340361  22.436387789206883  0.000829462381301  0.615893490441923  3.375554197118678  15.806622867821124 -154.890640445213080
        0.000000006103199  3.195179526765260  29.788058315045479  2.495158606340361  22.436387789206883  0.000829447480140  0.615893505343085  3.375554197118678  15.806622867821124 -154.890640445213080
        0.000000008053555  3.195179526765260  29.788058315045479  2.495158606340361  22.436387789206883  0.000829447480140  0.615893490441923  3.375554247418356  15.806622867821124 -154.890640445213080
        0.000000005409475  3.195179526765260  29.788058315045479  2.495158606340361  22.436387789206883  0.000829447480140  0.615893490441923  3.375554197118678  15.806623103358159 -154.890640445213080
        0.000037777434785  3.195179526765260  29.788058315045479  2.495158606340361  22.436387789206883  0.000829447480140  0.615893490441923  3.375554197118678  15.806622867821124 -154.890642753263478
        0.000194213571725  3.185660968457324  30.709247220783993  1.050111340118312  24.268030107413722  0.000170706579598  0.610603468324690  3.386273960486420  16.009939397058570 -154.890701043156440
        0.000000018966811  3.185661015927371  30.709247220783993  1.050111340118312  24.268030107413722  0.000170706579598  0.610603468324690  3.386273960486420  16.009939397058570 -154.890701043156440
        0.000000019499673  3.185660968457324  30.709247678387435  1.050111340118312  24.268030107413722  0.000170706579598  0.610603468324690  3.386273960486420  16.009939397058570 -154.890701043156440
        0.000000002153518  3.185660968457324  30.709247220783993  1.050111355766191  24.268030107413722  0.000170706579598  0.610603468324690  3.386273960486420  16.009939397058570 -154.890701043156440
        0.000000001354997  3.185660968457324  30.709247220783993  1.050111340118312  24.268030469035551  0.000170706579598  0.610603468324690  3.386273960486420  16.009939397058570 -154.890701043156440
        0.000000001263472  3.185660968457324  30.709247220783993  1.050111340118312  24.268030107413722  0.000170721480759  0.610603468324690  3.386273960486420  16.009939397058570 -154.890701043156440
        0.000000006064060  3.185660968457324  30.709247220783993  1.050111340118312  24.268030107413722  0.000170706579598  0.610603483225851  3.386273960486420  16.009939397058570 -154.890701043156440
        0.000000008076546  3.185660968457324  30.709247220783993  1.050111340118312  24.268030107413722  0.000170706579598  0.610603468324690  3.386274010945834  16.009939397058570 -154.890701043156440
        0.000000005297234  3.185660968457324  30.709247220783993  1.050111340118312  24.268030107413722  0.000170706579598  0.610603468324690  3.386273960486420  16.009939635625258 -154.890701043156440
        0.000037777485327  3.185660968457324  30.709247220783993  1.050111340118312  24.268030107413722  0.000170706579598  0.610603468324690  3.386273960486420  16.009939397058570 -154.890703351207748
        0.000137585230382  3.185665833136167  30.712195619152531  1.051931026986269  24.269598451942841  0.005208383261483  0.610643953025678  3.386390378458765  16.008799405791780 -154.890701765714596
        0.000000018959400  3.185665880606288  30.712195619152531  1.051931026986269  24.269598451942841  0.005208383261483  0.610643953025678  3.386390378458765  16.008799405791780 -154.890701765714596
        0.000000019490847  3.185665833136167  30.712196076799909  1.051931026986269  24.269598451942841  0.005208383261483  0.610643953025678  3.386390378458765  16.008799405791780 -154.890701765714596
        0.000000002153769  3.185665833136167  30.712195619152531  1.051931042661263  24.269598451942841  0.005208383261483  0.610643953025678  3.386390378458765  16.008799405791780 -154.890701765714596
        0.000000001355115  3.185665833136167  30.712195619152531  1.051931026986269  24.269598813588040  0.005208383261483  0.610643953025678  3.386390378458765  16.008799405791780 -154.890701765714596
        0.000000001263630  3.185665833136167  30.712195619152531  1.051931026986269  24.269598451942841  0.005208398162644  0.610643953025678  3.386390378458765  16.008799405791780 -154.890701765714596
        0.000000006065045  3.185665833136167  30.712195619152531  1.051931026986269  24.269598451942841  0.005208383261483  0.610643967926839  3.386390378458765  16.008799405791780 -154.890701765714596
        0.000000008079011  3.185665833136167  30.712195619152531  1.051931026986269  24.269598451942841  0.005208383261483  0.610643953025678  3.386390428919914  16.008799405791780 -154.890701765714596
        0.000000005295316  3.185665833136167  30.712195619152531  1.051931026986269  24.269598451942841  0.005208383261483  0.610643953025678  3.386390378458765  16.008799644341480 -154.890701765714596
        0.000037777485747  3.185665833136167  30.712195619152531  1.051931026986269  24.269598451942841  0.005208383261483  0.610643953025678  3.386390378458765  16.008799405791780 -154.890704073765903
        0.000049923735669  3.185907742291630  30.699101978533832  0.989135481657119  24.294849553546225  0.000236550572278  0.610715774934515  3.386134113053457  16.005088410201399 -154.890699731136237
        0.000000018959953  3.185907789765355  30.699101978533832  0.989135481657119  24.294849553546225  0.000236550572278  0.610715774934515  3.386134113053457  16.005088410201399 -154.890699731136237
        0.000000019491205  3.185907742291630  30.699102435986099  0.989135481657119  24.294849553546225  0.000236550572278  0.610715774934515  3.386134113053457  16.005088410201399 -154.890699731136237
        0.000000002155368  3.185907742291630  30.699101978533832  0.989135496558280  24.294849553546225  0.000236550572278  0.610715774934515  3.386134113053457  16.005088410201399 -154.890699731136237
        0.000000001359549  3.185907742291630  30.699101978533832  0.989135481657119  24.294849915567696  0.000236550572278  0.610715774934515  3.386134113053457  16.005088410201399 -154.890699731136237
        0.000000001266318  3.185907742291630  30.699101978533832  0.989135481657119  24.294849553546225  0.000236565473439  0.610715774934515  3.386134113053457  16.005088410201399 -154.890699731136237
        0.000000006069295  3.185907742291630  30.699101978533832  0.989135481657119  24.294849553546225  0.000236550572278  0.610715789835676  3.386134113053457  16.005088410201399 -154.890699731136237
        0.000000008081538  3.185907742291630  30.699101978533832  0.989135481657119  24.294849553546225  0.000236550572278  0.610715774934515  3.386134163510788  16.005088410201399 -154.890699731136237
        0.000000005298622  3.185907742291630  30.699101978533832  0.989135481657119  24.294849553546225  0.000236550572278  0.610715774934515  3.386134113053457  16.005088648695800 -154.890699731136237
        0.000037777483733  3.185907742291630  30.699101978533832  0.989135481657119  24.294849553546225  0.000236550572278  0.610715774934515  3.386134113053457  16.005088410201399 -154.890702039187516
        0.000038916757401  3.186060488823572  30.686777738673978  0.833030136861496  24.391563313629632  0.000124559008550  0.610388697159373  3.386564282331840  15.998559104971108 -154.890701587408529
        0.000000018958996  3.186060536299573  30.686777738673978  0.833030136861496  24.391563313629632  0.000124559008550  0.610388697159373  3.386564282331840  15.998559104971108 -154.890701587408529
        0.000000019489041  3.186060488823572  30.686778195942601  0.833030136861496  24.391563313629632  0.000124559008550  0.610388697159373  3.386564282331840  15.998559104971108 -154.890701587408529
        0.000000002155153  3.186060488823572  30.686777738673978  0.833030151762657  24.391563313629632  0.000124559008550  0.610388697159373  3.386564282331840  15.998559104971108 -154.890701587408529
        0.000000001365048  3.186060488823572  30.686777738673978  0.833030136861496  24.391563677092250  0.000124559008550  0.610388697159373  3.386564282331840  15.998559104971108 -154.890701587408529
        0.000000001271854  3.186060488823572  30.686777738673978  0.833030136861496  24.391563313629632  0.000124573909711  0.610388697159373  3.386564282331840  15.998559104971108 -154.890701587408529
        0.000000006068793  3.186060488823572  30.686777738673978  0.833030136861496  24.391563313629632  0.000124559008550  0.610388712060535  3.386564282331840  15.998559104971108 -154.890701587408529
        0.000000008078752  3.186060488823572  30.686777738673978  0.833030136861496  24.391563313629632  0.000124559008550  0.610388697159373  3.386564332795580  15.998559104971108 -154.890701587408529
        0.000000005299743  3.186060488823572  30.686777738673978  0.833030136861496  24.391563313629632  0.000124559008550  0.610388697159373  3.386564282331840  15.998559343368216 -154.890701587408529
        0.000037777485070  3.186060488823572  30.686777738673978  0.833030136861496  24.391563313629632  0.000124559008550  0.610388697159373  3.386564282331840  15.998559104971108 -154.890703895459836
        0.000068168843135  3.185051003994931  30.782259505093222  0.334703628536503  24.830383829272641  0.000015743153014  0.608854158685872  3.389736825319413  16.005666136491346 -154.890719076829185
        0.000000018952769  3.185051051455889  30.782259505093222  0.334703628536503  24.830383829272641  0.000015743153014  0.608854158685872  3.389736825319413  16.005666136491346 -154.890719076829185
        0.000000019478232  3.185051003994931  30.782259963784632  0.334703628536503  24.830383829272641  0.000015743153014  0.608854158685872  3.389736825319413  16.005666136491346 -154.890719076829185
        0.000000002152133  3.185051003994931  30.782259505093222  0.334703643437664  24.830383829272641  0.000015743153014  0.608854158685872  3.389736825319413  16.005666136491346 -154.890719076829185
        0.000000001381565  3.185051003994931  30.782259505093222  0.334703628536503  24.830384199274192  0.000015743153014  0.608854158685872  3.389736825319413  16.005666136491346 -154.890719076829185
        0.000000001289007  3.185051003994931  30.782259505093222  0.334703628536503  24.830383829272641  0.000015758054175  0.608854158685872  3.389736825319413  16.005666136491346 -154.890719076829185
        0.000000006056529  3.185051003994931  30.782259505093222  0.334703628536503  24.830383829272641  0.000015743153014  0.608854173587034  3.389736825319413  16.005666136491346 -154.890719076829185
        0.000000008068612  3.185051003994931  30.782259505093222  0.334703628536503  24.830383829272641  0.000015743153014  0.608854158685872  3.389736875830428  16.005666136491346 -154.890719076829185
        0.000000005284875  3.185051003994931  30.782259505093222  0.334703628536503  24.830383829272641  0.000015743153014  0.608854158685872  3.389736825319413  16.005666374994355 -154.890719076829185
        0.000037777499350  3.185051003994931  30.782259505093222  0.334703628536503  24.830383829272641  0.000015743153014  0.608854158685872  3.389736825319413  16.005666136491346 -154.890721384880749
        0.000054863230386  3.184697464564930  30.813939955364578  0.031546288545511  25.072318838356068  0.000223909173359  0.607984271545558  3.391556745971543  16.002929522194215 -154.890729215604466
        0.000000018947804  3.184697512020620  30.813939955364578  0.031546288545511  25.072318838356068  0.000223909173359  0.607984271545558  3.391556745971543  16.002929522194215 -154.890729215604466
        0.000000019470323  3.184697464564930  30.813940414528066  0.031546288545511  25.072318838356068  0.000223909173359  0.607984271545558  3.391556745971543  16.002929522194215 -154.890729215604466
        0.000000002150463  3.184697464564930  30.813939955364578  0.031546303446672  25.072318838356068  0.000223909173359  0.607984271545558  3.391556745971543  16.002929522194215 -154.890729215604466
        0.000000001391463  3.184697464564930  30.813939955364578  0.031546288545511  25.072319211962732  0.000223909173359  0.607984271545558  3.391556745971543  16.002929522194215 -154.890729215604466
        0.000000001299227  3.184697464564930  30.813939955364578  0.031546288545511  25.072318838356068  0.000223924074520  0.607984271545558  3.391556745971543  16.002929522194215 -154.890729215604466
        0.000000006049315  3.184697464564930  30.813939955364578  0.031546288545511  25.072318838356068  0.000223909173359  0.607984286446720  3.391556745971543  16.002929522194215 -154.890729215604466
        0.000000008060639  3.184697464564930  30.813939955364578  0.031546288545511  25.072318838356068  0.000223909173359  0.607984271545558  3.391556796509676  16.002929522194215 -154.890729215604466
        0.000000005278502  3.184697464564930  30.813939955364578  0.031546288545511  25.072318838356068  0.000223909173359  0.607984271545558  3.391556745971543  16.002929760656446 -154.890729215604466
        0.000037777507903  3.184697464564930  30.813939955364578  0.031546288545511  25.072318838356068  0.000223909173359  0.607984271545558  3.391556745971543  16.002929522194215 -154.890731523656200
        0.000035108795688  3.184949377136675  30.787681729971911  0.024252175687375  25.055770361100631  0.000121524043743  0.607983147725918  3.391492990035306  15.995834717952155 -154.890728814344129
        0.000000018947400  3.184949424596119  30.787681729971911  0.024252175687375  25.055770361100631  0.000121524043743  0.607983147725918  3.391492990035306  15.995834717952155 -154.890728814344129
        0.000000019469790  3.184949377136675  30.787682188744121  0.024252175687375  25.055770361100631  0.000121524043743  0.607983147725918  3.391492990035306  15.995834717952155 -154.890728814344129
        0.000000002150454  3.184949377136675  30.787681729971911  0.024252190588536  25.055770361100631  0.000121524043743  0.607983147725918  3.391492990035306  15.995834717952155 -154.890728814344129
        0.000000001391711  3.184949377136675  30.787681729971911  0.024252175687375  25.055770734460705  0.000121524043743  0.607983147725918  3.391492990035306  15.995834717952155 -154.890728814344129
        0.000000001299415  3.184949377136675  30.787681729971911  0.024252175687375  25.055770361100631  0.000121538944904  0.607983147725918  3.391492990035306  15.995834717952155 -154.890728814344129
        0.000000006049506  3.184949377136675  30.787681729971911  0.024252175687375  25.055770361100631  0.000121524043743  0.607983162627079  3.391492990035306  15.995834717952155 -154.890728814344129
        0.000000008058550  3.184949377136675  30.787681729971911  0.024252175687375  25.055770361100631  0.000121524043743  0.607983147725918  3.391493040572490  15.995834717952155 -154.890728814344129
        0.000000005281188  3.184949377136675  30.787681729971911  0.024252175687375  25.055770361100631  0.000121524043743  0.607983147725918  3.391492990035306  15.995834956308666 -154.890728814344129
        0.000037777507251  3.184949377136675  30.787681729971911  0.024252175687375  25.055770361100631  0.000121524043743  0.607983147725918  3.391492990035306  15.995834717952155 -154.890731122395835
2022-08-18 01:06:49.903612
