/projects/wagner/highthroughput/mick_graphene_paper/3_data/1_kc_fitting
2023-06-01 18:50:44.376183
use a starting guess from the old fit
starting guess parameters:  [ 3.37006089e+00  2.17833385e+01  1.04693887e+01  8.86496249e+00
  1.31573765e-05  7.23952360e-01  3.28314592e+00  1.30901596e+01
 -1.54590379e+02]
     1025.509994320580063  3.370060885645178  21.783338516870739  10.469388694543325  8.864962486046355  0.000013157376477  0.723952360283636  3.283145920221462  13.090159601618883 -154.590378722241923
        0.000000012842762  3.370060935862998  21.783338516870739  10.469388694543325  8.864962486046355  0.000013157376477  0.723952360283636  3.283145920221462  13.090159601618883 -154.590378722241923
        0.000000011578739  3.370060885645178  21.783338841467778  10.469388694543325  8.864962486046355  0.000013157376477  0.723952360283636  3.283145920221462  13.090159601618883 -154.590378722241923
        0.000000001419287  3.370060885645178  21.783338516870739  10.469388850549374  8.864962486046355  0.000013157376477  0.723952360283636  3.283145920221462  13.090159601618883 -154.590378722241923
        0.000000000243239  3.370060885645178  21.783338516870739  10.469388694543325  8.864962618144590  0.000013157376477  0.723952360283636  3.283145920221462  13.090159601618883 -154.590378722241923
        0.000000000451910  3.370060885645178  21.783338516870739  10.469388694543325  8.864962486046355  0.000013172277638  0.723952360283636  3.283145920221462  13.090159601618883 -154.590378722241923
        0.000000003998539  3.370060885645178  21.783338516870739  10.469388694543325  8.864962486046355  0.000013157376477  0.723952375184798  3.283145920221462  13.090159601618883 -154.590378722241923
        0.000000003161800  3.370060885645178  21.783338516870739  10.469388694543325  8.864962486046355  0.000013157376477  0.723952360283636  3.283145969144149  13.090159601618883 -154.590378722241923
        0.000000004375995  3.370060885645178  21.783338516870739  10.469388694543325  8.864962486046355  0.000013157376477  0.723952360283636  3.283145920221462  13.090159796677462 -154.590378722241923
        0.000015277711498  3.370060885645178  21.783338516870739  10.469388694543325  8.864962486046355  0.000013157376477  0.723952360283636  3.283145920221462  13.090159601618883 -154.590381025818061
        0.000536547194975  3.369790844611877  21.783341656879951  10.469374534633602  8.864962540528833  0.000016268044974  0.724048019430152  3.283129320123214  13.090013699529390 -154.590302745870133
        0.000000012829091  3.369790894825674  21.783341656879951  10.469374534633602  8.864962540528833  0.000016268044974  0.724048019430152  3.283129320123214  13.090013699529390 -154.590302745870133
        0.000000011566502  3.369790844611877  21.783341981477037  10.469374534633602  8.864962540528833  0.000016268044974  0.724048019430152  3.283129320123214  13.090013699529390 -154.590302745870133
        0.000000001418057  3.369790844611877  21.783341656879951  10.469374690639439  8.864962540528833  0.000016268044974  0.724048019430152  3.283129320123214  13.090013699529390 -154.590302745870133
        0.000000000243080  3.369790844611877  21.783341656879951  10.469374534633602  8.864962672627069  0.000016268044974  0.724048019430152  3.283129320123214  13.090013699529390 -154.590302745870133
        0.000000000451575  3.369790844611877  21.783341656879951  10.469374534633602  8.864962540528833  0.000016282946135  0.724048019430152  3.283129320123214  13.090013699529390 -154.590302745870133
        0.000000003994937  3.369790844611877  21.783341656879951  10.469374534633602  8.864962540528833  0.000016268044974  0.724048034331313  3.283129320123214  13.090013699529390 -154.590302745870133
        0.000000003160661  3.369790844611877  21.783341656879951  10.469374534633602  8.864962540528833  0.000016268044974  0.724048019430152  3.283129369045653  13.090013699529390 -154.590302745870133
        0.000000004371121  3.369790844611877  21.783341656879951  10.469374534633602  8.864962540528833  0.000016268044974  0.724048019430152  3.283129320123214  13.090013894585795 -154.590302745870133
        0.000015277705340  3.369790844611877  21.783341656879951  10.469374534633602  8.864962540528833  0.000016268044974  0.724048019430152  3.283129320123214  13.090013699529390 -154.590305049445163
        0.000666578285738  3.361264606071368  22.335602252367664  10.382395416751953  8.923594653606042  0.000015998395570  0.728261991347278  3.288605173949422  13.255483394482175 -154.590304300048217
        0.000000012771361  3.361264656158114  22.335602252367664  10.382395416751953  8.923594653606042  0.000015998395570  0.728261991347278  3.288605173949422  13.255483394482175 -154.590304300048217
        0.000000011505968  3.361264606071368  22.335602585194074  10.382395416751953  8.923594653606042  0.000015998395570  0.728261991347278  3.288605173949422  13.255483394482175 -154.590304300048217
        0.000000001423009  3.361264606071368  22.335602252367664  10.382395571461700  8.923594653606042  0.000015998395570  0.728261991347278  3.288605173949422  13.255483394482175 -154.590304300048217
        0.000000000243915  3.361264606071368  22.335602252367664  10.382395416751953  8.923594786577963  0.000015998395570  0.728261991347278  3.288605173949422  13.255483394482175 -154.590304300048217
        0.000000000446722  3.361264606071368  22.335602252367664  10.382395416751953  8.923594653606042  0.000016013296731  0.728261991347278  3.288605173949422  13.255483394482175 -154.590304300048217
        0.000000003932643  3.361264606071368  22.335602252367664  10.382395416751953  8.923594653606042  0.000015998395570  0.728262006248439  3.288605173949422  13.255483394482175 -154.590304300048217
        0.000000003156068  3.361264606071368  22.335602252367664  10.382395416751953  8.923594653606042  0.000015998395570  0.728261991347278  3.288605222953458  13.255483394482175 -154.590304300048217
        0.000000004291746  3.361264606071368  22.335602252367664  10.382395416751953  8.923594653606042  0.000015998395570  0.728261991347278  3.288605173949422  13.255483592004270 -154.590304300048217
        0.000015277711900  3.361264606071368  22.335602252367664  10.382395416751953  8.923594653606042  0.000015998395570  0.728261991347278  3.288605173949422  13.255483394482175 -154.590306603623247
        0.000030583429161  3.361293415593365  22.335602866104452  10.382395070003311  8.923594916181299  0.000016714808604  0.728283576199240  3.288609454035694  13.255470607003346 -154.590302927603460
        0.000000012773812  3.361293465680540  22.335602866104452  10.382395070003311  8.923594916181299  0.000016714808604  0.728283576199240  3.288609454035694  13.255470607003346 -154.590302927603460
        0.000000011508157  3.361293415593365  22.335603198930869  10.382395070003311  8.923594916181299  0.000016714808604  0.728283576199240  3.288609454035694  13.255470607003346 -154.590302927603460
        0.000000001423133  3.361293415593365  22.335602866104452  10.382395224713052  8.923594916181299  0.000016714808604  0.728283576199240  3.288609454035694  13.255470607003346 -154.590302927603460
        0.000000000243931  3.361293415593365  22.335602866104452  10.382395070003311  8.923595049153226  0.000016714808604  0.728283576199240  3.288609454035694  13.255470607003346 -154.590302927603460
        0.000000000446811  3.361293415593365  22.335602866104452  10.382395070003311  8.923594916181299  0.000016729709765  0.728283576199240  3.288609454035694  13.255470607003346 -154.590302927603460
        0.000000003933016  3.361293415593365  22.335602866104452  10.382395070003311  8.923594916181299  0.000016714808604  0.728283591100401  3.288609454035694  13.255470607003346 -154.590302927603460
        0.000000003156162  3.361293415593365  22.335602866104452  10.382395070003311  8.923594916181299  0.000016714808604  0.728283576199240  3.288609503039793  13.255470607003346 -154.590302927603460
        0.000000004292264  3.361293415593365  22.335602866104452  10.382395070003311  8.923594916181299  0.000016714808604  0.728283576199240  3.288609454035694  13.255470804525251 -154.590302927603460
        0.000015277711792  3.361293415593365  22.335602866104452  10.382395070003311  8.923594916181299  0.000016714808604  0.728283576199240  3.288609454035694  13.255470607003346 -154.590305231178490
        0.000090322716477  3.362294889172057  22.278103944894315  9.838363663103978  9.654455667459954  0.000002416551384  0.720182678151853  3.288971658310414  13.229650959488410 -154.590305496913743
        0.000000012780035  3.362294939274155  22.278103944894315  9.838363663103978  9.654455667459954  0.000002416551384  0.720182678151853  3.288971658310414  13.229650959488410 -154.590305496913743
        0.000000011523187  3.362294889172057  22.278104276863932  9.838363663103978  9.654455667459954  0.000002416551384  0.720182678151853  3.288971658310414  13.229650959488410 -154.590305496913743
        0.000000001430292  3.362294889172057  22.278103944894315  9.838363809707021  9.654455667459954  0.000002416551384  0.720182678151853  3.288971658310414  13.229650959488410 -154.590305496913743
        0.000000000294265  3.362294889172057  22.278103944894315  9.838363663103978  9.654455811322554  0.000002416551384  0.720182678151853  3.288971658310414  13.229650959488410 -154.590305496913743
        0.000000000488116  3.362294889172057  22.278103944894315  9.838363663103978  9.654455667459954  0.000002431452546  0.720182678151853  3.288971658310414  13.229650959488410 -154.590305496913743
        0.000000003997967  3.362294889172057  22.278103944894315  9.838363663103978  9.654455667459954  0.000002416551384  0.720182693053014  3.288971658310414  13.229650959488410 -154.590305496913743
        0.000000003205600  3.362294889172057  22.278103944894315  9.838363663103978  9.654455667459954  0.000002416551384  0.720182678151853  3.288971707319911  13.229650959488410 -154.590305496913743
        0.000000004301426  3.362294889172057  22.278103944894315  9.838363663103978  9.654455667459954  0.000002416551384  0.720182678151853  3.288971658310414  13.229651156625572 -154.590305496913743
        0.000015277712345  3.362294889172057  22.278103944894315  9.838363663103978  9.654455667459954  0.000002416551384  0.720182678151853  3.288971658310414  13.229650959488410 -154.590307800488802
        0.000036749026889  3.362294498743273  22.279100275565380  9.839704878972951  9.653934106015866  0.001376377143496  0.720211744749328  3.288963513065600  13.229652993264461 -154.590305499374125
        0.000000012783027  3.362294548845365  22.279100275565380  9.839704878972951  9.653934106015866  0.001376377143496  0.720211744749328  3.288963513065600  13.229652993264461 -154.590305499374125
        0.000000011525896  3.362294498743273  22.279100607549843  9.839704878972951  9.653934106015866  0.001376377143496  0.720211744749328  3.288963513065600  13.229652993264461 -154.590305499374125
        0.000000001430344  3.362294498743273  22.279100275565380  9.839705025595979  9.653934106015866  0.001376377143496  0.720211744749328  3.288963513065600  13.229652993264461 -154.590305499374125
        0.000000000294223  3.362294498743273  22.279100275565380  9.839704878972951  9.653934249870694  0.001376377143496  0.720211744749328  3.288963513065600  13.229652993264461 -154.590305499374125
        0.000000000488101  3.362294498743273  22.279100275565380  9.839704878972951  9.653934106015866  0.001376392044657  0.720211744749328  3.288963513065600  13.229652993264461 -154.590305499374125
        0.000000003998069  3.362294498743273  22.279100275565380  9.839704878972951  9.653934106015866  0.001376377143496  0.720211759650489  3.288963513065600  13.229652993264461 -154.590305499374125
        0.000000003205794  3.362294498743273  22.279100275565380  9.839704878972951  9.653934106015866  0.001376377143496  0.720211744749328  3.288963562074975  13.229652993264461 -154.590305499374125
        0.000000004301435  3.362294498743273  22.279100275565380  9.839704878972951  9.653934106015866  0.001376377143496  0.720211744749328  3.288963513065600  13.229653190401653 -154.590305499374125
        0.000015277712388  3.362294498743273  22.279100275565380  9.839704878972951  9.653934106015866  0.001376377143496  0.720211744749328  3.288963513065600  13.229652993264461 -154.590307802949184
        0.000038091423174  3.364303034219172  22.132082113080031  9.677197976608889  9.697846107681455  0.000500006757756  0.719344082031167  3.289144536265078  13.181232966708921 -154.590305908172581
        0.000000012797121  3.364303084351194  22.132082113080031  9.677197976608889  9.697846107681455  0.000500006757756  0.719344082031167  3.289144536265078  13.181232966708921 -154.590305908172581
        0.000000011539964  3.364303034219172  22.132082442873756  9.677197976608889  9.697846107681455  0.000500006757756  0.719344082031167  3.289144536265078  13.181232966708921 -154.590305908172581
        0.000000001431720  3.364303034219172  22.132082113080031  9.677198120810376  9.697846107681455  0.000500006757756  0.719344082031167  3.289144536265078  13.181232966708921 -154.590305908172581
        0.000000000302636  3.364303034219172  22.132082113080031  9.677197976608889  9.697846252190622  0.000500006757756  0.719344082031167  3.289144536265078  13.181232966708921 -154.590305908172581
        0.000000000493395  3.364303034219172  22.132082113080031  9.677197976608889  9.697846107681455  0.000500021658917  0.719344082031167  3.289144536265078  13.181232966708921 -154.590305908172581
        0.000000004004065  3.364303034219172  22.132082113080031  9.677197976608889  9.697846107681455  0.000500006757756  0.719344096932328  3.289144536265078  13.181232966708921 -154.590305908172581
        0.000000003199210  3.364303034219172  22.132082113080031  9.677197976608889  9.697846107681455  0.000500006757756  0.719344082031167  3.289144585277151  13.181232966708921 -154.590305908172581
        0.000000004317161  3.364303034219172  22.132082113080031  9.677197976608889  9.697846107681455  0.000500006757756  0.719344082031167  3.289144536265078  13.181233163124597 -154.590305908172581
        0.000015277712564  3.364303034219172  22.132082113080031  9.677197976608889  9.697846107681455  0.000500006757756  0.719344082031167  3.289144536265078  13.181232966708921 -154.590308211747640
        0.000017928263989  3.366096467910090  22.001199314899385  9.555809353944344  9.718908866868368  0.000440480367205  0.718597955143094  3.289275067436612  13.138486853146892 -154.590306199592561
        0.000000012807817  3.366096518068836  22.001199314899385  9.555809353944344  9.718908866868368  0.000440480367205  0.718597955143094  3.289275067436612  13.138486853146892 -154.590306199592561
        0.000000011550857  3.366096467910090  22.001199642742801  9.555809353944344  9.718908866868368  0.000440480367205  0.718597955143094  3.289275067436612  13.138486853146892 -154.590306199592561
        0.000000001432523  3.366096467910090  22.001199314899385  9.555809496337000  9.718908866868368  0.000440480367205  0.718597955143094  3.289275067436612  13.138486853146892 -154.590306199592561
        0.000000000308530  3.366096467910090  22.001199314899385  9.555809353944344  9.718909011691396  0.000440480367205  0.718597955143094  3.289275067436612  13.138486853146892 -154.590306199592561
        0.000000000496947  3.366096467910090  22.001199314899385  9.555809353944344  9.718908866868368  0.000440495268366  0.718597955143094  3.289275067436612  13.138486853146892 -154.590306199592561
        0.000000004008894  3.366096467910090  22.001199314899385  9.555809353944344  9.718908866868368  0.000440480367205  0.718597970044256  3.289275067436612  13.138486853146892 -154.590306199592561
        0.000000003192927  3.366096467910090  22.001199314899385  9.555809353944344  9.718908866868368  0.000440480367205  0.718597955143094  3.289275116450630  13.138486853146892 -154.590306199592561
        0.000000004331286  3.366096467910090  22.001199314899385  9.555809353944344  9.718908866868368  0.000440480367205  0.718597955143094  3.289275067436612  13.138487048925603 -154.590306199592561
        0.000015277712701  3.366096467910090  22.001199314899385  9.555809353944344  9.718908866868368  0.000440480367205  0.718597955143094  3.289275067436612  13.138486853146892 -154.590308503167620
        0.000015603844265  3.366095072127635  22.001629698147163  9.556316260086495  9.718769502178853  0.000028552772049  0.718607898404930  3.289272287824602  13.138517062745970 -154.590306200250126
        0.000000012807854  3.366095122286360  22.001629698147163  9.556316260086495  9.718769502178853  0.000028552772049  0.718607898404930  3.289272287824602  13.138517062745970 -154.590306200250126
        0.000000011550871  3.366095072127635  22.001630025996992  9.556316260086495  9.718769502178853  0.000028552772049  0.718607898404930  3.289272287824602  13.138517062745970 -154.590306200250126
        0.000000001432528  3.366095072127635  22.001629698147163  9.556316402486704  9.718769502178853  0.000028552772049  0.718607898404930  3.289272287824602  13.138517062745970 -154.590306200250126
        0.000000000308504  3.366095072127635  22.001629698147163  9.556316260086495  9.718769646999805  0.000028552772049  0.718607898404930  3.289272287824602  13.138517062745970 -154.590306200250126
        0.000000000496939  3.366095072127635  22.001629698147163  9.556316260086495  9.718769502178853  0.000028567673210  0.718607898404930  3.289272287824602  13.138517062745970 -154.590306200250126
        0.000000004008920  3.366095072127635  22.001629698147163  9.556316260086495  9.718769502178853  0.000028552772049  0.718607913306091  3.289272287824602  13.138517062745970 -154.590306200250126
        0.000000003192934  3.366095072127635  22.001629698147163  9.556316260086495  9.718769502178853  0.000028552772049  0.718607898404930  3.289272336838578  13.138517062745970 -154.590306200250126
        0.000000004331297  3.366095072127635  22.001629698147163  9.556316260086495  9.718769502178853  0.000028552772049  0.718607898404930  3.289272287824602  13.138517258525130 -154.590306200250126
        0.000015277712671  3.366095072127635  22.001629698147163  9.556316260086495  9.718769502178853  0.000028552772049  0.718607898404930  3.289272287824602  13.138517062745970 -154.590308503825185
        0.093288742035354  0.000001953773637  265.620185796589908  115.149726352447203  117.634466258531447  0.000014772536964  0.716000314368283  3.288210972353299  91.980123276021672 -154.590293971189880
        0.060742599581159  2.524596744644995  82.904872645497846  35.940613509408152  36.715063910487373  0.000010477939113  0.717773544330289  3.289027899131372  32.848269129391198 -154.590303185973880
        0.044269002859215  3.155741599885155  37.226301582985386  16.141017714834469  16.481888697606671  0.000009972077931  0.718251726878057  3.289228129804211  18.065426615901380 -154.590305481441959
        0.012451100575744  3.313528237588372  25.806627431605133  11.191154226870630  11.423514844798488  0.000009653601670  0.718371935029698  3.289278117085114  14.369706524568675 -154.590306055110943
        0.001243565384568  3.352976530258917  22.951587923181560  9.953828433131138  10.158608259536766  0.000008827248418  0.718404586587658  3.289290337704625  13.445740074924661 -154.590306197751062
        0.000088126726861  3.362844257982159  22.237408588094262  9.645032412098146  9.841228867579170  0.000005930068163  0.718422435133896  3.289292363396911  13.214622834753422 -154.590306230513562
        0.000005791979342  3.365323800732541  22.057918938393691  9.569710517610877  9.758383084333762  0.000002480669924  0.718457782849530  3.289289581123265  13.156569812315997 -154.590306229458719
        0.000000012803168  3.365323850879773  22.057918938393691  9.569710517610877  9.758383084333762  0.000002480669924  0.718457782849530  3.289289581123265  13.156569812315997 -154.590306229458719
        0.000000011546654  3.365323800732541  22.057919267082298  9.569710517610877  9.758383084333762  0.000002480669924  0.718457782849530  3.289289581123265  13.156569812315997 -154.590306229458719
        0.000000001432717  3.365323800732541  22.057918938393691  9.569710660210676  9.758383084333762  0.000002480669924  0.718457782849530  3.289289581123265  13.156569812315997 -154.590306229458719
        0.000000000309617  3.365323800732541  22.057918938393691  9.569710517610877  9.758383229745000  0.000002480669924  0.718457782849530  3.289289581123265  13.156569812315997 -154.590306229458719
        0.000000000498120  3.365323800732541  22.057918938393691  9.569710517610877  9.758383084333762  0.000002495571085  0.718457782849530  3.289289581123265  13.156569812315997 -154.590306229458719
        0.000000004010535  3.365323800732541  22.057918938393691  9.569710517610877  9.758383084333762  0.000002480669924  0.718457797750691  3.289289581123265  13.156569812315997 -154.590306229458719
        0.000000003198766  3.365323800732541  22.057918938393691  9.569710517610877  9.758383084333762  0.000002480669924  0.718457782849530  3.289289630137500  13.156569812315997 -154.590306229458719
        0.000000004325215  3.365323800732541  22.057918938393691  9.569710517610877  9.758383084333762  0.000002480669924  0.718457782849530  3.289289581123265  13.156570008364165 -154.590306229458719
        0.000015277712701  3.365323800732541  22.057918938393691  9.569710517610877  9.758383084333762  0.000002480669924  0.718457782849530  3.289289581123265  13.156569812315997 -154.590308533033777
        0.000015503652933  3.365435754130141  22.049670720139794  9.574743645090914  9.743120814444923  0.000000052629133  0.718573234387135  3.289287666052716  13.153977736216882 -154.590306223693943
        0.000000963321101  3.365333809985290  22.057135379966972  9.571953895624929  9.754530934739167  0.000002024640548  0.718492041275142  3.289296491895808  13.156312186375315 -154.590306247950309
        0.000000309752397  3.365325340900355  22.057772289195302  9.570290531289512  9.757422250216690  0.000002377885854  0.718465910147639  3.289299298835190  13.156492691403024 -154.590306255717451
        0.000000012803275  3.365325391047611  22.057772289195302  9.570290531289512  9.757422250216690  0.000002377885854  0.718465910147639  3.289299298835190  13.156492691403024 -154.590306255717451
        0.000000011546715  3.365325340900355  22.057772617881724  9.570290531289512  9.757422250216690  0.000002377885854  0.718465910147639  3.289299298835190  13.156492691403024 -154.590306255717451
        0.000000001432727  3.365325340900355  22.057772289195302  9.570290673897954  9.757422250216690  0.000002377885854  0.718465910147639  3.289299298835190  13.156492691403024 -154.590306255717451
        0.000000000309541  3.365325340900355  22.057772289195302  9.570290531289512  9.757422395613611  0.000002377885854  0.718465910147639  3.289299298835190  13.156492691403024 -154.590306255717451
        0.000000000498063  3.365325340900355  22.057772289195302  9.570290531289512  9.757422250216690  0.000002392787015  0.718465910147639  3.289299298835190  13.156492691403024 -154.590306255717451
        0.000000004010463  3.365325340900355  22.057772289195302  9.570290531289512  9.757422250216690  0.000002377885854  0.718465925048800  3.289299298835190  13.156492691403024 -154.590306255717451
        0.000000003198687  3.365325340900355  22.057772289195302  9.570290531289512  9.757422250216690  0.000002377885854  0.718465910147639  3.289299347849569  13.156492691403024 -154.590306255717451
        0.000000004325232  3.365325340900355  22.057772289195302  9.570290531289512  9.757422250216690  0.000002377885854  0.718465910147639  3.289299298835190  13.156492887450042 -154.590306255717451
        0.000015277712705  3.365325340900355  22.057772289195302  9.570290531289512  9.757422250216690  0.000002377885854  0.718465910147639  3.289299298835190  13.156492691403024 -154.590308559292509
2023-06-01 19:04:28.953175
