/projects/wagner/highthroughput/mick_graphene_paper/3_data/1_kc_fitting
2023-06-01 19:04:08.726678
use a starting guess from the old fit
starting guess parameters:  [ 3.37942338e+00  1.81846722e+01  1.33942071e+01  3.55913531e-03
  6.07493500e+00  7.19345289e-01  3.29308248e+00  1.39067829e+01
 -1.54589368e+02]
     1025.507820120405995  3.379423382381699  18.184672181803677  13.394207130830571  0.003559135312169  6.074935002291668  0.719345289329483  3.293082477932360  13.906782892134125 -154.589367648541639
        0.000000014064352  3.379423432739032  18.184672181803677  13.394207130830571  0.003559135312169  6.074935002291668  0.719345289329483  3.293082477932360  13.906782892134125 -154.589367648541639
        0.000000012948553  3.379423382381699  18.184672452776407  13.394207130830571  0.003559135312169  6.074935002291668  0.719345289329483  3.293082477932360  13.906782892134125 -154.589367648541639
        0.000000001160716  3.379423382381699  18.184672181803677  13.394207330419810  0.003559135312169  6.074935002291668  0.719345289329483  3.293082477932360  13.906782892134125 -154.589367648541639
        0.000000000478097  3.379423382381699  18.184672181803677  13.394207130830571  0.003559150213330  6.074935002291668  0.719345289329483  3.293082477932360  13.906782892134125 -154.589367648541639
        0.000000000825815  3.379423382381699  18.184672181803677  13.394207130830571  0.003559135312169  6.074935092815254  0.719345289329483  3.293082477932360  13.906782892134125 -154.589367648541639
        0.000000002214007  3.379423382381699  18.184672181803677  13.394207130830571  0.003559135312169  6.074935002291668  0.719345304230644  3.293082477932360  13.906782892134125 -154.589367648541639
        0.000000002625951  3.379423382381699  18.184672181803677  13.394207130830571  0.003559135312169  6.074935002291668  0.719345289329483  3.293082527003112  13.906782892134125 -154.589367648541639
        0.000000004345417  3.379423382381699  18.184672181803677  13.394207130830571  0.003559135312169  6.074935002291668  0.719345289329483  3.293082477932360  13.906783099361338 -154.589367648541639
        0.000015277412315  3.379423382381699  18.184672181803677  13.394207130830571  0.003559135312169  6.074935002291668  0.719345289329483  3.293082477932360  13.906782892134125 -154.589369952102714
        0.017896745140407  3.373585370064001  17.581142098699608  15.853224298151742  9.368613472857289  6.408101654594900  0.471756732331187  3.306690417675894  13.843104829218852 -154.589500660333243
        0.015916273440169  3.370811112994151  17.534029665029276  13.791521390099344  2.172434261454188  6.706874906104132  0.651301675400096  3.311965496837037  13.884398262506792 -154.589526351094435
        0.001134468773224  3.367988264735191  17.885376331747672  13.046877744279877  0.270897375612613  6.494592316281168  0.711019462761045  3.317179705094082  13.909866559004104 -154.589560538456681
        0.000000013762400  3.367988314922127  17.885376331747672  13.046877744279877  0.270897375612613  6.494592316281168  0.711019462761045  3.317179705094082  13.909866559004104 -154.589560538456681
        0.000000012710146  3.367988264735191  17.885376598260546  13.046877744279877  0.270897375612613  6.494592316281168  0.711019462761045  3.317179705094082  13.909866559004104 -154.589560538456681
        0.000000001111364  3.367988264735191  17.885376331747672  13.046877938693505  0.270897375612613  6.494592316281168  0.711019462761045  3.317179705094082  13.909866559004104 -154.589560538456681
        0.000000000442474  3.367988264735191  17.885376331747672  13.046877744279877  0.270897390513774  6.494592316281168  0.711019462761045  3.317179705094082  13.909866559004104 -154.589560538456681
        0.000000000854542  3.367988264735191  17.885376331747672  13.046877744279877  0.270897375612613  6.494592413058135  0.711019462761045  3.317179705094082  13.909866559004104 -154.589560538456681
        0.000000002052028  3.367988264735191  17.885376331747672  13.046877744279877  0.270897375612613  6.494592316281168  0.711019477662206  3.317179705094082  13.909866559004104 -154.589560538456681
        0.000000002577947  3.367988264735191  17.885376331747672  13.046877744279877  0.270897375612613  6.494592316281168  0.711019462761045  3.317179754523912  13.909866559004104 -154.589560538456681
        0.000000004138906  3.367988264735191  17.885376331747672  13.046877744279877  0.270897375612613  6.494592316281168  0.711019462761045  3.317179705094082  13.909866766277268 -154.589560538456681
        0.000015277484974  3.367988264735191  17.885376331747672  13.046877744279877  0.270897375612613  6.494592316281168  0.711019462761045  3.317179705094082  13.909866559004104 -154.589562842020655
        0.000053634295238  3.367411129426810  17.872006111586398  13.048093962925039  0.002706336104233  6.537241069752503  0.715879985797389  3.319302778069039  13.906710315314742 -154.589578069057268
        0.000000013767534  3.367411179605146  17.872006111586398  13.048093962925039  0.002706336104233  6.537241069752503  0.715879985797389  3.319302778069039  13.906710315314742 -154.589578069057268
        0.000000012711690  3.367411129426810  17.872006377900043  13.048093962925039  0.002706336104233  6.537241069752503  0.715879985797389  3.319302778069039  13.906710315314742 -154.589578069057268
        0.000000001107512  3.367411129426810  17.872006111586398  13.048094157356790  0.002706336104233  6.537241069752503  0.715879985797389  3.319302778069039  13.906710315314742 -154.589578069057268
        0.000000000445440  3.367411129426810  17.872006111586398  13.048093962925039  0.002706351005395  6.537241069752503  0.715879985797389  3.319302778069039  13.906710315314742 -154.589578069057268
        0.000000000858138  3.367411129426810  17.872006111586398  13.048093962925039  0.002706336104233  6.537241167164986  0.715879985797389  3.319302778069039  13.906710315314742 -154.589578069057268
        0.000000002020388  3.367411129426810  17.872006111586398  13.048093962925039  0.002706336104233  6.537241069752503  0.715880000698550  3.319302778069039  13.906710315314742 -154.589578069057268
        0.000000002559342  3.367411129426810  17.872006111586398  13.048093962925039  0.002706336104233  6.537241069752503  0.715879985797389  3.319302827530505  13.906710315314742 -154.589578069057268
        0.000000004128829  3.367411129426810  17.872006111586398  13.048093962925039  0.002706336104233  6.537241069752503  0.715879985797389  3.319302778069039  13.906710522540873 -154.589578069057268
        0.000015277489974  3.367411129426810  17.872006111586398  13.048093962925039  0.002706336104233  6.537241069752503  0.715879985797389  3.319302778069039  13.906710315314742 -154.589580372621498
        0.000465857489666  3.366028922716092  17.760501620646782  13.737506001481224  1.142496951662616  6.727411138559837  0.675228881677021  3.324849261361353  13.893395646878380 -154.589629073609586
        0.000424297910925  3.365796060230919  17.802689597715908  13.374123502078719  0.225607046606193  6.691371858501586  0.701857773342889  3.325561787557101  13.893715014558536 -154.589632981936830
        0.000000013771571  3.365796110385189  17.802689597715908  13.374123502078719  0.225607046606193  6.691371858501586  0.701857773342889  3.325561787557101  13.893715014558536 -154.589632981936830
        0.000000012737027  3.365796060230919  17.802689862996655  13.374123502078719  0.225607046606193  6.691371858501586  0.701857773342889  3.325561787557101  13.893715014558536 -154.589632981936830
        0.000000001100602  3.365796060230919  17.802689597715908  13.374123701368688  0.225607046606193  6.691371858501586  0.701857773342889  3.325561787557101  13.893715014558536 -154.589632981936830
        0.000000000445381  3.365796060230919  17.802689597715908  13.374123502078719  0.225607061507355  6.691371858501586  0.701857773342889  3.325561787557101  13.893715014558536 -154.589632981936830
        0.000000000876760  3.365796060230919  17.802689597715908  13.374123502078719  0.225607046606193  6.691371958210796  0.701857773342889  3.325561787557101  13.893715014558536 -154.589632981936830
        0.000000002029220  3.365796060230919  17.802689597715908  13.374123502078719  0.225607046606193  6.691371858501586  0.701857788244051  3.325561787557101  13.893715014558536 -154.589632981936830
        0.000000002591536  3.365796060230919  17.802689597715908  13.374123502078719  0.225607046606193  6.691371858501586  0.701857773342889  3.325561837111833  13.893715014558536 -154.589632981936830
        0.000000004096853  3.365796060230919  17.802689597715908  13.374123502078719  0.225607046606193  6.691371858501586  0.701857773342889  3.325561787557101  13.893715221591023 -154.589632981936830
        0.000015277505252  3.365796060230919  17.802689597715908  13.374123502078719  0.225607046606193  6.691371858501586  0.701857773342889  3.325561787557101  13.893715014558536 -154.589635285501856
        0.000042656775189  3.365757136594699  17.769616684377173  13.379009713809225  0.000816473587324  6.739356266792309  0.705546075705689  3.325487162166251  13.896762373047920 -154.589631715442465
        0.000000013773577  3.365757186748389  17.769616684377173  13.379009713809225  0.000816473587324  6.739356266792309  0.705546075705689  3.325487162166251  13.896762373047920 -154.589631715442465
        0.000000012737136  3.365757136594699  17.769616949165094  13.379009713809225  0.000816473587324  6.739356266792309  0.705546075705689  3.325487162166251  13.896762373047920 -154.589631715442465
        0.000000001096800  3.365757136594699  17.769616684377173  13.379009913172005  0.000816473587324  6.739356266792309  0.705546075705689  3.325487162166251  13.896762373047920 -154.589631715442465
        0.000000000448355  3.365757136594699  17.769616684377173  13.379009713809225  0.000816488488485  6.739356266792309  0.705546075705689  3.325487162166251  13.896762373047920 -154.589631715442465
        0.000000000882853  3.365757136594699  17.769616684377173  13.379009713809225  0.000816473587324  6.739356367216543  0.705546075705689  3.325487162166251  13.896762373047920 -154.589631715442465
        0.000000002002095  3.365757136594699  17.769616684377173  13.379009713809225  0.000816473587324  6.739356266792309  0.705546090606850  3.325487162166251  13.896762373047920 -154.589631715442465
        0.000000002577364  3.365757136594699  17.769616684377173  13.379009713809225  0.000816473587324  6.739356266792309  0.705546075705689  3.325487211719871  13.896762373047920 -154.589631715442465
        0.000000004093565  3.365757136594699  17.769616684377173  13.379009713809225  0.000816473587324  6.739356266792309  0.705546075705689  3.325487162166251  13.896762580125817 -154.589631715442465
        0.000015277504862  3.365757136594699  17.769616684377173  13.379009713809225  0.000816473587324  6.739356266792309  0.705546075705689  3.325487162166251  13.896762373047920 -154.589634019007491
        0.000020945848829  3.365770532756132  17.768493918890336  13.378282661204409  0.000957650832679  6.739521590092270  0.705575129024290  3.325481609923166  13.896482331641661 -154.589631676240657
        0.000000013774508  3.365770582910021  17.768493918890336  13.378282661204409  0.000957650832679  6.739521590092270  0.705575129024290  3.325481609923166  13.896482331641661 -154.589631676240657
        0.000000012738001  3.365770532756132  17.768494183661527  13.378282661204409  0.000957650832679  6.739521590092270  0.705575129024290  3.325481609923166  13.896482331641661 -154.589631676240657
        0.000000001096770  3.365770532756132  17.768493918890336  13.378282860556356  0.000957650832679  6.739521590092270  0.705575129024290  3.325481609923166  13.896482331641661 -154.589631676240657
        0.000000000448362  3.365770532756132  17.768493918890336  13.378282661204409  0.000957665733841  6.739521590092270  0.705575129024290  3.325481609923166  13.896482331641661 -154.589631676240657
        0.000000000882911  3.365770532756132  17.768493918890336  13.378282661204409  0.000957650832679  6.739521690518967  0.705575129024290  3.325481609923166  13.896482331641661 -154.589631676240657
        0.000000002001980  3.365770532756132  17.768493918890336  13.378282661204409  0.000957650832679  6.739521590092270  0.705575143925451  3.325481609923166  13.896482331641661 -154.589631676240657
        0.000000002577262  3.365770532756132  17.768493918890336  13.378282661204409  0.000957650832679  6.739521590092270  0.705575129024290  3.325481659476703  13.896482331641661 -154.589631676240657
        0.000000004093679  3.365770532756132  17.768493918890336  13.378282661204409  0.000957650832679  6.739521590092270  0.705575129024290  3.325481609923166  13.896482538715384 -154.589631676240657
        0.000015277504854  3.365770532756132  17.768493918890336  13.378282661204409  0.000957650832679  6.739521590092270  0.705575129024290  3.325481609923166  13.896482331641661 -154.589633979805683
        0.000048381994438  3.363961310993413  17.832156755230358  13.608254969225554  0.262557248404768  6.838872888139172  0.696235515837432  3.325089052925713  13.946219149590382 -154.589627765101682
        0.000042617566916  3.365281354284088  17.775445275812636  13.450509447517693  0.059068509090422  6.779199268170316  0.702786731516589  3.325466432263191  13.909832711953374 -154.589630708835415
        0.000000013770426  3.365281404430688  17.775445275812636  13.450509447517693  0.059068509090422  6.779199268170316  0.702786731516589  3.325466432263191  13.909832711953374 -154.589630708835415
        0.000000012738269  3.365281354284088  17.775445540687411  13.450509447517693  0.059068509090422  6.779199268170316  0.702786731516589  3.325466432263191  13.909832711953374 -154.589630708835415
        0.000000001095865  3.365281354284088  17.775445275812636  13.450509647945902  0.059068509090422  6.779199268170316  0.702786731516589  3.325466432263191  13.909832711953374 -154.589630708835415
        0.000000000448210  3.365281354284088  17.775445275812636  13.450509447517693  0.059068523991583  6.779199268170316  0.702786731516589  3.325466432263191  13.909832711953374 -154.589630708835415
        0.000000000887413  3.365281354284088  17.775445275812636  13.450509447517693  0.059068509090422  6.779199369188257  0.702786731516589  3.325466432263191  13.909832711953374 -154.589630708835415
        0.000000002004999  3.365281354284088  17.775445275812636  13.450509447517693  0.059068509090422  6.779199268170316  0.702786746417750  3.325466432263191  13.909832711953374 -154.589630708835415
        0.000000002586944  3.365281354284088  17.775445275812636  13.450509447517693  0.059068509090422  6.779199268170316  0.702786731516589  3.325466481816503  13.909832711953374 -154.589630708835415
        0.000000004087631  3.365281354284088  17.775445275812636  13.450509447517693  0.059068509090422  6.779199268170316  0.702786731516589  3.325466432263191  13.909832919226034 -154.589630708835415
        0.000015277504430  3.365281354284088  17.775445275812636  13.450509447517693  0.059068509090422  6.779199268170316  0.702786731516589  3.325466432263191  13.909832711953374 -154.589633012400412
        0.000017404253733  3.365298720833295  17.772692927646894  13.454267252626874  0.076290002200307  6.783626598386451  0.702299295366377  3.325137130006809  13.911446925466734 -154.589629305489126
        0.000000013768581  3.365298770980154  17.772692927646894  13.454267252626874  0.076290002200307  6.783626598386451  0.702299295366377  3.325137130006809  13.911446925466734 -154.589629305489126
        0.000000012737198  3.365298720833295  17.772693192480656  13.454267252626874  0.076290002200307  6.783626598386451  0.702299295366377  3.325137130006809  13.911446925466734 -154.589629305489126
        0.000000001095774  3.365298720833295  17.772692927646894  13.454267453111079  0.076290002200307  6.783626598386451  0.702299295366377  3.325137130006809  13.911446925466734 -154.589629305489126
        0.000000000448001  3.365298720833295  17.772692927646894  13.454267252626874  0.076290017101468  6.783626598386451  0.702299295366377  3.325137130006809  13.911446925466734 -154.589629305489126
        0.000000000888165  3.365298720833295  17.772692927646894  13.454267252626874  0.076290002200307  6.783626699470364  0.702299295366377  3.325137130006809  13.911446925466734 -154.589629305489126
        0.000000002005892  3.365298720833295  17.772692927646894  13.454267252626874  0.076290002200307  6.783626598386451  0.702299310267538  3.325137130006809  13.911446925466734 -154.589629305489126
        0.000000002588554  3.365298720833295  17.772692927646894  13.454267252626874  0.076290002200307  6.783626598386451  0.702299295366377  3.325137179555213  13.911446925466734 -154.589629305489126
        0.000000004087613  3.365298720833295  17.772692927646894  13.454267252626874  0.076290002200307  6.783626598386451  0.702299295366377  3.325137130006809  13.911447132763447 -154.589629305489126
        0.000015277504040  3.365298720833295  17.772692927646894  13.454267252626874  0.076290002200307  6.783626598386451  0.702299295366377  3.325137130006809  13.911446925466734 -154.589631609054123
2023-06-01 19:11:54.604561
