/projects/wagner/highthroughput/mick_graphene_paper/3_data/1_kc_fitting
2023-06-01 19:10:59.583138
use a starting guess from the old fit
starting guess parameters:  [ 3.37006089e+00  2.17833385e+01  1.04693887e+01  8.86496249e+00
  1.31573765e-05  7.23952360e-01  3.28314592e+00  1.30901596e+01
 -1.54590379e+02]
     1025.509994320580063  3.370060885645178  21.783338516870739  10.469388694543325  8.864962486046355  0.000013157376477  0.723952360283636  3.283145920221462  13.090159601618883 -154.590378722241923
        0.000000012842762  3.370060935862998  21.783338516870739  10.469388694543325  8.864962486046355  0.000013157376477  0.723952360283636  3.283145920221462  13.090159601618883 -154.590378722241923
        0.000000011578739  3.370060885645178  21.783338841467778  10.469388694543325  8.864962486046355  0.000013157376477  0.723952360283636  3.283145920221462  13.090159601618883 -154.590378722241923
        0.000000001419287  3.370060885645178  21.783338516870739  10.469388850549374  8.864962486046355  0.000013157376477  0.723952360283636  3.283145920221462  13.090159601618883 -154.590378722241923
        0.000000000243239  3.370060885645178  21.783338516870739  10.469388694543325  8.864962618144590  0.000013157376477  0.723952360283636  3.283145920221462  13.090159601618883 -154.590378722241923
        0.000000000451910  3.370060885645178  21.783338516870739  10.469388694543325  8.864962486046355  0.000013172277638  0.723952360283636  3.283145920221462  13.090159601618883 -154.590378722241923
        0.000000003998539  3.370060885645178  21.783338516870739  10.469388694543325  8.864962486046355  0.000013157376477  0.723952375184798  3.283145920221462  13.090159601618883 -154.590378722241923
        0.000000003161800  3.370060885645178  21.783338516870739  10.469388694543325  8.864962486046355  0.000013157376477  0.723952360283636  3.283145969144149  13.090159601618883 -154.590378722241923
        0.000000004375995  3.370060885645178  21.783338516870739  10.469388694543325  8.864962486046355  0.000013157376477  0.723952360283636  3.283145920221462  13.090159796677462 -154.590378722241923
        0.000015277711498  3.370060885645178  21.783338516870739  10.469388694543325  8.864962486046355  0.000013157376477  0.723952360283636  3.283145920221462  13.090159601618883 -154.590381025818061
        0.000481142414910  3.370193016579586  21.783342721948635  10.469391146833596  8.864966570369477  0.000021997659903  0.724195717649442  3.283169780213803  13.089950791352800 -154.590316212221154
        0.000000012858712  3.370193066799375  21.783342721948635  10.469391146833596  8.864966570369477  0.000021997659903  0.724195717649442  3.283169780213803  13.089950791352800 -154.590316212221154
        0.000000011592916  3.370193016579586  21.783343046545738  10.469391146833596  8.864966570369477  0.000021997659903  0.724195717649442  3.283169780213803  13.089950791352800 -154.590316212221154
        0.000000001419964  3.370193016579586  21.783342721948635  10.469391302839680  8.864966570369477  0.000021997659903  0.724195717649442  3.283169780213803  13.089950791352800 -154.590316212221154
        0.000000000243487  3.370193016579586  21.783342721948635  10.469391146833596  8.864966702467772  0.000021997659903  0.724195717649442  3.283169780213803  13.089950791352800 -154.590316212221154
        0.000000000452317  3.370193016579586  21.783342721948635  10.469391146833596  8.864966570369477  0.000022012561064  0.724195717649442  3.283169780213803  13.089950791352800 -154.590316212221154
        0.000000004000147  3.370193016579586  21.783342721948635  10.469391146833596  8.864966570369477  0.000021997659903  0.724195732550604  3.283169780213803  13.089950791352800 -154.590316212221154
        0.000000003162335  3.370193016579586  21.783342721948635  10.469391146833596  8.864966570369477  0.000021997659903  0.724195717649442  3.283169829136845  13.089950791352800 -154.590316212221154
        0.000000004378399  3.370193016579586  21.783342721948635  10.469391146833596  8.864966570369477  0.000021997659903  0.724195717649442  3.283169780213803  13.089950986408267 -154.590316212221154
        0.000015277704916  3.370193016579586  21.783342721948635  10.469391146833596  8.864966570369477  0.000021997659903  0.724195717649442  3.283169780213803  13.089950791352800 -154.590318515796383
        0.000129492059900  3.370527599932172  21.783346454583416  10.469394702234943  8.864970647886011  0.000029843580873  0.724378247155429  3.283224033590138  13.089853395409504 -154.590329297341015
        0.000000012885521  3.370527650156947  21.783346454583416  10.469394702234943  8.864970647886011  0.000029843580873  0.724378247155429  3.283224033590138  13.089853395409504 -154.590329297341015
        0.000000011616856  3.370527599932172  21.783346779180572  10.469394702234943  8.864970647886011  0.000029843580873  0.724378247155429  3.283224033590138  13.089853395409504 -154.590329297341015
        0.000000001421612  3.370527599932172  21.783346454583416  10.469394858241081  8.864970647886011  0.000029843580873  0.724378247155429  3.283224033590138  13.089853395409504 -154.590329297341015
        0.000000000243864  3.370527599932172  21.783346454583416  10.469394702234943  8.864970779984368  0.000029843580873  0.724378247155429  3.283224033590138  13.089853395409504 -154.590329297341015
        0.000000000452964  3.370527599932172  21.783346454583416  10.469394702234943  8.864970647886011  0.000029858482034  0.724378247155429  3.283224033590138  13.089853395409504 -154.590329297341015
        0.000000004004454  3.370527599932172  21.783346454583416  10.469394702234943  8.864970647886011  0.000029843580873  0.724378262056590  3.283224033590138  13.089853395409504 -154.590329297341015
        0.000000003163670  3.370527599932172  21.783346454583416  10.469394702234943  8.864970647886011  0.000029843580873  0.724378247155429  3.283224082513989  13.089853395409504 -154.590329297341015
        0.000000004384502  3.370527599932172  21.783346454583416  10.469394702234943  8.864970647886011  0.000029843580873  0.724378247155429  3.283224033590138  13.089853590463520 -154.590329297341015
        0.000015277704762  3.370527599932172  21.783346454583416  10.469394702234943  8.864970647886011  0.000029843580873  0.724378247155429  3.283224033590138  13.089853395409504 -154.590331600916443
        0.000048093475423  3.370541278594574  21.783346580903576  10.469395280656490  8.864971065888072  0.000030388235240  0.724385180962769  3.283227523400757  13.089837994920785 -154.590324613284253
        0.000000012886654  3.370541328819553  21.783346580903576  10.469395280656490  8.864971065888072  0.000030388235240  0.724385180962769  3.283227523400757  13.089837994920785 -154.590324613284253
        0.000000011617868  3.370541278594574  21.783346905500736  10.469395280656490  8.864971065888072  0.000030388235240  0.724385180962769  3.283227523400757  13.089837994920785 -154.590324613284253
        0.000000001421674  3.370541278594574  21.783346580903576  10.469395436662637  8.864971065888072  0.000030388235240  0.724385180962769  3.283227523400757  13.089837994920785 -154.590324613284253
        0.000000000243874  3.370541278594574  21.783346580903576  10.469395280656490  8.864971197986435  0.000030388235240  0.724385180962769  3.283227523400757  13.089837994920785 -154.590324613284253
        0.000000000452979  3.370541278594574  21.783346580903576  10.469395280656490  8.864971065888072  0.000030403136401  0.724385180962769  3.283227523400757  13.089837994920785 -154.590324613284253
        0.000000004004651  3.370541278594574  21.783346580903576  10.469395280656490  8.864971065888072  0.000030388235240  0.724385195863930  3.283227523400757  13.089837994920785 -154.590324613284253
        0.000000003163756  3.370541278594574  21.783346580903576  10.469395280656490  8.864971065888072  0.000030388235240  0.724385180962769  3.283227572324659  13.089837994920785 -154.590324613284253
        0.000000004384758  3.370541278594574  21.783346580903576  10.469395280656490  8.864971065888072  0.000030388235240  0.724385180962769  3.283227523400757  13.089838189974571 -154.590324613284253
        0.000015277704132  3.370541278594574  21.783346580903576  10.469395280656490  8.864971065888072  0.000030388235240  0.724385180962769  3.283227523400757  13.089837994920785 -154.590326916859595
        0.000015947867297  3.370625830289665  21.783325330626802  10.469399183444127  8.864972707368528  0.000030760940510  0.724340120480944  3.283250386990455  13.089822381819745 -154.590326367891237
        0.000000012890715  3.370625880515903  21.783325330626802  10.469399183444127  8.864972707368528  0.000030760940510  0.724340120480944  3.283250386990455  13.089822381819745 -154.590326367891237
        0.000000011621521  3.370625830289665  21.783325655223646  10.469399183444127  8.864972707368528  0.000030760940510  0.724340120480944  3.283250386990455  13.089822381819745 -154.590326367891237
        0.000000001422058  3.370625830289665  21.783325330626802  10.469399339450332  8.864972707368528  0.000030760940510  0.724340120480944  3.283250386990455  13.089822381819745 -154.590326367891237
        0.000000000243908  3.370625830289665  21.783325330626802  10.469399183444127  8.864972839466915  0.000030760940510  0.724340120480944  3.283250386990455  13.089822381819745 -154.590326367891237
        0.000000000453080  3.370625830289665  21.783325330626802  10.469399183444127  8.864972707368528  0.000030775841671  0.724340120480944  3.283250386990455  13.089822381819745 -154.590326367891237
        0.000000004005783  3.370625830289665  21.783325330626802  10.469399183444127  8.864972707368528  0.000030760940510  0.724340135382105  3.283250386990455  13.089822381819745 -154.590326367891237
        0.000000003164078  3.370625830289665  21.783325330626802  10.469399183444127  8.864972707368528  0.000030760940510  0.724340120480944  3.283250435914698  13.089822381819745 -154.590326367891237
        0.000000004386285  3.370625830289665  21.783325330626802  10.469399183444127  8.864972707368528  0.000030760940510  0.724340120480944  3.283250386990455  13.089822576873299 -154.590326367891237
        0.000015277703974  3.370625830289665  21.783325330626802  10.469399183444127  8.864972707368528  0.000030760940510  0.724340120480944  3.283250386990455  13.089822381819745 -154.590328671466608
        0.000032927891661  3.370628019859960  21.783322168909713  10.469399720833659  8.864972968689221  0.000030875103809  0.724336229963482  3.283252178653397  13.089814788319659 -154.590323631631435
        0.000000012890743  3.370628070086232  21.783322168909713  10.469399720833659  8.864972968689221  0.000030875103809  0.724336229963482  3.283252178653397  13.089814788319659 -154.590323631631435
        0.000000011621562  3.370628019859960  21.783322493506507  10.469399720833659  8.864972968689221  0.000030875103809  0.724336229963482  3.283252178653397  13.089814788319659 -154.590323631631435
        0.000000001422086  3.370628019859960  21.783322168909713  10.469399876839871  8.864972968689221  0.000030875103809  0.724336229963482  3.283252178653397  13.089814788319659 -154.590323631631435
        0.000000000243920  3.370628019859960  21.783322168909713  10.469399720833659  8.864973100787612  0.000030875103809  0.724336229963482  3.283252178653397  13.089814788319659 -154.590323631631435
        0.000000000453097  3.370628019859960  21.783322168909713  10.469399720833659  8.864972968689221  0.000030890004970  0.724336229963482  3.283252178653397  13.089814788319659 -154.590323631631435
        0.000000004005818  3.370628019859960  21.783322168909713  10.469399720833659  8.864972968689221  0.000030875103809  0.724336244864643  3.283252178653397  13.089814788319659 -154.590323631631435
        0.000000003164083  3.370628019859960  21.783322168909713  10.469399720833659  8.864972968689221  0.000030875103809  0.724336229963482  3.283252227577667  13.089814788319659 -154.590323631631435
        0.000000004386331  3.370628019859960  21.783322168909713  10.469399720833659  8.864972968689221  0.000030875103809  0.724336229963482  3.283252178653397  13.089814983373099 -154.590323631631435
        0.000015277703760  3.370628019859960  21.783322168909713  10.469399720833659  8.864972968689221  0.000030875103809  0.724336229963482  3.283252178653397  13.089814788319659 -154.590325935206778
        0.000303769120119  3.369085789243175  21.747609844666485  11.360550999123753  7.711037169482245  0.000020808628640  0.733893218967116  3.296861173483380  13.055643812104448 -154.590351866167055
        0.000000012925956  3.369085839446466  21.747609844666485  11.360550999123753  7.711037169482245  0.000020808628640  0.733893218967116  3.296861173483380  13.055643812104448 -154.590351866167055
        0.000000011646877  3.369085789243175  21.747610168731125  11.360550999123753  7.711037169482245  0.000020808628640  0.733893218967116  3.296861173483380  13.055643812104448 -154.590351866167055
        0.000000001405173  3.369085789243175  21.747609844666485  11.360551168409154  7.711037169482245  0.000020808628640  0.733893218967116  3.296861173483380  13.055643812104448 -154.590351866167055
        0.000000000181114  3.369085789243175  21.747609844666485  11.360550999123753  7.711037284385653  0.000020808628640  0.733893218967116  3.296861173483380  13.055643812104448 -154.590351866167055
        0.000000000382559  3.369085789243175  21.747609844666485  11.360550999123753  7.711037169482245  0.000020823529802  0.733893218967116  3.296861173483380  13.055643812104448 -154.590351866167055
        0.000000003899275  3.369085789243175  21.747609844666485  11.360550999123753  7.711037169482245  0.000020808628640  0.733893233868277  3.296861173483380  13.055643812104448 -154.590351866167055
        0.000000003073226  3.369085789243175  21.747609844666485  11.360550999123753  7.711037169482245  0.000020808628640  0.733893218967116  3.296861222610440  13.055643812104448 -154.590351866167055
        0.000000004364294  3.369085789243175  21.747609844666485  11.360550999123753  7.711037169482245  0.000020808628640  0.733893218967116  3.296861173483380  13.055644006648700 -154.590351866167055
        0.000015277719680  3.369085789243175  21.747609844666485  11.360550999123753  7.711037169482245  0.000020808628640  0.733893218967116  3.296861173483380  13.055643812104448 -154.590354169742795
        0.000064971448497  3.369085225220505  21.749686215297160  11.362976322366642  7.709706014192294  0.002880688137301  0.733963317362356  3.296843512797101  13.055643478088541 -154.590351870515036
        0.000000012932463  3.369085275423787  21.749686215297160  11.362976322366642  7.709706014192294  0.002880688137301  0.733963317362356  3.296843512797101  13.055643478088541 -154.590351870515036
        0.000000011652732  3.369085225220505  21.749686539392741  11.362976322366642  7.709706014192294  0.002880688137301  0.733963317362356  3.296843512797101  13.055643478088541 -154.590351870515036
        0.000000001405272  3.369085225220505  21.749686215297160  11.362976491688183  7.709706014192294  0.002880688137301  0.733963317362356  3.296843512797101  13.055643478088541 -154.590351870515036
        0.000000000181058  3.369085225220505  21.749686215297160  11.362976322366642  7.709706129075866  0.002880688137301  0.733963317362356  3.296843512797101  13.055643478088541 -154.590351870515036
        0.000000000382515  3.369085225220505  21.749686215297160  11.362976322366642  7.709706014192294  0.002880703038463  0.733963317362356  3.296843512797101  13.055643478088541 -154.590351870515036
        0.000000003899427  3.369085225220505  21.749686215297160  11.362976322366642  7.709706014192294  0.002880688137301  0.733963332263517  3.296843512797101  13.055643478088541 -154.590351870515036
        0.000000003073513  3.369085225220505  21.749686215297160  11.362976322366642  7.709706014192294  0.002880688137301  0.733963317362356  3.296843561923898  13.055643478088541 -154.590351870515036
        0.000000004364348  3.369085225220505  21.749686215297160  11.362976322366642  7.709706014192294  0.002880688137301  0.733963317362356  3.296843512797101  13.055643672632788 -154.590351870515036
        0.000015277719685  3.369085225220505  21.749686215297160  11.362976322366642  7.709706014192294  0.002880688137301  0.733963317362356  3.296843512797101  13.055643478088541 -154.590354174090777
        0.000047937452447  3.367947137718768  21.838067103781441  11.393006966026912  7.718259666999359  0.000794657262088  0.734656520972719  3.296213768807869  13.085522856572625 -154.590350527902103
        0.000000012924880  3.367947187905092  21.838067103781441  11.393006966026912  7.718259666999359  0.000794657262088  0.734656520972719  3.296213768807869  13.085522856572625 -154.590350527902103
        0.000000011644392  3.367947137718768  21.838067429193998  11.393006966026912  7.718259666999359  0.000794657262088  0.734656520972719  3.296213768807869  13.085522856572625 -154.590350527902103
        0.000000001405863  3.367947137718768  21.838067103781441  11.393007135795944  7.718259666999359  0.000794657262088  0.734656520972719  3.296213768807869  13.085522856572625 -154.590350527902103
        0.000000000180847  3.367947137718768  21.838067103781441  11.393006966026912  7.718259782010390  0.000794657262088  0.734656520972719  3.296213768807869  13.085522856572625 -154.590350527902103
        0.000000000382158  3.367947137718768  21.838067103781441  11.393006966026912  7.718259666999359  0.000794672163249  0.734656520972719  3.296213768807869  13.085522856572625 -154.590350527902103
        0.000000003896416  3.367947137718768  21.838067103781441  11.393006966026912  7.718259666999359  0.000794657262088  0.734656535873881  3.296213768807869  13.085522856572625 -154.590350527902103
        0.000000003077914  3.367947137718768  21.838067103781441  11.393006966026912  7.718259666999359  0.000794657262088  0.734656520972719  3.296213817925282  13.085522856572625 -154.590350527902103
        0.000000004355545  3.367947137718768  21.838067103781441  11.393006966026912  7.718259666999359  0.000794657262088  0.734656520972719  3.296213768807869  13.085523051562111 -154.590350527902103
        0.000015277719046  3.367947137718768  21.838067103781441  11.393006966026912  7.718259666999359  0.000794657262088  0.734656520972719  3.296213768807869  13.085522856572625 -154.590352831477844
        0.000030148803751  3.368137656663394  21.826117598473207  11.367880578102932  7.711216117293243  0.000703220289456  0.734911299978850  3.295848607335611  13.083252971025932 -154.590349699301839
        0.000000012923152  3.368137706852556  21.826117598473207  11.367880578102932  7.711216117293243  0.000703220289456  0.734911299978850  3.295848607335611  13.083252971025932 -154.590349699301839
        0.000000011642354  3.368137656663394  21.826117923707702  11.367880578102932  7.711216117293243  0.000703220289456  0.734911299978850  3.295848607335611  13.083252971025932 -154.590349699301839
        0.000000001406196  3.368137656663394  21.826117598473207  11.367880747497553  7.711216117293243  0.000703220289456  0.734911299978850  3.295848607335611  13.083252971025932 -154.590349699301839
        0.000000000181041  3.368137656663394  21.826117598473207  11.367880578102932  7.711216232199317  0.000703220289456  0.734911299978850  3.295848607335611  13.083252971025932 -154.590349699301839
        0.000000000382097  3.368137656663394  21.826117598473207  11.367880578102932  7.711216117293243  0.000703235190617  0.734911299978850  3.295848607335611  13.083252971025932 -154.590349699301839
        0.000000003894485  3.368137656663394  21.826117598473207  11.367880578102932  7.711216117293243  0.000703220289456  0.734911314880011  3.295848607335611  13.083252971025932 -154.590349699301839
        0.000000003075548  3.368137656663394  21.826117598473207  11.367880578102932  7.711216117293243  0.000703220289456  0.734911299978850  3.295848656447583  13.083252971025932 -154.590349699301839
        0.000000004357041  3.368137656663394  21.826117598473207  11.367880578102932  7.711216117293243  0.000703220289456  0.734911299978850  3.295848607335611  13.083253165981594 -154.590349699301839
        0.000015277718446  3.368137656663394  21.826117598473207  11.367880578102932  7.711216117293243  0.000703220289456  0.734911299978850  3.295848607335611  13.083252971025932 -154.590352002877552
        0.121351270501222  3.670784281402403  0.059437820129453  0.043673913480511  0.000000181798384  0.000111123759439  0.735127889140500  3.295698597404080  6.031768616787371 -154.590348355333333
        0.117337216499334  3.443889746261793  16.378078376810777  8.552402661604232  5.748815839587692  0.000040465933921  0.735362580626135  3.295778834803749  11.318463173189619 -154.590349281280226
        0.003814551343674  3.387156324725946  20.458432746427903  10.678677499548030  7.188435272916281  0.000036664724120  0.735394595863078  3.295801021410506  12.640352466026409 -154.590349518196859
        0.000207155778517  3.372955930020916  21.479741253255902  11.210434037165591  7.549527941754423  0.000015327471790  0.735393264990326  3.295807175475454  12.971218319550323 -154.590349579063002
        0.000013604324412  3.369348572202114  21.739167283734066  11.343748806321829  7.644224887368986  0.000066238868143  0.735356287245626  3.295811085906384  13.055255140817403 -154.590349600702666
        0.000000012930469  3.369348622409321  21.739167283734066  11.343748806321829  7.644224887368986  0.000066238868143  0.735356287245626  3.295811085906384  13.055255140817403 -154.590349600702666
        0.000000011648671  3.369348572202114  21.739167607672901  11.343748806321829  7.644224887368986  0.000066238868143  0.735356287245626  3.295811085906384  13.055255140817403 -154.590349600702666
        0.000000001405885  3.369348572202114  21.739167283734066  11.343748975356858  7.644224887368986  0.000066238868143  0.735356287245626  3.295811085906384  13.055255140817403 -154.590349600702666
        0.000000000179896  3.369348572202114  21.739167283734066  11.343748806321829  7.644225001276813  0.000066238868143  0.735356287245626  3.295811085906384  13.055255140817403 -154.590349600702666
        0.000000000379456  3.369348572202114  21.739167283734066  11.343748806321829  7.644224887368986  0.000066253769304  0.735356287245626  3.295811085906384  13.055255140817403 -154.590349600702666
        0.000000003890720  3.369348572202114  21.739167283734066  11.343748806321829  7.644224887368986  0.000066238868143  0.735356302146788  3.295811085906384  13.055255140817403 -154.590349600702666
        0.000000003065429  3.369348572202114  21.739167283734066  11.343748806321829  7.644224887368986  0.000066238868143  0.735356287245626  3.295811135017796  13.055255140817403 -154.590349600702666
        0.000000004366725  3.369348572202114  21.739167283734066  11.343748806321829  7.644224887368986  0.000066238868143  0.735356287245626  3.295811085906384  13.055255335355865 -154.590349600702666
        0.000015277718412  3.369348572202114  21.739167283734066  11.343748806321829  7.644224887368986  0.000066238868143  0.735356287245626  3.295811085906384  13.055255140817403 -154.590351904278378
        0.000015956837850  3.369600252436485  21.721188374387033  11.338801505841799  7.630213117642464  0.000015755599347  0.735450763687862  3.295812109312021  13.049419162907904 -154.590349617874466
        0.000000012932246  3.369600302647441  21.721188374387033  11.338801505841799  7.630213117642464  0.000015755599347  0.735450763687862  3.295812109312021  13.049419162907904 -154.590349617874466
        0.000000011650196  3.369600252436485  21.721188698057961  11.338801505841799  7.630213117642464  0.000015755599347  0.735450763687862  3.295812109312021  13.049419162907904 -154.590349617874466
        0.000000001405843  3.369600252436485  21.721188374387033  11.338801674803108  7.630213117642464  0.000015755599347  0.735450763687862  3.295812109312021  13.049419162907904 -154.590349617874466
        0.000000000179678  3.369600252436485  21.721188374387033  11.338801505841799  7.630213231341500  0.000015755599347  0.735450763687862  3.295812109312021  13.049419162907904 -154.590349617874466
        0.000000000378903  3.369600252436485  21.721188374387033  11.338801505841799  7.630213117642464  0.000015770500508  0.735450763687862  3.295812109312021  13.049419162907904 -154.590349617874466
        0.000000003889907  3.369600252436485  21.721188374387033  11.338801505841799  7.630213117642464  0.000015755599347  0.735450778589023  3.295812109312021  13.049419162907904 -154.590349617874466
        0.000000003063324  3.369600252436485  21.721188374387033  11.338801505841799  7.630213117642464  0.000015755599347  0.735450763687862  3.295812158423449  13.049419162907904 -154.590349617874466
        0.000000004368729  3.369600252436485  21.721188374387033  11.338801505841799  7.630213117642464  0.000015755599347  0.735450763687862  3.295812109312021  13.049419357359403 -154.590349617874466
        0.000015277718412  3.369600252436485  21.721188374387033  11.338801505841799  7.630213117642464  0.000015755599347  0.735450763687862  3.295812109312021  13.049419162907904 -154.590351921450178
        0.000015309696901  3.369544443776500  21.725219773861106  11.339281994398831  7.634521963274590  0.000011075352103  0.735417002840555  3.295812991103181  13.050728882262709 -154.590349604193591
        0.000000012931920  3.369544493986625  21.725219773861106  11.339281994398831  7.634521963274590  0.000011075352103  0.735417002840555  3.295812991103181  13.050728882262709 -154.590349604193591
        0.000000011649936  3.369544443776500  21.725220097592107  11.339281994398831  7.634521963274590  0.000011075352103  0.735417002840555  3.295812991103181  13.050728882262709 -154.590349604193591
        0.000000001405864  3.369544443776500  21.725219773861106  11.339282163367301  7.634521963274590  0.000011075352103  0.735417002840555  3.295812991103181  13.050728882262709 -154.590349604193591
        0.000000000179778  3.369544443776500  21.725219773861106  11.339281994398831  7.634522077037833  0.000011075352103  0.735417002840555  3.295812991103181  13.050728882262709 -154.590349604193591
        0.000000000379129  3.369544443776500  21.725219773861106  11.339281994398831  7.634521963274590  0.000011090253264  0.735417002840555  3.295812991103181  13.050728882262709 -154.590349604193591
        0.000000003890224  3.369544443776500  21.725219773861106  11.339281994398831  7.634521963274590  0.000011075352103  0.735417017741716  3.295812991103181  13.050728882262709 -154.590349604193591
        0.000000003063871  3.369544443776500  21.725219773861106  11.339281994398831  7.634521963274590  0.000011075352103  0.735417002840555  3.295813040214622  13.050728882262709 -154.590349604193591
        0.000000004368306  3.369544443776500  21.725219773861106  11.339281994398831  7.634521963274590  0.000011075352103  0.735417002840555  3.295812991103181  13.050729076733724 -154.590349604193591
        0.000015277718421  3.369544443776500  21.725219773861106  11.339281994398831  7.634521963274590  0.000011075352103  0.735417002840555  3.295812991103181  13.050728882262709 -154.590351907769303
2023-06-01 19:23:27.729847
