/projects/wagner/highthroughput/mick_graphene_paper/3_data/kc_fitting_dft
2022-08-18 03:51:15.594723
energy_inf: -154.87065645278034
     2535.672725874616845  3.416084000000000  20.021583000000000  10.905510700000001  4.275635400000000  0.010010836000000  0.844712200000000  2.936058400000000  14.313258800000000 -154.870656452780338
        0.000000018717218  3.416084050903618  20.021583000000000  10.905510700000001  4.275635400000000  0.010010836000000  0.844712200000000  2.936058400000000  14.313258800000000 -154.870656452780338
        0.000000019282189  3.416084000000000  20.021583298344837  10.905510700000001  4.275635400000000  0.010010836000000  0.844712200000000  2.936058400000000  14.313258800000000 -154.870656452780338
        0.000000002760085  3.416084000000000  20.021583000000000  10.905510862504773  4.275635400000000  0.010010836000000  0.844712200000000  2.936058400000000  14.313258800000000 -154.870656452780338
        0.000000000499340  3.416084000000000  20.021583000000000  10.905510700000001  4.275635463711932  0.010010836000000  0.844712200000000  2.936058400000000  14.313258800000000 -154.870656452780338
        0.000000000455390  3.416084000000000  20.021583000000000  10.905510700000001  4.275635400000000  0.010010850901161  0.844712200000000  2.936058400000000  14.313258800000000 -154.870656452780338
        0.000000007626080  3.416084000000000  20.021583000000000  10.905510700000001  4.275635400000000  0.010010836000000  0.844712214901161  2.936058400000000  14.313258800000000 -154.870656452780338
        0.000000008542471  3.416084000000000  20.021583000000000  10.905510700000001  4.275635400000000  0.010010836000000  0.844712200000000  2.936058443750679  14.313258800000000 -154.870656452780338
        0.000000009622645  3.416084000000000  20.021583000000000  10.905510700000001  4.275635400000000  0.010010836000000  0.844712200000000  2.936058400000000  14.313259013284176 -154.870656452780338
        0.000037770100898  3.416084000000000  20.021583000000000  10.905510700000001  4.275635400000000  0.010010836000000  0.844712200000000  2.936058400000000  14.313258800000000 -154.870658760532962
        0.323058366085483  3.397550312566200  0.010955837985616  1.333469923740815  6.310849212349977  29.219357459412240  0.221658665670309  2.935228725217318  14.294946532477734 -154.870613287590317
        0.226691995488461  3.367172709773367  16.971357457339071  9.027930017724437  5.116359974492342  8.424609444772360  0.712510998462546  2.896353293336404  14.265892436688453 -154.870581969780119
        0.000000016918464  3.367172759948151  16.971357457339071  9.027930017724437  5.116359974492342  8.424609444772360  0.712510998462546  2.896353293336404  14.265892436688453 -154.870581969780119
        0.000000016024498  3.367172709773367  16.971357710232002  9.027930017724437  5.116359974492342  8.424609444772360  0.712510998462546  2.896353293336404  14.265892436688453 -154.870581969780119
        0.000000001963637  3.367172709773367  16.971357457339071  9.027930152251077  5.116359974492342  8.424609444772360  0.712510998462546  2.896353293336404  14.265892436688453 -154.870581969780119
        0.000000000234592  3.367172709773367  16.971357457339071  9.027930017724437  5.116360050732046  8.424609444772360  0.712510998462546  2.896353293336404  14.265892436688453 -154.870581969780119
        0.000000001976005  3.367172709773367  16.971357457339071  9.027930017724437  5.116359974492342  8.424609570308823  0.712510998462546  2.896353293336404  14.265892436688453 -154.870581969780119
        0.000000003779136  3.367172709773367  16.971357457339071  9.027930017724437  5.116359974492342  8.424609444772360  0.712511013363707  2.896353293336404  14.265892436688453 -154.870581969780119
        0.000000009460210  3.367172709773367  16.971357457339071  9.027930017724437  5.116359974492342  8.424609444772360  0.712510998462546  2.896353336495431  14.265892436688453 -154.870581969780119
        0.000000006276604  3.367172709773367  16.971357457339071  9.027930017724437  5.116359974492342  8.424609444772360  0.712510998462546  2.896353293336404  14.265892649266815 -154.870581969780119
        0.000037770893687  3.367172709773367  16.971357457339071  9.027930017724437  5.116359974492342  8.424609444772360  0.712510998462546  2.896353293336404  14.265892436688453 -154.870584277531634
        0.032029037653173  3.353910265476462  24.023956912122138  15.934973587893378  0.360802220361725  0.010625687921221  1.020729070801675  2.893846818355891  14.256542843999975 -154.870471976647138
        0.026460673188490  3.357250098442572  19.251874921649364  9.786923873203031  5.806877892336175  6.041884111128290  0.769459022783719  2.919620618542391  14.256432246193985 -154.870407975476013
        0.000000017108672  3.357250148469497  19.251874921649364  9.786923873203031  5.806877892336175  6.041884111128290  0.769459022783719  2.919620618542391  14.256432246193985 -154.870407975476013
        0.000000016067444  3.357250098442572  19.251875208524655  9.786923873203031  5.806877892336175  6.041884111128290  0.769459022783719  2.919620618542391  14.256432246193985 -154.870407975476013
        0.000000002203773  3.357250098442572  19.251874921649364  9.786924019039562  5.806877892336175  6.041884111128290  0.769459022783719  2.919620618542391  14.256432246193985 -154.870407975476013
        0.000000000295055  3.357250098442572  19.251874921649364  9.786923873203031  5.806877978865399  6.041884111128290  0.769459022783719  2.919620618542391  14.256432246193985 -154.870407975476013
        0.000000001014395  3.357250098442572  19.251874921649364  9.786923873203031  5.806877892336175  6.041884201159379  0.769459022783719  2.919620618542391  14.256432246193985 -154.870407975476013
        0.000000005121652  3.357250098442572  19.251874921649364  9.786923873203031  5.806877892336175  6.041884111128290  0.769459037684880  2.919620618542391  14.256432246193985 -154.870407975476013
        0.000000009656297  3.357250098442572  19.251874921649364  9.786923873203031  5.806877892336175  6.041884111128290  0.769459022783719  2.919620662048129  14.256432246193985 -154.870407975476013
        0.000000006449937  3.357250098442572  19.251874921649364  9.786923873203031  5.806877892336175  6.041884111128290  0.769459022783719  2.919620618542391  14.256432458631380 -154.870407975476013
        0.000037771007924  3.357250098442572  19.251874921649364  9.786923873203031  5.806877892336175  6.041884111128290  0.769459022783719  2.919620618542391  14.256432246193985 -154.870410283224913
        0.003169778258353  3.358762249388819  19.212248119978465  9.936947663590589  5.797688313621052  6.027593066877163  0.764422534906589  2.920770045747693  14.329878393635036 -154.870258712734199
        0.000000017085710  3.358762299438277  19.212248119978465  9.936947663590589  5.797688313621052  6.027593066877163  0.764422534906589  2.920770045747693  14.329878393635036 -154.870258712734199
        0.000000016113252  3.358762249388819  19.212248406263271  9.936947663590589  5.797688313621052  6.027593066877163  0.764422534906589  2.920770045747693  14.329878393635036 -154.870258712734199
        0.000000002199122  3.358762249388819  19.212248119978465  9.936947811662648  5.797688313621052  6.027593066877163  0.764422534906589  2.920770045747693  14.329878393635036 -154.870258712734199
        0.000000000294390  3.358762249388819  19.212248119978465  9.936947663590589  5.797688400013340  6.027593066877163  0.764422534906589  2.920770045747693  14.329878393635036 -154.870258712734199
        0.000000001023274  3.358762249388819  19.212248119978465  9.936947663590589  5.797688313621052  6.027593156695299  0.764422534906589  2.920770045747693  14.329878393635036 -154.870258712734199
        0.000000005170829  3.358762249388819  19.212248119978465  9.936947663590589  5.797688313621052  6.027593066877163  0.764422549807750  2.920770045747693  14.329878393635036 -154.870258712734199
        0.000000009667855  3.358762249388819  19.212248119978465  9.936947663590589  5.797688313621052  6.027593066877163  0.764422534906589  2.920770089270559  14.329878393635036 -154.870258712734199
        0.000000006553691  3.358762249388819  19.212248119978465  9.936947663590589  5.797688313621052  6.027593066877163  0.764422534906589  2.920770045747693  14.329878607166865 -154.870258712734199
        0.000037770904990  3.358762249388819  19.212248119978465  9.936947663590589  5.797688313621052  6.027593066877163  0.764422534906589  2.920770045747693  14.329878393635036 -154.870261020480882
        0.001562182737363  3.371822365688420  20.735720005557944  11.241469304950677  5.783713262499549  3.215632612983347  0.824306946559044  2.887888593211270  14.252160154527147 -154.870011892174688
        0.001439754276119  3.369338251758143  19.360628972438700  10.028207326058983  6.117968120966013  5.244861303803640  0.775356560774048  2.900138133628510  14.319482862450242 -154.870010069466559
        0.000000017131342  3.369338301965195  19.360628972438700  10.028207326058983  6.117968120966013  5.244861303803640  0.775356560774048  2.900138133628510  14.319482862450242 -154.870010069466559
        0.000000016159841  3.369338251758143  19.360629260934555  10.028207326058983  6.117968120966013  5.244861303803640  0.775356560774048  2.900138133628510  14.319482862450242 -154.870010069466559
        0.000000002287379  3.369338251758143  19.360628972438700  10.028207475490916  6.117968120966013  5.244861303803640  0.775356560774048  2.900138133628510  14.319482862450242 -154.870010069466559
        0.000000000325471  3.369338251758143  19.360628972438700  10.028207326058983  6.117968212130842  5.244861303803640  0.775356560774048  2.900138133628510  14.319482862450242 -154.870010069466559
        0.000000000761198  3.369338251758143  19.360628972438700  10.028207326058983  6.117968120966013  5.244861381958164  0.775356560774048  2.900138133628510  14.319482862450242 -154.870010069466559
        0.000000005707515  3.369338251758143  19.360628972438700  10.028207326058983  6.117968120966013  5.244861303803640  0.775356575675210  2.900138133628510  14.319482862450242 -154.870010069466559
        0.000000009811973  3.369338251758143  19.360628972438700  10.028207326058983  6.117968120966013  5.244861303803640  0.775356560774048  2.900138176843936  14.319482862450242 -154.870010069466559
        0.000000006948541  3.369338251758143  19.360628972438700  10.028207326058983  6.117968120966013  5.244861303803640  0.775356560774048  2.900138133628510  14.319483075827163 -154.870010069466559
        0.000037770688250  3.369338251758143  19.360628972438700  10.028207326058983  6.117968120966013  5.244861303803640  0.775356560774048  2.900138133628510  14.319482862450242 -154.870012377209548
        0.000560682427815  3.371704579865200  20.224125379317250  10.808829762872103  6.078131427125018  3.969628200185860  0.801931853248311  2.889427431549449  14.287283690330449 -154.869987770143467
        0.000415753220440  3.371537480587671  19.530299491034746  10.199715340501303  6.149156268007437  4.888202008685369  0.781461676612382  2.895168877588090  14.293383567064476 -154.869986935602554
        0.000000017125752  3.371537530827494  19.530299491034746  10.199715340501303  6.149156268007437  4.888202008685369  0.781461676612382  2.895168877588090  14.293383567064476 -154.869986935602554
        0.000000016146577  3.371537480587671  19.530299782058886  10.199715340501303  6.149156268007437  4.888202008685369  0.781461676612382  2.895168877588090  14.293383567064476 -154.869986935602554
        0.000000002321301  3.371537480587671  19.530299491034746  10.199715492488906  6.149156268007437  4.888202008685369  0.781461676612382  2.895168877588090  14.293383567064476 -154.869986935602554
        0.000000000332250  3.371537480587671  19.530299491034746  10.199715340501303  6.149156359637006  4.888202008685369  0.781461676612382  2.895168877588090  14.293383567064476 -154.869986935602554
        0.000000000644127  3.371537480587671  19.530299491034746  10.199715340501303  6.149156268007437  4.888202081525255  0.781461676612382  2.895168877588090  14.293383567064476 -154.869986935602554
        0.000000005920253  3.371537480587671  19.530299491034746  10.199715340501303  6.149156268007437  4.888202008685369  0.781461691513543  2.895168877588090  14.293383567064476 -154.869986935602554
        0.000000009842585  3.371537480587671  19.530299491034746  10.199715340501303  6.149156268007437  4.888202008685369  0.781461676612382  2.895168920729468  14.293383567064476 -154.869986935602554
        0.000000007054368  3.371537480587671  19.530299491034746  10.199715340501303  6.149156268007437  4.888202008685369  0.781461676612382  2.895168877588090  14.293383780052489 -154.869986935602554
        0.000037770664472  3.371537480587671  19.530299491034746  10.199715340501303  6.149156268007437  4.888202008685369  0.781461676612382  2.895168877588090  14.293383567064476 -154.869989243345202
        0.000053098552796  3.368707931425605  19.846786555201767  10.423557180105595  6.181725165299524  4.726889083807814  0.785907453146849  2.893777533455565  14.366368975331985 -154.869986021536334
        0.000000017099433  3.368707981623265  19.846786555201767  10.423557180105595  6.181725165299524  4.726889083807814  0.785907453146849  2.893777533455565  14.366368975331985 -154.869986021536334
        0.000000016124738  3.368707931425605  19.846786850941932  10.423557180105595  6.181725165299524  4.726889083807814  0.785907453146849  2.893777533455565  14.366368975331985 -154.869986021536334
        0.000000002339691  3.368707931425605  19.846786555201767  10.423557335428701  6.181725165299524  4.726889083807814  0.785907453146849  2.893777533455565  14.366368975331985 -154.869986021536334
        0.000000000333674  3.368707931425605  19.846786555201767  10.423557180105595  6.181725257414407  4.726889083807814  0.785907453146849  2.893777533455565  14.366368975331985 -154.869986021536334
        0.000000000579158  3.368707931425605  19.846786555201767  10.423557180105595  6.181725165299524  4.726889154243950  0.785907453146849  2.893777533455565  14.366368975331985 -154.869986021536334
        0.000000006024835  3.368707931425605  19.846786555201767  10.423557180105595  6.181725165299524  4.726889083807814  0.785907468048010  2.893777533455565  14.366368975331985 -154.869986021536334
        0.000000009897317  3.368707931425605  19.846786555201767  10.423557180105595  6.181725165299524  4.726889083807814  0.785907453146849  2.893777576576210  14.366368975331985 -154.869986021536334
        0.000000007039939  3.368707931425605  19.846786555201767  10.423557180105595  6.181725165299524  4.726889083807814  0.785907453146849  2.893777533455565  14.366369189407566 -154.869986021536334
        0.000037770663511  3.368707931425605  19.846786555201767  10.423557180105595  6.181725165299524  4.726889083807814  0.785907453146849  2.893777533455565  14.366368975331985 -154.869988329278954
        0.000021633873677  3.367414114842256  19.994760568728285  10.527265254489913  6.194672125612867  4.651112502139695  0.787968757274709  2.893056614376885  14.400859076152820 -154.869985279693566
        0.000000017086551  3.367414165020636  19.994760568728285  10.527265254489913  6.194672125612867  4.651112502139695  0.787968757274709  2.893056614376885  14.400859076152820 -154.869985279693566
        0.000000016114687  3.367414114842256  19.994760866673435  10.527265254489913  6.194672125612867  4.651112502139695  0.787968757274709  2.893056614376885  14.400859076152820 -154.869985279693566
        0.000000002348371  3.367414114842256  19.994760568728285  10.527265411358391  6.194672125612867  4.651112502139695  0.787968757274709  2.893056614376885  14.400859076152820 -154.869985279693566
        0.000000000334405  3.367414114842256  19.994760568728285  10.527265254489913  6.194672217920675  4.651112502139695  0.787968757274709  2.893056614376885  14.400859076152820 -154.869985279693566
        0.000000000549622  3.367414114842256  19.994760568728285  10.527265254489913  6.194672125612867  4.651112571446672  0.787968757274709  2.893056614376885  14.400859076152820 -154.869985279693566
        0.000000006072740  3.367414114842256  19.994760568728285  10.527265254489913  6.194672125612867  4.651112502139695  0.787968772175870  2.893056614376885  14.400859076152820 -154.869985279693566
        0.000000009922040  3.367414114842256  19.994760568728285  10.527265254489913  6.194672125612867  4.651112502139695  0.787968757274709  2.893056657486788  14.400859076152820 -154.869985279693566
        0.000000007034059  3.367414114842256  19.994760568728285  10.527265254489913  6.194672125612867  4.651112502139695  0.787968757274709  2.893056614376885  14.400859290742343 -154.869985279693566
        0.000037770662700  3.367414114842256  19.994760568728285  10.527265254489913  6.194672125612867  4.651112502139695  0.787968757274709  2.893056614376885  14.400859076152820 -154.869987587436185
        0.000129329302330  3.363185763136627  20.556823749770185  10.926951483028843  6.253903264196540  4.295605914796238  0.796562209592332  2.890429692708094  14.509148784904198 -154.869985337116304
        0.000000017045657  3.363185813252000  20.556823749770185  10.926951483028843  6.253903264196540  4.295605914796238  0.796562209592332  2.890429692708094  14.509148784904198 -154.869985337116304
        0.000000016078880  3.363185763136627  20.556824056090729  10.926951483028843  6.253903264196540  4.295605914796238  0.796562209592332  2.890429692708094  14.509148784904198 -154.869985337116304
        0.000000002385985  3.363185763136627  20.556823749770185  10.926951645853109  6.253903264196540  4.295605914796238  0.796562209592332  2.890429692708094  14.509148784904198 -154.869985337116304
        0.000000000339341  3.363185763136627  20.556823749770185  10.926951483028843  6.253903357386960  4.295605914796238  0.796562209592332  2.890429692708094  14.509148784904198 -154.869985337116304
        0.000000000419881  3.363185763136627  20.556823749770185  10.926951483028843  6.253903264196540  4.295605978805754  0.796562209592332  2.890429692708094  14.509148784904198 -154.869985337116304
        0.000000006283625  3.363185763136627  20.556823749770185  10.926951483028843  6.253903264196540  4.295605914796238  0.796562224493493  2.890429692708094  14.509148784904198 -154.869985337116304
        0.000000010008792  3.363185763136627  20.556823749770185  10.926951483028843  6.253903264196540  4.295605914796238  0.796562209592332  2.890429735778853  14.509148784904198 -154.869985337116304
        0.000000007028781  3.363185763136627  20.556823749770185  10.926951483028843  6.253903264196540  4.295605914796238  0.796562209592332  2.890429692708094  14.509149001107364 -154.869985337116304
        0.000037770663122  3.363185763136627  20.556823749770185  10.926951483028843  6.253903264196540  4.295605914796238  0.796562209592332  2.890429692708094  14.509148784904198 -154.869987644858924
        0.000071413913955  3.362935338051337  20.595048833998209  10.952122345275880  6.260028769789372  4.273715012067266  0.796919625567738  2.890008795853596  14.518801051200192 -154.869983711908787
        0.000000017039636  3.362935388162978  20.595048833998209  10.952122345275880  6.260028769789372  4.273715012067266  0.796919625567738  2.890008795853596  14.518801051200192 -154.869983711908787
        0.000000016075909  3.362935338051337  20.595049140888353  10.952122345275880  6.260028769789372  4.273715012067266  0.796919625567738  2.890008795853596  14.518801051200192 -154.869983711908787
        0.000000002388628  3.362935338051337  20.595048833998209  10.952122508475220  6.260028769789372  4.273715012067266  0.796919625567738  2.890008795853596  14.518801051200192 -154.869983711908787
        0.000000000339730  3.362935338051337  20.595048833998209  10.952122345275880  6.260028863071070  4.273715012067266  0.796919625567738  2.890008795853596  14.518801051200192 -154.869983711908787
        0.000000000412156  3.362935338051337  20.595048833998209  10.952122345275880  6.260028769789372  4.273715075750582  0.796919625567738  2.890008795853596  14.518801051200192 -154.869983711908787
        0.000000006298786  3.362935338051337  20.595048833998209  10.952122345275880  6.260028769789372  4.273715012067266  0.796919640468899  2.890008795853596  14.518801051200192 -154.869983711908787
        0.000000010016149  3.362935338051337  20.595048833998209  10.952122345275880  6.260028769789372  4.273715012067266  0.796919625567738  2.890008838918083  14.518801051200192 -154.869983711908787
        0.000000007030685  3.362935338051337  20.595048833998209  10.952122345275880  6.260028769789372  4.273715012067266  0.796919625567738  2.890008795853596  14.518801267547188 -154.869983711908787
        0.000037770660757  3.362935338051337  20.595048833998209  10.952122345275880  6.260028769789372  4.273715012067266  0.796919625567738  2.890008795853596  14.518801051200192 -154.869986019651378
        0.000040918914196  3.363140290913508  20.677159662068256  11.020801410002692  6.265388508247836  4.149408391285962  0.799142593718332  2.889219160721614  14.513818005123884 -154.869983341280886
        0.000000017035750  3.363140341028203  20.677159662068256  11.020801410002692  6.265388508247836  4.149408391285962  0.799142593718332  2.889219160721614  14.513818005123884 -154.869983341280886
        0.000000016070319  3.363140290913508  20.677159970181943  11.020801410002692  6.265388508247836  4.149408391285962  0.799142593718332  2.889219160721614  14.513818005123884 -154.869983341280886
        0.000000002399935  3.363140290913508  20.677159662068256  11.020801574225430  6.265388508247836  4.149408391285962  0.799142593718332  2.889219160721614  14.513818005123884 -154.869983341280886
        0.000000000341713  3.363140290913508  20.677159662068256  11.020801410002692  6.265388601609399  4.149408391285962  0.799142593718332  2.889219160721614  14.513818005123884 -154.869983341280886
        0.000000000373802  3.363140290913508  20.677159662068256  11.020801410002692  6.265388508247836  4.149408453116965  0.799142593718332  2.889219160721614  14.513818005123884 -154.869983341280886
        0.000000006364375  3.363140290913508  20.677159662068256  11.020801410002692  6.265388508247836  4.149408391285962  0.799142608619493  2.889219160721614  14.513818005123884 -154.869983341280886
        0.000000010021487  3.363140290913508  20.677159662068256  11.020801410002692  6.265388508247836  4.149408391285962  0.799142593718332  2.889219203774335  14.513818005123884 -154.869983341280886
        0.000000007054635  3.363140290913508  20.677159662068256  11.020801410002692  6.265388508247836  4.149408391285962  0.799142593718332  2.889219160721614  14.513818221396626 -154.869983341280886
        0.000037770660554  3.363140290913508  20.677159662068256  11.020801410002692  6.265388508247836  4.149408391285962  0.799142593718332  2.889219160721614  14.513818005123884 -154.869985649023477
        0.000050652574308  3.363026212497055  20.867511171597741  11.175454406286788  6.272042891638350  3.911167121014373  0.803665621996412  2.887803395794316  14.515757055049452 -154.869983930868784
        0.000000017025692  3.363026262610051  20.867511171597741  11.175454406286788  6.272042891638350  3.911167121014373  0.803665621996412  2.887803395794316  14.515757055049452 -154.869983930868784
        0.000000016058096  3.363026212497055  20.867511482547890  11.175454406286788  6.272042891638350  3.911167121014373  0.803665621996412  2.887803395794316  14.515757055049452 -154.869983930868784
        0.000000002421950  3.363026212497055  20.867511171597741  11.175454572814035  6.272042891638350  3.911167121014373  0.803665621996412  2.887803395794316  14.515757055049452 -154.869983930868784
        0.000000000345538  3.363026212497055  20.867511171597741  11.175454406286788  6.272042985099072  3.911167121014373  0.803665621996412  2.887803395794316  14.515757055049452 -154.869983930868784
        0.000000000302560  3.363026212497055  20.867511171597741  11.175454406286788  6.272042891638350  3.911167179295305  0.803665621996412  2.887803395794316  14.515757055049452 -154.869983930868784
        0.000000006489160  3.363026212497055  20.867511171597741  11.175454406286788  6.272042891638350  3.911167121014373  0.803665636897573  2.887803395794316  14.515757055049452 -154.869983930868784
        0.000000010035818  3.363026212497055  20.867511171597741  11.175454406286788  6.272042891638350  3.911167121014373  0.803665621996412  2.887803438825940  14.515757055049452 -154.869983930868784
        0.000000007092047  3.363026212497055  20.867511171597741  11.175454406286788  6.272042891638350  3.911167121014373  0.803665621996412  2.887803395794316  14.515757271351088 -154.869983930868784
        0.000037770661160  3.363026212497055  20.867511171597741  11.175454406286788  6.272042891638350  3.911167121014373  0.803665621996412  2.887803395794316  14.515757055049452 -154.869986238611375
        0.000032637796151  3.361766607662759  21.046008025719622  11.302220098903806  6.290200972173224  3.793209739733322  0.806269176478654  2.886858300126052  14.549402569840010 -154.869983269832147
        0.000000017011910  3.361766657756985  21.046008025719622  11.302220098903806  6.290200972173224  3.793209739733322  0.806269176478654  2.886858300126052  14.549402569840010 -154.869983269832147
        0.000000016047453  3.361766607662759  21.046008339329582  11.302220098903806  6.290200972173224  3.793209739733322  0.806269176478654  2.886858300126052  14.549402569840010 -154.869983269832147
        0.000000002434222  3.361766607662759  21.046008025719622  11.302220267320010  6.290200972173224  3.793209739733322  0.806269176478654  2.886858300126052  14.549402569840010 -154.869983269832147
        0.000000000347687  3.361766607662759  21.046008025719622  11.302220098903806  6.290201065904522  3.793209739733322  0.806269176478654  2.886858300126052  14.549402569840010 -154.869983269832147
        0.000000000266481  3.361766607662759  21.046008025719622  11.302220098903806  6.290200972173224  3.793209796256551  0.806269176478654  2.886858300126052  14.549402569840010 -154.869983269832147
        0.000000006556293  3.361766607662759  21.046008025719622  11.302220098903806  6.290200972173224  3.793209739733322  0.806269191379815  2.886858300126052  14.549402569840010 -154.869983269832147
        0.000000010061854  3.361766607662759  21.046008025719622  11.302220098903806  6.290200972173224  3.793209739733322  0.806269176478654  2.886858343143593  14.549402569840010 -154.869983269832147
        0.000000007092623  3.361766607662759  21.046008025719622  11.302220098903806  6.290200972173224  3.793209739733322  0.806269176478654  2.886858300126052  14.549402786643004 -154.869983269832147
        0.000037770660573  3.361766607662759  21.046008025719622  11.302220098903806  6.290200972173224  3.793209739733322  0.806269176478654  2.886858300126052  14.549402569840010 -154.869985577574738
        0.000059157128679  3.358517989110880  21.417067906539945  11.552270555985508  6.345900240193030  3.603799046036416  0.810583788070602  2.885382945060844  14.634416899779252 -154.869982804321040
        0.000000016983877  3.358518039156698  21.417067906539945  11.552270555985508  6.345900240193030  3.603799046036416  0.810583788070602  2.885382945060844  14.634416899779252 -154.869982804321040
        0.000000016027524  3.358517989110880  21.417068225679127  11.552270555985508  6.345900240193030  3.603799046036416  0.810583788070602  2.885382945060844  14.634416899779252 -154.869982804321040
        0.000000002454900  3.358517989110880  21.417067906539945  11.552270728127754  6.345900240193030  3.603799046036416  0.810583788070602  2.885382945060844  14.634416899779252 -154.869982804321040
        0.000000000351639  3.358517989110880  21.417067906539945  11.552270555985508  6.345900334754313  3.603799046036416  0.810583788070602  2.885382945060844  14.634416899779252 -154.869982804321040
        0.000000000211853  3.358517989110880  21.417067906539945  11.552270555985508  6.345900240193030  3.603799099737206  0.810583788070602  2.885382945060844  14.634416899779252 -154.869982804321040
        0.000000006669520  3.358517989110880  21.417067906539945  11.552270555985508  6.345900240193030  3.603799046036416  0.810583802971763  2.885382945060844  14.634416899779252 -154.869982804321040
        0.000000010123531  3.358517989110880  21.417067906539945  11.552270555985508  6.345900240193030  3.603799046036416  0.810583788070602  2.885382988056400  14.634416899779252 -154.869982804321040
        0.000000007073524  3.358517989110880  21.417067906539945  11.552270555985508  6.345900240193030  3.603799046036416  0.810583788070602  2.885382945060844  14.634417117849058 -154.869982804321040
        0.000037770660361  3.358517989110880  21.417067906539945  11.552270555985508  6.345900240193030  3.603799046036416  0.810583788070602  2.885382945060844  14.634416899779252 -154.869985112063631
        0.000018524585798  3.357886225833012  21.507558462975073  11.613896691814473  6.362118376048690  3.546243243884303  0.811662546297175  2.884875947284477  14.652339764558555 -154.869982104866068
        0.000000016976877  3.357886275869415  21.507558462975073  11.613896691814473  6.362118376048690  3.546243243884303  0.811662546297175  2.884875947284477  14.652339764558555 -154.869982104866068
        0.000000016022952  3.357886225833012  21.507558783462667  11.613896691814473  6.362118376048690  3.546243243884303  0.811662546297175  2.884875947284477  14.652339764558555 -154.869982104866068
        0.000000002460970  3.357886225833012  21.507558462975073  11.613896864875020  6.362118376048690  3.546243243884303  0.811662546297175  2.884875947284477  14.652339764558555 -154.869982104866068
        0.000000000352860  3.357886225833012  21.507558462975073  11.613896691814473  6.362118470851641  3.546243243884303  0.811662546297175  2.884875947284477  14.652339764558555 -154.869982104866068
        0.000000000198419  3.357886225833012  21.507558462975073  11.613896691814473  6.362118376048690  3.546243296727445  0.811662546297175  2.884875947284477  14.652339764558555 -154.869982104866068
        0.000000006703904  3.357886225833012  21.507558462975073  11.613896691814473  6.362118376048690  3.546243243884303  0.811662561198336  2.884875947284477  14.652339764558555 -154.869982104866068
        0.000000010138421  3.357886225833012  21.507558462975073  11.613896691814473  6.362118376048690  3.546243243884303  0.811662546297175  2.884875990272479  14.652339764558555 -154.869982104866068
        0.000000007073991  3.357886225833012  21.507558462975073  11.613896691814473  6.362118376048690  3.546243243884303  0.811662546297175  2.884875947284477  14.652339982895432 -154.869982104866068
        0.000037770659085  3.357886225833012  21.507558462975073  11.613896691814473  6.362118376048690  3.546243243884303  0.811662546297175  2.884875947284477  14.652339764558555 -154.869984412608630
        0.000096663938910  3.357012222739582  21.905710393289048  11.920239824212970  6.399767568510236  3.107363912247179  0.819510191416232  2.882178222708821  14.674387907918701 -154.869982463260044
        0.000000016956059  3.357012272762962  21.905710393289048  11.920239824212970  6.399767568510236  3.107363912247179  0.819510191416232  2.882178222708821  14.674387907918701 -154.869982463260044
        0.000000016001883  3.357012222739582  21.905710719709571  11.920239824212970  6.399767568510236  3.107363912247179  0.819510191416232  2.882178222708821  14.674387907918701 -154.869982463260044
        0.000000002502242  3.357012222739582  21.905710393289048  11.920240001838385  6.399767568510236  3.107363912247179  0.819510191416232  2.882178222708821  14.674387907918701 -154.869982463260044
        0.000000000361734  3.357012222739582  21.905710393289048  11.920239824212970  6.399767663874204  3.107363912247179  0.819510191416232  2.882178222708821  14.674387907918701 -154.869982463260044
        0.000000000163588  3.357012222739582  21.905710393289048  11.920239824212970  6.399767568510236  3.107363958550510  0.819510191416232  2.882178222708821  14.674387907918701 -154.869982463260044
        0.000000006933586  3.357012222739582  21.905710393289048  11.920239824212970  6.399767568510236  3.107363912247179  0.819510206317393  2.882178222708821  14.674387907918701 -154.869982463260044
        0.000000010176150  3.357012222739582  21.905710393289048  11.920239824212970  6.399767568510236  3.107363912247179  0.819510191416232  2.882178265656623  14.674387907918701 -154.869982463260044
        0.000000007131296  3.357012222739582  21.905710393289048  11.920239824212970  6.399767568510236  3.107363912247179  0.819510191416232  2.882178222708821  14.674388126584121 -154.869982463260044
        0.000037770659563  3.357012222739582  21.905710393289048  11.920239824212970  6.399767568510236  3.107363912247179  0.819510191416232  2.882178222708821  14.674387907918701 -154.869984771002606
        0.000039282384837  3.356646293937402  21.952247290526110  11.951872388287493  6.405654564507609  3.083133701414752  0.819969446074609  2.881762993290319  14.686453957400358 -154.869980935436189
        0.000000016949868  3.356646343955330  21.952247290526110  11.951872388287493  6.405654564507609  3.083133701414752  0.819969446074609  2.881762993290319  14.686453957400358 -154.869980935436189
        0.000000015998925  3.356646293937402  21.952247617640086  11.951872388287493  6.405654564507609  3.083133701414752  0.819969446074609  2.881762993290319  14.686453957400358 -154.869980935436189
        0.000000002504971  3.356646293937402  21.952247290526110  11.951872566384269  6.405654564507609  3.083133701414752  0.819969446074609  2.881762993290319  14.686453957400358 -154.869980935436189
        0.000000000362372  3.356646293937402  21.952247290526110  11.951872388287493  6.405654659959300  3.083133701414752  0.819969446074609  2.881762993290319  14.686453957400358 -154.869980935436189
        0.000000000165560  3.356646293937402  21.952247290526110  11.951872388287493  6.405654564507609  3.083133747357024  0.819969446074609  2.881762993290319  14.686453957400358 -154.869980935436189
        0.000000006948429  3.356646293937402  21.952247290526110  11.951872388287493  6.405654564507609  3.083133701414752  0.819969460975770  2.881762993290319  14.686453957400358 -154.869980935436189
        0.000000010184288  3.356646293937402  21.952247290526110  11.951872388287493  6.405654564507609  3.083133701414752  0.819969446074609  2.881763036231933  14.686453957400358 -154.869980935436189
        0.000000007130908  3.356646293937402  21.952247290526110  11.951872388287493  6.405654564507609  3.083133701414752  0.819969446074609  2.881762993290319  14.686454176245576 -154.869980935436189
        0.000037770658089  3.356646293937402  21.952247290526110  11.951872388287493  6.405654564507609  3.083133701414752  0.819969446074609  2.881762993290319  14.686453957400358 -154.869983243178751
        0.000084255617606  3.356319089509903  22.301278606780794  12.223858982046076  6.446538626881988  2.658690379936688  0.826991055900979  2.879204209756148  14.694265454355794 -154.869981206094110
        0.000000016932913  3.356319139522955  22.301278606780794  12.223858982046076  6.446538626881988  2.658690379936688  0.826991055900979  2.879204209756148  14.694265454355794 -154.869981206094110
        0.000000015981583  3.356319089509903  22.301278939095742  12.223858982046076  6.446538626881988  2.658690379936688  0.826991055900979  2.879204209756148  14.694265454355794 -154.869981206094110
        0.000000002544514  3.356319089509903  22.301278606780794  12.223859164195769  6.446538626881988  2.658690379936688  0.826991055900979  2.879204209756148  14.694265454355794 -154.869981206094110
        0.000000000371507  3.356319089509903  22.301278606780794  12.223858982046076  6.446538722942900  2.658690379936688  0.826991055900979  2.879204209756148  14.694265454355794 -154.869981206094110
        0.000000000245749  3.356319089509903  22.301278606780794  12.223858982046076  6.446538626881988  2.658690419554262  0.826991055900979  2.879204209756148  14.694265454355794 -154.869981206094110
        0.000000007169655  3.356319089509903  22.301278606780794  12.223858982046076  6.446538626881988  2.658690379936688  0.826991070802140  2.879204209756148  14.694265454355794 -154.869981206094110
        0.000000010214069  3.356319089509903  22.301278606780794  12.223858982046076  6.446538626881988  2.658690379936688  0.826991055900979  2.879204252659634  14.694265454355794 -154.869981206094110
        0.000000007194263  3.356319089509903  22.301278606780794  12.223858982046076  6.446538626881988  2.658690379936688  0.826991055900979  2.879204209756148  14.694265673317412 -154.869981206094110
        0.000037770658556  3.356319089509903  22.301278606780794  12.223858982046076  6.446538626881988  2.658690379936688  0.826991055900979  2.879204209756148  14.694265454355794 -154.869983513836672
        0.000028728355205  3.356136724163245  22.337648086232363  12.250706871388974  6.448192093641814  2.630597969476022  0.827501112280067  2.878807163548566  14.701157540088252 -154.869979912201586
        0.000000016928218  3.356136774173579  22.337648086232363  12.250706871388974  6.448192093641814  2.630597969476022  0.827501112280067  2.878807163548566  14.701157540088252 -154.869979912201586
        0.000000015979275  3.356136724163245  22.337648419089259  12.250706871388974  6.448192093641814  2.630597969476022  0.827501112280067  2.878807163548566  14.701157540088252 -154.869979912201586
        0.000000002547398  3.356136724163245  22.337648086232363  12.250707053938733  6.448192093641814  2.630597969476022  0.827501112280067  2.878807163548566  14.701157540088252 -154.869979912201586
        0.000000000372291  3.356136724163245  22.337648086232363  12.250706871388974  6.448192189727364  2.630597969476022  0.827501112280067  2.878807163548566  14.701157540088252 -154.869979912201586
        0.000000000252851  3.356136724163245  22.337648086232363  12.250706871388974  6.448192093641814  2.630598008674986  0.827501112280067  2.878807163548566  14.701157540088252 -154.869979912201586
        0.000000007185028  3.356136724163245  22.337648086232363  12.250706871388974  6.448192093641814  2.630597969476022  0.827501127181228  2.878807163548566  14.701157540088252 -154.869979912201586
        0.000000010218945  3.356136724163245  22.337648086232363  12.250706871388974  6.448192093641814  2.630597969476022  0.827501112280067  2.878807206446136  14.701157540088252 -154.869979912201586
        0.000000007197084  3.356136724163245  22.337648086232363  12.250706871388974  6.448192093641814  2.630597969476022  0.827501112280067  2.878807163548566  14.701157759152570 -154.869979912201586
        0.000037770656861  3.356136724163245  22.337648086232363  12.250706871388974  6.448192093641814  2.630597969476022  0.827501112280067  2.878807163548566  14.701157540088252 -154.869982219944120
        0.000207138949177  3.355141182668654  23.014805832476220  12.775002769430269  6.518560445655084  1.839947820879650  0.840523405459229  2.873994554344089  14.726390271425016 -154.869980120973139
        0.000165635870401  3.356309690321685  22.481292517515573  12.368196988117846  6.456887529851611  2.428382352879088  0.830813195404548  2.877551858680927  14.696881637072389 -154.869979599082939
        0.000000016921515  3.356309740334597  22.481292517515573  12.368196988117846  6.456887529851611  2.428382352879088  0.830813195404548  2.877551858680927  14.696881637072389 -154.869979599082939
        0.000000015972213  3.356309690321685  22.481292852512937  12.368196988117846  6.456887529851611  2.428382352879088  0.830813195404548  2.877551858680927  14.696881637072389 -154.869979599082939
        0.000000002566128  3.356309690321685  22.481292517515573  12.368197172418343  6.456887529851611  2.428382352879088  0.830813195404548  2.877551858680927  14.696881637072389 -154.869979599082939
        0.000000000376969  3.356309690321685  22.481292517515573  12.368196988117846  6.456887626066733  2.428382352879088  0.830813195404548  2.877551858680927  14.696881637072389 -154.869979599082939
        0.000000000307758  3.356309690321685  22.481292517515573  12.368196988117846  6.456887529851611  2.428382389064805  0.830813195404548  2.877551858680927  14.696881637072389 -154.869979599082939
        0.000000007287785  3.356309690321685  22.481292517515573  12.368196988117846  6.456887529851611  2.428382352879088  0.830813210305710  2.877551858680927  14.696881637072389 -154.869979599082939
        0.000000010226586  3.356309690321685  22.481292517515573  12.368196988117846  6.456887529851611  2.428382352879088  0.830813195404548  2.877551901559791  14.696881637072389 -154.869979599082939
        0.000000007232748  3.356309690321685  22.481292517515573  12.368196988117846  6.456887529851611  2.428382352879088  0.830813195404548  2.877551858680927  14.696881856072991 -154.869979599082939
        0.000037770656731  3.356309690321685  22.481292517515573  12.368196988117846  6.456887529851611  2.428382352879088  0.830813195404548  2.877551858680927  14.696881637072389 -154.869981906825473
        0.000037557485398  3.355766621812144  22.637141790973075  12.482935331793987  6.482099791924464  2.275605049232420  0.833241292983714  2.876570315814081  14.711265951468411 -154.869979468042430
        0.000000016912228  3.355766671816963  22.637141790973075  12.482935331793987  6.482099791924464  2.275605049232420  0.833241292983714  2.876570315814081  14.711265951468411 -154.869979468042430
        0.000000015965253  3.355766621812144  22.637142128292773  12.482935331793987  6.482099791924464  2.275605049232420  0.833241292983714  2.876570315814081  14.711265951468411 -154.869979468042430
        0.000000002580714  3.355766621812144  22.637141790973075  12.482935517804219  6.482099791924464  2.275605049232420  0.833241292983714  2.876570315814081  14.711265951468411 -154.869979468042430
        0.000000000380616  3.355766621812144  22.637141790973075  12.482935331793987  6.482099888515277  2.275605049232420  0.833241292983714  2.876570315814081  14.711265951468411 -154.869979468042430
        0.000000000354074  3.355766621812144  22.637141790973075  12.482935331793987  6.482099791924464  2.275605083141578  0.833241292983714  2.876570315814081  14.711265951468411 -154.869979468042430
        0.000000007369230  3.355766621812144  22.637141790973075  12.482935331793987  6.482099791924464  2.275605049232420  0.833241307884875  2.876570315814081  14.711265951468411 -154.869979468042430
        0.000000010244520  3.355766621812144  22.637141790973075  12.482935331793987  6.482099791924464  2.275605049232420  0.833241292983714  2.876570358678319  14.711265951468411 -154.869979468042430
        0.000000007248998  3.355766621812144  22.637141790973075  12.482935331793987  6.482099791924464  2.275605049232420  0.833241292983714  2.876570315814081  14.711266170683356 -154.869979468042430
        0.000037770656623  3.355766621812144  22.637141790973075  12.482935331793987  6.482099791924464  2.275605049232420  0.833241292983714  2.876570315814081  14.711265951468411 -154.869981775784964
        0.000039044636324  3.354572100267942  22.822825829299539  12.612960779678419  6.506781975944365  2.143667557375427  0.835607773572617  2.875648797424280  14.743363922724171 -154.869978978073561
        0.000000016900000  3.354572150254961  22.822825829299539  12.612960779678419  6.506781975944365  2.143667557375427  0.835607773572617  2.875648797424280  14.743363922724171 -154.869978978073561
        0.000000015957636  3.354572100267942  22.822826169386147  12.612960779678419  6.506781975944365  2.143667557375427  0.835607773572617  2.875648797424280  14.743363922724171 -154.869978978073561
        0.000000002593819  3.354572100267942  22.822825829299539  12.612960967626181  6.506781975944365  2.143667557375427  0.835607773572617  2.875648797424280  14.743363922724171 -154.869978978073561
        0.000000000384191  3.354572100267942  22.822825829299539  12.612960779678419  6.506782072902973  2.143667557375427  0.835607773572617  2.875648797424280  14.743363922724171 -154.869978978073561
        0.000000000395256  3.354572100267942  22.822825829299539  12.612960779678419  6.506781975944365  2.143667589318563  0.835607773572617  2.875648797424280  14.743363922724171 -154.869978978073561
        0.000000007438731  3.354572100267942  22.822825829299539  12.612960779678419  6.506781975944365  2.143667557375427  0.835607788473778  2.875648797424280  14.743363922724171 -154.869978978073561
        0.000000010269317  3.354572100267942  22.822825829299539  12.612960779678419  6.506781975944365  2.143667557375427  0.835607773572617  2.875648840274787  14.743363922724171 -154.869978978073561
        0.000000007251247  3.354572100267942  22.822825829299539  12.612960779678419  6.506781975944365  2.143667557375427  0.835607773572617  2.875648797424280  14.743364142417414 -154.869978978073561
        0.000037770656250  3.354572100267942  22.822825829299539  12.612960779678419  6.506781975944365  2.143667557375427  0.835607773572617  2.875648797424280  14.743363922724171 -154.869981285816095
        0.000033706089698  3.354440621241216  22.928169819596224  12.693993333806571  6.521000207560567  2.019404777494227  0.837516515847292  2.874853049194228  14.747177013558129 -154.869978746091164
        0.000000016894268  3.354440671226277  22.928169819596224  12.693993333806571  6.521000207560567  2.019404777494227  0.837516515847292  2.874853049194228  14.747177013558129 -154.869978746091164
        0.000000015953122  3.354440621241216  22.928170161252577  12.693993333806571  6.521000207560567  2.019404777494227  0.837516515847292  2.874853049194228  14.747177013558129 -154.869978746091164
        0.000000002605490  3.354440621241216  22.928169819596224  12.693993522961811  6.521000207560567  2.019404777494227  0.837516515847292  2.874853049194228  14.747177013558129 -154.869978746091164
        0.000000000387223  3.354440621241216  22.928169819596224  12.693993333806571  6.521000304731042  2.019404777494227  0.837516515847292  2.874853049194228  14.747177013558129 -154.869978746091164
        0.000000000434107  3.354440621241216  22.928169819596224  12.693993333806571  6.521000207560567  2.019404807585703  0.837516515847292  2.874853049194228  14.747177013558129 -154.869978746091164
        0.000000007503450  3.354440621241216  22.928169819596224  12.693993333806571  6.521000207560567  2.019404777494227  0.837516530748453  2.874853049194228  14.747177013558129 -154.869978746091164
        0.000000010278711  3.354440621241216  22.928169819596224  12.693993333806571  6.521000207560567  2.019404777494227  0.837516515847292  2.874853092032877  14.747177013558129 -154.869978746091164
        0.000000007269416  3.354440621241216  22.928169819596224  12.693993333806571  6.521000207560567  2.019404777494227  0.837516515847292  2.874853049194228  14.747177233308191 -154.869978746091164
        0.000037770655597  3.354440621241216  22.928169819596224  12.693993333806571  6.521000207560567  2.019404777494227  0.837516515847292  2.874853049194228  14.747177013558129 -154.869981053833669
        0.000052505478140  3.353133115130770  23.198256737057381  12.886050072356122  6.574590948151146  1.788768974227392  0.841013584519478  2.873363772761867  14.781980063196327 -154.869978404137186
        0.000000016878394  3.353133165096347  23.198256737057381  12.886050072356122  6.574590948151146  1.788768974227392  0.841013584519478  2.873363772761867  14.781980063196327 -154.869978404137186
        0.000000015942758  3.353133115130770  23.198257082738344  12.886050072356122  6.574590948151146  1.788768974227392  0.841013584519478  2.873363772761867  14.781980063196327 -154.869978404137186
        0.000000002627596  3.353133115130770  23.198256737057381  12.886050264373232  6.574590948151146  1.788768974227392  0.841013584519478  2.873363772761867  14.781980063196327 -154.869978404137186
        0.000000000392961  3.353133115130770  23.198256737057381  12.886050072356122  6.574591046120185  1.788768974227392  0.841013584519478  2.873363772761867  14.781980063196327 -154.869978404137186
        0.000000000510041  3.353133115130770  23.198256737057381  12.886050072356122  6.574590948151146  1.788769000882127  0.841013584519478  2.873363772761867  14.781980063196327 -154.869978404137186
        0.000000007627500  3.353133115130770  23.198256737057381  12.886050072356122  6.574590948151146  1.788768974227392  0.841013599420639  2.873363772761867  14.781980063196327 -154.869978404137186
        0.000000010314611  3.353133115130770  23.198256737057381  12.886050072356122  6.574590948151146  1.788768974227392  0.841013584519478  2.873363815578323  14.781980063196327 -154.869978404137186
        0.000000007285480  3.353133115130770  23.198256737057381  12.886050072356122  6.574590948151146  1.788768974227392  0.841013584519478  2.873363772761867  14.781980283464994 -154.869978404137186
        0.000037770655410  3.353133115130770  23.198256737057381  12.886050072356122  6.574590948151146  1.788768974227392  0.841013584519478  2.873363772761867  14.781980063196327 -154.869980711879691
        0.000023997717988  3.352559687429606  23.274015060484487  12.936761862703333  6.591916463253263  1.744208214243566  0.841671543797720  2.872995602596188  14.798042408415373 -154.869977844987602
        0.000000016872757  3.352559737386638  23.274015060484487  12.936761862703333  6.591916463253263  1.744208214243566  0.841671543797720  2.872995602596188  14.798042408415373 -154.869977844987602
        0.000000015940103  3.352559687429606  23.274015407294335  12.936761862703333  6.591916463253263  1.744208214243566  0.841671543797720  2.872995602596188  14.798042408415373 -154.869977844987602
        0.000000002632073  3.352559687429606  23.274015060484487  12.936762055476107  6.591916463253263  1.744208214243566  0.841671543797720  2.872995602596188  14.798042408415373 -154.869977844987602
        0.000000000394148  3.352559687429606  23.274015060484487  12.936761862703333  6.591916561480472  1.744208214243566  0.841671543797720  2.872995602596188  14.798042408415373 -154.869977844987602
        0.000000000525392  3.352559687429606  23.274015060484487  12.936761862703333  6.591916463253263  1.744208240234294  0.841671543797720  2.872995602596188  14.798042408415373 -154.869977844987602
        0.000000007652871  3.352559687429606  23.274015060484487  12.936761862703333  6.591916463253263  1.744208214243566  0.841671558698882  2.872995602596188  14.798042408415373 -154.869977844987602
        0.000000010327394  3.352559687429606  23.274015060484487  12.936761862703333  6.591916463253263  1.744208214243566  0.841671543797720  2.872995645407159  14.798042408415373 -154.869977844987602
        0.000000007283826  3.352559687429606  23.274015060484487  12.936761862703333  6.591916463253263  1.744208214243566  0.841671543797720  2.872995602596188  14.798042628923389 -154.869977844987602
        0.000037770654870  3.352559687429606  23.274015060484487  12.936761862703333  6.591916463253263  1.744208214243566  0.841671543797720  2.872995602596188  14.798042408415373 -154.869980152730108
        0.000062136647985  3.352190816791094  23.555104963418270  13.152181128657036  6.638004941107823  1.412357391531092  0.846483603093893  2.871018293140887  14.807315982498388 -154.869977942581585
        0.000000016859218  3.352190866742630  23.555104963418270  13.152181128657036  6.638004941107823  1.412357391531092  0.846483603093893  2.871018293140887  14.807315982498388 -154.869977942581585
        0.000000015929622  3.352190816791094  23.555105314416686  13.152181128657036  6.638004941107823  1.412357391531092  0.846483603093893  2.871018293140887  14.807315982498388 -154.869977942581585
        0.000000002662993  3.352190816791094  23.555104963418270  13.152181324639807  6.638004941107823  1.412357391531092  0.846483603093893  2.871018293140887  14.807315982498388 -154.869977942581585
        0.000000000402477  3.352190816791094  23.555104963418270  13.152181128657036  6.638005040021805  1.412357391531092  0.846483603093893  2.871018293140887  14.807315982498388 -154.869977942581585
        0.000000000633548  3.352190816791094  23.555104963418270  13.152181128657036  6.638004941107823  1.412357412576857  0.846483603093893  2.871018293140887  14.807315982498388 -154.869977942581585
        0.000000007824985  3.352190816791094  23.555104963418270  13.152181128657036  6.638004941107823  1.412357391531092  0.846483617995054  2.871018293140887  14.807315982498388 -154.869977942581585
        0.000000010352854  3.352190816791094  23.555104963418270  13.152181128657036  6.638004941107823  1.412357391531092  0.846483603093893  2.871018335922394  14.807315982498388 -154.869977942581585
        0.000000007330847  3.352190816791094  23.555104963418270  13.152181128657036  6.638004941107823  1.412357391531092  0.846483603093893  2.871018293140887  14.807316203144589 -154.869977942581585
        0.000037770655186  3.352190816791094  23.555104963418270  13.152181128657036  6.638004941107823  1.412357391531092  0.846483603093893  2.871018293140887  14.807315982498388 -154.869980250324090
        0.000021817026776  3.352156491857766  23.581257598994945  13.172806346926473  6.638923248652111  1.383580170398742  0.846939794090654  2.870679716580926  14.809856948855277 -154.869976956908545
        0.000000016856491  3.352156541808791  23.581257598994945  13.172806346926473  6.638923248652111  1.383580170398742  0.846939794090654  2.870679716580926  14.809856948855277 -154.869976956908545
        0.000000015928480  3.352156491857766  23.581257950383065  13.172806346926473  6.638923248652111  1.383580170398742  0.846939794090654  2.870679716580926  14.809856948855277 -154.869976956908545
        0.000000002665828  3.352156491857766  23.581257598994945  13.172806543216584  6.638923248652111  1.383580170398742  0.846939794090654  2.870679716580926  14.809856948855277 -154.869976956908545
        0.000000000403383  3.352156491857766  23.581257598994945  13.172806346926473  6.638923347579776  1.383580170398742  0.846939794090654  2.870679716580926  14.809856948855277 -154.869976956908545
        0.000000000642555  3.352156491857766  23.581257598994945  13.172806346926473  6.638923248652111  1.383580191015693  0.846939794090654  2.870679716580926  14.809856948855277 -154.869976956908545
        0.000000007840016  3.352156491857766  23.581257598994945  13.172806346926473  6.638923248652111  1.383580170398742  0.846939808991815  2.870679716580926  14.809856948855277 -154.869976956908545
        0.000000010355432  3.352156491857766  23.581257598994945  13.172806346926473  6.638923248652111  1.383580170398742  0.846939794090654  2.870679759357387  14.809856948855277 -154.869976956908545
        0.000000007335719  3.352156491857766  23.581257598994945  13.172806346926473  6.638923248652111  1.383580170398742  0.846939794090654  2.870679716580926  14.809857169539342 -154.869976956908545
        0.000037770653771  3.352156491857766  23.581257598994945  13.172806346926473  6.638923248652111  1.383580170398742  0.846939794090654  2.870679716580926  14.809856948855277 -154.869979264651022
        0.000052524869656  3.352537236270794  23.787211190788881  13.342530537088152  6.651586600499886  1.080431311409022  0.851504269535853  2.868846506268041  14.799851816890030 -154.869976718247386
        0.000000016847674  3.352537286227492  23.787211190788881  13.342530537088152  6.651586600499886  1.080431311409022  0.851504269535853  2.868846506268041  14.799851816890030 -154.869976718247386
        0.000000015920820  3.352537236270794  23.787211545245949  13.342530537088152  6.651586600499886  1.080431311409022  0.851504269535853  2.868846506268041  14.799851816890030 -154.869976718247386
        0.000000002694196  3.352537236270794  23.787211190788881  13.342530735907349  6.651586600499886  1.080431311409022  0.851504269535853  2.868846506268041  14.799851816890030 -154.869976718247386
        0.000000000411898  3.352537236270794  23.787211190788881  13.342530537088152  6.651586699616250  1.080431311409022  0.851504269535853  2.868846506268041  14.799851816890030 -154.869976718247386
        0.000000000739480  3.352537236270794  23.787211190788881  13.342530537088152  6.651586600499886  1.080431327508703  0.851504269535853  2.868846506268041  14.799851816890030 -154.869976718247386
        0.000000007991388  3.352537236270794  23.787211190788881  13.342530537088152  6.651586600499886  1.080431311409022  0.851504284437014  2.868846506268041  14.799851816890030 -154.869976718247386
        0.000000010363122  3.352537236270794  23.787211190788881  13.342530537088152  6.651586600499886  1.080431311409022  0.851504269535853  2.868846549017185  14.799851816890030 -154.869976718247386
        0.000000007390527  3.352537236270794  23.787211190788881  13.342530537088152  6.651586600499886  1.080431311409022  0.851504269535853  2.868846506268041  14.799852037425007 -154.869976718247386
        0.000037770653735  3.352537236270794  23.787211190788881  13.342530537088152  6.651586600499886  1.080431311409022  0.851504269535853  2.868846506268041  14.799851816890030 -154.869979025989863
        0.000026325661316  3.352124941522776  23.844450565939944  13.380083408366918  6.674367579764270  1.045363028926577  0.851798245809521  2.868554051409028  14.811529547799140 -154.869976179302938
        0.000000016843482  3.352124991473330  23.844450565939944  13.380083408366918  6.674367579764270  1.045363028926577  0.851798245809521  2.868554051409028  14.811529547799140 -154.869976179302938
        0.000000015919117  3.352124941522776  23.844450921249944  13.380083408366918  6.674367579764270  1.045363028926577  0.851798245809521  2.868554051409028  14.811529547799140 -154.869976179302938
        0.000000002697490  3.352124941522776  23.844450565939944  13.380083607745698  6.674367579764270  1.045363028926577  0.851798245809521  2.868554051409028  14.811529547799140 -154.869976179302938
        0.000000000412475  3.352124941522776  23.844450565939944  13.380083408366918  6.674367679220097  1.045363028926577  0.851798245809521  2.868554051409028  14.811529547799140 -154.869976179302938
        0.000000000752870  3.352124941522776  23.844450565939944  13.380083408366918  6.674367579764270  1.045363044503700  0.851798245809521  2.868554051409028  14.811529547799140 -154.869976179302938
        0.000000008013534  3.352124941522776  23.844450565939944  13.380083408366918  6.674367579764270  1.045363028926577  0.851798260710682  2.868554051409028  14.811529547799140 -154.869976179302938
        0.000000010374917  3.352124941522776  23.844450565939944  13.380083408366918  6.674367579764270  1.045363028926577  0.851798245809521  2.868554094153815  14.811529547799140 -154.869976179302938
        0.000000007389894  3.352124941522776  23.844450565939944  13.380083408366918  6.674367579764270  1.045363028926577  0.851798245809521  2.868554051409028  14.811529768508128 -154.869976179302938
        0.000037770653275  3.352124941522776  23.844450565939944  13.380083408366918  6.674367579764270  1.045363028926577  0.851798245809521  2.868554051409028  14.811529547799140 -154.869978487045415
        0.000135543703656  3.346279023355344  24.616758968278582  13.897983029480168  6.845888174916280  0.578061384261241  0.858466308242227  2.865684459668149  14.965733898520147 -154.869976503548685
        0.000097487283915  3.352060617516311  23.950509765280763  13.462371303850553  6.694977603712174  0.913667139243308  0.853555997869673  2.867749333561224  14.813229050036364 -154.869976159184802
        0.000000016838306  3.352060667465906  23.950509765280763  13.462371303850553  6.694977603712174  0.913667139243308  0.853555997869673  2.867749333561224  14.813229050036364 -154.869976159184802
        0.000000015915567  3.352060617516311  23.950510122171170  13.462371303850553  6.694977603712174  0.913667139243308  0.853555997869673  2.867749333561224  14.813229050036364 -154.869976159184802
        0.000000002709714  3.352060617516311  23.950509765280763  13.462371504455518  6.694977603712174  0.913667139243308  0.853555997869673  2.867749333561224  14.813229050036364 -154.869976159184802
        0.000000000415857  3.352060617516311  23.950509765280763  13.462371303850553  6.694977703475114  0.913667139243308  0.853555997869673  2.867749333561224  14.813229050036364 -154.869976159184802
        0.000000000771484  3.352060617516311  23.950509765280763  13.462371303850553  6.694977603712174  0.913667154144469  0.853555997869673  2.867749333561224  14.813229050036364 -154.869976159184802
        0.000000008056932  3.352060617516311  23.950509765280763  13.462371303850553  6.694977603712174  0.913667139243308  0.853556012770834  2.867749333561224  14.813229050036364 -154.869976159184802
        0.000000010384560  3.352060617516311  23.950509765280763  13.462371303850553  6.694977603712174  0.913667139243308  0.853555997869673  2.867749376294019  14.813229050036364 -154.869976159184802
        0.000000007410000  3.352060617516311  23.950509765280763  13.462371303850553  6.694977603712174  0.913667139243308  0.853555997869673  2.867749333561224  14.813229270770679 -154.869976159184802
        0.000037770653304  3.352060617516311  23.950509765280763  13.462371303850553  6.694977603712174  0.913667139243308  0.853555997869673  2.867749333561224  14.813229050036364 -154.869978466927279
        0.000035672207313  3.352551894874166  23.995337637785774  13.506000703208642  6.689336631394166  0.810449743366494  0.855120951017345  2.867097834909134  14.800604120167060 -154.869975810924842
        0.000000016836885  3.352551944831082  23.995337637785774  13.506000703208642  6.689336631394166  0.810449743366494  0.855120951017345  2.867097834909134  14.800604120167060 -154.869975810924842
        0.000000015913766  3.352551894874166  23.995337995344169  13.506000703208642  6.689336631394166  0.810449743366494  0.855120951017345  2.867097834909134  14.800604120167060 -154.869975810924842
        0.000000002719415  3.352551894874166  23.995337637785774  13.506000904463736  6.689336631394166  0.810449743366494  0.855120951017345  2.867097834909134  14.800604120167060 -154.869975810924842
        0.000000000419015  3.352551894874166  23.995337637785774  13.506000703208642  6.689336731073050  0.810449743366494  0.855120951017345  2.867097834909134  14.800604120167060 -154.869975810924842
        0.000000000773650  3.352551894874166  23.995337637785774  13.506000703208642  6.689336631394166  0.810449758267655  0.855120951017345  2.867097834909134  14.800604120167060 -154.869975810924842
        0.000000008076593  3.352551894874166  23.995337637785774  13.506000703208642  6.689336631394166  0.810449743366494  0.855120965918506  2.867097834909134  14.800604120167060 -154.869975810924842
        0.000000010380686  3.352551894874166  23.995337637785774  13.506000703208642  6.689336631394166  0.810449743366494  0.855120951017345  2.867097877632220  14.800604120167060 -154.869975810924842
        0.000000007434931  3.352551894874166  23.995337637785774  13.506000703208642  6.689336631394166  0.810449743366494  0.855120951017345  2.867097834909134  14.800604340713248 -154.869975810924842
        0.000037770653061  3.352551894874166  23.995337637785774  13.506000703208642  6.689336631394166  0.810449743366494  0.855120951017345  2.867097834909134  14.800604120167060 -154.869978118667319
        0.000043700793201  3.353173029884360  24.133405272297981  13.623263469245449  6.719288358760345  0.575118749022171  0.858059563869161  2.865661436124344  14.784270647726281 -154.869975658513994
        0.000000016831630  3.353173079850531  24.133405272297981  13.623263469245449  6.719288358760345  0.575118749022171  0.858059563869161  2.865661436124344  14.784270647726281 -154.869975658513994
        0.000000015909061  3.353173029884360  24.133405631913742  13.623263469245449  6.719288358760345  0.575118749022171  0.858059563869161  2.865661436124344  14.784270647726281 -154.869975658513994
        0.000000002741148  3.353173029884360  24.133405272297981  13.623263672247894  6.719288358760345  0.575118749022171  0.858059563869161  2.865661436124344  14.784270647726281 -154.869975658513994
        0.000000000424913  3.353173029884360  24.133405272297981  13.623263469245449  6.719288458885543  0.575118749022171  0.858059563869161  2.865661436124344  14.784270647726281 -154.869975658513994
        0.000000000783501  3.353173029884360  24.133405272297981  13.623263469245449  6.719288358760345  0.575118763923332  0.858059563869161  2.865661436124344  14.784270647726281 -154.869975658513994
        0.000000008131100  3.353173029884360  24.133405272297981  13.623263469245449  6.719288358760345  0.575118749022171  0.858059578770322  2.865661436124344  14.784270647726281 -154.869975658513994
        0.000000010387916  3.353173029884360  24.133405272297981  13.623263469245449  6.719288358760345  0.575118749022171  0.858059563869161  2.865661478826027  14.784270647726281 -154.869975658513994
        0.000000007483418  3.353173029884360  24.133405272297981  13.623263469245449  6.719288358760345  0.575118749022171  0.858059563869161  2.865661436124344  14.784270868029081 -154.869975658513994
        0.000037770652978  3.353173029884360  24.133405272297981  13.623263469245449  6.719288358760345  0.575118749022171  0.858059563869161  2.865661436124344  14.784270647726281 -154.869977966256471
        0.000033043445052  3.352199725091940  24.227286568069808  13.682692684255899  6.737153124335164  0.542640490173642  0.858617628648005  2.865401031505777  14.810628561911010 -154.869975168873367
        0.000000016824904  3.352199775043609  24.227286568069808  13.682692684255899  6.737153124335164  0.542640490173642  0.858617628648005  2.865401031505777  14.810628561911010 -154.869975168873367
        0.000000015906727  3.352199725091940  24.227286929084510  13.682692684255899  6.737153124335164  0.542640490173642  0.858617628648005  2.865401031505777  14.810628561911010 -154.869975168873367
        0.000000002744459  3.352199725091940  24.227286568069808  13.682692888143908  6.737153124335164  0.542640490173642  0.858617628648005  2.865401031505777  14.810628561911010 -154.869975168873367
        0.000000000426126  3.352199725091940  24.227286568069808  13.682692684255899  6.737153224726568  0.542640490173642  0.858617628648005  2.865401031505777  14.810628561911010 -154.869975168873367
        0.000000000784888  3.352199725091940  24.227286568069808  13.682692684255899  6.737153124335164  0.542640505074804  0.858617628648005  2.865401031505777  14.810628561911010 -154.869975168873367
        0.000000008138181  3.352199725091940  24.227286568069808  13.682692684255899  6.737153124335164  0.542640490173642  0.858617643549166  2.865401031505777  14.810628561911010 -154.869975168873367
        0.000000010404353  3.352199725091940  24.227286568069808  13.682692684255899  6.737153124335164  0.542640490173642  0.858617628648005  2.865401074203579  14.810628561911010 -154.869975168873367
        0.000000007472477  3.352199725091940  24.227286568069808  13.682692684255899  6.737153124335164  0.542640490173642  0.858617628648005  2.865401031505777  14.810628782606573 -154.869975168873367
        0.000037770652627  3.352199725091940  24.227286568069808  13.682692684255899  6.737153124335164  0.542640490173642  0.858617628648005  2.865401031505777  14.810628561911010 -154.869977476615844
        0.000041684338199  3.352915998636857  24.345432969690609  13.786977703854241  6.747396366328517  0.323278374449757  0.861595948800493  2.864099375808494  14.791491160851193 -154.869975138427321
        0.000000016820851  3.352916048599198  24.345432969690609  13.786977703854241  6.747396366328517  0.323278374449757  0.861595948800493  2.864099375808494  14.791491160851193 -154.869975138427321
        0.000000015902866  3.352915998636857  24.345433332465831  13.786977703854241  6.747396366328517  0.323278374449757  0.861595948800493  2.864099375808494  14.791491160851193 -154.869975138427321
        0.000000002765019  3.352915998636857  24.345432969690609  13.786977909296217  6.747396366328517  0.323278374449757  0.861595948800493  2.864099375808494  14.791491160851193 -154.869975138427321
        0.000000000432454  3.352915998636857  24.345432969690609  13.786977703854241  6.747396466872558  0.323278374449757  0.861595948800493  2.864099375808494  14.791491160851193 -154.869975138427321
        0.000000000791817  3.352915998636857  24.345432969690609  13.786977703854241  6.747396366328517  0.323278389350918  0.861595948800493  2.864099375808494  14.791491160851193 -154.869975138427321
        0.000000008184284  3.352915998636857  24.345432969690609  13.786977703854241  6.747396366328517  0.323278374449757  0.861595963701654  2.864099375808494  14.791491160851193 -154.869975138427321
        0.000000010404610  3.352915998636857  24.345432969690609  13.786977703854241  6.747396366328517  0.323278374449757  0.861595948800493  2.864099418486901  14.791491160851193 -154.869975138427321
        0.000000007519767  3.352915998636857  24.345432969690609  13.786977703854241  6.747396366328517  0.323278374449757  0.861595948800493  2.864099375808494  14.791491381261586 -154.869975138427321
        0.000037770652757  3.352915998636857  24.345432969690609  13.786977703854241  6.747396366328517  0.323278374449757  0.861595948800493  2.864099375808494  14.791491160851193 -154.869977446169798
        0.000033619822029  3.353416303339032  24.329774432685095  13.781785712530112  6.752077636298550  0.299565928090777  0.861692136420514  2.863867145458435  14.779105241924496 -154.869974595588644
        0.000000016822048  3.353416353308829  24.329774432685095  13.781785712530112  6.752077636298550  0.299565928090777  0.861692136420514  2.863867145458435  14.779105241924496 -154.869974595588644
        0.000000015902971  3.353416303339032  24.329774795226985  13.781785712530112  6.752077636298550  0.299565928090777  0.861692136420514  2.863867145458435  14.779105241924496 -154.869974595588644
        0.000000002767060  3.353416303339032  24.329774432685095  13.781785917894723  6.752077636298550  0.299565928090777  0.861692136420514  2.863867145458435  14.779105241924496 -154.869974595588644
        0.000000000432568  3.353416303339032  24.329774432685095  13.781785712530112  6.752077736912347  0.299565928090777  0.861692136420514  2.863867145458435  14.779105241924496 -154.869974595588644
        0.000000000793865  3.353416303339032  24.329774432685095  13.781785712530112  6.752077636298550  0.299565942991938  0.861692136420514  2.863867145458435  14.779105241924496 -154.869974595588644
        0.000000008192667  3.353416303339032  24.329774432685095  13.781785712530112  6.752077636298550  0.299565928090777  0.861692151321675  2.863867145458435  14.779105241924496 -154.869974595588644
        0.000000010401612  3.353416303339032  24.329774432685095  13.781785712530112  6.752077636298550  0.299565928090777  0.861692136420514  2.863867188133381  14.779105241924496 -154.869974595588644
        0.000000007532588  3.353416303339032  24.329774432685095  13.781785712530112  6.752077636298550  0.299565928090777  0.861692136420514  2.863867145458435  14.779105462150325 -154.869974595588644
        0.000037770651787  3.353416303339032  24.329774432685095  13.781785712530112  6.752077636298550  0.299565928090777  0.861692136420514  2.863867145458435  14.779105241924496 -154.869976903331093
        0.000032376722422  3.356383556532871  24.342790214325067  13.838156052208873  6.728654799277611  0.011037917651701  0.865515791755201  2.862175389013755  14.700310235686032 -154.869974602179781
        0.000000016826397  3.356383606546883  24.342790214325067  13.838156052208873  6.728654799277611  0.011037917651701  0.865515791755201  2.862175389013755  14.700310235686032 -154.869974602179781
        0.000000015900810  3.356383556532871  24.342790577060907  13.838156052208873  6.728654799277611  0.011037917651701  0.865515791755201  2.862175389013755  14.700310235686032 -154.869974602179781
        0.000000002794123  3.356383556532871  24.342790214325067  13.838156258413468  6.728654799277611  0.011037917651701  0.865515791755201  2.862175389013755  14.700310235686032 -154.869974602179781
        0.000000000441051  3.356383556532871  24.342790214325067  13.838156052208873  6.728654899542381  0.011037917651701  0.865515791755201  2.862175389013755  14.700310235686032 -154.869974602179781
        0.000000000801543  3.356383556532871  24.342790214325067  13.838156052208873  6.728654799277611  0.011037932552862  0.865515791755201  2.862175389013755  14.700310235686032 -154.869974602179781
        0.000000008252044  3.356383556532871  24.342790214325067  13.838156052208873  6.728654799277611  0.011037917651701  0.865515806656363  2.862175389013755  14.700310235686032 -154.869974602179781
        0.000000010369842  3.356383556532871  24.342790214325067  13.838156052208873  6.728654799277611  0.011037917651701  0.865515791755201  2.862175431663492  14.700310235686032 -154.869974602179781
        0.000000007629650  3.356383556532871  24.342790214325067  13.838156052208873  6.728654799277611  0.011037917651701  0.865515791755201  2.862175389013755  14.700310454737725 -154.869974602179781
        0.000037770652111  3.356383556532871  24.342790214325067  13.838156052208873  6.728654799277611  0.011037917651701  0.865515791755201  2.862175389013755  14.700310235686032 -154.869976909922229
        0.000044909238067  3.356488204905026  24.344193464581561  13.840859056729659  6.728142237766545  0.000195930298438  0.865662448781400  2.862104926974997  14.697587054607050 -154.869974573144333
        0.000000016826785  3.356488254920597  24.344193464581561  13.840859056729659  6.728142237766545  0.000195930298438  0.865662448781400  2.862104926974997  14.697587054607050 -154.869974573144333
        0.000000015900749  3.356488204905026  24.344193827338312  13.840859056729659  6.728142237766545  0.000195930298438  0.865662448781400  2.862104926974997  14.697587054607050 -154.869974573144333
        0.000000002795191  3.356488204905026  24.344193464581561  13.840859262974531  6.728142237766545  0.000195930298438  0.865662448781400  2.862104926974997  14.697587054607050 -154.869974573144333
        0.000000000441376  3.356488204905026  24.344193464581561  13.840859056729659  6.728142338023678  0.000195930298438  0.865662448781400  2.862104926974997  14.697587054607050 -154.869974573144333
        0.000000000801844  3.356488204905026  24.344193464581561  13.840859056729659  6.728142237766545  0.000195945199600  0.865662448781400  2.862104926974997  14.697587054607050 -154.869974573144333
        0.000000008254437  3.356488204905026  24.344193464581561  13.840859056729659  6.728142237766545  0.000195930298438  0.865662463682562  2.862104926974997  14.697587054607050 -154.869974573144333
        0.000000010368990  3.356488204905026  24.344193464581561  13.840859056729659  6.728142237766545  0.000195930298438  0.865662448781400  2.862104969623684  14.697587054607050 -154.869974573144333
        0.000000007633179  3.356488204905026  24.344193464581561  13.840859056729659  6.728142237766545  0.000195930298438  0.865662448781400  2.862104926974997  14.697587273618163 -154.869974573144333
        0.000037770652084  3.356488204905026  24.344193464581561  13.840859056729659  6.728142237766545  0.000195930298438  0.865662448781400  2.862104926974997  14.697587054607050 -154.869976880886782
        0.000086350491630  3.368789900082954  23.489044707049885  13.355081516601860  6.487365877616937  0.000168567063140  0.865773111261435  2.861974354838948  14.375779270350296 -154.869973825367254
        0.000095696697431  3.359219621938092  24.155683705929778  13.734077142689637  6.672264745753059  0.000100747757569  0.865756680616213  2.861983154312380  14.627085765730232 -154.869973917021554
        0.000002852040163  3.357120912271338  24.301980198563299  13.817262711279385  6.712748167315715  0.000028085050875  0.865755611696898  2.861974658411661  14.682307394515339 -154.869973880135746
        0.000000016829780  3.357120962296338  24.301980198563299  13.817262711279385  6.712748167315715  0.000028085050875  0.865755611696898  2.861974658411661  14.682307394515339 -154.869973880135746
        0.000000015901629  3.357120912271338  24.301980560691025  13.817262711279385  6.712748167315715  0.000028085050875  0.865755611696898  2.861974658411661  14.682307394515339 -154.869973880135746
        0.000000002795481  3.357120912271338  24.301980198563299  13.817262917172645  6.712748167315715  0.000028085050875  0.865755611696898  2.861974658411661  14.682307394515339 -154.869973880135746
        0.000000000441630  3.357120912271338  24.301980198563299  13.817262711279385  6.712748267343457  0.000028085050875  0.865755611696898  2.861974658411661  14.682307394515339 -154.869973880135746
        0.000000000800920  3.357120912271338  24.301980198563299  13.817262711279385  6.712748167315715  0.000028099952036  0.865755611696898  2.861974658411661  14.682307394515339 -154.869973880135746
        0.000000008253667  3.357120912271338  24.301980198563299  13.817262711279385  6.712748167315715  0.000028085050875  0.865755626598060  2.861974658411661  14.682307394515339 -154.869973880135746
        0.000000010359184  3.357120912271338  24.301980198563299  13.817262711279385  6.712748167315715  0.000028085050875  0.865755611696898  2.861974701058406  14.682307394515339 -154.869973880135746
        0.000000007644487  3.357120912271338  24.301980198563299  13.817262711279385  6.712748167315715  0.000028085050875  0.865755611696898  2.861974658411661  14.682307613298768 -154.869973880135746
        0.000037770651287  3.357120912271338  24.301980198563299  13.817262711279385  6.712748167315715  0.000028085050875  0.865755611696898  2.861974658411661  14.682307394515339 -154.869976187878194
        0.000037117663830  3.357562537934923  24.271989777597199  13.800042943823779  6.711210986575657  0.000023361298123  0.865626682554978  2.861932281519838  14.671138028716291 -154.869973609419276
        0.000000016831910  3.357562587966504  24.271989777597199  13.800042943823779  6.711210986575657  0.000023361298123  0.865626682554978  2.861932281519838  14.671138028716291 -154.869973609419276
        0.000000015902240  3.357562537934923  24.271990139278032  13.800042943823779  6.711210986575657  0.000023361298123  0.865626682554978  2.861932281519838  14.671138028716291 -154.869973609419276
        0.000000002795373  3.357562537934923  24.271989777597199  13.800043149460445  6.711210986575657  0.000023361298123  0.865626682554978  2.861932281519838  14.671138028716291 -154.869973609419276
        0.000000000441269  3.357562537934923  24.271989777597199  13.800042943823779  6.711211086580493  0.000023361298123  0.865626682554978  2.861932281519838  14.671138028716291 -154.869973609419276
        0.000000000801536  3.357562537934923  24.271989777597199  13.800042943823779  6.711210986575657  0.000023376199284  0.865626682554978  2.861932281519838  14.671138028716291 -154.869973609419276
        0.000000008255510  3.357562537934923  24.271989777597199  13.800042943823779  6.711210986575657  0.000023361298123  0.865626697456140  2.861932281519838  14.671138028716291 -154.869973609419276
        0.000000010354296  3.357562537934923  24.271989777597199  13.800042943823779  6.711210986575657  0.000023361298123  0.865626682554978  2.861932324165952  14.671138028716291 -154.869973609419276
        0.000000007652324  3.357562537934923  24.271989777597199  13.800042943823779  6.711210986575657  0.000023361298123  0.865626682554978  2.861932281519838  14.671138247333284 -154.869973609419276
        0.000037770651064  3.357562537934923  24.271989777597199  13.800042943823779  6.711210986575657  0.000023361298123  0.865626682554978  2.861932281519838  14.671138028716291 -154.869975917161725
        0.000037803183159  3.357534210373287  24.273723073737667  13.800947843817029  6.713909749380245  0.000021105646982  0.865577753150160  2.861963656980057  14.671593997245683 -154.869973779320276
        0.000000361772937  3.357553703498979  24.272366720332634  13.800239718274941  6.711937006211579  0.000022830511337  0.865610495344105  2.861958602245444  14.671138666944687 -154.869973745552699
        0.000000016832008  3.357553753530428  24.272366720332634  13.800239718274941  6.711937006211579  0.000022830511337  0.865610495344105  2.861958602245444  14.671138666944687 -154.869973745552699
        0.000000015902294  3.357553703498979  24.272367082019084  13.800239718274941  6.711937006211579  0.000022830511337  0.865610495344105  2.861958602245444  14.671138666944687 -154.869973745552699
        0.000000002795322  3.357553703498979  24.272366720332634  13.800239923914537  6.711937006211579  0.000022830511337  0.865610495344105  2.861958602245444  14.671138666944687 -154.869973745552699
        0.000000000441222  3.357553703498979  24.272366720332634  13.800239718274941  6.711937106227234  0.000022830511337  0.865610495344105  2.861958602245444  14.671138666944687 -154.869973745552699
        0.000000000801613  3.357553703498979  24.272366720332634  13.800239718274941  6.711937006211579  0.000022845412498  0.865610495344105  2.861958602245444  14.671138666944687 -154.869973745552699
        0.000000008255588  3.357553703498979  24.272366720332634  13.800239718274941  6.711937006211579  0.000022830511337  0.865610510245266  2.861958602245444  14.671138666944687 -154.869973745552699
        0.000000010354435  3.357553703498979  24.272366720332634  13.800239718274941  6.711937006211579  0.000022830511337  0.865610495344105  2.861958644891951  14.671138666944687 -154.869973745552699
        0.000000007652075  3.357553703498979  24.272366720332634  13.800239718274941  6.711937006211579  0.000022830511337  0.865610495344105  2.861958602245444  14.671138885561689 -154.869973745552699
        0.000037770651209  3.357553703498979  24.272366720332634  13.800239718274941  6.711937006211579  0.000022830511337  0.865610495344105  2.861958602245444  14.671138666944687 -154.869976053295147
2022-08-18 07:31:02.966005
