/projects/wagner/highthroughput/mick_graphene_paper/3_data/1_kc_fitting
2023-06-01 19:06:14.909304
use a starting guess from the old fit
starting guess parameters:  [ 3.37942338e+00  1.81846722e+01  1.33942071e+01  3.55913531e-03
  6.07493500e+00  7.19345289e-01  3.29308248e+00  1.39067829e+01
 -1.54589368e+02]
     1025.507820120405995  3.379423382381699  18.184672181803677  13.394207130830571  0.003559135312169  6.074935002291668  0.719345289329483  3.293082477932360  13.906782892134125 -154.589367648541639
        0.000000014064352  3.379423432739032  18.184672181803677  13.394207130830571  0.003559135312169  6.074935002291668  0.719345289329483  3.293082477932360  13.906782892134125 -154.589367648541639
        0.000000012948553  3.379423382381699  18.184672452776407  13.394207130830571  0.003559135312169  6.074935002291668  0.719345289329483  3.293082477932360  13.906782892134125 -154.589367648541639
        0.000000001160716  3.379423382381699  18.184672181803677  13.394207330419810  0.003559135312169  6.074935002291668  0.719345289329483  3.293082477932360  13.906782892134125 -154.589367648541639
        0.000000000478097  3.379423382381699  18.184672181803677  13.394207130830571  0.003559150213330  6.074935002291668  0.719345289329483  3.293082477932360  13.906782892134125 -154.589367648541639
        0.000000000825815  3.379423382381699  18.184672181803677  13.394207130830571  0.003559135312169  6.074935092815254  0.719345289329483  3.293082477932360  13.906782892134125 -154.589367648541639
        0.000000002214007  3.379423382381699  18.184672181803677  13.394207130830571  0.003559135312169  6.074935002291668  0.719345304230644  3.293082477932360  13.906782892134125 -154.589367648541639
        0.000000002625951  3.379423382381699  18.184672181803677  13.394207130830571  0.003559135312169  6.074935002291668  0.719345289329483  3.293082527003112  13.906782892134125 -154.589367648541639
        0.000000004345417  3.379423382381699  18.184672181803677  13.394207130830571  0.003559135312169  6.074935002291668  0.719345289329483  3.293082477932360  13.906783099361338 -154.589367648541639
        0.000015277412315  3.379423382381699  18.184672181803677  13.394207130830571  0.003559135312169  6.074935002291668  0.719345289329483  3.293082477932360  13.906782892134125 -154.589369952102714
        0.001345422077295  3.385675279864199  18.072944782346244  13.863138103168072  0.003558746773527  6.069116861809679  0.721484050735181  3.256548019230702  14.076262276955354 -154.589203535137329
        0.000000013971059  3.385675330314692  18.072944782346244  13.863138103168072  0.003558746773527  6.069116861809679  0.721484050735181  3.256548019230702  14.076262276955354 -154.589203535137329
        0.000000012861535  3.385675279864199  18.072945051654109  13.863138103168072  0.003558746773527  6.069116861809679  0.721484050735181  3.256548019230702  14.076262276955354 -154.589203535137329
        0.000000001157212  3.385675279864199  18.072944782346244  13.863138309744928  0.003558746773527  6.069116861809679  0.721484050735181  3.256548019230702  14.076262276955354 -154.589203535137329
        0.000000000505887  3.385675279864199  18.072944782346244  13.863138103168072  0.003558761674689  6.069116861809679  0.721484050735181  3.256548019230702  14.076262276955354 -154.589203535137329
        0.000000000843173  3.385675279864199  18.072944782346244  13.863138103168072  0.003558746773527  6.069116952246568  0.721484050735181  3.256548019230702  14.076262276955354 -154.589203535137329
        0.000000002271567  3.385675279864199  18.072944782346244  13.863138103168072  0.003558746773527  6.069116861809679  0.721484065636342  3.256548019230702  14.076262276955354 -154.589203535137329
        0.000000002671731  3.385675279864199  18.072944782346244  13.863138103168072  0.003558746773527  6.069116861809679  0.721484050735181  3.256548067757049  14.076262276955354 -154.589203535137329
        0.000000004452155  3.385675279864199  18.072944782346244  13.863138103168072  0.003558746773527  6.069116861809679  0.721484050735181  3.256548019230702  14.076262486708007 -154.589203535137329
        0.000015277333118  3.385675279864199  18.072944782346244  13.863138103168072  0.003558746773527  6.069116861809679  0.721484050735181  3.256548019230702  14.076262276955354 -154.589205838695960
        0.056983722294325  3.627328673936795  3.193764921292027  3.834265371584932  0.001445797926117  2.433528768833225  0.684622243200724  3.237017247655375  8.288074183534436 -154.588970915515603
        0.055735587513407  3.445951491875336  13.876136836302315  12.028783439725590  0.001483905203138  6.011814118995460  0.684630070122598  3.237540799327369  12.810606421533349 -154.588971661540540
        0.001426193498526  3.390041431403854  17.362224231027380  14.310505682127062  0.002343598190843  6.850982869367169  0.694939198449880  3.238968210060738  14.184241624723194 -154.588987647216157
        0.000000013952143  3.390041481919408  17.362224231027380  14.310505682127062  0.002343598190843  6.850982869367169  0.694939198449880  3.238968210060738  14.184241624723194 -154.588987647216157
        0.000000012909068  3.390041431403854  17.362224489744683  14.310505682127062  0.002343598190843  6.850982869367169  0.694939198449880  3.238968210060738  14.184241624723194 -154.588987647216157
        0.000000001124781  3.390041431403854  17.362224231027380  14.310505895370213  0.002343598190843  6.850982869367169  0.694939198449880  3.238968210060738  14.184241624723194 -154.588987647216157
        0.000000000506562  3.390041431403854  17.362224231027380  14.310505682127062  0.002343613092004  6.850982869367169  0.694939198449880  3.238968210060738  14.184241624723194 -154.588987647216157
        0.000000000978839  3.390041431403854  17.362224231027380  14.310505682127062  0.002343598190843  6.850982971454769  0.694939198449880  3.238968210060738  14.184241624723194 -154.588987647216157
        0.000000002150128  3.390041431403854  17.362224231027380  14.310505682127062  0.002343598190843  6.850982869367169  0.694939213351041  3.238968210060738  14.184241624723194 -154.588987647216157
        0.000000002717217  3.390041431403854  17.362224231027380  14.310505682127062  0.002343598190843  6.850982869367169  0.694939198449880  3.238968258325125  14.184241624723194 -154.588987647216157
        0.000000004463475  3.390041431403854  17.362224231027380  14.310505682127062  0.002343598190843  6.850982869367169  0.694939198449880  3.238968210060738  14.184241836084865 -154.588987647216157
        0.000015277269293  3.390041431403854  17.362224231027380  14.310505682127062  0.002343598190843  6.850982869367169  0.694939198449880  3.238968210060738  14.184241624723194 -154.588989950771577
        0.000141195009359  3.390562007892332  17.310480383429930  14.430641496442716  0.002341701116568  6.853607439383309  0.692393748678351  3.239680785658077  14.171530791727029 -154.588984926556407
        0.000000013947106  3.390562058415643  17.310480383429930  14.430641496442716  0.002341701116568  6.853607439383309  0.692393748678351  3.239680785658077  14.171530791727029 -154.588984926556407
        0.000000012908632  3.390562007892332  17.310480641376188  14.430641496442716  0.002341701116568  6.853607439383309  0.692393748678351  3.239680785658077  14.171530791727029 -154.588984926556407
        0.000000001123910  3.390562007892332  17.310480383429930  14.430641711476031  0.002341701116568  6.853607439383309  0.692393748678351  3.239680785658077  14.171530791727029 -154.588984926556407
        0.000000000509980  3.390562007892332  17.310480383429930  14.430641496442716  0.002341716017729  6.853607439383309  0.692393748678351  3.239680785658077  14.171530791727029 -154.588984926556407
        0.000000000981272  3.390562007892332  17.310480383429930  14.430641496442716  0.002341701116568  6.853607541510017  0.692393748678351  3.239680785658077  14.171530791727029 -154.588984926556407
        0.000000002158159  3.390562007892332  17.310480383429930  14.430641496442716  0.002341701116568  6.853607439383309  0.692393763579512  3.239680785658077  14.171530791727029 -154.588984926556407
        0.000000002722881  3.390562007892332  17.310480383429930  14.430641496442716  0.002341701116568  6.853607439383309  0.692393748678351  3.239680833933082  14.171530791727029 -154.588984926556407
        0.000000004467595  3.390562007892332  17.310480383429930  14.430641496442716  0.002341701116568  6.853607439383309  0.692393748678351  3.239680785658077  14.171531002899295 -154.588984926556407
        0.000015277269006  3.390562007892332  17.310480383429930  14.430641496442716  0.002341701116568  6.853607439383309  0.692393748678351  3.239680785658077  14.171530791727029 -154.588987230111798
        0.000367065011123  3.382067076364776  17.690148804597083  15.163553494443939  0.822895472983302  7.163505998888482  0.667005602304023  3.239711937731653  14.389675929624831 -154.588981020001398
        0.000343204571367  3.390809134837987  17.207978354164187  14.618368358199293  0.189664961714691  6.960349627654422  0.682587051475147  3.239705388759528  14.170225127732678 -154.588981302432870
        0.000000013946381  3.390809185364981  17.207978354164187  14.618368358199293  0.189664961714691  6.960349627654422  0.682587051475147  3.239705388759528  14.170225127732678 -154.588981302432870
        0.000000012923777  3.390809134837987  17.207978610583044  14.618368358199293  0.189664961714691  6.960349627654422  0.682587051475147  3.239705388759528  14.170225127732678 -154.588981302432870
        0.000000001122026  3.390809134837987  17.207978354164187  14.618368576029956  0.189664961714691  6.960349627654422  0.682587051475147  3.239705388759528  14.170225127732678 -154.588981302432870
        0.000000000508677  3.390809134837987  17.207978354164187  14.618368358199293  0.189664976615852  6.960349627654422  0.682587051475147  3.239705388759528  14.170225127732678 -154.588981302432870
        0.000000000999865  3.390809134837987  17.207978354164187  14.618368358199293  0.189664961714691  6.960349731371713  0.682587051475147  3.239705388759528  14.170225127732678 -154.588981302432870
        0.000000002168566  3.390809134837987  17.207978354164187  14.618368358199293  0.189664961714691  6.960349627654422  0.682587066376308  3.239705388759528  14.170225127732678 -154.588981302432870
        0.000000002750012  3.390809134837987  17.207978354164187  14.618368358199293  0.189664961714691  6.960349627654422  0.682587051475147  3.239705437034900  14.170225127732678 -154.588981302432870
        0.000000004461721  3.390809134837987  17.207978354164187  14.618368358199293  0.189664961714691  6.960349627654422  0.682587051475147  3.239705388759528  14.170225338885487 -154.588981302432870
        0.000015277267660  3.390809134837987  17.207978354164187  14.618368358199293  0.189664961714691  6.960349627654422  0.682587051475147  3.239705388759528  14.170225127732678 -154.588983605988204
        0.000016717972743  3.389920610488567  17.249871161358339  14.699408764640843  0.459840821253316  6.992431461117485  0.676182695630969  3.239575283340243  14.194178446953936 -154.588979923457913
        0.000018162867073  3.390504988370692  17.221443789765178  14.640000006834843  0.255380447745536  6.973594976969032  0.681057419986614  3.239519040317816  14.179594556606034 -154.588979884499992
        0.000000013944617  3.390505038893154  17.221443789765178  14.640000006834843  0.255380447745536  6.973594976969032  0.681057419986614  3.239519040317816  14.179594556606034 -154.588979884499992
        0.000000012924010  3.390504988370692  17.221444046384690  14.640000006834843  0.255380447745536  6.973594976969032  0.681057419986614  3.239519040317816  14.179594556606034 -154.588979884499992
        0.000000001122531  3.390504988370692  17.221443789765178  14.640000224987842  0.255380447745536  6.973594976969032  0.681057419986614  3.239519040317816  14.179594556606034 -154.588979884499992
        0.000000000507570  3.390504988370692  17.221443789765178  14.640000006834843  0.255380462646697  6.973594976969032  0.681057419986614  3.239519040317816  14.179594556606034 -154.588979884499992
        0.000000001001139  3.390504988370692  17.221443789765178  14.640000006834843  0.255380447745536  6.973595080883695  0.681057419986614  3.239519040317816  14.179594556606034 -154.588979884499992
        0.000000002173842  3.390504988370692  17.221443789765178  14.640000006834843  0.255380447745536  6.973594976969032  0.681057434887776  3.239519040317816  14.179594556606034 -154.588979884499992
        0.000000002757084  3.390504988370692  17.221443789765178  14.640000006834843  0.255380447745536  6.973594976969032  0.681057419986614  3.239519088590411  14.179594556606034 -154.588979884499992
        0.000000004458805  3.390504988370692  17.221443789765178  14.640000006834843  0.255380447745536  6.973594976969032  0.681057419986614  3.239519040317816  14.179594767898458 -154.588979884499992
        0.000015277267146  3.390504988370692  17.221443789765178  14.640000006834843  0.255380447745536  6.973594976969032  0.681057419986614  3.239519040317816  14.179594556606034 -154.588982188055297
        0.000017132101002  3.390496340830377  17.217827054250328  14.650916204100819  0.325748518394009  6.981618641288421  0.679303928381875  3.239232984302222  14.181960266706740 -154.588978309452642
        0.000004083735033  3.390499842051572  17.220359793426173  14.642186273719599  0.272804010867638  6.977075381874277  0.680620716425968  3.239335300772708  14.180986676881895 -154.588978990129846
        0.000003122651065  3.390502405387940  17.221195206874533  14.640333829712803  0.259671266641466  6.974824088177232  0.680949034742817  3.239446290929681  14.180066298128539 -154.588979661928647
        0.000000013944185  3.390502455910362  17.221195206874533  14.640333829712803  0.259671266641466  6.974824088177232  0.680949034742817  3.239446290929681  14.180066298128539 -154.588979661928647
        0.000000012923764  3.390502405387940  17.221195463490339  14.640333829712803  0.259671266641466  6.974824088177232  0.680949034742817  3.239446290929681  14.180066298128539 -154.588979661928647
        0.000000001122532  3.390502405387940  17.221195206874533  14.640334047870777  0.259671266641466  6.974824088177232  0.680949034742817  3.239446290929681  14.180066298128539 -154.588979661928647
        0.000000000507490  3.390502405387940  17.221195206874533  14.640333829712803  0.259671281542627  6.974824088177232  0.680949034742817  3.239446290929681  14.180066298128539 -154.588979661928647
        0.000000001001342  3.390502405387940  17.221195206874533  14.640333829712803  0.259671266641466  6.974824192110209  0.680949034742817  3.239446290929681  14.180066298128539 -154.588979661928647
        0.000000002174036  3.390502405387940  17.221195206874533  14.640333829712803  0.259671266641466  6.974824088177232  0.680949049643978  3.239446290929681  14.180066298128539 -154.588979661928647
        0.000000002757512  3.390502405387940  17.221195206874533  14.640333829712803  0.259671266641466  6.974824088177232  0.680949034742817  3.239446339201193  14.180066298128539 -154.588979661928647
        0.000000004458708  3.390502405387940  17.221195206874533  14.640333829712803  0.259671266641466  6.974824088177232  0.680949034742817  3.239446290929681  14.180066509427993 -154.588979661928647
        0.000015277267074  3.390502405387940  17.221195206874533  14.640333829712803  0.259671266641466  6.974824088177232  0.680949034742817  3.239446290929681  14.180066298128539 -154.588981965483953
2023-06-01 19:13:15.172991
