/projects/wagner/highthroughput/mick_graphene_paper/3_data/kc_fitting_dft
2022-08-18 07:31:13.858905
energy_inf: -154.89183204249554
     2536.019385218373827  3.416084000000000  20.021583000000000  10.905510700000001  4.275635400000000  0.010010836000000  0.844712200000000  2.936058400000000  14.313258800000000 -154.891832042495537
        0.000000018717218  3.416084050903618  20.021583000000000  10.905510700000001  4.275635400000000  0.010010836000000  0.844712200000000  2.936058400000000  14.313258800000000 -154.891832042495537
        0.000000019282189  3.416084000000000  20.021583298344837  10.905510700000001  4.275635400000000  0.010010836000000  0.844712200000000  2.936058400000000  14.313258800000000 -154.891832042495537
        0.000000002760085  3.416084000000000  20.021583000000000  10.905510862504773  4.275635400000000  0.010010836000000  0.844712200000000  2.936058400000000  14.313258800000000 -154.891832042495537
        0.000000000499340  3.416084000000000  20.021583000000000  10.905510700000001  4.275635463711932  0.010010836000000  0.844712200000000  2.936058400000000  14.313258800000000 -154.891832042495537
        0.000000000455390  3.416084000000000  20.021583000000000  10.905510700000001  4.275635400000000  0.010010850901161  0.844712200000000  2.936058400000000  14.313258800000000 -154.891832042495537
        0.000000007626080  3.416084000000000  20.021583000000000  10.905510700000001  4.275635400000000  0.010010836000000  0.844712214901161  2.936058400000000  14.313258800000000 -154.891832042495537
        0.000000008542471  3.416084000000000  20.021583000000000  10.905510700000001  4.275635400000000  0.010010836000000  0.844712200000000  2.936058443750679  14.313258800000000 -154.891832042495537
        0.000000009622645  3.416084000000000  20.021583000000000  10.905510700000001  4.275635400000000  0.010010836000000  0.844712200000000  2.936058400000000  14.313259013284176 -154.891832042495537
        0.000037775266475  3.416084000000000  20.021583000000000  10.905510700000001  4.275635400000000  0.010010836000000  0.844712200000000  2.936058400000000  14.313258800000000 -154.891834350563698
        0.093065963933220  3.316105821848899  11.873725944332641  5.691376460608069  8.781516078189089  14.086647929194729  0.374539925299664  2.939758712534383  14.173835212683054 -154.891555651816077
        0.058529548078716  3.306840468690231  19.877815324350948  10.461946051500270  6.621609801143186  3.718433661487784  0.651654069629372  2.917685195207135  14.160848274721497 -154.891553277538264
        0.000000017242505  3.306840517965994  19.877815324350948  10.461946051500270  6.621609801143186  3.718433661487784  0.651654069629372  2.917685195207135  14.160848274721497 -154.891553277538264
        0.000000018007260  3.306840468690231  19.877815620553477  10.461946051500270  6.621609801143186  3.718433661487784  0.651654069629372  2.917685195207135  14.160848274721497 -154.891553277538264
        0.000000001936123  3.306840468690231  19.877815324350948  10.461946207395414  6.621609801143186  3.718433661487784  0.651654069629372  2.917685195207135  14.160848274721497 -154.891553277538264
        0.000000000184953  3.306840468690231  19.877815324350948  10.461946051500270  6.621609899812861  3.718433661487784  0.651654069629372  2.917685195207135  14.160848274721497 -154.891553277538264
        0.000000000442888  3.306840468690231  19.877815324350948  10.461946051500270  6.621609801143186  3.718433716896763  0.651654069629372  2.917685195207135  14.160848274721497 -154.891553277538264
        0.000000005167371  3.306840468690231  19.877815324350948  10.461946051500270  6.621609801143186  3.718433661487784  0.651654084530533  2.917685195207135  14.160848274721497 -154.891553277538264
        0.000000008003743  3.306840468690231  19.877815324350948  10.461946051500270  6.621609801143186  3.718433661487784  0.651654069629372  2.917685238684032  14.160848274721497 -154.891553277538264
        0.000000006222933  3.306840468690231  19.877815324350948  10.461946051500270  6.621609801143186  3.718433661487784  0.651654069629372  2.917685195207135  14.160848485734579 -154.891553277538264
        0.000037776953335  3.306840468690231  19.877815324350948  10.461946051500270  6.621609801143186  3.718433661487784  0.651654069629372  2.917685195207135  14.160848274721497 -154.891555585602276
        0.010379495739754  3.280619681761111  23.382515322704791  12.041182105604307  6.646450121529727  0.029362418945691  0.733467225266551  3.047729057166328  14.094229753308907 -154.891253318288278
        0.000000017259561  3.280619730646154  23.382515322704791  12.041182105604307  6.646450121529727  0.029362418945691  0.733467225266551  3.047729057166328  14.094229753308907 -154.891253318288278
        0.000000018137556  3.280619681761111  23.382515671131422  12.041182105604307  6.646450121529727  0.029362418945691  0.733467225266551  3.047729057166328  14.094229753308907 -154.891253318288278
        0.000000002119826  3.280619681761111  23.382515322704791  12.041182285031903  6.646450121529727  0.029362418945691  0.733467225266551  3.047729057166328  14.094229753308907 -154.891253318288278
        0.000000000250813  3.280619681761111  23.382515322704791  12.041182105604307  6.646450220569552  0.029362418945691  0.733467225266551  3.047729057166328  14.094229753308907 -154.891253318288278
        0.000000000467336  3.280619681761111  23.382515322704791  12.041182105604307  6.646450121529727  0.029362433846852  0.733467225266551  3.047729057166328  14.094229753308907 -154.891253318288278
        0.000000006197951  3.280619681761111  23.382515322704791  12.041182105604307  6.646450121529727  0.029362418945691  0.733467240167712  3.047729057166328  14.094229753308907 -154.891253318288278
        0.000000007845711  3.280619681761111  23.382515322704791  12.041182105604307  6.646450121529727  0.029362418945691  0.733467225266551  3.047729102581030  14.094229753308907 -154.891253318288278
        0.000000006239526  3.280619681761111  23.382515322704791  12.041182105604307  6.646450121529727  0.029362418945691  0.733467225266551  3.047729057166328  14.094229963329296 -154.891253318288278
        0.000037777272658  3.280619681761111  23.382515322704791  12.041182105604307  6.646450121529727  0.029362418945691  0.733467225266551  3.047729057166328  14.094229753308907 -154.891255626347800
        0.006678313778111  3.266022522566501  23.321826075266024  12.330043365803927  6.558621553335827  0.028887312125539  0.712879483069058  3.215166638306652  14.147822749577630 -154.890800696564753
        0.000000018253661  3.266022571234029  23.321826075266024  12.330043365803927  6.558621553335827  0.028887312125539  0.712879483069058  3.215166638306652  14.147822749577630 -154.890800696564753
        0.000000019021066  3.266022522566501  23.321826422788313  12.330043365803927  6.558621553335827  0.028887312125539  0.712879483069058  3.215166638306652  14.147822749577630 -154.890800696564753
        0.000000002009501  3.266022522566501  23.321826075266024  12.330043549535890  6.558621553335827  0.028887312125539  0.712879483069058  3.215166638306652  14.147822749577630 -154.890800696564753
        0.000000000222858  3.266022522566501  23.321826075266024  12.330043365803927  6.558621651066904  0.028887312125539  0.712879483069058  3.215166638306652  14.147822749577630 -154.890800696564753
        0.000000000407280  3.266022522566501  23.321826075266024  12.330043365803927  6.558621553335827  0.028887327026700  0.712879483069058  3.215166638306652  14.147822749577630 -154.890800696564753
        0.000000005667548  3.266022522566501  23.321826075266024  12.330043365803927  6.558621553335827  0.028887312125539  0.712879497970219  3.215166638306652  14.147822749577630 -154.890800696564753
        0.000000007209250  3.266022522566501  23.321826075266024  12.330043365803927  6.558621553335827  0.028887312125539  0.712879483069058  3.215166686216369  14.147822749577630 -154.890800696564753
        0.000000006116167  3.266022522566501  23.321826075266024  12.330043365803927  6.558621553335827  0.028887312125539  0.712879483069058  3.215166638306652  14.147822960396617 -154.890800696564753
        0.000037777327857  3.266022522566501  23.321826075266024  12.330043365803927  6.558621553335827  0.028887312125539  0.712879483069058  3.215166638306652  14.147822749577630 -154.890803004617538
        0.002181380816842  3.273333366826389  23.045861027547812  12.673496055766856  6.707737923235342  0.028041838502552  0.700158697719100  3.273602896384650  14.082806699700628 -154.890451355004643
        0.000000018665394  3.273333415602857  23.045861027547812  12.673496055766856  6.707737923235342  0.028041838502552  0.700158697719100  3.273602896384650  14.082806699700628 -154.890451355004643
        0.000000019353064  3.273333366826389  23.045861370957901  12.673496055766856  6.707737923235342  0.028041838502552  0.700158697719100  3.273602896384650  14.082806699700628 -154.890451355004643
        0.000000002024017  3.273333366826389  23.045861027547812  12.673496244616663  6.707737923235342  0.028041838502552  0.700158697719100  3.273602896384650  14.082806699700628 -154.890451355004643
        0.000000000221355  3.273333366826389  23.045861027547812  12.673496055766856  6.707738023188426  0.028041838502552  0.700158697719100  3.273602896384650  14.082806699700628 -154.890451355004643
        0.000000000415959  3.273333366826389  23.045861027547812  12.673496055766856  6.707737923235342  0.028041853403713  0.700158697719100  3.273602896384650  14.082806699700628 -154.890451355004643
        0.000000005736291  3.273333366826389  23.045861027547812  12.673496055766856  6.707737923235342  0.028041838502552  0.700158712620261  3.273602896384650  14.082806699700628 -154.890451355004643
        0.000000007164519  3.273333366826389  23.045861027547812  12.673496055766856  6.707737923235342  0.028041838502552  0.700158697719100  3.273602945165134  14.082806699700628 -154.890451355004643
        0.000000006295926  3.273333366826389  23.045861027547812  12.673496055766856  6.707737923235342  0.028041838502552  0.700158697719100  3.273602896384650  14.082806909550801 -154.890451355004643
        0.000037777179663  3.273333366826389  23.045861027547812  12.673496055766856  6.707737923235342  0.028041838502552  0.700158697719100  3.273602896384650  14.082806699700628 -154.890453663052227
        0.001209766207749  3.280118999770375  22.583336610634198  10.551140390968218  9.743282129233336  0.022950918667876  0.664974188819924  3.283594654298700  13.899145770853869 -154.890421935269273
        0.001058947770867  3.275530259337831  22.930871978747025  12.152400873857491  7.476657343190705  0.024698633561697  0.691925115632472  3.275329131271253  14.065747571545190 -154.890389010481471
        0.000000018719480  3.275530308147035  22.930871978747025  12.152400873857491  7.476657343190705  0.024698633561697  0.691925115632472  3.275329131271253  14.065747571545190 -154.890389010481471
        0.000000019393738  3.275530259337831  22.930872320443644  12.152400873857491  7.476657343190705  0.024698633561697  0.691925115632472  3.275329131271253  14.065747571545190 -154.890389010481471
        0.000000002036501  3.275530259337831  22.930871978747025  12.152401054942375  7.476657343190705  0.024698633561697  0.691925115632472  3.275329131271253  14.065747571545190 -154.890389010481471
        0.000000000213455  3.275530259337831  22.930871978747025  12.152400873857491  7.476657454601581  0.024698633561697  0.691925115632472  3.275329131271253  14.065747571545190 -154.890389010481471
        0.000000000480202  3.275530259337831  22.930871978747025  12.152400873857491  7.476657343190705  0.024698648462858  0.691925115632472  3.275329131271253  14.065747571545190 -154.890389010481471
        0.000000005833031  3.275530259337831  22.930871978747025  12.152400873857491  7.476657343190705  0.024698633561697  0.691925130533633  3.275329131271253  14.065747571545190 -154.890389010481471
        0.000000007238262  3.275530259337831  22.930871978747025  12.152400873857491  7.476657343190705  0.024698633561697  0.691925115632472  3.275329180077461  14.065747571545190 -154.890389010481471
        0.000000006339249  3.275530259337831  22.930871978747025  12.152400873857491  7.476657343190705  0.024698633561697  0.691925115632472  3.275329131271253  14.065747781141162 -154.890389010481471
        0.000037777144059  3.275530259337831  22.930871978747025  12.152400873857491  7.476657343190705  0.024698633561697  0.691925115632472  3.275329131271253  14.065747571545190 -154.890391318528117
        0.000074883536511  3.275810715876355  22.928031757741568  12.133479642431880  7.491388404225831  0.001354646899336  0.692240667886449  3.275307905073614  14.057541550038925 -154.890389628424003
        0.000000018716294  3.275810764689738  22.928031757741568  12.133479642431880  7.491388404225831  0.001354646899336  0.692240667886449  3.275307905073614  14.057541550038925 -154.890389628424003
        0.000000019390882  3.275810715876355  22.928032099395864  12.133479642431880  7.491388404225831  0.001354646899336  0.692240667886449  3.275307905073614  14.057541550038925 -154.890389628424003
        0.000000002038444  3.275810715876355  22.928031757741568  12.133479823234815  7.491388404225831  0.001354646899336  0.692240667886449  3.275307905073614  14.057541550038925 -154.890389628424003
        0.000000000214359  3.275810715876355  22.928031757741568  12.133479642431880  7.491388515856217  0.001354646899336  0.692240667886449  3.275307905073614  14.057541550038925 -154.890389628424003
        0.000000000482252  3.275810715876355  22.928031757741568  12.133479642431880  7.491388404225831  0.001354661800497  0.692240667886449  3.275307905073614  14.057541550038925 -154.890389628424003
        0.000000005839411  3.275810715876355  22.928031757741568  12.133479642431880  7.491388404225831  0.001354646899336  0.692240682787610  3.275307905073614  14.057541550038925 -154.890389628424003
        0.000000007239437  3.275810715876355  22.928031757741568  12.133479642431880  7.491388404225831  0.001354646899336  0.692240667886449  3.275307953879504  14.057541550038925 -154.890389628424003
        0.000000006344189  3.275810715876355  22.928031757741568  12.133479642431880  7.491388404225831  0.001354646899336  0.692240667886449  3.275307905073614  14.057541759512619 -154.890389628424003
        0.000037777145019  3.275810715876355  22.928031757741568  12.133479642431880  7.491388404225831  0.001354646899336  0.692240667886449  3.275307905073614  14.057541550038925 -154.890391936470678
        0.000109795033178  3.277988399017702  22.768995334884298  11.547954859937562  8.115363470564052  0.000535331779421  0.685595041882649  3.276912506661361  13.991536540853675 -154.890396867572889
        0.000000018706616  3.277988447863535  22.768995334884298  11.547954859937562  8.115363470564052  0.000535331779421  0.685595041882649  3.276912506661361  13.991536540853675 -154.890396867572889
        0.000000019366560  3.277988399017702  22.768995674168767  11.547954859937562  8.115363470564052  0.000535331779421  0.685595041882649  3.276912506661361  13.991536540853675 -154.890396867572889
        0.000000002047100  3.277988399017702  22.768995334884298  11.547955032015500  8.115363470564052  0.000535331779421  0.685595041882649  3.276912506661361  13.991536540853675 -154.890396867572889
        0.000000000241009  3.277988399017702  22.768995334884298  11.547954859937562  8.115363591492391  0.000535331779421  0.685595041882649  3.276912506661361  13.991536540853675 -154.890396867572889
        0.000000000534592  3.277988399017702  22.768995334884298  11.547954859937562  8.115363470564052  0.000535346680582  0.685595041882649  3.276912506661361  13.991536540853675 -154.890396867572889
        0.000000005897927  3.277988399017702  22.768995334884298  11.547954859937562  8.115363470564052  0.000535331779421  0.685595056783810  3.276912506661361  13.991536540853675 -154.890396867572889
        0.000000007271424  3.277988399017702  22.768995334884298  11.547954859937562  8.115363470564052  0.000535331779421  0.685595041882649  3.276912555491162  13.991536540853675 -154.890396867572889
        0.000000006365335  3.277988399017702  22.768995334884298  11.547954859937562  8.115363470564052  0.000535331779421  0.685595041882649  3.276912506661361  13.991536749343815 -154.890396867572889
        0.000037777151589  3.277988399017702  22.768995334884298  11.547954859937562  8.115363470564052  0.000535331779421  0.685595041882649  3.276912506661361  13.991536540853675 -154.890399175619649
        0.000213378355639  3.282471236340633  22.432991681255118  10.344809429953465  9.354319547970579  0.000403756248323  0.672333058560871  3.282233687652625  13.846599256047071 -154.890417549950229
        0.000000018685313  3.282471285253266  22.432991681255118  10.344809429953465  9.354319547970579  0.000403756248323  0.672333058560871  3.282233687652625  13.846599256047071 -154.890417549950229
        0.000000019315109  3.282471236340633  22.432992015532744  10.344809429953465  9.354319547970579  0.000403756248323  0.672333058560871  3.282233687652625  13.846599256047071 -154.890417549950229
        0.000000002062656  3.282471236340633  22.432991681255118  10.344809584103137  9.354319547970579  0.000403756248323  0.672333058560871  3.282233687652625  13.846599256047071 -154.890417549950229
        0.000000000353688  3.282471236340633  22.432991681255118  10.344809429953465  9.354319687360803  0.000403756248323  0.672333058560871  3.282233687652625  13.846599256047071 -154.890417549950229
        0.000000000637671  3.282471236340633  22.432991681255118  10.344809429953465  9.354319547970579  0.000403771149485  0.672333058560871  3.282233687652625  13.846599256047071 -154.890417549950229
        0.000000006006856  3.282471236340633  22.432991681255118  10.344809429953465  9.354319547970579  0.000403756248323  0.672333073462032  3.282233687652625  13.846599256047071 -154.890417549950229
        0.000000007321893  3.282471236340633  22.432991681255118  10.344809429953465  9.354319547970579  0.000403756248323  0.672333058560871  3.282233736561718  13.846599256047071 -154.890417549950229
        0.000000006407129  3.282471236340633  22.432991681255118  10.344809429953465  9.354319547970579  0.000403756248323  0.672333058560871  3.282233687652625  13.846599462377478 -154.890417549950229
        0.000037777172627  3.282471236340633  22.432991681255118  10.344809429953465  9.354319547970579  0.000403756248323  0.672333058560871  3.282233687652625  13.846599256047071 -154.890419857997301
        0.000068961003257  3.282480330078983  22.433398925989795  10.344526297049560  9.354852618188891  0.001209077433724  0.672355672869725  3.282239583035020  13.846268170599217 -154.890417617220493
        0.000000018682983  3.282480378991751  22.433398925989795  10.344526297049560  9.354852618188891  0.001209077433724  0.672355672869725  3.282239583035020  13.846268170599217 -154.890417617220493
        0.000000019312338  3.282480330078983  22.433399260273490  10.344526297049560  9.354852618188891  0.001209077433724  0.672355672869725  3.282239583035020  13.846268170599217 -154.890417617220493
        0.000000002062795  3.282480330078983  22.433398925989795  10.344526451195014  9.354852618188891  0.001209077433724  0.672355672869725  3.282239583035020  13.846268170599217 -154.890417617220493
        0.000000000353775  3.282480330078983  22.433398925989795  10.344526297049560  9.354852757587059  0.001209077433724  0.672355672869725  3.282239583035020  13.846268170599217 -154.890417617220493
        0.000000000637748  3.282480330078983  22.433398925989795  10.344526297049560  9.354852618188891  0.001209092334885  0.672355672869725  3.282239583035020  13.846268170599217 -154.890417617220493
        0.000000006007234  3.282480330078983  22.433398925989795  10.344526297049560  9.354852618188891  0.001209077433724  0.672355687770887  3.282239583035020  13.846268170599217 -154.890417617220493
        0.000000007322552  3.282480330078983  22.433398925989795  10.344526297049560  9.354852618188891  0.001209077433724  0.672355672869725  3.282239631944202  13.846268170599217 -154.890417617220493
        0.000000006406842  3.282480330078983  22.433398925989795  10.344526297049560  9.354852618188891  0.001209077433724  0.672355672869725  3.282239583035020  13.846268376924691 -154.890417617220493
        0.000037777172670  3.282480330078983  22.433398925989795  10.344526297049560  9.354852618188891  0.001209077433724  0.672355672869725  3.282239583035020  13.846268170599217 -154.890419925267565
        0.000972088055938  3.259723688676550  24.087248176035409  9.029643063056470  12.363599920683228  0.000167678556061  0.652240536718036  3.294311982749909  14.355683844317488 -154.890464467555091
        0.000937387958042  3.282029677446872  22.458891876644120  9.309126711267783  10.492901750158646  0.000628593678963  0.662984286818635  3.287682594968864  13.829358364022744 -154.890437302783852
        0.000000018682825  3.282029726352925  22.458891876644120  9.309126711267783  10.492901750158646  0.000628593678963  0.662984286818635  3.287682594968864  13.829358364022744 -154.890437302783852
        0.000000019293119  3.282029677446872  22.458892211307688  9.309126711267783  10.492901750158646  0.000628593678963  0.662984286818635  3.287682594968864  13.829358364022744 -154.890437302783852
        0.000000002077195  3.282029677446872  22.458891876644120  9.309126849984581  10.492901750158646  0.000628593678963  0.662984286818635  3.287682594968864  13.829358364022744 -154.890437302783852
        0.000000000478238  3.282029677446872  22.458891876644120  9.309126711267783  10.492901906515067  0.000628593678963  0.662984286818635  3.287682594968864  13.829358364022744 -154.890437302783852
        0.000000000724186  3.282029677446872  22.458891876644120  9.309126711267783  10.492901750158646  0.000628608580124  0.662984286818635  3.287682594968864  13.829358364022744 -154.890437302783852
        0.000000006075914  3.282029677446872  22.458891876644120  9.309126711267783  10.492901750158646  0.000628593678963  0.662984301719797  3.287682594968864  13.829358364022744 -154.890437302783852
        0.000000007381127  3.282029677446872  22.458891876644120  9.309126711267783  10.492901750158646  0.000628593678963  0.662984286818635  3.287682643959152  13.829358364022744 -154.890437302783852
        0.000000006395497  3.282029677446872  22.458891876644120  9.309126711267783  10.492901750158646  0.000628593678963  0.662984286818635  3.287682594968864  13.829358570096241 -154.890437302783852
        0.000037777192500  3.282029677446872  22.458891876644120  9.309126711267783  10.492901750158646  0.000628593678963  0.662984286818635  3.287682594968864  13.829358364022744 -154.890439610831237
        0.000099582645838  3.282057632184723  22.458849408054732  9.307699021095340  10.494105847528960  0.002322954837949  0.663022174130904  3.287688642741749  13.828495634568226 -154.890437402768470
        0.000000018678309  3.282057681091193  22.458849408054732  9.307699021095340  10.494105847528960  0.002322954837949  0.663022174130904  3.287688642741749  13.828495634568226 -154.890437402768470
        0.000000019287720  3.282057632184723  22.458849742717668  9.307699021095340  10.494105847528960  0.002322954837949  0.663022174130904  3.287688642741749  13.828495634568226 -154.890437402768470
        0.000000002077412  3.282057632184723  22.458849408054732  9.307699159790863  10.494105847528960  0.002322954837949  0.663022174130904  3.287688642741749  13.828495634568226 -154.890437402768470
        0.000000000478478  3.282057632184723  22.458849408054732  9.307699021095340  10.494106003903322  0.002322954837949  0.663022174130904  3.287688642741749  13.828495634568226 -154.890437402768470
        0.000000000724397  3.282057632184723  22.458849408054732  9.307699021095340  10.494105847528960  0.002322969739110  0.663022174130904  3.287688642741749  13.828495634568226 -154.890437402768470
        0.000000006076737  3.282057632184723  22.458849408054732  9.307699021095340  10.494105847528960  0.002322954837949  0.663022189032065  3.287688642741749  13.828495634568226 -154.890437402768470
        0.000000007382437  3.282057632184723  22.458849408054732  9.307699021095340  10.494105847528960  0.002322954837949  0.663022174130904  3.287688691732127  13.828495634568226 -154.890437402768470
        0.000000006394980  3.282057632184723  22.458849408054732  9.307699021095340  10.494105847528960  0.002322954837949  0.663022174130904  3.287688642741749  13.828495840628868 -154.890437402768470
        0.000037777192576  3.282057632184723  22.458849408054732  9.307699021095340  10.494105847528960  0.002322954837949  0.663022174130904  3.287688642741749  13.828495634568226 -154.890439710815855
        0.000366634655889  3.274906282558866  22.971150818971019  7.688631792616132  12.605451564419383  0.000069348070834  0.648467836898743  3.296740032963073  13.958540119504804 -154.890473079056108
        0.000000018711932  3.274906331358772  22.971150818971019  7.688631792616132  12.605451564419383  0.000069348070834  0.648467836898743  3.296740032963073  13.958540119504804 -154.890473079056108
        0.000000019302958  3.274906282558866  22.971151161267841  7.688631792616132  12.605451564419383  0.000069348070834  0.648467836898743  3.296740032963073  13.958540119504804 -154.890473079056108
        0.000000002098853  3.274906282558866  22.971150818971019  7.688631907185673  12.605451564419383  0.000069348070834  0.648467836898743  3.296740032963073  13.958540119504804 -154.890473079056108
        0.000000000694034  3.274906282558866  22.971150818971019  7.688631792616132  12.605451752255249  0.000069348070834  0.648467836898743  3.296740032963073  13.958540119504804 -154.890473079056108
        0.000000000863656  3.274906282558866  22.971150818971019  7.688631792616132  12.605451564419383  0.000069362971995  0.648467836898743  3.296740032963073  13.958540119504804 -154.890473079056108
        0.000000006170365  3.274906282558866  22.971150818971019  7.688631792616132  12.605451564419383  0.000069348070834  0.648467851799904  3.296740032963073  13.958540119504804 -154.890473079056108
        0.000000007513335  3.274906282558866  22.971150818971019  7.688631792616132  12.605451564419383  0.000069348070834  0.648467836898743  3.296740082088328  13.958540119504804 -154.890473079056108
        0.000000006310885  3.274906282558866  22.971150818971019  7.688631792616132  12.605451564419383  0.000069348070834  0.648467836898743  3.296740032963073  13.958540327503259 -154.890473079056108
        0.000037777227665  3.274906282558866  22.971150818971019  7.688631792616132  12.605451564419383  0.000069348070834  0.648467836898743  3.296740032963073  13.958540119504804 -154.890475387104004
        0.000344975044672  3.274991050796199  22.973131274407418  7.685114554003242  12.605709681567898  0.010820654630089  0.648712916813427  3.296645608028370  13.956606143752939 -154.890472847195042
        0.000000018690919  3.274991099597369  22.973131274407418  7.685114554003242  12.605709681567898  0.010820654630089  0.648712916813427  3.296645608028370  13.956606143752939 -154.890472847195042
        0.000000019277989  3.274991050796199  22.973131616733749  7.685114554003242  12.605709681567898  0.010820654630089  0.648712916813427  3.296645608028370  13.956606143752939 -154.890472847195042
        0.000000002099821  3.274991050796199  22.973131274407418  7.685114668520373  12.605709681567898  0.010820654630089  0.648712916813427  3.296645608028370  13.956606143752939 -154.890472847195042
        0.000000000694721  3.274991050796199  22.973131274407418  7.685114554003242  12.605709869407610  0.010820654630089  0.648712916813427  3.296645608028370  13.956606143752939 -154.890472847195042
        0.000000000864279  3.274991050796199  22.973131274407418  7.685114554003242  12.605709681567898  0.010820669531250  0.648712916813427  3.296645608028370  13.956606143752939 -154.890472847195042
        0.000000006173655  3.274991050796199  22.973131274407418  7.685114554003242  12.605709681567898  0.010820654630089  0.648712931714588  3.296645608028370  13.956606143752939 -154.890472847195042
        0.000000007520094  3.274991050796199  22.973131274407418  7.685114554003242  12.605709681567898  0.010820654630089  0.648712916813427  3.296645657152217  13.956606143752939 -154.890472847195042
        0.000000006307827  3.274991050796199  22.973131274407418  7.685114554003242  12.605709681567898  0.010820654630089  0.648712916813427  3.296645608028370  13.956606351722577 -154.890472847195042
        0.000037777227529  3.274991050796199  22.973131274407418  7.685114554003242  12.605709681567898  0.010820654630089  0.648712916813427  3.296645608028370  13.956606143752939 -154.890475155242939
        0.000247516034070  3.273965882650999  23.056743747909675  7.173756195987082  13.043166241141543  0.004526129955411  0.647547737798509  3.296316743638826  13.987045503331691 -154.890470045485898
        0.000000018696034  3.273965931436893  23.056743747909675  7.173756195987082  13.043166241141543  0.004526129955411  0.647547737798509  3.296316743638826  13.987045503331691 -154.890470045485898
        0.000000019281939  3.273965882650999  23.056744091481931  7.173756195987082  13.043166241141543  0.004526129955411  0.647547737798509  3.296316743638826  13.987045503331691 -154.890470045485898
        0.000000002108307  3.273965882650999  23.056743747909675  7.173756302884379  13.043166241141543  0.004526129955411  0.647547737798509  3.296316743638826  13.987045503331691 -154.890470045485898
        0.000000000749625  3.273965882650999  23.056743747909675  7.173756195987082  13.043166435499867  0.004526129955411  0.647547737798509  3.296316743638826  13.987045503331691 -154.890470045485898
        0.000000000895739  3.273965882650999  23.056743747909675  7.173756195987082  13.043166241141543  0.004526144856572  0.647547737798509  3.296316743638826  13.987045503331691 -154.890470045485898
        0.000000006190790  3.273965882650999  23.056743747909675  7.173756195987082  13.043166241141543  0.004526129955411  0.647547752699670  3.296316743638826  13.987045503331691 -154.890470045485898
        0.000000007547210  3.273965882650999  23.056743747909675  7.173756195987082  13.043166241141543  0.004526129955411  0.647547737798509  3.296316792757773  13.987045503331691 -154.890470045485898
        0.000000006296806  3.273965882650999  23.056743747909675  7.173756195987082  13.043166241141543  0.004526129955411  0.647547737798509  3.296316743638826  13.987045711754911 -154.890470045485898
        0.000037777224901  3.273965882650999  23.056743747909675  7.173756195987082  13.043166241141543  0.004526129955411  0.647547737798509  3.296316743638826  13.987045503331691 -154.890472353533767
        0.000087147878218  3.276297188268667  22.877367730107277  6.565433974425970  13.439203584846783  0.001423707242015  0.644327373973367  3.298848746493666  13.912017742280261 -154.890481111961236
        0.000000018683289  3.276297237089299  22.877367730107277  6.565433974425970  13.439203584846783  0.001423707242015  0.644327373973367  3.298848746493666  13.912017742280261 -154.890481111961236
        0.000000019259349  3.276297188268667  22.877368071006622  6.565433974425970  13.439203584846783  0.001423707242015  0.644327373973367  3.298848746493666  13.912017742280261 -154.890481111961236
        0.000000002115157  3.276297188268667  22.877367730107277  6.565434072258560  13.439203584846783  0.001423707242015  0.644327373973367  3.298848746493666  13.912017742280261 -154.890481111961236
        0.000000000810905  3.276297188268667  22.877367730107277  6.565433974425970  13.439203785106523  0.001423707242015  0.644327373973367  3.298848746493666  13.912017742280261 -154.890481111961236
        0.000000000930269  3.276297188268667  22.877367730107277  6.565433974425970  13.439203584846783  0.001423722143176  0.644327373973367  3.298848746493666  13.912017742280261 -154.890481111961236
        0.000000006207096  3.276297188268667  22.877367730107277  6.565433974425970  13.439203584846783  0.001423707242015  0.644327388874528  3.298848746493666  13.912017742280261 -154.890481111961236
        0.000000007535395  3.276297188268667  22.877367730107277  6.565433974425970  13.439203584846783  0.001423707242015  0.644327373973367  3.298848795650343  13.912017742280261 -154.890481111961236
        0.000000006317692  3.276297188268667  22.877367730107277  6.565433974425970  13.439203584846783  0.001423707242015  0.644327373973367  3.298848746493666  13.912017949585479 -154.890481111961236
        0.000037777235601  3.276297188268667  22.877367730107277  6.565433974425970  13.439203584846783  0.001423707242015  0.644327373973367  3.298848746493666  13.912017742280261 -154.890483420009275
        0.000420510315879  3.259579779765923  24.109401183832698  5.052035728053628  15.823918668058282  0.000891493813046  0.633375636292054  3.309651569278496  14.277334677528160 -154.890523685649953
        0.000413421680463  3.275566469074302  22.925119317411298  6.042389718800521  13.943001390757185  0.001042132112172  0.641240463240840  3.301842100255490  13.914472602645942 -154.890492344771843
        0.000000018682865  3.275566517884045  22.925119317411298  6.042389718800521  13.943001390757185  0.001042132112172  0.641240463240840  3.301842100255490  13.914472602645942 -154.890492344771843
        0.000000019252291  3.275566469074302  22.925119659022197  6.042389718800521  13.943001390757185  0.001042132112172  0.641240463240840  3.301842100255490  13.914472602645942 -154.890492344771843
        0.000000002121237  3.275566469074302  22.925119317411298  6.042389808839144  13.943001390757185  0.001042132112172  0.641240463240840  3.301842100255490  13.914472602645942 -154.890492344771843
        0.000000000869177  3.275566469074302  22.925119317411298  6.042389718800521  13.943001598524097  0.001042132112172  0.641240463240840  3.301842100255490  13.914472602645942 -154.890492344771843
        0.000000000964322  3.275566469074302  22.925119317411298  6.042389718800521  13.943001390757185  0.001042147013333  0.641240463240840  3.301842100255490  13.914472602645942 -154.890492344771843
        0.000000006220337  3.275566469074302  22.925119317411298  6.042389718800521  13.943001390757185  0.001042132112172  0.641240478142001  3.301842100255490  13.914472602645942 -154.890492344771843
        0.000000007548313  3.275566469074302  22.925119317411298  6.042389718800521  13.943001390757185  0.001042132112172  0.641240463240840  3.301842149456772  13.914472602645942 -154.890492344771843
        0.000000006306058  3.275566469074302  22.925119317411298  6.042389718800521  13.943001390757185  0.001042132112172  0.641240463240840  3.301842100255490  13.914472809987741 -154.890492344771843
        0.000037777246239  3.275566469074302  22.925119317411298  6.042389718800521  13.943001390757185  0.001042132112172  0.641240463240840  3.301842100255490  13.914472602645942 -154.890494652820024
        0.000042383540720  3.275578210127583  22.925020028368518  6.042142619207221  13.943250889774928  0.000196714669633  0.641254227021386  3.301854618333839  13.914048045718431 -154.890492431574529
        0.000000018682465  3.275578258937502  22.925020028368518  6.042142619207221  13.943250889774928  0.000196714669633  0.641254227021386  3.301854618333839  13.914048045718431 -154.890492431574529
        0.000000019251814  3.275578210127583  22.925020369977936  6.042142619207221  13.943250889774928  0.000196714669633  0.641254227021386  3.301854618333839  13.914048045718431 -154.890492431574529
        0.000000002121329  3.275578210127583  22.925020028368518  6.042142709242162  13.943250889774928  0.000196714669633  0.641254227021386  3.301854618333839  13.914048045718431 -154.890492431574529
        0.000000000869269  3.275578210127583  22.925020028368518  6.042142619207221  13.943251097545557  0.000196714669633  0.641254227021386  3.301854618333839  13.914048045718431 -154.890492431574529
        0.000000000964400  3.275578210127583  22.925020028368518  6.042142619207221  13.943250889774928  0.000196729570794  0.641254227021386  3.301854618333839  13.914048045718431 -154.890492431574529
        0.000000006220658  3.275578210127583  22.925020028368518  6.042142619207221  13.943250889774928  0.000196714669633  0.641254241922547  3.301854618333839  13.914048045718431 -154.890492431574529
        0.000000007548454  3.275578210127583  22.925020028368518  6.042142619207221  13.943250889774928  0.000196714669633  0.641254227021386  3.301854667535307  13.914048045718431 -154.890492431574529
        0.000000006306191  3.275578210127583  22.925020028368518  6.042142619207221  13.943250889774928  0.000196714669633  0.641254227021386  3.301854618333839  13.914048253053904 -154.890492431574529
        0.000037777246267  3.275578210127583  22.925020028368518  6.042142619207221  13.943250889774928  0.000196714669633  0.641254227021386  3.301854618333839  13.914048045718431 -154.890494739622710
        0.000086029531627  3.277829253192774  22.748421751402212  5.421504137422081  14.327517375587851  0.000022313074951  0.638244144383708  3.304592855559272  13.841057472446066 -154.890503501924144
        0.000000018670121  3.277829302036236  22.748421751402212  5.421504137422081  14.327517375587851  0.000022313074951  0.638244144383708  3.304592855559272  13.841057472446066 -154.890503501924144
        0.000000019229831  3.277829253192774  22.748422090380110  5.421504137422081  14.327517375587851  0.000022313074951  0.638244144383708  3.304592855559272  13.841057472446066 -154.890503501924144
        0.000000002128078  3.277829253192774  22.748421751402212  5.421504218208788  14.327517375587851  0.000022313074951  0.638244144383708  3.304592855559272  13.841057472446066 -154.890503501924144
        0.000000000930831  3.277829253192774  22.748421751402212  5.421504137422081  14.327517589084497  0.000022313074951  0.638244144383708  3.304592855559272  13.841057472446066 -154.890503501924144
        0.000000000998173  3.277829253192774  22.748421751402212  5.421504137422081  14.327517375587851  0.000022327976112  0.638244144383708  3.304592855559272  13.841057472446066 -154.890503501924144
        0.000000006231461  3.277829253192774  22.748421751402212  5.421504137422081  14.327517375587851  0.000022313074951  0.638244159284869  3.304592855559272  13.841057472446066 -154.890503501924144
        0.000000007532265  3.277829253192774  22.748421751402212  5.421504137422081  14.327517375587851  0.000022313074951  0.638244144383708  3.304592904801543  13.841057472446066 -154.890503501924144
        0.000000006325671  3.277829253192774  22.748421751402212  5.421504137422081  14.327517375587851  0.000022313074951  0.638244144383708  3.304592855559272  13.841057678693893 -154.890503501924144
        0.000037777257177  3.277829253192774  22.748421751402212  5.421504137422081  14.327517375587851  0.000022313074951  0.638244144383708  3.304592855559272  13.841057472446066 -154.890505809972495
        0.000140598389768  3.270720374009427  23.265334601394745  4.433192992661615  15.595208438990705  0.000013683541224  0.632412672963594  3.310786838752871  13.986785412782529 -154.890527866333912
        0.000000018692060  3.270720422746959  23.265334601394745  4.433192992661615  15.595208438990705  0.000013683541224  0.632412672963594  3.310786838752871  13.986785412782529 -154.890527866333912
        0.000000019246302  3.270720374009427  23.265334948075246  4.433192992661615  15.595208438990705  0.000013683541224  0.632412672963594  3.310786838752871  13.986785412782529 -154.890527866333912
        0.000000002139338  3.270720374009427  23.265334601394745  4.433193058721338  15.595208438990705  0.000013683541224  0.632412672963594  3.310786838752871  13.986785412782529 -154.890527866333912
        0.000000001044544  3.270720374009427  23.265334601394745  4.433192992661615  15.595208671377419  0.000013683541224  0.632412672963594  3.310786838752871  13.986785412782529 -154.890527866333912
        0.000000001066104  3.270720374009427  23.265334601394745  4.433192992661615  15.595208438990705  0.000013698442385  0.632412672963594  3.310786838752871  13.986785412782529 -154.890527866333912
        0.000000006248026  3.270720374009427  23.265334601394745  4.433192992661615  15.595208438990705  0.000013683541224  0.632412687864755  3.310786838752871  13.986785412782529 -154.890527866333912
        0.000000007598207  3.270720374009427  23.265334601394745  4.433192992661615  15.595208438990705  0.000013683541224  0.632412672963594  3.310786888087439  13.986785412782529 -154.890527866333912
        0.000000006242840  3.270720374009427  23.265334601394745  4.433192992661615  15.595208438990705  0.000013683541224  0.632412672963594  3.310786838752871  13.986785621201873 -154.890527866333912
        0.000037777281409  3.270720374009427  23.265334601394745  4.433192992661615  15.595208438990705  0.000013683541224  0.632412672963594  3.310786838752871  13.986785412782529 -154.890530174382633
        0.000121576923571  3.270721031226223  23.267417464551691  4.436304894422046  15.594763046280612  0.003249524999280  0.632462963506894  3.310809413728892  13.986510998958185 -154.890528042090779
        0.000000018686154  3.270721079963764  23.267417464551691  4.436304894422046  15.594763046280612  0.003249524999280  0.632462963506894  3.310809413728892  13.986510998958185 -154.890528042090779
        0.000000019239218  3.270721031226223  23.267417811263229  4.436304894422046  15.594763046280612  0.003249524999280  0.632462963506894  3.310809413728892  13.986510998958185 -154.890528042090779
        0.000000002139516  3.270721031226223  23.267417464551691  4.436304960528140  15.594763046280612  0.003249524999280  0.632462963506894  3.310809413728892  13.986510998958185 -154.890528042090779
        0.000000001044443  3.270721031226223  23.267417464551691  4.436304894422046  15.594763278660690  0.003249524999280  0.632462963506894  3.310809413728892  13.986510998958185 -154.890528042090779
        0.000000001066150  3.270721031226223  23.267417464551691  4.436304894422046  15.594763046280612  0.003249539900441  0.632462963506894  3.310809413728892  13.986510998958185 -154.890528042090779
        0.000000006248937  3.270721031226223  23.267417464551691  4.436304894422046  15.594763046280612  0.003249524999280  0.632462978408055  3.310809413728892  13.986510998958185 -154.890528042090779
        0.000000007600218  3.270721031226223  23.267417464551691  4.436304894422046  15.594763046280612  0.003249524999280  0.632462963506894  3.310809463063797  13.986510998958185 -154.890528042090779
        0.000000006241659  3.270721031226223  23.267417464551691  4.436304894422046  15.594763046280612  0.003249524999280  0.632462963506894  3.310809413728892  13.986511207373439 -154.890528042090779
        0.000037777281519  3.270721031226223  23.267417464551691  4.436304894422046  15.594763046280612  0.003249524999280  0.632462963506894  3.310809413728892  13.986510998958185 -154.890530350139500
        0.000064880976194  3.269842436312651  23.337476098897032  4.231603938806017  15.807629555349109  0.000496338396609  0.631742777533381  3.311610782225417  14.005364546626636 -154.890531037056604
        0.000000018687386  3.269842485037101  23.337476098897032  4.231603938806017  15.807629555349109  0.000496338396609  0.631742777533381  3.311610782225417  14.005364546626636 -154.890531037056604
        0.000000019239128  3.269842436312651  23.337476446652524  4.231603938806017  15.807629555349109  0.000496338396609  0.631742777533381  3.311610782225417  14.005364546626636 -154.890531037056604
        0.000000002142689  3.269842436312651  23.337476098897032  4.231604001861829  15.807629555349109  0.000496338396609  0.631742777533381  3.311610782225417  14.005364546626636 -154.890531037056604
        0.000000001066044  3.269842436312651  23.337476098897032  4.231603938806017  15.807629790901146  0.000496338396609  0.631742777533381  3.311610782225417  14.005364546626636 -154.890531037056604
        0.000000001078597  3.269842436312651  23.337476098897032  4.231603938806017  15.807629555349109  0.000496353297771  0.631742777533381  3.311610782225417  14.005364546626636 -154.890531037056604
        0.000000006253610  3.269842436312651  23.337476098897032  4.231603938806017  15.807629555349109  0.000496338396609  0.631742792434542  3.311610782225417  14.005364546626636 -154.890531037056604
        0.000000007611123  3.269842436312651  23.337476098897032  4.231603938806017  15.807629555349109  0.000496338396609  0.631742777533381  3.311610831572263  14.005364546626636 -154.890531037056604
        0.000000006231392  3.269842436312651  23.337476098897032  4.231603938806017  15.807629555349109  0.000496338396609  0.631742777533381  3.311610782225417  14.005364755322830 -154.890531037056604
        0.000037777284340  3.269842436312651  23.337476098897032  4.231603938806017  15.807629555349109  0.000496338396609  0.631742777533381  3.311610782225417  14.005364546626636 -154.890533345105382
        0.000046891512969  3.270047753716155  23.318239729334042  3.915693744807900  16.041602497752393  0.000375975341289  0.630435655427260  3.313019628164857  13.992620620311934 -154.890536487700899
        0.000000018685490  3.270047802443664  23.318239729334042  3.915693744807900  16.041602497752393  0.000375975341289  0.630435655427260  3.313019628164857  13.992620620311934 -154.890536487700899
        0.000000019233704  3.270047753716155  23.318240076802891  3.915693744807900  16.041602497752393  0.000375975341289  0.630435655427260  3.313019628164857  13.992620620311934 -154.890536487700899
        0.000000002146335  3.270047753716155  23.318239729334042  3.915693803156284  16.041602497752393  0.000375975341289  0.630435655427260  3.313019628164857  13.992620620311934 -154.890536487700899
        0.000000001096905  3.270047753716155  23.318239729334042  3.915693744807900  16.041602736790900  0.000375975341289  0.630435655427260  3.313019628164857  13.992620620311934 -154.890536487700899
        0.000000001095501  3.270047753716155  23.318239729334042  3.915693744807900  16.041602497752393  0.000375990242450  0.630435655427260  3.313019628164857  13.992620620311934 -154.890536487700899
        0.000000006256429  3.270047753716155  23.318239729334042  3.915693744807900  16.041602497752393  0.000375975341289  0.630435670328422  3.313019628164857  13.992620620311934 -154.890536487700899
        0.000000007608864  3.270047753716155  23.318239729334042  3.915693744807900  16.041602497752393  0.000375975341289  0.630435655427260  3.313019677532697  13.992620620311934 -154.890536487700899
        0.000000006231628  3.270047753716155  23.318239729334042  3.915693744807900  16.041602497752393  0.000375975341289  0.630435655427260  3.313019628164857  13.992620828818229 -154.890536487700899
        0.000037777289515  3.270047753716155  23.318239729334042  3.915693744807900  16.041602497752393  0.000375975341289  0.630435655427260  3.313019628164857  13.992620620311934 -154.890538795749762
        0.000059119039901  3.264052226239959  23.773361290382748  3.480427953397897  16.765645497881000  0.000087945973180  0.628143445171247  3.315777779868238  14.130896883032937 -154.890547492644600
        0.000000018703782  3.264052274878127  23.773361290382748  3.480427953397897  16.765645497881000  0.000087945973180  0.628143445171247  3.315777779868238  14.130896883032937 -154.890547492644600
        0.000000019252926  3.264052226239959  23.773361644633436  3.480427953397897  16.765645497881000  0.000087945973180  0.628143445171247  3.315777779868238  14.130896883032937 -154.890547492644600
        0.000000002151290  3.264052226239959  23.773361290382748  3.480428005260315  16.765645497881000  0.000087945973180  0.628143445171247  3.315777779868238  14.130896883032937 -154.890547492644600
        0.000000001145873  3.264052226239959  23.773361290382748  3.480427953397897  16.765645747708586  0.000087945973180  0.628143445171247  3.315777779868238  14.130896883032937 -154.890547492644600
        0.000000001125697  3.264052226239959  23.773361290382748  3.480427953397897  16.765645497881000  0.000087960874341  0.628143445171247  3.315777779868238  14.130896883032937 -154.890547492644600
        0.000000006261106  3.264052226239959  23.773361290382748  3.480427953397897  16.765645497881000  0.000087945973180  0.628143460072409  3.315777779868238  14.130896883032937 -154.890547492644600
        0.000000007661394  3.264052226239959  23.773361290382748  3.480427953397897  16.765645497881000  0.000087945973180  0.628143445171247  3.315777829277177  14.130896883032937 -154.890547492644600
        0.000000006164846  3.264052226239959  23.773361290382748  3.480427953397897  16.765645497881000  0.000087945973180  0.628143445171247  3.315777779868238  14.130897093599710 -154.890547492644600
        0.000037777300205  3.264052226239959  23.773361290382748  3.480427953397897  16.765645497881000  0.000087945973180  0.628143445171247  3.315777779868238  14.130896883032937 -154.890549800693606
        0.000063986422563  3.264053205361283  23.774062568761558  3.482480916394863  16.764778581026082  0.001100913100026  0.628163896117878  3.315783889320218  14.130788453285259 -154.890547549921479
        0.000000018701828  3.264053253999466  23.774062568761558  3.482480916394863  16.764778581026082  0.001100913100026  0.628163896117878  3.315783889320218  14.130788453285259 -154.890547549921479
        0.000000019250598  3.264053205361283  23.774062923022697  3.482480916394863  16.764778581026082  0.001100913100026  0.628163896117878  3.315783889320218  14.130788453285259 -154.890547549921479
        0.000000002151341  3.264053205361283  23.774062568761558  3.482480968287872  16.764778581026082  0.001100913100026  0.628163896117878  3.315783889320218  14.130788453285259 -154.890547549921479
        0.000000001145748  3.264053205361283  23.774062568761558  3.482480916394863  16.764778830840751  0.001100913100026  0.628163896117878  3.315783889320218  14.130788453285259 -154.890547549921479
        0.000000001125665  3.264053205361283  23.774062568761558  3.482480916394863  16.764778581026082  0.001100928001188  0.628163896117878  3.315783889320218  14.130788453285259 -154.890547549921479
        0.000000006261455  3.264053205361283  23.774062568761558  3.482480916394863  16.764778581026082  0.001100913100026  0.628163911019039  3.315783889320218  14.130788453285259 -154.890547549921479
        0.000000007662079  3.264053205361283  23.774062568761558  3.482480916394863  16.764778581026082  0.001100913100026  0.628163896117878  3.315783938729248  14.130788453285259 -154.890547549921479
        0.000000006164482  3.264053205361283  23.774062568761558  3.482480916394863  16.764778581026082  0.001100913100026  0.628163896117878  3.315783889320218  14.130788663850415 -154.890547549921479
        0.000037777300236  3.264053205361283  23.774062568761558  3.482480916394863  16.764778581026082  0.001100913100026  0.628163896117878  3.315783889320218  14.130788453285259 -154.890549857970484
        0.000040075054311  3.264321384790017  23.754981841135681  3.421612699076936  16.795664891652770  0.000090863218055  0.627972010756317  3.316019127275246  14.122986283840048 -154.890548448983424
        0.000000018700501  3.264321433432196  23.754981841135681  3.421612699076936  16.795664891652770  0.000090863218055  0.627972010756317  3.316019127275246  14.122986283840048 -154.890548448983424
        0.000000019248314  3.264321384790017  23.754982195112493  3.421612699076936  16.795664891652770  0.000090863218055  0.627972010756317  3.316019127275246  14.122986283840048 -154.890548448983424
        0.000000002152279  3.264321384790017  23.754981841135681  3.421612750062938  16.795664891652770  0.000090863218055  0.627972010756317  3.316019127275246  14.122986283840048 -154.890548448983424
        0.000000001151417  3.264321384790017  23.754981841135681  3.421612699076936  16.795665141927678  0.000090863218055  0.627972010756317  3.316019127275246  14.122986283840048 -154.890548448983424
        0.000000001128675  3.264321384790017  23.754981841135681  3.421612699076936  16.795664891652770  0.000090878119216  0.627972010756317  3.316019127275246  14.122986283840048 -154.890548448983424
        0.000000006262561  3.264321384790017  23.754981841135681  3.421612699076936  16.795664891652770  0.000090863218055  0.627972025657478  3.316019127275246  14.122986283840048 -154.890548448983424
        0.000000007660253  3.264321384790017  23.754981841135681  3.421612699076936  16.795664891652770  0.000090863218055  0.627972010756317  3.316019176687782  14.122986283840048 -154.890548448983424
        0.000000006167101  3.264321384790017  23.754981841135681  3.421612699076936  16.795664891652770  0.000090863218055  0.627972010756317  3.316019127275246  14.122986494288943 -154.890548448983424
        0.000037777301144  3.264321384790017  23.754981841135681  3.421612699076936  16.795664891652770  0.000090863218055  0.627972010756317  3.316019127275246  14.122986283840048 -154.890550757032457
        0.000034349316154  3.261660108088831  23.965105889776599  3.383918639142935  16.996598318737977  0.000043654157014  0.627714369243197  3.316314956818531  14.190820937652250 -154.890549545290298
        0.000000018709555  3.261660156691354  23.965105889776599  3.383918639142935  16.996598318737977  0.000043654157014  0.627714369243197  3.316314956818531  14.190820937652250 -154.890549545290298
        0.000000019259501  3.261660108088831  23.965106246884503  3.383918639142935  16.996598318737977  0.000043654157014  0.627714369243197  3.316314956818531  14.190820937652250 -154.890549545290298
        0.000000002153071  3.261660108088831  23.965105889776599  3.383918689567252  16.996598318737977  0.000043654157014  0.627714369243197  3.316314956818531  14.190820937652250 -154.890549545290298
        0.000000001157814  3.261660108088831  23.965105889776599  3.383918639142935  16.996598572007027  0.000043654157014  0.627714369243197  3.316314956818531  14.190820937652250 -154.890549545290298
        0.000000001133631  3.261660108088831  23.965105889776599  3.383918639142935  16.996598318737977  0.000043669058175  0.627714369243197  3.316314956818531  14.190820937652250 -154.890549545290298
        0.000000006264708  3.261660108088831  23.965105889776599  3.383918639142935  16.996598318737977  0.000043654157014  0.627714384144358  3.316314956818531  14.190820937652250 -154.890549545290298
        0.000000007686001  3.261660108088831  23.965105889776599  3.383918639142935  16.996598318737977  0.000043654157014  0.627714369243197  3.316315006235475  14.190820937652250 -154.890549545290298
        0.000000006138895  3.261660108088831  23.965105889776599  3.383918639142935  16.996598318737977  0.000043654157014  0.627714369243197  3.316314956818531  14.190821149111960 -154.890549545290298
        0.000037777301864  3.261660108088831  23.965105889776599  3.383918639142935  16.996598318737977  0.000043654157014  0.627714369243197  3.316314956818531  14.190820937652250 -154.890551853339332
        0.000038963291427  3.261596661311251  23.970226375271974  3.384817626348778  17.000106427996116  0.000053575503491  0.627716098178514  3.316315392547208  14.192473372208379 -154.890549550227121
        0.000000018709686  3.261596709912828  23.970226375271974  3.384817626348778  17.000106427996116  0.000053575503491  0.627716098178514  3.316315392547208  14.192473372208379 -154.890549550227121
        0.000000019259693  3.261596661311251  23.970226732456180  3.384817626348778  17.000106427996116  0.000053575503491  0.627716098178514  3.316315392547208  14.192473372208379 -154.890549550227121
        0.000000002153075  3.261596661311251  23.970226375271974  3.384817676786491  17.000106427996116  0.000053575503491  0.627716098178514  3.316315392547208  14.192473372208379 -154.890549550227121
        0.000000001157815  3.261596661311251  23.970226375271974  3.384817626348778  17.000106681317440  0.000053575503491  0.627716098178514  3.316315392547208  14.192473372208379 -154.890549550227121
        0.000000001133688  3.261596661311251  23.970226375271974  3.384817626348778  17.000106427996116  0.000053590404652  0.627716098178514  3.316315392547208  14.192473372208379 -154.890549550227121
        0.000000006264784  3.261596661311251  23.970226375271974  3.384817626348778  17.000106427996116  0.000053575503491  0.627716113079675  3.316315392547208  14.192473372208379 -154.890549550227121
        0.000000007686666  3.261596661311251  23.970226375271974  3.384817626348778  17.000106427996116  0.000053575503491  0.627716098178514  3.316315441964158  14.192473372208379 -154.890549550227121
        0.000000006138200  3.261596661311251  23.970226375271974  3.384817626348778  17.000106427996116  0.000053575503491  0.627716098178514  3.316315392547208  14.192473583692713 -154.890549550227121
        0.000037777301876  3.261596661311251  23.970226375271974  3.384817626348778  17.000106427996116  0.000053575503491  0.627716098178514  3.316315392547208  14.192473372208379 -154.890551858276154
        0.000060500009113  3.251495859048928  24.774623048147436  3.526881716031202  17.548112408190445  0.000035900439012  0.627837975863097  3.316159621336007  14.457294364786721 -154.890548911999048
        0.000044744297808  3.259037774252620  24.175047662007799  3.440569815285645  17.124157457569321  0.000033786110312  0.627832084762920  3.316164307947382  14.260350877561368 -154.890548935615897
        0.000003062488029  3.260971711695818  24.021215681189659  3.412459322810539  17.020100139929614  0.000025972466515  0.627805516902680  3.316196331002654  14.209674542497494 -154.890549064768095
        0.000001481337041  3.261483447119128  23.980310676003548  3.394246667361001  17.000917548026234  0.000004296024104  0.627753088728509  3.316260642423222  14.195940967014913 -154.890549321922634
        0.000000018710195  3.261483495719019  23.980310676003548  3.394246667361001  17.000917548026234  0.000004296024104  0.627753088728509  3.316260642423222  14.195940967014913 -154.890549321922634
        0.000000019260355  3.261483447119128  23.980311033338022  3.394246667361001  17.000917548026234  0.000004296024104  0.627753088728509  3.316260642423222  14.195940967014913 -154.890549321922634
        0.000000002153098  3.261483447119128  23.980310676003548  3.394246717939218  17.000917548026234  0.000004296024104  0.627753088728509  3.316260642423222  14.195940967014913 -154.890549321922634
        0.000000001157129  3.261483447119128  23.980310676003548  3.394246667361001  17.000917801359645  0.000004296024104  0.627753088728509  3.316260642423222  14.195940967014913 -154.890549321922634
        0.000000001133394  3.261483447119128  23.980310676003548  3.394246667361001  17.000917548026234  0.000004310925266  0.627753088728509  3.316260642423222  14.195940967014913 -154.890549321922634
        0.000000006265140  3.261483447119128  23.980310676003548  3.394246667361001  17.000917548026234  0.000004296024104  0.627753103629670  3.316260642423222  14.195940967014913 -154.890549321922634
        0.000000007688205  3.261483447119128  23.980310676003548  3.394246667361001  17.000917548026234  0.000004296024104  0.627753088728509  3.316260691839356  14.195940967014913 -154.890549321922634
        0.000000006137155  3.261483447119128  23.980310676003548  3.394246667361001  17.000917548026234  0.000004296024104  0.627753088728509  3.316260642423222  14.195941178550918 -154.890549321922634
        0.000037777301614  3.261483447119128  23.980310676003548  3.394246667361001  17.000917548026234  0.000004296024104  0.627753088728509  3.316260642423222  14.195940967014913 -154.890551629971668
2022-08-18 10:02:24.434488
