/projects/wagner/highthroughput/mick_graphene_paper/3_data/1_kc_fitting
2023-06-01 19:11:03.050988
use a starting guess from the old fit
starting guess parameters:  [ 3.37942338e+00  1.81846722e+01  1.33942071e+01  3.55913531e-03
  6.07493500e+00  7.19345289e-01  3.29308248e+00  1.39067829e+01
 -1.54589368e+02]
     1025.507820120405995  3.379423382381699  18.184672181803677  13.394207130830571  0.003559135312169  6.074935002291668  0.719345289329483  3.293082477932360  13.906782892134125 -154.589367648541639
        0.000000014064352  3.379423432739032  18.184672181803677  13.394207130830571  0.003559135312169  6.074935002291668  0.719345289329483  3.293082477932360  13.906782892134125 -154.589367648541639
        0.000000012948553  3.379423382381699  18.184672452776407  13.394207130830571  0.003559135312169  6.074935002291668  0.719345289329483  3.293082477932360  13.906782892134125 -154.589367648541639
        0.000000001160716  3.379423382381699  18.184672181803677  13.394207330419810  0.003559135312169  6.074935002291668  0.719345289329483  3.293082477932360  13.906782892134125 -154.589367648541639
        0.000000000478097  3.379423382381699  18.184672181803677  13.394207130830571  0.003559150213330  6.074935002291668  0.719345289329483  3.293082477932360  13.906782892134125 -154.589367648541639
        0.000000000825815  3.379423382381699  18.184672181803677  13.394207130830571  0.003559135312169  6.074935092815254  0.719345289329483  3.293082477932360  13.906782892134125 -154.589367648541639
        0.000000002214007  3.379423382381699  18.184672181803677  13.394207130830571  0.003559135312169  6.074935002291668  0.719345304230644  3.293082477932360  13.906782892134125 -154.589367648541639
        0.000000002625951  3.379423382381699  18.184672181803677  13.394207130830571  0.003559135312169  6.074935002291668  0.719345289329483  3.293082527003112  13.906782892134125 -154.589367648541639
        0.000000004345417  3.379423382381699  18.184672181803677  13.394207130830571  0.003559135312169  6.074935002291668  0.719345289329483  3.293082477932360  13.906783099361338 -154.589367648541639
        0.000015277412315  3.379423382381699  18.184672181803677  13.394207130830571  0.003559135312169  6.074935002291668  0.719345289329483  3.293082477932360  13.906782892134125 -154.589369952102714
        0.001097293272728  3.370614131559428  18.331436632386023  13.432131602750633  0.003521583280100  6.016328665206411  0.713116679028878  3.363411707383439  13.748834909504666 -154.589569432584341
        0.000000014382249  3.370614181785493  18.331436632386023  13.432131602750633  0.003521583280100  6.016328665206411  0.713116679028878  3.363411707383439  13.748834909504666 -154.589569432584341
        0.000000013259678  3.370614131559428  18.331436905545715  13.432131602750633  0.003521583280100  6.016328665206411  0.713116679028878  3.363411707383439  13.748834909504666 -154.589569432584341
        0.000000001164181  3.370614131559428  18.331436632386023  13.432131802904992  0.003521583280100  6.016328665206411  0.713116679028878  3.363411707383439  13.748834909504666 -154.589569432584341
        0.000000000466491  3.370614131559428  18.331436632386023  13.432131602750633  0.003521598181261  6.016328665206411  0.713116679028878  3.363411707383439  13.748834909504666 -154.589569432584341
        0.000000000791894  3.370614131559428  18.331436632386023  13.432131602750633  0.003521583280100  6.016328754856695  0.713116679028878  3.363411707383439  13.748834909504666 -154.589569432584341
        0.000000002200331  3.370614131559428  18.331436632386023  13.432131602750633  0.003521583280100  6.016328665206411  0.713116693930039  3.363411707383439  13.748834909504666 -154.589569432584341
        0.000000002589505  3.370614131559428  18.331436632386023  13.432131602750633  0.003521583280100  6.016328665206411  0.713116679028878  3.363411757502178  13.748834909504666 -154.589569432584341
        0.000000004244745  3.370614131559428  18.331436632386023  13.432131602750633  0.003521583280100  6.016328665206411  0.713116679028878  3.363411707383439  13.748835114378272 -154.589569432584341
        0.000015277504013  3.370614131559428  18.331436632386023  13.432131602750633  0.003521583280100  6.016328665206411  0.713116679028878  3.363411707383439  13.748834909504666 -154.589571736148429
        0.000130497163261  3.372293064202758  18.201596364914224  13.530239371328312  0.003515897984012  6.035136872869218  0.708740547723659  3.365441015048925  13.695904385749591 -154.589590223563960
        0.000000014421535  3.372293114453841  18.201596364914224  13.530239371328312  0.003515897984012  6.035136872869218  0.708740547723659  3.365441015048925  13.695904385749591 -154.589590223563960
        0.000000013303275  3.372293064202758  18.201596636139143  13.530239371328312  0.003515897984012  6.035136872869218  0.708740547723659  3.365441015048925  13.695904385749591 -154.589590223563960
        0.000000001162815  3.372293064202758  18.201596364914224  13.530239572944589  0.003515897984012  6.035136872869218  0.708740547723659  3.365441015048925  13.695904385749591 -154.589590223563960
        0.000000000469741  3.372293064202758  18.201596364914224  13.530239371328312  0.003515912885173  6.035136872869218  0.708740547723659  3.365441015048925  13.695904385749591 -154.589590223563960
        0.000000000799615  3.372293064202758  18.201596364914224  13.530239371328312  0.003515897984012  6.035136962799766  0.708740547723659  3.365441015048925  13.695904385749591 -154.589590223563960
        0.000000002205302  3.372293064202758  18.201596364914224  13.530239371328312  0.003515897984012  6.035136872869218  0.708740562624820  3.365441015048925  13.695904385749591 -154.589590223563960
        0.000000002593712  3.372293064202758  18.201596364914224  13.530239371328312  0.003515897984012  6.035136872869218  0.708740547723659  3.365441065197905  13.695904385749591 -154.589590223563960
        0.000000004256266  3.372293064202758  18.201596364914224  13.530239371328312  0.003515897984012  6.035136872869218  0.708740547723659  3.365441015048925  13.695904589834470 -154.589590223563960
        0.000015277508341  3.372293064202758  18.201596364914224  13.530239371328312  0.003515897984012  6.035136872869218  0.708740547723659  3.365441015048925  13.695904385749591 -154.589592527128360
        0.000017500272075  3.371520207166162  18.220160886100047  13.621827450711855  0.002990668136830  6.086258072271195  0.706934752191882  3.365744462037191  13.714124348442622 -154.589591105882533
        0.000000014417233  3.371520257405728  18.220160886100047  13.621827450711855  0.002990668136830  6.086258072271195  0.706934752191882  3.365744462037191  13.714124348442622 -154.589591105882533
        0.000000013302836  3.371520207166162  18.220161157601602  13.621827450711855  0.002990668136830  6.086258072271195  0.706934752191882  3.365744462037191  13.714124348442622 -154.589591105882533
        0.000000001161007  3.371520207166162  18.220160886100047  13.621827653692902  0.002990668136830  6.086258072271195  0.706934752191882  3.365744462037191  13.714124348442622 -154.589591105882533
        0.000000000470707  3.371520207166162  18.220160886100047  13.621827450711855  0.002990683037991  6.086258072271195  0.706934752191882  3.365744462037191  13.714124348442622 -154.589591105882533
        0.000000000805058  3.371520207166162  18.220160886100047  13.621827450711855  0.002990668136830  6.086258162963508  0.706934752191882  3.365744462037191  13.714124348442622 -154.589591105882533
        0.000000002202402  3.371520207166162  18.220160886100047  13.621827450711855  0.002990668136830  6.086258072271195  0.706934767093043  3.365744462037191  13.714124348442622 -154.589591105882533
        0.000000002601271  3.371520207166162  18.220160886100047  13.621827450711855  0.002990668136830  6.086258072271195  0.706934752191882  3.365744512190692  13.714124348442622 -154.589591105882533
        0.000000004247064  3.371520207166162  18.220160886100047  13.621827450711855  0.002990668136830  6.086258072271195  0.706934752191882  3.365744462037191  13.714124552798999 -154.589591105882533
        0.000015277508636  3.371520207166162  18.220160886100047  13.621827450711855  0.002990668136830  6.086258072271195  0.706934752191882  3.365744462037191  13.714124348442622 -154.589593409446962
        0.000015933886334  3.371542187776372  18.218808402779285  13.619760654742398  0.000129260783187  6.085810242451779  0.707015754292489  3.365744630314793  13.713588775333912 -154.589591103759858
        0.000000014417523  3.371542238016266  18.218808402779285  13.619760654742398  0.000129260783187  6.085810242451779  0.707015754292489  3.365744630314793  13.713588775333912 -154.589591103759858
        0.000000013303025  3.371542187776372  18.218808674260686  13.619760654742398  0.000129260783187  6.085810242451779  0.707015754292489  3.365744630314793  13.713588775333912 -154.589591103759858
        0.000000001160988  3.371542187776372  18.218808402779285  13.619760857692647  0.000129260783187  6.085810242451779  0.707015754292489  3.365744630314793  13.713588775333912 -154.589591103759858
        0.000000000470720  3.371542187776372  18.218808402779285  13.619760654742398  0.000129275684349  6.085810242451779  0.707015754292489  3.365744630314793  13.713588775333912 -154.589591103759858
        0.000000000805040  3.371542187776372  18.218808402779285  13.619760654742398  0.000129260783187  6.085810333137418  0.707015754292489  3.365744630314793  13.713588775333912 -154.589591103759858
        0.000000002202071  3.371542187776372  18.218808402779285  13.619760654742398  0.000129260783187  6.085810242451779  0.707015769193650  3.365744630314793  13.713588775333912 -154.589591103759858
        0.000000002600869  3.371542187776372  18.218808402779285  13.619760654742398  0.000129260783187  6.085810242451779  0.707015754292489  3.365744680468296  13.713588775333912 -154.589591103759858
        0.000000004247266  3.371542187776372  18.218808402779285  13.619760654742398  0.000129260783187  6.085810242451779  0.707015754292489  3.365744630314793  13.713588979682310 -154.589591103759858
        0.000015277508645  3.371542187776372  18.218808402779285  13.619760654742398  0.000129260783187  6.085810242451779  0.707015754292489  3.365744630314793  13.713588775333912 -154.589593407324287
2023-06-01 19:15:40.381391
