/projects/wagner/highthroughput/mick_graphene_paper/3_data/kc_fitting_dft
2022-08-18 11:41:51.040024
energy_inf: -154.87065645278034
     2535.672725874616845  3.416084000000000  20.021583000000000  10.905510700000001  4.275635400000000  0.010010836000000  0.844712200000000  2.936058400000000  14.313258800000000 -154.870656452780338
        0.000000018717218  3.416084050903618  20.021583000000000  10.905510700000001  4.275635400000000  0.010010836000000  0.844712200000000  2.936058400000000  14.313258800000000 -154.870656452780338
        0.000000019282189  3.416084000000000  20.021583298344837  10.905510700000001  4.275635400000000  0.010010836000000  0.844712200000000  2.936058400000000  14.313258800000000 -154.870656452780338
        0.000000002760085  3.416084000000000  20.021583000000000  10.905510862504773  4.275635400000000  0.010010836000000  0.844712200000000  2.936058400000000  14.313258800000000 -154.870656452780338
        0.000000000499340  3.416084000000000  20.021583000000000  10.905510700000001  4.275635463711932  0.010010836000000  0.844712200000000  2.936058400000000  14.313258800000000 -154.870656452780338
        0.000000000455390  3.416084000000000  20.021583000000000  10.905510700000001  4.275635400000000  0.010010850901161  0.844712200000000  2.936058400000000  14.313258800000000 -154.870656452780338
        0.000000007626080  3.416084000000000  20.021583000000000  10.905510700000001  4.275635400000000  0.010010836000000  0.844712214901161  2.936058400000000  14.313258800000000 -154.870656452780338
        0.000000008542471  3.416084000000000  20.021583000000000  10.905510700000001  4.275635400000000  0.010010836000000  0.844712200000000  2.936058443750679  14.313258800000000 -154.870656452780338
        0.000000009622645  3.416084000000000  20.021583000000000  10.905510700000001  4.275635400000000  0.010010836000000  0.844712200000000  2.936058400000000  14.313259013284176 -154.870656452780338
        0.000037770100898  3.416084000000000  20.021583000000000  10.905510700000001  4.275635400000000  0.010010836000000  0.844712200000000  2.936058400000000  14.313258800000000 -154.870658760532962
        0.286429632740472  3.386303886859004  2.204812641366811  0.054527553500000  7.303680393929074  27.354544250687024  0.243881937682748  2.935646584096531  14.288700230872847 -154.870586260358806
        0.192608689309196  3.365815809098938  17.470190665235720  9.306672473248010  5.661589449222859  7.979930883304468  0.705367278914718  2.896479246420067  14.272478984288968 -154.870575940894952
        0.000000016805014  3.365815859253502  17.470190665235720  9.306672473248010  5.661589449222859  7.979930883304468  0.705367278914718  2.896479246420067  14.272478984288968 -154.870575940894952
        0.000000015953295  3.365815809098938  17.470190925561848  9.306672473248010  5.661589449222859  7.979930883304468  0.705367278914718  2.896479246420067  14.272478984288968 -154.870575940894952
        0.000000002012552  3.365815809098938  17.470190665235720  9.306672611928237  5.661589449222859  7.979930883304468  0.705367278914718  2.896479246420067  14.272478984288968 -154.870575940894952
        0.000000000246902  3.365815809098938  17.470190665235720  9.306672473248010  5.661589533587116  7.979930883304468  0.705367278914718  2.896479246420067  14.272478984288968 -154.870575940894952
        0.000000001777109  3.365815809098938  17.470190665235720  9.306672473248010  5.661589449222859  7.979931002214705  0.705367278914718  2.896479246420067  14.272478984288968 -154.870575940894952
        0.000000004187510  3.365815809098938  17.470190665235720  9.306672473248010  5.661589449222859  7.979930883304468  0.705367293815879  2.896479246420067  14.272478984288968 -154.870575940894952
        0.000000009604597  3.365815809098938  17.470190665235720  9.306672473248010  5.661589449222859  7.979930883304468  0.705367278914718  2.896479289580971  14.272478984288968 -154.870575940894952
        0.000000006360610  3.365815809098938  17.470190665235720  9.306672473248010  5.661589449222859  7.979930883304468  0.705367278914718  2.896479246420067  14.272479196965477 -154.870575940894952
        0.000037770909167  3.365815809098938  17.470190665235720  9.306672473248010  5.661589449222859  7.979930883304468  0.705367278914718  2.896479246420067  14.272478984288968 -154.870578248646382
        0.029765848594089  3.354150453055682  23.947379569443026  15.783893436598362  1.489388986321176  0.300948786141954  0.974817067941456  2.898169124347005  14.269119256162449 -154.870367996581649
        0.021828270806413  3.358709089244271  19.574613798137882  9.788099717150725  6.251168592972932  5.741530187613067  0.765520727078976  2.916627337327031  14.269075679194843 -154.870343630718963
        0.000000017152536  3.358709139292937  19.574613798137882  9.788099717150725  6.251168592972932  5.741530187613067  0.765520727078976  2.916627337327031  14.269075679194843 -154.870343630718963
        0.000000016106929  3.358709089244271  19.574614089822358  9.788099717150725  6.251168592972932  5.741530187613067  0.765520727078976  2.916627337327031  14.269075679194843 -154.870343630718963
        0.000000002254259  3.358709089244271  19.574613798137882  9.788099863004778  6.251168592972932  5.741530187613067  0.765520727078976  2.916627337327031  14.269075679194843 -154.870343630718963
        0.000000000318978  3.358709089244271  19.574613798137882  9.788099717150725  6.251168686122603  5.741530187613067  0.765520727078976  2.916627337327031  14.269075679194843 -154.870343630718963
        0.000000000877924  3.358709089244271  19.574613798137882  9.788099717150725  6.251168592972932  5.741530273168534  0.765520727078976  2.916627337327031  14.269075679194843 -154.870343630718963
        0.000000005419817  3.358709089244271  19.574613798137882  9.788099717150725  6.251168592972932  5.741530187613067  0.765520741980137  2.916627337327031  14.269075679194843 -154.870343630718963
        0.000000009791746  3.358709089244271  19.574613798137882  9.788099717150725  6.251168592972932  5.741530187613067  0.765520727078976  2.916627380788166  14.269075679194843 -154.870343630718963
        0.000000006558981  3.358709089244271  19.574613798137882  9.788099717150725  6.251168592972932  5.741530187613067  0.765520727078976  2.916627337327031  14.269075891820640 -154.870343630718963
        0.000037770962957  3.358709089244271  19.574613798137882  9.788099717150725  6.251168592972932  5.741530187613067  0.765520727078976  2.916627337327031  14.269075679194843 -154.870345938466926
        0.003033395411021  3.363427376736233  19.499641455534380  9.932526963697610  6.261896512615802  5.734894981218606  0.763002727677723  2.901778982172770  14.438316568713114 -154.870059240591161
        0.000000017112796  3.363427426855206  19.499641455534380  9.932526963697610  6.261896512615802  5.734894981218606  0.763002727677723  2.901778982172770  14.438316568713114 -154.870059240591161
        0.000000016153182  3.363427376736233  19.499641746101680  9.932526963697610  6.261896512615802  5.734894981218606  0.763002727677723  2.901778982172770  14.438316568713114 -154.870059240591161
        0.000000002264866  3.363427376736233  19.499641455534380  9.932527111703795  6.261896512615802  5.734894981218606  0.763002727677723  2.901778982172770  14.438316568713114 -154.870059240591161
        0.000000000322227  3.363427376736233  19.499641455534380  9.932526963697610  6.261896605925331  5.734894981218606  0.763002727677723  2.901778982172770  14.438316568713114 -154.870059240591161
        0.000000000896770  3.363427376736233  19.499641455534380  9.932526963697610  6.261896512615802  5.734895066675200  0.763002727677723  2.901778982172770  14.438316568713114 -154.870059240591161
        0.000000005529234  3.363427376736233  19.499641455534380  9.932526963697610  6.261896512615802  5.734894981218606  0.763002742578885  2.901778982172770  14.438316568713114 -154.870059240591161
        0.000000009899321  3.363427376736233  19.499641455534380  9.932526963697610  6.261896512615802  5.734894981218606  0.763002727677723  2.901779025412646  14.438316568713114 -154.870059240591161
        0.000000006773988  3.363427376736233  19.499641455534380  9.932526963697610  6.261896512615802  5.734894981218606  0.763002727677723  2.901778982172770  14.438316783860797 -154.870059240591161
        0.000037770720035  3.363427376736233  19.499641455534380  9.932526963697610  6.261896512615802  5.734894981218606  0.763002727677723  2.901778982172770  14.438316568713114 -154.870061548334888
        0.005673703906452  3.375027305658294  22.644395064463776  12.745665271446875  6.035795562180999  1.020805203227915  0.867081095060011  2.850929839079781  14.431290078987677 -154.869807395231078
        0.005486390078226  3.375552600910579  20.053691943600096  10.391221247473855  6.540067520873063  4.352936294016224  0.787692979831140  2.871567496879416  14.425498226404260 -154.869803701813112
        0.000000017109571  3.375552651210232  20.053691943600096  10.391221247473855  6.540067520873063  4.352936294016224  0.787692979831140  2.871567496879416  14.425498226404260 -154.869803701813112
        0.000000016146504  3.375552600910579  20.053692242423391  10.391221247473855  6.540067520873063  4.352936294016224  0.787692979831140  2.871567496879416  14.425498226404260 -154.869803701813112
        0.000000002414814  3.375552600910579  20.053691943600096  10.391221402315118  6.540067520873063  4.352936294016224  0.787692979831140  2.871567496879416  14.425498226404260 -154.869803701813112
        0.000000000363390  3.375552600910579  20.053691943600096  10.391221247473855  6.540067618327663  4.352936294016224  0.787692979831140  2.871567496879416  14.425498226404260 -154.869803701813112
        0.000000000432769  3.375552600910579  20.053691943600096  10.391221247473855  6.540067520873063  4.352936358880029  0.787692979831140  2.871567496879416  14.425498226404260 -154.869803701813112
        0.000000006413713  3.375552600910579  20.053691943600096  10.391221247473855  6.540067520873063  4.352936294016224  0.787692994732301  2.871567496879416  14.425498226404260 -154.869803701813112
        0.000000010092086  3.375552600910579  20.053691943600096  10.391221247473855  6.540067520873063  4.352936294016224  0.787692979831140  2.871567539669106  14.425498226404260 -154.869803701813112
        0.000000007313923  3.375552600910579  20.053691943600096  10.391221247473855  6.540067520873063  4.352936294016224  0.787692979831140  2.871567496879416  14.425498441360935 -154.869803701813112
        0.000037770476271  3.375552600910579  20.053691943600096  10.391221247473855  6.540067520873063  4.352936294016224  0.787692979831140  2.871567496879416  14.425498226404260 -154.869806009553031
        0.000184538371203  3.376333752821705  20.081212806491131  10.461782466930492  6.559286503179216  4.325466786375848  0.787269312973202  2.867987249541283  14.441751939652908 -154.869777902416388
        0.000000017103212  3.376333803132999  20.081212806491131  10.461782466930492  6.559286503179216  4.325466786375848  0.787269312973202  2.867987249541283  14.441751939652908 -154.869777902416388
        0.000000016146342  3.376333752821705  20.081213105724519  10.461782466930492  6.559286503179216  4.325466786375848  0.787269312973202  2.867987249541283  14.441751939652908 -154.869777902416388
        0.000000002419632  3.376333752821705  20.081212806491131  10.461782622823199  6.559286503179216  4.325466786375848  0.787269312973202  2.867987249541283  14.441751939652908 -154.869777902416388
        0.000000000364984  3.376333752821705  20.081212806491131  10.461782466930492  6.559286600920201  4.325466786375848  0.787269312973202  2.867987249541283  14.441751939652908 -154.869777902416388
        0.000000000424707  3.376333752821705  20.081212806491131  10.461782466930492  6.559286503179216  4.325466850830326  0.787269312973202  2.867987249541283  14.441751939652908 -154.869777902416388
        0.000000006466503  3.376333752821705  20.081212806491131  10.461782466930492  6.559286503179216  4.325466786375848  0.787269327874363  2.867987249541283  14.441751939652908 -154.869777902416388
        0.000000010129877  3.376333752821705  20.081212806491131  10.461782466930492  6.559286503179216  4.325466786375848  0.787269312973202  2.867987292277623  14.441751939652908 -154.869777902416388
        0.000000007348800  3.376333752821705  20.081212806491131  10.461782466930492  6.559286503179216  4.325466786375848  0.787269312973202  2.867987249541283  14.441752154851782 -154.869777902416388
        0.000037770447495  3.376333752821705  20.081212806491131  10.461782466930492  6.559286503179216  4.325466786375848  0.787269312973202  2.867987249541283  14.441751939652908 -154.869780210155909
        0.000273710680561  3.396668684926809  20.906360829368477  11.579478230211256  6.229279529828341  1.503929078236731  0.836887830745360  2.851538354833635  13.916172584004515 -154.869778973443346
        0.000000017093987  3.396668735541116  20.906360829368477  11.579478230211256  6.229279529828341  1.503929078236731  0.836887830745360  2.851538354833635  13.916172584004515 -154.869778973443346
        0.000000016063593  3.396668684926809  20.906361140897531  11.579478230211256  6.229279529828341  1.503929078236731  0.836887830745360  2.851538354833635  13.916172584004515 -154.869778973443346
        0.000000002674357  3.396668684926809  20.906360829368477  11.579478402758928  6.229279529828341  1.503929078236731  0.836887830745360  2.851538354833635  13.916172584004515 -154.869778973443346
        0.000000000396128  3.396668684926809  20.906360829368477  11.579478230211256  6.229279622651839  1.503929078236731  0.836887830745360  2.851538354833635  13.916172584004515 -154.869778973443346
        0.000000000604923  3.396668684926809  20.906360829368477  11.579478230211256  6.229279529828341  1.503929100647021  0.836887830745360  2.851538354833635  13.916172584004515 -154.869778973443346
        0.000000007941190  3.396668684926809  20.906360829368477  11.579478230211256  6.229279529828341  1.503929078236731  0.836887845646522  2.851538354833635  13.916172584004515 -154.869778973443346
        0.000000009937123  3.396668684926809  20.906360829368477  11.579478230211256  6.229279529828341  1.503929078236731  0.836887830745360  2.851538397324868  13.916172584004515 -154.869778973443346
        0.000000008169806  3.396668684926809  20.906360829368477  11.579478230211256  6.229279529828341  1.503929078236731  0.836887830745360  2.851538354833635  13.916172791371647 -154.869778973443346
        0.000037770457179  3.396668684926809  20.906360829368477  11.579478230211256  6.229279529828341  1.503929078236731  0.836887830745360  2.851538354833635  13.916172584004515 -154.869781281182895
        0.000187996886109  3.397429598369028  20.917114092350182  11.552559471565569  6.246384408289395  1.498886887380066  0.836369945547489  2.849567043020995  13.917699359375829 -154.869773383611914
        0.000000017100004  3.397429648994674  20.917114092350182  11.552559471565569  6.246384408289395  1.498886887380066  0.836369945547489  2.849567043020995  13.917699359375829 -154.869773383611914
        0.000000016070288  3.397429598369028  20.917114404039470  11.552559471565569  6.246384408289395  1.498886887380066  0.836369945547489  2.849567043020995  13.917699359375829 -154.869773383611914
        0.000000002682464  3.397429598369028  20.917114092350182  11.552559643712121  6.246384408289395  1.498886887380066  0.836369945547489  2.849567043020995  13.917699359375829 -154.869773383611914
        0.000000000396189  3.397429598369028  20.917114092350182  11.552559471565569  6.246384501367776  1.498886887380066  0.836369945547489  2.849567043020995  13.917699359375829 -154.869773383611914
        0.000000000610288  3.397429598369028  20.917114092350182  11.552559471565569  6.246384408289395  1.498886909715221  0.836369945547489  2.849567043020995  13.917699359375829 -154.869773383611914
        0.000000007966709  3.397429598369028  20.917114092350182  11.552559471565569  6.246384408289395  1.498886887380066  0.836369960448650  2.849567043020995  13.917699359375829 -154.869773383611914
        0.000000009951245  3.397429598369028  20.917114092350182  11.552559471565569  6.246384408289395  1.498886887380066  0.836369945547489  2.849567085482853  13.917699359375829 -154.869773383611914
        0.000000008195681  3.397429598369028  20.917114092350182  11.552559471565569  6.246384408289395  1.498886887380066  0.836369945547489  2.849567043020995  13.917699566765711 -154.869773383611914
        0.000037770442906  3.397429598369028  20.917114092350182  11.552559471565569  6.246384408289395  1.498886887380066  0.836369945547489  2.849567043020995  13.917699359375829 -154.869775691351379
        0.000071959200983  3.406918174256446  20.925515153059578  11.685947968221631  6.274837142891665  0.722067437217973  0.845799299336832  2.845038019366958  13.679804460992846 -154.869775191824090
        0.000000017115641  3.406918225023483  20.925515153059578  11.685947968221631  6.274837142891665  0.722067437217973  0.845799299336832  2.845038019366958  13.679804460992846 -154.869775191824090
        0.000000016058900  3.406918174256446  20.925515464874053  11.685947968221631  6.274837142891665  0.722067437217973  0.845799299336832  2.845038019366958  13.679804460992846 -154.869775191824090
        0.000000002758443  3.406918174256446  20.925515153059578  11.685948142355826  6.274837142891665  0.722067437217973  0.845799299336832  2.845038019366958  13.679804460992846 -154.869775191824090
        0.000000000411793  3.406918174256446  20.925515153059578  11.685947968221631  6.274837236394025  0.722067437217973  0.845799299336832  2.845038019366958  13.679804460992846 -154.869775191824090
        0.000000000816367  3.406918174256446  20.925515153059578  11.685947968221631  6.274837142891665  0.722067452119134  0.845799299336832  2.845038019366958  13.679804460992846 -154.869775191824090
        0.000000008350420  3.406918174256446  20.925515153059578  11.685947968221631  6.274837142891665  0.722067437217973  0.845799314237993  2.845038019366958  13.679804460992846 -154.869775191824090
        0.000000009878788  3.406918174256446  20.925515153059578  11.685947968221631  6.274837142891665  0.722067437217973  0.845799299336832  2.845038061761329  13.679804460992846 -154.869775191824090
        0.000000008498568  3.406918174256446  20.925515153059578  11.685947968221631  6.274837142891665  0.722067437217973  0.845799299336832  2.845038019366958  13.679804664837818 -154.869775191824090
        0.000037770447868  3.406918174256446  20.925515153059578  11.685947968221631  6.274837142891665  0.722067437217973  0.845799299336832  2.845038019366958  13.679804460992846 -154.869777499563583
        0.000183284641220  3.408821260472469  21.299486114649863  12.019474721994056  6.336340908921071  0.112729308202091  0.854851165982620  2.840411104938842  13.638660324792545 -154.869772949216582
        0.000000017104837  3.408821311267864  21.299486114649863  12.019474721994056  6.336340908921071  0.112729308202091  0.854851165982620  2.840411104938842  13.638660324792545 -154.869772949216582
        0.000000016041679  3.408821260472469  21.299486432036939  12.019474721994056  6.336340908921071  0.112729308202091  0.854851165982620  2.840411104938842  13.638660324792545 -154.869772949216582
        0.000000002824540  3.408821260472469  21.299486114649863  12.019474901098187  6.336340908921071  0.112729308202091  0.854851165982620  2.840411104938842  13.638660324792545 -154.869772949216582
        0.000000000426508  3.408821260472469  21.299486114649863  12.019474721994056  6.336341003339908  0.112729308202091  0.854851165982620  2.840411104938842  13.638660324792545 -154.869772949216582
        0.000000000845130  3.408821260472469  21.299486114649863  12.019474721994056  6.336340908921071  0.112729323103252  0.854851165982620  2.840411104938842  13.638660324792545 -154.869772949216582
        0.000000008519668  3.408821260472469  21.299486114649863  12.019474721994056  6.336340908921071  0.112729308202091  0.854851180883781  2.840411104938842  13.638660324792545 -154.869772949216582
        0.000000009905812  3.408821260472469  21.299486114649863  12.019474721994056  6.336340908921071  0.112729308202091  0.854851165982620  2.840411147264265  13.638660324792545 -154.869772949216582
        0.000000008649253  3.408821260472469  21.299486114649863  12.019474721994056  6.336340908921071  0.112729308202091  0.854851165982620  2.840411104938842  13.638660528024420 -154.869772949216582
        0.000037770444387  3.408821260472469  21.299486114649863  12.019474721994056  6.336340908921071  0.112729308202091  0.854851165982620  2.840411104938842  13.638660324792545 -154.869775256956046
        0.000042889307016  3.408904310339681  21.295644384298672  12.017949869260466  6.334953753591684  0.111899917106217  0.854737971422416  2.840337689676451  13.636724495692281 -154.869773299608681
        0.000000017102224  3.408904361136313  21.295644384298672  12.017949869260466  6.334953753591684  0.111899917106217  0.854737971422416  2.840337689676451  13.636724495692281 -154.869773299608681
        0.000000016040943  3.408904310339681  21.295644701628500  12.017949869260466  6.334953753591684  0.111899917106217  0.854737971422416  2.840337689676451  13.636724495692281 -154.869773299608681
        0.000000002824488  3.408904310339681  21.295644384298672  12.017950048341874  6.334953753591684  0.111899917106217  0.854737971422416  2.840337689676451  13.636724495692281 -154.869773299608681
        0.000000000426577  3.408904310339681  21.295644384298672  12.017949869260466  6.334953847989850  0.111899917106217  0.854737971422416  2.840337689676451  13.636724495692281 -154.869773299608681
        0.000000000844918  3.408904310339681  21.295644384298672  12.017949869260466  6.334953753591684  0.111899932007379  0.854737971422416  2.840337689676451  13.636724495692281 -154.869773299608681
        0.000000008520960  3.408904310339681  21.295644384298672  12.017949869260466  6.334953753591684  0.111899917106217  0.854737986323577  2.840337689676451  13.636724495692281 -154.869773299608681
        0.000000009905038  3.408904310339681  21.295644384298672  12.017949869260466  6.334953753591684  0.111899917106217  0.854737971422416  2.840337732000781  13.636724495692281 -154.869773299608681
        0.000000008651357  3.408904310339681  21.295644384298672  12.017949869260466  6.334953753591684  0.111899917106217  0.854737971422416  2.840337689676451  13.636724698895311 -154.869773299608681
        0.000037770444356  3.408904310339681  21.295644384298672  12.017949869260466  6.334953753591684  0.111899917106217  0.854737971422416  2.840337689676451  13.636724495692281 -154.869775607348146
2022-08-18 12:37:57.818334
