/projects/wagner/highthroughput/mick_graphene_paper/3_data/1_kc_fitting
2023-06-01 19:06:47.818442
use a starting guess from the old fit
starting guess parameters:  [ 3.37006089e+00  2.17833385e+01  1.04693887e+01  8.86496249e+00
  1.31573765e-05  7.23952360e-01  3.28314592e+00  1.30901596e+01
 -1.54590379e+02]
     1025.509994320580063  3.370060885645178  21.783338516870739  10.469388694543325  8.864962486046355  0.000013157376477  0.723952360283636  3.283145920221462  13.090159601618883 -154.590378722241923
        0.000000012842762  3.370060935862998  21.783338516870739  10.469388694543325  8.864962486046355  0.000013157376477  0.723952360283636  3.283145920221462  13.090159601618883 -154.590378722241923
        0.000000011578739  3.370060885645178  21.783338841467778  10.469388694543325  8.864962486046355  0.000013157376477  0.723952360283636  3.283145920221462  13.090159601618883 -154.590378722241923
        0.000000001419287  3.370060885645178  21.783338516870739  10.469388850549374  8.864962486046355  0.000013157376477  0.723952360283636  3.283145920221462  13.090159601618883 -154.590378722241923
        0.000000000243239  3.370060885645178  21.783338516870739  10.469388694543325  8.864962618144590  0.000013157376477  0.723952360283636  3.283145920221462  13.090159601618883 -154.590378722241923
        0.000000000451910  3.370060885645178  21.783338516870739  10.469388694543325  8.864962486046355  0.000013172277638  0.723952360283636  3.283145920221462  13.090159601618883 -154.590378722241923
        0.000000003998539  3.370060885645178  21.783338516870739  10.469388694543325  8.864962486046355  0.000013157376477  0.723952375184798  3.283145920221462  13.090159601618883 -154.590378722241923
        0.000000003161800  3.370060885645178  21.783338516870739  10.469388694543325  8.864962486046355  0.000013157376477  0.723952360283636  3.283145969144149  13.090159601618883 -154.590378722241923
        0.000000004375995  3.370060885645178  21.783338516870739  10.469388694543325  8.864962486046355  0.000013157376477  0.723952360283636  3.283145920221462  13.090159796677462 -154.590378722241923
        0.000015277711498  3.370060885645178  21.783338516870739  10.469388694543325  8.864962486046355  0.000013157376477  0.723952360283636  3.283145920221462  13.090159601618883 -154.590381025818061
        0.000234461236384  3.370146214169365  21.783339449491944  10.469390198734468  8.864964841312309  0.000017006458513  0.724084617272963  3.283170385897100  13.090102515399870 -154.590349969032559
        0.000000012852375  3.370146264388457  21.783339449491944  10.469390198734468  8.864964841312309  0.000017006458513  0.724084617272963  3.283170385897100  13.090102515399870 -154.590349969032559
        0.000000011587308  3.370146214169365  21.783339774088997  10.469390198734468  8.864964841312309  0.000017006458513  0.724084617272963  3.283170385897100  13.090102515399870 -154.590349969032559
        0.000000001419731  3.370146214169365  21.783339449491944  10.469390354740538  8.864964841312309  0.000017006458513  0.724084617272963  3.283170385897100  13.090102515399870 -154.590349969032559
        0.000000000243374  3.370146214169365  21.783339449491944  10.469390198734468  8.864964973410579  0.000017006458513  0.724084617272963  3.283170385897100  13.090102515399870 -154.590349969032559
        0.000000000452132  3.370146214169365  21.783339449491944  10.469390198734468  8.864964841312309  0.000017021359674  0.724084617272963  3.283170385897100  13.090102515399870 -154.590349969032559
        0.000000003999562  3.370146214169365  21.783339449491944  10.469390198734468  8.864964841312309  0.000017006458513  0.724084632174124  3.283170385897100  13.090102515399870 -154.590349969032559
        0.000000003162128  3.370146214169365  21.783339449491944  10.469390198734468  8.864964841312309  0.000017006458513  0.724084617272963  3.283170434820151  13.090102515399870 -154.590349969032559
        0.000000004377585  3.370146214169365  21.783339449491944  10.469390198734468  8.864964841312309  0.000017006458513  0.724084617272963  3.283170385897100  13.090102710457598 -154.590349969032559
        0.000015277708280  3.370146214169365  21.783339449491944  10.469390198734468  8.864964841312309  0.000017006458513  0.724084617272963  3.283170385897100  13.090102515399870 -154.590352272608271
        0.000082969665509  3.370341787162364  21.783278958989072  10.469392682825942  8.864967634869604  0.000018106524778  0.724195370741764  3.283236612064553  13.090112284731902 -154.590360977010960
        0.000000012868495  3.370341837384370  21.783278958989072  10.469392682825942  8.864967634869604  0.000018106524778  0.724195370741764  3.283236612064553  13.090112284731902 -154.590360977010960
        0.000000011601712  3.370341787162364  21.783279283585223  10.469392682825942  8.864967634869604  0.000018106524778  0.724195370741764  3.283236612064553  13.090112284731902 -154.590360977010960
        0.000000001420683  3.370341787162364  21.783278958989072  10.469392838832050  8.864967634869604  0.000018106524778  0.724195370741764  3.283236612064553  13.090112284731902 -154.590360977010960
        0.000000000243588  3.370341787162364  21.783278958989072  10.469392682825942  8.864967766967915  0.000018106524778  0.724195370741764  3.283236612064553  13.090112284731902 -154.590360977010960
        0.000000000452519  3.370341787162364  21.783278958989072  10.469392682825942  8.864967634869604  0.000018121425939  0.724195370741764  3.283236612064553  13.090112284731902 -154.590360977010960
        0.000000004002089  3.370341787162364  21.783278958989072  10.469392682825942  8.864967634869604  0.000018106524778  0.724195385642925  3.283236612064553  13.090112284731902 -154.590360977010960
        0.000000003162897  3.370341787162364  21.783278958989072  10.469392682825942  8.864967634869604  0.000018106524778  0.724195370741764  3.283236660988591  13.090112284731902 -154.590360977010960
        0.000000004381200  3.370341787162364  21.783278958989072  10.469392682825942  8.864967634869604  0.000018106524778  0.724195370741764  3.283236612064553  13.090112479789775 -154.590360977010960
        0.000015277708545  3.370341787162364  21.783278958989072  10.469392682825942  8.864967634869604  0.000018106524778  0.724195370741764  3.283236612064553  13.090112284731902 -154.590363280586843
        0.000561257371737  3.364415420926412  21.779967531547197  11.245829481457417  7.949449441744334  0.000015361262937  0.735166807520888  3.320024556648404  13.150054058472918 -154.590328185679311
        0.000000013018093  3.364415471060108  21.779967531547197  11.245829481457417  7.949449441744334  0.000015361262937  0.735166807520888  3.320024556648404  13.150054058472918 -154.590328185679311
        0.000000011745281  3.364415420926412  21.779967856094004  11.245829481457417  7.949449441744334  0.000015361262937  0.735166807520888  3.320024556648404  13.150054058472918 -154.590328185679311
        0.000000001397497  3.364415420926412  21.779967531547197  11.245829649033334  7.949449441744334  0.000015361262937  0.735166807520888  3.320024556648404  13.150054058472918 -154.590328185679311
        0.000000000188447  3.364415420926412  21.779967531547197  11.245829481457417  7.949449560200361  0.000015361262937  0.735166807520888  3.320024556648404  13.150054058472918 -154.590328185679311
        0.000000000394285  3.364415420926412  21.779967531547197  11.245829481457417  7.949449441744334  0.000015376164099  0.735166807520888  3.320024556648404  13.150054058472918 -154.590328185679311
        0.000000003863983  3.364415420926412  21.779967531547197  11.245829481457417  7.949449441744334  0.000015361262937  0.735166822422050  3.320024556648404  13.150054058472918 -154.590328185679311
        0.000000003059656  3.364415420926412  21.779967531547197  11.245829481457417  7.949449441744334  0.000015361262937  0.735166807520888  3.320024606120625  13.150054058472918 -154.590328185679311
        0.000000004327821  3.364415420926412  21.779967531547197  11.245829481457417  7.949449441744334  0.000015361262937  0.735166807520888  3.320024556648404  13.150054254423994 -154.590328185679311
        0.000015277720203  3.364415420926412  21.779967531547197  11.245829481457417  7.949449441744334  0.000015361262937  0.735166807520888  3.320024556648404  13.150054058472918 -154.590330489254711
        0.000083315272099  3.364414788114951  21.782761574247825  11.249115178408370  7.947800090077616  0.003924433625805  0.735258529056117  3.320001020685396  13.150051800911786 -154.590328191041664
        0.000000013026902  3.364414838248638  21.782761574247825  11.249115178408370  7.947800090077616  0.003924433625805  0.735258529056117  3.320001020685396  13.150051800911786 -154.590328191041664
        0.000000011753218  3.364414788114951  21.782761898836267  11.249115178408370  7.947800090077616  0.003924433625805  0.735258529056117  3.320001020685396  13.150051800911786 -154.590328191041664
        0.000000001397659  3.364414788114951  21.782761574247825  11.249115346033250  7.947800090077616  0.003924433625805  0.735258529056117  3.320001020685396  13.150051800911786 -154.590328191041664
        0.000000000188400  3.364414788114951  21.782761574247825  11.249115178408370  7.947800208509066  0.003924433625805  0.735258529056117  3.320001020685396  13.150051800911786 -154.590328191041664
        0.000000000394258  3.364414788114951  21.782761574247825  11.249115178408370  7.947800090077616  0.003924448526966  0.735258529056117  3.320001020685396  13.150051800911786 -154.590328191041664
        0.000000003864247  3.364414788114951  21.782761574247825  11.249115178408370  7.947800090077616  0.003924433625805  0.735258543957278  3.320001020685396  13.150051800911786 -154.590328191041664
        0.000000003060052  3.364414788114951  21.782761574247825  11.249115178408370  7.947800090077616  0.003924433625805  0.735258529056117  3.320001070157267  13.150051800911786 -154.590328191041664
        0.000000004327910  3.364414788114951  21.782761574247825  11.249115178408370  7.947800090077616  0.003924433625805  0.735258529056117  3.320001020685396  13.150051996862828 -154.590328191041664
        0.000015277720186  3.364414788114951  21.782761574247825  11.249115178408370  7.947800090077616  0.003924433625805  0.735258529056117  3.320001020685396  13.150051800911786 -154.590330494617064
        0.000039673498986  3.366869838294532  21.617331248630066  11.130726631828214  7.898968738596546  0.000470303489767  0.735559561596372  3.319138773885039  13.098399322946614 -154.590326078759290
        0.000000013041456  3.366869888464803  21.617331248630066  11.130726631828214  7.898968738596546  0.000470303489767  0.735559561596372  3.319138773885039  13.098399322946614 -154.590326078759290
        0.000000011766049  3.366869838294532  21.617331570753404  11.130726631828214  7.898968738596546  0.000470303489767  0.735559561596372  3.319138773885039  13.098399322946614 -154.590326078759290
        0.000000001398678  3.366869838294532  21.617331248630066  11.130726797688965  7.898968738596546  0.000470303489767  0.735559561596372  3.319138773885039  13.098399322946614 -154.590326078759290
        0.000000000189484  3.366869838294532  21.617331248630066  11.130726631828214  7.898968856300352  0.000470303489767  0.735559561596372  3.319138773885039  13.098399322946614 -154.590326078759290
        0.000000000394419  3.366869838294532  21.617331248630066  11.130726631828214  7.898968738596546  0.000470318390929  0.735559561596372  3.319138773885039  13.098399322946614 -154.590326078759290
        0.000000003863664  3.366869838294532  21.617331248630066  11.130726631828214  7.898968738596546  0.000470303489767  0.735559576497533  3.319138773885039  13.098399322946614 -154.590326078759290
        0.000000003045943  3.366869838294532  21.617331248630066  11.130726631828214  7.898968738596546  0.000470303489767  0.735559561596372  3.319138823344061  13.098399322946614 -154.590326078759290
        0.000000004348500  3.366869838294532  21.617331248630066  11.130726631828214  7.898968738596546  0.000470303489767  0.735559561596372  3.319138773885039  13.098399518127973 -154.590326078759290
        0.000015277718896  3.366869838294532  21.617331248630066  11.130726631828214  7.898968738596546  0.000470303489767  0.735559561596372  3.319138773885039  13.098399322946614 -154.590328382334661
        0.000022882238921  3.362529148257633  21.933349928540004  11.267140537564565  8.034931467740375  0.000364742585706  0.735500586049053  3.318753516456016  13.202727497651709 -154.590325035441879
        0.000000013011044  3.362529198363222  21.933349928540004  11.267140537564565  8.034931467740375  0.000364742585706  0.735500586049053  3.318753516456016  13.202727497651709 -154.590325035441879
        0.000000011737563  3.362529148257633  21.933350255372385  11.267140537564565  8.034931467740375  0.000364742585706  0.735500586049053  3.318753516456016  13.202727497651709 -154.590325035441879
        0.000000001399095  3.362529148257633  21.933349928540004  11.267140705458042  8.034931467740375  0.000364742585706  0.735500586049053  3.318753516456016  13.202727497651709 -154.590325035441879
        0.000000000190546  3.362529148257633  21.933349928540004  11.267140537564565  8.034931587470183  0.000364742585706  0.735500586049053  3.318753516456016  13.202727497651709 -154.590325035441879
        0.000000000397661  3.362529148257633  21.933349928540004  11.267140537564565  8.034931467740375  0.000364757486867  0.735500586049053  3.318753516456016  13.202727497651709 -154.590325035441879
        0.000000003866526  3.362529148257633  21.933349928540004  11.267140537564565  8.034931467740375  0.000364742585706  0.735500600950214  3.318753516456016  13.202727497651709 -154.590325035441879
        0.000000003073717  3.362529148257633  21.933349928540004  11.267140537564565  8.034931467740375  0.000364742585706  0.735500586049053  3.318753565909297  13.202727497651709 -154.590325035441879
        0.000000004313921  3.362529148257633  21.933349928540004  11.267140537564565  8.034931467740375  0.000364742585706  0.735500586049053  3.318753516456016  13.202727694387681 -154.590325035441879
        0.000015277718253  3.362529148257633  21.933349928540004  11.267140537564565  8.034931467740375  0.000364742585706  0.735500586049053  3.318753516456016  13.202727497651709 -154.590327339017222
        0.000021931767478  3.362528992668915  21.933958452224349  11.267861105313120  8.034571987106023  0.000491789695527  0.735520354068070  3.318748429348988  13.202727390347754 -154.590325036537308
        0.000000013012108  3.362529042774501  21.933958452224349  11.267861105313120  8.034571987106023  0.000491789695527  0.735520354068070  3.318748429348988  13.202727390347754 -154.590325036537308
        0.000000011738524  3.362528992668915  21.933958779065801  11.267861105313120  8.034571987106023  0.000491789695527  0.735520354068070  3.318748429348988  13.202727390347754 -154.590325036537308
        0.000000001399109  3.362528992668915  21.933958452224349  11.267861273217335  8.034571987106023  0.000491789695527  0.735520354068070  3.318748429348988  13.202727390347754 -154.590325036537308
        0.000000000190536  3.362528992668915  21.933958452224349  11.267861105313120  8.034572106830476  0.000491789695527  0.735520354068070  3.318748429348988  13.202727390347754 -154.590325036537308
        0.000000000397649  3.362528992668915  21.933958452224349  11.267861105313120  8.034571987106023  0.000491804596688  0.735520354068070  3.318748429348988  13.202727390347754 -154.590325036537308
        0.000000003866563  3.362528992668915  21.933958452224349  11.267861105313120  8.034571987106023  0.000491789695527  0.735520368969231  3.318748429348988  13.202727390347754 -154.590325036537308
        0.000000003073745  3.362528992668915  21.933958452224349  11.267861105313120  8.034571987106023  0.000491789695527  0.735520354068070  3.318748478802193  13.202727390347754 -154.590325036537308
        0.000000004313943  3.362528992668915  21.933958452224349  11.267861105313120  8.034571987106023  0.000491789695527  0.735520354068070  3.318748429348988  13.202727587083723 -154.590325036537308
        0.000015277718266  3.362528992668915  21.933958452224349  11.267861105313120  8.034571987106023  0.000491789695527  0.735520354068070  3.318748429348988  13.202727390347754 -154.590327340112651
        0.122035936050721  3.663795450815947  0.004632527765441  0.000010407384735  0.007461695107144  0.000463155828124  0.735459646102279  3.318532426714107  6.106225348567496 -154.590324378092845
        0.118026929160929  3.437855057618951  16.452950448988510  8.470179616395367  5.997085746355324  0.000606542159477  0.735874962261123  3.318670690022878  11.429012113782713 -154.590324814423440
        0.003825109568649  3.381364401638752  20.564938676360569  10.582976525440193  7.502333988161618  0.000596856933133  0.735885299735622  3.318711319980372  12.759683895290971 -154.590324938136234
        0.000205485931567  3.365581035163700  21.713106649098055  11.166113025383776  7.934046545136863  0.000192107824053  0.735752677501288  3.318731482712947  13.131246774947613 -154.590324993929499
        0.000003606599667  3.362948658828942  21.904735014119399  11.262507724403681  8.007594816423095  0.000051795083497  0.735710547513958  3.318737211185783  13.193260082284434 -154.590325007989009
        0.000000013015410  3.362948708940782  21.904735014119399  11.262507724403681  8.007594816423095  0.000051795083497  0.735710547513958  3.318737211185783  13.193260082284434 -154.590325007989009
        0.000000011741340  3.362948658828942  21.904735340525388  11.262507724403681  8.007594816423095  0.000051795083497  0.735710547513958  3.318737211185783  13.193260082284434 -154.590325007989009
        0.000000001399052  3.362948658828942  21.904735014119399  11.262507892228124  8.007594816423095  0.000051795083497  0.735710547513958  3.318737211185783  13.193260082284434 -154.590325007989009
        0.000000000189890  3.362948658828942  21.904735014119399  11.262507724403681  8.007594935745557  0.000051795083497  0.735710547513958  3.318737211185783  13.193260082284434 -154.590325007989009
        0.000000000396568  3.362948658828942  21.904735014119399  11.262507724403681  8.007594816423095  0.000051809984659  0.735710547513958  3.318737211185783  13.193260082284434 -154.590325007989009
        0.000000003865199  3.362948658828942  21.904735014119399  11.262507724403681  8.007594816423095  0.000051795083497  0.735710562415119  3.318737211185783  13.193260082284434 -154.590325007989009
        0.000000003070135  3.362948658828942  21.904735014119399  11.262507724403681  8.007594816423095  0.000051795083497  0.735710547513958  3.318737260638821  13.193260082284434 -154.590325007989009
        0.000000004317456  3.362948658828942  21.904735014119399  11.262507724403681  8.007594816423095  0.000051795083497  0.735710547513958  3.318737211185783  13.193260278879329 -154.590325007989009
        0.000015277718189  3.362948658828942  21.904735014119399  11.262507724403681  8.007594816423095  0.000051795083497  0.735710547513958  3.318737211185783  13.193260082284434 -154.590327311564351
        0.000013771603847  3.360894237883067  22.054879571879759  11.319552357803886  8.096228923768704  0.000017332671969  0.735306245999313  3.318769954914739  13.241549920749156 -154.590325117732846
        0.000000013002140  3.360894287964293  22.054879571879759  11.319552357803886  8.096228923768704  0.000017332671969  0.735306245999313  3.318769954914739  13.241549920749156 -154.590325117732846
        0.000000011729359  3.360894237883067  22.054879900523076  11.319552357803886  8.096228923768704  0.000017332671969  0.735306245999313  3.318769954914739  13.241549920749156 -154.590325117732846
        0.000000001399353  3.360894237883067  22.054879571879759  11.319552526478359  8.096228923768704  0.000017332671969  0.735306245999313  3.318769954914739  13.241549920749156 -154.590325117732846
        0.000000000191249  3.360894237883067  22.054879571879759  11.319552357803886  8.096229044411917  0.000017332671969  0.735306245999313  3.318769954914739  13.241549920749156 -154.590325117732846
        0.000000000399358  3.360894237883067  22.054879571879759  11.319552357803886  8.096228923768704  0.000017347573130  0.735306245999313  3.318769954914739  13.241549920749156 -154.590325117732846
        0.000000003869107  3.360894237883067  22.054879571879759  11.319552357803886  8.096228923768704  0.000017332671969  0.735306260900475  3.318769954914739  13.241549920749156 -154.590325117732846
        0.000000003085312  3.360894237883067  22.054879571879759  11.319552357803886  8.096228923768704  0.000017332671969  0.735306245999313  3.318770004368265  13.241549920749156 -154.590325117732846
        0.000000004301057  3.360894237883067  22.054879571879759  11.319552357803886  8.096228923768704  0.000017332671969  0.735306245999313  3.318769954914739  13.241550118063627 -154.590325117732846
        0.000015277718223  3.360894237883067  22.054879571879759  11.319552357803886  8.096228923768704  0.000017332671969  0.735306245999313  3.318769954914739  13.241549920749156 -154.590327421308189
        0.000017492661252  3.360896409096338  22.054879617124431  11.319552377500042  8.096228961346537  0.000017356079337  0.735308627006723  3.318770269825387  13.241548337414049 -154.590324851171317
        0.000000013002356  3.360896459177597  22.054879617124431  11.319552377500042  8.096228961346537  0.000017356079337  0.735308627006723  3.318770269825387  13.241548337414049 -154.590324851171317
        0.000000011729565  3.360896409096338  22.054879945767748  11.319552377500042  8.096228961346537  0.000017356079337  0.735308627006723  3.318770269825387  13.241548337414049 -154.590324851171317
        0.000000001399349  3.360896409096338  22.054879617124431  11.319552546174517  8.096228961346537  0.000017356079337  0.735308627006723  3.318770269825387  13.241548337414049 -154.590324851171317
        0.000000000191269  3.360896409096338  22.054879617124431  11.319552377500042  8.096229081989749  0.000017356079337  0.735308627006723  3.318770269825387  13.241548337414049 -154.590324851171317
        0.000000000399386  3.360896409096338  22.054879617124431  11.319552377500042  8.096228961346537  0.000017370980498  0.735308627006723  3.318770269825387  13.241548337414049 -154.590324851171317
        0.000000003869131  3.360896409096338  22.054879617124431  11.319552377500042  8.096228961346537  0.000017356079337  0.735308641907884  3.318770269825387  13.241548337414049 -154.590324851171317
        0.000000003085319  3.360896409096338  22.054879617124431  11.319552377500042  8.096228961346537  0.000017356079337  0.735308627006723  3.318770319278918  13.241548337414049 -154.590324851171317
        0.000000004301112  3.360896409096338  22.054879617124431  11.319552377500042  8.096228961346537  0.000017356079337  0.735308627006723  3.318770269825387  13.241548534728494 -154.590324851171317
        0.000015277718193  3.360896409096338  22.054879617124431  11.319552377500042  8.096228961346537  0.000017356079337  0.735308627006723  3.318770269825387  13.241548337414049 -154.590327154746660
        0.000014529065690  3.360706914930338  22.069147625412562  11.327452549750069  8.100361518927526  0.000006767480543  0.735324563032628  3.318761670314303  13.246136046776902 -154.590325083598344
        0.000000013001446  3.360706965008774  22.069147625412562  11.327452549750069  8.100361518927526  0.000006767480543  0.735324563032628  3.318761670314303  13.246136046776902 -154.590325083598344
        0.000000011728661  3.360706914930338  22.069147954268487  11.327452549750069  8.100361518927526  0.000006767480543  0.735324563032628  3.318761670314303  13.246136046776902 -154.590325083598344
        0.000000001399377  3.360706914930338  22.069147625412562  11.327452718542265  8.100361518927526  0.000006767480543  0.735324563032628  3.318761670314303  13.246136046776902 -154.590325083598344
        0.000000000191214  3.360706914930338  22.069147625412562  11.327452549750069  8.100361639632318  0.000006767480543  0.735324563032628  3.318761670314303  13.246136046776902 -154.590325083598344
        0.000000000399404  3.360706914930338  22.069147625412562  11.327452549750069  8.100361518927526  0.000006782381704  0.735324563032628  3.318761670314303  13.246136046776902 -154.590325083598344
        0.000000003869188  3.360706914930338  22.069147625412562  11.327452549750069  8.100361518927526  0.000006767480543  0.735324577933789  3.318761670314303  13.246136046776902 -154.590325083598344
        0.000000003086459  3.360706914930338  22.069147625412562  11.327452549750069  8.100361518927526  0.000006767480543  0.735324563032628  3.318761719767706  13.246136046776902 -154.590325083598344
        0.000000004299626  3.360706914930338  22.069147625412562  11.327452549750069  8.100361518927526  0.000006767480543  0.735324563032628  3.318761670314303  13.246136244159711 -154.590325083598344
        0.000015277718168  3.360706914930338  22.069147625412562  11.327452549750069  8.100361518927526  0.000006767480543  0.735324563032628  3.318761670314303  13.246136046776902 -154.590327387173687
2023-06-01 19:18:12.340523
