/projects/wagner/highthroughput/mick_graphene_paper/3_data/1_kc_fitting
2023-06-01 19:09:53.322801
use a starting guess from the old fit
starting guess parameters:  [ 3.37006089e+00  2.17833385e+01  1.04693887e+01  8.86496249e+00
  1.31573765e-05  7.23952360e-01  3.28314592e+00  1.30901596e+01
 -1.54590379e+02]
     1025.509994320580063  3.370060885645178  21.783338516870739  10.469388694543325  8.864962486046355  0.000013157376477  0.723952360283636  3.283145920221462  13.090159601618883 -154.590378722241923
        0.000000012842762  3.370060935862998  21.783338516870739  10.469388694543325  8.864962486046355  0.000013157376477  0.723952360283636  3.283145920221462  13.090159601618883 -154.590378722241923
        0.000000011578739  3.370060885645178  21.783338841467778  10.469388694543325  8.864962486046355  0.000013157376477  0.723952360283636  3.283145920221462  13.090159601618883 -154.590378722241923
        0.000000001419287  3.370060885645178  21.783338516870739  10.469388850549374  8.864962486046355  0.000013157376477  0.723952360283636  3.283145920221462  13.090159601618883 -154.590378722241923
        0.000000000243239  3.370060885645178  21.783338516870739  10.469388694543325  8.864962618144590  0.000013157376477  0.723952360283636  3.283145920221462  13.090159601618883 -154.590378722241923
        0.000000000451910  3.370060885645178  21.783338516870739  10.469388694543325  8.864962486046355  0.000013172277638  0.723952360283636  3.283145920221462  13.090159601618883 -154.590378722241923
        0.000000003998539  3.370060885645178  21.783338516870739  10.469388694543325  8.864962486046355  0.000013157376477  0.723952375184798  3.283145920221462  13.090159601618883 -154.590378722241923
        0.000000003161800  3.370060885645178  21.783338516870739  10.469388694543325  8.864962486046355  0.000013157376477  0.723952360283636  3.283145969144149  13.090159601618883 -154.590378722241923
        0.000000004375995  3.370060885645178  21.783338516870739  10.469388694543325  8.864962486046355  0.000013157376477  0.723952360283636  3.283145920221462  13.090159796677462 -154.590378722241923
        0.000015277711498  3.370060885645178  21.783338516870739  10.469388694543325  8.864962486046355  0.000013157376477  0.723952360283636  3.283145920221462  13.090159601618883 -154.590381025818061
        0.000602397133885  3.370058937330548  21.805587435480138  10.509412909778925  8.835465173519918  0.030971427356234  0.724828198229959  3.282878992077482  13.090161516124134 -154.590378763125472
        0.000000012912124  3.370058987548339  21.805587435480138  10.509412909778925  8.835465173519918  0.030971427356234  0.724828198229959  3.282878992077482  13.090161516124134 -154.590378763125472
        0.000000011641048  3.370058937330548  21.805587760408713  10.509412909778925  8.835465173519918  0.030971427356234  0.724828198229959  3.282878992077482  13.090161516124134 -154.590378763125472
        0.000000001420360  3.370058937330548  21.805587435480138  10.509413066381381  8.835465173519918  0.030971427356234  0.724828198229959  3.282878992077482  13.090161516124134 -154.590378763125472
        0.000000000241271  3.370058937330548  21.805587435480138  10.509412909778925  8.835465305178609  0.030971427356234  0.724828198229959  3.282878992077482  13.090161516124134 -154.590378763125472
        0.000000000450697  3.370058937330548  21.805587435480138  10.509412909778925  8.835465173519918  0.030971442257395  0.724828198229959  3.282878992077482  13.090161516124134 -154.590378763125472
        0.000000003999524  3.370058937330548  21.805587435480138  10.509412909778925  8.835465173519918  0.030971427356234  0.724828213131120  3.282878992077482  13.090161516124134 -154.590378763125472
        0.000000003164221  3.370058937330548  21.805587435480138  10.509412909778925  8.835465173519918  0.030971427356234  0.724828198229959  3.282879040996191  13.090161516124134 -154.590378763125472
        0.000000004376701  3.370058937330548  21.805587435480138  10.509412909778925  8.835465173519918  0.030971427356234  0.724828198229959  3.282878992077482  13.090161711182741 -154.590378763125472
        0.000015277711686  3.370058937330548  21.805587435480138  10.509412909778925  8.835465173519918  0.030971427356234  0.724828198229959  3.282878992077482  13.090161516124134 -154.590381066701639
        0.000500746219294  3.367767079147555  22.032434846489540  11.307070108827125  7.616484447714083  0.071487417410681  0.739516140189565  3.261991051287793  13.154072094207816 -154.590387397821559
        0.000000012717916  3.367767129331195  22.032434846489540  11.307070108827125  7.616484447714083  0.071487417410681  0.739516140189565  3.261991051287793  13.154072094207816 -154.590387397821559
        0.000000011438373  3.367767079147555  22.032435174798405  11.307070108827125  7.616484447714083  0.071487417410681  0.739516140189565  3.261991051287793  13.154072094207816 -154.590387397821559
        0.000000001407714  3.367767079147555  22.032434846489540  11.307070277315599  7.616484447714083  0.071487417410681  0.739516140189565  3.261991051287793  13.154072094207816 -154.590387397821559
        0.000000000180548  3.367767079147555  22.032434846489540  11.307070108827125  7.616484561208545  0.071487417410681  0.739516140189565  3.261991051287793  13.154072094207816 -154.590387397821559
        0.000000000377452  3.367767079147555  22.032434846489540  11.307070108827125  7.616484447714083  0.071487432311842  0.739516140189565  3.261991051287793  13.154072094207816 -154.590387397821559
        0.000000003886831  3.367767079147555  22.032434846489540  11.307070108827125  7.616484447714083  0.071487417410681  0.739516155090727  3.261991051287793  13.154072094207816 -154.590387397821559
        0.000000003098062  3.367767079147555  22.032434846489540  11.307070108827125  7.616484447714083  0.071487417410681  0.739516140189565  3.261991099895248  13.154072094207816 -154.590387397821559
        0.000000004340107  3.367767079147555  22.032434846489540  11.307070108827125  7.616484447714083  0.071487417410681  0.739516140189565  3.261991051287793  13.154072290218764 -154.590387397821559
        0.000015277710478  3.367767079147555  22.032434846489540  11.307070108827125  7.616484447714083  0.071487417410681  0.739516140189565  3.261991051287793  13.154072094207816 -154.590389701397839
        0.000087744082619  3.367756644343404  22.086289540434834  11.380223161611642  7.558915825852124  0.004049504292800  0.741639245854288  3.261513560098487  13.154086378346408 -154.590387466110684
        0.000000012723885  3.367756694526888  22.086289540434834  11.380223161611642  7.558915825852124  0.004049504292800  0.741639245854288  3.261513560098487  13.154086378346408 -154.590387466110684
        0.000000011438412  3.367756644343404  22.086289869546196  11.380223161611642  7.558915825852124  0.004049504292800  0.741639245854288  3.261513560098487  13.154086378346408 -154.590387466110684
        0.000000001410604  3.367756644343404  22.086289540434834  11.380223331190182  7.558915825852124  0.004049504292800  0.741639245854288  3.261513560098487  13.154086378346408 -154.590387466110684
        0.000000000179316  3.367756644343404  22.086289540434834  11.380223161611642  7.558915938488748  0.004049504292800  0.741639245854288  3.261513560098487  13.154086378346408 -154.590387466110684
        0.000000000375122  3.367756644343404  22.086289540434834  11.380223161611642  7.558915825852124  0.004049519193962  0.741639245854288  3.261513560098487  13.154086378346408 -154.590387466110684
        0.000000003889022  3.367756644343404  22.086289540434834  11.380223161611642  7.558915825852124  0.004049504292800  0.741639260755449  3.261513560098487  13.154086378346408 -154.590387466110684
        0.000000003096359  3.367756644343404  22.086289540434834  11.380223161611642  7.558915825852124  0.004049504292800  0.741639245854288  3.261513608698826  13.154086378346408 -154.590387466110684
        0.000000004344636  3.367756644343404  22.086289540434834  11.380223161611642  7.558915825852124  0.004049504292800  0.741639245854288  3.261513560098487  13.154086574357569 -154.590387466110684
        0.000015277710512  3.367756644343404  22.086289540434834  11.380223161611642  7.558915825852124  0.004049504292800  0.741639245854288  3.261513560098487  13.154086378346408 -154.590389769686965
        0.000183721024034  3.355961930939122  22.919568342665606  12.563647499500698  6.285388181558012  0.008997014659798  0.762054919964156  3.259543197524275  13.444909493210750 -154.590381494093066
        0.000000012632111  3.355961980946852  22.919568342665606  12.563647499500698  6.285388181558012  0.008997014659798  0.762054919964156  3.259543197524275  13.444909493210750 -154.590381494093066
        0.000000011329194  3.355961930939122  22.919568684193788  12.563647499500698  6.285388181558012  0.008997014659798  0.762054919964156  3.259543197524275  13.444909493210750 -154.590381494093066
        0.000000001399128  3.355961930939122  22.919568342665606  12.563647686713635  6.285388181558012  0.008997014659798  0.762054919964156  3.259543197524275  13.444909493210750 -154.590381494093066
        0.000000000183267  3.355961930939122  22.919568342665606  12.563647499500698  6.285388275217595  0.008997014659798  0.762054919964156  3.259543197524275  13.444909493210750 -154.590381494093066
        0.000000000290498  3.355961930939122  22.919568342665606  12.563647499500698  6.285388181558012  0.008997029560959  0.762054919964156  3.259543197524275  13.444909493210750 -154.590381494093066
        0.000000003748142  3.355961930939122  22.919568342665606  12.563647499500698  6.285388181558012  0.008997014659798  0.762054934865317  3.259543197524275  13.444909493210750 -154.590381494093066
        0.000000003047368  3.355961930939122  22.919568342665606  12.563647499500698  6.285388181558012  0.008997014659798  0.762054919964156  3.259543246095253  13.444909493210750 -154.590381494093066
        0.000000004248341  3.355961930939122  22.919568342665606  12.563647499500698  6.285388181558012  0.008997014659798  0.762054919964156  3.259543197524275  13.444909693555513 -154.590381494093066
        0.000015277707907  3.355961930939122  22.919568342665606  12.563647499500698  6.285388181558012  0.008997014659798  0.762054919964156  3.259543197524275  13.444909493210750 -154.590383797669261
        0.000072344427259  3.356112505452696  22.916903095335584  12.576409350289664  6.239309456558340  0.003378654513732  0.762929393288282  3.259442461930014  13.441519767608574 -154.590381406786150
        0.000000012639880  3.356112555462669  22.916903095335584  12.576409350289664  6.239309456558340  0.003378654513732  0.762929393288282  3.259442461930014  13.441519767608574 -154.590381406786150
        0.000000011334824  3.356112505452696  22.916903436824050  12.576409350289664  6.239309456558340  0.003378654513732  0.762929393288282  3.259442461930014  13.441519767608574 -154.590381406786150
        0.000000001399561  3.356112505452696  22.916903095335584  12.576409537692767  6.239309456558340  0.003378654513732  0.762929393288282  3.259442461930014  13.441519767608574 -154.590381406786150
        0.000000000184778  3.356112505452696  22.916903095335584  12.576409350289664  6.239309549531296  0.003378654513732  0.762929393288282  3.259442461930014  13.441519767608574 -154.590381406786150
        0.000000000288070  3.356112505452696  22.916903095335584  12.576409350289664  6.239309456558340  0.003378669414893  0.762929393288282  3.259442461930014  13.441519767608574 -154.590381406786150
        0.000000003744736  3.356112505452696  22.916903095335584  12.576409350289664  6.239309456558340  0.003378654513732  0.762929408189443  3.259442461930014  13.441519767608574 -154.590381406786150
        0.000000003043404  3.356112505452696  22.916903095335584  12.576409350289664  6.239309456558340  0.003378654513732  0.762929393288282  3.259442510499491  13.441519767608574 -154.590381406786150
        0.000000004250071  3.356112505452696  22.916903095335584  12.576409350289664  6.239309456558340  0.003378654513732  0.762929393288282  3.259442461930014  13.441519967902826 -154.590381406786150
        0.000015277707877  3.356112505452696  22.916903095335584  12.576409350289664  6.239309456558340  0.003378654513732  0.762929393288282  3.259442461930014  13.441519767608574 -154.590383710362346
        0.000137907834147  3.348913200375717  23.461366899973704  13.016033152712476  5.593344842199400  0.003827419514640  0.775633649108446  3.258702025824553  13.623854110168057 -154.590379095118465
        0.000000012593718  3.348913250278412  23.461366899973704  13.016033152712476  5.593344842199400  0.003827419514640  0.775633649108446  3.258702025824553  13.623854110168057 -154.590379095118465
        0.000000011275605  3.348913200375717  23.461367249575314  13.016033152712476  5.593344842199400  0.003827419514640  0.775633649108446  3.258702025824553  13.623854110168057 -154.590379095118465
        0.000000001399860  3.348913200375717  23.461366899973704  13.016033346666484  5.593344842199400  0.003827419514640  0.775633649108446  3.258702025824553  13.623854110168057 -154.590379095118465
        0.000000000213944  3.348913200375717  23.461366899973704  13.016033152712476  5.593344925546734  0.003827419514640  0.775633649108446  3.258702025824553  13.623854110168057 -154.590379095118465
        0.000000000245593  3.348913200375717  23.461366899973704  13.016033152712476  5.593344842199400  0.003827434415801  0.775633649108446  3.258702025824553  13.623854110168057 -154.590379095118465
        0.000000003661872  3.348913200375717  23.461366899973704  13.016033152712476  5.593344842199400  0.003827419514640  0.775633664009607  3.258702025824553  13.623854110168057 -154.590379095118465
        0.000000003016358  3.348913200375717  23.461366899973704  13.016033152712476  5.593344842199400  0.003827419514640  0.775633649108446  3.258702074382998  13.623854110168057 -154.590379095118465
        0.000000004191971  3.348913200375717  23.461366899973704  13.016033152712476  5.593344842199400  0.003827419514640  0.775633649108446  3.258702025824553  13.623854313179304 -154.590379095118465
        0.000015277706206  3.348913200375717  23.461366899973704  13.016033152712476  5.593344842199400  0.003827419514640  0.775633649108446  3.258702025824553  13.623854110168057 -154.590381398694632
        0.000032375894898  3.348925336343076  23.463938787553872  13.018039046897190  5.590109391561833  0.001171193126270  0.775778287364265  3.258673861058752  13.623540495187184 -154.590379100087887
        0.000000012596054  3.348925386245952  23.463938787553872  13.018039046897190  5.590109391561833  0.001171193126270  0.775778287364265  3.258673861058752  13.623540495187184 -154.590379100087887
        0.000000011277364  3.348925336343076  23.463939137193805  13.018039046897190  5.590109391561833  0.001171193126270  0.775778287364265  3.258673861058752  13.623540495187184 -154.590379100087887
        0.000000001400085  3.348925336343076  23.463938787553872  13.018039240881087  5.590109391561833  0.001171193126270  0.775778287364265  3.258673861058752  13.623540495187184 -154.590379100087887
        0.000000000214174  3.348925336343076  23.463938787553872  13.018039046897190  5.590109474860954  0.001171193126270  0.775778287364265  3.258673861058752  13.623540495187184 -154.590379100087887
        0.000000000245425  3.348925336343076  23.463938787553872  13.018039046897190  5.590109391561833  0.001171208027431  0.775778287364265  3.258673861058752  13.623540495187184 -154.590379100087887
        0.000000003661928  3.348925336343076  23.463938787553872  13.018039046897190  5.590109391561833  0.001171193126270  0.775778302265426  3.258673861058752  13.623540495187184 -154.590379100087887
        0.000000003016243  3.348925336343076  23.463938787553872  13.018039046897190  5.590109391561833  0.001171193126270  0.775778287364265  3.258673909616776  13.623540495187184 -154.590379100087887
        0.000000004192266  3.348925336343076  23.463938787553872  13.018039046897190  5.590109391561833  0.001171193126270  0.775778287364265  3.258673861058752  13.623540698193757 -154.590379100087887
        0.000015277706236  3.348925336343076  23.463938787553872  13.018039046897190  5.590109391561833  0.001171193126270  0.775778287364265  3.258673861058752  13.623540495187184 -154.590381403664054
        0.000358771560443  3.326994636430976  24.014428226340904  13.566926109824548  4.984110481463466  1.589111040907210  0.761300362287524  3.266480785373307  14.175681316620809 -154.590373441268810
        0.000292540973400  3.345672282487942  23.547408231297446  13.249495605775456  4.731621128827453  0.226426254833872  0.786282234701145  3.259505439126801  13.709433796426996 -154.590377101535324
        0.000000012579250  3.345672332342344  23.547408231297446  13.249495605775456  4.731621128827453  0.226426254833872  0.786282234701145  3.259505439126801  13.709433796426996 -154.590377101535324
        0.000000011256852  3.345672282487942  23.547408582181173  13.249495605775456  4.731621128827453  0.226426254833872  0.786282234701145  3.259505439126801  13.709433796426996 -154.590377101535324
        0.000000001389910  3.345672282487942  23.547408231297446  13.249495803208326  4.731621128827453  0.226426254833872  0.786282234701145  3.259505439126801  13.709433796426996 -154.590377101535324
        0.000000000258127  3.345672282487942  23.547408231297446  13.249495605775456  4.731621199334103  0.226426254833872  0.786282234701145  3.259505439126801  13.709433796426996 -154.590377101535324
        0.000000000190700  3.345672282487942  23.547408231297446  13.249495605775456  4.731621128827453  0.226426269735033  0.786282234701145  3.259505439126801  13.709433796426996 -154.590377101535324
        0.000000003553790  3.345672282487942  23.547408231297446  13.249495605775456  4.731621128827453  0.226426254833872  0.786282249602306  3.259505439126801  13.709433796426996 -154.590377101535324
        0.000000002956214  3.345672282487942  23.547408231297446  13.249495605775456  4.731621128827453  0.226426254833872  0.786282234701145  3.259505487697217  13.709433796426996 -154.590377101535324
        0.000000004152159  3.345672282487942  23.547408231297446  13.249495605775456  4.731621128827453  0.226426254833872  0.786282234701145  3.259505439126801  13.709434000713479 -154.590377101535324
        0.000015277704934  3.345672282487942  23.547408231297446  13.249495605775456  4.731621128827453  0.226426254833872  0.786282234701145  3.259505439126801  13.709433796426996 -154.590379405111463
        0.000058556724096  3.345337087532648  23.618607124521677  13.290037696448744  4.295708501940169  0.160414721506675  0.796006164451212  3.258814472734512  13.720108753174964 -154.590376189149509
        0.000000012577596  3.345337137382055  23.618607124521677  13.290037696448744  4.295708501940169  0.160414721506675  0.796006164451212  3.258814472734512  13.720108753174964 -154.590376189149509
        0.000000011240412  3.345337087532648  23.618607476466348  13.290037696448744  4.295708501940169  0.160414721506675  0.796006164451212  3.258814472734512  13.720108753174964 -154.590376189149509
        0.000000001395464  3.345337087532648  23.618607124521677  13.290037894485739  4.295708501940169  0.160414721506675  0.796006164451212  3.258814472734512  13.720108753174964 -154.590376189149509
        0.000000000284171  3.345337087532648  23.618607124521677  13.290037696448744  4.295708565951213  0.160414721506675  0.796006164451212  3.258814472734512  13.720108753174964 -154.590376189149509
        0.000000000164995  3.345337087532648  23.618607124521677  13.290037696448744  4.295708501940169  0.160414736407836  0.796006164451212  3.258814472734512  13.720108753174964 -154.590376189149509
        0.000000003509568  3.345337087532648  23.618607124521677  13.290037696448744  4.295708501940169  0.160414721506675  0.796006179352373  3.258814472734512  13.720108753174964 -154.590376189149509
        0.000000002918469  3.345337087532648  23.618607124521677  13.290037696448744  4.295708501940169  0.160414721506675  0.796006164451212  3.258814521294632  13.720108753174964 -154.590376189149509
        0.000000004152666  3.345337087532648  23.618607124521677  13.290037696448744  4.295708501940169  0.160414721506675  0.796006164451212  3.258814472734512  13.720108957620516 -154.590376189149509
        0.000015277704283  3.345337087532648  23.618607124521677  13.290037696448744  4.295708501940169  0.160414721506675  0.796006164451212  3.258814472734512  13.720108753174964 -154.590378492725620
        0.000028158969520  3.345838985313534  23.690356315149852  13.311348261914631  3.996102856470713  0.000879252388479  0.804933713678860  3.257847180770761  13.707946940189393 -154.590376038987586
        0.000000012575900  3.345839035170420  23.690356315149852  13.311348261914631  3.996102856470713  0.000879252388479  0.804933713678860  3.257847180770761  13.707946940189393 -154.590376038987586
        0.000000011221570  3.345838985313534  23.690356668163670  13.311348261914631  3.996102856470713  0.000879252388479  0.804933713678860  3.257847180770761  13.707946940189393 -154.590376038987586
        0.000000001405377  3.345838985313534  23.690356315149852  13.311348460269178  3.996102856470713  0.000879252388479  0.804933713678860  3.257847180770761  13.707946940189393 -154.590376038987586
        0.000000000304734  3.345838985313534  23.690356315149852  13.311348261914631  3.996102916017286  0.000879252388479  0.804933713678860  3.257847180770761  13.707946940189393 -154.590376038987586
        0.000000000147975  3.345838985313534  23.690356315149852  13.311348261914631  3.996102856470713  0.000879267289640  0.804933713678860  3.257847180770761  13.707946940189393 -154.590376038987586
        0.000000003487976  3.345838985313534  23.690356315149852  13.311348261914631  3.996102856470713  0.000879252388479  0.804933728580021  3.257847180770761  13.707946940189393 -154.590376038987586
        0.000000002889810  3.345838985313534  23.690356315149852  13.311348261914631  3.996102856470713  0.000879252388479  0.804933713678860  3.257847229316468  13.707946940189393 -154.590376038987586
        0.000000004165571  3.345838985313534  23.690356315149852  13.311348261914631  3.996102856470713  0.000879252388479  0.804933713678860  3.257847180770761  13.707947144453719 -154.590376038987586
        0.000015277704236  3.345838985313534  23.690356315149852  13.311348261914631  3.996102856470713  0.000879252388479  0.804933713678860  3.257847180770761  13.707946940189393 -154.590378342563696
        0.000026127056643  3.345848908419464  23.690745189856035  13.311185718841392  3.994269087607179  0.000790401548046  0.805003109411448  3.257837856957787  13.707699715280032 -154.590376039790840
        0.000000012577492  3.345848958276498  23.690745189856035  13.311185718841392  3.994269087607179  0.000790401548046  0.805003109411448  3.257837856957787  13.707699715280032 -154.590376039790840
        0.000000011222887  3.345848908419464  23.690745542875646  13.311185718841392  3.994269087607179  0.000790401548046  0.805003109411448  3.257837856957787  13.707699715280032 -154.590376039790840
        0.000000001405485  3.345848908419464  23.690745189856035  13.311185917193516  3.994269087607179  0.000790401548046  0.805003109411448  3.257837856957787  13.707699715280032 -154.590376039790840
        0.000000000304852  3.345848908419464  23.690745189856035  13.311185718841392  3.994269147126427  0.000790401548046  0.805003109411448  3.257837856957787  13.707699715280032 -154.590376039790840
        0.000000000147880  3.345848908419464  23.690745189856035  13.311185718841392  3.994269087607179  0.000790416449208  0.805003109411448  3.257837856957787  13.707699715280032 -154.590376039790840
        0.000000003487891  3.345848908419464  23.690745189856035  13.311185718841392  3.994269087607179  0.000790401548046  0.805003124312609  3.257837856957787  13.707699715280032 -154.590376039790840
        0.000000002889698  3.345848908419464  23.690745189856035  13.311185718841392  3.994269087607179  0.000790401548046  0.805003109411448  3.257837905503354  13.707699715280032 -154.590376039790840
        0.000000004165655  3.345848908419464  23.690745189856035  13.311185718841392  3.994269087607179  0.000790401548046  0.805003109411448  3.257837856957787  13.707699919540675 -154.590376039790840
        0.000015277704253  3.345848908419464  23.690745189856035  13.311185718841392  3.994269087607179  0.000790401548046  0.805003109411448  3.257837856957787  13.707699715280032 -154.590378343366950
        0.000142091692322  3.347386278637043  23.560010540829175  13.196901916515452  3.086563289425426  0.000140378460839  0.822839166490501  3.257613458346011  13.672675575092192 -154.590374978663078
        0.000141913205855  3.345720096613716  23.696164237291239  13.286265309377789  3.757531338007175  0.000757818819995  0.810008734223165  3.257752729693924  13.711816880976956 -154.590375741576764
        0.000000012575567  3.345720146468830  23.696164237291239  13.286265309377789  3.757531338007175  0.000757818819995  0.810008734223165  3.257752729693924  13.711816880976956 -154.590375741576764
        0.000000011214722  3.345720096613716  23.696164590391600  13.286265309377789  3.757531338007175  0.000757818819995  0.810008734223165  3.257752729693924  13.711816880976956 -154.590375741576764
        0.000000001407855  3.345720096613716  23.696164237291239  13.286265507358570  3.757531338007175  0.000757818819995  0.810008734223165  3.257752729693924  13.711816880976956 -154.590375741576764
        0.000000000318790  3.345720096613716  23.696164237291239  13.286265309377789  3.757531393998755  0.000757818819995  0.810008734223165  3.257752729693924  13.711816880976956 -154.590375741576764
        0.000000000133194  3.345720096613716  23.696164237291239  13.286265309377789  3.757531338007175  0.000757833721156  0.810008734223165  3.257752729693924  13.711816880976956 -154.590375741576764
        0.000000003459549  3.345720096613716  23.696164237291239  13.286265309377789  3.757531338007175  0.000757818819995  0.810008749124326  3.257752729693924  13.711816880976956 -154.590375741576764
        0.000000002867193  3.345720096613716  23.696164237291239  13.286265309377789  3.757531338007175  0.000757818819995  0.810008734223165  3.257752778238222  13.711816880976956 -154.590375741576764
        0.000000004163961  3.345720096613716  23.696164237291239  13.286265309377789  3.757531338007175  0.000757818819995  0.810008734223165  3.257752729693924  13.711817085298950 -154.590375741576764
        0.000015277704064  3.345720096613716  23.696164237291239  13.286265309377789  3.757531338007175  0.000757818819995  0.810008734223165  3.257752729693924  13.711816880976956 -154.590378045152875
        0.000021466436468  3.345726805909805  23.696502379718726  13.286092768079465  3.756152626254164  0.000479776045607  0.810062189982111  3.257746000696339  13.711648730347786 -154.590375742181294
        0.000000012576557  3.345726855765020  23.696502379718726  13.286092768079465  3.756152626254164  0.000479776045607  0.810062189982111  3.257746000696339  13.711648730347786 -154.590375742181294
        0.000000011215532  3.345726805909805  23.696502732824129  13.286092768079465  3.756152626254164  0.000479776045607  0.810062189982111  3.257746000696339  13.711648730347786 -154.590375742181294
        0.000000001407936  3.345726805909805  23.696502379718726  13.286092966057675  3.756152626254164  0.000479776045607  0.810062189982111  3.257746000696339  13.711648730347786 -154.590375742181294
        0.000000000318884  3.345726805909805  23.696502379718726  13.286092768079465  3.756152682225200  0.000479776045607  0.810062189982111  3.257746000696339  13.711648730347786 -154.590375742181294
        0.000000000133154  3.345726805909805  23.696502379718726  13.286092768079465  3.756152626254164  0.000479790946768  0.810062189982111  3.257746000696339  13.711648730347786 -154.590375742181294
        0.000000003459471  3.345726805909805  23.696502379718726  13.286092768079465  3.756152626254164  0.000479776045607  0.810062204883272  3.257746000696339  13.711648730347786 -154.590375742181294
        0.000000002867082  3.345726805909805  23.696502379718726  13.286092768079465  3.756152626254164  0.000479776045607  0.810062189982111  3.257746049240537  13.711648730347786 -154.590375742181294
        0.000000004164074  3.345726805909805  23.696502379718726  13.286092768079465  3.756152626254164  0.000479776045607  0.810062189982111  3.257746000696339  13.711648934667274 -154.590375742181294
        0.000015277704064  3.345726805909805  23.696502379718726  13.286092768079465  3.756152626254164  0.000479776045607  0.810062189982111  3.257746000696339  13.711648730347786 -154.590378045757404
        0.000040121526502  3.345332893633020  23.720643353171834  13.263219126910812  3.298529434964122  0.000389412906616  0.819623445917992  3.257663641102142  13.722662615149693 -154.590375193740925
        0.000000012571031  3.345332943482364  23.720643353171834  13.263219126910812  3.298529434964122  0.000389412906616  0.819623445917992  3.257663641102142  13.722662615149693 -154.590375193740925
        0.000000011198239  3.345332893633020  23.720643706636963  13.263219126910812  3.298529434964122  0.000389412906616  0.819623445917992  3.257663641102142  13.722662615149693 -154.590375193740925
        0.000000001412677  3.345332893633020  23.720643353171834  13.263219324548178  3.298529434964122  0.000389412906616  0.819623445917992  3.257663641102142  13.722662615149693 -154.590375193740925
        0.000000000347916  3.345332893633020  23.720643353171834  13.263219126910812  3.298529484116041  0.000389412906616  0.819623445917992  3.257663641102142  13.722662615149693 -154.590375193740925
        0.000000000104288  3.345332893633020  23.720643353171834  13.263219126910812  3.298529434964122  0.000389427807778  0.819623445917992  3.257663641102142  13.722662615149693 -154.590375193740925
        0.000000003408277  3.345332893633020  23.720643353171834  13.263219126910812  3.298529434964122  0.000389412906616  0.819623460819153  3.257663641102142  13.722662615149693 -154.590375193740925
        0.000000002827025  3.345332893633020  23.720643353171834  13.263219126910812  3.298529434964122  0.000389412906616  0.819623445917992  3.257663689645113  13.722662615149693 -154.590375193740925
        0.000000004160120  3.345332893633020  23.720643353171834  13.263219126910812  3.298529434964122  0.000389412906616  0.819623445917992  3.257663641102142  13.722662819633300 -154.590375193740925
        0.000015277703850  3.345332893633020  23.720643353171834  13.263219126910812  3.298529434964122  0.000389412906616  0.819623445917992  3.257663641102142  13.722662615149693 -154.590377497317036
        0.000039156776387  3.345339000574392  23.721542118862143  13.262756257873216  3.296744811363514  0.001575472617860  0.819707881556863  3.257652640894242  13.722507922300091 -154.590375194575728
        0.000000012574297  3.345339050423828  23.721542118862143  13.262756257873216  3.296744811363514  0.001575472617860  0.819707881556863  3.257652640894242  13.722507922300091 -154.590375194575728
        0.000000011201038  3.345339000574392  23.721542472340666  13.262756257873216  3.296744811363514  0.001575472617860  0.819707881556863  3.257652640894242  13.722507922300091 -154.590375194575728
        0.000000001412820  3.345339000574392  23.721542118862143  13.262756455503684  3.296744811363514  0.001575472617860  0.819707881556863  3.257652640894242  13.722507922300091 -154.590375194575728
        0.000000000348041  3.345339000574392  23.721542118862143  13.262756257873216  3.296744860488841  0.001575472617860  0.819707881556863  3.257652640894242  13.722507922300091 -154.590375194575728
        0.000000000104180  3.345339000574392  23.721542118862143  13.262756257873216  3.296744811363514  0.001575487519021  0.819707881556863  3.257652640894242  13.722507922300091 -154.590375194575728
        0.000000003408174  3.345339000574392  23.721542118862143  13.262756257873216  3.296744811363514  0.001575472617860  0.819707896458024  3.257652640894242  13.722507922300091 -154.590375194575728
        0.000000002826994  3.345339000574392  23.721542118862143  13.262756257873216  3.296744811363514  0.001575472617860  0.819707881556863  3.257652689437049  13.722507922300091 -154.590375194575728
        0.000000004160182  3.345339000574392  23.721542118862143  13.262756257873216  3.296744811363514  0.001575472617860  0.819707881556863  3.257652640894242  13.722508126781394 -154.590375194575728
        0.000015277703833  3.345339000574392  23.721542118862143  13.262756257873216  3.296744811363514  0.001575472617860  0.819707881556863  3.257652640894242  13.722507922300091 -154.590377498151838
        0.000033634351765  3.344849233293795  23.753674983457060  13.193049521770671  2.874018388581649  0.000504632946534  0.829427022855281  3.257533969507604  13.735949097538494 -154.590374679465469
        0.000000012567964  3.344849283135932  23.753674983457060  13.193049521770671  2.874018388581649  0.000504632946534  0.829427022855281  3.257533969507604  13.735949097538494 -154.590374679465469
        0.000000011182694  3.344849233293795  23.753675337414400  13.193049521770671  2.874018388581649  0.000504632946534  0.829427022855281  3.257533969507604  13.735949097538494 -154.590374679465469
        0.000000001419473  3.344849233293795  23.753674983457060  13.193049718362429  2.874018388581649  0.000504632946534  0.829427022855281  3.257533969507604  13.735949097538494 -154.590374679465469
        0.000000000374543  3.344849233293795  23.753674983457060  13.193049521770671  2.874018431407861  0.000504632946534  0.829427022855281  3.257533969507604  13.735949097538494 -154.590374679465469
        0.000000000077433  3.344849233293795  23.753674983457060  13.193049521770671  2.874018388581649  0.000504647847695  0.829427022855281  3.257533969507604  13.735949097538494 -154.590374679465469
        0.000000003358345  3.344849233293795  23.753674983457060  13.193049521770671  2.874018388581649  0.000504632946534  0.829427037756442  3.257533969507604  13.735949097538494 -154.590374679465469
        0.000000002788748  3.344849233293795  23.753674983457060  13.193049521770671  2.874018388581649  0.000504632946534  0.829427022855281  3.257534018048643  13.735949097538494 -154.590374679465469
        0.000000004155366  3.344849233293795  23.753674983457060  13.193049521770671  2.874018388581649  0.000504632946534  0.829427022855281  3.257533969507604  13.735949302220085 -154.590374679465469
        0.000015277703387  3.344849233293795  23.753674983457060  13.193049521770671  2.874018388581649  0.000504632946534  0.829427022855281  3.257533969507604  13.735949097538494 -154.590376983041551
        0.000038191516447  3.344858675876718  23.754336682761132  13.192053874599415  2.873463346422352  0.001477795577934  0.829494066019961  3.257525167523863  13.735698725895521 -154.590374684930481
        0.000000012571117  3.344858725718996  23.754336682761132  13.192053874599415  2.873463346422352  0.001477795577934  0.829494066019961  3.257525167523863  13.735698725895521 -154.590374684930481
        0.000000011185401  3.344858675876718  23.754337036728330  13.192053874599415  2.873463346422352  0.001477795577934  0.829494066019961  3.257525167523863  13.735698725895521 -154.590374684930481
        0.000000001419615  3.344858675876718  23.754336682761132  13.192054071176337  2.873463346422352  0.001477795577934  0.829494066019961  3.257525167523863  13.735698725895521 -154.590374684930481
        0.000000000374609  3.344858675876718  23.754336682761132  13.192053874599415  2.873463389240293  0.001477795577934  0.829494066019961  3.257525167523863  13.735698725895521 -154.590374684930481
        0.000000000077373  3.344858675876718  23.754336682761132  13.192053874599415  2.873463346422352  0.001477810479095  0.829494066019961  3.257525167523863  13.735698725895521 -154.590374684930481
        0.000000003358334  3.344858675876718  23.754336682761132  13.192053874599415  2.873463346422352  0.001477795577934  0.829494080921122  3.257525167523863  13.735698725895521 -154.590374684930481
        0.000000002788775  3.344858675876718  23.754336682761132  13.192053874599415  2.873463346422352  0.001477795577934  0.829494066019961  3.257525216064771  13.735698725895521 -154.590374684930481
        0.000000004155458  3.344858675876718  23.754336682761132  13.192053874599415  2.873463346422352  0.001477795577934  0.829494066019961  3.257525167523863  13.735698930573381 -154.590374684930481
        0.000015277703422  3.344858675876718  23.754336682761132  13.192053874599415  2.873463346422352  0.001477795577934  0.829494066019961  3.257525167523863  13.735698725895521 -154.590376988506563
        0.000022236255933  3.344150231306460  23.807790061207040  13.198293601144190  2.863779591724522  0.000843577992461  0.830164106300929  3.257514637477547  13.753371340367114 -154.590374584982953
        0.000000012566606  3.344150281138182  23.807790061207040  13.198293601144190  2.863779591724522  0.000843577992461  0.830164106300929  3.257514637477547  13.753371340367114 -154.590374584982953
        0.000000011180364  3.344150231306460  23.807790415970757  13.198293601144190  2.863779591724522  0.000843577992461  0.830164106300929  3.257514637477547  13.753371340367114 -154.590374584982953
        0.000000001420480  3.344150231306460  23.807790061207040  13.198293797814090  2.863779591724522  0.000843577992461  0.830164106300929  3.257514637477547  13.753371340367114 -154.590374584982953
        0.000000000374911  3.344150231306460  23.807790061207040  13.198293601144190  2.863779634398163  0.000843577992461  0.830164106300929  3.257514637477547  13.753371340367114 -154.590374584982953
        0.000000000076696  3.344150231306460  23.807790061207040  13.198293601144190  2.863779591724522  0.000843592893622  0.830164106300929  3.257514637477547  13.753371340367114 -154.590374584982953
        0.000000003354824  3.344150231306460  23.807790061207040  13.198293601144190  2.863779591724522  0.000843577992461  0.830164121202090  3.257514637477547  13.753371340367114 -154.590374584982953
        0.000000002789932  3.344150231306460  23.807790061207040  13.198293601144190  2.863779591724522  0.000843577992461  0.830164106300929  3.257514686018297  13.753371340367114 -154.590374584982953
        0.000000004149636  3.344150231306460  23.807790061207040  13.198293601144190  2.863779591724522  0.000843577992461  0.830164106300929  3.257514637477547  13.753371545308317 -154.590374584982953
        0.000015277703357  3.344150231306460  23.807790061207040  13.198293601144190  2.863779591724522  0.000843577992461  0.830164106300929  3.257514637477547  13.753371340367114 -154.590376888559035
        0.000015544052737  3.344855215313213  23.751693934358109  13.125167924737198  2.693981221038913  0.000193762403158  0.834036757546770  3.257497869924995  13.736325308559273 -154.590374448259354
        0.000000012570280  3.344855265155440  23.751693934358109  13.125167924737198  2.693981221038913  0.000193762403158  0.834036757546770  3.257497869924995  13.736325308559273 -154.590374448259354
        0.000000011178690  3.344855215313213  23.751694288285929  13.125167924737198  2.693981221038913  0.000193762403158  0.834036757546770  3.257497869924995  13.736325308559273 -154.590374448259354
        0.000000001423595  3.344855215313213  23.751693934358109  13.125168120317442  2.693981221038913  0.000193762403158  0.834036757546770  3.257497869924995  13.736325308559273 -154.590374448259354
        0.000000000385118  3.344855215313213  23.751693934358109  13.125167924737198  2.693981261182362  0.000193762403158  0.834036757546770  3.257497869924995  13.736325308559273 -154.590374448259354
        0.000000000066147  3.344855215313213  23.751693934358109  13.125167924737198  2.693981221038913  0.000193777304319  0.834036757546770  3.257497869924995  13.736325308559273 -154.590374448259354
        0.000000003335400  3.344855215313213  23.751693934358109  13.125167924737198  2.693981221038913  0.000193762403158  0.834036772447932  3.257497869924995  13.736325308559273 -154.590374448259354
        0.000000002770037  3.344855215313213  23.751693934358109  13.125167924737198  2.693981221038913  0.000193762403158  0.834036757546770  3.257497918465496  13.736325308559273 -154.590374448259354
        0.000000004154948  3.344855215313213  23.751693934358109  13.125167924737198  2.693981221038913  0.000193762403158  0.834036757546770  3.257497869924995  13.736325513246470 -154.590374448259354
        0.000015277703306  3.344855215313213  23.751693934358109  13.125167924737198  2.693981221038913  0.000193762403158  0.834036757546770  3.257497869924995  13.736325308559273 -154.590376751835436
        0.000019870934590  3.344859503572335  23.751753926305824  13.125031282969291  2.693986650020287  0.000364526877950  0.834048914833565  3.257495481136726  13.736213500857733 -154.590374450512883
        0.000000012571069  3.344859553414625  23.751753926305824  13.125031282969291  2.693986650020287  0.000364526877950  0.834048914833565  3.257495481136726  13.736213500857733 -154.590374450512883
        0.000000011179387  3.344859503572335  23.751754280234540  13.125031282969291  2.693986650020287  0.000364526877950  0.834048914833565  3.257495481136726  13.736213500857733 -154.590374450512883
        0.000000001423632  3.344859503572335  23.751753926305824  13.125031478547497  2.693986650020287  0.000364526877950  0.834048914833565  3.257495481136726  13.736213500857733 -154.590374450512883
        0.000000000385103  3.344859503572335  23.751753926305824  13.125031282969291  2.693986690163817  0.000364526877950  0.834048914833565  3.257495481136726  13.736213500857733 -154.590374450512883
        0.000000000066166  3.344859503572335  23.751753926305824  13.125031282969291  2.693986650020287  0.000364541779111  0.834048914833565  3.257495481136726  13.736213500857733 -154.590374450512883
        0.000000003335447  3.344859503572335  23.751753926305824  13.125031282969291  2.693986650020287  0.000364526877950  0.834048929734727  3.257495481136726  13.736213500857733 -154.590374450512883
        0.000000002770057  3.344859503572335  23.751753926305824  13.125031282969291  2.693986650020287  0.000364526877950  0.834048914833565  3.257495529677191  13.736213500857733 -154.590374450512883
        0.000000004154985  3.344859503572335  23.751753926305824  13.125031282969291  2.693986650020287  0.000364526877950  0.834048914833565  3.257495481136726  13.736213705543264 -154.590374450512883
        0.000015277703289  3.344859503572335  23.751753926305824  13.125031282969291  2.693986650020287  0.000364526877950  0.834048914833565  3.257495481136726  13.736213500857733 -154.590376754088965
        0.000015529293250  3.344857202319863  23.751969268956881  13.130993633474432  2.723446813935528  0.000293876576512  0.833380193007691  3.257494686948478  13.736275871967022 -154.590374449409012
        0.000000012571021  3.344857252162119  23.751969268956881  13.130993633474432  2.723446813935528  0.000293876576512  0.833380193007691  3.257494686948478  13.736275871967022 -154.590374449409012
        0.000000011180212  3.344857202319863  23.751969622888804  13.130993633474432  2.723446813935528  0.000293876576512  0.833380193007691  3.257494686948478  13.736275871967022 -154.590374449409012
        0.000000001423098  3.344857202319863  23.751969268956881  13.130993829141484  2.723446813935528  0.000293876576512  0.833380193007691  3.257494686948478  13.736275871967022 -154.590374449409012
        0.000000000383201  3.344857202319863  23.751969268956881  13.130993633474432  2.723446854518048  0.000293876576512  0.833380193007691  3.257494686948478  13.736275871967022 -154.590374449409012
        0.000000000068029  3.344857202319863  23.751969268956881  13.130993633474432  2.723446813935528  0.000293891477673  0.833380193007691  3.257494686948478  13.736275871967022 -154.590374449409012
        0.000000003338661  3.344857202319863  23.751969268956881  13.130993633474432  2.723446813935528  0.000293876576512  0.833380207908852  3.257494686948478  13.736275871967022 -154.590374449409012
        0.000000002772734  3.344857202319863  23.751969268956881  13.130993633474432  2.723446813935528  0.000293876576512  0.833380193007691  3.257494735488932  13.736275871967022 -154.590374449409012
        0.000000004155015  3.344857202319863  23.751969268956881  13.130993633474432  2.723446813935528  0.000293876576512  0.833380193007691  3.257494686948478  13.736276076653484 -154.590374449409012
        0.000015277703293  3.344857202319863  23.751969268956881  13.130993633474432  2.723446813935528  0.000293876576512  0.833380193007691  3.257494686948478  13.736275871967022 -154.590376752985094
        0.000015361356808  3.344921854608762  23.747022853114228  13.127515496825085  2.719503372429395  0.000264259261548  0.833457379762890  3.257492605233876  13.734662159039734 -154.590374473824227
        0.000000012571412  3.344921904451982  23.747022853114228  13.127515496825085  2.719503372429395  0.000264259261548  0.833457379762890  3.257492605233876  13.734662159039734 -154.590374473824227
        0.000000011180473  3.344921854608762  23.747023206972443  13.127515496825085  2.719503372429395  0.000264259261548  0.833457379762890  3.257492605233876  13.734662159039734 -154.590374473824227
        0.000000001423188  3.344921854608762  23.747022853114228  13.127515692440310  2.719503372429395  0.000264259261548  0.833457379762890  3.257492605233876  13.734662159039734 -154.590374473824227
        0.000000000383416  3.344921854608762  23.747022853114228  13.127515496825085  2.719503412953153  0.000264259261548  0.833457379762890  3.257492605233876  13.734662159039734 -154.590374473824227
        0.000000000067776  3.344921854608762  23.747022853114228  13.127515496825085  2.719503372429395  0.000264274162709  0.833457379762890  3.257492605233876  13.734662159039734 -154.590374473824227
        0.000000003338267  3.344921854608762  23.747022853114228  13.127515496825085  2.719503372429395  0.000264259261548  0.833457394664051  3.257492605233876  13.734662159039734 -154.590374473824227
        0.000000002772057  3.344921854608762  23.747022853114228  13.127515496825085  2.719503372429395  0.000264259261548  0.833457379762890  3.257492653774299  13.734662159039734 -154.590374473824227
        0.000000004155495  3.344921854608762  23.747022853114228  13.127515496825085  2.719503372429395  0.000264259261548  0.833457379762890  3.257492605233876  13.734662363702149 -154.590374473824227
        0.000015277703306  3.344921854608762  23.747022853114228  13.127515496825085  2.719503372429395  0.000264259261548  0.833457379762890  3.257492605233876  13.734662159039734 -154.590376777400309
2023-06-01 19:31:24.849749
