/projects/wagner/highthroughput/mick_graphene_paper/3_data/1_kc_fitting
2023-06-01 19:10:59.552041
use a starting guess from the old fit
starting guess parameters:  [ 3.37006089e+00  2.17833385e+01  1.04693887e+01  8.86496249e+00
  1.31573765e-05  7.23952360e-01  3.28314592e+00  1.30901596e+01
 -1.54590379e+02]
     1025.509994320580063  3.370060885645178  21.783338516870739  10.469388694543325  8.864962486046355  0.000013157376477  0.723952360283636  3.283145920221462  13.090159601618883 -154.590378722241923
        0.000000012842762  3.370060935862998  21.783338516870739  10.469388694543325  8.864962486046355  0.000013157376477  0.723952360283636  3.283145920221462  13.090159601618883 -154.590378722241923
        0.000000011578739  3.370060885645178  21.783338841467778  10.469388694543325  8.864962486046355  0.000013157376477  0.723952360283636  3.283145920221462  13.090159601618883 -154.590378722241923
        0.000000001419287  3.370060885645178  21.783338516870739  10.469388850549374  8.864962486046355  0.000013157376477  0.723952360283636  3.283145920221462  13.090159601618883 -154.590378722241923
        0.000000000243239  3.370060885645178  21.783338516870739  10.469388694543325  8.864962618144590  0.000013157376477  0.723952360283636  3.283145920221462  13.090159601618883 -154.590378722241923
        0.000000000451910  3.370060885645178  21.783338516870739  10.469388694543325  8.864962486046355  0.000013172277638  0.723952360283636  3.283145920221462  13.090159601618883 -154.590378722241923
        0.000000003998539  3.370060885645178  21.783338516870739  10.469388694543325  8.864962486046355  0.000013157376477  0.723952375184798  3.283145920221462  13.090159601618883 -154.590378722241923
        0.000000003161800  3.370060885645178  21.783338516870739  10.469388694543325  8.864962486046355  0.000013157376477  0.723952360283636  3.283145969144149  13.090159601618883 -154.590378722241923
        0.000000004375995  3.370060885645178  21.783338516870739  10.469388694543325  8.864962486046355  0.000013157376477  0.723952360283636  3.283145920221462  13.090159796677462 -154.590378722241923
        0.000015277711498  3.370060885645178  21.783338516870739  10.469388694543325  8.864962486046355  0.000013157376477  0.723952360283636  3.283145920221462  13.090159601618883 -154.590381025818061
        0.000488741764324  3.374660029528338  21.740816390853904  10.057287758277688  9.348302412037087  0.000012715195412  0.720535252139392  3.248405652098535  13.105999691016001 -154.590303091777116
        0.000000012658833  3.374660079814690  21.740816390853904  10.057287758277688  9.348302412037087  0.000012715195412  0.720535252139392  3.248405652098535  13.105999691016001 -154.590303091777116
        0.000000011404387  3.374660029528338  21.740816714817313  10.057287758277688  9.348302412037087  0.000012715195412  0.720535252139392  3.248405652098535  13.105999691016001 -154.590303091777116
        0.000000001429034  3.374660029528338  21.740816390853904  10.057287908142955  9.348302412037087  0.000012715195412  0.720535252139392  3.248405652098535  13.105999691016001 -154.590303091777116
        0.000000000282816  3.374660029528338  21.740816390853904  10.057287758277688  9.348302551337648  0.000012715195412  0.720535252139392  3.248405652098535  13.105999691016001 -154.590303091777116
        0.000000000486097  3.374660029528338  21.740816390853904  10.057287758277688  9.348302412037087  0.000012730096573  0.720535252139392  3.248405652098535  13.105999691016001 -154.590303091777116
        0.000000004087117  3.374660029528338  21.740816390853904  10.057287758277688  9.348302412037087  0.000012715195412  0.720535267040553  3.248405652098535  13.105999691016001 -154.590303091777116
        0.000000003233014  3.374660029528338  21.740816390853904  10.057287758277688  9.348302412037087  0.000012715195412  0.720535252139392  3.248405700503552  13.105999691016001 -154.590303091777116
        0.000000004422392  3.374660029528338  21.740816390853904  10.057287758277688  9.348302412037087  0.000012715195412  0.720535252139392  3.248405652098535  13.105999886310615 -154.590303091777116
        0.000015277680697  3.374660029528338  21.740816390853904  10.057287758277688  9.348302412037087  0.000012715195412  0.720535252139392  3.248405652098535  13.105999691016001 -154.590305395352146
        0.000036195791602  3.374659724454630  21.741763906448472  10.058526712115640  9.347862622684573  0.001286757941659  0.720562582711569  3.248397603551146  13.105999754296452 -154.590303094260435
        0.000000012661715  3.374659774740978  21.741763906448472  10.058526712115640  9.347862622684573  0.001286757941659  0.720562582711569  3.248397603551146  13.105999754296452 -154.590303094260435
        0.000000011406977  3.374659724454630  21.741764230426000  10.058526712115640  9.347862622684573  0.001286757941659  0.720562582711569  3.248397603551146  13.105999754296452 -154.590303094260435
        0.000000001429103  3.374659724454630  21.741763906448472  10.058526861999368  9.347862622684573  0.001286757941659  0.720562582711569  3.248397603551146  13.105999754296452 -154.590303094260435
        0.000000000282785  3.374659724454630  21.741763906448472  10.058526712115640  9.347862761978581  0.001286757941659  0.720562582711569  3.248397603551146  13.105999754296452 -154.590303094260435
        0.000000000486111  3.374659724454630  21.741763906448472  10.058526712115640  9.347862622684573  0.001286772842820  0.720562582711569  3.248397603551146  13.105999754296452 -154.590303094260435
        0.000000004087249  3.374659724454630  21.741763906448472  10.058526712115640  9.347862622684573  0.001286757941659  0.720562597612731  3.248397603551146  13.105999754296452 -154.590303094260435
        0.000000003233154  3.374659724454630  21.741763906448472  10.058526712115640  9.347862622684573  0.001286757941659  0.720562582711569  3.248397651956042  13.105999754296452 -154.590303094260435
        0.000000004422441  3.374659724454630  21.741763906448472  10.058526712115640  9.347862622684573  0.001286757941659  0.720562582711569  3.248397603551146  13.105999949591066 -154.590303094260435
        0.000015277680705  3.374659724454630  21.741763906448472  10.058526712115640  9.347862622684573  0.001286757941659  0.720562582711569  3.248397603551146  13.105999754296452 -154.590305397835465
        0.000441014208921  3.354323851603515  23.197043346908696  9.951268670439156  11.040977047300942  0.001082041384380  0.709638984805459  3.249237446860251  13.575833135261123 -154.590304556099653
        0.000427108990327  3.377085170622641  21.585576469478287  9.552260920042631  9.868665438817665  0.000115292880873  0.714565991745104  3.248671236024869  13.049315360242767 -154.590302846375380
        0.000000012678753  3.377085220945132  21.585576469478287  9.552260920042631  9.868665438817665  0.000115292880873  0.714565991745104  3.248671236024869  13.049315360242767 -154.590302846375380
        0.000000011429702  3.377085170622641  21.585576791128442  9.552260920042631  9.868665438817665  0.000115292880873  0.714565991745104  3.248671236024869  13.049315360242767 -154.590302846375380
        0.000000001435577  3.377085170622641  21.585576469478287  9.552261062382410  9.868665438817665  0.000115292880873  0.714565991745104  3.248671236024869  13.049315360242767 -154.590302846375380
        0.000000000326404  3.377085170622641  21.585576469478287  9.552260920042631  9.868665585872240  0.000115292880873  0.714565991745104  3.248671236024869  13.049315360242767 -154.590302846375380
        0.000000000518833  3.377085170622641  21.585576469478287  9.552260920042631  9.868665438817665  0.000115307782034  0.714565991745104  3.248671236024869  13.049315360242767 -154.590302846375380
        0.000000004138250  3.377085170622641  21.585576469478287  9.552260920042631  9.868665438817665  0.000115292880873  0.714566006646265  3.248671236024869  13.049315360242767 -154.590302846375380
        0.000000003262784  3.377085170622641  21.585576469478287  9.552260920042631  9.868665438817665  0.000115292880873  0.714565991745104  3.248671284433843  13.049315360242767 -154.590302846375380
        0.000000004443125  3.377085170622641  21.585576469478287  9.552260920042631  9.868665438817665  0.000115292880873  0.714565991745104  3.248671236024869  13.049315554692718 -154.590302846375380
        0.000015277680753  3.377085170622641  21.585576469478287  9.552260920042631  9.868665438817665  0.000115292880873  0.714565991745104  3.248671236024869  13.049315360242767 -154.590305149950410
        0.000021384928433  3.377089610636195  21.585655255488536  9.552459984813249  9.868600092676315  0.000430827993550  0.714574717881635  3.248668242912704  13.049206786074562 -154.590302848518377
        0.000000012679733  3.377089660958752  21.585655255488536  9.552459984813249  9.868600092676315  0.000430827993550  0.714574717881635  3.248668242912704  13.049206786074562 -154.590302848518377
        0.000000011430575  3.377089610636195  21.585655577139864  9.552459984813249  9.868600092676315  0.000430827993550  0.714574717881635  3.248668242912704  13.049206786074562 -154.590302848518377
        0.000000001435600  3.377089610636195  21.585655255488536  9.552460127155994  9.868600092676315  0.000430827993550  0.714574717881635  3.248668242912704  13.049206786074562 -154.590302848518377
        0.000000000326396  3.377089610636195  21.585655255488536  9.552459984813249  9.868600239729917  0.000430827993550  0.714574717881635  3.248668242912704  13.049206786074562 -154.590302848518377
        0.000000000518839  3.377089610636195  21.585655255488536  9.552459984813249  9.868600092676315  0.000430842894711  0.714574717881635  3.248668242912704  13.049206786074562 -154.590302848518377
        0.000000004138303  3.377089610636195  21.585655255488536  9.552459984813249  9.868600092676315  0.000430827993550  0.714574732782796  3.248668242912704  13.049206786074562 -154.590302848518377
        0.000000003262847  3.377089610636195  21.585655255488536  9.552459984813249  9.868600092676315  0.000430827993550  0.714574717881635  3.248668291321633  13.049206786074562 -154.590302848518377
        0.000000004443175  3.377089610636195  21.585655255488536  9.552459984813249  9.868600092676315  0.000430827993550  0.714574717881635  3.248668242912704  13.049206980522895 -154.590302848518377
        0.000015277680753  3.377089610636195  21.585655255488536  9.552459984813249  9.868600092676315  0.000430827993550  0.714574717881635  3.248668242912704  13.049206786074562 -154.590305152093407
        0.000056589681722  3.376344351656456  21.640492577959652  9.217735663567257  10.339649682741086  0.000114900141648  0.710337927286869  3.249306017857551  13.062743748080141 -154.590304492361128
        0.000000012676415  3.376344401967907  21.640492577959652  9.217735663567257  10.339649682741086  0.000114900141648  0.710337927286869  3.249306017857551  13.062743748080141 -154.590304492361128
        0.000000011432381  3.376344351656456  21.640492900428121  9.217735663567257  10.339649682741086  0.000114900141648  0.710337927286869  3.249306017857551  13.062743748080141 -154.590304492361128
        0.000000001440533  3.376344351656456  21.640492577959652  9.217735800922222  10.339649682741086  0.000114900141648  0.710337927286869  3.249306017857551  13.062743748080141 -154.590304492361128
        0.000000000361524  3.376344351656456  21.640492577959652  9.217735663567257  10.339649836813873  0.000114900141648  0.710337927286869  3.249306017857551  13.062743748080141 -154.590304492361128
        0.000000000544402  3.376344351656456  21.640492577959652  9.217735663567257  10.339649682741086  0.000114915042809  0.710337927286869  3.249306017857551  13.062743748080141 -154.590304492361128
        0.000000004174348  3.376344351656456  21.640492577959652  9.217735663567257  10.339649682741086  0.000114900141648  0.710337942188031  3.249306017857551  13.062743748080141 -154.590304492361128
        0.000000003298215  3.376344351656456  21.640492577959652  9.217735663567257  10.339649682741086  0.000114900141648  0.710337927286869  3.249306066275984  13.062743748080141 -154.590304492361128
        0.000000004437185  3.376344351656456  21.640492577959652  9.217735663567257  10.339649682741086  0.000114900141648  0.710337927286869  3.249306017857551  13.062743942730192 -154.590304492361128
        0.000015277681674  3.376344351656456  21.640492577959652  9.217735663567257  10.339649682741086  0.000114900141648  0.710337927286869  3.249306017857551  13.062743748080141 -154.590306795936186
        0.000022462142186  3.376349453081912  21.640570764154962  9.218088313990346  10.339429638108872  0.000498465509470  0.710348827121277  3.249302532261448  13.062620008050452 -154.590304494159568
        0.000000012677570  3.376349503393440  21.640570764154962  9.218088313990346  10.339429638108872  0.000498465509470  0.710348827121277  3.249302532261448  13.062620008050452 -154.590304494159568
        0.000000011433444  3.376349453081912  21.640571086624597  9.218088313990346  10.339429638108872  0.000498465509470  0.710348827121277  3.249302532261448  13.062620008050452 -154.590304494159568
        0.000000001440531  3.376349453081912  21.640570764154962  9.218088451350566  10.339429638108872  0.000498465509470  0.710348827121277  3.249302532261448  13.062620008050452 -154.590304494159568
        0.000000000361487  3.376349453081912  21.640570764154962  9.218088313990346  10.339429792178379  0.000498465509470  0.710348827121277  3.249302532261448  13.062620008050452 -154.590304494159568
        0.000000000544412  3.376349453081912  21.640570764154962  9.218088313990346  10.339429638108872  0.000498480410631  0.710348827121277  3.249302532261448  13.062620008050452 -154.590304494159568
        0.000000004174408  3.376349453081912  21.640570764154962  9.218088313990346  10.339429638108872  0.000498465509470  0.710348842022438  3.249302532261448  13.062620008050452 -154.590304494159568
        0.000000003298235  3.376349453081912  21.640570764154962  9.218088313990346  10.339429638108872  0.000498465509470  0.710348827121277  3.249302580679829  13.062620008050452 -154.590304494159568
        0.000000004437268  3.376349453081912  21.640570764154962  9.218088313990346  10.339429638108872  0.000498465509470  0.710348827121277  3.249302532261448  13.062620202698659 -154.590304494159568
        0.000015277681652  3.376349453081912  21.640570764154962  9.218088313990346  10.339429638108872  0.000498465509470  0.710348827121277  3.249302532261448  13.062620008050452 -154.590306797734627
        0.000021974640820  3.377006006579322  21.594051518110454  9.139385511951097  10.382038028769154  0.000156078045554  0.709819875491180  3.249440362596025  13.046608796338299 -154.590304817498691
        0.000000012682525  3.377006056900632  21.594051518110454  9.139385511951097  10.382038028769154  0.000156078045554  0.709819875491180  3.249440362596025  13.046608796338299 -154.590304817498691
        0.000000011438616  3.377006006579322  21.594051839886898  9.139385511951097  10.382038028769154  0.000156078045554  0.709819875491180  3.249440362596025  13.046608796338299 -154.590304817498691
        0.000000001441388  3.377006006579322  21.594051518110454  9.139385648138553  10.382038028769154  0.000156078045554  0.709819875491180  3.249440362596025  13.046608796338299 -154.590304817498691
        0.000000000366942  3.377006006579322  21.594051518110454  9.139385511951097  10.382038183473576  0.000156078045554  0.709819875491180  3.249440362596025  13.046608796338299 -154.590304817498691
        0.000000000547792  3.377006006579322  21.594051518110454  9.139385511951097  10.382038028769154  0.000156092946715  0.709819875491180  3.249440362596025  13.046608796338299 -154.590304817498691
        0.000000004178570  3.377006006579322  21.594051518110454  9.139385511951097  10.382038028769154  0.000156078045554  0.709819890392342  3.249440362596025  13.046608796338299 -154.590304817498691
        0.000000003298026  3.377006006579322  21.594051518110454  9.139385511951097  10.382038028769154  0.000156078045554  0.709819875491180  3.249440411016459  13.046608796338299 -154.590304817498691
        0.000000004442368  3.377006006579322  21.594051518110454  9.139385511951097  10.382038028769154  0.000156078045554  0.709819875491180  3.249440362596025  13.046608990747920 -154.590304817498691
        0.000015277681815  3.377006006579322  21.594051518110454  9.139385511951097  10.382038028769154  0.000156078045554  0.709819875491180  3.249440362596025  13.046608796338299 -154.590307121073749
        0.000014330345485  3.380255047801078  21.365710616525725  9.024225327276969  10.292988987350169  0.000107330651900  0.709637688503052  3.249488897620652  12.971032065608357 -154.590304945099831
        0.000005123606805  3.377786411613878  21.538944291045176  9.101923408377745  10.370860885731467  0.000121372102997  0.709689422760678  3.249475739952325  13.028351352164769 -154.590304892486330
        0.000000012687133  3.377786461946818  21.538944291045176  9.101923408377745  10.370860885731467  0.000121372102997  0.709689422760678  3.249475739952325  13.028351352164769 -154.590304892486330
        0.000000011443113  3.377786411613878  21.538944612000456  9.101923408377745  10.370860885731467  0.000121372102997  0.709689422760678  3.249475739952325  13.028351352164769 -154.590304892486330
        0.000000001441527  3.377786411613878  21.538944291045176  9.101923544006974  10.370860885731467  0.000121372102997  0.709689422760678  3.249475739952325  13.028351352164769 -154.590304892486330
        0.000000000368229  3.377786411613878  21.538944291045176  9.101923408377745  10.370861040269338  0.000121372102997  0.709689422760678  3.249475739952325  13.028351352164769 -154.590304892486330
        0.000000000548326  3.377786411613878  21.538944291045176  9.101923408377745  10.370860885731467  0.000121387004158  0.709689422760678  3.249475739952325  13.028351352164769 -154.590304892486330
        0.000000004179182  3.377786411613878  21.538944291045176  9.101923408377745  10.370860885731467  0.000121372102997  0.709689437661839  3.249475739952325  13.028351352164769 -154.590304892486330
        0.000000003294029  3.377786411613878  21.538944291045176  9.101923408377745  10.370860885731467  0.000121372102997  0.709689422760678  3.249475788373287  13.028351352164769 -154.590304892486330
        0.000000004448519  3.377786411613878  21.538944291045176  9.101923408377745  10.370860885731467  0.000121372102997  0.709689422760678  3.249475739952325  13.028351546302332 -154.590304892486330
        0.000015277681837  3.377786411613878  21.538944291045176  9.101923408377745  10.370860885731467  0.000121372102997  0.709689422760678  3.249475739952325  13.028351352164769 -154.590307196061389
        0.000015471581944  3.377935781313630  21.528553395179447  9.107815391298370  10.353193834685413  0.000005699942422  0.709809576529097  3.249459753785619  13.025011409698262 -154.590304844890596
        0.000001112268427  3.377788697699199  21.538847461151008  9.104751967004916  10.367213341034279  0.000080068895758  0.709723999027472  3.249471962009561  13.028342457788167 -154.590304876400410
        0.000000012687177  3.377788748032172  21.538847461151008  9.104751967004916  10.367213341034279  0.000080068895758  0.709723999027472  3.249471962009561  13.028342457788167 -154.590304876400410
        0.000000011443120  3.377788697699199  21.538847782104845  9.104751967004916  10.367213341034279  0.000080068895758  0.709723999027472  3.249471962009561  13.028342457788167 -154.590304876400410
        0.000000001441500  3.377788697699199  21.538847461151008  9.104752102676292  10.367213341034279  0.000080068895758  0.709723999027472  3.249471962009561  13.028342457788167 -154.590304876400410
        0.000000000367944  3.377788697699199  21.538847461151008  9.104751967004916  10.367213495517797  0.000080068895758  0.709723999027472  3.249471962009561  13.028342457788167 -154.590304876400410
        0.000000000548134  3.377788697699199  21.538847461151008  9.104751967004916  10.367213341034279  0.000080083796919  0.709723999027472  3.249471962009561  13.028342457788167 -154.590304876400410
        0.000000004178910  3.377788697699199  21.538847461151008  9.104751967004916  10.367213341034279  0.000080068895758  0.709724013928634  3.249471962009561  13.028342457788167 -154.590304876400410
        0.000000003293734  3.377788697699199  21.538847461151008  9.104751967004916  10.367213341034279  0.000080068895758  0.709723999027472  3.249472010430467  13.028342457788167 -154.590304876400410
        0.000000004448548  3.377788697699199  21.538847461151008  9.104751967004916  10.367213341034279  0.000080068895758  0.709723999027472  3.249471962009561  13.028342651925598 -154.590304876400410
        0.000015277681819  3.377788697699199  21.538847461151008  9.104751967004916  10.367213341034279  0.000080068895758  0.709723999027472  3.249471962009561  13.028342457788167 -154.590307179975468
2023-06-01 19:20:27.562258
