/projects/wagner/highthroughput/mick_graphene_paper/3_data/kc_fitting_dft
2022-08-18 12:22:48.988888
energy_inf: -154.87065645278034
     2535.672725874616845  3.416084000000000  20.021583000000000  10.905510700000001  4.275635400000000  0.010010836000000  0.844712200000000  2.936058400000000  14.313258800000000 -154.870656452780338
        0.000000018717218  3.416084050903618  20.021583000000000  10.905510700000001  4.275635400000000  0.010010836000000  0.844712200000000  2.936058400000000  14.313258800000000 -154.870656452780338
        0.000000019282189  3.416084000000000  20.021583298344837  10.905510700000001  4.275635400000000  0.010010836000000  0.844712200000000  2.936058400000000  14.313258800000000 -154.870656452780338
        0.000000002760085  3.416084000000000  20.021583000000000  10.905510862504773  4.275635400000000  0.010010836000000  0.844712200000000  2.936058400000000  14.313258800000000 -154.870656452780338
        0.000000000499340  3.416084000000000  20.021583000000000  10.905510700000001  4.275635463711932  0.010010836000000  0.844712200000000  2.936058400000000  14.313258800000000 -154.870656452780338
        0.000000000455390  3.416084000000000  20.021583000000000  10.905510700000001  4.275635400000000  0.010010850901161  0.844712200000000  2.936058400000000  14.313258800000000 -154.870656452780338
        0.000000007626080  3.416084000000000  20.021583000000000  10.905510700000001  4.275635400000000  0.010010836000000  0.844712214901161  2.936058400000000  14.313258800000000 -154.870656452780338
        0.000000008542471  3.416084000000000  20.021583000000000  10.905510700000001  4.275635400000000  0.010010836000000  0.844712200000000  2.936058443750679  14.313258800000000 -154.870656452780338
        0.000000009622645  3.416084000000000  20.021583000000000  10.905510700000001  4.275635400000000  0.010010836000000  0.844712200000000  2.936058400000000  14.313259013284176 -154.870656452780338
        0.000037770100898  3.416084000000000  20.021583000000000  10.905510700000001  4.275635400000000  0.010010836000000  0.844712200000000  2.936058400000000  14.313258800000000 -154.870658760532962
        0.288254767938872  3.385051814718177  2.197250403022526  0.054527553500000  7.415173486361775  27.484926030201780  0.239486814802193  2.935668541492172  14.288047558617651 -154.870583354424411
        0.194485680623585  3.365759385283718  17.464410371828919  9.302927464368860  5.711511456277245  8.000228589831137  0.703475648893523  2.896526153137207  14.273032228142863 -154.870575438642675
        0.000000016801429  3.365759435437440  17.464410371828919  9.302927464368860  5.711511456277245  8.000228589831137  0.703475648893523  2.896526153137207  14.273032228142863 -154.870575438642675
        0.000000015952807  3.365759385283718  17.464410632068912  9.302927464368860  5.711511456277245  8.000228589831137  0.703475648893523  2.896526153137207  14.273032228142863 -154.870575438642675
        0.000000002011510  3.365759385283718  17.464410371828919  9.302927602993282  5.711511456277245  8.000228589831137  0.703475648893523  2.896526153137207  14.273032228142863 -154.870575438642675
        0.000000000247258  3.365759385283718  17.464410371828919  9.302927464368860  5.711511541385398  8.000228589831137  0.703475648893523  2.896526153137207  14.273032228142863 -154.870575438642675
        0.000000001780657  3.365759385283718  17.464410371828919  9.302927464368860  5.711511456277245  8.000228709043833  0.703475648893523  2.896526153137207  14.273032228142863 -154.870575438642675
        0.000000004189540  3.365759385283718  17.464410371828919  9.302927464368860  5.711511456277245  8.000228589831137  0.703475663794685  2.896526153137207  14.273032228142863 -154.870575438642675
        0.000000009613615  3.365759385283718  17.464410371828919  9.302927464368860  5.711511456277245  8.000228589831137  0.703475648893523  2.896526196298810  14.273032228142863 -154.870575438642675
        0.000000006357702  3.365759385283718  17.464410371828919  9.302927464368860  5.711511456277245  8.000228589831137  0.703475648893523  2.896526153137207  14.273032440827617 -154.870575438642675
        0.000037770909235  3.365759385283718  17.464410371828919  9.302927464368860  5.711511456277245  8.000228589831137  0.703475648893523  2.896526153137207  14.273032228142863 -154.870577746394076
        0.028473973749519  3.354569210668952  23.761535442744417  15.696399448339754  1.519255380272829  0.530833435648821  0.967348925757550  2.898350620865634  14.269944437129706 -154.870360371752270
        0.020605037160483  3.358969115618623  19.528392591689720  9.736354056597337  6.279039801542261  5.798140473023542  0.763537055301825  2.916427849541220  14.269816536581613 -154.870336703610633
        0.000000017153832  3.358969165671164  19.528392591689720  9.736354056597337  6.279039801542261  5.798140473023542  0.763537055301825  2.916427849541220  14.269816536581613 -154.870336703610633
        0.000000016111906  3.358969115618623  19.528392882685445  9.736354056597337  6.279039801542261  5.798140473023542  0.763537055301825  2.916427849541220  14.269816536581613 -154.870336703610633
        0.000000002250632  3.358969115618623  19.528392591689720  9.736354201680319  6.279039801542261  5.798140473023542  0.763537055301825  2.916427849541220  14.269816536581613 -154.870336703610633
        0.000000000320593  3.358969115618623  19.528392591689720  9.736354056597337  6.279039895107245  5.798140473023542  0.763537055301825  2.916427849541220  14.269816536581613 -154.870336703610633
        0.000000000895189  3.358969115618623  19.528392591689720  9.736354056597337  6.279039801542261  5.798140559422568  0.763537055301825  2.916427849541220  14.269816536581613 -154.870336703610633
        0.000000005399697  3.358969115618623  19.528392591689720  9.736354056597337  6.279039801542261  5.798140473023542  0.763537070202986  2.916427849541220  14.269816536581613 -154.870336703610633
        0.000000009795451  3.358969115618623  19.528392591689720  9.736354056597337  6.279039801542261  5.798140473023542  0.763537055301825  2.916427892999382  14.269816536581613 -154.870336703610633
        0.000000006557809  3.358969115618623  19.528392591689720  9.736354056597337  6.279039801542261  5.798140473023542  0.763537055301825  2.916427849541220  14.269816749218450 -154.870336703610633
        0.000037770956679  3.358969115618623  19.528392591689720  9.736354056597337  6.279039801542261  5.798140473023542  0.763537055301825  2.916427849541220  14.269816536581613 -154.870339011358482
        0.002970997838015  3.363980650752207  19.450697649668196  9.879323757605135  6.292766383827116  5.792176747182729  0.761320351422067  2.900033669050208  14.447217483881026 -154.870041652976568
        0.000000017113383  3.363980700879425  19.450697649668196  9.879323757605135  6.292766383827116  5.792176747182729  0.761320351422067  2.900033669050208  14.447217483881026 -154.870041652976568
        0.000000016157385  3.363980650752207  19.450697939506178  9.879323757605135  6.292766383827116  5.792176747182729  0.761320351422067  2.900033669050208  14.447217483881026 -154.870041652976568
        0.000000002262744  3.363980650752207  19.450697649668196  9.879323904818531  6.292766383827116  5.792176747182729  0.761320351422067  2.900033669050208  14.447217483881026 -154.870041652976568
        0.000000000324339  3.363980650752207  19.450697649668196  9.879323757605135  6.292766477596643  5.792176747182729  0.761320351422067  2.900033669050208  14.447217483881026 -154.870041652976568
        0.000000000915082  3.363980650752207  19.450697649668196  9.879323757605135  6.292766383827116  5.792176833492888  0.761320351422067  2.900033669050208  14.447217483881026 -154.870041652976568
        0.000000005514086  3.363980650752207  19.450697649668196  9.879323757605135  6.292766383827116  5.792176747182729  0.761320366323228  2.900033669050208  14.447217483881026 -154.870041652976568
        0.000000009912536  3.363980650752207  19.450697649668196  9.879323757605135  6.292766383827116  5.792176747182729  0.761320351422067  2.900033712264078  14.447217483881026 -154.870041652976568
        0.000000006782048  3.363980650752207  19.450697649668196  9.879323757605135  6.292766383827116  5.792176747182729  0.761320351422067  2.900033669050208  14.447217699161342 -154.870041652976568
        0.000037770701497  3.363980650752207  19.450697649668196  9.879323757605135  6.292766383827116  5.792176747182729  0.761320351422067  2.900033669050208  14.447217483881026 -154.870043960720011
        0.005465954067994  3.375531627415118  22.521579566380204  12.649530813717128  6.051948060783208  1.175039354208036  0.863669880195722  2.850139756466926  14.435173297157180 -154.869796590617199
        0.005279591661285  3.375997451583865  19.988618956302165  10.323409371996746  6.566329162363171  4.434472091272487  0.785608547392845  2.870375084959350  14.430713243208341 -154.869792907411181
        0.000000017110404  3.375997501890147  19.988618956302165  10.323409371996746  6.566329162363171  4.434472091272487  0.785608547392845  2.870375084959350  14.430713243208341 -154.869792907411181
        0.000000016150180  3.375997451583865  19.988619254155797  10.323409371996746  6.566329162363171  4.434472091272487  0.785608547392845  2.870375084959350  14.430713243208341 -154.869792907411181
        0.000000002409894  3.375997451583865  19.988618956302165  10.323409525827532  6.566329162363171  4.434472091272487  0.785608547392845  2.870375084959350  14.430713243208341 -154.869792907411181
        0.000000000365671  3.375997451583865  19.988618956302165  10.323409371996746  6.566329260209100  4.434472091272487  0.785608547392845  2.870375084959350  14.430713243208341 -154.869792907411181
        0.000000000457738  3.375997451583865  19.988618956302165  10.323409371996746  6.566329162363171  4.434472157351270  0.785608547392845  2.870375084959350  14.430713243208341 -154.869792907411181
        0.000000006384546  3.375997451583865  19.988618956302165  10.323409371996746  6.566329162363171  4.434472091272487  0.785608562294006  2.870375084959350  14.430713243208341 -154.869792907411181
        0.000000010102199  3.375997451583865  19.988618956302165  10.323409371996746  6.566329162363171  4.434472091272487  0.785608547392845  2.870375127731272  14.430713243208341 -154.869792907411181
        0.000000007313922  3.375997451583865  19.988618956302165  10.323409371996746  6.566329162363171  4.434472091272487  0.785608547392845  2.870375084959350  14.430713458242726 -154.869792907411181
        0.000037770463278  3.375997451583865  19.988618956302165  10.323409371996746  6.566329162363171  4.434472091272487  0.785608547392845  2.870375084959350  14.430713243208341 -154.869795215150930
        0.000178838037353  3.376638381830430  20.025092103913458  10.398129733052409  6.588278835528714  4.404348365130585  0.785266133780303  2.866961288765525  14.448690945660696 -154.869768438814589
        0.000000017103978  3.376638432146263  20.025092103913458  10.398129733052409  6.588278835528714  4.404348365130585  0.785266133780303  2.866961288765525  14.448690945660696 -154.869768438814589
        0.000000016149739  3.376638381830430  20.025092402310584  10.398129733052409  6.588278835528714  4.404348365130585  0.785266133780303  2.866961288765525  14.448690945660696 -154.869768438814589
        0.000000002414979  3.376638381830430  20.025092103913458  10.398129887996616  6.588278835528714  4.404348365130585  0.785266133780303  2.866961288765525  14.448690945660696 -154.869768438814589
        0.000000000367184  3.376638381830430  20.025092103913458  10.398129733052409  6.588278933701718  4.404348365130585  0.785266133780303  2.866961288765525  14.448690945660696 -154.869768438814589
        0.000000000448185  3.376638381830430  20.025092103913458  10.398129733052409  6.588278835528714  4.404348430760490  0.785266133780303  2.866961288765525  14.448690945660696 -154.869768438814589
        0.000000006438423  3.376638381830430  20.025092103913458  10.398129733052409  6.588278835528714  4.404348365130585  0.785266148681464  2.866961288765525  14.448690945660696 -154.869768438814589
        0.000000010140846  3.376638381830430  20.025092103913458  10.398129733052409  6.588278835528714  4.404348365130585  0.785266133780303  2.866961331486577  14.448690945660696 -154.869768438814589
        0.000000007346281  3.376638381830430  20.025092103913458  10.398129733052409  6.588278835528714  4.404348365130585  0.785266133780303  2.866961288765525  14.448691160962968 -154.869768438814589
        0.000037770436073  3.376638381830430  20.025092103913458  10.398129733052409  6.588278835528714  4.404348365130585  0.785266133780303  2.866961288765525  14.448690945660696 -154.869770746553968
        0.000389163159565  3.394852345359225  20.917659207358408  11.539499186964420  6.296299334267134  1.680364642205235  0.833533317480478  2.851087896071282  13.976414764442369 -154.869770128449460
        0.000360823656047  3.382956567193280  20.163941368533443  10.624648736952590  6.536689758267936  3.679001944078383  0.796835820007409  2.863019330778774  14.284103776885212 -154.869769188791594
        0.000000017111114  3.382956617603261  20.163941368533443  10.624648736952590  6.536689758267936  3.679001944078383  0.796835820007409  2.863019330778774  14.284103776885212 -154.869769188791594
        0.000000016133815  3.382956567193280  20.163941668999584  10.624648736952590  6.536689758267936  3.679001944078383  0.796835820007409  2.863019330778774  14.284103776885212 -154.869769188791594
        0.000000002476493  3.382956567193280  20.163941368533443  10.624648895272193  6.536689758267936  3.679001944078383  0.796835820007409  2.863019330778774  14.284103776885212 -154.869769188791594
        0.000000000373131  3.382956567193280  20.163941368533443  10.624648736952590  6.536689855672203  3.679001944078383  0.796835820007409  2.863019330778774  14.284103776885212 -154.869769188791594
        0.000000000245490  3.382956567193280  20.163941368533443  10.624648736952590  6.536689758267936  3.679001998899784  0.796835820007409  2.863019330778774  14.284103776885212 -154.869769188791594
        0.000000006817096  3.382956567193280  20.163941368533443  10.624648736952590  6.536689758267936  3.679001944078383  0.796835834908570  2.863019330778774  14.284103776885212 -154.869769188791594
        0.000000010091855  3.382956567193280  20.163941368533443  10.624648736952590  6.536689758267936  3.679001944078383  0.796835820007409  2.863019373441086  14.284103776885212 -154.869769188791594
        0.000000007571221  3.382956567193280  20.163941368533443  10.624648736952590  6.536689758267936  3.679001944078383  0.796835820007409  2.863019330778774  14.284103989734945 -154.869769188791594
        0.000037770438672  3.382956567193280  20.163941368533443  10.624648736952590  6.536689758267936  3.679001944078383  0.796835820007409  2.863019330778774  14.284103776885212 -154.869771496531001
        0.000262952454353  3.388823401948876  20.773736650926896  11.265567827848194  6.462935967119392  2.407945104267947  0.819666122058392  2.854728804850083  14.137767517091806 -154.869768134199660
        0.000216326221026  3.385799454974913  20.255375864744675  10.757557095640109  6.497356040899643  3.329137992417520  0.802835521719911  2.860620367904659  14.214897327065094 -154.869768051670178
        0.000000017113448  3.385799505427257  20.255375864744675  10.757557095640109  6.497356040899643  3.329137992417520  0.802835521719911  2.860620367904659  14.214897327065094 -154.869768051670178
        0.000000016125559  3.385799454974913  20.255376166573296  10.757557095640109  6.497356040899643  3.329137992417520  0.802835521719911  2.860620367904659  14.214897327065094 -154.869768051670178
        0.000000002508030  3.385799454974913  20.255375864744675  10.757557255940203  6.497356040899643  3.329137992417520  0.802835521719911  2.860620367904659  14.214897327065094 -154.869768051670178
        0.000000000375281  3.385799454974913  20.255375864744675  10.757557095640109  6.497356137717793  3.329137992417520  0.802835521719911  2.860620367904659  14.214897327065094 -154.869768051670178
        0.000000000184700  3.385799454974913  20.255375864744675  10.757557095640109  6.497356040899643  3.329138042025542  0.802835521719911  2.860620367904659  14.214897327065094 -154.869768051670178
        0.000000007003024  3.385799454974913  20.255375864744675  10.757557095640109  6.497356040899643  3.329137992417520  0.802835536621072  2.860620367904659  14.214897327065094 -154.869768051670178
        0.000000010071140  3.385799454974913  20.255375864744675  10.757557095640109  6.497356040899643  3.329137992417520  0.802835521719911  2.860620410531225  14.214897327065094 -154.869768051670178
        0.000000007679696  3.385799454974913  20.255375864744675  10.757557095640109  6.497356040899643  3.329137992417520  0.802835521719911  2.860620367904659  14.214897538883569 -154.869768051670178
        0.000037770436582  3.385799454974913  20.255375864744675  10.757557095640109  6.497356040899643  3.329137992417520  0.802835521719911  2.860620367904659  14.214897327065094 -154.869770359409557
        0.000056315870825  3.393803490764812  20.308216876386805  10.950802522342114  6.382460352764137  2.590904117309360  0.814925904299102  2.856241438615228  14.012661470508020 -154.869768255049792
        0.000000017124424  3.393803541336424  20.308216876386805  10.950802522342114  6.382460352764137  2.590904117309360  0.814925904299102  2.856241438615228  14.012661470508020 -154.869768255049792
        0.000000016111075  3.393803490764812  20.308217179002817  10.950802522342114  6.382460352764137  2.590904117309360  0.814925904299102  2.856241438615228  14.012661470508020 -154.869768255049792
        0.000000002573429  3.393803490764812  20.308216876386805  10.950802685521788  6.382460352764137  2.590904117309360  0.814925904299102  2.856241438615228  14.012661470508020 -154.869768255049792
        0.000000000381472  3.393803490764812  20.308216876386805  10.950802522342114  6.382460447870208  2.590904117309360  0.814925904299102  2.856241438615228  14.012661470508020 -154.869768255049792
        0.000000000266245  3.393803490764812  20.308216876386805  10.950802522342114  6.382460352764137  2.590904155916840  0.814925904299102  2.856241438615228  14.012661470508020 -154.869768255049792
        0.000000007388412  3.393803490764812  20.308216876386805  10.950802522342114  6.382460352764137  2.590904117309360  0.814925919200263  2.856241438615228  14.012661470508020 -154.869768255049792
        0.000000009984351  3.393803490764812  20.308216876386805  10.950802522342114  6.382460352764137  2.590904117309360  0.814925904299102  2.856241481176542  14.012661470508020 -154.869768255049792
        0.000000007940321  3.393803490764812  20.308216876386805  10.950802522342114  6.382460352764137  2.590904117309360  0.814925904299102  2.856241438615228  14.012661679312947 -154.869768255049792
        0.000037770438024  3.393803490764812  20.308216876386805  10.950802522342114  6.382460352764137  2.590904117309360  0.814925904299102  2.856241438615228  14.012661470508020 -154.869770562789171
        0.000172773253769  3.395780483661653  20.664564612198205  11.280858597643839  6.389465353477110  1.986585939023225  0.825501884325560  2.851774975802452  13.968388930147364 -154.869766103968999
        0.000000017113526  3.395780534262725  20.664564612198205  11.280858597643839  6.389465353477110  1.986585939023225  0.825501884325560  2.851774975802452  13.968388930147364 -154.869766103968999
        0.000000016089609  3.395780483661653  20.664564920124214  11.280858597643839  6.389465353477110  1.986585939023225  0.825501884325560  2.851774975802452  13.968388930147364 -154.869766103968999
        0.000000002634666  3.395780483661653  20.664564612198205  11.280858765741732  6.389465353477110  1.986585939023225  0.825501884325560  2.851774975802452  13.968388930147364 -154.869766103968999
        0.000000000389565  3.395780483661653  20.664564612198205  11.280858597643839  6.389465448687563  1.986585939023225  0.825501884325560  2.851774975802452  13.968388930147364 -154.869766103968999
        0.000000000459778  3.395780483661653  20.664564612198205  11.280858597643839  6.389465353477110  1.986585968625662  0.825501884325560  2.851774975802452  13.968388930147364 -154.869766103968999
        0.000000007738399  3.395780483661653  20.664564612198205  11.280858597643839  6.389465353477110  1.986585939023225  0.825501899226722  2.851774975802452  13.968388930147364 -154.869766103968999
        0.000000009998005  3.395780483661653  20.664564612198205  11.280858597643839  6.389465353477110  1.986585939023225  0.825501884325560  2.851775018297211  13.968388930147364 -154.869766103968999
        0.000000008085056  3.395780483661653  20.664564612198205  11.280858597643839  6.389465353477110  1.986585939023225  0.825501884325560  2.851774975802452  13.968389138292579 -154.869766103968999
        0.000037770434630  3.395780483661653  20.664564612198205  11.280858597643839  6.389465353477110  1.986585939023225  0.825501884325560  2.851774975802452  13.968388930147364 -154.869768411708350
        0.000043255500708  3.395540673614414  20.689304871497878  11.297161341105198  6.393298709710797  1.974407977860035  0.825644901830771  2.851671634760409  13.974298311436284 -154.869766229193971
        0.000000017108990  3.395540724211913  20.689304871497878  11.297161341105198  6.393298709710797  1.974407977860035  0.825644901830771  2.851671634760409  13.974298311436284 -154.869766229193971
        0.000000016087701  3.395540673614414  20.689305179792544  11.297161341105198  6.393298709710797  1.974407977860035  0.825644901830771  2.851671634760409  13.974298311436284 -154.869766229193971
        0.000000002636001  3.395540673614414  20.689304871497878  11.297161509446020  6.393298709710797  1.974407977860035  0.825644901830771  2.851671634760409  13.974298311436284 -154.869766229193971
        0.000000000389726  3.395540673614414  20.689304871497878  11.297161341105198  6.393298804978372  1.974407977860035  0.825644901830771  2.851671634760409  13.974298311436284 -154.869766229193971
        0.000000000464156  3.395540673614414  20.689304871497878  11.297161341105198  6.393298709710797  1.974408007281006  0.825644901830771  2.851671634760409  13.974298311436284 -154.869766229193971
        0.000000007746381  3.395540673614414  20.689304871497878  11.297161341105198  6.393298709710797  1.974407977860035  0.825644916731932  2.851671634760409  13.974298311436284 -154.869766229193971
        0.000000010002104  3.395540673614414  20.689304871497878  11.297161341105198  6.393298709710797  1.974407977860035  0.825644901830771  2.851671677253628  13.974298311436284 -154.869766229193971
        0.000000008083843  3.395540673614414  20.689304871497878  11.297161341105198  6.393298709710797  1.974407977860035  0.825644901830771  2.851671634760409  13.974298519669556 -154.869766229193971
        0.000037770434648  3.395540673614414  20.689304871497878  11.297161341105198  6.393298709710797  1.974407977860035  0.825644901830771  2.851671634760409  13.974298311436284 -154.869768536933321
        0.000483820319398  3.385954903167232  21.975001421533332  12.200757697013643  6.662166888487269  1.105318641472993  0.840860912349084  2.845568386675012  14.208802390312302 -154.869767064770372
        0.000426732195327  3.394856874539349  20.926442350246248  11.481649338519050  6.431798487409850  1.725633701678830  0.829798593486162  2.850030277952928  13.990342945434689 -154.869766585339789
        0.000000017094276  3.394856925126659  20.926442350246248  11.481649338519050  6.431798487409850  1.725633701678830  0.829798593486162  2.850030277952928  13.990342945434689 -154.869766585339789
        0.000000016074917  3.394856874539349  20.926442662074539  11.481649338519050  6.431798487409850  1.725633701678830  0.829798593486162  2.850030277952928  13.990342945434689 -154.869766585339789
        0.000000002661638  3.394856874539349  20.926442350246248  11.481649509608957  6.431798487409850  1.725633701678830  0.829798593486162  2.850030277952928  13.990342945434689 -154.869766585339789
        0.000000000393839  3.394856874539349  20.926442350246248  11.481649338519050  6.431798583251116  1.725633701678830  0.829798593486162  2.850030277952928  13.990342945434689 -154.869766585339789
        0.000000000555233  3.394856874539349  20.926442350246248  11.481649338519050  6.431798487409850  1.725633727392776  0.829798593486162  2.850030277952928  13.990342945434689 -154.869766585339789
        0.000000007895831  3.394856874539349  20.926442350246248  11.481649338519050  6.431798487409850  1.725633701678830  0.829798608387324  2.850030277952928  13.990342945434689 -154.869766585339789
        0.000000010030927  3.394856874539349  20.926442350246248  11.481649338519050  6.431798487409850  1.725633701678830  0.829798593486162  2.850030320421689  13.990342945434689 -154.869766585339789
        0.000000008118014  3.394856874539349  20.926442350246248  11.481649338519050  6.431798487409850  1.725633701678830  0.829798593486162  2.850030277952928  13.990343153907045 -154.869766585339789
        0.000037770435177  3.394856874539349  20.926442350246248  11.481649338519050  6.431798487409850  1.725633701678830  0.829798593486162  2.850030277952928  13.990342945434689 -154.869768893079140
        0.000022225691150  3.394540858280577  20.970002988216198  11.513013260664758  6.437546205401587  1.696615341248889  0.830338732036883  2.849739285162433  13.998981963718458 -154.869766078734813
        0.000000017089977  3.394540908863177  20.970002988216198  11.513013260664758  6.437546205401587  1.696615341248889  0.830338732036883  2.849739285162433  13.998981963718458 -154.869766078734813
        0.000000016072545  3.394540858280577  20.970003300693591  11.513013260664758  6.437546205401587  1.696615341248889  0.830338732036883  2.849739285162433  13.998981963718458 -154.869766078734813
        0.000000002664819  3.394540858280577  20.970002988216198  11.513013432222024  6.437546205401587  1.696615341248889  0.830338732036883  2.849739285162433  13.998981963718458 -154.869766078734813
        0.000000000394316  3.394540858280577  20.970002988216198  11.513013260664758  6.437546301328500  1.696615341248889  0.830338732036883  2.849739285162433  13.998981963718458 -154.869766078734813
        0.000000000565852  3.394540858280577  20.970002988216198  11.513013260664758  6.437546205401587  1.696615366530428  0.830338732036883  2.849739285162433  13.998981963718458 -154.869766078734813
        0.000000007913511  3.394540858280577  20.970002988216198  11.513013260664758  6.437546205401587  1.696615341248889  0.830338746938044  2.849739285162433  13.998981963718458 -154.869766078734813
        0.000000010037853  3.394540858280577  20.970002988216198  11.513013260664758  6.437546205401587  1.696615341248889  0.830338732036883  2.849739327626857  13.998981963718458 -154.869766078734813
        0.000000008118641  3.394540858280577  20.970002988216198  11.513013260664758  6.437546205401587  1.696615341248889  0.830338732036883  2.849739285162433  13.998982172319545 -154.869766078734813
        0.000037770434634  3.394540858280577  20.970002988216198  11.513013260664758  6.437546205401587  1.696615341248889  0.830338732036883  2.849739285162433  13.998981963718458 -154.869768386474163
        0.000114278515252  3.393221642509340  21.418202894208807  11.860834445133470  6.510953726551229  1.229993349708660  0.837971237110974  2.846589876290329  14.030859084658955 -154.869766255387987
        0.000000017063345  3.393221693072283  21.418202894208807  11.860834445133470  6.510953726551229  1.229993349708660  0.837971237110974  2.846589876290329  14.030859084658955 -154.869766255387987
        0.000000016050288  3.393221642509340  21.418203213364901  11.860834445133470  6.510953726551229  1.229993349708660  0.837971237110974  2.846589876290329  14.030859084658955 -154.869766255387987
        0.000000002713027  3.393221642509340  21.418202894208807  11.860834621873677  6.510953726551229  1.229993349708660  0.837971237110974  2.846589876290329  14.030859084658955 -154.869766255387987
        0.000000000402824  3.393221642509340  21.418202894208807  11.860834445133470  6.510953823572000  1.229993349708660  0.837971237110974  2.846589876290329  14.030859084658955 -154.869766255387987
        0.000000000739958  3.393221642509340  21.418202894208807  11.860834445133470  6.510953726551229  1.229993368036989  0.837971237110974  2.846589876290329  14.030859084658955 -154.869766255387987
        0.000000008191298  3.393221642509340  21.418202894208807  11.860834445133470  6.510953726551229  1.229993349708660  0.837971252012135  2.846589876290329  14.030859084658955 -154.869766255387987
        0.000000010091973  3.393221642509340  21.418202894208807  11.860834445133470  6.510953726551229  1.229993349708660  0.837971237110974  2.846589918707823  14.030859084658955 -154.869766255387987
        0.000000008181515  3.393221642509340  21.418202894208807  11.860834445133470  6.510953726551229  1.229993349708660  0.837971237110974  2.846589876290329  14.030859293735048 -154.869766255387987
        0.000037770435151  3.393221642509340  21.418202894208807  11.860834445133470  6.510953726551229  1.229993349708660  0.837971237110974  2.846589876290329  14.030859084658955 -154.869768563127337
        0.000052213420078  3.392968448791031  21.438865149254724  11.873186684376366  6.517720217794546  1.226394269751103  0.837919505014319  2.846404032804352  14.038740001079976 -154.869765347542881
        0.000000017058638  3.392968499350201  21.438865149254724  11.873186684376366  6.517720217794546  1.226394269751103  0.837919505014319  2.846404032804352  14.038740001079976 -154.869765347542881
        0.000000016049069  3.392968448791031  21.438865468718710  11.873186684376366  6.517720217794546  1.226394269751103  0.837919505014319  2.846404032804352  14.038740001079976 -154.869765347542881
        0.000000002713484  3.392968448791031  21.438865149254724  11.873186861300635  6.517720217794546  1.226394269751103  0.837919505014319  2.846404032804352  14.038740001079976 -154.869765347542881
        0.000000000402960  3.392968448791031  21.438865149254724  11.873186684376366  6.517720314916145  1.226394269751103  0.837919505014319  2.846404032804352  14.038740001079976 -154.869765347542881
        0.000000000741741  3.392968448791031  21.438865149254724  11.873186684376366  6.517720217794546  1.226394288025802  0.837919505014319  2.846404032804352  14.038740001079976 -154.869765347542881
        0.000000008195760  3.392968448791031  21.438865149254724  11.873186684376366  6.517720217794546  1.226394269751103  0.837919519915480  2.846404032804352  14.038740001079976 -154.869765347542881
        0.000000010097715  3.392968448791031  21.438865149254724  11.873186684376366  6.517720217794546  1.226394269751103  0.837919505014319  2.846404075219077  14.038740001079976 -154.869765347542881
        0.000000008179244  3.392968448791031  21.438865149254724  11.873186684376366  6.517720217794546  1.226394269751103  0.837919505014319  2.846404032804352  14.038740210273504 -154.869765347542881
        0.000037770434137  3.392968448791031  21.438865149254724  11.873186684376366  6.517720217794546  1.226394269751103  0.837919505014319  2.846404032804352  14.038740001079976 -154.869767655282232
        0.000037320011782  3.394049494901481  21.450398666785489  11.898869949748574  6.516865482567165  1.124298897101186  0.839291028396103  2.845712070281433  14.012189860716285 -154.869765021631935
        0.000000017060101  3.394049545476760  21.450398666785489  11.898869949748574  6.516865482567165  1.124298897101186  0.839291028396103  2.845712070281433  14.012189860716285 -154.869765021631935
        0.000000016047566  3.394049494901481  21.450398986421337  11.898869949748574  6.516865482567165  1.124298897101186  0.839291028396103  2.845712070281433  14.012189860716285 -154.869765021631935
        0.000000002723491  3.394049494901481  21.450398666785489  11.898870127055554  6.516865482567165  1.124298897101186  0.839291028396103  2.845712070281433  14.012189860716285 -154.869765021631935
        0.000000000404912  3.394049494901481  21.450398666785489  11.898869949748574  6.516865579676028  1.124298897101186  0.839291028396103  2.845712070281433  14.012189860716285 -154.869765021631935
        0.000000000779687  3.394049494901481  21.450398666785489  11.898869949748574  6.516865482567165  1.124298913854545  0.839291028396103  2.845712070281433  14.012189860716285 -154.869765021631935
        0.000000008256552  3.394049494901481  21.450398666785489  11.898869949748574  6.516865482567165  1.124298897101186  0.839291043297265  2.845712070281433  14.012189860716285 -154.869765021631935
        0.000000010089916  3.394049494901481  21.450398666785489  11.898869949748574  6.516865482567165  1.124298897101186  0.839291028396103  2.845712112685847  14.012189860716285 -154.869765021631935
        0.000000008216318  3.394049494901481  21.450398666785489  11.898869949748574  6.516865482567165  1.124298897101186  0.839291028396103  2.845712070281433  14.012190069514185 -154.869765021631935
        0.000037770433514  3.394049494901481  21.450398666785489  11.898869949748574  6.516865482567165  1.124298897101186  0.839291028396103  2.845712070281433  14.012189860716285 -154.869767329371257
        0.000037869351214  3.395695900865908  21.487135259436624  11.954766825482686  6.513370751062361  0.942723112617335  0.841855336712438  2.844606516389754  13.970536287516396 -154.869765466648317
        0.000000017061629  3.395695951465720  21.487135259436624  11.954766825482686  6.513370751062361  0.942723112617335  0.841855336712438  2.844606516389754  13.970536287516396 -154.869765466648317
        0.000000016044369  3.395695900865908  21.487135579619888  11.954766825482686  6.513370751062361  0.942723112617335  0.841855336712438  2.844606516389754  13.970536287516396 -154.869765466648317
        0.000000002741432  3.395695900865908  21.487135259436624  11.954767003622594  6.513370751062361  0.942723112617335  0.841855336712438  2.844606516389754  13.970536287516396 -154.869765466648317
        0.000000000408423  3.395695900865908  21.487135259436624  11.954766825482686  6.513370848119148  0.942723112617335  0.841855336712438  2.844606516389754  13.970536287516396 -154.869765466648317
        0.000000000827964  3.395695900865908  21.487135259436624  11.954766825482686  6.513370751062361  0.942723127518497  0.841855336712438  2.844606516389754  13.970536287516396 -154.869765466648317
        0.000000008343663  3.395695900865908  21.487135259436624  11.954766825482686  6.513370751062361  0.942723112617335  0.841855351613599  2.844606516389754  13.970536287516396 -154.869765466648317
        0.000000010077534  3.395695900865908  21.487135259436624  11.954766825482686  6.513370751062361  0.942723112617335  0.841855336712438  2.844606558777695  13.970536287516396 -154.869765466648317
        0.000000008277102  3.395695900865908  21.487135259436624  11.954766825482686  6.513370751062361  0.942723112617335  0.841855336712438  2.844606516389754  13.970536495693608 -154.869765466648317
        0.000037770434589  3.395695900865908  21.487135259436624  11.954766825482686  6.513370751062361  0.942723112617335  0.841855336712438  2.844606516389754  13.970536287516396 -154.869767774387668
        0.000028051540656  3.400571853522067  21.475413566265452  12.021894428156868  6.478311853032862  0.564060349696645  0.847178366255912  2.842167018285923  13.849657678698659 -154.869765484121473
        0.000000017070695  3.400571904194537  21.475413566265452  12.021894428156868  6.478311853032862  0.564060349696645  0.847178366255912  2.842167018285923  13.849657678698659 -154.869765484121473
        0.000000016039907  3.400571853522067  21.475413886274051  12.021894428156868  6.478311853032862  0.564060349696645  0.847178366255912  2.842167018285923  13.849657678698659 -154.869765484121473
        0.000000002779147  3.400571853522067  21.475413566265452  12.021894607297055  6.478311853032862  0.564060349696645  0.847178366255912  2.842167018285923  13.849657678698659 -154.869765484121473
        0.000000000416039  3.400571853522067  21.475413566265452  12.021894428156868  6.478311949567231  0.564060349696645  0.847178366255912  2.842167018285923  13.849657678698659 -154.869765484121473
        0.000000000840961  3.400571853522067  21.475413566265452  12.021894428156868  6.478311853032862  0.564060364597806  0.847178366255912  2.842167018285923  13.849657678698659 -154.869765484121473
        0.000000008436502  3.400571853522067  21.475413566265452  12.021894428156868  6.478311853032862  0.564060349696645  0.847178381157073  2.842167018285923  13.849657678698659 -154.869765484121473
        0.000000010028481  3.400571853522067  21.475413566265452  12.021894428156868  6.478311853032862  0.564060349696645  0.847178366255912  2.842167060637512  13.849657678698659 -154.869765484121473
        0.000000008429800  3.400571853522067  21.475413566265452  12.021894428156868  6.478311853032862  0.564060349696645  0.847178366255912  2.842167018285923  13.849657885074640 -154.869765484121473
        0.000037770435297  3.400571853522067  21.475413566265452  12.021894428156868  6.478311853032862  0.564060349696645  0.847178366255912  2.842167018285923  13.849657678698659 -154.869767791860824
        0.000068348547550  3.404833427514384  21.656180191964566  12.237066339080039  6.468015221015594  0.000099746736425  0.855635639926657  2.838093954441547  13.747691210878971 -154.869764112470506
        0.000000017068899  3.404833478250356  21.656180191964566  12.237066339080039  6.468015221015594  0.000099746736425  0.855635639926657  2.838093954441547  13.747691210878971 -154.869764112470506
        0.000000016027880  3.404833427514384  21.656180514666797  12.237066339080039  6.468015221015594  0.000099746736425  0.855635639926657  2.838093954441547  13.747691210878971 -154.869764112470506
        0.000000002838652  3.404833427514384  21.656180191964566  12.237066521426538  6.468015221015594  0.000099746736425  0.855635639926657  2.838093954441547  13.747691210878971 -154.869764112470506
        0.000000000429107  3.404833427514384  21.656180191964566  12.237066339080039  6.468015317396531  0.000099746736425  0.855635639926657  2.838093954441547  13.747691210878971 -154.869764112470506
        0.000000000861436  3.404833427514384  21.656180191964566  12.237066339080039  6.468015221015594  0.000099761637586  0.855635639926657  2.838093954441547  13.747691210878971 -154.869764112470506
        0.000000008578293  3.404833427514384  21.656180191964566  12.237066339080039  6.468015221015594  0.000099746736425  0.855635654827818  2.838093954441547  13.747691210878971 -154.869764112470506
        0.000000010002588  3.404833427514384  21.656180191964566  12.237066339080039  6.468015221015594  0.000099746736425  0.855635639926657  2.838093996732443  13.747691210878971 -154.869764112470506
        0.000000008609581  3.404833427514384  21.656180191964566  12.237066339080039  6.468015221015594  0.000099746736425  0.855635639926657  2.838093954441547  13.747691415735533 -154.869764112470506
        0.000037770433721  3.404833427514384  21.656180191964566  12.237066339080039  6.468015221015594  0.000099746736425  0.855635639926657  2.838093954441547  13.747691210878971 -154.869766420209828
        0.000032739437289  3.405157048600584  21.637948238605301  12.227193518466695  6.461473142649639  0.000092882440229  0.855623475881353  2.838067993737581  13.740201390982719 -154.869764267291714
        0.000000017071126  3.405157099341378  21.637948238605301  12.227193518466695  6.461473142649639  0.000092882440229  0.855623475881353  2.838067993737581  13.740201390982719 -154.869764267291714
        0.000000016028865  3.405157048600584  21.637948561035856  12.227193518466695  6.461473142649639  0.000092882440229  0.855623475881353  2.838067993737581  13.740201390982719 -154.869764267291714
        0.000000002838795  3.405157048600584  21.637948238605301  12.227193700666076  6.461473142649639  0.000092882440229  0.855623475881353  2.838067993737581  13.740201390982719 -154.869764267291714
        0.000000000429172  3.405157048600584  21.637948238605301  12.227193518466695  6.461473238933092  0.000092882440229  0.855623475881353  2.838067993737581  13.740201390982719 -154.869764267291714
        0.000000000860974  3.405157048600584  21.637948238605301  12.227193518466695  6.461473142649639  0.000092897341391  0.855623475881353  2.838067993737581  13.740201390982719 -154.869764267291714
        0.000000008578637  3.405157048600584  21.637948238605301  12.227193518466695  6.461473142649639  0.000092882440229  0.855623490782514  2.838067993737581  13.740201390982719 -154.869764267291714
        0.000000009998014  3.405157048600584  21.637948238605301  12.227193518466695  6.461473142649639  0.000092882440229  0.855623475881353  2.838068036028090  13.740201390982719 -154.869764267291714
        0.000000008615524  3.405157048600584  21.637948238605301  12.227193518466695  6.461473142649639  0.000092882440229  0.855623475881353  2.838067993737581  13.740201595727674 -154.869764267291714
        0.000037770433500  3.405157048600584  21.637948238605301  12.227193518466695  6.461473142649639  0.000092882440229  0.855623475881353  2.838067993737581  13.740201390982719 -154.869766575031036
        0.000063778300091  3.394591658092308  22.287015369300885  12.593057345881419  6.664792622097720  0.000005902391335  0.855422384912526  2.838084077169731  13.995847154029665 -154.869764327414941
        0.000068445954736  3.402541729943138  21.798738707846546  12.317165473997427  6.518698132790115  0.000012745858704  0.855428640498087  2.838084827427534  13.803359214412614 -154.869764335367677
        0.000004744428124  3.404533323343291  21.676379775818305  12.248093875675291  6.481390872606415  0.000047528615337  0.855444580543252  2.838084672388091  13.755146627875108 -154.869764333118695
        0.000000702326176  3.405032500004355  21.645645405727905  12.230959260639795  6.469862174552504  0.000077975374104  0.855493967507860  2.838083094249509  13.743087301130354 -154.869764319496568
        0.000000948948010  3.405136810053600  21.639145146400466  12.227661584106714  6.464194623558985  0.000089773664825  0.855572669046441  2.838080285590859  13.740604262980387 -154.869764297180154
        0.000000437937601  3.405151877957621  21.638178403552331  12.227286911791918  6.462184558943442  0.000092189753462  0.855609071114719  2.838079004287422  13.740258622887142 -154.869764287182647
        0.000000121071603  3.405154666598068  21.637996132575179  12.227224935978201  6.461652388260944  0.000092715854661  0.855619220654920  2.838078653165408  13.740196019114123 -154.869764284882621
        0.000000042382612  3.405155384320071  21.637957521524811  12.227204953727066  6.461516567390099  0.000092842919368  0.855622014026357  2.838077852766021  13.740185267428561 -154.869764281676709
        0.000000017071214  3.405155435060840  21.637957521524811  12.227204953727066  6.461516567390099  0.000092842919368  0.855622014026357  2.838077852766021  13.740185267428561 -154.869764281676709
        0.000000016028897  3.405155384320071  21.637957843955505  12.227204953727066  6.461516567390099  0.000092842919368  0.855622014026357  2.838077852766021  13.740185267428561 -154.869764281676709
        0.000000002838801  3.405155384320071  21.637957521524811  12.227205135926617  6.461516567390099  0.000092842919368  0.855622014026357  2.838077852766021  13.740185267428561 -154.869764281676709
        0.000000000429184  3.405155384320071  21.637957521524811  12.227204953727066  6.461516663674199  0.000092842919368  0.855622014026357  2.838077852766021  13.740185267428561 -154.869764281676709
        0.000000000860954  3.405155384320071  21.637957521524811  12.227204953727066  6.461516567390099  0.000092857820529  0.855622014026357  2.838077852766021  13.740185267428561 -154.869764281676709
        0.000000008578566  3.405155384320071  21.637957521524811  12.227204953727066  6.461516567390099  0.000092842919368  0.855622028927518  2.838077852766021  13.740185267428561 -154.869764281676709
        0.000000009997981  3.405155384320071  21.637957521524811  12.227204953727066  6.461516567390099  0.000092842919368  0.855622014026357  2.838077895056676  13.740185267428561 -154.869764281676709
        0.000000008615476  3.405155384320071  21.637957521524811  12.227204953727066  6.461516567390099  0.000092842919368  0.855622014026357  2.838077852766021  13.740185472173277 -154.869764281676709
        0.000037770433549  3.405155384320071  21.637957521524811  12.227204953727066  6.461516567390099  0.000092842919368  0.855622014026357  2.838077852766021  13.740185267428561 -154.869766589416031
2022-08-18 14:11:57.064556
