/projects/wagner/highthroughput/mick_graphene_paper/3_data/1_kc_fitting
2023-06-01 19:11:11.107444
use a starting guess from the old fit
starting guess parameters:  [ 3.37942338e+00  1.81846722e+01  1.33942071e+01  3.55913531e-03
  6.07493500e+00  7.19345289e-01  3.29308248e+00  1.39067829e+01
 -1.54589368e+02]
     1025.507820120405995  3.379423382381699  18.184672181803677  13.394207130830571  0.003559135312169  6.074935002291668  0.719345289329483  3.293082477932360  13.906782892134125 -154.589367648541639
        0.000000014064352  3.379423432739032  18.184672181803677  13.394207130830571  0.003559135312169  6.074935002291668  0.719345289329483  3.293082477932360  13.906782892134125 -154.589367648541639
        0.000000012948553  3.379423382381699  18.184672452776407  13.394207130830571  0.003559135312169  6.074935002291668  0.719345289329483  3.293082477932360  13.906782892134125 -154.589367648541639
        0.000000001160716  3.379423382381699  18.184672181803677  13.394207330419810  0.003559135312169  6.074935002291668  0.719345289329483  3.293082477932360  13.906782892134125 -154.589367648541639
        0.000000000478097  3.379423382381699  18.184672181803677  13.394207130830571  0.003559150213330  6.074935002291668  0.719345289329483  3.293082477932360  13.906782892134125 -154.589367648541639
        0.000000000825815  3.379423382381699  18.184672181803677  13.394207130830571  0.003559135312169  6.074935092815254  0.719345289329483  3.293082477932360  13.906782892134125 -154.589367648541639
        0.000000002214007  3.379423382381699  18.184672181803677  13.394207130830571  0.003559135312169  6.074935002291668  0.719345304230644  3.293082477932360  13.906782892134125 -154.589367648541639
        0.000000002625951  3.379423382381699  18.184672181803677  13.394207130830571  0.003559135312169  6.074935002291668  0.719345289329483  3.293082527003112  13.906782892134125 -154.589367648541639
        0.000000004345417  3.379423382381699  18.184672181803677  13.394207130830571  0.003559135312169  6.074935002291668  0.719345289329483  3.293082477932360  13.906783099361338 -154.589367648541639
        0.000015277412315  3.379423382381699  18.184672181803677  13.394207130830571  0.003559135312169  6.074935002291668  0.719345289329483  3.293082477932360  13.906782892134125 -154.589369952102714
        0.080120297592321  3.376569620379553  18.632003121417778  23.037218717880076  27.247525722717992  5.702357658704054  0.000100709469013  3.310301394763345  13.905548995785718 -154.589374150766957
        0.074349917497573  3.371113943645055  19.550168605193218  15.533338415634688  6.674911366045880  4.940974456528050  0.575683764893881  3.347497843276751  13.886895356844780 -154.589397450788169
        0.010106787058074  3.373610958298523  19.267761227721863  13.579267559505157  1.042075789371234  5.085476834795134  0.719891016985675  3.344604402422352  13.849178052661758 -154.589381950121833
        0.000000014521015  3.373611008569243  19.267761227721863  13.579267559505157  1.042075789371234  5.085476834795134  0.719891016985675  3.344604402422352  13.849178052661758 -154.589381950121833
        0.000000013330577  3.373610958298523  19.267761514833879  13.579267559505157  1.042075789371234  5.085476834795134  0.719891016985675  3.344604402422352  13.849178052661758 -154.589381950121833
        0.000000001232563  3.373610958298523  19.267761227721863  13.579267761852011  1.042075789371234  5.085476834795134  0.719891016985675  3.344604402422352  13.849178052661758 -154.589381950121833
        0.000000000478280  3.373610958298523  19.267761227721863  13.579267559505157  1.042075804899373  5.085476834795134  0.719891016985675  3.344604402422352  13.849178052661758 -154.589381950121833
        0.000000000663365  3.373610958298523  19.267761227721863  13.579267559505157  1.042075789371234  5.085476910574644  0.719891016985675  3.344604402422352  13.849178052661758 -154.589381950121833
        0.000000002541286  3.373610958298523  19.267761227721863  13.579267559505157  1.042075789371234  5.085476834795134  0.719891031886837  3.344604402422352  13.849178052661758 -154.589381950121833
        0.000000002694190  3.373610958298523  19.267761227721863  13.579267559505157  1.042075789371234  5.085476834795134  0.719891016985675  3.344604452260841  13.849178052661758 -154.589381950121833
        0.000000004389482  3.373610958298523  19.267761227721863  13.579267559505157  1.042075789371234  5.085476834795134  0.719891016985675  3.344604402422352  13.849178259030593 -154.589381950121833
        0.000015277452399  3.373610958298523  19.267761227721863  13.579267559505157  1.042075789371234  5.085476834795134  0.719891016985675  3.344604402422352  13.849178052661758 -154.589384253683136
        0.000088566940416  3.373961244708440  19.280728722947870  13.552115280863555  1.035539926160280  5.065465137370111  0.721010296130309  3.341792836039369  13.858736528134422 -154.589373541789826
        0.000000014503182  3.373961294984380  19.280728722947870  13.552115280863555  1.035539926160280  5.065465137370111  0.721010296130309  3.341792836039369  13.858736528134422 -154.589373541789826
        0.000000013311138  3.373961244708440  19.280729010253118  13.552115280863555  1.035539926160280  5.065465137370111  0.721010296130309  3.341792836039369  13.858736528134422 -154.589373541789826
        0.000000001233860  3.373961244708440  19.280728722947870  13.552115482805810  1.035539926160280  5.065465137370111  0.721010296130309  3.341792836039369  13.858736528134422 -154.589373541789826
        0.000000000478818  3.373961244708440  19.280728722947870  13.552115280863555  1.035539941591028  5.065465137370111  0.721010296130309  3.341792836039369  13.858736528134422 -154.589373541789826
        0.000000000661636  3.373961244708440  19.280728722947870  13.552115280863555  1.035539926160280  5.065465212851423  0.721010296130309  3.341792836039369  13.858736528134422 -154.589373541789826
        0.000000002544950  3.373961244708440  19.280728722947870  13.552115280863555  1.035539926160280  5.065465137370111  0.721010311031471  3.341792836039369  13.858736528134422 -154.589373541789826
        0.000000002694085  3.373961244708440  19.280728722947870  13.552115280863555  1.035539926160280  5.065465137370111  0.721010296130309  3.341792885835963  13.858736528134422 -154.589373541789826
        0.000000004395912  3.373961244708440  19.280728722947870  13.552115280863555  1.035539926160280  5.065465137370111  0.721010296130309  3.341792836039369  13.858736734645689 -154.589373541789826
        0.000015277447981  3.373961244708440  19.280728722947870  13.552115280863555  1.035539926160280  5.065465137370111  0.721010296130309  3.341792836039369  13.858736528134422 -154.589375845350986
2023-06-01 19:14:08.157363
