/projects/wagner/highthroughput/mick_graphene_paper/3_data/kc_fitting_dft
2022-08-18 11:30:20.743542
energy_inf: -154.87065645278034
     2535.672725874616845  3.416084000000000  20.021583000000000  10.905510700000001  4.275635400000000  0.010010836000000  0.844712200000000  2.936058400000000  14.313258800000000 -154.870656452780338
        0.000000018717218  3.416084050903618  20.021583000000000  10.905510700000001  4.275635400000000  0.010010836000000  0.844712200000000  2.936058400000000  14.313258800000000 -154.870656452780338
        0.000000019282189  3.416084000000000  20.021583298344837  10.905510700000001  4.275635400000000  0.010010836000000  0.844712200000000  2.936058400000000  14.313258800000000 -154.870656452780338
        0.000000002760085  3.416084000000000  20.021583000000000  10.905510862504773  4.275635400000000  0.010010836000000  0.844712200000000  2.936058400000000  14.313258800000000 -154.870656452780338
        0.000000000499340  3.416084000000000  20.021583000000000  10.905510700000001  4.275635463711932  0.010010836000000  0.844712200000000  2.936058400000000  14.313258800000000 -154.870656452780338
        0.000000000455390  3.416084000000000  20.021583000000000  10.905510700000001  4.275635400000000  0.010010850901161  0.844712200000000  2.936058400000000  14.313258800000000 -154.870656452780338
        0.000000007626080  3.416084000000000  20.021583000000000  10.905510700000001  4.275635400000000  0.010010836000000  0.844712214901161  2.936058400000000  14.313258800000000 -154.870656452780338
        0.000000008542471  3.416084000000000  20.021583000000000  10.905510700000001  4.275635400000000  0.010010836000000  0.844712200000000  2.936058443750679  14.313258800000000 -154.870656452780338
        0.000000009622645  3.416084000000000  20.021583000000000  10.905510700000001  4.275635400000000  0.010010836000000  0.844712200000000  2.936058400000000  14.313259013284176 -154.870656452780338
        0.000037770100898  3.416084000000000  20.021583000000000  10.905510700000001  4.275635400000000  0.010010836000000  0.844712200000000  2.936058400000000  14.313258800000000 -154.870658760532962
        0.306142877336856  3.387655837978651  1.297951873071039  0.508300967892319  7.201634607517287  28.468673423459826  0.222937378461800  2.935568534499596  14.289013453959187 -154.870589401466020
        0.211367270421333  3.366201759351972  17.257311823769783  9.180030196477343  5.591732042098760  8.224192322656378  0.702339922848903  2.896865887452953  14.271447727590196 -154.870577198510574
        0.000000016847893  3.366201809512287  17.257311823769783  9.180030196477343  5.591732042098760  8.224192322656378  0.702339922848903  2.896865887452953  14.271447727590196 -154.870577198510574
        0.000000015985549  3.366201759351972  17.257312080923768  9.180030196477343  5.591732042098760  8.224192322656378  0.702339922848903  2.896865887452953  14.271447727590196 -154.870577198510574
        0.000000001990527  3.366201759351972  17.257311823769783  9.180030333270453  5.591732042098760  8.224192322656378  0.702339922848903  2.896865887452953  14.271447727590196 -154.870577198510574
        0.000000000241081  3.366201759351972  17.257311823769783  9.180030196477343  5.591732125422061  8.224192322656378  0.702339922848903  2.896865887452953  14.271447727590196 -154.870577198510574
        0.000000001868229  3.366201759351972  17.257311823769783  9.180030196477343  5.591732042098760  8.224192445206395  0.702339922848903  2.896865887452953  14.271447727590196 -154.870577198510574
        0.000000004028445  3.366201759351972  17.257311823769783  9.180030196477343  5.591732042098760  8.224192322656378  0.702339937750064  2.896865887452953  14.271447727590196 -154.870577198510574
        0.000000009574339  3.366201759351972  17.257311823769783  9.180030196477343  5.591732042098760  8.224192322656378  0.702339922848903  2.896865930619618  14.271447727590196 -154.870577198510574
        0.000000006317848  3.366201759351972  17.257311823769783  9.180030196477343  5.591732042098760  8.224192322656378  0.702339922848903  2.896865887452953  14.271447940251340 -154.870577198510574
        0.000037770903877  3.366201759351972  17.257311823769783  9.180030196477343  5.591732042098760  8.224192322656378  0.702339922848903  2.896865887452953  14.271447727590196 -154.870579506262004
        0.031406889302813  3.354066947212983  24.020684451548959  16.235569297806808  0.765404148117637  0.182610428043093  0.993035702379621  2.898526161823446  14.266974896294119 -154.870368148901179
        0.024057261681220  3.358655543351112  19.499286337783857  9.807271284582049  6.086567805545459  5.815071996236812  0.767698700200950  2.918055955966302  14.267241203960593 -154.870342595187651
        0.000000017179036  3.358655593398979  19.499286337783857  9.807271284582049  6.086567805545459  5.815071996236812  0.767698700200950  2.918055955966302  14.267241203960593 -154.870342595187651
        0.000000016124993  3.358655543351112  19.499286628345867  9.807271284582049  6.086567805545459  5.815071996236812  0.767698700200950  2.918055955966302  14.267241203960593 -154.870342595187651
        0.000000002244420  3.358655543351112  19.499286337783857  9.807271430721778  6.086567805545459  5.815071996236812  0.767698700200950  2.918055955966302  14.267241203960593 -154.870342595187651
        0.000000000309606  3.358655543351112  19.499286337783857  9.807271284582049  6.086567896242387  5.815071996236812  0.767698700200950  2.918055955966302  14.267241203960593 -154.870342595187651
        0.000000000917165  3.358655543351112  19.499286337783857  9.807271284582049  6.086567805545459  5.815072082888137  0.767698700200950  2.918055955966302  14.267241203960593 -154.870342595187651
        0.000000005337960  3.358655543351112  19.499286337783857  9.807271284582049  6.086567805545459  5.815071996236812  0.767698715102111  2.918055955966302  14.267241203960593 -154.870342595187651
        0.000000009750423  3.358655543351112  19.499286337783857  9.807271284582049  6.086567805545459  5.815071996236812  0.767698700200950  2.918055999448724  14.267241203960593 -154.870342595187651
        0.000000006540553  3.358655543351112  19.499286337783857  9.807271284582049  6.086567805545459  5.815071996236812  0.767698700200950  2.918055955966302  14.267241416559054 -154.870342595187651
        0.000037770964387  3.358655543351112  19.499286337783857  9.807271284582049  6.086567805545459  5.815071996236812  0.767698700200950  2.918055955966302  14.267241203960593 -154.870344902935585
        0.003387556782246  3.362490787197780  19.436189462082087  9.952749185042745  6.090023541860250  5.806009921148726  0.764286457065930  2.905940886897861  14.417265185177547 -154.870097538831146
        0.000000017114280  3.362490837302798  19.436189462082087  9.952749185042745  6.090023541860250  5.806009921148726  0.764286457065930  2.905940886897861  14.417265185177547 -154.870097538831146
        0.000000016150337  3.362490787197780  19.436189751703878  9.952749185042745  6.090023541860250  5.806009921148726  0.764286457065930  2.905940886897861  14.417265185177547 -154.870097538831146
        0.000000002250615  3.362490787197780  19.436189462082087  9.952749333350264  6.090023541860250  5.806009921148726  0.764286457065930  2.905940886897861  14.417265185177547 -154.870097538831146
        0.000000000311603  3.362490787197780  19.436189462082087  9.952749185042745  6.090023632608672  5.806009921148726  0.764286457065930  2.905940886897861  14.417265185177547 -154.870097538831146
        0.000000000934781  3.362490787197780  19.436189462082087  9.952749185042745  6.090023541860250  5.806010007665016  0.764286457065930  2.905940886897861  14.417265185177547 -154.870097538831146
        0.000000005431760  3.362490787197780  19.436189462082087  9.952749185042745  6.090023541860250  5.806009921148726  0.764286471967091  2.905940886897861  14.417265185177547 -154.870097538831146
        0.000000009834590  3.362490787197780  19.436189462082087  9.952749185042745  6.090023541860250  5.806009921148726  0.764286457065930  2.905940930199754  14.417265185177547 -154.870097538831146
        0.000000006727814  3.362490787197780  19.436189462082087  9.952749185042745  6.090023541860250  5.806009921148726  0.764286457065930  2.905940886897861  14.417265400011539 -154.870097538831146
        0.000037770756472  3.362490787197780  19.436189462082087  9.952749185042745  6.090023541860250  5.806009921148726  0.764286457065930  2.905940886897861  14.417265185177547 -154.870099846575442
        0.001586918851171  3.375433773810460  20.967596481854354  11.252455429162683  6.238021564840126  3.083325484199351  0.819745834970998  2.867593065361238  14.388385695920764 -154.869830426671655
        0.001496270958598  3.374565499575295  19.513776935197818  9.974147958907768  6.479072164270635  5.058446157816976  0.773742361622632  2.879697296062599  14.415055196168115 -154.869828464537619
        0.000000017136446  3.374565549860239  19.513776935197818  9.974147958907768  6.479072164270635  5.058446157816976  0.773742361622632  2.879697296062599  14.415055196168115 -154.869828464537619
        0.000000016183307  3.374565499575295  19.513777225975755  9.974147958907768  6.479072164270635  5.058446157816976  0.773742361622632  2.879697296062599  14.415055196168115 -154.869828464537619
        0.000000002341540  3.374565499575295  19.513776935197818  9.974148107534154  6.479072164270635  5.058446157816976  0.773742361622632  2.879697296062599  14.415055196168115 -154.869828464537619
        0.000000000355766  3.374565499575295  19.513776935197818  9.974147958907768  6.479072260816333  5.058446157816976  0.773742361622632  2.879697296062599  14.415055196168115 -154.869828464537619
        0.000000000674862  3.374565499575295  19.513776935197818  9.974147958907768  6.479072164270635  5.058446233193698  0.773742361622632  2.879697296062599  14.415055196168115 -154.869828464537619
        0.000000005996854  3.374565499575295  19.513776935197818  9.974147958907768  6.479072164270635  5.058446157816976  0.773742376523793  2.879697296062599  14.415055196168115 -154.869828464537619
        0.000000010016603  3.374565499575295  19.513776935197818  9.974147958907768  6.479072164270635  5.058446157816976  0.773742361622632  2.879697338973433  14.415055196168115 -154.869828464537619
        0.000000007162134  3.374565499575295  19.513776935197818  9.974147958907768  6.479072164270635  5.058446157816976  0.773742361622632  2.879697296062599  14.415055410969176 -154.869828464537619
        0.000037770504257  3.374565499575295  19.513776935197818  9.974147958907768  6.479072164270635  5.058446157816976  0.773742361622632  2.879697296062599  14.415055196168115 -154.869830772277908
        0.000628799807771  3.376355006460519  20.383320276842060  10.773294754343095  6.481309941799638  3.844829388426815  0.798077177498261  2.869313369134397  14.398545487333759 -154.869805415446137
        0.000411416526942  3.376427585460933  19.697304094331578  10.156377169841974  6.524187554860603  4.726358988451606  0.779241826739354  2.874829805938809  14.399177903153976 -154.869804256922123
        0.000000017135341  3.376427635773625  19.697304094331578  10.156377169841974  6.524187554860603  4.726358988451606  0.779241826739354  2.874829805938809  14.399177903153976 -154.869804256922123
        0.000000016174819  3.376427585460933  19.697304387844280  10.156377169841974  6.524187554860603  4.726358988451606  0.779241826739354  2.874829805938809  14.399177903153976 -154.869804256922123
        0.000000002374847  3.376427585460933  19.697304094331578  10.156377321183788  6.524187554860603  4.726358988451606  0.779241826739354  2.874829805938809  14.399177903153976 -154.869804256922123
        0.000000000361786  3.376427585460933  19.697304094331578  10.156377169841974  6.524187652078574  4.726358988451606  0.779241826739354  2.874829805938809  14.399177903153976 -154.869804256922123
        0.000000000561770  3.376427585460933  19.697304094331578  10.156377169841974  6.524187554860603  4.726359058879844  0.779241826739354  2.874829805938809  14.399177903153976 -154.869804256922123
        0.000000006210313  3.376427585460933  19.697304094331578  10.156377169841974  6.524187554860603  4.726358988451606  0.779241841640515  2.874829805938809  14.399177903153976 -154.869804256922123
        0.000000010058614  3.376427585460933  19.697304094331578  10.156377169841974  6.524187554860603  4.726358988451606  0.779241826739354  2.874829848777111  14.399177903153976 -154.869804256922123
        0.000000007262014  3.376427585460933  19.697304094331578  10.156377169841974  6.524187554860603  4.726358988451606  0.779241826739354  2.874829805938809  14.399178117718447 -154.869804256922123
        0.000037770478689  3.376427585460933  19.697304094331578  10.156377169841974  6.524187554860603  4.726358988451606  0.779241826739354  2.874829805938809  14.399177903153976 -154.869806564662042
        0.000034065226877  3.374983964784890  19.876164656504717  10.287035150748702  6.547325367007541  4.624186443076524  0.781759711033173  2.873847939599831  14.438181520415755 -154.869802651287614
        0.000000017120439  3.374984015076070  19.876164656504717  10.287035150748702  6.547325367007541  4.624186443076524  0.781759711033173  2.873847939599831  14.438181520415755 -154.869802651287614
        0.000000016163097  3.374983964784890  19.876164952682650  10.287035150748702  6.547325367007541  4.624186443076524  0.781759711033173  2.873847939599831  14.438181520415755 -154.869802651287614
        0.000000002386227  3.374983964784890  19.876164656504717  10.287035304037470  6.547325367007541  4.624186443076524  0.781759711033173  2.873847939599831  14.438181520415755 -154.869802651287614
        0.000000000361691  3.374983964784890  19.876164656504717  10.287035150748702  6.547325464570291  4.624186443076524  0.781759711033173  2.873847939599831  14.438181520415755 -154.869802651287614
        0.000000000521284  3.374983964784890  19.876164656504717  10.287035150748702  6.547325367007541  4.624186511982272  0.781759711033173  2.873847939599831  14.438181520415755 -154.869802651287614
        0.000000006278402  3.374983964784890  19.876164656504717  10.287035150748702  6.547325367007541  4.624186443076524  0.781759725934334  2.873847939599831  14.438181520415755 -154.869802651287614
        0.000000010091079  3.374983964784890  19.876164656504717  10.287035150748702  6.547325367007541  4.624186443076524  0.781759711033173  2.873847982423503  14.438181520415755 -154.869802651287614
        0.000000007259117  3.374983964784890  19.876164656504717  10.287035150748702  6.547325367007541  4.624186443076524  0.781759711033173  2.873847939599831  14.438181735561425 -154.869802651287614
        0.000037770476960  3.374983964784890  19.876164656504717  10.287035150748702  6.547325367007541  4.624186443076524  0.781759711033173  2.873847939599831  14.438181520415755 -154.869804959027505
        0.000052673631202  3.372950116459950  20.153352478952808  10.491211225456405  6.578302884278563  4.444080826792185  0.786006619909463  2.872485561580716  14.490513224533249 -154.869802567339605
        0.000000017099635  3.372950166720823  20.153352478952808  10.491211225456405  6.578302884278563  4.444080826792185  0.786006619909463  2.872485561580716  14.490513224533249 -154.869802567339605
        0.000000016145618  3.372950116459950  20.153352779261162  10.491211225456405  6.578302884278563  4.444080826792185  0.786006619909463  2.872485561580716  14.490513224533249 -154.869802567339605
        0.000000002405295  3.372950116459950  20.153352478952808  10.491211381787634  6.578302884278563  4.444080826792185  0.786006619909463  2.872485561580716  14.490513224533249 -154.869802567339605
        0.000000000361744  3.372950116459950  20.153352478952808  10.491211225456405  6.578302982302914  4.444080826792185  0.786006619909463  2.872485561580716  14.490513224533249 -154.869802567339605
        0.000000000453844  3.372950116459950  20.153352478952808  10.491211225456405  6.578302884278563  4.444080893014149  0.786006619909463  2.872485561580716  14.490513224533249 -154.869802567339605
        0.000000006390451  3.372950116459950  20.153352478952808  10.491211225456405  6.578302884278563  4.444080826792185  0.786006634810625  2.872485561580716  14.490513224533249 -154.869802567339605
        0.000000010135877  3.372950116459950  20.153352478952808  10.491211225456405  6.578302884278563  4.444080826792185  0.786006619909463  2.872485604384086  14.490513224533249 -154.869802567339605
        0.000000007259485  3.372950116459950  20.153352478952808  10.491211225456405  6.578302884278563  4.444080826792185  0.786006619909463  2.872485561580716  14.490513440458722 -154.869802567339605
        0.000037770476958  3.372950116459950  20.153352478952808  10.491211225456405  6.578302884278563  4.444080826792185  0.786006619909463  2.872485561580716  14.490513224533249 -154.869804875079495
        0.000022628797019  3.371743501500168  20.286512841881777  10.585032470351377  6.594543911139599  4.379135270044307  0.787672932861231  2.871887540432680  14.522504724818310 -154.869802102382238
        0.000000017088204  3.371743551743061  20.286512841881777  10.585032470351377  6.594543911139599  4.379135270044307  0.787672932861231  2.871887540432680  14.522504724818310 -154.869802102382238
        0.000000016137469  3.371743501500168  20.286513144174375  10.585032470351377  6.594543911139599  4.379135270044307  0.787672932861231  2.871887540432680  14.522504724818310 -154.869802102382238
        0.000000002412710  3.371743501500168  20.286512841881777  10.585032628080652  6.594543911139599  4.379135270044307  0.787672932861231  2.871887540432680  14.522504724818310 -154.869802102382238
        0.000000000361576  3.371743501500168  20.286512841881777  10.585032470351377  6.594544009405961  4.379135270044307  0.787672932861231  2.871887540432680  14.522504724818310 -154.869802102382238
        0.000000000428662  3.371743501500168  20.286512841881777  10.585032470351377  6.594543911139599  4.379135335298507  0.787672932861231  2.871887540432680  14.522504724818310 -154.869802102382238
        0.000000006433119  3.371743501500168  20.286512841881777  10.585032470351377  6.594543911139599  4.379135270044307  0.787672947762393  2.871887540432680  14.522504724818310 -154.869802102382238
        0.000000010159385  3.371743501500168  20.286512841881777  10.585032470351377  6.594543911139599  4.379135270044307  0.787672932861231  2.871887583227140  14.522504724818310 -154.869802102382238
        0.000000007252844  3.371743501500168  20.286512841881777  10.585032470351377  6.594543911139599  4.379135270044307  0.787672932861231  2.871887540432680  14.522504941220493 -154.869802102382238
        0.000037770476455  3.371743501500168  20.286512841881777  10.585032470351377  6.594543911139599  4.379135270044307  0.787672932861231  2.871887540432680  14.522504724818310 -154.869804410122129
        0.000114387126904  3.367856911209379  20.807935195499354  10.959979827903050  6.669490584358095  4.047805695886989  0.795048645554709  2.869460008512592  14.622600371522024 -154.869802242320418
        0.000000017051208  3.367856961394358  20.807935195499354  10.959979827903050  6.669490584358095  4.047805695886989  0.795048645554709  2.869460008512592  14.622600371522024 -154.869802242320418
        0.000000016107501  3.367856911209379  20.807935505561751  10.959979827903050  6.669490584358095  4.047805695886989  0.795048645554709  2.869460008512592  14.622600371522024 -154.869802242320418
        0.000000002447513  3.367856911209379  20.807935195499354  10.959979991219475  6.669490584358095  4.047805695886989  0.795048645554709  2.869460008512592  14.622600371522024 -154.869802242320418
        0.000000000363354  3.367856911209379  20.807935195499354  10.959979827903050  6.669490683741249  4.047805695886989  0.795048645554709  2.869460008512592  14.622600371522024 -154.869802242320418
        0.000000000312532  3.367856911209379  20.807935195499354  10.959979827903050  6.669490584358095  4.047805756203994  0.795048645554709  2.869460008512592  14.622600371522024 -154.869802242320418
        0.000000006637028  3.367856911209379  20.807935195499354  10.959979827903050  6.669490584358095  4.047805695886989  0.795048660455870  2.869460008512592  14.622600371522024 -154.869802242320418
        0.000000010244836  3.367856911209379  20.807935195499354  10.959979827903050  6.669490584358095  4.047805695886989  0.795048645554709  2.869460051270878  14.622600371522024 -154.869802242320418
        0.000000007249324  3.367856911209379  20.807935195499354  10.959979827903050  6.669490584358095  4.047805695886989  0.795048645554709  2.869460008512592  14.622600589415748 -154.869802242320418
        0.000037770476904  3.367856911209379  20.807935195499354  10.959979827903050  6.669490584358095  4.047805695886989  0.795048645554709  2.869460008512592  14.622600371522024 -154.869804550060309
        0.000054385444018  3.367690987097656  20.838412803662333  10.982125771146972  6.672161420896314  4.026803641840668  0.795391615386290  2.869166239617971  14.628947253487688 -154.869801331471848
        0.000000017046937  3.367691037280162  20.838412803662333  10.982125771146972  6.672161420896314  4.026803641840668  0.795391615386290  2.869166239617971  14.628947253487688 -154.869801331471848
        0.000000016105588  3.367690987097656  20.838413114178881  10.982125771146972  6.672161420896314  4.026803641840668  0.795391615386290  2.869166239617971  14.628947253487688 -154.869801331471848
        0.000000002449838  3.367690987097656  20.838412803662333  10.982125934793398  6.672161420896314  4.026803641840668  0.795391615386290  2.869166239617971  14.628947253487688 -154.869801331471848
        0.000000000363406  3.367690987097656  20.838412803662333  10.982125771146972  6.672161520319267  4.026803641840668  0.795391615386290  2.869166239617971  14.628947253487688 -154.869801331471848
        0.000000000306195  3.367690987097656  20.838412803662333  10.982125771146972  6.672161420896314  4.026803701844718  0.795391615386290  2.869166239617971  14.628947253487688 -154.869801331471848
        0.000000006650462  3.367690987097656  20.838412803662333  10.982125771146972  6.672161420896314  4.026803641840668  0.795391630287451  2.869166239617971  14.628947253487688 -154.869801331471848
        0.000000010249715  3.367690987097656  20.838412803662333  10.982125771146972  6.672161420896314  4.026803641840668  0.795391615386290  2.869166282371879  14.628947253487688 -154.869801331471848
        0.000000007251811  3.367690987097656  20.838412803662333  10.982125771146972  6.672161420896314  4.026803641840668  0.795391615386290  2.869166239617971  14.628947471475989 -154.869801331471848
        0.000037770475219  3.367690987097656  20.838412803662333  10.982125771146972  6.672161420896314  4.026803641840668  0.795391615386290  2.869166239617971  14.628947253487688 -154.869803639211710
        0.000040487868504  3.367821352338987  20.917182427282860  11.050617353164400  6.676517339148442  3.913741495832142  0.797383227880272  2.868467969309578  14.625505309577544 -154.869801240612503
        0.000000017043209  3.367821402523436  20.917182427282860  11.050617353164400  6.676517339148442  3.913741495832142  0.797383227880272  2.868467969309578  14.625505309577544 -154.869801240612503
        0.000000016100863  3.367821352338987  20.917182738973167  11.050617353164400  6.676517339148442  3.913741495832142  0.797383227880272  2.868467969309578  14.625505309577544 -154.869801240612503
        0.000000002460164  3.367821352338987  20.917182427282860  11.050617517831430  6.676517339148442  3.913741495832142  0.797383227880272  2.868467969309578  14.625505309577544 -154.869801240612503
        0.000000000364424  3.367821352338987  20.917182427282860  11.050617353164400  6.676517438636304  3.913741495832142  0.797383227880272  2.868467969309578  14.625505309577544 -154.869801240612503
        0.000000000274713  3.367821352338987  20.917182427282860  11.050617353164400  6.676517339148442  3.913741554151435  0.797383227880272  2.868467969309578  14.625505309577544 -154.869801240612503
        0.000000006711701  3.367821352338987  20.917182427282860  11.050617353164400  6.676517339148442  3.913741495832142  0.797383242781433  2.868467969309578  14.625505309577544 -154.869801240612503
        0.000000010255357  3.367821352338987  20.917182427282860  11.050617353164400  6.676517339148442  3.913741495832142  0.797383227880272  2.868468012053081  14.625505309577544 -154.869801240612503
        0.000000007273208  3.367821352338987  20.917182427282860  11.050617353164400  6.676517339148442  3.913741495832142  0.797383227880272  2.868467969309578  14.625505527514557 -154.869801240612503
        0.000037770475231  3.367821352338987  20.917182427282860  11.050617353164400  6.676517339148442  3.913741495832142  0.797383227880272  2.868467969309578  14.625505309577544 -154.869803548352365
        0.000045267989145  3.368227968847762  21.063247433839067  11.185097825920595  6.669812202902455  3.689242202634615  0.801484817626235  2.867068474915456  14.614821337235785 -154.869801246452170
        0.000000017036406  3.368228019038270  21.063247433839067  11.185097825920595  6.669812202902455  3.689242202634615  0.801484817626235  2.867068474915456  14.614821337235785 -154.869801246452170
        0.000000016091751  3.368227968847762  21.063247747705912  11.185097825920595  6.669812202902455  3.689242202634615  0.801484817626235  2.867068474915456  14.614821337235785 -154.869801246452170
        0.000000002480440  3.368227968847762  21.063247433839067  11.185097992591540  6.669812202902455  3.689242202634615  0.801484817626235  2.867068474915456  14.614821337235785 -154.869801246452170
        0.000000000365901  3.368227968847762  21.063247433839067  11.185097825920595  6.669812302290402  3.689242202634615  0.801484817626235  2.867068474915456  14.614821337235785 -154.869801246452170
        0.000000000220886  3.368227968847762  21.063247433839067  11.185097825920595  6.669812202902455  3.689242257608608  0.801484817626235  2.867068474915456  14.614821337235785 -154.869801246452170
        0.000000006829229  3.368227968847762  21.063247433839067  11.185097825920595  6.669812202902455  3.689242202634615  0.801484832527397  2.867068474915456  14.614821337235785 -154.869801246452170
        0.000000010261107  3.368227968847762  21.063247433839067  11.185097825920595  6.669812202902455  3.689242202634615  0.801484817626235  2.867068517638106  14.614821337235785 -154.869801246452170
        0.000000007317787  3.368227968847762  21.063247433839067  11.185097825920595  6.669812202902455  3.689242202634615  0.801484817626235  2.867068474915456  14.614821555013593 -154.869801246452170
        0.000037770475281  3.368227968847762  21.063247433839067  11.185097825920595  6.669812202902455  3.689242202634615  0.801484817626235  2.867068474915456  14.614821337235785 -154.869803554192032
        0.000042188100313  3.366283524025356  21.305776202123941  11.353536390802235  6.712637423931357  3.548693560079335  0.804368179736699  2.866025640725118  14.665541214335894 -154.869801153653668
        0.000000017018550  3.366283574186889  21.305776202123941  11.353536390802235  6.712637423931357  3.548693560079335  0.804368179736699  2.866025640725118  14.665541214335894 -154.869801153653668
        0.000000016079368  3.366283524025356  21.305776519604745  11.353536390802235  6.712637423931357  3.548693560079335  0.804368179736699  2.866025640725118  14.665541214335894 -154.869801153653668
        0.000000002495313  3.366283524025356  21.305776202123941  11.353536559983111  6.712637423931357  3.548693560079335  0.804368179736699  2.866025640725118  14.665541214335894 -154.869801153653668
        0.000000000367347  3.366283524025356  21.305776202123941  11.353536390802235  6.712637523957449  3.548693560079335  0.804368179736699  2.866025640725118  14.665541214335894 -154.869801153653668
        0.000000000191308  3.366283524025356  21.305776202123941  11.353536390802235  6.712637423931357  3.548693612958990  0.804368179736699  2.866025640725118  14.665541214335894 -154.869801153653668
        0.000000006915697  3.366283524025356  21.305776202123941  11.353536390802235  6.712637423931357  3.548693560079335  0.804368194637860  2.866025640725118  14.665541214335894 -154.869801153653668
        0.000000010302166  3.366283524025356  21.305776202123941  11.353536390802235  6.712637423931357  3.548693560079335  0.804368179736699  2.866025683432228  14.665541214335894 -154.869801153653668
        0.000000007311357  3.366283524025356  21.305776202123941  11.353536390802235  6.712637423931357  3.548693560079335  0.804368179736699  2.866025640725118  14.665541432869487 -154.869801153653668
        0.000037770475286  3.366283524025356  21.305776202123941  11.353536390802235  6.712637423931357  3.548693560079335  0.804368179736699  2.866025640725118  14.665541214335894 -154.869803461393531
        0.000028691575688  3.365860260543391  21.411554480468450  11.434197114829919  6.726340075227095  3.450918497211314  0.806129761039211  2.865345112592868  14.677083128500970 -154.869800887580709
        0.000000017011740  3.365860310698618  21.411554480468450  11.434197114829919  6.726340075227095  3.450918497211314  0.806129761039211  2.865345112592868  14.677083128500970 -154.869800887580709
        0.000000016073983  3.365860260543391  21.411554799525476  11.434197114829919  6.726340075227095  3.450918497211314  0.806129761039211  2.865345112592868  14.677083128500970 -154.869800887580709
        0.000000002504813  3.365860260543391  21.411554480468450  11.434197285212733  6.726340075227095  3.450918497211314  0.806129761039211  2.865345112592868  14.677083128500970 -154.869800887580709
        0.000000000368406  3.365860260543391  21.411554480468450  11.434197114829919  6.726340175457373  3.450918497211314  0.806129761039211  2.865345112592868  14.677083128500970 -154.869800887580709
        0.000000000179151  3.365860260543391  21.411554480468450  11.434197114829919  6.726340075227095  3.450918548634007  0.806129761039211  2.865345112592868  14.677083128500970 -154.869800887580709
        0.000000006971168  3.365860260543391  21.411554480468450  11.434197114829919  6.726340075227095  3.450918497211314  0.806129775940372  2.865345112592868  14.677083128500970 -154.869800887580709
        0.000000010315804  3.365860260543391  21.411554480468450  11.434197114829919  6.726340075227095  3.450918497211314  0.806129761039211  2.865345155289837  14.677083128500970 -154.869800887580709
        0.000000007321666  3.365860260543391  21.411554480468450  11.434197114829919  6.726340075227095  3.450918497211314  0.806129761039211  2.865345112592868  14.677083347206551 -154.869800887580709
        0.000037770474984  3.365860260543391  21.411554480468450  11.434197114829919  6.726340075227095  3.450918497211314  0.806129761039211  2.865345112592868  14.677083128500970 -154.869803195320571
        0.000092079248039  3.361039412071758  21.948816590863050  11.796289337980657  6.831623187187959  3.186834888707182  0.811584410887066  2.863395776167426  14.802958625646873 -154.869800920030116
        0.000000016972899  3.361039462155148  21.948816590863050  11.796289337980657  6.831623187187959  3.186834888707182  0.811584410887066  2.863395776167426  14.802958625646873 -154.869800920030116
        0.000000016049148  3.361039412071758  21.948816917925903  11.796289337980657  6.831623187187959  3.186834888707182  0.811584410887066  2.863395776167426  14.802958625646873 -154.869800920030116
        0.000000002533127  3.361039412071758  21.948816590863050  11.796289513759065  6.831623187187959  3.186834888707182  0.811584410887066  2.863395776167426  14.802958625646873 -154.869800920030116
        0.000000000371692  3.361039412071758  21.948816590863050  11.796289337980657  6.831623288987077  3.186834888707182  0.811584410887066  2.863395776167426  14.802958625646873 -154.869800920030116
        0.000000000183643  3.361039412071758  21.948816590863050  11.796289337980657  6.831623187187959  3.186834936194722  0.811584410887066  2.863395776167426  14.802958625646873 -154.869800920030116
        0.000000007134630  3.361039412071758  21.948816590863050  11.796289337980657  6.831623187187959  3.186834888707182  0.811584425788228  2.863395776167426  14.802958625646873 -154.869800920030116
        0.000000010410817  3.361039412071758  21.948816590863050  11.796289337980657  6.831623187187959  3.186834888707182  0.811584410887066  2.863395818835348  14.802958625646873 -154.869800920030116
        0.000000007289265  3.361039412071758  21.948816590863050  11.796289337980657  6.831623187187959  3.186834888707182  0.811584410887066  2.863395776167426  14.802958846228146 -154.869800920030116
        0.000037770475571  3.361039412071758  21.948816590863050  11.796289337980657  6.831623187187959  3.186834888707182  0.811584410887066  2.863395776167426  14.802958625646873 -154.869803227769978
        0.000031470211396  3.360947894410196  21.975780904722917  11.816116758335355  6.835440506239710  3.164845950690855  0.811885353914113  2.863131699142355  14.807376221652667 -154.869800183403669
        0.000000016970650  3.360947944492223  21.975780904722917  11.816116758335355  6.835440506239710  3.164845950690855  0.811885353914113  2.863131699142355  14.807376221652667 -154.869800183403669
        0.000000016048634  3.360947894410196  21.975781232187572  11.816116758335355  6.835440506239710  3.164845950690855  0.811885353914113  2.863131699142355  14.807376221652667 -154.869800183403669
        0.000000002535545  3.360947894410196  21.975780904722917  11.816116934409216  6.835440506239710  3.164845950690855  0.811885353914113  2.863131699142355  14.807376221652667 -154.869800183403669
        0.000000000372023  3.360947894410196  21.975780904722917  11.816116758335355  6.835440608095711  3.164845950690855  0.811885353914113  2.863131699142355  14.807376221652667 -154.869800183403669
        0.000000000186429  3.360947894410196  21.975780904722917  11.816116758335355  6.835440506239710  3.164845997850734  0.811885353914113  2.863131699142355  14.807376221652667 -154.869800183403669
        0.000000007148486  3.360947894410196  21.975780904722917  11.816116758335355  6.835440506239710  3.164845950690855  0.811885368815274  2.863131699142355  14.807376221652667 -154.869800183403669
        0.000000010415211  3.360947894410196  21.975780904722917  11.816116758335355  6.835440506239710  3.164845950690855  0.811885353914113  2.863131741806342  14.807376221652667 -154.869800183403669
        0.000000007292891  3.360947894410196  21.975780904722917  11.816116758335355  6.835440506239710  3.164845950690855  0.811885353914113  2.863131699142355  14.807376442299768 -154.869800183403669
        0.000037770474361  3.360947894410196  21.975780904722917  11.816116758335355  6.835440506239710  3.164845950690855  0.811885353914113  2.863131699142355  14.807376221652667 -154.869802491143531
        0.000038390913269  3.361664954199437  21.999869338196774  11.842502317536111  6.850551064380398  3.070455469233987  0.812952478397087  2.862552790533141  14.788770892010104 -154.869799830859364
        0.000000016971001  3.361665004292148  21.999869338196774  11.842502317536111  6.850551064380398  3.070455469233987  0.812952478397087  2.862552790533141  14.788770892010104 -154.869799830859364
        0.000000016047011  3.361664954199437  21.999869666020373  11.842502317536111  6.850551064380398  3.070455469233987  0.812952478397087  2.862552790533141  14.788770892010104 -154.869799830859364
        0.000000002543714  3.361664954199437  21.999869338196774  11.842502494003147  6.850551064380398  3.070455469233987  0.812952478397087  2.862552790533141  14.788770892010104 -154.869799830859364
        0.000000000373794  3.361664954199437  21.999869338196774  11.842502317536111  6.850551166461564  3.070455469233987  0.812952478397087  2.862552790533141  14.788770892010104 -154.869799830859364
        0.000000000201687  3.361664954199437  21.999869338196774  11.842502317536111  6.850551064380398  3.070455514987338  0.812952478397087  2.862552790533141  14.788770892010104 -154.869799830859364
        0.000000007201583  3.361664954199437  21.999869338196774  11.842502317536111  6.850551064380398  3.070455469233987  0.812952493298248  2.862552790533141  14.788770892010104 -154.869799830859364
        0.000000010414856  3.361664954199437  21.999869338196774  11.842502317536111  6.850551064380398  3.070455469233987  0.812952478397087  2.862552833188501  14.788770892010104 -154.869799830859364
        0.000000007320442  3.361664954199437  21.999869338196774  11.842502317536111  6.850551064380398  3.070455469233987  0.812952478397087  2.862552790533141  14.788771112379964 -154.869799830859364
        0.000037770474146  3.361664954199437  21.999869338196774  11.842502317536111  6.850551064380398  3.070455469233987  0.812952478397087  2.862552790533141  14.788770892010104 -154.869802138599226
        0.000037167268394  3.363209255117015  22.033644670485351  11.897908761285050  6.837867615632683  2.887989954786113  0.815617863717359  2.861513035758034  14.747811467684839 -154.869799891194191
        0.000000016972537  3.363209305232739  22.033644670485351  11.897908761285050  6.837867615632683  2.887989954786113  0.815617863717359  2.861513035758034  14.747811467684839 -154.869799891194191
        0.000000016043998  3.363209255117015  22.033644998812242  11.897908761285050  6.837867615632683  2.887989954786113  0.815617863717359  2.861513035758034  14.747811467684839 -154.869799891194191
        0.000000002559293  3.363209255117015  22.033644670485351  11.897908938577707  6.837867615632683  2.887989954786113  0.815617863717359  2.861513035758034  14.747811467684839 -154.869799891194191
        0.000000000376073  3.363209255117015  22.033644670485351  11.897908761285050  6.837867717524850  2.887989954786113  0.815617863717359  2.861513035758034  14.747811467684839 -154.869799891194191
        0.000000000237498  3.363209255117015  22.033644670485351  11.897908761285050  6.837867615632683  2.887989997820517  0.815617863717359  2.861513035758034  14.747811467684839 -154.869799891194191
        0.000000007293678  3.363209255117015  22.033644670485351  11.897908761285050  6.837867615632683  2.887989954786113  0.815617878618520  2.861513035758034  14.747811467684839 -154.869799891194191
        0.000000010401778  3.363209255117015  22.033644670485351  11.897908761285050  6.837867615632683  2.887989954786113  0.815617863717359  2.861513078397901  14.747811467684839 -154.869799891194191
        0.000000007375726  3.363209255117015  22.033644670485351  11.897908761285050  6.837867615632683  2.887989954786113  0.815617863717359  2.861513035758034  14.747811687444354 -154.869799891194191
        0.000037770474311  3.363209255117015  22.033644670485351  11.897908761285050  6.837867615632683  2.887989954786113  0.815617863717359  2.861513035758034  14.747811467684839 -154.869802198934053
        0.000036172843161  3.365439045943989  22.062442389644271  11.963967267320401  6.808217145147367  2.650535339387945  0.819200902069524  2.860201693738704  14.688566416749525 -154.869800181714766
        0.000000016975861  3.365439096092939  22.062442389644271  11.963967267320401  6.808217145147367  2.650535339387945  0.819200902069524  2.860201693738704  14.688566416749525 -154.869800181714766
        0.000000016040694  3.365439045943989  22.062442718400280  11.963967267320401  6.808217145147367  2.650535339387945  0.819200902069524  2.860201693738704  14.688566416749525 -154.869800181714766
        0.000000002579512  3.365439045943989  22.062442389644271  11.963967445597406  6.808217145147367  2.650535339387945  0.819200902069524  2.860201693738704  14.688566416749525 -154.869800181714766
        0.000000000378927  3.365439045943989  22.062442389644271  11.963967267320401  6.808217246597708  2.650535339387945  0.819200902069524  2.860201693738704  14.688566416749525 -154.869800181714766
        0.000000000294731  3.365439045943989  22.062442389644271  11.963967267320401  6.808217145147367  2.650535378883999  0.819200902069524  2.860201693738704  14.688566416749525 -154.869800181714766
        0.000000007411112  3.365439045943989  22.062442389644271  11.963967267320401  6.808217145147367  2.650535339387945  0.819200916970685  2.860201693738704  14.688566416749525 -154.869800181714766
        0.000000010378572  3.365439045943989  22.062442389644271  11.963967267320401  6.808217145147367  2.650535339387945  0.819200902069524  2.860201736359031  14.688566416749525 -154.869800181714766
        0.000000007451307  3.365439045943989  22.062442389644271  11.963967267320401  6.808217145147367  2.650535339387945  0.819200902069524  2.860201693738704  14.688566635626222 -154.869800181714766
        0.000037770474745  3.365439045943989  22.062442389644271  11.963967267320401  6.808217145147367  2.650535339387945  0.819200902069524  2.860201693738704  14.688566416749525 -154.869802489454628
        0.000030653395585  3.370307664749280  22.100012763912549  12.082876035927272  6.747990451931158  2.170434678625547  0.826353597279116  2.857373165628837  14.561409910828347 -154.869799877870264
        0.000000016982692  3.370307714970777  22.100012763912549  12.082876035927272  6.747990451931158  2.170434678625547  0.826353597279116  2.857373165628837  14.561409910828347 -154.869799877870264
        0.000000016034004  3.370307664749280  22.100013093228402  12.082876035927272  6.747990451931158  2.170434678625547  0.826353597279116  2.857373165628837  14.561409910828347 -154.869799877870264
        0.000000002621351  3.370307664749280  22.100012763912549  12.082876215976157  6.747990451931158  2.170434678625547  0.826353597279116  2.857373165628837  14.561409910828347 -154.869799877870264
        0.000000000385572  3.370307664749280  22.100012763912549  12.082876035927272  6.747990552484051  2.170434678625547  0.826353597279116  2.857373165628837  14.561409910828347 -154.869799877870264
        0.000000000431627  3.370307664749280  22.100012763912549  12.082876035927272  6.747990451931158  2.170434710967544  0.826353597279116  2.857373165628837  14.561409910828347 -154.869799877870264
        0.000000007652876  3.370307664749280  22.100012763912549  12.082876035927272  6.747990451931158  2.170434678625547  0.826353612180277  2.857373165628837  14.561409910828347 -154.869799877870264
        0.000000010327208  3.370307664749280  22.100012763912549  12.082876035927272  6.747990451931158  2.170434678625547  0.826353597279116  2.857373208207015  14.561409910828347 -154.869799877870264
        0.000000007611915  3.370307664749280  22.100012763912549  12.082876035927272  6.747990451931158  2.170434678625547  0.826353597279116  2.857373165628837  14.561410127810264 -154.869799877870264
        0.000037770474932  3.370307664749280  22.100012763912549  12.082876035927272  6.747990451931158  2.170434678625547  0.826353597279116  2.857373165628837  14.561409910828347 -154.869802185610126
        0.000121638235673  3.374583211024727  22.472276755447549  12.464940720228050  6.732434526598887  1.323315465064607  0.839467338449283  2.851894120014435  14.453139341397879 -154.869798245945390
        0.000000016974245  3.374583261309936  22.472276755447549  12.464940720228050  6.732434526598887  1.323315465064607  0.839467338449283  2.851894120014435  14.453139341397879 -154.869798245945390
        0.000000016014483  3.374583211024727  22.472277090310566  12.464940720228050  6.732434526598887  1.323315465064607  0.839467338449283  2.851894120014435  14.453139341397879 -154.869798245945390
        0.000000002701236  3.374583211024727  22.472276755447549  12.464940905970140  6.732434526598887  1.323315465064607  0.839467338449283  2.851894120014435  14.453139341397879 -154.869798245945390
        0.000000000400558  3.374583211024727  22.472276755447549  12.464940720228050  6.732434626919979  1.323315465064607  0.839467338449283  2.851894120014435  14.453139341397879 -154.869798245945390
        0.000000000711109  3.374583211024727  22.472276755447549  12.464940720228050  6.732434526598887  1.323315484783544  0.839467338449283  2.851894120014435  14.453139341397879 -154.869798245945390
        0.000000008105355  3.374583211024727  22.472276755447549  12.464940720228050  6.732434526598887  1.323315465064607  0.839467353350445  2.851894120014435  14.453139341397879 -154.869798245945390
        0.000000010310092  3.374583211024727  22.472276755447549  12.464940720228050  6.732434526598887  1.323315465064607  0.839467338449283  2.851894162510969  14.453139341397879 -154.869798245945390
        0.000000007828697  3.374583211024727  22.472276755447549  12.464940720228050  6.732434526598887  1.323315465064607  0.839467338449283  2.851894120014435  14.453139556766438 -154.869798245945390
        0.000037770473194  3.374583211024727  22.472276755447549  12.464940720228050  6.732434526598887  1.323315465064607  0.839467338449283  2.851894120014435  14.453139341397879 -154.869800553685224
        0.000035542125292  3.374405125439263  22.493368027601303  12.478130479872974  6.734742419066834  1.314977562747280  0.839550085926589  2.851698106441170  14.458932636234577 -154.869797920852761
        0.000000016970835  3.374405175721818  22.493368027601303  12.478130479872974  6.734742419066834  1.314977562747280  0.839550085926589  2.851698106441170  14.458932636234577 -154.869797920852761
        0.000000016013595  3.374405125439263  22.493368362778604  12.478130479872974  6.734742419066834  1.314977562747280  0.839550085926589  2.851698106441170  14.458932636234577 -154.869797920852761
        0.000000002702377  3.374405125439263  22.493368027601303  12.478130665811607  6.734742419066834  1.314977562747280  0.839550085926589  2.851698106441170  14.458932636234577 -154.869797920852761
        0.000000000400771  3.374405125439263  22.493368027601303  12.478130479872974  6.734742519422316  1.314977562747280  0.839550085926589  2.851698106441170  14.458932636234577 -154.869797920852761
        0.000000000713878  3.374405125439263  22.493368027601303  12.478130479872974  6.734742419066834  1.314977582341973  0.839550085926589  2.851698106441170  14.458932636234577 -154.869797920852761
        0.000000008111246  3.374405125439263  22.493368027601303  12.478130479872974  6.734742419066834  1.314977562747280  0.839550100827750  2.851698106441170  14.458932636234577 -154.869797920852761
        0.000000010314049  3.374405125439263  22.493368027601303  12.478130479872974  6.734742419066834  1.314977562747280  0.839550085926589  2.851698148934783  14.458932636234577 -154.869797920852761
        0.000000007828208  3.374405125439263  22.493368027601303  12.478130479872974  6.734742419066834  1.314977562747280  0.839550085926589  2.851698106441170  14.458932851689463 -154.869797920852761
        0.000037770472444  3.374405125439263  22.493368027601303  12.478130479872974  6.734742419066834  1.314977562747280  0.839550085926589  2.851698106441170  14.458932636234577 -154.869800228592595
        0.000970891662041  3.339856662765931  25.645024018697725  14.469657135913868  7.537550957655822  0.238828503399043  0.857264144523550  2.844214482385942  15.344587575183114 -154.869798609459934
        0.000912129477542  3.375845318820712  22.740625737669404  12.703618944780541  6.757268531160933  0.871959462609146  0.845988267095720  2.848976592555633  14.421050804913754 -154.869798116439483
        0.000000016961885  3.375845369124727  22.740625737669404  12.703618944780541  6.757268531160933  0.871959462609146  0.845988267095720  2.848976592555633  14.421050804913754 -154.869798116439483
        0.000000016002909  3.375845318820712  22.740626076531132  12.703618944780541  6.757268531160933  0.871959462609146  0.845988267095720  2.848976592555633  14.421050804913754 -154.869798116439483
        0.000000002745083  3.375845318820712  22.740625737669404  12.703619134079215  6.757268531160933  0.871959462609146  0.845988267095720  2.848976592555633  14.421050804913754 -154.869798116439483
        0.000000000409937  3.375845318820712  22.740625737669404  12.703618944780541  6.757268631852081  0.871959462609146  0.845988267095720  2.848976592555633  14.421050804913754 -154.869798116439483
        0.000000000828795  3.375845318820712  22.740625737669404  12.703618944780541  6.757268531160933  0.871959477510307  0.845988267095720  2.848976592555633  14.421050804913754 -154.869798116439483
        0.000000008314559  3.375845318820712  22.740625737669404  12.703618944780541  6.757268531160933  0.871959462609146  0.845988281996881  2.848976592555633  14.421050804913754 -154.869798116439483
        0.000000010319268  3.375845318820712  22.740625737669404  12.703618944780541  6.757268531160933  0.871959462609146  0.845988267095720  2.848976635008692  14.421050804913754 -154.869798116439483
        0.000000007928856  3.375845318820712  22.740625737669404  12.703618944780541  6.757268531160933  0.871959462609146  0.845988267095720  2.848976592555633  14.421051019804157 -154.869798116439483
        0.000037770472976  3.375845318820712  22.740625737669404  12.703618944780541  6.757268531160933  0.871959462609146  0.845988267095720  2.848976592555633  14.421050804913754 -154.869800424179317
        0.000021216174672  3.375884544279623  22.751615177947496  12.712822679170696  6.759868864771202  0.856395288358614  0.846160426327216  2.848744966440607  14.421212813944935 -154.869797481751419
        0.000000016960040  3.375884594584222  22.751615177947496  12.712822679170696  6.759868864771202  0.856395288358614  0.846160426327216  2.848744966440607  14.421212813944935 -154.869797481751419
        0.000000016002234  3.375884544279623  22.751615516972983  12.712822679170696  6.759868864771202  0.856395288358614  0.846160426327216  2.848744966440607  14.421212813944935 -154.869797481751419
        0.000000002746632  3.375884544279623  22.751615177947496  12.712822868606516  6.759868864771202  0.856395288358614  0.846160426327216  2.848744966440607  14.421212813944935 -154.869797481751419
        0.000000000410309  3.375884544279623  22.751615177947496  12.712822679170696  6.759868965501098  0.856395288358614  0.846160426327216  2.848744966440607  14.421212813944935 -154.869797481751419
        0.000000000829603  3.375884544279623  22.751615177947496  12.712822679170696  6.759868864771202  0.856395303259775  0.846160426327216  2.848744966440607  14.421212813944935 -154.869797481751419
        0.000000008319558  3.375884544279623  22.751615177947496  12.712822679170696  6.759868864771202  0.856395288358614  0.846160441228377  2.848744966440607  14.421212813944935 -154.869797481751419
        0.000000010320960  3.375884544279623  22.751615177947496  12.712822679170696  6.759868864771202  0.856395288358614  0.846160426327216  2.848745008890215  14.421212813944935 -154.869797481751419
        0.000000007932941  3.375884544279623  22.751615177947496  12.712822679170696  6.759868864771202  0.856395288358614  0.846160426327216  2.848744966440607  14.421213028837752 -154.869797481751419
        0.000037770471823  3.375884544279623  22.751615177947496  12.712822679170696  6.759868864771202  0.856395288358614  0.846160426327216  2.848744966440607  14.421212813944935 -154.869799789491225
2022-08-18 13:41:09.377403
