/projects/wagner/highthroughput/mick_graphene_paper/3_data/kc_fitting_dft
2022-08-18 01:07:17.127579
energy_inf: -154.89183204249554
     2536.019385218373827  3.416084000000000  20.021583000000000  10.905510700000001  4.275635400000000  0.010010836000000  0.844712200000000  2.936058400000000  14.313258800000000 -154.891832042495537
        0.000000018717218  3.416084050903618  20.021583000000000  10.905510700000001  4.275635400000000  0.010010836000000  0.844712200000000  2.936058400000000  14.313258800000000 -154.891832042495537
        0.000000019282189  3.416084000000000  20.021583298344837  10.905510700000001  4.275635400000000  0.010010836000000  0.844712200000000  2.936058400000000  14.313258800000000 -154.891832042495537
        0.000000002760085  3.416084000000000  20.021583000000000  10.905510862504773  4.275635400000000  0.010010836000000  0.844712200000000  2.936058400000000  14.313258800000000 -154.891832042495537
        0.000000000499340  3.416084000000000  20.021583000000000  10.905510700000001  4.275635463711932  0.010010836000000  0.844712200000000  2.936058400000000  14.313258800000000 -154.891832042495537
        0.000000000455390  3.416084000000000  20.021583000000000  10.905510700000001  4.275635400000000  0.010010850901161  0.844712200000000  2.936058400000000  14.313258800000000 -154.891832042495537
        0.000000007626080  3.416084000000000  20.021583000000000  10.905510700000001  4.275635400000000  0.010010836000000  0.844712214901161  2.936058400000000  14.313258800000000 -154.891832042495537
        0.000000008542471  3.416084000000000  20.021583000000000  10.905510700000001  4.275635400000000  0.010010836000000  0.844712200000000  2.936058443750679  14.313258800000000 -154.891832042495537
        0.000000009622645  3.416084000000000  20.021583000000000  10.905510700000001  4.275635400000000  0.010010836000000  0.844712200000000  2.936058400000000  14.313259013284176 -154.891832042495537
        0.000037775266475  3.416084000000000  20.021583000000000  10.905510700000001  4.275635400000000  0.010010836000000  0.844712200000000  2.936058400000000  14.313258800000000 -154.891834350563698
        0.124645449101821  3.319685196131211  9.077496597946965  3.979916872066986  8.751822100067846  17.666134152558108  0.298772228384373  2.939147539082607  14.181044489082170 -154.891577591869947
        0.090297936994079  3.308014384305415  19.040171361682575  9.962828571917896  6.804034556871602  4.799576942366455  0.624102709616927  2.913077345883754  14.165497409753019 -154.891573158076824
        0.000000017018736  3.308014433598671  19.040171361682575  9.962828571917896  6.804034556871602  4.799576942366455  0.624102709616927  2.913077345883754  14.165497409753019 -154.891573158076824
        0.000000017681819  3.308014384305415  19.040171645403237  9.962828571917896  6.804034556871602  4.799576942366455  0.624102709616927  2.913077345883754  14.165497409753019 -154.891573158076824
        0.000000001865386  3.308014384305415  19.040171361682575  9.962828720375610  6.804034556871602  4.799576942366455  0.624102709616927  2.913077345883754  14.165497409753019 -154.891573158076824
        0.000000000176447  3.308014384305415  19.040171361682575  9.962828571917896  6.804034658259617  4.799576942366455  0.624102709616927  2.913077345883754  14.165497409753019 -154.891573158076824
        0.000000000741650  3.308014384305415  19.040171361682575  9.962828571917896  6.804034556871602  4.799577013885725  0.624102709616927  2.913077345883754  14.165497409753019 -154.891573158076824
        0.000000004606643  3.308014384305415  19.040171361682575  9.962828571917896  6.804034556871602  4.799576942366455  0.624102724518088  2.913077345883754  14.165497409753019 -154.891573158076824
        0.000000007903022  3.308014384305415  19.040171361682575  9.962828571917896  6.804034556871602  4.799576942366455  0.624102709616927  2.913077389291989  14.165497409753019 -154.891573158076824
        0.000000006052732  3.308014384305415  19.040171361682575  9.962828571917896  6.804034556871602  4.799576942366455  0.624102709616927  2.913077345883754  14.165497620835380 -154.891573158076824
        0.000037776939059  3.308014384305415  19.040171361682575  9.962828571917896  6.804034556871602  4.799576942366455  0.624102709616927  2.913077345883754  14.165497409753019 -154.891575466141120
        0.012543754798499  3.277205213933771  23.355470886086856  14.816393774708729  3.091927270536706  0.013342863878613  0.770116529658685  3.089363289722585  14.007031456524739 -154.891166737265223
        0.008261974247614  3.280507186305794  20.400346501828377  10.395642264660591  7.562814561942214  3.082099759725619  0.635163187426755  3.131073833517376  14.002970930623620 -154.890800287346451
        0.000000017866883  3.280507235189160  20.400346501828377  10.395642264660591  7.562814561942214  3.082099759725619  0.635163187426755  3.131073833517376  14.002970930623620 -154.890800287346451
        0.000000018491057  3.280507186305794  20.400346805817229  10.395642264660591  7.562814561942214  3.082099759725619  0.635163187426755  3.131073833517376  14.002970930623620 -154.890800287346451
        0.000000001846205  3.280507186305794  20.400346501828377  10.395642419567732  7.562814561942214  3.082099759725619  0.635163187426755  3.131073833517376  14.002970930623620 -154.890800287346451
        0.000000000196326  3.280507186305794  20.400346501828377  10.395642264660591  7.562814674636932  3.082099759725619  0.635163187426755  3.131073833517376  14.002970930623620 -154.890800287346451
        0.000000000299743  3.280507186305794  20.400346501828377  10.395642264660591  7.562814561942214  3.082099805652484  0.635163187426755  3.131073833517376  14.002970930623620 -154.890800287346451
        0.000000004898052  3.280507186305794  20.400346501828377  10.395642264660591  7.562814561942214  3.082099759725619  0.635163202327916  3.131073833517376  14.002970930623620 -154.890800287346451
        0.000000007240009  3.280507186305794  20.400346501828377  10.395642264660591  7.562814561942214  3.082099759725619  0.635163187426755  3.131073880174012  14.002970930623620 -154.890800287346451
        0.000000005925162  3.280507186305794  20.400346501828377  10.395642264660591  7.562814561942214  3.082099759725619  0.635163187426755  3.131073833517376  14.002971139284147 -154.890800287346451
        0.000037777211071  3.280507186305794  20.400346501828377  10.395642264660591  7.562814561942214  3.082099759725619  0.635163187426755  3.131073833517376  14.002970930623620 -154.890802595399236
        0.003687510805143  3.281593006275441  20.364117598873811  10.637969518930827  7.691252582936842  3.010314026831508  0.628344806824579  3.240729660124735  14.039578016951376 -154.890440730676573
        0.000000018450437  3.281593055174988  20.364117598873811  10.637969518930827  7.691252582936842  3.010314026831508  0.628344806824579  3.240729660124735  14.039578016951376 -154.890440730676573
        0.000000018977831  3.281593006275441  20.364117902322810  10.637969518930827  7.691252582936842  3.010314026831508  0.628344806824579  3.240729660124735  14.039578016951376 -154.890440730676573
        0.000000001849728  3.281593006275441  20.364117598873811  10.637969677448925  7.691252582936842  3.010314026831508  0.628344806824579  3.240729660124735  14.039578016951376 -154.890440730676573
        0.000000000186630  3.281593006275441  20.364117598873811  10.637969518930827  7.691252697545437  3.010314026831508  0.628344806824579  3.240729660124735  14.039578016951376 -154.890440730676573
        0.000000000302789  3.281593006275441  20.364117598873811  10.637969518930827  7.691252582936842  3.010314071688683  0.628344806824579  3.240729660124735  14.039578016951376 -154.890440730676573
        0.000000004842014  3.281593006275441  20.364117598873811  10.637969518930827  7.691252582936842  3.010314026831508  0.628344821725740  3.240729660124735  14.039578016951376 -154.890440730676573
        0.000000007034762  3.281593006275441  20.364117598873811  10.637969518930827  7.691252582936842  3.010314026831508  0.628344806824579  3.240729708415370  14.039578016951376 -154.890440730676573
        0.000000006062939  3.281593006275441  20.364117598873811  10.637969518930827  7.691252582936842  3.010314026831508  0.628344806824579  3.240729660124735  14.039578226157390 -154.890440730676573
        0.000037777089753  3.281593006275441  20.364117598873811  10.637969518930827  7.691252582936842  3.010314026831508  0.628344806824579  3.240729660124735  14.039578016951376 -154.890443038723987
        0.001303178640280  3.277616224070419  21.246572721379518  9.543012283916168  9.303795500186776  2.574629680924175  0.633719195903632  3.245950087919124  14.355656838602176 -154.890110105600940
        0.000000018776088  3.277616272910707  21.246572721379518  9.543012283916168  9.303795500186776  2.574629680924175  0.633719195903632  3.245950087919124  14.355656838602176 -154.890110105600940
        0.000000019331256  3.277616224070419  21.246573037978123  9.543012283916168  9.303795500186776  2.574629680924175  0.633719195903632  3.245950087919124  14.355656838602176 -154.890110105600940
        0.000000001920915  3.277616224070419  21.246572721379518  9.543012426118132  9.303795500186776  2.574629680924175  0.633719195903632  3.245950087919124  14.355656838602176 -154.890110105600940
        0.000000000343837  3.277616224070419  21.246572721379518  9.543012283916168  9.303795638824132  2.574629680924175  0.633719195903632  3.245950087919124  14.355656838602176 -154.890110105600940
        0.000000000370869  3.277616224070419  21.246572721379518  9.543012283916168  9.303795500186776  2.574629719289147  0.633719195903632  3.245950087919124  14.355656838602176 -154.890110105600940
        0.000000005188868  3.277616224070419  21.246572721379518  9.543012283916168  9.303795500186776  2.574629680924175  0.633719210804793  3.245950087919124  14.355656838602176 -154.890110105600940
        0.000000007286550  3.277616224070419  21.246572721379518  9.543012283916168  9.303795500186776  2.574629680924175  0.633719195903632  3.245950136287550  14.355656838602176 -154.890110105600940
        0.000000006170453  3.277616224070419  21.246572721379518  9.543012283916168  9.303795500186776  2.574629680924175  0.633719195903632  3.245950087919124  14.355657052518133 -154.890110105600940
        0.000037776899397  3.277616224070419  21.246572721379518  9.543012283916168  9.303795500186776  2.574629680924175  0.633719195903632  3.245950087919124  14.355656838602176 -154.890112413643436
        0.000457435985070  3.271613291861772  21.938327373616819  8.216078971512040  11.202441445315818  2.154012032546481  0.627474887261743  3.263445195557988  14.392792612878674 -154.890190806653550
        0.000000018800442  3.271613340612610  21.938327373616819  8.216078971512040  11.202441445315818  2.154012032546481  0.627474887261743  3.263445195557988  14.392792612878674 -154.890190806653550
        0.000000019350041  3.271613291861772  21.938327700523370  8.216078971512040  11.202441445315818  2.154012032546481  0.627474887261743  3.263445195557988  14.392792612878674 -154.890190806653550
        0.000000001963185  3.271613291861772  21.938327373616819  8.216079093941158  11.202441445315818  2.154012032546481  0.627474887261743  3.263445195557988  14.392792612878674 -154.890190806653550
        0.000000000533740  3.271613291861772  21.938327373616819  8.216078971512040  11.202441612245204  2.154012032546481  0.627474887261743  3.263445195557988  14.392792612878674 -154.890190806653550
        0.000000000541502  3.271613291861772  21.938327373616819  8.216078971512040  11.202441445315818  2.154012064643762  0.627474887261743  3.263445195557988  14.392792612878674 -154.890190806653550
        0.000000005420635  3.271613291861772  21.938327373616819  8.216078971512040  11.202441445315818  2.154012032546481  0.627474902162904  3.263445195557988  14.392792612878674 -154.890190806653550
        0.000000007381026  3.271613291861772  21.938327373616819  8.216078971512040  11.202441445315818  2.154012032546481  0.627474887261743  3.263445244187110  14.392792612878674 -154.890190806653550
        0.000000006133661  3.271613291861772  21.938327373616819  8.216078971512040  11.202441445315818  2.154012032546481  0.627474887261743  3.263445195557988  14.392792827347996 -154.890190806653550
        0.000037776980827  3.271613291861772  21.938327373616819  8.216078971512040  11.202441445315818  2.154012032546481  0.627474887261743  3.263445195557988  14.392792612878674 -154.890193114697240
        0.001228868472232  3.279496656761945  22.501644299299670  8.014103870928812  11.573975656388292  0.332307871602102  0.654097312050351  3.287474242531558  13.962082062090383 -154.890343242536630
        0.000000018716833  3.279496705630253  22.501644299299670  8.014103870928812  11.573975656388292  0.332307871602102  0.654097312050351  3.287474242531558  13.962082062090383 -154.890343242536630
        0.000000019302330  3.279496656761945  22.501644634600300  8.014103870928812  11.573975656388292  0.332307871602102  0.654097312050351  3.287474242531558  13.962082062090383 -154.890343242536630
        0.000000002081919  3.279496656761945  22.501644299299670  8.014103990348266  11.573975656388292  0.332307871602102  0.654097312050351  3.287474242531558  13.962082062090383 -154.890343242536630
        0.000000000611624  3.279496656761945  22.501644299299670  8.014103870928812  11.573975828853969  0.332307871602102  0.654097312050351  3.287474242531558  13.962082062090383 -154.890343242536630
        0.000000000798709  3.279496656761945  22.501644299299670  8.014103870928812  11.573975656388292  0.332307886503264  0.654097312050351  3.287474242531558  13.962082062090383 -154.890343242536630
        0.000000006066257  3.279496656761945  22.501644299299670  8.014103870928812  11.573975656388292  0.332307871602102  0.654097326951513  3.287474242531558  13.962082062090383 -154.890343242536630
        0.000000007449399  3.279496656761945  22.501644299299670  8.014103870928812  11.573975656388292  0.332307871602102  0.654097312050351  3.287474291518742  13.962082062090383 -154.890343242536630
        0.000000006349151  3.279496656761945  22.501644299299670  8.014103870928812  11.573975656388292  0.332307871602102  0.654097312050351  3.287474242531558  13.962082270141618 -154.890343242536630
        0.000037777133866  3.279496656761945  22.501644299299670  8.014103870928812  11.573975656388292  0.332307871602102  0.654097312050351  3.287474242531558  13.962082062090383 -154.890345550582595
        0.000636359252001  3.280530380393317  22.388436506592509  7.847346939819758  11.829532967465633  0.323129308868293  0.649003832669386  3.294168475704704  13.894600368201166 -154.890383977276116
        0.000000018727639  3.280530429277029  22.388436506592509  7.847346939819758  11.829532967465633  0.323129308868293  0.649003832669386  3.294168475704704  13.894600368201166 -154.890383977276116
        0.000000019304602  3.280530380393317  22.388436840206211  7.847346939819758  11.829532967465633  0.323129308868293  0.649003832669386  3.294168475704704  13.894600368201166 -154.890383977276116
        0.000000002078448  3.280530380393317  22.388436506592509  7.847347056754340  11.829532967465633  0.323129308868293  0.649003832669386  3.294168475704704  13.894600368201166 -154.890383977276116
        0.000000000635922  3.280530380393317  22.388436506592509  7.847346939819758  11.829533143739411  0.323129308868293  0.649003832669386  3.294168475704704  13.894600368201166 -154.890383977276116
        0.000000000815484  3.280530380393317  22.388436506592509  7.847346939819758  11.829532967465633  0.323129323769454  0.649003832669386  3.294168475704704  13.894600368201166 -154.890383977276116
        0.000000006070080  3.280530380393317  22.388436506592509  7.847346939819758  11.829532967465633  0.323129308868293  0.649003847570547  3.294168475704704  13.894600368201166 -154.890383977276116
        0.000000007423004  3.280530380393317  22.388436506592509  7.847346939819758  11.829532967465633  0.323129308868293  0.649003832669386  3.294168524791639  13.894600368201166 -154.890383977276116
        0.000000006356861  3.280530380393317  22.388436506592509  7.847346939819758  11.829532967465633  0.323129308868293  0.649003832669386  3.294168475704704  13.894600575246846 -154.890383977276116
        0.000037777165359  3.280530380393317  22.388436506592509  7.847346939819758  11.829532967465633  0.323129308868293  0.649003832669386  3.294168475704704  13.894600368201166 -154.890386285322705
        0.000661893786372  3.300270482381759  20.937467581709978  4.986507345983563  13.307843098011084  0.157871371813014  0.633116308154930  3.317281486632941  13.246263687382104 -154.890496289122297
        0.000000018593915  3.300270531559621  20.937467581709978  4.986507345983563  13.307843098011084  0.157871371813014  0.633116308154930  3.317281486632941  13.246263687382104 -154.890496289122297
        0.000000019107524  3.300270482381759  20.937467893702557  4.986507345983563  13.307843098011084  0.157871371813014  0.633116308154930  3.317281486632941  13.246263687382104 -154.890496289122297
        0.000000002106585  3.300270482381759  20.937467581709978  4.986507420288313  13.307843098011084  0.157871371813014  0.633116308154930  3.317281486632941  13.246263687382104 -154.890496289122297
        0.000000000924455  3.300270482381759  20.937467581709978  4.986507345983563  13.307843296313399  0.157871371813014  0.633116308154930  3.317281486632941  13.246263687382104 -154.890496289122297
        0.000000000976133  3.300270482381759  20.937467581709978  4.986507345983563  13.307843098011084  0.157871386714175  0.633116308154930  3.317281486632941  13.246263687382104 -154.890496289122297
        0.000000006128105  3.300270482381759  20.937467581709978  4.986507345983563  13.307843098011084  0.157871371813014  0.633116323056091  3.317281486632941  13.246263687382104 -154.890496289122297
        0.000000007232647  3.300270482381759  20.937467581709978  4.986507345983563  13.307843098011084  0.157871371813014  0.633116308154930  3.317281536064287  13.246263687382104 -154.890496289122297
        0.000000006534722  3.300270482381759  20.937467581709978  4.986507345983563  13.307843098011084  0.157871371813014  0.633116308154930  3.317281486632941  13.246263884766815 -154.890496289122297
        0.000037777277038  3.300270482381759  20.937467581709978  4.986507345983563  13.307843098011084  0.157871371813014  0.633116308154930  3.317281486632941  13.246263687382104 -154.890498597170563
        0.000478340364117  3.299588771691782  21.036289771344205  4.890858928489243  13.338010966904495  0.153204185840060  0.634136047026038  3.316982005388107  13.282129197178584 -154.890493420151387
        0.000000018622277  3.299588820859486  21.036289771344205  4.890858928489243  13.338010966904495  0.153204185840060  0.634136047026038  3.316982005388107  13.282129197178584 -154.890493420151387
        0.000000019136248  3.299588771691782  21.036290084809348  4.890858928489243  13.338010966904495  0.153204185840060  0.634136047026038  3.316982005388107  13.282129197178584 -154.890493420151387
        0.000000002114509  3.299588771691782  21.036289771344205  4.890859001368720  13.338010966904495  0.153204185840060  0.634136047026038  3.316982005388107  13.282129197178584 -154.890493420151387
        0.000000000931163  3.299588771691782  21.036289771344205  4.890858928489243  13.338011165656347  0.153204185840060  0.634136047026038  3.316982005388107  13.282129197178584 -154.890493420151387
        0.000000000978108  3.299588771691782  21.036289771344205  4.890858928489243  13.338010966904495  0.153204200741221  0.634136047026038  3.316982005388107  13.282129197178584 -154.890493420151387
        0.000000006130557  3.299588771691782  21.036289771344205  4.890858928489243  13.338010966904495  0.153204185840060  0.634136061927200  3.316982005388107  13.282129197178584 -154.890493420151387
        0.000000007244087  3.299588771691782  21.036289771344205  4.890858928489243  13.338010966904495  0.153204185840060  0.634136047026038  3.316982054814991  13.282129197178584 -154.890493420151387
        0.000000006535602  3.299588771691782  21.036289771344205  4.890858928489243  13.338010966904495  0.153204185840060  0.634136047026038  3.316982005388107  13.282129395097732 -154.890493420151387
        0.000037777265713  3.299588771691782  21.036289771344205  4.890858928489243  13.338010966904495  0.153204185840060  0.634136047026038  3.316982005388107  13.282129197178584 -154.890495728199596
        0.000111623562343  3.302033627108779  20.905673452978213  4.361916581883415  13.678401233318898  0.073152260260178  0.632362867050412  3.320988754647783  13.196697384583493 -154.890514150927174
        0.000000018609068  3.302033676312915  20.905673452978213  4.361916581883415  13.678401233318898  0.073152260260178  0.632362867050412  3.320988754647783  13.196697384583493 -154.890514150927174
        0.000000019115571  3.302033627108779  20.905673764497024  4.361916581883415  13.678401233318898  0.073152260260178  0.632362867050412  3.320988754647783  13.196697384583493 -154.890514150927174
        0.000000002126173  3.302033627108779  20.905673452978213  4.361916646881038  13.678401233318898  0.073152260260178  0.632362867050412  3.320988754647783  13.196697384583493 -154.890514150927174
        0.000000000991565  3.302033627108779  20.905673452978213  4.361916581883415  13.678401437142959  0.073152260260178  0.632362867050412  3.320988754647783  13.196697384583493 -154.890514150927174
        0.000000001013002  3.302033627108779  20.905673452978213  4.361916581883415  13.678401233318898  0.073152275161339  0.632362867050412  3.320988754647783  13.196697384583493 -154.890514150927174
        0.000000006158021  3.302033627108779  20.905673452978213  4.361916581883415  13.678401233318898  0.073152260260178  0.632362881951574  3.320988754647783  13.196697384583493 -154.890514150927174
        0.000000007230297  3.302033627108779  20.905673452978213  4.361916581883415  13.678401233318898  0.073152260260178  0.632362867050412  3.320988804134372  13.196697384583493 -154.890514150927174
        0.000000006562711  3.302033627108779  20.905673452978213  4.361916581883415  13.678401233318898  0.073152260260178  0.632362867050412  3.320988754647783  13.196697581229607 -154.890514150927174
        0.000037777285086  3.302033627108779  20.905673452978213  4.361916581883415  13.678401233318898  0.073152260260178  0.632362867050412  3.320988754647783  13.196697384583493 -154.890516458975696
        0.000290760871556  3.284682940937375  22.095020881507342  3.297148154361104  15.542022400634242  0.043585669697821  0.625468452615965  3.331285714358122  13.555011826649235 -154.890559641194955
        0.000288358262769  3.301147713894286  20.970293540485205  4.004695667962997  14.028012559904802  0.050965680241623  0.630573098144115  3.324232690206552  13.199644036910637 -154.890528609910689
        0.000000018607984  3.301147763085220  20.970293540485205  4.004695667962997  14.028012559904802  0.050965680241623  0.630573098144115  3.324232690206552  13.199644036910637 -154.890528609910689
        0.000000019110087  3.301147713894286  20.970293852966929  4.004695667962997  14.028012559904802  0.050965680241623  0.630573098144115  3.324232690206552  13.199644036910637 -154.890528609910689
        0.000000002131780  3.301147713894286  20.970293540485205  4.004695727637612  14.028012559904802  0.050965680241623  0.630573098144115  3.324232690206552  13.199644036910637 -154.890528609910689
        0.000000001033609  3.301147713894286  20.970293540485205  4.004695667962997  14.028012768938478  0.050965680241623  0.630573098144115  3.324232690206552  13.199644036910637 -154.890528609910689
        0.000000001037559  3.301147713894286  20.970293540485205  4.004695667962997  14.028012559904802  0.050965695142784  0.630573098144115  3.324232690206552  13.199644036910637 -154.890528609910689
        0.000000006165732  3.301147713894286  20.970293540485205  4.004695667962997  14.028012559904802  0.050965680241623  0.630573113045276  3.324232690206552  13.199644036910637 -154.890528609910689
        0.000000007236627  3.301147713894286  20.970293540485205  4.004695667962997  14.028012559904802  0.050965680241623  0.630573098144115  3.324232739741479  13.199644036910637 -154.890528609910689
        0.000000006550586  3.301147713894286  20.970293540485205  4.004695667962997  14.028012559904802  0.050965680241623  0.630573098144115  3.324232690206552  13.199644233600662 -154.890528609910689
        0.000037777298161  3.301147713894286  20.970293540485205  4.004695667962997  14.028012559904802  0.050965680241623  0.630573098144115  3.324232690206552  13.199644036910637 -154.890530917959410
        0.000088731780727  3.303066234349985  20.858529500131102  3.621594626376987  14.251156446763456  0.000062433726392  0.629290591284839  3.327516081304426  13.133142678323981 -154.890544695661930
        0.000000018597139  3.303066283569508  20.858529500131102  3.621594626376987  14.251156446763456  0.000062433726392  0.629290591284839  3.327516081304426  13.133142678323981 -154.890544695661930
        0.000000019092976  3.303066234349985  20.858529810947413  3.621594626376987  14.251156446763456  0.000062433726392  0.629290591284839  3.327516081304426  13.133142678323981 -154.890544695661930
        0.000000002139611  3.303066234349985  20.858529500131102  3.621594680342952  14.251156446763456  0.000062433726392  0.629290591284839  3.327516081304426  13.133142678323981 -154.890544695661930
        0.000000001076204  3.303066234349985  20.858529500131102  3.621594626376987  14.251156659122236  0.000062433726392  0.629290591284839  3.327516081304426  13.133142678323981 -154.890544695661930
        0.000000001061490  3.303066234349985  20.858529500131102  3.621594626376987  14.251156446763456  0.000062448627554  0.629290591284839  3.327516081304426  13.133142678323981 -154.890544695661930
        0.000000006180461  3.303066234349985  20.858529500131102  3.621594626376987  14.251156446763456  0.000062433726392  0.629290606186000  3.327516081304426  13.133142678323981 -154.890544695661930
        0.000000007220937  3.303066234349985  20.858529500131102  3.621594626376987  14.251156446763456  0.000062433726392  0.629290591284839  3.327516130888279  13.133142678323981 -154.890544695661930
        0.000000006570307  3.303066234349985  20.858529500131102  3.621594626376987  14.251156446763456  0.000062433726392  0.629290591284839  3.327516081304426  13.133142874023058 -154.890544695661930
        0.000037777313432  3.303066234349985  20.858529500131102  3.621594626376987  14.251156446763456  0.000062433726392  0.629290591284839  3.327516081304426  13.133142678323981 -154.890547003710907
        0.000102587132843  3.301383681965443  20.955949268708554  2.888223873365215  14.920338956680853  0.000038078468516  0.625391472921573  3.332861919671700  13.144463998745985 -154.890567528826324
        0.000000018595923  3.301383731159893  20.955949268708554  2.888223873365215  14.920338956680853  0.000038078468516  0.625391472921573  3.332861919671700  13.144463998745985 -154.890567528826324
        0.000000019083025  3.301383681965443  20.955949580976533  2.888223873365215  14.920338956680853  0.000038078468516  0.625391472921573  3.332861919671700  13.144463998745985 -154.890567528826324
        0.000000002147878  3.301383681965443  20.955949268708554  2.888223916403104  14.920338956680853  0.000038078468516  0.625391472921573  3.332861919671700  13.144463998745985 -154.890567528826324
        0.000000001157162  3.301383681965443  20.955949268708554  2.888223873365215  14.920339179011229  0.000038078468516  0.625391472921573  3.332861919671700  13.144463998745985 -154.890567528826324
        0.000000001107042  3.301383681965443  20.955949268708554  2.888223873365215  14.920338956680853  0.000038093369677  0.625391472921573  3.332861919671700  13.144463998745985 -154.890567528826324
        0.000000006180258  3.301383681965443  20.955949268708554  2.888223873365215  14.920338956680853  0.000038078468516  0.625391487822735  3.332861919671700  13.144463998745985 -154.890567528826324
        0.000000007224985  3.301383681965443  20.955949268708554  2.888223873365215  14.920338956680853  0.000038078468516  0.625391472921573  3.332861969335212  13.144463998745985 -154.890567528826324
        0.000000006544241  3.301383681965443  20.955949268708554  2.888223873365215  14.920338956680853  0.000038078468516  0.625391472921573  3.332861919671700  13.144464194613763 -154.890567528826324
        0.000037777334539  3.301383681965443  20.955949268708554  2.888223873365215  14.920338956680853  0.000038078468516  0.625391472921573  3.332861919671700  13.144463998745985 -154.890569836875642
        0.000050603301759  3.301384092127921  20.956247643840829  2.889010818694042  14.920038665457392  0.000495290901559  0.625400969980456  3.332867874831206  13.144397463279205 -154.890567572743464
        0.000000018594951  3.301384141322377  20.956247643840829  2.889010818694042  14.920038665457392  0.000495290901559  0.625400969980456  3.332867874831206  13.144397463279205 -154.890567572743464
        0.000000019081884  3.301384092127921  20.956247956113252  2.889010818694042  14.920038665457392  0.000495290901559  0.625400969980456  3.332867874831206  13.144397463279205 -154.890567572743464
        0.000000002147900  3.301384092127921  20.956247643840829  2.889010861743658  14.920038665457392  0.000495290901559  0.625400969980456  3.332867874831206  13.144397463279205 -154.890567572743464
        0.000000001157122  3.301384092127921  20.956247643840829  2.889010818694042  14.920038887783294  0.000495290901559  0.625400969980456  3.332867874831206  13.144397463279205 -154.890567572743464
        0.000000001107050  3.301384092127921  20.956247643840829  2.889010818694042  14.920038665457392  0.000495305802720  0.625400969980456  3.332867874831206  13.144397463279205 -154.890567572743464
        0.000000006180404  3.301384092127921  20.956247643840829  2.889010818694042  14.920038665457392  0.000495290901559  0.625400984881618  3.332867874831206  13.144397463279205 -154.890567572743464
        0.000000007225274  3.301384092127921  20.956247643840829  2.889010818694042  14.920038665457392  0.000495290901559  0.625400969980456  3.332867924494807  13.144397463279205 -154.890567572743464
        0.000000006544090  3.301384092127921  20.956247643840829  2.889010818694042  14.920038665457392  0.000495290901559  0.625400969980456  3.332867874831206  13.144397659145991 -154.890567572743464
        0.000037777334581  3.301384092127921  20.956247643840829  2.889010818694042  14.920038665457392  0.000495290901559  0.625400969980456  3.332867874831206  13.144397463279205 -154.890569880792782
        0.000057670130089  3.300082454002641  21.042827742441474  2.675605215582192  15.151946110404644  0.000342141299299  0.624455006800708  3.334200232411950  13.168372071620633 -154.890573158109220
        0.000000018596620  3.300082503177701  21.042827742441474  2.675605215582192  15.151946110404644  0.000342141299299  0.624455006800708  3.334200232411950  13.168372071620633 -154.890573158109220
        0.000000019082034  3.300082454002641  21.042828056004044  2.675605215582192  15.151946110404644  0.000342141299299  0.624455006800708  3.334200232411950  13.168372071620633 -154.890573158109220
        0.000000002150662  3.300082454002641  21.042827742441474  2.675605255451817  15.151946110404644  0.000342141299299  0.624455006800708  3.334200232411950  13.168372071620633 -154.890573158109220
        0.000000001180707  3.300082454002641  21.042827742441474  2.675605215582192  15.151946336186235  0.000342141299299  0.624455006800708  3.334200232411950  13.168372071620633 -154.890573158109220
        0.000000001120593  3.300082454002641  21.042827742441474  2.675605215582192  15.151946110404644  0.000342156200461  0.624455006800708  3.334200232411950  13.168372071620633 -154.890573158109220
        0.000000006180963  3.300082454002641  21.042827742441474  2.675605215582192  15.151946110404644  0.000342141299299  0.624455021701869  3.334200232411950  13.168372071620633 -154.890573158109220
        0.000000007234881  3.300082454002641  21.042827742441474  2.675605215582192  15.151946110404644  0.000342141299299  0.624455006800708  3.334200282095405  13.168372071620633 -154.890573158109220
        0.000000006528080  3.300082454002641  21.042827742441474  2.675605215582192  15.151946110404644  0.000342141299299  0.624455006800708  3.334200232411950  13.168372267844667 -154.890573158109220
        0.000037777339796  3.300082454002641  21.042827742441474  2.675605215582192  15.151946110404644  0.000342141299299  0.624455006800708  3.334200232411950  13.168372071620633 -154.890575466158623
        0.000040300216834  3.300081600183287  21.038063348482059  2.468922087085979  15.307255829257736  0.000249164952242  0.623513569052417  3.335497926176506  13.161445381783523 -154.890578635049422
        0.000000018595263  3.300081649358335  21.038063348482059  2.468922087085979  15.307255829257736  0.000249164952242  0.623513569052417  3.335497926176506  13.161445381783523 -154.890578635049422
        0.000000019078131  3.300081600183287  21.038063661973631  2.468922087085979  15.307255829257736  0.000249164952242  0.623513569052417  3.335497926176506  13.161445381783523 -154.890578635049422
        0.000000002153033  3.300081600183287  21.038063348482059  2.468922123875785  15.307255829257736  0.000249164952242  0.623513569052417  3.335497926176506  13.161445381783523 -154.890578635049422
        0.000000001202288  3.300081600183287  21.038063348482059  2.468922087085979  15.307256057353623  0.000249164952242  0.623513569052417  3.335497926176506  13.161445381783523 -154.890578635049422
        0.000000001132298  3.300081600183287  21.038063348482059  2.468922087085979  15.307255829257736  0.000249179853403  0.623513569052417  3.335497926176506  13.161445381783523 -154.890578635049422
        0.000000006180061  3.300081600183287  21.038063348482059  2.468922087085979  15.307255829257736  0.000249164952242  0.623513583953579  3.335497926176506  13.161445381783523 -154.890578635049422
        0.000000007231423  3.300081600183287  21.038063348482059  2.468922087085979  15.307255829257736  0.000249164952242  0.623513569052417  3.335497975879298  13.161445381783523 -154.890578635049422
        0.000000006525988  3.300081600183287  21.038063348482059  2.468922087085979  15.307255829257736  0.000249164952242  0.623513569052417  3.335497926176506  13.161445577904342 -154.890578635049422
        0.000037777344923  3.300081600183287  21.038063348482059  2.468922087085979  15.307255829257736  0.000249164952242  0.623513569052417  3.335497926176506  13.161445381783523 -154.890580943098911
        0.000048010208010  3.295006467461736  21.385746826953195  2.171348426325878  15.821749131095038  0.000046835200056  0.621937319602983  3.337799105188280  13.270255751712066 -154.890588658542242
        0.000000018608535  3.295006516561159  21.385746826953195  2.171348426325878  15.821749131095038  0.000046835200056  0.621937319602983  3.337799105188280  13.270255751712066 -154.890588658542242
        0.000000019092750  3.295006467461736  21.385747145625654  2.171348426325878  15.821749131095038  0.000046835200056  0.621937319602983  3.337799105188280  13.270255751712066 -154.890588658542242
        0.000000002156421  3.295006467461736  21.385746826953195  2.171348458681491  15.821749131095038  0.000046835200056  0.621937319602983  3.337799105188280  13.270255751712066 -154.890588658542242
        0.000000001236734  3.295006467461736  21.385746826953195  2.171348426325878  15.821749366857471  0.000046835200056  0.621937319602983  3.337799105188280  13.270255751712066 -154.890588658542242
        0.000000001153984  3.295006467461736  21.385746826953195  2.171348426325878  15.821749131095038  0.000046850101217  0.621937319602983  3.337799105188280  13.270255751712066 -154.890588658542242
        0.000000006180083  3.295006467461736  21.385746826953195  2.171348426325878  15.821749131095038  0.000046835200056  0.621937334504144  3.337799105188280  13.270255751712066 -154.890588658542242
        0.000000007271660  3.295006467461736  21.385746826953195  2.171348426325878  15.821749131095038  0.000046835200056  0.621937319602983  3.337799154925363  13.270255751712066 -154.890588658542242
        0.000000006469024  3.295006467461736  21.385746826953195  2.171348426325878  15.821749131095038  0.000046835200056  0.621937319602983  3.337799105188280  13.270255949454286 -154.890588658542242
        0.000037777354326  3.295006467461736  21.385746826953195  2.171348426325878  15.821749131095038  0.000046835200056  0.621937319602983  3.337799105188280  13.270255751712066 -154.890590966591873
        0.000052833298016  3.295006332647927  21.386156098952718  2.172637894054704  15.821195119893620  0.000590622397606  0.621949447752123  3.337805015449385  13.270198741019781 -154.890588705444998
        0.000000018607447  3.295006381747347  21.386156098952718  2.172637894054704  15.821195119893620  0.000590622397606  0.621949447752123  3.337805015449385  13.270198741019781 -154.890588705444998
        0.000000019091421  3.295006332647927  21.386156417631277  2.172637894054704  15.821195119893620  0.000590622397606  0.621949447752123  3.337805015449385  13.270198741019781 -154.890588705444998
        0.000000002156474  3.295006332647927  21.386156098952718  2.172637926429531  15.821195119893620  0.000590622397606  0.621949447752123  3.337805015449385  13.270198741019781 -154.890588705444998
        0.000000001236636  3.295006332647927  21.386156098952718  2.172637894054704  15.821195355647799  0.000590622397606  0.621949447752123  3.337805015449385  13.270198741019781 -154.890588705444998
        0.000000001153915  3.295006332647927  21.386156098952718  2.172637894054704  15.821195119893620  0.000590637298767  0.621949447752123  3.337805015449385  13.270198741019781 -154.890588705444998
        0.000000006180260  3.295006332647927  21.386156098952718  2.172637894054704  15.821195119893620  0.000590622397606  0.621949462653285  3.337805015449385  13.270198741019781 -154.890588705444998
        0.000000007272055  3.295006332647927  21.386156098952718  2.172637894054704  15.821195119893620  0.000590622397606  0.621949447752123  3.337805065186555  13.270198741019781 -154.890588705444998
        0.000000006468830  3.295006332647927  21.386156098952718  2.172637894054704  15.821195119893620  0.000590622397606  0.621949447752123  3.337805015449385  13.270198938761151 -154.890588705444998
        0.000037777354326  3.295006332647927  21.386156098952718  2.172637894054704  15.821195119893620  0.000590622397606  0.621949447752123  3.337805015449385  13.270198741019781 -154.890591013494628
        0.000037723045230  3.290901020878775  21.680552695931176  2.184467487331263  16.052229166631921  0.000062563011376  0.621894518110727  3.337897717272512  13.369234922341668 -154.890589027230789
        0.000000018620286  3.290901069917022  21.680552695931176  2.184467487331263  16.052229166631921  0.000062563011376  0.621894518110727  3.337897717272512  13.369234922341668 -154.890589027230789
        0.000000019108518  3.290901020878775  21.680553018996587  2.184467487331263  16.052229166631921  0.000062563011376  0.621894518110727  3.337897717272512  13.369234922341668 -154.890589027230789
        0.000000002156659  3.290901020878775  21.680552695931176  2.184467519882365  16.052229166631921  0.000062563011376  0.621894518110727  3.337897717272512  13.369234922341668 -154.890589027230789
        0.000000001238424  3.290901020878775  21.680552695931176  2.184467487331263  16.052229405828776  0.000062563011376  0.621894518110727  3.337897717272512  13.369234922341668 -154.890589027230789
        0.000000001157348  3.290901020878775  21.680552695931176  2.184467487331263  16.052229166631921  0.000062577912537  0.621894518110727  3.337897717272512  13.369234922341668 -154.890589027230789
        0.000000006183125  3.290901020878775  21.680552695931176  2.184467487331263  16.052229166631921  0.000062563011376  0.621894533011888  3.337897717272512  13.369234922341668 -154.890589027230789
        0.000000007311130  3.290901020878775  21.680552695931176  2.184467487331263  16.052229166631921  0.000062563011376  0.621894518110727  3.337897767011064  13.369234922341668 -154.890589027230789
        0.000000006425747  3.290901020878775  21.680552695931176  2.184467487331263  16.052229166631921  0.000062563011376  0.621894518110727  3.337897717272512  13.369235121558793 -154.890589027230789
        0.000037777354682  3.290901020878775  21.680552695931176  2.184467487331263  16.052229166631921  0.000062563011376  0.621894518110727  3.337897717272512  13.369234922341668 -154.890591335280419
        0.000041113388404  3.291037903323220  21.671741507350610  2.169617976098086  16.056149749891553  0.000137627659226  0.621842410204429  3.337971467711019  13.365780955525393 -154.890589325002082
        0.000000018619550  3.291037952363506  21.671741507350610  2.169617976098086  16.056149749891553  0.000137627659226  0.621842410204429  3.337971467711019  13.365780955525393 -154.890589325002082
        0.000000019107336  3.291037903323220  21.671741830284724  2.169617976098086  16.056149749891553  0.000137627659226  0.621842410204429  3.337971467711019  13.365780955525393 -154.890589325002082
        0.000000002156989  3.291037903323220  21.671741507350610  2.169618008427914  16.056149749891553  0.000137627659226  0.621842410204429  3.337971467711019  13.365780955525393 -154.890589325002082
        0.000000001239945  3.291037903323220  21.671741507350610  2.169617976098086  16.056149989146828  0.000137627659226  0.621842410204429  3.337971467711019  13.365780955525393 -154.890589325002082
        0.000000001158095  3.291037903323220  21.671741507350610  2.169617976098086  16.056149749891553  0.000137642560387  0.621842410204429  3.337971467711019  13.365780955525393 -154.890589325002082
        0.000000006183387  3.291037903323220  21.671741507350610  2.169617976098086  16.056149749891553  0.000137627659226  0.621842425105590  3.337971467711019  13.365780955525393 -154.890589325002082
        0.000000007310150  3.291037903323220  21.671741507350610  2.169617976098086  16.056149749891553  0.000137627659226  0.621842410204429  3.337971517450670  13.365780955525393 -154.890589325002082
        0.000000006427119  3.291037903323220  21.671741507350610  2.169617976098086  16.056149749891553  0.000137627659226  0.621842410204429  3.337971467711019  13.365781154691049 -154.890589325002082
        0.000037777354729  3.291037903323220  21.671741507350610  2.169617976098086  16.056149749891553  0.000137627659226  0.621842410204429  3.337971467711019  13.365780955525393 -154.890591633051713
        0.000034153347234  3.290770796469586  21.693104026875073  2.179039005316102  16.065932325361953  0.000080431511484  0.621883493636561  3.337890673514900  13.373216502318755 -154.890588921384278
        0.000000018620870  3.290770845505892  21.693104026875073  2.179039005316102  16.065932325361953  0.000080431511484  0.621883493636561  3.337890673514900  13.373216502318755 -154.890588921384278
        0.000000019108998  3.290770796469586  21.693104350127513  2.179039005316102  16.065932325361953  0.000080431511484  0.621883493636561  3.337890673514900  13.373216502318755 -154.890588921384278
        0.000000002157094  3.290770796469586  21.693104026875073  2.179039037786314  16.065932325361953  0.000080431511484  0.621883493636561  3.337890673514900  13.373216502318755 -154.890588921384278
        0.000000001239262  3.290770796469586  21.693104026875073  2.179039005316102  16.065932564762999  0.000080431511484  0.621883493636561  3.337890673514900  13.373216502318755 -154.890588921384278
        0.000000001157968  3.290770796469586  21.693104026875073  2.179039005316102  16.065932325361953  0.000080446412645  0.621883493636561  3.337890673514900  13.373216502318755 -154.890588921384278
        0.000000006184240  3.290770796469586  21.693104026875073  2.179039005316102  16.065932325361953  0.000080431511484  0.621883508537722  3.337890673514900  13.373216502318755 -154.890588921384278
        0.000000007313555  3.290770796469586  21.693104026875073  2.179039005316102  16.065932325361953  0.000080431511484  0.621883493636561  3.337890723253347  13.373216502318755 -154.890588921384278
        0.000000006424658  3.290770796469586  21.693104026875073  2.179039005316102  16.065932325361953  0.000080431511484  0.621883493636561  3.337890673514900  13.373216701595210 -154.890588921384278
        0.000037777354249  3.290770796469586  21.693104026875073  2.179039005316102  16.065932325361953  0.000080431511484  0.621883493636561  3.337890673514900  13.373216502318755 -154.890591229433909
2022-08-18 02:56:55.567309
