/projects/wagner/highthroughput/mick_graphene_paper/3_data/kc_fitting_dft
2022-08-17 17:17:36.922972
energy_inf: -154.87065645278034
     2535.672725874616845  3.416084000000000  20.021583000000000  10.905510700000001  4.275635400000000  0.010010836000000  0.844712200000000  2.936058400000000  14.313258800000000 -154.870656452780338
        0.000000018717218  3.416084050903618  20.021583000000000  10.905510700000001  4.275635400000000  0.010010836000000  0.844712200000000  2.936058400000000  14.313258800000000 -154.870656452780338
        0.000000019282189  3.416084000000000  20.021583298344837  10.905510700000001  4.275635400000000  0.010010836000000  0.844712200000000  2.936058400000000  14.313258800000000 -154.870656452780338
        0.000000002760085  3.416084000000000  20.021583000000000  10.905510862504773  4.275635400000000  0.010010836000000  0.844712200000000  2.936058400000000  14.313258800000000 -154.870656452780338
        0.000000000499340  3.416084000000000  20.021583000000000  10.905510700000001  4.275635463711932  0.010010836000000  0.844712200000000  2.936058400000000  14.313258800000000 -154.870656452780338
        0.000000000455390  3.416084000000000  20.021583000000000  10.905510700000001  4.275635400000000  0.010010850901161  0.844712200000000  2.936058400000000  14.313258800000000 -154.870656452780338
        0.000000007626080  3.416084000000000  20.021583000000000  10.905510700000001  4.275635400000000  0.010010836000000  0.844712214901161  2.936058400000000  14.313258800000000 -154.870656452780338
        0.000000008542471  3.416084000000000  20.021583000000000  10.905510700000001  4.275635400000000  0.010010836000000  0.844712200000000  2.936058443750679  14.313258800000000 -154.870656452780338
        0.000000009622645  3.416084000000000  20.021583000000000  10.905510700000001  4.275635400000000  0.010010836000000  0.844712200000000  2.936058400000000  14.313259013284176 -154.870656452780338
        0.000037770100898  3.416084000000000  20.021583000000000  10.905510700000001  4.275635400000000  0.010010836000000  0.844712200000000  2.936058400000000  14.313258800000000 -154.870658760532962
        0.305003998985038  3.407225635869436  0.011152031978853  1.360342980609968  5.292256410515545  28.050379149915553  0.262618915232074  2.934868310025580  14.302779550661050 -154.870636837038006
        0.208532145213626  3.367996209132690  16.918840920503538  9.069638873273806  4.456569193185323  8.189540762805031  0.738508126910913  2.894621344598606  14.257655223366024 -154.870583073354737
        0.000000016898289  3.367996259319745  16.918840920503538  9.069638873273806  4.456569193185323  8.189540762805031  0.738508126910913  2.894621344598606  14.257655223366024 -154.870583073354737
        0.000000015985663  3.367996209132690  16.918841172613913  9.069638873273806  4.456569193185323  8.189540762805031  0.738508126910913  2.894621344598606  14.257655223366024 -154.870583073354737
        0.000000001963722  3.367996209132690  16.918840920503538  9.069639008421957  4.456569193185323  8.189540762805031  0.738508126910913  2.894621344598606  14.257655223366024 -154.870583073354737
        0.000000000257750  3.367996209132690  16.918840920503538  9.069638873273806  4.456569259593379  8.189540762805031  0.738508126910913  2.894621344598606  14.257655223366024 -154.870583073354737
        0.000000001954755  3.367996209132690  16.918840920503538  9.069638873273806  4.456569193185323  8.189540884838697  0.738508126910913  2.894621344598606  14.257655223366024 -154.870583073354737
        0.000000003698702  3.367996209132690  16.918840920503538  9.069638873273806  4.456569193185323  8.189540762805031  0.738508141812075  2.894621344598606  14.257655223366024 -154.870583073354737
        0.000000009305488  3.367996209132690  16.918840920503538  9.069638873273806  4.456569193185323  8.189540762805031  0.738508126910913  2.894621387731825  14.257655223366024 -154.870583073354737
        0.000000006308152  3.367996209132690  16.918840920503538  9.069638873273806  4.456569193185323  8.189540762805031  0.738508126910913  2.894621344598606  14.257655435821643 -154.870583073354737
        0.000037770886037  3.367996209132690  16.918840920503538  9.069638873273806  4.456569193185323  8.189540762805031  0.738508126910913  2.894621344598606  14.257655223366024 -154.870585381106252
        0.029033096058278  3.353808848100726  23.761578195562624  14.434183894805557  1.172228260456027  0.010056118002769  1.027316447822181  2.883279489760409  14.243153954764294 -154.870586479099330
        0.025241416510349  3.356456992785737  18.933358527839374  9.983068443904287  5.078768753197610  6.114895270667929  0.783165972707408  2.901793956638090  14.243420348927499 -154.870556644464585
        0.000000016705786  3.356457042800844  18.933358527839374  9.983068443904287  5.078768753197610  6.114895270667929  0.783165972707408  2.901793956638090  14.243420348927499 -154.870556644464585
        0.000000015731963  3.356456992785737  18.933358809968400  9.983068443904287  5.078768753197610  6.114895270667929  0.783165972707408  2.901793956638090  14.243420348927499 -154.870556644464585
        0.000000002152008  3.356456992785737  18.933358527839374  9.983068592663599  5.078768753197610  6.114895270667929  0.783165972707408  2.901793956638090  14.243420348927499 -154.870556644464585
        0.000000000294305  3.356456992785737  18.933358527839374  9.983068443904287  5.078768828877162  6.114895270667929  0.783165972707408  2.901793956638090  14.243420348927499 -154.870556644464585
        0.000000001121684  3.356456992785737  18.933358527839374  9.983068443904287  5.078768753197610  6.114895361786969  0.783165972707408  2.901793956638090  14.243420348927499 -154.870556644464585
        0.000000004872176  3.356456992785737  18.933358527839374  9.983068443904287  5.078768753197610  6.114895270667929  0.783165987608569  2.901793956638090  14.243420348927499 -154.870556644464585
        0.000000009497896  3.356456992785737  18.933358527839374  9.983068443904287  5.078768753197610  6.114895270667929  0.783165972707408  2.901793999878189  14.243420348927499 -154.870556644464585
        0.000000006371315  3.356456992785737  18.933358527839374  9.983068443904287  5.078768753197610  6.114895270667929  0.783165972707408  2.901793956638090  14.243420561171002 -154.870556644464585
        0.000037771063932  3.356456992785737  18.933358527839374  9.983068443904287  5.078768753197610  6.114895270667929  0.783165972707408  2.901793956638090  14.243420348927499 -154.870558952215703
        0.002128213412246  3.355867951969547  18.926151461304716  10.102604605194523  5.061453076930794  6.098046697859291  0.777963648456560  2.910504873695321  14.232892753520709 -154.870537223106652
        0.000000016697501  3.355868001975876  18.926151461304716  10.102604605194523  5.061453076930794  6.098046697859291  0.777963648456560  2.910504873695321  14.232892753520709 -154.870537223106652
        0.000000015760880  3.355867951969547  18.926151743326351  10.102604605194523  5.061453076930794  6.098046697859291  0.777963648456560  2.910504873695321  14.232892753520709 -154.870537223106652
        0.000000002140391  3.355867951969547  18.926151461304716  10.102604755735063  5.061453076930794  6.098046697859291  0.777963648456560  2.910504873695321  14.232892753520709 -154.870537223106652
        0.000000000296433  3.355867951969547  18.926151461304716  10.102604605194523  5.061453152352323  6.098046697859291  0.777963648456560  2.910504873695321  14.232892753520709 -154.870537223106652
        0.000000001119897  3.355867951969547  18.926151461304716  10.102604605194523  5.061453076930794  6.098046788727268  0.777963648456560  2.910504873695321  14.232892753520709 -154.870537223106652
        0.000000004884414  3.355867951969547  18.926151461304716  10.102604605194523  5.061453076930794  6.098046697859291  0.777963663357721  2.910504873695321  14.232892753520709 -154.870537223106652
        0.000000009460910  3.355867951969547  18.926151461304716  10.102604605194523  5.061453076930794  6.098046697859291  0.777963648456560  2.910504917065223  14.232892753520709 -154.870537223106652
        0.000000006382408  3.355867951969547  18.926151461304716  10.102604605194523  5.061453076930794  6.098046697859291  0.777963648456560  2.910504873695321  14.232892965607338 -154.870537223106652
        0.000037771074396  3.355867951969547  18.926151461304716  10.102604605194523  5.061453076930794  6.098046697859291  0.777963648456560  2.910504873695321  14.232892753520709 -154.870539530857485
        0.000783147688003  3.344472696190689  19.853322474541937  10.601783430328183  5.542562863428873  5.565744513591969  0.778925784081616  2.939467988515055  14.210803167330447 -154.870744852372326
        0.000000016761080  3.344472746027216  19.853322474541937  10.601783430328183  5.542562863428873  5.565744513591969  0.778925784081616  2.939467988515055  14.210803167330447 -154.870744852372326
        0.000000015781576  3.344472696190689  19.853322770379496  10.601783430328183  5.542562863428873  5.565744513591969  0.778925784081616  2.939467988515055  14.210803167330447 -154.870744852372326
        0.000000002176341  3.344472696190689  19.853322474541937  10.601783588307066  5.542562863428873  5.565744513591969  0.778925784081616  2.939467988515055  14.210803167330447 -154.870744852372326
        0.000000000297824  3.344472696190689  19.853322474541937  10.601783430328183  5.542562946019496  5.565744513591969  0.778925784081616  2.939467988515055  14.210803167330447 -154.870744852372326
        0.000000000854841  3.344472696190689  19.853322474541937  10.601783430328183  5.542562863428873  5.565744596528026  0.778925784081616  2.939467988515055  14.210803167330447 -154.870744852372326
        0.000000005220829  3.344472696190689  19.853322474541937  10.601783430328183  5.542562863428873  5.565744513591969  0.778925798982777  2.939467988515055  14.210803167330447 -154.870744852372326
        0.000000009528129  3.344472696190689  19.853322474541937  10.601783430328183  5.542562863428873  5.565744513591969  0.778925784081616  2.939468032316542  14.210803167330447 -154.870744852372326
        0.000000006207260  3.344472696190689  19.853322474541937  10.601783430328183  5.542562863428873  5.565744513591969  0.778925784081616  2.939467988515055  14.210803379087915 -154.870744852372326
        0.000037771308335  3.344472696190689  19.853322474541937  10.601783430328183  5.542562863428873  5.565744513591969  0.778925784081616  2.939467988515055  14.210803167330447 -154.870747160126257
        0.000248161915978  3.364202968216771  20.575012961865284  11.363478719814751  5.222845832044877  2.726761660375854  0.831133769312383  2.930620372789515  13.645352933038010 -154.870788855132190
        0.000000016796929  3.364203018347302  20.575012961865284  11.363478719814751  5.222845832044877  2.726761660375854  0.831133769312383  2.930620372789515  13.645352933038010 -154.870788855132190
        0.000000015703898  3.364202968216771  20.575013268456868  11.363478719814751  5.222845832044877  2.726761660375854  0.831133769312383  2.930620372789515  13.645352933038010 -154.870788855132190
        0.000000002410741  3.364202968216771  20.575012961865284  11.363478889143778  5.222845832044877  2.726761660375854  0.831133769312383  2.930620372789515  13.645352933038010 -154.870788855132190
        0.000000000379629  3.364202968216771  20.575012961865284  11.363478719814751  5.222845909871345  2.726761660375854  0.831133769312383  2.930620372789515  13.645352933038010 -154.870788855132190
        0.000000000134519  3.364202968216771  20.575012961865284  11.363478719814751  5.222845832044877  2.726761701007769  0.831133769312383  2.930620372789515  13.645352933038010 -154.870788855132190
        0.000000006460957  3.364202968216771  20.575012961865284  11.363478719814751  5.222845832044877  2.726761660375854  0.831133784213544  2.930620372789515  13.645352933038010 -154.870788855132190
        0.000000009282908  3.364202968216771  20.575012961865284  11.363478719814751  5.222845832044877  2.726761660375854  0.831133769312383  2.930620416459162  13.645352933038010 -154.870788855132190
        0.000000006914213  3.364202968216771  20.575012961865284  11.363478719814751  5.222845832044877  2.726761660375854  0.831133769312383  2.930620372789515  13.645353136369614 -154.870788855132190
        0.000037771362751  3.364202968216771  20.575012961865284  11.363478719814751  5.222845832044877  2.726761660375854  0.831133769312383  2.930620372789515  13.645352933038010 -154.870791162886775
        0.000115420154499  3.365100157749461  20.577099067393803  11.368761603089160  5.245506285889759  2.712534929506159  0.830667513964583  2.928156258423308  13.649306501775950 -154.870779595207807
        0.000000016803871  3.365100207893361  20.577099067393803  11.368761603089160  5.245506285889759  2.712534929506159  0.830667513964583  2.928156258423308  13.649306501775950 -154.870779595207807
        0.000000015710541  3.365100157749461  20.577099374016473  11.368761603089160  5.245506285889759  2.712534929506159  0.830667513964583  2.928156258423308  13.649306501775950 -154.870779595207807
        0.000000002416158  3.365100157749461  20.577099067393803  11.368761772496910  5.245506285889759  2.712534929506159  0.830667513964583  2.928156258423308  13.649306501775950 -154.870779595207807
        0.000000000379478  3.365100157749461  20.577099067393803  11.368761603089160  5.245506364053893  2.712534929506159  0.830667513964583  2.928156258423308  13.649306501775950 -154.870779595207807
        0.000000000134855  3.365100157749461  20.577099067393803  11.368761603089160  5.245506285889759  2.712534969926080  0.830667513964583  2.928156258423308  13.649306501775950 -154.870779595207807
        0.000000006493147  3.365100157749461  20.577099067393803  11.368761603089160  5.245506285889759  2.712534929506159  0.830667528865744  2.928156258423308  13.649306501775950 -154.870779595207807
        0.000000009302843  3.365100157749461  20.577099067393803  11.368761603089160  5.245506285889759  2.712534929506159  0.830667513964583  2.928156302056236  13.649306501775950 -154.870779595207807
        0.000000006942524  3.365100157749461  20.577099067393803  11.368761603089160  5.245506285889759  2.712534929506159  0.830667513964583  2.928156258423308  13.649306705166467 -154.870779595207807
        0.000037771344901  3.365100157749461  20.577099067393803  11.368761603089160  5.245506285889759  2.712534929506159  0.830667513964583  2.928156258423308  13.649306501775950 -154.870781902962250
        0.000619902856932  3.390722158802330  20.939472183069544  11.886680524610085  5.079265679560957  0.000000382657797  0.875693686424279  2.912559187052426  13.020983009547562 -154.870780235323650
        0.000618962201128  3.372351817856959  20.617963676651204  11.454319151643602  5.322975102997145  2.026240242169672  0.839015219844189  2.924869746083203  13.466975427561069 -154.870782151256435
        0.000000016821530  3.372351868108917  20.617963676651204  11.454319151643602  5.322975102997145  2.026240242169672  0.839015219844189  2.924869746083203  13.466975427561069 -154.870782151256435
        0.000000015699621  3.372351817856959  20.617963983882806  11.454319151643602  5.322975102997145  2.026240242169672  0.839015219844189  2.924869746083203  13.466975427561069 -154.870782151256435
        0.000000002477109  3.372351817856959  20.617963676651204  11.454319322326258  5.322975102997145  2.026240242169672  0.839015219844189  2.924869746083203  13.466975427561069 -154.870782151256435
        0.000000000390813  3.372351817856959  20.617963676651204  11.454319151643602  5.322975182315655  2.026240242169672  0.839015219844189  2.924869746083203  13.466975427561069 -154.870782151256435
        0.000000000267991  3.372351817856959  20.617963676651204  11.454319151643602  5.322975102997145  2.026240272363005  0.839015219844189  2.924869746083203  13.466975427561069 -154.870782151256435
        0.000000006856721  3.372351817856959  20.617963676651204  11.454319151643602  5.322975102997145  2.026240242169672  0.839015234745351  2.924869746083203  13.466975427561069 -154.870782151256435
        0.000000009253320  3.372351817856959  20.617963676651204  11.454319151643602  5.322975102997145  2.026240242169672  0.839015219844189  2.924869789667159  13.466975427561069 -154.870782151256435
        0.000000007164341  3.372351817856959  20.617963676651204  11.454319151643602  5.322975102997145  2.026240242169672  0.839015219844189  2.924869746083203  13.466975628234641 -154.870782151256435
        0.000037771350210  3.372351817856959  20.617963676651204  11.454319151643602  5.322975102997145  2.026240242169672  0.839015219844189  2.924869746083203  13.466975427561069 -154.870784459010935
        0.000161706635239  3.379837772470891  21.098369208859207  11.896075686178520  5.284961767104999  0.791632269956392  0.861083550898648  2.914855083212297  13.309207594239295 -154.870765419354058
        0.000000016807650  3.379837822834398  21.098369208859207  11.896075686178520  5.284961767104999  0.791632269956392  0.861083550898648  2.914855083212297  13.309207594239295 -154.870765419354058
        0.000000015652311  3.379837772470891  21.098369523249406  11.896075686178520  5.284961767104999  0.791632269956392  0.861083550898648  2.914855083212297  13.309207594239295 -154.870765419354058
        0.000000002603921  3.379837772470891  21.098369208859207  11.896075863443862  5.284961767104999  0.791632269956392  0.861083550898648  2.914855083212297  13.309207594239295 -154.870765419354058
        0.000000000439153  3.379837772470891  21.098369208859207  11.896075686178520  5.284961845857066  0.791632269956392  0.861083550898648  2.914855083212297  13.309207594239295 -154.870765419354058
        0.000000000596642  3.379837772470891  21.098369208859207  11.896075686178520  5.284961767104999  0.791632284857554  0.861083550898648  2.914855083212297  13.309207594239295 -154.870765419354058
        0.000000007427314  3.379837772470891  21.098369208859207  11.896075686178520  5.284961767104999  0.791632269956392  0.861083565799809  2.914855083212297  13.309207594239295 -154.870765419354058
        0.000000009208507  3.379837772470891  21.098369208859207  11.896075686178520  5.284961767104999  0.791632269956392  0.861083550898648  2.914855126647022  13.309207594239295 -154.870765419354058
        0.000000007494487  3.379837772470891  21.098369208859207  11.896075686178520  5.284961767104999  0.791632269956392  0.861083550898648  2.914855083212297  13.309207792561942 -154.870765419354058
        0.000037771333524  3.379837772470891  21.098369208859207  11.896075686178520  5.284961767104999  0.791632269956392  0.861083550898648  2.914855083212297  13.309207594239295 -154.870767727108301
        0.000058845314876  3.380021410565741  21.094752776280515  11.894946334890014  5.290635698031019  0.785183121595697  0.860693419586400  2.914873240636127  13.303086847327547 -154.870768194305015
        0.000000016805856  3.380021460931985  21.094752776280515  11.894946334890014  5.290635698031019  0.785183121595697  0.860693419586400  2.914873240636127  13.303086847327547 -154.870768194305015
        0.000000015651603  3.380021410565741  21.094753090616827  11.894946334890014  5.290635698031019  0.785183121595697  0.860693419586400  2.914873240636127  13.303086847327547 -154.870768194305015
        0.000000002604291  3.380021410565741  21.094752776280515  11.894946512138526  5.290635698031019  0.785183121595697  0.860693419586400  2.914873240636127  13.303086847327547 -154.870768194305015
        0.000000000438683  3.380021410565741  21.094752776280515  11.894946334890014  5.290635776867634  0.785183121595697  0.860693419586400  2.914873240636127  13.303086847327547 -154.870768194305015
        0.000000000597608  3.380021410565741  21.094752776280515  11.894946334890014  5.290635698031019  0.785183136496858  0.860693419586400  2.914873240636127  13.303086847327547 -154.870768194305015
        0.000000007433168  3.380021410565741  21.094752776280515  11.894946334890014  5.290635698031019  0.785183121595697  0.860693434487561  2.914873240636127  13.303086847327547 -154.870768194305015
        0.000000009208758  3.380021410565741  21.094752776280515  11.894946334890014  5.290635698031019  0.785183121595697  0.860693419586400  2.914873284071123  13.303086847327547 -154.870768194305015
        0.000000007498884  3.380021410565741  21.094752776280515  11.894946334890014  5.290635698031019  0.785183121595697  0.860693419586400  2.914873240636127  13.303087045558989 -154.870768194305015
        0.000037771335071  3.380021410565741  21.094752776280515  11.894946334890014  5.290635698031019  0.785183121595697  0.860693419586400  2.914873240636127  13.303086847327547 -154.870770502059287
        0.000260962209929  3.375901285113112  21.947831713203680  12.479780691815012  5.466558736035411  0.000000013883740  0.872897202479874  2.910312869018849  13.393290739229618 -154.870772762225499
        0.000233825707215  3.383561526798780  21.095616167601762  11.932580220486335  5.307577054806801  0.483925576296844  0.864406165397119  2.913601080124952  13.213060288804597 -154.870772708169710
        0.000000016815935  3.383561577217776  21.095616167601762  11.932580220486335  5.307577054806801  0.483925576296844  0.864406165397119  2.913601080124952  13.213060288804597 -154.870772708169710
        0.000000015647383  3.383561526798780  21.095616481950938  11.932580220486335  5.307577054806801  0.483925576296844  0.864406165397119  2.913601080124952  13.213060288804597 -154.870772708169710
        0.000000002633460  3.383561526798780  21.095616167601762  11.932580398295636  5.307577054806801  0.483925576296844  0.864406165397119  2.913601080124952  13.213060288804597 -154.870772708169710
        0.000000000445955  3.383561526798780  21.095616167601762  11.932580220486335  5.307577133895863  0.483925576296844  0.864406165397119  2.913601080124952  13.213060288804597 -154.870772708169710
        0.000000000610414  3.383561526798780  21.095616167601762  11.932580220486335  5.307577054806801  0.483925591198005  0.864406165397119  2.913601080124952  13.213060288804597 -154.870772708169710
        0.000000007504238  3.383561526798780  21.095616167601762  11.932580220486335  5.307577054806801  0.483925576296844  0.864406180298281  2.913601080124952  13.213060288804597 -154.870772708169710
        0.000000009177401  3.383561526798780  21.095616167601762  11.932580220486335  5.307577054806801  0.483925576296844  0.864406165397119  2.913601123540992  13.213060288804597 -154.870772708169710
        0.000000007604412  3.383561526798780  21.095616167601762  11.932580220486335  5.307577054806801  0.483925576296844  0.864406165397119  2.913601080124952  13.213060485694538 -154.870772708169710
        0.000037771340680  3.383561526798780  21.095616167601762  11.932580220486335  5.307577054806801  0.483925576296844  0.864406165397119  2.913601080124952  13.213060288804597 -154.870775015924067
        0.000039782877208  3.388880229731887  21.139742263795789  12.023488819707735  5.284821134558664  0.000050658404672  0.872076870694233  2.909746770612976  13.094373069087291 -154.870767770700951
        0.000000016821155  3.388880280230137  21.139742263795789  12.023488819707735  5.284821134558664  0.000050658404672  0.872076870694233  2.909746770612976  13.094373069087291 -154.870767770700951
        0.000000015635136  3.388880229731887  21.139742578802498  12.023488819707735  5.284821134558664  0.000050658404672  0.872076870694233  2.909746770612976  13.094373069087291 -154.870767770700951
        0.000000002685116  3.388880229731887  21.139742263795789  12.023488998871681  5.284821134558664  0.000050658404672  0.872076870694233  2.909746770612976  13.094373069087291 -154.870767770700951
        0.000000000464721  3.388880229731887  21.139742263795789  12.023488819707735  5.284821213308636  0.000050658404672  0.872076870694233  2.909746770612976  13.094373069087291 -154.870767770700951
        0.000000000623539  3.388880229731887  21.139742263795789  12.023488819707735  5.284821134558664  0.000050673305833  0.872076870694233  2.909746770612976  13.094373069087291 -154.870767770700951
        0.000000007610685  3.388880229731887  21.139742263795789  12.023488819707735  5.284821134558664  0.000050658404672  0.872076885595395  2.909746770612976  13.094373069087291 -154.870767770700951
        0.000000009128634  3.388880229731887  21.139742263795789  12.023488819707735  5.284821134558664  0.000050658404672  0.872076870694233  2.909746813971582  13.094373069087291 -154.870767770700951
        0.000000007775958  3.388880229731887  21.139742263795789  12.023488819707735  5.284821134558664  0.000050658404672  0.872076870694233  2.909746770612976  13.094373264208656 -154.870767770700951
        0.000037771336002  3.388880229731887  21.139742263795789  12.023488819707735  5.284821134558664  0.000050658404672  0.872076870694233  2.909746770612976  13.094373069087291 -154.870770078455223
        0.000060595327495  3.388886007598802  21.139873733132536  12.023648294334542  5.284792077005192  0.000565546237048  0.872087238456427  2.909741162432106  13.094253055809812 -154.870767759080763
        0.000000016822371  3.388886058097139  21.139873733132536  12.023648294334542  5.284792077005192  0.000565546237048  0.872087238456427  2.909741162432106  13.094253055809812 -154.870767759080763
        0.000000015635571  3.388886007598802  21.139874048141202  12.023648294334542  5.284792077005192  0.000565546237048  0.872087238456427  2.909741162432106  13.094253055809812 -154.870767759080763
        0.000000002685185  3.388886007598802  21.139873733132536  12.023648473500863  5.284792077005192  0.000565546237048  0.872087238456427  2.909741162432106  13.094253055809812 -154.870767759080763
        0.000000000464780  3.388886007598802  21.139873733132536  12.023648294334542  5.284792155754730  0.000565546237048  0.872087238456427  2.909741162432106  13.094253055809812 -154.870767759080763
        0.000000000623539  3.388886007598802  21.139873733132536  12.023648294334542  5.284792077005192  0.000565561138209  0.872087238456427  2.909741162432106  13.094253055809812 -154.870767759080763
        0.000000007610823  3.388886007598802  21.139873733132536  12.023648294334542  5.284792077005192  0.000565546237048  0.872087253357588  2.909741162432106  13.094253055809812 -154.870767759080763
        0.000000009128922  3.388886007598802  21.139873733132536  12.023648294334542  5.284792077005192  0.000565546237048  0.872087238456427  2.909741205790628  13.094253055809812 -154.870767759080763
        0.000000007775903  3.388886007598802  21.139873733132536  12.023648294334542  5.284792077005192  0.000565546237048  0.872087238456427  2.909741162432106  13.094253250929388 -154.870767759080763
        0.000037771335984  3.388886007598802  21.139873733132536  12.023648294334542  5.284792077005192  0.000565546237048  0.872087238456427  2.909741162432106  13.094253055809812 -154.870770066835036
        0.000037575719146  3.385612332179121  21.342185406792307  12.139284505021548  5.343498229531873  0.000097095587793  0.871883302516106  2.909787397454425  13.169803224725074 -154.870768204886218
        0.000000016802186  3.385612382628676  21.342185406792307  12.139284505021548  5.343498229531873  0.000097095587793  0.871883302516106  2.909787397454425  13.169803224725074 -154.870768204886218
        0.000000015626338  3.385612332179121  21.342185724815653  12.139284505021548  5.343498229531873  0.000097095587793  0.871883302516106  2.909787397454425  13.169803224725074 -154.870768204886218
        0.000000002684869  3.385612332179121  21.342185406792307  12.139284685910983  5.343498229531873  0.000097095587793  0.871883302516106  2.909787397454425  13.169803224725074 -154.870768204886218
        0.000000000463983  3.385612332179121  21.342185406792307  12.139284505021548  5.343498309156201  0.000097095587793  0.871883302516106  2.909787397454425  13.169803224725074 -154.870768204886218
        0.000000000627854  3.385612332179121  21.342185406792307  12.139284505021548  5.343498229531873  0.000097110488954  0.871883302516106  2.909787397454425  13.169803224725074 -154.870768204886218
        0.000000007616429  3.385612332179121  21.342185406792307  12.139284505021548  5.343498229531873  0.000097095587793  0.871883317417267  2.909787397454425  13.169803224725074 -154.870768204886218
        0.000000009179908  3.385612332179121  21.342185406792307  12.139284505021548  5.343498229531873  0.000097095587793  0.871883302516106  2.909787440813636  13.169803224725074 -154.870768204886218
        0.000000007722142  3.385612332179121  21.342185406792307  12.139284505021548  5.343498229531873  0.000097095587793  0.871883302516106  2.909787397454425  13.169803420970435 -154.870768204886218
        0.000037771336352  3.385612332179121  21.342185406792307  12.139284505021548  5.343498229531873  0.000097095587793  0.871883302516106  2.909787397454425  13.169803224725074 -154.870770512640490
        0.000041241627900  3.385324971298568  21.360936767520801  12.150241422029900  5.348932718875223  0.000061003046037  0.871861325008646  2.909789221096273  13.176657314501588 -154.870768368865299
        0.000000016801193  3.385325021743842  21.360936767520801  12.150241422029900  5.348932718875223  0.000061003046037  0.871861325008646  2.909789221096273  13.176657314501588 -154.870768368865299
        0.000000015625955  3.385324971298568  21.360937085823565  12.150241422029900  5.348932718875223  0.000061003046037  0.871861325008646  2.909789221096273  13.176657314501588 -154.870768368865299
        0.000000002684953  3.385324971298568  21.360936767520801  12.150241603082605  5.348932718875223  0.000061003046037  0.871861325008646  2.909789221096273  13.176657314501588 -154.870768368865299
        0.000000000463955  3.385324971298568  21.360936767520801  12.150241422029900  5.348932798580532  0.000061003046037  0.871861325008646  2.909789221096273  13.176657314501588 -154.870768368865299
        0.000000000628228  3.385324971298568  21.360936767520801  12.150241422029900  5.348932718875223  0.000061017947198  0.871861325008646  2.909789221096273  13.176657314501588 -154.870768368865299
        0.000000007617314  3.385324971298568  21.360936767520801  12.150241422029900  5.348932718875223  0.000061003046037  0.871861339909807  2.909789221096273  13.176657314501588 -154.870768368865299
        0.000000009184831  3.385324971298568  21.360936767520801  12.150241422029900  5.348932718875223  0.000061003046037  0.871861325008646  2.909789264455512  13.176657314501588 -154.870768368865299
        0.000000007717543  3.385324971298568  21.360936767520801  12.150241422029900  5.348932718875223  0.000061003046037  0.871861325008646  2.909789221096273  13.176657510849083 -154.870768368865299
        0.000037771336258  3.385324971298568  21.360936767520801  12.150241422029900  5.348932718875223  0.000061003046037  0.871861325008646  2.909789221096273  13.176657314501588 -154.870770676619571
        0.000036972482436  3.385681230292443  21.339585768779244  12.138423153628576  5.349484871925099  0.000048214146399  0.871704380953408  2.909823987007992  13.168199308696781 -154.870768822423628
        0.000000016804244  3.385681280743025  21.339585768779244  12.138423153628576  5.349484871925099  0.000048214146399  0.871704380953408  2.909823987007992  13.168199308696781 -154.870768822423628
        0.000000015627538  3.385681230292443  21.339586086763852  12.138423153628576  5.349484871925099  0.000048214146399  0.871704380953408  2.909823987007992  13.168199308696781 -154.870768822423628
        0.000000002684805  3.385681230292443  21.339585768779244  12.138423334505177  5.349484871925099  0.000048214146399  0.871704380953408  2.909823987007992  13.168199308696781 -154.870768822423628
        0.000000000463405  3.385681230292443  21.339585768779244  12.138423153628576  5.349484951638635  0.000048214146399  0.871704380953408  2.909823987007992  13.168199308696781 -154.870768822423628
        0.000000000628859  3.385681230292443  21.339585768779244  12.138423153628576  5.349484871925099  0.000048229047560  0.871704380953408  2.909823987007992  13.168199308696781 -154.870768822423628
        0.000000007619158  3.385681230292443  21.339585768779244  12.138423153628576  5.349484871925099  0.000048214146399  0.871704395854569  2.909823987007992  13.168199308696781 -154.870768822423628
        0.000000009181378  3.385681230292443  21.339585768779244  12.138423153628576  5.349484871925099  0.000048214146399  0.871704380953408  2.909824030367748  13.168199308696781 -154.870768822423628
        0.000000007723467  3.385681230292443  21.339585768779244  12.138423153628576  5.349484871925099  0.000048214146399  0.871704380953408  2.909823987007992  13.168199504918242 -154.870768822423628
        0.000037771336821  3.385681230292443  21.339585768779244  12.138423153628576  5.349484871925099  0.000048214146399  0.871704380953408  2.909823987007992  13.168199308696781 -154.870771130177928
2022-08-17 18:35:52.493567
