/projects/wagner/highthroughput/mick_graphene_paper/3_data/kc_fitting_dft
2022-08-18 07:58:30.307719
energy_inf: -154.89183204249554
     2536.019385218373827  3.416084000000000  20.021583000000000  10.905510700000001  4.275635400000000  0.010010836000000  0.844712200000000  2.936058400000000  14.313258800000000 -154.891832042495537
        0.000000018717218  3.416084050903618  20.021583000000000  10.905510700000001  4.275635400000000  0.010010836000000  0.844712200000000  2.936058400000000  14.313258800000000 -154.891832042495537
        0.000000019282189  3.416084000000000  20.021583298344837  10.905510700000001  4.275635400000000  0.010010836000000  0.844712200000000  2.936058400000000  14.313258800000000 -154.891832042495537
        0.000000002760085  3.416084000000000  20.021583000000000  10.905510862504773  4.275635400000000  0.010010836000000  0.844712200000000  2.936058400000000  14.313258800000000 -154.891832042495537
        0.000000000499340  3.416084000000000  20.021583000000000  10.905510700000001  4.275635463711932  0.010010836000000  0.844712200000000  2.936058400000000  14.313258800000000 -154.891832042495537
        0.000000000455390  3.416084000000000  20.021583000000000  10.905510700000001  4.275635400000000  0.010010850901161  0.844712200000000  2.936058400000000  14.313258800000000 -154.891832042495537
        0.000000007626080  3.416084000000000  20.021583000000000  10.905510700000001  4.275635400000000  0.010010836000000  0.844712214901161  2.936058400000000  14.313258800000000 -154.891832042495537
        0.000000008542471  3.416084000000000  20.021583000000000  10.905510700000001  4.275635400000000  0.010010836000000  0.844712200000000  2.936058443750679  14.313258800000000 -154.891832042495537
        0.000000009622645  3.416084000000000  20.021583000000000  10.905510700000001  4.275635400000000  0.010010836000000  0.844712200000000  2.936058400000000  14.313259013284176 -154.891832042495537
        0.000037775266475  3.416084000000000  20.021583000000000  10.905510700000001  4.275635400000000  0.010010836000000  0.844712200000000  2.936058400000000  14.313258800000000 -154.891834350563698
        0.086204717468800  3.315232113871954  12.561736724808128  6.112299383592664  8.788821662318735  13.205292111093126  0.393190723952564  2.939927979020698  14.172013388071663 -154.891549734745297
        0.000000014770726  3.315232163272762  12.561736724808128  6.112299383592664  8.788821662318735  13.205292111093126  0.393190723952564  2.939927979020698  14.172013388071663 -154.891549734745297
        0.000000014517422  3.315232113871954  12.561736911992591  6.112299383592664  8.788821662318735  13.205292111093126  0.393190723952564  2.939927979020698  14.172013388071663 -154.891549734745297
        0.000000001273791  3.315232113871954  12.561736724808128  6.112299474673023  8.788821662318735  13.205292111093126  0.393190723952564  2.939927979020698  14.172013388071663 -154.891549734745297
        0.000000000370629  3.315232113871954  12.561736724808128  6.112299383592664  8.788821793282384  13.205292111093126  0.393190723952564  2.939927979020698  14.172013388071663 -154.891549734745297
        0.000000003172572  3.315232113871954  12.561736724808128  6.112299383592664  8.788821662318735  13.205292307867312  0.393190723952564  2.939927979020698  14.172013388071663 -154.891549734745297
        0.000000003847495  3.315232113871954  12.561736724808128  6.112299383592664  8.788821662318735  13.205292111093126  0.393190738853725  2.939927979020698  14.172013388071663 -154.891549734745297
        0.000000008740993  3.315232113871954  12.561736724808128  6.112299383592664  8.788821662318735  13.205292111093126  0.393190723952564  2.939928022829038  14.172013388071663 -154.891549734745297
        0.000000004363168  3.315232113871954  12.561736724808128  6.112299383592664  8.788821662318735  13.205292111093126  0.393190723952564  2.939927979020698  14.172013599251120 -154.891549734745297
        0.000037776828527  3.315232113871954  12.561736724808128  6.112299383592664  8.788821662318735  13.205292111093126  0.393190723952564  2.939927979020698  14.172013388071663 -154.891552042809252
        0.041595790371756  3.257016547488146  12.899018693223926  6.715267115915024  9.649548440888870  13.011176484062645  0.430216727804152  2.842437042131795  16.077627454626565 -154.891216793356477
        0.000000016329824  3.257016596021475  12.899018693223926  6.715267115915024  9.649548440888870  13.011176484062645  0.430216727804152  2.842437042131795  16.077627454626565 -154.891216793356477
        0.000000016631917  3.257016547488146  12.899018885434282  6.715267115915024  9.649548440888870  13.011176484062645  0.430216727804152  2.842437042131795  16.077627454626565 -154.891216793356477
        0.000000001106234  3.257016547488146  12.899018693223926  6.715267215980302  9.649548440888870  13.011176484062645  0.430216727804152  2.842437042131795  16.077627454626565 -154.891216793356477
        0.000000000401089  3.257016547488146  12.899018693223926  6.715267115915024  9.649548584678346  13.011176484062645  0.430216727804152  2.842437042131795  16.077627454626565 -154.891216793356477
        0.000000002664600  3.257016547488146  12.899018693223926  6.715267115915024  9.649548440888870  13.011176677944283  0.430216727804152  2.842437042131795  16.077627454626565 -154.891216793356477
        0.000000003103878  3.257016547488146  12.899018693223926  6.715267115915024  9.649548440888870  13.011176484062645  0.430216742705313  2.842437042131795  16.077627454626565 -154.891216793356477
        0.000000008174551  3.257016547488146  12.899018693223926  6.715267115915024  9.649548440888870  13.011176484062645  0.430216727804152  2.842437084487407  16.077627454626565 -154.891216793356477
        0.000000004200349  3.257016547488146  12.899018693223926  6.715267115915024  9.649548440888870  13.011176484062645  0.430216727804152  2.842437042131795  16.077627694201883 -154.891216793356477
        0.000037776590503  3.257016547488146  12.899018693223926  6.715267115915024  9.649548440888870  13.011176484062645  0.430216727804152  2.842437042131795  16.077627454626565 -154.891219101415459
        0.009426164403171  3.252793730237558  15.439025583474116  7.523396621268541  10.774124141163387  12.354530617014545  0.470374601186995  2.834203708785309  17.210576562329084 -154.890050803113070
        0.000000018034159  3.252793778707962  15.439025583474116  7.523396621268541  10.774124141163387  12.354530617014545  0.470374601186995  2.834203708785309  17.210576562329084 -154.890050803113070
        0.000000018487070  3.252793730237558  15.439025813533526  7.523396621268541  10.774124141163387  12.354530617014545  0.470374601186995  2.834203708785309  17.210576562329084 -154.890050803113070
        0.000000001307394  3.252793730237558  15.439025583474116  7.523396733375886  10.774124141163387  12.354530617014545  0.470374601186995  2.834203708785309  17.210576562329084 -154.890050803113070
        0.000000000474667  3.252793730237558  15.439025583474116  7.523396621268541  10.774124301710348  12.354530617014545  0.470374601186995  2.834203708785309  17.210576562329084 -154.890050803113070
        0.000000002402258  3.252793730237558  15.439025583474116  7.523396621268541  10.774124141163387  12.354530801111396  0.470374601186995  2.834203708785309  17.210576562329084 -154.890050803113070
        0.000000002917060  3.252793730237558  15.439025583474116  7.523396621268541  10.774124141163387  12.354530617014545  0.470374616088157  2.834203708785309  17.210576562329084 -154.890050803113070
        0.000000008361615  3.252793730237558  15.439025583474116  7.523396621268541  10.774124141163387  12.354530617014545  0.470374601186995  2.834203751018235  17.210576562329084 -154.890050803113070
        0.000000004758758  3.252793730237558  15.439025583474116  7.523396621268541  10.774124141163387  12.354530617014545  0.470374601186995  2.834203708785309  17.210576818786659 -154.890050803113070
        0.000037775811148  3.252793730237558  15.439025583474116  7.523396621268541  10.774124141163387  12.354530617014545  0.470374601186995  2.834203708785309  17.210576562329084 -154.890053111154685
        0.007933830293129  3.230947363423076  19.507630415684027  7.657706612975234  11.359086820659471  11.095070048031864  0.526938223211341  2.989152327646145  17.789204372273296 -154.888957078791464
        0.000000019098101  3.230947411567944  19.507630415684027  7.657706612975234  11.359086820659471  11.095070048031864  0.526938223211341  2.989152327646145  17.789204372273296 -154.888957078791464
        0.000000019599982  3.230947363423076  19.507630706370371  7.657706612975234  11.359086820659471  11.095070048031864  0.526938223211341  2.989152327646145  17.789204372273296 -154.888957078791464
        0.000000001537934  3.230947363423076  19.507630415684027  7.657706727083955  11.359086820659471  11.095070048031864  0.526938223211341  2.989152327646145  17.789204372273296 -154.888957078791464
        0.000000000482170  3.230947363423076  19.507630415684027  7.657706612975234  11.359086989923055  11.095070048031864  0.526938223211341  2.989152327646145  17.789204372273296 -154.888957078791464
        0.000000001749859  3.230947363423076  19.507630415684027  7.657706612975234  11.359086820659471  11.095070213361291  0.526938223211341  2.989152327646145  17.789204372273296 -154.888957078791464
        0.000000002706711  3.230947363423076  19.507630415684027  7.657706612975234  11.359086820659471  11.095070048031864  0.526938238112502  2.989152327646145  17.789204372273296 -154.888957078791464
        0.000000008176450  3.230947363423076  19.507630415684027  7.657706612975234  11.359086820659471  11.095070048031864  0.526938223211341  2.989152372187986  17.789204372273296 -154.888957078791464
        0.000000005044350  3.230947363423076  19.507630415684027  7.657706612975234  11.359086820659471  11.095070048031864  0.526938223211341  2.989152327646145  17.789204637353098 -154.888957078791464
        0.000037775606615  3.230947363423076  19.507630415684027  7.657706612975234  11.359086820659471  11.095070048031864  0.526938223211341  2.989152327646145  17.789204372273296 -154.888959386816794
        0.003445154236878  3.225021009844127  20.941627478437866  8.105425594455793  12.021408829092973  10.586785838086687  0.538794569797676  2.983365006738562  18.152243590388462 -154.888869149550061
        0.000000019513110  3.225021057900685  20.941627478437866  8.105425594455793  12.021408829092973  10.586785838086687  0.538794569797676  2.983365006738562  18.152243590388462 -154.888869149550061
        0.000000020077303  3.225021009844127  20.941627790492433  8.105425594455793  12.021408829092973  10.586785838086687  0.538794569797676  2.983365006738562  18.152243590388462 -154.888869149550061
        0.000000001623000  3.225021009844127  20.941627478437866  8.105425715236047  12.021408829092973  10.586785838086687  0.538794569797676  2.983365006738562  18.152243590388462 -154.888869149550061
        0.000000000504359  3.225021009844127  20.941627478437866  8.105425594455793  12.021409008225923  10.586785838086687  0.538794569797676  2.983365006738562  18.152243590388462 -154.888869149550061
        0.000000001583881  3.225021009844127  20.941627478437866  8.105425594455793  12.021408829092973  10.586785995842089  0.538794569797676  2.983365006738562  18.152243590388462 -154.888869149550061
        0.000000002978208  3.225021009844127  20.941627478437866  8.105425594455793  12.021408829092973  10.586785838086687  0.538794584698837  2.983365006738562  18.152243590388462 -154.888869149550061
        0.000000008439682  3.225021009844127  20.941627478437866  8.105425594455793  12.021408829092973  10.586785838086687  0.538794569797676  2.983365051194165  18.152243590388462 -154.888869149550061
        0.000000005150542  3.225021009844127  20.941627478437866  8.105425594455793  12.021408829092973  10.586785838086687  0.538794569797676  2.983365006738562  18.152243860877970 -154.888869149550061
        0.000037775507256  3.225021009844127  20.941627478437866  8.105425594455793  12.021408829092973  10.586785838086687  0.538794569797676  2.983365006738562  18.152243590388462 -154.888871457574055
        0.008289291793218  3.081087438122630  33.008423862025353  11.093309734662885  17.056286235759252  9.558898536428263  0.618102693989994  3.200474462369469  20.748335831100036 -154.890007025483385
        0.006500444220050  3.193037105827981  24.575717856107872  8.482058271447787  13.182431897817647  8.830650670447135  0.580539951103588  3.084543244338962  18.191617562106970 -154.889376909435555
        0.000000019242947  3.193037153407942  24.575717856107872  8.482058271447787  13.182431897817647  8.830650670447135  0.580539951103588  3.084543244338962  18.191617562106970 -154.889376909435555
        0.000000019835788  3.193037105827981  24.575718222314606  8.482058271447787  13.182431897817647  8.830650670447135  0.580539951103588  3.084543244338962  18.191617562106970 -154.889376909435555
        0.000000001723431  3.193037105827981  24.575717856107872  8.482058397840305  13.182431897817647  8.830650670447135  0.580539951103588  3.084543244338962  18.191617562106970 -154.889376909435555
        0.000000000517794  3.193037105827981  24.575717856107872  8.482058271447787  13.182432094251190  8.830650670447135  0.580539951103588  3.084543244338962  18.191617562106970 -154.889376909435555
        0.000000000971976  3.193037105827981  24.575717856107872  8.482058271447787  13.182431897817647  8.830650802034084  0.580539951103588  3.084543244338962  18.191617562106970 -154.889376909435555
        0.000000003589821  3.193037105827981  24.575717856107872  8.482058271447787  13.182431897817647  8.830650670447135  0.580539966004749  3.084543244338962  18.191617562106970 -154.889376909435555
        0.000000008486918  3.193037105827981  24.575717856107872  8.482058271447787  13.182431897817647  8.830650670447135  0.580539951103588  3.084543290302238  18.191617562106970 -154.889376909435555
        0.000000004884624  3.193037105827981  24.575717856107872  8.482058271447787  13.182431897817647  8.830650670447135  0.580539951103588  3.084543244338962  18.191617833183194 -154.889376909435555
        0.000037776106064  3.193037105827981  24.575717856107872  8.482058271447787  13.182431897817647  8.830650670447135  0.580539951103588  3.084543244338962  18.191617562106970 -154.889379217467138
        0.002408327776099  3.192822908755955  25.056265013258376  8.855282582702728  13.750037257589483  8.458613235423982  0.573624987606931  3.093120654864800  18.166340827865042 -154.889398861456584
        0.000000019443951  3.192822956332724  25.056265013258376  8.855282582702728  13.750037257589483  8.458613235423982  0.573624987606931  3.093120654864800  18.166340827865042 -154.889398861456584
        0.000000020046673  3.192822908755955  25.056265386625821  8.855282582702728  13.750037257589483  8.458613235423982  0.573624987606931  3.093120654864800  18.166340827865042 -154.889398861456584
        0.000000001752468  3.192822908755955  25.056265013258376  8.855282714656720  13.750037257589483  8.458613235423982  0.573624987606931  3.093120654864800  18.166340827865042 -154.889398861456584
        0.000000000535135  3.192822908755955  25.056265013258376  8.855282582702728  13.750037462481005  8.458613235423982  0.573624987606931  3.093120654864800  18.166340827865042 -154.889398861456584
        0.000000000912053  3.192822908755955  25.056265013258376  8.855282582702728  13.750037257589483  8.458613361467142  0.573624987606931  3.093120654864800  18.166340827865042 -154.889398861456584
        0.000000003751443  3.192822908755955  25.056265013258376  8.855282582702728  13.750037257589483  8.458613235423982  0.573625002508092  3.093120654864800  18.166340827865042 -154.889398861456584
        0.000000008469629  3.192822908755955  25.056265013258376  8.855282582702728  13.750037257589483  8.458613235423982  0.573624987606931  3.093120700955889  18.166340827865042 -154.889398861456584
        0.000000004963927  3.192822908755955  25.056265013258376  8.855282582702728  13.750037257589483  8.458613235423982  0.573624987606931  3.093120654864800  18.166341098564615 -154.889398861456584
        0.000037776125504  3.192822908755955  25.056265013258376  8.855282582702728  13.750037257589483  8.458613235423982  0.573624987606931  3.093120654864800  18.166340827865042 -154.889401169488480
        0.001118473731339  3.199794350179286  25.132179086364069  8.854676953503933  13.773248115533915  7.063156082935322  0.581511401386812  3.143007973965184  17.434253575424048 -154.889662890516092
        0.000000019225047  3.199794397859937  25.132179086364069  8.854676953503933  13.773248115533915  7.063156082935322  0.581511401386812  3.143007973965184  17.434253575424048 -154.889662890516092
        0.000000019808636  3.199794350179286  25.132179460862719  8.854676953503933  13.773248115533915  7.063156082935322  0.581511401386812  3.143007973965184  17.434253575424048 -154.889662890516092
        0.000000001790343  3.199794350179286  25.132179086364069  8.854677085448902  13.773248115533915  7.063156082935322  0.581511401386812  3.143007973965184  17.434253575424048 -154.889662890516092
        0.000000000545862  3.199794350179286  25.132179086364069  8.854676953503933  13.773248320771305  7.063156082935322  0.581511401386812  3.143007973965184  17.434253575424048 -154.889662890516092
        0.000000000698549  3.199794350179286  25.132179086364069  8.854676953503933  13.773248115533915  7.063156188184549  0.581511401386812  3.143007973965184  17.434253575424048 -154.889662890516092
        0.000000004075680  3.199794350179286  25.132179086364069  8.854676953503933  13.773248115533915  7.063156082935322  0.581511416287973  3.143007973965184  17.434253575424048 -154.889662890516092
        0.000000008226523  3.199794350179286  25.132179086364069  8.854676953503933  13.773248115533915  7.063156082935322  0.581511401386812  3.143008020799652  17.434253575424048 -154.889662890516092
        0.000000005092267  3.199794350179286  25.132179086364069  8.854676953503933  13.773248115533915  7.063156082935322  0.581511401386812  3.143007973965184  17.434253835214673 -154.889662890516092
        0.000037776411035  3.199794350179286  25.132179086364069  8.854676953503933  13.773248115533915  7.063156082935322  0.581511401386812  3.143007973965184  17.434253575424048 -154.889665198551938
        0.000847458187560  3.179713809920715  27.478801664586037  9.111143005580775  15.238174837755794  6.173763743017111  0.593068013503398  3.191973485135494  17.673036812106407 -154.889895336178370
        0.000000019207988  3.179713857302143  27.478801664586037  9.111143005580775  15.238174837755794  6.173763743017111  0.593068013503398  3.191973485135494  17.673036812106407 -154.889895336178370
        0.000000019802208  3.179713809920715  27.478802074052091  9.111143005580775  15.238174837755794  6.173763743017111  0.593068013503398  3.191973485135494  17.673036812106407 -154.889895336178370
        0.000000001834923  3.179713809920715  27.478801664586037  9.111143141347386  15.238174837755794  6.173763743017111  0.593068013503398  3.191973485135494  17.673036812106407 -154.889895336178370
        0.000000000587557  3.179713809920715  27.478801664586037  9.111143005580775  15.238175064822293  6.173763743017111  0.593068013503398  3.191973485135494  17.673036812106407 -154.889895336178370
        0.000000000524929  3.179713809920715  27.478801664586037  9.111143005580775  15.238174837755794  6.173763835013360  0.593068013503398  3.191973485135494  17.673036812106407 -154.889895336178370
        0.000000004421253  3.179713809920715  27.478801664586037  9.111143005580775  15.238174837755794  6.173763743017111  0.593068028404559  3.191973485135494  17.673036812106407 -154.889895336178370
        0.000000008314967  3.179713809920715  27.478801664586037  9.111143005580775  15.238174837755794  6.173763743017111  0.593068013503398  3.191973532699606  17.673036812106407 -154.889895336178370
        0.000000004928034  3.179713809920715  27.478801664586037  9.111143005580775  15.238174837755794  6.173763743017111  0.593068013503398  3.191973485135494  17.673037075455177 -154.889895336178370
        0.000037776652756  3.179713809920715  27.478801664586037  9.111143005580775  15.238174837755794  6.173763743017111  0.593068013503398  3.191973485135494  17.673036812106407 -154.889897644217655
        0.000612691121994  3.165131516967378  29.482393527709043  9.095497812724139  16.797029783605584  5.389789966198520  0.599592018245120  3.220418317906927  17.895642208558872 -154.890048273697971
        0.000000019221010  3.165131564131513  29.482393527709043  9.095497812724139  16.797029783605584  5.389789966198520  0.599592018245120  3.220418317906927  17.895642208558872 -154.890048273697971
        0.000000019829679  3.165131516967378  29.482393967030941  9.095497812724139  16.797029783605584  5.389789966198520  0.599592018245120  3.220418317906927  17.895642208558872 -154.890048273697971
        0.000000001879785  3.165131516967378  29.482393527709043  9.095497948257618  16.797029783605584  5.389789966198520  0.599592018245120  3.220418317906927  17.895642208558872 -154.890048273697971
        0.000000000646143  3.165131516967378  29.482393527709043  9.095497812724139  16.797030033900832  5.389789966198520  0.599592018245120  3.220418317906927  17.895642208558872 -154.890048273697971
        0.000000000482192  3.165131516967378  29.482393527709043  9.095497812724139  16.797029783605584  5.389790046512648  0.599592018245120  3.220418317906927  17.895642208558872 -154.890048273697971
        0.000000004721375  3.165131516967378  29.482393527709043  9.095497812724139  16.797029783605584  5.389789966198520  0.599592033146281  3.220418317906927  17.895642208558872 -154.890048273697971
        0.000000008426740  3.165131516967378  29.482393527709043  9.095497812724139  16.797029783605584  5.389789966198520  0.599592018245120  3.220418365894899  17.895642208558872 -154.890048273697971
        0.000000004826785  3.165131516967378  29.482393527709043  9.095497812724139  16.797029783605584  5.389789966198520  0.599592018245120  3.220418317906927  17.895642475224722 -154.890048273697971
        0.000037776803719  3.165131516967378  29.482393527709043  9.095497812724139  16.797029783605584  5.389789966198520  0.599592018245120  3.220418317906927  17.895642208558872 -154.890050581739558
        0.000612049214345  3.144921231561554  32.283063237709655  8.552607748259945  19.376455157885179  4.431393843430820  0.607487002000055  3.247733862190585  18.315694055943329 -154.890196964255551
        0.000000019242690  3.144921278424532  32.283063237709655  8.552607748259945  19.376455157885179  4.431393843430820  0.607487002000055  3.247733862190585  18.315694055943329 -154.890196964255551
        0.000000019875464  3.144921231561554  32.283063718764787  8.552607748259945  19.376455157885179  4.431393843430820  0.607487002000055  3.247733862190585  18.315694055943329 -154.890196964255551
        0.000000001935259  3.144921231561554  32.283063237709655  8.552607875703732  19.376455157885179  4.431393843430820  0.607487002000055  3.247733862190585  18.315694055943329 -154.890196964255551
        0.000000000754187  3.144921231561554  32.283063237709655  8.552607748259945  19.376455446616859  4.431393843430820  0.607487002000055  3.247733862190585  18.315694055943329 -154.890196964255551
        0.000000000565383  3.144921231561554  32.283063237709655  8.552607748259945  19.376455157885179  4.431393909463734  0.607487002000055  3.247733862190585  18.315694055943329 -154.890196964255551
        0.000000005083730  3.144921231561554  32.283063237709655  8.552607748259945  19.376455157885179  4.431393843430820  0.607487016901216  3.247733862190585  18.315694055943329 -154.890196964255551
        0.000000008627753  3.144921231561554  32.283063237709655  8.552607748259945  19.376455157885179  4.431393843430820  0.607487002000055  3.247733910585591  18.315694055943329 -154.890196964255551
        0.000000004674715  3.144921231561554  32.283063237709655  8.552607748259945  19.376455157885179  4.431393843430820  0.607487002000055  3.247733862190585  18.315694328868439 -154.890196964255551
        0.000037776952860  3.144921231561554  32.283063237709655  8.552607748259945  19.376455157885179  4.431393843430820  0.607487002000055  3.247733862190585  18.315694055943329 -154.890199272299355
        0.000375784150844  3.139010814849406  33.403874872605890  7.925745377578362  20.835737886981772  3.889800313943759  0.608630169729508  3.259244371910631  18.418585343449461 -154.890256777007664
        0.000000019265575  3.139010861624312  33.403874872605890  7.925745377578362  20.835737886981772  3.889800313943759  0.608630169729508  3.259244371910631  18.418585343449461 -154.890256777007664
        0.000000019905871  3.139010814849406  33.403875370362414  7.925745377578362  20.835737886981772  3.889800313943759  0.608630169729508  3.259244371910631  18.418585343449461 -154.890256777007664
        0.000000001969232  3.139010814849406  33.403874872605890  7.925745495681171  20.835737886981772  3.889800313943759  0.608630169729508  3.259244371910631  18.418585343449461 -154.890256777007664
        0.000000000829296  3.139010814849406  33.403874872605890  7.925745377578362  20.835738197458461  3.889800313943759  0.608630169729508  3.259244371910631  18.418585343449461 -154.890256777007664
        0.000000000656517  3.139010814849406  33.403874872605890  7.925745377578362  20.835737886981772  3.889800371906300  0.608630169729508  3.259244371910631  18.418585343449461 -154.890256777007664
        0.000000005272934  3.139010814849406  33.403874872605890  7.925745377578362  20.835737886981772  3.889800313943759  0.608630184630669  3.259244371910631  18.418585343449461 -154.890256777007664
        0.000000008705391  3.139010814849406  33.403874872605890  7.925745377578362  20.835737886981772  3.889800313943759  0.608630169729508  3.259244420477157  18.418585343449461 -154.890256777007664
        0.000000004652307  3.139010814849406  33.403874872605890  7.925745377578362  20.835737886981772  3.889800313943759  0.608630169729508  3.259244371910631  18.418585617907770 -154.890256777007664
        0.000037777008980  3.139010814849406  33.403874872605890  7.925745377578362  20.835737886981772  3.889800313943759  0.608630169729508  3.259244371910631  18.418585343449461 -154.890259085052350
        0.000767835627976  3.103540518055524  38.373092086192635  5.657733755286273  26.646692515630154  2.678136945935400  0.612681965489250  3.290637168995163  19.357731120866326 -154.890421733484658
        0.000000019342357  3.103540564301882  38.373092086192635  5.657733755286273  26.646692515630154  2.678136945935400  0.612681965489250  3.290637168995163  19.357731120866326 -154.890421733484658
        0.000000020017662  3.103540518055524  38.373092657996267  5.657733755286273  26.646692515630154  2.678136945935400  0.612681965489250  3.290637168995163  19.357731120866326 -154.890421733484658
        0.000000002034276  3.103540518055524  38.373092086192635  5.657733839593075  26.646692515630154  2.678136945935400  0.612681965489250  3.290637168995163  19.357731120866326 -154.890421733484658
        0.000000001051261  3.103540518055524  38.373092086192635  5.657733755286273  26.646692912696814  2.678136945935400  0.612681965489250  3.290637168995163  19.357731120866326 -154.890421733484658
        0.000000000932978  3.103540518055524  38.373092086192635  5.657733755286273  26.646692515630154  2.678136985842750  0.612681965489250  3.290637168995163  19.357731120866326 -154.890421733484658
        0.000000005668375  3.103540518055524  38.373092086192635  5.657733755286273  26.646692515630154  2.678136945935400  0.612681980390412  3.290637168995163  19.357731120866326 -154.890421733484658
        0.000000009038350  3.103540518055524  38.373092086192635  5.657733755286273  26.646692515630154  2.678136945935400  0.612681965489250  3.290637218029478  19.357731120866326 -154.890421733484658
        0.000000004352878  3.103540518055524  38.373092086192635  5.657733755286273  26.646692515630154  2.678136945935400  0.612681965489250  3.290637168995163  19.357731409318998 -154.890421733484658
        0.000037777182651  3.103540518055524  38.373092086192635  5.657733755286273  26.646692515630154  2.678136945935400  0.612681965489250  3.290637168995163  19.357731120866326 -154.890424041531787
        0.000615863368543  3.107075146549736  38.721751209168360  4.301530739591440  28.086118624222078  1.927141799066426  0.613677537265862  3.296990321023481  19.193018356463185 -154.890452529996850
        0.000000019330049  3.107075192848764  38.721751209168360  4.301530739591440  28.086118624222078  1.927141799066426  0.613677537265862  3.296990321023481  19.193018356463185 -154.890452529996850
        0.000000020005249  3.107075146549736  38.721751786167417  4.301530739591440  28.086118624222078  1.927141799066426  0.613677537265862  3.296990321023481  19.193018356463185 -154.890452529996850
        0.000000002087844  3.107075146549736  38.721751209168360  4.301530803689243  28.086118624222078  1.927141799066426  0.613677537265862  3.296990321023481  19.193018356463185 -154.890452529996850
        0.000000001162182  3.107075146549736  38.721751209168360  4.301530739591440  28.086119042737860  1.927141799066426  0.613677537265862  3.296990321023481  19.193018356463185 -154.890452529996850
        0.000000001078688  3.107075146549736  38.721751209168360  4.301530739591440  28.086118624222078  1.927141827783077  0.613677537265862  3.296990321023481  19.193018356463185 -154.890452529996850
        0.000000005926864  3.107075146549736  38.721751209168360  4.301530739591440  28.086118624222078  1.927141799066426  0.613677552167023  3.296990321023481  19.193018356463185 -154.890452529996850
        0.000000009109473  3.107075146549736  38.721751209168360  4.301530739591440  28.086118624222078  1.927141799066426  0.613677537265862  3.296990370152465  19.193018356463185 -154.890452529996850
        0.000000004435539  3.107075146549736  38.721751209168360  4.301530739591440  28.086118624222078  1.927141799066426  0.613677537265862  3.296990321023481  19.193018642461446 -154.890452529996850
        0.000037777202870  3.107075146549736  38.721751209168360  4.301530739591440  28.086118624222078  1.927141799066426  0.613677537265862  3.296990321023481  19.193018356463185 -154.890454838044462
        0.000177544053302  3.101937193627566  39.680023360565229  3.393773860989838  29.613575662552787  1.512415552807751  0.614136768726139  3.304405352800945  19.308973328439471 -154.890490908781572
        0.000000019337169  3.101937239850032  39.680023360565229  3.393773860989838  29.613575662552787  1.512415552807751  0.614136768726139  3.304405352800945  19.308973328439471 -154.890490908781572
        0.000000020017180  3.101937193627566  39.680023951843651  3.393773860989838  29.613575662552787  1.512415552807751  0.614136768726139  3.304405352800945  19.308973328439471 -154.890490908781572
        0.000000002110444  3.101937193627566  39.680023360565229  3.393773911561009  29.613575662552787  1.512415552807751  0.614136768726139  3.304405352800945  19.308973328439471 -154.890490908781572
        0.000000001231038  3.101937193627566  39.680023360565229  3.393773860989838  29.613576103829452  1.512415552807751  0.614136768726139  3.304405352800945  19.308973328439471 -154.890490908781572
        0.000000001166180  3.101937193627566  39.680023360565229  3.393773860989838  29.613575662552787  1.512415575344499  0.614136768726139  3.304405352800945  19.308973328439471 -154.890490908781572
        0.000000006046823  3.101937193627566  39.680023360565229  3.393773860989838  29.613575662552787  1.512415552807751  0.614136783627300  3.304405352800945  19.308973328439471 -154.890490908781572
        0.000000009174314  3.101937193627566  39.680023360565229  3.393773860989838  29.613575662552787  1.512415552807751  0.614136768726139  3.304405402040422  19.308973328439471 -154.890490908781572
        0.000000004403846  3.101937193627566  39.680023360565229  3.393773860989838  29.613575662552787  1.512415552807751  0.614136768726139  3.304405352800945  19.308973616165595 -154.890490908781572
        0.000037777240113  3.101937193627566  39.680023360565229  3.393773860989838  29.613575662552787  1.512415552807751  0.614136768726139  3.304405352800945  19.308973328439471 -154.890493216829753
        0.000236716200541  3.082612202950130  42.649102581622202  3.045165794246058  32.376467242175110  0.978089114581706  0.616601202143170  3.312311896044543  19.947930023201849 -154.890532381889585
        0.000000019402113  3.082612248884631  42.649102581622202  3.045165794246058  32.376467242175110  0.978089114581706  0.616601202143170  3.312311896044543  19.947930023201849 -154.890532381889585
        0.000000020105372  3.082612202950130  42.649103217143356  3.045165794246058  32.376467242175110  0.978089114581706  0.616601202143170  3.312311896044543  19.947930023201849 -154.890532381889585
        0.000000002132686  3.082612202950130  42.649102581622202  3.045165839622565  32.376467242175110  0.978089114581706  0.616601202143170  3.312311896044543  19.947930023201849 -154.890532381889585
        0.000000001279241  3.082612202950130  42.649102581622202  3.045165794246058  32.376467724622067  0.978089114581706  0.616601202143170  3.312311896044543  19.947930023201849 -154.890532381889585
        0.000000001257046  3.082612202950130  42.649102581622202  3.045165794246058  32.376467242175110  0.978089129482867  0.616601202143170  3.312311896044543  19.947930023201849 -154.890532381889585
        0.000000006198252  3.082612202950130  42.649102581622202  3.045165794246058  32.376467242175110  0.978089114581706  0.616601217044331  3.312311896044543  19.947930023201849 -154.890532381889585
        0.000000009385308  3.082612202950130  42.649102581622202  3.045165794246058  32.376467242175110  0.978089114581706  0.616601202143170  3.312311945401836  19.947930023201849 -154.890532381889585
        0.000000004235037  3.082612202950130  42.649102581622202  3.045165794246058  32.376467242175110  0.978089114581706  0.616601202143170  3.312311896044543  19.947930320449171 -154.890532381889585
        0.000037777285066  3.082612202950130  42.649102581622202  3.045165794246058  32.376467242175110  0.978089114581706  0.616601202143170  3.312311896044543  19.947930023201849 -154.890534689938363
        0.000155276439335  3.081758533856870  42.915571032420459  3.034593003698564  32.622677154387958  0.901143446000744  0.616766274106304  3.312602333830923  19.990755648879450 -154.890533976295956
        0.000000019410648  3.081758579778650  42.915571032420459  3.034593003698564  32.622677154387958  0.901143446000744  0.616766274106304  3.312602333830923  19.990755648879450 -154.890533976295956
        0.000000020114779  3.081758533856870  42.915571671912303  3.034593003698564  32.622677154387958  0.901143446000744  0.616766274106304  3.312602333830923  19.990755648879450 -154.890533976295956
        0.000000002140268  3.081758533856870  42.915571032420459  3.034593048917523  32.622677154387958  0.901143446000744  0.616766274106304  3.312602333830923  19.990755648879450 -154.890533976295956
        0.000000001286304  3.081758533856870  42.915571032420459  3.034593003698564  32.622677640503731  0.901143446000744  0.616766274106304  3.312602333830923  19.990755648879450 -154.890533976295956
        0.000000001263903  3.081758533856870  42.915571032420459  3.034593003698564  32.622677154387958  0.901143460901906  0.616766274106304  3.312602333830923  19.990755648879450 -154.890533976295956
        0.000000006224478  3.081758533856870  42.915571032420459  3.034593003698564  32.622677154387958  0.901143446000744  0.616766289007465  3.312602333830923  19.990755648879450 -154.890533976295956
        0.000000009416872  3.081758533856870  42.915571032420459  3.034593003698564  32.622677154387958  0.901143446000744  0.616766274106304  3.312602383192545  19.990755648879450 -154.890533976295956
        0.000000004232298  3.081758533856870  42.915571032420459  3.034593003698564  32.622677154387958  0.901143446000744  0.616766274106304  3.312602333830923  19.990755946764921 -154.890533976295956
        0.000037777282095  3.081758533856870  42.915571032420459  3.034593003698564  32.622677154387958  0.901143446000744  0.616766274106304  3.312602333830923  19.990755648879450 -154.890536284344762
        0.000930667725367  3.038943792495953  49.455467933064334  6.051249786482667  35.789622631248065  0.339669661616211  0.625627110903678  3.312472215217648  21.635600637870773 -154.890543965608970
        0.000857313129745  3.074660601328093  44.248121729627172  4.510497053113490  32.679014865939756  0.434508092511288  0.622173576728352  3.313588574199220  20.242823416121446 -154.890545524852541
        0.000000019436586  3.074660647144106  44.248121729627172  4.510497053113490  32.679014865939756  0.434508092511288  0.622173576728352  3.313588574199220  20.242823416121446 -154.890545524852541
        0.000000020160630  3.074660601328093  44.248122388975567  4.510497053113490  32.679014865939756  0.434508092511288  0.622173576728352  3.313588574199220  20.242823416121446 -154.890545524852541
        0.000000002148896  3.074660601328093  44.248121729627172  4.510497120325134  32.679014865939756  0.434508092511288  0.622173576728352  3.313588574199220  20.242823416121446 -154.890545524852541
        0.000000001234403  3.074660601328093  44.248121729627172  4.510497053113490  32.679015352895021  0.434508092511288  0.622173576728352  3.313588574199220  20.242823416121446 -154.890545524852541
        0.000000001246292  3.074660601328093  44.248121729627172  4.510497053113490  32.679014865939756  0.434508107412449  0.622173576728352  3.313588574199220  20.242823416121446 -154.890545524852541
        0.000000006303754  3.074660601328093  44.248121729627172  4.510497053113490  32.679014865939756  0.434508092511288  0.622173591629514  3.313588574199220  20.242823416121446 -154.890545524852541
        0.000000009530663  3.074660601328093  44.248121729627172  4.510497053113490  32.679014865939756  0.434508092511288  0.622173576728352  3.313588623575538  20.242823416121446 -154.890545524852541
        0.000000004184805  3.074660601328093  44.248121729627172  4.510497053113490  32.679014865939756  0.434508092511288  0.622173576728352  3.313588574199220  20.242823717763020 -154.890545524852541
        0.000037777294153  3.074660601328093  44.248121729627172  4.510497053113490  32.679014865939756  0.434508092511288  0.622173576728352  3.313588574199220  20.242823416121446 -154.890547832901518
        0.000043940792470  3.074640125908604  44.271159435022284  4.541611198275580  32.665324573880888  0.422654725749263  0.622241075881067  3.313342651037745  20.247787201261932 -154.890544365275588
        0.000000019443703  3.074640171724312  44.271159435022284  4.541611198275580  32.665324573880888  0.422654725749263  0.622241075881067  3.313342651037745  20.247787201261932 -154.890544365275588
        0.000000020168768  3.074640125908604  44.271160094713970  4.541611198275580  32.665324573880888  0.422654725749263  0.622241075881067  3.313342651037745  20.247787201261932 -154.890544365275588
        0.000000002149806  3.074640125908604  44.271159435022284  4.541611265950861  32.665324573880888  0.422654725749263  0.622241075881067  3.313342651037745  20.247787201261932 -154.890544365275588
        0.000000001233291  3.074640125908604  44.271159435022284  4.541611198275580  32.665325060632156  0.422654725749263  0.622241075881067  3.313342651037745  20.247787201261932 -154.890544365275588
        0.000000001245895  3.074640125908604  44.271159435022284  4.541611198275580  32.665324573880888  0.422654740650424  0.622241075881067  3.313342651037745  20.247787201261932 -154.890544365275588
        0.000000006306352  3.074640125908604  44.271159435022284  4.541611198275580  32.665324573880888  0.422654725749263  0.622241090782228  3.313342651037745  20.247787201261932 -154.890544365275588
        0.000000009532647  3.074640125908604  44.271159435022284  4.541611198275580  32.665324573880888  0.422654725749263  0.622241075881067  3.313342700410398  20.247787201261932 -154.890544365275588
        0.000000004186970  3.074640125908604  44.271159435022284  4.541611198275580  32.665324573880888  0.422654725749263  0.622241075881067  3.313342651037745  20.247787502977474 -154.890544365275588
        0.000037777292686  3.074640125908604  44.271159435022284  4.541611198275580  32.665324573880888  0.422654725749263  0.622241075881067  3.313342651037745  20.247787201261932 -154.890546673324565
2022-08-18 09:36:44.401430
