/projects/wagner/highthroughput/mick_graphene_paper/3_data/kc_fitting_dft
2022-08-17 14:16:56.454848
energy_inf: -154.89183204249554
     2536.019385218373827  3.416084000000000  20.021583000000000  10.905510700000001  4.275635400000000  0.010010836000000  0.844712200000000  2.936058400000000  14.313258800000000 -154.891832042495537
        0.000000018717218  3.416084050903618  20.021583000000000  10.905510700000001  4.275635400000000  0.010010836000000  0.844712200000000  2.936058400000000  14.313258800000000 -154.891832042495537
        0.000000019282189  3.416084000000000  20.021583298344837  10.905510700000001  4.275635400000000  0.010010836000000  0.844712200000000  2.936058400000000  14.313258800000000 -154.891832042495537
        0.000000002760085  3.416084000000000  20.021583000000000  10.905510862504773  4.275635400000000  0.010010836000000  0.844712200000000  2.936058400000000  14.313258800000000 -154.891832042495537
        0.000000000499340  3.416084000000000  20.021583000000000  10.905510700000001  4.275635463711932  0.010010836000000  0.844712200000000  2.936058400000000  14.313258800000000 -154.891832042495537
        0.000000000455390  3.416084000000000  20.021583000000000  10.905510700000001  4.275635400000000  0.010010850901161  0.844712200000000  2.936058400000000  14.313258800000000 -154.891832042495537
        0.000000007626080  3.416084000000000  20.021583000000000  10.905510700000001  4.275635400000000  0.010010836000000  0.844712214901161  2.936058400000000  14.313258800000000 -154.891832042495537
        0.000000008542471  3.416084000000000  20.021583000000000  10.905510700000001  4.275635400000000  0.010010836000000  0.844712200000000  2.936058443750679  14.313258800000000 -154.891832042495537
        0.000000009622645  3.416084000000000  20.021583000000000  10.905510700000001  4.275635400000000  0.010010836000000  0.844712200000000  2.936058400000000  14.313259013284176 -154.891832042495537
        0.000037775266475  3.416084000000000  20.021583000000000  10.905510700000001  4.275635400000000  0.010010836000000  0.844712200000000  2.936058400000000  14.313258800000000 -154.891834350563698
        0.254875130211609  3.373131434082926  1.045676315130329  0.824394229554166  6.794390659852119  26.495319334755667  0.180139677120137  2.936210940143283  14.262158840837790 -154.891739102918791
        0.212757373261849  3.312786404078008  16.904397503841253  8.716021861900455  6.100973640318737  7.440252450990046  0.585959281072255  2.879459551680424  14.192241950878232 -154.891650356377653
        0.000000015906671  3.312786453442373  16.904397503841253  8.716021861900455  6.100973640318737  7.440252450990046  0.585959281072255  2.879459551680424  14.192241950878232 -154.891650356377653
        0.000000016322570  3.312786404078008  16.904397755736404  8.716021861900455  6.100973640318737  7.440252450990046  0.585959281072255  2.879459551680424  14.192241950878232 -154.891650356377653
        0.000000001684874  3.312786404078008  16.904397503841253  8.716021991779302  6.100973640318737  7.440252450990046  0.585959281072255  2.879459551680424  14.192241950878232 -154.891650356377653
        0.000000000145864  3.312786404078008  16.904397503841253  8.716021861900455  6.100973731230329  7.440252450990046  0.585959281072255  2.879459551680424  14.192241950878232 -154.891650356377653
        0.000000001559699  3.312786404078008  16.904397503841253  8.716021861900455  6.100973640318737  7.440252561858447  0.585959281072255  2.879459551680424  14.192241950878232 -154.891650356377653
        0.000000003218114  3.312786404078008  16.904397503841253  8.716021861900455  6.100973640318737  7.440252450990046  0.585959295973416  2.879459551680424  14.192241950878232 -154.891650356377653
        0.000000007711016  3.312786404078008  16.904397503841253  8.716021861900455  6.100973640318737  7.440252450990046  0.585959281072255  2.879459594587715  14.192241950878232 -154.891650356377653
        0.000000005556586  3.312786404078008  16.904397503841253  8.716021861900455  6.100973640318737  7.440252450990046  0.585959281072255  2.879459551680424  14.192242162359117 -154.891650356377653
        0.000037776876612  3.312786404078008  16.904397503841253  8.716021861900455  6.100973640318737  7.440252450990046  0.585959281072255  2.879459551680424  14.192241950878232 -154.891652664443114
        0.017431770104114  3.284126598390021  16.758653195053409  9.330019653856317  6.331129860037972  7.365589678585094  0.589031449856768  2.762853114233505  15.078868227811739 -154.891400972038070
        0.000000017398583  3.284126647327321  16.758653195053409  9.330019653856317  6.331129860037972  7.365589678585094  0.589031449856768  2.762853114233505  15.078868227811739 -154.891400972038070
        0.000000018146993  3.284126598390021  16.758653444776801  9.330019653856317  6.331129860037972  7.365589678585094  0.589031449856768  2.762853114233505  15.078868227811739 -154.891400972038070
        0.000000001535810  3.284126598390021  16.758653195053409  9.330019792884444  6.331129860037972  7.365589678585094  0.589031449856768  2.762853114233505  15.078868227811739 -154.891400972038070
        0.000000000135563  3.284126598390021  16.758653195053409  9.330019653856317  6.331129954379159  7.365589678585094  0.589031449856768  2.762853114233505  15.078868227811739 -154.891400972038070
        0.000000001477999  3.284126598390021  16.758653195053409  9.330019653856317  6.331129860037972  7.365589788340933  0.589031449856768  2.762853114233505  15.078868227811739 -154.891400972038070
        0.000000003111690  3.284126598390021  16.758653195053409  9.330019653856317  6.331129860037972  7.365589678585094  0.589031464757929  2.762853114233505  15.078868227811739 -154.891400972038070
        0.000000007787149  3.284126598390021  16.758653195053409  9.330019653856317  6.331129860037972  7.365589678585094  0.589031449856768  2.762853155403225  15.078868227811739 -154.891400972038070
        0.000000005348979  3.284126598390021  16.758653195053409  9.330019653856317  6.331129860037972  7.365589678585094  0.589031449856768  2.762853114233505  15.078868452504386 -154.891400972038070
        0.000037776749472  3.284126598390021  16.758653195053409  9.330019653856317  6.331129860037972  7.365589678585094  0.589031449856768  2.762853114233505  15.078868227811739 -154.891403280099809
        0.004757388087908  3.281560345053562  17.252870948920258  10.427977811159682  6.669927981417342  7.092599764676099  0.581896251450314  2.903469439829784  15.251793357019974 -154.890401367363779
        0.000000018233819  3.281560393952621  17.252870948920258  10.427977811159682  6.669927981417342  7.092599764676099  0.581896251450314  2.903469439829784  15.251793357019974 -154.890401367363779
        0.000000018914120  3.281560345053562  17.252871206008070  10.427977811159682  6.669927981417342  7.092599764676099  0.581896251450314  2.903469439829784  15.251793357019974 -154.890401367363779
        0.000000001566037  3.281560345053562  17.252870948920258  10.427977966548660  6.669927981417342  7.092599764676099  0.581896251450314  2.903469439829784  15.251793357019974 -154.890401367363779
        0.000000000115496  3.281560345053562  17.252870948920258  10.427977811159682  6.669928080807013  7.092599764676099  0.581896251450314  2.903469439829784  15.251793357019974 -154.890401367363779
        0.000000001301612  3.281560345053562  17.252870948920258  10.427977811159682  6.669927981417342  7.092599870364071  0.581896251450314  2.903469439829784  15.251793357019974 -154.890401367363779
        0.000000003356921  3.281560345053562  17.252870948920258  10.427977811159682  6.669927981417342  7.092599764676099  0.581896266351475  2.903469439829784  15.251793357019974 -154.890401367363779
        0.000000007598466  3.281560345053562  17.252870948920258  10.427977811159682  6.669927981417342  7.092599764676099  0.581896251450314  2.903469483094851  15.251793357019974 -154.890401367363779
        0.000000005622623  3.281560345053562  17.252870948920258  10.427977811159682  6.669927981417342  7.092599764676099  0.581896251450314  2.903469439829784  15.251793584289405 -154.890401367363779
        0.000037776452796  3.281560345053562  17.252870948920258  10.427977811159682  6.669927981417342  7.092599764676099  0.581896251450314  2.903469439829784  15.251793357019974 -154.890403675410624
        0.007246909900695  3.279430201143255  18.738739083073458  10.505136187324704  7.227501105570862  6.679350115117204  0.604480444084193  3.044134053941109  15.901729129830473 -154.888882200505833
        0.000000019398853  3.279430250010573  18.738739083073458  10.505136187324704  7.227501105570862  6.679350115117204  0.604480444084193  3.044134053941109  15.901729129830473 -154.888882200505833
        0.000000020044679  3.279430201143255  18.738739362302429  10.505136187324704  7.227501105570862  6.679350115117204  0.604480444084193  3.044134053941109  15.901729129830473 -154.888882200505833
        0.000000001686939  3.279430201143255  18.738739083073458  10.505136343863430  7.227501105570862  6.679350115117204  0.604480444084193  3.044134053941109  15.901729129830473 -154.888882200505833
        0.000000000153102  3.279430201143255  18.738739083073458  10.505136187324704  7.227501213269020  6.679350115117204  0.604480444084193  3.044134053941109  15.901729129830473 -154.888882200505833
        0.000000001057478  3.279430201143255  18.738739083073458  10.505136187324704  7.227501105570862  6.679350214647277  0.604480444084193  3.044134053941109  15.901729129830473 -154.888882200505833
        0.000000003753038  3.279430201143255  18.738739083073458  10.505136187324704  7.227501105570862  6.679350115117204  0.604480458985354  3.044134053941109  15.901729129830473 -154.888882200505833
        0.000000007741736  3.279430201143255  18.738739083073458  10.505136187324704  7.227501105570862  6.679350115117204  0.604480444084193  3.044134099302241  15.901729129830473 -154.888882200505833
        0.000000006072284  3.279430201143255  18.738739083073458  10.505136187324704  7.227501105570862  6.679350115117204  0.604480444084193  3.044134053941109  15.901729366784702 -154.888882200505833
        0.000037775777293  3.279430201143255  18.738739083073458  10.505136187324704  7.227501105570862  6.679350115117204  0.604480444084193  3.044134053941109  15.901729129830473 -154.888884508530026
        0.001630923955355  3.280389852873295  19.206025821723227  10.420381645476665  7.441588217260256  6.503089562815474  0.613789146302911  3.046740812344135  16.185500791152567 -154.888453113495132
        0.000000019822956  3.280389901754913  19.206025821723227  10.420381645476665  7.441588217260256  6.503089562815474  0.613789146302911  3.046740812344135  16.185500791152567 -154.888453113495132
        0.000000020502277  3.280389852873295  19.206026107915314  10.420381645476665  7.441588217260256  6.503089562815474  0.613789146302911  3.046740812344135  16.185500791152567 -154.888453113495132
        0.000000001734316  3.280389852873295  19.206025821723227  10.420381800752452  7.441588217260256  6.503089562815474  0.613789146302911  3.046740812344135  16.185500791152567 -154.888453113495132
        0.000000000175763  3.280389852873295  19.206025821723227  10.420381645476665  7.441588328148562  6.503089562815474  0.613789146302911  3.046740812344135  16.185500791152567 -154.888453113495132
        0.000000000991557  3.280389852873295  19.206025821723227  10.420381645476665  7.441588217260256  6.503089659719060  0.613789146302911  3.046740812344135  16.185500791152567 -154.888453113495132
        0.000000003935623  3.280389852873295  19.206025821723227  10.420381645476665  7.441588217260256  6.503089562815474  0.613789161204072  3.046740812344135  16.185500791152567 -154.888453113495132
        0.000000007905582  3.280389852873295  19.206025821723227  10.420381645476665  7.441588217260256  6.503089562815474  0.613789146302911  3.046740857744111  16.185500791152567 -154.888453113495132
        0.000000006244789  3.280389852873295  19.206025821723227  10.420381645476665  7.441588217260256  6.503089562815474  0.613789146302911  3.046740812344135  16.185501032335324 -154.888453113495132
        0.000037775511425  3.280389852873295  19.206025821723227  10.420381645476665  7.441588217260256  6.503089562815474  0.613789146302911  3.046740812344135  16.185500791152567 -154.888455421512930
        0.003251330918287  3.250915038946509  22.433321501144778  9.936370036284680  9.466394255779568  5.697842278054866  0.646838718110248  3.062047388583554  17.199857164301115 -154.888123665978355
        0.001994327871592  3.285956114616743  19.815437823803386  9.999097873930065  7.560308975554309  5.762424190843339  0.638753809143051  3.048559616818942  16.314992782767170 -154.888019603710518
        0.000000020162756  3.285956163581305  19.815437823803386  9.999097873930065  7.560308975554309  5.762424190843339  0.638753809143051  3.048559616818942  16.314992782767170 -154.888019603710518
        0.000000020902091  3.285956114616743  19.815438119076418  9.999097873930065  7.560308975554309  5.762424190843339  0.638753809143051  3.048559616818942  16.314992782767170 -154.888019603710518
        0.000000001823437  3.285956114616743  19.815437823803386  9.999098022928234  7.560308975554309  5.762424190843339  0.638753809143051  3.048559616818942  16.314992782767170 -154.888019603710518
        0.000000000219691  3.285956114616743  19.815437823803386  9.999097873930065  7.560309088211692  5.762424190843339  0.638753809143051  3.048559616818942  16.314992782767170 -154.888019603710518
        0.000000000787755  3.285956114616743  19.815437823803386  9.999097873930065  7.560308975554309  5.762424276710150  0.638753809143051  3.048559616818942  16.314992782767170 -154.888019603710518
        0.000000004350276  3.285956114616743  19.815437823803386  9.999097873930065  7.560308975554309  5.762424190843339  0.638753824044213  3.048559616818942  16.314992782767170 -154.888019603710518
        0.000000008092398  3.285956114616743  19.815437823803386  9.999097873930065  7.560308975554309  5.762424190843339  0.638753809143051  3.048559662246020  16.314992782767170 -154.888019603710518
        0.000000006523660  3.285956114616743  19.815437823803386  9.999097873930065  7.560308975554309  5.762424190843339  0.638753809143051  3.048559616818942  16.314993025879506 -154.888019603710518
        0.000037775252636  3.285956114616743  19.815437823803386  9.999097873930065  7.560308975554309  5.762424190843339  0.638753809143051  3.048559616818942  16.314992782767170 -154.888021911721864
        0.000419484332883  3.284342914922664  20.290438734806589  9.706927337976159  8.194062368176853  5.486620886138532  0.643190372293795  3.038410957125339  16.458640075475540 -154.887925393800487
        0.000000020281947  3.284342963863188  20.290438734806589  9.706927337976159  8.194062368176853  5.486620886138532  0.643190372293795  3.038410957125339  16.458640075475540 -154.887925393800487
        0.000000021056498  3.284342914922664  20.290439037157686  9.706927337976159  8.194062368176853  5.486620886138532  0.643190372293795  3.038410957125339  16.458640075475540 -154.887925393800487
        0.000000001864117  3.284342914922664  20.290438734806589  9.706927482620648  8.194062368176853  5.486620886138532  0.643190372293795  3.038410957125339  16.458640075475540 -154.887925393800487
        0.000000000280794  3.284342914922664  20.290438734806589  9.706927337976159  8.194062490277897  5.486620886138532  0.643190372293795  3.038410957125339  16.458640075475540 -154.887925393800487
        0.000000000681643  3.284342914922664  20.290438734806589  9.706927337976159  8.194062368176853  5.486620967895554  0.643190372293795  3.038410957125339  16.458640075475540 -154.887925393800487
        0.000000004588170  3.284342914922664  20.290438734806589  9.706927337976159  8.194062368176853  5.486620886138532  0.643190387194956  3.038410957125339  16.458640075475540 -154.887925393800487
        0.000000008266129  3.284342914922664  20.290438734806589  9.706927337976159  8.194062368176853  5.486620886138532  0.643190372293795  3.038411002401190  16.458640075475540 -154.887925393800487
        0.000000006579445  3.284342914922664  20.290438734806589  9.706927337976159  8.194062368176853  5.486620886138532  0.643190372293795  3.038410957125339  16.458640320728389 -154.887925393800487
        0.000037775180076  3.284342914922664  20.290438734806589  9.706927337976159  8.194062368176853  5.486620886138532  0.643190372293795  3.038410957125339  16.458640075475540 -154.887927701810440
        0.000614726865771  3.277992299510140  21.046175968812193  9.612392442825453  8.865331294586186  4.936296879608892  0.647466977023940  3.058572114897576  16.431881624455862 -154.888087815833131
        0.000000020216925  3.277992348356031  21.046175968812193  9.612392442825453  8.865331294586186  4.936296879608892  0.647466977023940  3.058572114897576  16.431881624455862 -154.888087815833131
        0.000000020998574  3.277992299510140  21.046176282424653  9.612392442825453  8.865331294586186  4.936296879608892  0.647466977023940  3.058572114897576  16.431881624455862 -154.888087815833131
        0.000000001902655  3.277992299510140  21.046175968812193  9.612392586061262  8.865331294586186  4.936296879608892  0.647466977023940  3.058572114897576  16.431881624455862 -154.888087815833131
        0.000000000333997  3.277992299510140  21.046175968812193  9.612392442825453  8.865331426689917  4.936296879608892  0.647466977023940  3.058572114897576  16.431881624455862 -154.888087815833131
        0.000000000513403  3.277992299510140  21.046175968812193  9.612392442825453  8.865331294586186  4.936296953165447  0.647466977023940  3.058572114897576  16.431881624455862 -154.888087815833131
        0.000000004861813  3.277992299510140  21.046175968812193  9.612392442825453  8.865331294586186  4.936296879608892  0.647466991925101  3.058572114897576  16.431881624455862 -154.888087815833131
        0.000000008310618  3.277992299510140  21.046175968812193  9.612392442825453  8.865331294586186  4.936296879608892  0.647466977023940  3.058572160473852  16.431881624455862 -154.888087815833131
        0.000000006527978  3.277992299510140  21.046175968812193  9.612392442825453  8.865331294586186  4.936296879608892  0.647466977023940  3.058572114897576  16.431881869309979 -154.888087815833131
        0.000037775332373  3.277992299510140  21.046175968812193  9.612392442825453  8.865331294586186  4.936296879608892  0.647466977023940  3.058572114897576  16.431881624455862 -154.888090123845501
        0.000908326585949  3.268084176405428  21.886141842366396  9.280829578955414  9.980682097812997  4.458558101324135  0.643235957747766  3.093133549530689  16.361598015660345 -154.888383454909217
        0.000000020080018  3.268084225103677  21.886141842366396  9.280829578955414  9.980682097812997  4.458558101324135  0.643235957747766  3.093133549530689  16.361598015660345 -154.888383454909217
        0.000000020839229  3.268084176405428  21.886142168495322  9.280829578955414  9.980682097812997  4.458558101324135  0.643235957747766  3.093133549530689  16.361598015660345 -154.888383454909217
        0.000000001927723  3.268084176405428  21.886141842366396  9.280829717250551  9.980682097812997  4.458558101324135  0.643235957747766  3.093133549530689  16.361598015660345 -154.888383454909217
        0.000000000418249  3.268084176405428  21.886141842366396  9.280829578955414  9.980682246536750  4.458558101324135  0.643235957747766  3.093133549530689  16.361598015660345 -154.888383454909217
        0.000000000402992  3.268084176405428  21.886141842366396  9.280829578955414  9.980682097812997  4.458558167761828  0.643235957747766  3.093133549530689  16.361598015660345 -154.888383454909217
        0.000000005061544  3.268084176405428  21.886141842366396  9.280829578955414  9.980682097812997  4.458558101324135  0.643235972648927  3.093133549530689  16.361598015660345 -154.888383454909217
        0.000000008291619  3.268084176405428  21.886141842366396  9.280829578955414  9.980682097812997  4.458558101324135  0.643235957747766  3.093133595621971  16.361598015660345 -154.888383454909217
        0.000000006387100  3.268084176405428  21.886141842366396  9.280829578955414  9.980682097812997  4.458558101324135  0.643235957747766  3.093133549530689  16.361598259467154 -154.888383454909217
        0.000037775592240  3.268084176405428  21.886141842366396  9.280829578955414  9.980682097812997  4.458558101324135  0.643235957747766  3.093133549530689  16.361598015660345 -154.888385762925992
        0.000709619225672  3.270167874445838  22.072173860377024  9.187545399251981  10.181909602864552  3.771386892222945  0.648346037064279  3.114769954662800  16.058408492001899 -154.888577849088591
        0.000000019934036  3.270167923175137  22.072173860377024  9.187545399251981  10.181909602864552  3.771386892222945  0.648346037064279  3.114769954662800  16.058408492001899 -154.888577849088591
        0.000000020688230  3.270167874445838  22.072174189278044  9.187545399251981  10.181909602864552  3.771386892222945  0.648346037064279  3.114769954662800  16.058408492001899 -154.888577849088591
        0.000000001959719  3.270167874445838  22.072173860377024  9.187545536157076  10.181909602864552  3.771386892222945  0.648346037064279  3.114769954662800  16.058408492001899 -154.888577849088591
        0.000000000443832  3.270167874445838  22.072173860377024  9.187545399251981  10.181909754586828  3.771386892222945  0.648346037064279  3.114769954662800  16.058408492001899 -154.888577849088591
        0.000000000348181  3.270167874445838  22.072173860377024  9.187545399251981  10.181909602864552  3.771386948420989  0.648346037064279  3.114769954662800  16.058408492001899 -154.888577849088591
        0.000000005301022  3.270167874445838  22.072173860377024  9.187545399251981  10.181909602864552  3.771386892222945  0.648346051965440  3.114769954662800  16.058408492001899 -154.888577849088591
        0.000000008214396  3.270167874445838  22.072173860377024  9.187545399251981  10.181909602864552  3.771386892222945  0.648346037064279  3.114770001076489  16.058408492001899 -154.888577849088591
        0.000000006425378  3.270167874445838  22.072173860377024  9.187545399251981  10.181909602864552  3.771386892222945  0.648346037064279  3.114769954662800  16.058408731290832 -154.888577849088591
        0.000037775761857  3.270167874445838  22.072173860377024  9.187545399251981  10.181909602864552  3.771386892222945  0.648346037064279  3.114769954662800  16.058408492001899 -154.888580157108265
        0.000855812475512  3.263841551448515  22.555979875223997  8.739463505350002  11.108924547051210  3.431127519232072  0.641914788249076  3.147735801614207  15.912749649656055 -154.888858750025918
        0.000000019782675  3.263841600083544  22.555979875223997  8.739463505350002  11.108924547051210  3.431127519232072  0.641914788249076  3.147735801614207  15.912749649656055 -154.888858750025918
        0.000000020502459  3.263841551448515  22.555980211334290  8.739463505350002  11.108924547051210  3.431127519232072  0.641914788249076  3.147735801614207  15.912749649656055 -154.888858750025918
        0.000000001970111  3.263841551448515  22.555979875223997  8.739463635578156  11.108924547051210  3.431127519232072  0.641914788249076  3.147735801614207  15.912749649656055 -154.888858750025918
        0.000000000517374  3.263841551448515  22.555979875223997  8.739463505350002  11.108924712587084  3.431127519232072  0.641914788249076  3.147735801614207  15.912749649656055 -154.888858750025918
        0.000000000393653  3.263841551448515  22.555979875223997  8.739463505350002  11.108924547051210  3.431127570359856  0.641914788249076  3.147735801614207  15.912749649656055 -154.888858750025918
        0.000000005389313  3.263841551448515  22.555979875223997  8.739463505350002  11.108924547051210  3.431127519232072  0.641914803150237  3.147735801614207  15.912749649656055 -154.888858750025918
        0.000000008136760  3.263841551448515  22.555979875223997  8.739463505350002  11.108924547051210  3.431127519232072  0.641914788249076  3.147735848519125  15.912749649656055 -154.888858750025918
        0.000000006309786  3.263841551448515  22.555979875223997  8.739463505350002  11.108924547051210  3.431127519232072  0.641914788249076  3.147735801614207  15.912749886774503 -154.888858750025918
        0.000037775997452  3.263841551448515  22.555979875223997  8.739463505350002  11.108924547051210  3.431127519232072  0.641914788249076  3.147735801614207  15.912749649656055 -154.888861058049770
        0.001349158687255  3.266865347479998  23.011185360284998  8.600091404171959  11.563995820636947  2.090945896605685  0.652132380824205  3.188303834998659  15.396057404953559 -154.889207926947137
        0.000000019538751  3.266865396160085  23.011185360284998  8.600091404171959  11.563995820636947  2.090945896605685  0.652132380824205  3.188303834998659  15.396057404953559 -154.889207926947137
        0.000000020249393  3.266865347479998  23.011185703178381  8.600091404171959  11.563995820636947  2.090945896605685  0.652132380824205  3.188303834998659  15.396057404953559 -154.889207926947137
        0.000000002036365  3.266865347479998  23.011185360284998  8.600091532323308  11.563995820636947  2.090945896605685  0.652132380824205  3.188303834998659  15.396057404953559 -154.889207926947137
        0.000000000571198  3.266865347479998  23.011185360284998  8.600091404171959  11.563995992953913  2.090945896605685  0.652132380824205  3.188303834998659  15.396057404953559 -154.889207926947137
        0.000000000586091  3.266865347479998  23.011185360284998  8.600091404171959  11.563995820636947  2.090945927763207  0.652132380824205  3.188303834998659  15.396057404953559 -154.889207926947137
        0.000000005861379  3.266865347479998  23.011185360284998  8.600091404171959  11.563995820636947  2.090945896605685  0.652132395725366  3.188303834998659  15.396057404953559 -154.889207926947137
        0.000000008030792  3.266865347479998  23.011185360284998  8.600091404171959  11.563995820636947  2.090945896605685  0.652132380824205  3.188303882508088  15.396057404953559 -154.889207926947137
        0.000000006374292  3.266865347479998  23.011185360284998  8.600091404171959  11.563995820636947  2.090945896605685  0.652132380824205  3.188303834998659  15.396057634372692 -154.889207926947137
        0.000037776298723  3.266865347479998  23.011185360284998  8.600091404171959  11.563995820636947  2.090945896605685  0.652132380824205  3.188303834998659  15.396057404953559 -154.889210234976190
        0.000444758891387  3.265966795023330  23.015697960406104  8.483905528103556  11.745778633754092  2.043943640632603  0.648516017937562  3.202156309953980  15.312776712823460 -154.889308772406338
        0.000000019498417  3.265966843690028  23.015697960406104  8.483905528103556  11.745778633754092  2.043943640632603  0.648516017937562  3.202156309953980  15.312776712823460 -154.889308772406338
        0.000000020190402  3.265966795023330  23.015698303366730  8.483905528103556  11.745778633754092  2.043943640632603  0.648516017937562  3.202156309953980  15.312776712823460 -154.889308772406338
        0.000000002031130  3.265966795023330  23.015697960406104  8.483905654523600  11.745778633754092  2.043943640632603  0.648516017937562  3.202156309953980  15.312776712823460 -154.889308772406338
        0.000000000583316  3.265966795023330  23.015697960406104  8.483905528103556  11.745778808779834  2.043943640632603  0.648516017937562  3.202156309953980  15.312776712823460 -154.889308772406338
        0.000000000602622  3.265966795023330  23.015697960406104  8.483905528103556  11.745778633754092  2.043943671089736  0.648516017937562  3.202156309953980  15.312776712823460 -154.889308772406338
        0.000000005838108  3.265966795023330  23.015697960406104  8.483905528103556  11.745778633754092  2.043943640632603  0.648516032838724  3.202156309953980  15.312776712823460 -154.889308772406338
        0.000000007966933  3.265966795023330  23.015697960406104  8.483905528103556  11.745778633754092  2.043943640632603  0.648516017937562  3.202156357669828  15.312776712823460 -154.889308772406338
        0.000000006342468  3.265966795023330  23.015697960406104  8.483905528103556  11.745778633754092  2.043943640632603  0.648516017937562  3.202156309953980  15.312776941001614 -154.889308772406338
        0.000037776378132  3.265966795023330  23.015697960406104  8.483905528103556  11.745778633754092  2.043943640632603  0.648516017937562  3.202156309953980  15.312776712823460 -154.889311080436897
        0.001730110360268  3.266865959480515  23.146564238520838  7.485135342617747  12.883785319071364  1.107766591462347  0.641830061916874  3.264169440305534  14.679434092919401 -154.889849860745898
        0.000000019142120  3.266866008160612  23.146564238520838  7.485135342617747  12.883785319071364  1.107766591462347  0.641830061916874  3.264169440305534  14.679434092919401 -154.889849860745898
        0.000000019763982  3.266865959480515  23.146564583431523  7.485135342617747  12.883785319071364  1.107766591462347  0.641830061916874  3.264169440305534  14.679434092919401 -154.889849860745898
        0.000000002060523  3.266865959480515  23.146564238520838  7.485135454154955  12.883785319071364  1.107766591462347  0.641830061916874  3.264169440305534  14.679434092919401 -154.889849860745898
        0.000000000703462  3.266865959480515  23.146564238520838  7.485135342617747  12.883785511054727  1.107766591462347  0.641830061916874  3.264169440305534  14.679434092919401 -154.889849860745898
        0.000000000838905  3.266865959480515  23.146564238520838  7.485135342617747  12.883785319071364  1.107766607969356  0.641830061916874  3.264169440305534  14.679434092919401 -154.889849860745898
        0.000000006049249  3.266865959480515  23.146564238520838  7.485135342617747  12.883785319071364  1.107766591462347  0.641830076818035  3.264169440305534  14.679434092919401 -154.889849860745898
        0.000000007716865  3.266865959480515  23.146564238520838  7.485135342617747  12.883785319071364  1.107766591462347  0.641830061916874  3.264169488945449  14.679434092919401 -154.889849860745898
        0.000000006277028  3.266865959480515  23.146564238520838  7.485135342617747  12.883785319071364  1.107766591462347  0.641830061916874  3.264169440305534  14.679434311660014 -154.889849860745898
        0.000037776816964  3.266865959480515  23.146564238520838  7.485135342617747  12.883785319071364  1.107766591462347  0.641830061916874  3.264169440305534  14.679434092919401 -154.889852168784529
        0.000284581967452  3.266718273520860  23.166933742488403  7.299858738940026  13.050535923688354  1.074955499511780  0.641039331213939  3.270098493018122  14.665358769087595 -154.889870860995984
        0.000000019149940  3.266718322198756  23.166933742488403  7.299858738940026  13.050535923688354  1.074955499511780  0.641039331213939  3.270098493018122  14.665358769087595 -154.889870860995984
        0.000000019764946  3.266718273520860  23.166934087702618  7.299858738940026  13.050535923688354  1.074955499511780  0.641039331213939  3.270098493018122  14.665358769087595 -154.889870860995984
        0.000000002063730  3.266718273520860  23.166933742488403  7.299858847716398  13.050535923688354  1.074955499511780  0.641039331213939  3.270098493018122  14.665358769087595 -154.889870860995984
        0.000000000722639  3.266718273520860  23.166933742488403  7.299858738940026  13.050536118156494  1.074955499511780  0.641039331213939  3.270098493018122  14.665358769087595 -154.889870860995984
        0.000000000855779  3.266718273520860  23.166933742488403  7.299858738940026  13.050535923688354  1.074955515529865  0.641039331213939  3.270098493018122  14.665358769087595 -154.889870860995984
        0.000000006054648  3.266718273520860  23.166933742488403  7.299858738940026  13.050535923688354  1.074955499511780  0.641039346115100  3.270098493018122  14.665358769087595 -154.889870860995984
        0.000000007705719  3.266718273520860  23.166933742488403  7.299858738940026  13.050535923688354  1.074955499511780  0.641039331213939  3.270098541746387  14.665358769087595 -154.889870860995984
        0.000000006275755  3.266718273520860  23.166933742488403  7.299858738940026  13.050535923688354  1.074955499511780  0.641039331213939  3.270098493018122  14.665358987618470 -154.889870860995984
        0.000037776831185  3.266718273520860  23.166933742488403  7.299858738940026  13.050535923688354  1.074955499511780  0.641039331213939  3.270098493018122  14.665358769087595 -154.889873169034928
        0.001199221703510  3.270989244449354  23.027077604651861  5.936692292542194  14.188040052239399  0.406502070496562  0.634371809917557  3.316089611398101  14.154163925490373 -154.890225281135230
        0.000000018927590  3.270989293190892  23.027077604651861  5.936692292542194  14.188040052239399  0.406502070496562  0.634371809917557  3.316089611398101  14.154163925490373 -154.890225281135230
        0.000000019484834  3.270989244449354  23.027077947782058  5.936692292542194  14.188040052239399  0.406502070496562  0.634371809917557  3.316089611398101  14.154163925490373 -154.890225281135230
        0.000000002096296  3.270989244449354  23.027077604651861  5.936692381005803  14.188040052239399  0.406502070496562  0.634371809917557  3.316089611398101  14.154163925490373 -154.890225281135230
        0.000000000868933  3.270989244449354  23.027077604651861  5.936692292542194  14.188040263657671  0.406502070496562  0.634371809917557  3.316089611398101  14.154163925490373 -154.890225281135230
        0.000000000957599  3.270989244449354  23.027077604651861  5.936692292542194  14.188040052239399  0.406502085397723  0.634371809917557  3.316089611398101  14.154163925490373 -154.890225281135230
        0.000000006103832  3.270989244449354  23.027077604651861  5.936692292542194  14.188040052239399  0.406502070496562  0.634371824818719  3.316089611398101  14.154163925490373 -154.890225281135230
        0.000000007522223  3.270989244449354  23.027077604651861  5.936692292542194  14.188040052239399  0.406502070496562  0.634371809917557  3.316089660811687  14.154163925490373 -154.890225281135230
        0.000000006275514  3.270989244449354  23.027077604651861  5.936692292542194  14.188040052239399  0.406502070496562  0.634371809917557  3.316089611398101  14.154164136403852 -154.890225281135230
        0.000037777118835  3.270989244449354  23.027077604651861  5.936692292542194  14.188040052239399  0.406502070496562  0.634371809917557  3.316089611398101  14.154163925490373 -154.890227589179432
        0.000186197222989  3.270959488911901  23.035727638271503  5.760438222904164  14.318804368590982  0.390972215660164  0.633945234684444  3.319367663240042  14.148698659046916 -154.890235520055910
        0.000000018934947  3.270959537652995  23.035727638271503  5.760438222904164  14.318804368590982  0.390972215660164  0.633945234684444  3.319367663240042  14.148698659046916 -154.890235520055910
        0.000000019488073  3.270959488911901  23.035727981530595  5.760438222904164  14.318804368590982  0.390972215660164  0.633945234684444  3.319367663240042  14.148698659046916 -154.890235520055910
        0.000000002099310  3.270959488911901  23.035727638271503  5.760438308741382  14.318804368590982  0.390972215660164  0.633945234684444  3.319367663240042  14.148698659046916 -154.890235520055910
        0.000000000885954  3.270959488911901  23.035727638271503  5.760438222904164  14.318804581957794  0.390972215660164  0.633945234684444  3.319367663240042  14.148698659046916 -154.890235520055910
        0.000000000966905  3.270959488911901  23.035727638271503  5.760438222904164  14.318804368590982  0.390972230561325  0.633945234684444  3.319367663240042  14.148698659046916 -154.890235520055910
        0.000000006103454  3.270959488911901  23.035727638271503  5.760438222904164  14.318804368590982  0.390972215660164  0.633945249585605  3.319367663240042  14.148698659046916 -154.890235520055910
        0.000000007517251  3.270959488911901  23.035727638271503  5.760438222904164  14.318804368590982  0.390972215660164  0.633945234684444  3.319367712702475  14.148698659046916 -154.890235520055910
        0.000000006275726  3.270959488911901  23.035727638271503  5.760438222904164  14.318804368590982  0.390972215660164  0.633945234684444  3.319367663240042  14.148698869878956 -154.890235520055910
        0.000037777124821  3.270959488911901  23.035727638271503  5.760438222904164  14.318804368590982  0.390972215660164  0.633945234684444  3.319367663240042  14.148698659046916 -154.890237828100283
        0.001264403382493  3.267027576321676  23.230331721965577  2.778813590791853  17.009075739339210  0.140954122924563  0.614213654156622  3.374531678490854  13.836481184696407 -154.890615635426485
        0.000792645860959  3.274418910559702  22.827974754180207  4.981531057649480  14.816492001818441  0.140432530831699  0.630282790667050  3.340141841513211  13.892628214543894 -154.890388866922649
        0.000000018839796  3.274418959352346  22.827974754180207  4.981531057649480  14.816492001818441  0.140432530831699  0.630282790667050  3.340141841513211  13.892628214543894 -154.890388866922649
        0.000000019363362  3.274418910559702  22.827975094343540  4.981531057649480  14.816492001818441  0.140432530831699  0.630282790667050  3.340141841513211  13.892628214543894 -154.890388866922649
        0.000000002113328  3.274418910559702  22.827974754180207  4.981531131880078  14.816492001818441  0.140432530831699  0.630282790667050  3.340141841513211  13.892628214543894 -154.890388866922649
        0.000000000962515  3.274418910559702  22.827974754180207  4.981531057649480  14.816492222601376  0.140432530831699  0.630282790667050  3.340141841513211  13.892628214543894 -154.890388866922649
        0.000000001010149  3.274418910559702  22.827974754180207  4.981531057649480  14.816492001818441  0.140432545732860  0.630282790667050  3.340141841513211  13.892628214543894 -154.890388866922649
        0.000000006105117  3.274418910559702  22.827974754180207  4.981531057649480  14.816492001818441  0.140432530831699  0.630282805568211  3.340141841513211  13.892628214543894 -154.890388866922649
        0.000000007416444  3.274418910559702  22.827974754180207  4.981531057649480  14.816492001818441  0.140432530831699  0.630282790667050  3.340141891285203  13.892628214543894 -154.890388866922649
        0.000000006288398  3.274418910559702  22.827974754180207  4.981531057649480  14.816492001818441  0.140432530831699  0.630282790667050  3.340141841513211  13.892628421560186 -154.890388866922649
        0.000037777247253  3.274418910559702  22.827974754180207  4.981531057649480  14.816492001818441  0.140432530831699  0.630282790667050  3.340141841513211  13.892628214543894 -154.890391174969295
        0.000117553319438  3.274607596866504  22.803617222284736  4.559532932085320  15.136184883710870  0.125056247648827  0.628023910088283  3.345818161371179  13.854455381994292 -154.890419887469449
        0.000000018827085  3.274607645661960  22.803617222284736  4.559532932085320  15.136184883710870  0.125056247648827  0.628023910088283  3.345818161371179  13.854455381994292 -154.890419887469449
        0.000000019340861  3.274607596866504  22.803617562085112  4.559532932085320  15.136184883710870  0.125056247648827  0.628023910088283  3.345818161371179  13.854455381994292 -154.890419887469449
        0.000000002117203  3.274607596866504  22.803617222284736  4.559533000027655  15.136184883710870  0.125056247648827  0.628023910088283  3.345818161371179  13.854455381994292 -154.890419887469449
        0.000000001003193  3.274607596866504  22.803617222284736  4.559532932085320  15.136185109257601  0.125056247648827  0.628023910088283  3.345818161371179  13.854455381994292 -154.890419887469449
        0.000000001032162  3.274607596866504  22.803617222284736  4.559532932085320  15.136184883710870  0.125056262549988  0.628023910088283  3.345818161371179  13.854455381994292 -154.890419887469449
        0.000000006097607  3.274607596866504  22.803617222284736  4.559532932085320  15.136184883710870  0.125056247648827  0.628023924989444  3.345818161371179  13.854455381994292 -154.890419887469449
        0.000000007395646  3.274607596866504  22.803617222284736  4.559532932085320  15.136184883710870  0.125056247648827  0.628023910088283  3.345818211227754  13.854455381994292 -154.890419887469449
        0.000000006282468  3.274607596866504  22.803617222284736  4.559532932085320  15.136184883710870  0.125056247648827  0.628023910088283  3.345818161371179  13.854455588441764 -154.890419887469449
        0.000037777271775  3.274607596866504  22.803617222284736  4.559532932085320  15.136184883710870  0.125056247648827  0.628023910088283  3.345818161371179  13.854455381994292 -154.890422195516550
        0.000788707379982  3.261584223288621  23.701658210401177  2.474793472348966  17.564928092353981  0.015528953551833  0.614531157097670  3.381557652803196  13.929162340261639 -154.890658880724118
        0.000579015388760  3.274188165550576  22.822334361883364  3.929831976017847  15.662789626410596  0.059584873267166  0.624448068991525  3.357345682981356  13.780754536034806 -154.890498871063500
        0.000000018787202  3.274188214339782  22.822334361883364  3.929831976017847  15.662789626410596  0.059584873267166  0.624448068991525  3.357345682981356  13.780754536034806 -154.890498871063500
        0.000000019283848  3.274188165550576  22.822334701962646  3.929831976017847  15.662789626410596  0.059584873267166  0.624448068991525  3.357345682981356  13.780754536034806 -154.890498871063500
        0.000000002123085  3.274188165550576  22.822334361883364  3.929832034576907  15.662789626410596  0.059584873267166  0.624448068991525  3.357345682981356  13.780754536034806 -154.890498871063500
        0.000000001064243  3.274188165550576  22.822334361883364  3.929831976017847  15.662789859804349  0.059584873267166  0.624448068991525  3.357345682981356  13.780754536034806 -154.890498871063500
        0.000000001065612  3.274188165550576  22.822334361883364  3.929831976017847  15.662789626410596  0.059584888168327  0.624448068991525  3.357345682981356  13.780754536034806 -154.890498871063500
        0.000000006080633  3.274188165550576  22.822334361883364  3.929831976017847  15.662789626410596  0.059584873267166  0.624448083892686  3.357345682981356  13.780754536034806 -154.890498871063500
        0.000000007353005  3.274188165550576  22.822334361883364  3.929831976017847  15.662789626410596  0.059584873267166  0.624448068991525  3.357345733009705  13.780754536034806 -154.890498871063500
        0.000000006259622  3.274188165550576  22.822334361883364  3.929831976017847  15.662789626410596  0.059584873267166  0.624448068991525  3.357345682981356  13.780754741384051 -154.890498871063500
        0.000037777334431  3.274188165550576  22.822334361883364  3.929831976017847  15.662789626410596  0.059584873267166  0.624448068991525  3.357345682981356  13.780754536034806 -154.890501179111794
        0.000186660556385  3.273578268750436  22.871797092275784  3.493206220177752  16.049984031769057  0.000106519934637  0.622282720709852  3.365362787805435  13.738641534513844 -154.890552279137893
        0.000000018762517  3.273578317530553  22.871797092275784  3.493206220177752  16.049984031769057  0.000106519934637  0.622282720709852  3.365362787805435  13.738641534513844 -154.890552279137893
        0.000000019248299  3.273578268750436  22.871797433092119  3.493206220177752  16.049984031769057  0.000106519934637  0.622282720709852  3.365362787805435  13.738641534513844 -154.890552279137893
        0.000000002128484  3.273578268750436  22.871797092275784  3.493206272230581  16.049984031769057  0.000106519934637  0.622282720709852  3.365362787805435  13.738641534513844 -154.890552279137893
        0.000000001107100  3.273578268750436  22.871797092275784  3.493206220177752  16.049984270932455  0.000106519934637  0.622282720709852  3.365362787805435  13.738641534513844 -154.890552279137893
        0.000000001089551  3.273578268750436  22.871797092275784  3.493206220177752  16.049984031769057  0.000106534835798  0.622282720709852  3.365362787805435  13.738641534513844 -154.890552279137893
        0.000000006072760  3.273578268750436  22.871797092275784  3.493206220177752  16.049984031769057  0.000106519934637  0.622282735611014  3.365362787805435  13.738641534513844 -154.890552279137893
        0.000000007328725  3.273578268750436  22.871797092275784  3.493206220177752  16.049984031769057  0.000106519934637  0.622282720709852  3.365362837953248  13.738641534513844 -154.890552279137893
        0.000000006242302  3.273578268750436  22.871797092275784  3.493206220177752  16.049984031769057  0.000106519934637  0.622282720709852  3.365362787805435  13.738641739235556 -154.890552279137893
        0.000037777376843  3.273578268750436  22.871797092275784  3.493206220177752  16.049984031769057  0.000106519934637  0.622282720709852  3.365362787805435  13.738641534513844 -154.890554587186983
        0.000262337950560  3.267532919957223  23.281707281585795  2.449208441025107  17.191863462340844  0.000096461678901  0.616337113857042  3.378121141587349  13.804765663324758 -154.890632775896819
        0.000000018743625  3.267532968647258  23.281707281585795  2.449208441025107  17.191863462340844  0.000096461678901  0.616337113857042  3.378121141587349  13.804765663324758 -154.890632775896819
        0.000000019213690  3.267532919957223  23.281707628510269  2.449208441025107  17.191863462340844  0.000096461678901  0.616337113857042  3.378121141587349  13.804765663324758 -154.890632775896819
        0.000000002134469  3.267532919957223  23.281707281585795  2.449208477521156  17.191863462340844  0.000096461678901  0.616337113857042  3.378121141587349  13.804765663324758 -154.890632775896819
        0.000000001205315  3.267532919957223  23.281707281585795  2.449208441025107  17.191863718519574  0.000096461678901  0.616337113857042  3.378121141587349  13.804765663324758 -154.890632775896819
        0.000000001144025  3.267532919957223  23.281707281585795  2.449208441025107  17.191863462340844  0.000096476580062  0.616337113857042  3.378121141587349  13.804765663324758 -154.890632775896819
        0.000000006032335  3.267532919957223  23.281707281585795  2.449208441025107  17.191863462340844  0.000096461678901  0.616337128758203  3.378121141587349  13.804765663324758 -154.890632775896819
        0.000000007318082  3.267532919957223  23.281707281585795  2.449208441025107  17.191863462340844  0.000096461678901  0.616337113857042  3.378121191925277  13.804765663324758 -154.890632775896819
        0.000000006154868  3.267532919957223  23.281707281585795  2.449208441025107  17.191863462340844  0.000096461678901  0.616337113857042  3.378121141587349  13.804765869031797 -154.890632775896819
        0.000037777440334  3.267532919957223  23.281707281585795  2.449208441025107  17.191863462340844  0.000096461678901  0.616337113857042  3.378121141587349  13.804765663324758 -154.890635083947103
        0.000107054714237  3.267534251444792  23.283177378368531  2.449624118851273  17.192931382159266  0.002789120991516  0.616359804166022  3.378223756416992  13.803972105018216 -154.890633435411189
        0.000000018738664  3.267534300134847  23.283177378368531  2.449624118851273  17.192931382159266  0.002789120991516  0.616359804166022  3.378223756416992  13.803972105018216 -154.890633435411189
        0.000000019207611  3.267534251444792  23.283177725314911  2.449624118851273  17.192931382159266  0.002789120991516  0.616359804166022  3.378223756416992  13.803972105018216 -154.890633435411189
        0.000000002134619  3.267534251444792  23.283177378368531  2.449624155353517  17.192931382159266  0.002789120991516  0.616359804166022  3.378223756416992  13.803972105018216 -154.890633435411189
        0.000000001205379  3.267534251444792  23.283177378368531  2.449624118851273  17.192931638353908  0.002789120991516  0.616359804166022  3.378223756416992  13.803972105018216 -154.890633435411189
        0.000000001144125  3.267534251444792  23.283177378368531  2.449624118851273  17.192931382159266  0.002789135892677  0.616359804166022  3.378223756416992  13.803972105018216 -154.890633435411189
        0.000000006032878  3.267534251444792  23.283177378368531  2.449624118851273  17.192931382159266  0.002789120991516  0.616359819067183  3.378223756416992  13.803972105018216 -154.890633435411189
        0.000000007319391  3.267534251444792  23.283177378368531  2.449624118851273  17.192931382159266  0.002789120991516  0.616359804166022  3.378223806756449  13.803972105018216 -154.890633435411189
        0.000000006153724  3.267534251444792  23.283177378368531  2.449624118851273  17.192931382159266  0.002789120991516  0.616359804166022  3.378223756416992  13.803972310713430 -154.890633435411189
        0.000037777440716  3.267534251444792  23.283177378368531  2.449624118851273  17.192931382159266  0.002789120991516  0.616359804166022  3.378223756416992  13.803972105018216 -154.890635743461473
        0.000059604163285  3.267074153449137  23.319874026859402  2.263586666276939  17.353682944820527  0.000436476646612  0.615762584087908  3.379272440076805  13.809407456871067 -154.890639164019746
        0.000000018737202  3.267074202132336  23.319874026859402  2.263586666276939  17.353682944820527  0.000436476646612  0.615762584087908  3.379272440076805  13.809407456871067 -154.890639164019746
        0.000000019204349  3.267074153449137  23.319874374352604  2.263586666276939  17.353682944820527  0.000436476646612  0.615762584087908  3.379272440076805  13.809407456871067 -154.890639164019746
        0.000000002137024  3.267074153449137  23.319874026859402  2.263586700007009  17.353682944820527  0.000436476646612  0.615762584087908  3.379272440076805  13.809407456871067 -154.890639164019746
        0.000000001222518  3.267074153449137  23.319874026859402  2.263586666276939  17.353683203410554  0.000436476646612  0.615762584087908  3.379272440076805  13.809407456871067 -154.890639164019746
        0.000000001153491  3.267074153449137  23.319874026859402  2.263586666276939  17.353682944820527  0.000436491547773  0.615762584087908  3.379272440076805  13.809407456871067 -154.890639164019746
        0.000000006031750  3.267074153449137  23.319874026859402  2.263586666276939  17.353682944820527  0.000436476646612  0.615762598989069  3.379272440076805  13.809407456871067 -154.890639164019746
        0.000000007320215  3.267074153449137  23.319874026859402  2.263586666276939  17.353682944820527  0.000436476646612  0.615762584087908  3.379272490431888  13.809407456871067 -154.890639164019746
        0.000000006147223  3.267074153449137  23.319874026859402  2.263586666276939  17.353682944820527  0.000436476646612  0.615762584087908  3.379272440076805  13.809407662647274 -154.890639164019746
        0.000037777445275  3.267074153449137  23.319874026859402  2.263586666276939  17.353682944820527  0.000436476646612  0.615762584087908  3.379272440076805  13.809407456871067 -154.890641472070115
        0.000061928699286  3.267141087648606  23.305401353698105  1.943247987121832  17.575538630066262  0.000312298078142  0.614433336714472  3.381816214359336  13.791266098318186 -154.890654336348405
        0.000000018730370  3.267141136332802  23.305401353698105  1.943247987121832  17.575538630066262  0.000312298078142  0.614433336714472  3.381816214359336  13.791266098318186 -154.890654336348405
        0.000000019192765  3.267141087648606  23.305401700975647  1.943247987121832  17.575538630066262  0.000312298078142  0.614433336714472  3.381816214359336  13.791266098318186 -154.890654336348405
        0.000000002139742  3.267141087648606  23.305401353698105  1.943248016078484  17.575538630066262  0.000312298078142  0.614433336714472  3.381816214359336  13.791266098318186 -154.890654336348405
        0.000000001250527  3.267141087648606  23.305401353698105  1.943247987121832  17.575538891962196  0.000312298078142  0.614433336714472  3.381816214359336  13.791266098318186 -154.890654336348405
        0.000000001168131  3.267141087648606  23.305401353698105  1.943247987121832  17.575538630066262  0.000312312979303  0.614433336714472  3.381816214359336  13.791266098318186 -154.890654336348405
        0.000000006023086  3.267141087648606  23.305401353698105  1.943247987121832  17.575538630066262  0.000312298078142  0.614433351615633  3.381816214359336  13.791266098318186 -154.890654336348405
        0.000000007306104  3.267141087648606  23.305401353698105  1.943247987121832  17.575538630066262  0.000312298078142  0.614433336714472  3.381816264752325  13.791266098318186 -154.890654336348405
        0.000000006143217  3.267141087648606  23.305401353698105  1.943247987121832  17.575538630066262  0.000312298078142  0.614433336714472  3.381816214359336  13.791266303824065 -154.890654336348405
        0.000037777457304  3.267141087648606  23.305401353698105  1.943247987121832  17.575538630066262  0.000312298078142  0.614433336714472  3.381816214359336  13.791266098318186 -154.890656644399002
        0.000219174540619  3.264381467233413  23.477353006243952  0.968087064723567  18.439388558442285  0.000008046498334  0.609758115009232  3.392148885510493  13.790516627877778 -154.890720222260768
        0.000000018705974  3.264381515876488  23.477353006243952  0.968087064723567  18.439388558442285  0.000008046498334  0.609758115009232  3.392148885510493  13.790516627877778 -154.890720222260768
        0.000000019153470  3.264381467233413  23.477353356083775  0.968087064723567  18.439388558442285  0.000008046498334  0.609758115009232  3.392148885510493  13.790516627877778 -154.890720222260768
        0.000000002145150  3.264381467233413  23.477353006243952  0.968087079624729  18.439388558442285  0.000008046498334  0.609758115009232  3.392148885510493  13.790516627877778 -154.890720222260768
        0.000000001332971  3.264381467233413  23.477353006243952  0.968087064723567  18.439388833210586  0.000008046498334  0.609758115009232  3.392148885510493  13.790516627877778 -154.890720222260768
        0.000000001212932  3.264381467233413  23.477353006243952  0.968087064723567  18.439388558442285  0.000008061399495  0.609758115009232  3.392148885510493  13.790516627877778 -154.890720222260768
        0.000000005982504  3.264381467233413  23.477353006243952  0.968087064723567  18.439388558442285  0.000008046498334  0.609758129910393  3.392148885510493  13.790516627877778 -154.890720222260768
        0.000000007270551  3.264381467233413  23.477353006243952  0.968087064723567  18.439388558442285  0.000008046498334  0.609758115009232  3.392148936057450  13.790516627877778 -154.890720222260768
        0.000000006094647  3.264381467233413  23.477353006243952  0.968087064723567  18.439388558442285  0.000008046498334  0.609758115009232  3.392148885510493  13.790516833372489 -154.890720222260768
        0.000037777509169  3.264381467233413  23.477353006243952  0.968087064723567  18.439388558442285  0.000008046498334  0.609758115009232  3.392148885510493  13.790516627877778 -154.890722530312360
        0.000060663353932  3.264377309809447  23.478168055728787  0.968754749374277  18.439661211190042  0.000995812529050  0.609766025933540  3.392189398823175  13.790309417885648 -154.890720505165575
        0.000000018704250  3.264377358452459  23.478168055728787  0.968754749374277  18.439661211190042  0.000995812529050  0.609766025933540  3.392189398823175  13.790309417885648 -154.890720505165575
        0.000000019151344  3.264377309809447  23.478168405580753  0.968754749374277  18.439661211190042  0.000995812529050  0.609766025933540  3.392189398823175  13.790309417885648 -154.890720505165575
        0.000000002145213  3.264377309809447  23.478168055728787  0.968754764275438  18.439661211190042  0.000995812529050  0.609766025933540  3.392189398823175  13.790309417885648 -154.890720505165575
        0.000000001332973  3.264377309809447  23.478168055728787  0.968754749374277  18.439661485962407  0.000995812529050  0.609766025933540  3.392189398823175  13.790309417885648 -154.890720505165575
        0.000000001212910  3.264377309809447  23.478168055728787  0.968754749374277  18.439661211190042  0.000995827430211  0.609766025933540  3.392189398823175  13.790309417885648 -154.890720505165575
        0.000000005982654  3.264377309809447  23.478168055728787  0.968754749374277  18.439661211190042  0.000995812529050  0.609766040834701  3.392189398823175  13.790309417885648 -154.890720505165575
        0.000000007271026  3.264377309809447  23.478168055728787  0.968754749374277  18.439661211190042  0.000995812529050  0.609766025933540  3.392189449370737  13.790309417885648 -154.890720505165575
        0.000000006094195  3.264377309809447  23.478168055728787  0.968754749374277  18.439661211190042  0.000995812529050  0.609766025933540  3.392189398823175  13.790309623377272 -154.890720505165575
        0.000037777509299  3.264377309809447  23.478168055728787  0.968754749374277  18.439661211190042  0.000995812529050  0.609766025933540  3.392189398823175  13.790309417885648 -154.890722813217167
        0.000049391589414  3.264421200574692  23.475816765765192  0.873608328332662  18.500409114557911  0.000359922610917  0.609559434696619  3.392513115844254  13.787805557607221 -154.890721581074075
        0.000000018703542  3.264421249218358  23.475816765765192  0.873608328332662  18.500409114557911  0.000359922610917  0.609559434696619  3.392513115844254  13.787805557607221 -154.890721581074075
        0.000000019149759  3.264421200574692  23.475817115582121  0.873608328332662  18.500409114557911  0.000359922610917  0.609559434696619  3.392513115844254  13.787805557607221 -154.890721581074075
        0.000000002145077  3.264421200574692  23.475816765765192  0.873608343233823  18.500409114557911  0.000359922610917  0.609559434696619  3.392513115844254  13.787805557607221 -154.890721581074075
        0.000000001337267  3.264421200574692  23.475816765765192  0.873608328332662  18.500409390235490  0.000359922610917  0.609559434696619  3.392513115844254  13.787805557607221 -154.890721581074075
        0.000000001217253  3.264421200574692  23.475816765765192  0.873608328332662  18.500409114557911  0.000359937512078  0.609559434696619  3.392513115844254  13.787805557607221 -154.890721581074075
        0.000000005982356  3.264421200574692  23.475816765765192  0.873608328332662  18.500409114557911  0.000359922610917  0.609559449597781  3.392513115844254  13.787805557607221 -154.890721581074075
        0.000000007269753  3.264421200574692  23.475816765765192  0.873608328332662  18.500409114557911  0.000359922610917  0.609559434696619  3.392513166396639  13.787805557607221 -154.890721581074075
        0.000000006094167  3.264421200574692  23.475816765765192  0.873608328332662  18.500409114557911  0.000359922610917  0.609559434696619  3.392513115844254  13.787805763061534 -154.890721581074075
        0.000037777510471  3.264421200574692  23.475816765765192  0.873608328332662  18.500409114557911  0.000359922610917  0.609559434696619  3.392513115844254  13.787805557607221 -154.890723889125695
        0.000035582849681  3.265024036296944  23.423954402585597  0.727878566933969  18.560254246510929  0.000253131203399  0.609041552880563  3.393466189934695  13.766198399017398 -154.890727505874850
        0.000000018699429  3.265024084949593  23.423954402585597  0.727878566933969  18.560254246510929  0.000253131203399  0.609041552880563  3.393466189934695  13.766198399017398 -154.890727505874850
        0.000000019143300  3.265024036296944  23.423954751629719  0.727878566933969  18.560254246510929  0.000253131203399  0.609041552880563  3.393466189934695  13.766198399017398 -154.890727505874850
        0.000000002144082  3.265024036296944  23.423954402585597  0.727878581835130  18.560254246510929  0.000253131203399  0.609041552880563  3.393466189934695  13.766198399017398 -154.890727505874850
        0.000000001343340  3.265024036296944  23.423954402585597  0.727878566933969  18.560254523080271  0.000253131203399  0.609041552880563  3.393466189934695  13.766198399017398 -154.890727505874850
        0.000000001223219  3.265024036296944  23.423954402585597  0.727878566933969  18.560254246510929  0.000253146104560  0.609041552880563  3.393466189934695  13.766198399017398 -154.890727505874850
        0.000000005977880  3.265024036296944  23.423954402585597  0.727878566933969  18.560254246510929  0.000253131203399  0.609041567781724  3.393466189934695  13.766198399017398 -154.890727505874850
        0.000000007258025  3.265024036296944  23.423954402585597  0.727878566933969  18.560254246510929  0.000253131203399  0.609041552880563  3.393466240501282  13.766198399017398 -154.890727505874850
        0.000000006098575  3.265024036296944  23.423954402585597  0.727878566933969  18.560254246510929  0.000253131203399  0.609041552880563  3.393466189934695  13.766198604149739 -154.890727505874850
        0.000037777515053  3.265024036296944  23.423954402585597  0.727878566933969  18.560254246510929  0.000253131203399  0.609041552880563  3.393466189934695  13.766198399017398 -154.890729813926555
        0.000099456592909  3.256558261423701  24.074260336752882  0.192758178224776  19.475584161893241  0.000049563110268  0.606657843805262  3.398866402661202  13.944231474290451 -154.890761130972891
        0.000000018709867  3.256558309950201  24.074260336752882  0.192758178224776  19.475584161893241  0.000049563110268  0.606657843805262  3.398866402661202  13.944231474290451 -154.890761130972891
        0.000000019154216  3.256558261423701  24.074260695487315  0.192758178224776  19.475584161893241  0.000049563110268  0.606657843805262  3.398866402661202  13.944231474290451 -154.890761130972891
        0.000000002138808  3.256558261423701  24.074260336752882  0.192758193125937  19.475584161893241  0.000049563110268  0.606657843805262  3.398866402661202  13.944231474290451 -154.890761130972891
        0.000000001366194  3.256558261423701  24.074260336752882  0.192758178224776  19.475584452102062  0.000049563110268  0.606657843805262  3.398866402661202  13.944231474290451 -154.890761130972891
        0.000000001250075  3.256558261423701  24.074260336752882  0.192758178224776  19.475584161893241  0.000049578011429  0.606657843805262  3.398866402661202  13.944231474290451 -154.890761130972891
        0.000000005956244  3.256558261423701  24.074260336752882  0.192758178224776  19.475584161893241  0.000049563110268  0.606657858706423  3.398866402661202  13.944231474290451 -154.890761130972891
        0.000000007300647  3.256558261423701  24.074260336752882  0.192758178224776  19.475584161893241  0.000049563110268  0.606657843805262  3.398866453308258  13.944231474290451 -154.890761130972891
        0.000000006001485  3.256558261423701  24.074260336752882  0.192758178224776  19.475584161893241  0.000049563110268  0.606657843805262  3.398866402661202  13.944231682075692 -154.890761130972891
        0.000037777541815  3.256558261423701  24.074260336752882  0.192758178224776  19.475584161893241  0.000049563110268  0.606657843805262  3.398866402661202  13.944231474290451 -154.890763439025079
        0.000077747149666  3.256570390185710  24.074279778316676  0.192719380964289  19.475778061447169  0.001717273698941  0.606668925360113  3.398936079320188  13.943407703696137 -154.890761592800999
        0.000000018706906  3.256570438712391  24.074279778316676  0.192719380964289  19.475778061447169  0.001717273698941  0.606668925360113  3.398936079320188  13.943407703696137 -154.890761592800999
        0.000000019150559  3.256570390185710  24.074280137051399  0.192719380964289  19.475778061447169  0.001717273698941  0.606668925360113  3.398936079320188  13.943407703696137 -154.890761592800999
        0.000000002138914  3.256570390185710  24.074279778316676  0.192719395865450  19.475778061447169  0.001717273698941  0.606668925360113  3.398936079320188  13.943407703696137 -154.890761592800999
        0.000000001366276  3.256570390185710  24.074279778316676  0.192719380964289  19.475778351658878  0.001717273698941  0.606668925360113  3.398936079320188  13.943407703696137 -154.890761592800999
        0.000000001250117  3.256570390185710  24.074279778316676  0.192719380964289  19.475778061447169  0.001717288600102  0.606668925360113  3.398936079320188  13.943407703696137 -154.890761592800999
        0.000000005956551  3.256570390185710  24.074279778316676  0.192719380964289  19.475778061447169  0.001717273698941  0.606668940261274  3.398936079320188  13.943407703696137 -154.890761592800999
        0.000000007301322  3.256570390185710  24.074279778316676  0.192719380964289  19.475778061447169  0.001717273698941  0.606668925360113  3.398936129968282  13.943407703696137 -154.890761592800999
        0.000000006000879  3.256570390185710  24.074279778316676  0.192719380964289  19.475778061447169  0.001717273698941  0.606668925360113  3.398936079320188  13.943407911469102 -154.890761592800999
        0.000037777542530  3.256570390185710  24.074279778316676  0.192719380964289  19.475778061447169  0.001717273698941  0.606668925360113  3.398936079320188  13.943407703696137 -154.890763900853216
        0.000043747774015  3.256527091375165  24.083966732853263  0.147978795467103  19.514180957140550  0.000114996270488  0.606584099781898  3.399026442939306  13.945032950928683 -154.890761838706169
        0.000000018707120  3.256527139901200  24.083966732853263  0.147978795467103  19.514180957140550  0.000114996270488  0.606584099781898  3.399026442939306  13.945032950928683 -154.890761838706169
        0.000000019150269  3.256527091375165  24.083967091732333  0.147978795467103  19.514180957140550  0.000114996270488  0.606584099781898  3.399026442939306  13.945032950928683 -154.890761838706169
        0.000000002139345  3.256527091375165  24.083966732853263  0.147978810368264  19.514180957140550  0.000114996270488  0.606584099781898  3.399026442939306  13.945032950928683 -154.890761838706169
        0.000000001368665  3.256527091375165  24.083966732853263  0.147978795467103  19.514181247924505  0.000114996270488  0.606584099781898  3.399026442939306  13.945032950928683 -154.890761838706169
        0.000000001252538  3.256527091375165  24.083966732853263  0.147978795467103  19.514180957140550  0.000115011171649  0.606584099781898  3.399026442939306  13.945032950928683 -154.890761838706169
        0.000000005958232  3.256527091375165  24.083966732853263  0.147978795467103  19.514180957140550  0.000114996270488  0.606584114683059  3.399026442939306  13.945032950928683 -154.890761838706169
        0.000000007303192  3.256527091375165  24.083966732853263  0.147978795467103  19.514180957140550  0.000114996270488  0.606584099781898  3.399026493588747  13.945032950928683 -154.890761838706169
        0.000000006000740  3.256527091375165  24.083966732853263  0.147978795467103  19.514180957140550  0.000114996270488  0.606584099781898  3.399026442939306  13.945033158725867 -154.890761838706169
        0.000037777542280  3.256527091375165  24.083966732853263  0.147978795467103  19.514180957140550  0.000114996270488  0.606584099781898  3.399026442939306  13.945032950928683 -154.890764146758386
        0.000036296029814  3.255909477801231  24.136323225303716  0.086700095530211  19.599536043793183  0.000047444536937  0.606388313466272  3.399322216726090  13.959553888116190 -154.890763505627206
        0.000000018708532  3.255909526318063  24.136323225303716  0.086700095530211  19.599536043793183  0.000047444536937  0.606388313466272  3.399322216726090  13.959553888116190 -154.890763505627206
        0.000000019151586  3.255909477801231  24.136323584962959  0.086700095530211  19.599536043793183  0.000047444536937  0.606388313466272  3.399322216726090  13.959553888116190 -154.890763505627206
        0.000000002139322  3.255909477801231  24.136323225303716  0.086700110431372  19.599536043793183  0.000047444536937  0.606388313466272  3.399322216726090  13.959553888116190 -154.890763505627206
        0.000000001371510  3.255909477801231  24.136323225303716  0.086700095530211  19.599536335849027  0.000047444536937  0.606388313466272  3.399322216726090  13.959553888116190 -154.890763505627206
        0.000000001255691  3.255909477801231  24.136323225303716  0.086700095530211  19.599536043793183  0.000047459438099  0.606388313466272  3.399322216726090  13.959553888116190 -154.890763505627206
        0.000000005958010  3.255909477801231  24.136323225303716  0.086700095530211  19.599536043793183  0.000047444536937  0.606388328367433  3.399322216726090  13.959553888116190 -154.890763505627206
        0.000000007307909  3.255909477801231  24.136323225303716  0.086700095530211  19.599536043793183  0.000047444536937  0.606388313466272  3.399322267379938  13.959553888116190 -154.890763505627206
        0.000000005994090  3.255909477801231  24.136323225303716  0.086700095530211  19.599536043793183  0.000047444536937  0.606388313466272  3.399322216726090  13.959554096129752 -154.890763505627206
        0.000037777543403  3.255909477801231  24.136323225303716  0.086700095530211  19.599536043793183  0.000047444536937  0.606388313466272  3.399322216726090  13.959553888116190 -154.890765813679451
        0.000038184540629  3.256087243108022  24.120070725643210  0.035952869338221  19.622314847547770  0.000001033394943  0.606193095720879  3.399745906208429  13.952072131080657 -154.890766189187616
        0.000000018706598  3.256087291627503  24.120070725643210  0.035952869338221  19.622314847547770  0.000001033394943  0.606193095720879  3.399745906208429  13.952072131080657 -154.890766189187616
        0.000000019148721  3.256087243108022  24.120071085060271  0.035952869338221  19.622314847547770  0.000001033394943  0.606193095720879  3.399745906208429  13.952072131080657 -154.890766189187616
        0.000000002138944  3.256087243108022  24.120070725643210  0.035952884239383  19.622314847547770  0.000001033394943  0.606193095720879  3.399745906208429  13.952072131080657 -154.890766189187616
        0.000000001373578  3.256087243108022  24.120070725643210  0.035952869338221  19.622315139943048  0.000001033394943  0.606193095720879  3.399745906208429  13.952072131080657 -154.890766189187616
        0.000000001257726  3.256087243108022  24.120070725643210  0.035952869338221  19.622314847547770  0.000001048296104  0.606193095720879  3.399745906208429  13.952072131080657 -154.890766189187616
        0.000000005956008  3.256087243108022  24.120070725643210  0.035952869338221  19.622314847547770  0.000001033394943  0.606193110622040  3.399745906208429  13.952072131080657 -154.890766189187616
        0.000000007303521  3.256087243108022  24.120070725643210  0.035952869338221  19.622314847547770  0.000001033394943  0.606193095720879  3.399745956868591  13.952072131080657 -154.890766189187616
        0.000000005995094  3.256087243108022  24.120070725643210  0.035952869338221  19.622314847547770  0.000001033394943  0.606193095720879  3.399745906208429  13.952072338982733 -154.890766189187616
        0.000037777545303  3.256087243108022  24.120070725643210  0.035952869338221  19.622314847547770  0.000001033394943  0.606193095720879  3.399745906208429  13.952072131080657 -154.890768497239890
2022-08-17 18:41:45.295244
