/projects/wagner/highthroughput/mick_graphene_paper/3_data/kc_fitting_dft
2022-08-17 22:47:09.073676
energy_inf: -154.89183204249554
     2536.019385218373827  3.416084000000000  20.021583000000000  10.905510700000001  4.275635400000000  0.010010836000000  0.844712200000000  2.936058400000000  14.313258800000000 -154.891832042495537
        0.000000018717218  3.416084050903618  20.021583000000000  10.905510700000001  4.275635400000000  0.010010836000000  0.844712200000000  2.936058400000000  14.313258800000000 -154.891832042495537
        0.000000019282189  3.416084000000000  20.021583298344837  10.905510700000001  4.275635400000000  0.010010836000000  0.844712200000000  2.936058400000000  14.313258800000000 -154.891832042495537
        0.000000002760085  3.416084000000000  20.021583000000000  10.905510862504773  4.275635400000000  0.010010836000000  0.844712200000000  2.936058400000000  14.313258800000000 -154.891832042495537
        0.000000000499340  3.416084000000000  20.021583000000000  10.905510700000001  4.275635463711932  0.010010836000000  0.844712200000000  2.936058400000000  14.313258800000000 -154.891832042495537
        0.000000000455390  3.416084000000000  20.021583000000000  10.905510700000001  4.275635400000000  0.010010850901161  0.844712200000000  2.936058400000000  14.313258800000000 -154.891832042495537
        0.000000007626080  3.416084000000000  20.021583000000000  10.905510700000001  4.275635400000000  0.010010836000000  0.844712214901161  2.936058400000000  14.313258800000000 -154.891832042495537
        0.000000008542471  3.416084000000000  20.021583000000000  10.905510700000001  4.275635400000000  0.010010836000000  0.844712200000000  2.936058443750679  14.313258800000000 -154.891832042495537
        0.000000009622645  3.416084000000000  20.021583000000000  10.905510700000001  4.275635400000000  0.010010836000000  0.844712200000000  2.936058400000000  14.313259013284176 -154.891832042495537
        0.000037775266475  3.416084000000000  20.021583000000000  10.905510700000001  4.275635400000000  0.010010836000000  0.844712200000000  2.936058400000000  14.313258800000000 -154.891834350563698
        0.232072311386962  3.332173633881490  2.652176086239262  0.054527553500000  8.496128137623288  25.743661502682809  0.134419630221370  2.937986120498392  14.202886073863407 -154.891629800474107
        0.191352374521545  3.310756403969465  17.242529400779745  8.877241297159737  6.848601678231026  7.096154445452721  0.574073276726632  2.902276135474894  14.175946740231829 -154.891610178913652
        0.000000016242865  3.310756453303580  17.242529400779745  8.877241297159737  6.848601678231026  7.096154445452721  0.574073276726632  2.902276135474894  14.175946740231829 -154.891610178913652
        0.000000016675705  3.310756403969465  17.242529657713455  8.877241297159737  6.848601678231026  7.096154445452721  0.574073276726632  2.902276135474894  14.175946740231829 -154.891610178913652
        0.000000001711264  3.310756403969465  17.242529400779745  8.877241429440939  6.848601678231026  7.096154445452721  0.574073276726632  2.902276135474894  14.175946740231829 -154.891610178913652
        0.000000000195083  3.310756403969465  17.242529400779745  8.877241297159737  6.848601780283143  7.096154445452721  0.574073276726632  2.902276135474894  14.175946740231829 -154.891610178913652
        0.000000001421187  3.310756403969465  17.242529400779745  8.877241297159737  6.848601678231026  7.096154551193663  0.574073276726632  2.902276135474894  14.175946740231829 -154.891610178913652
        0.000000003439441  3.310756403969465  17.242529400779745  8.877241297159737  6.848601678231026  7.096154445452721  0.574073291627794  2.902276135474894  14.175946740231829 -154.891610178913652
        0.000000007675046  3.310756403969465  17.242529400779745  8.877241297159737  6.848601678231026  7.096154445452721  0.574073276726632  2.902276178722179  14.175946740231829 -154.891610178913652
        0.000000005636707  3.310756403969465  17.242529400779745  8.877241297159737  6.848601678231026  7.096154445452721  0.574073276726632  2.902276135474894  14.175946951469896 -154.891610178913652
        0.000037776904294  3.310756403969465  17.242529400779745  8.877241297159737  6.848601678231026  7.096154445452721  0.574073276726632  2.902276135474894  14.175946740231829 -154.891612486978516
        0.011455970612817  3.283780976840061  17.367082919105698  9.521898808707782  7.135730889649916  6.923000842190188  0.572087141209172  2.933998120821511  14.770444213723643 -154.890923017044344
        0.000000017576657  3.283781025772210  17.367082919105698  9.521898808707782  7.135730889649916  6.923000842190188  0.572087141209172  2.933998120821511  14.770444213723643 -154.890923017044344
        0.000000018177450  3.283780976840061  17.367083177895399  9.521898808707782  7.135730889649916  6.923000842190188  0.572087141209172  2.933998120821511  14.770444213723643 -154.890923017044344
        0.000000001591750  3.283780976840061  17.367082919105698  9.521898950595132  7.135730889649916  6.923000842190188  0.572087141209172  2.933998120821511  14.770444213723643 -154.890923017044344
        0.000000000176191  3.283780976840061  17.367082919105698  9.521898808707782  7.135730995980592  6.923000842190188  0.572087141209172  2.933998120821511  14.770444213723643 -154.890923017044344
        0.000000001243437  3.283780976840061  17.367082919105698  9.521898808707782  7.135730889649916  6.923000945350939  0.572087141209172  2.933998120821511  14.770444213723643 -154.890923017044344
        0.000000003347561  3.283780976840061  17.367082919105698  9.521898808707782  7.135730889649916  6.923000842190188  0.572087156110333  2.933998120821511  14.770444213723643 -154.890923017044344
        0.000000007406945  3.283780976840061  17.367082919105698  9.521898808707782  7.135730889649916  6.923000842190188  0.572087141209172  2.933998164541490  14.770444213723643 -154.890923017044344
        0.000000005511404  3.283780976840061  17.367082919105698  9.521898808707782  7.135730889649916  6.923000842190188  0.572087141209172  2.933998120821511  14.770444433820412 -154.890923017044344
        0.000037776798107  3.283780976840061  17.367082919105698  9.521898808707782  7.135730889649916  6.923000842190188  0.572087141209172  2.933998120821511  14.770444213723643 -154.890925325098948
        0.006528990102781  3.282141481193019  18.596630428462237  10.223114826719190  7.728596762587360  6.500363000109353  0.582811958224413  3.077893302368401  15.322392477818241 -154.889479813524531
        0.000000018870335  3.282141530100739  18.596630428462237  10.223114826719190  7.728596762587360  6.500363000109353  0.582811958224413  3.077893302368401  15.322392477818241 -154.889479813524531
        0.000000019427432  3.282141481193019  18.596630705573624  10.223114826719190  7.728596762587360  6.500363000109353  0.582811958224413  3.077893302368401  15.322392477818241 -154.889479813524531
        0.000000001693790  3.282141481193019  18.596630428462237  10.223114979055472  7.728596762587360  6.500363000109353  0.582811958224413  3.077893302368401  15.322392477818241 -154.889479813524531
        0.000000000188616  3.282141481193019  18.596630428462237  10.223114826719190  7.728596877752426  6.500363000109353  0.582811958224413  3.077893302368401  15.322392477818241 -154.889479813524531
        0.000000001024984  3.282141481193019  18.596630428462237  10.223114826719190  7.728596762587360  6.500363096972309  0.582811958224413  3.077893302368401  15.322392477818241 -154.889479813524531
        0.000000003745759  3.282141481193019  18.596630428462237  10.223114826719190  7.728596762587360  6.500363000109353  0.582811973125574  3.077893302368401  15.322392477818241 -154.889479813524531
        0.000000007489990  3.282141481193019  18.596630428462237  10.223114826719190  7.728596762587360  6.500363000109353  0.582811958224413  3.077893348232586  15.322392477818241 -154.889479813524531
        0.000000005958845  3.282141481193019  18.596630428462237  10.223114826719190  7.728596762587360  6.500363000109353  0.582811958224413  3.077893302368401  15.322392706139681 -154.889479813524531
        0.000037776183062  3.282141481193019  18.596630428462237  10.223114826719190  7.728596762587360  6.500363000109353  0.582811958224413  3.077893302368401  15.322392477818241 -154.889482121557648
        0.001942148793858  3.273294206405414  19.911272902608822  10.192853938766588  8.184212032977637  6.085564968981061  0.603570886150718  3.105623554960531  15.785179605704331 -154.889041042342484
        0.000000019347210  3.273294255181298  19.911272902608822  10.192853938766588  8.184212032977637  6.085564968981061  0.603570886150718  3.105623554960531  15.785179605704331 -154.889041042342484
        0.000000019943120  3.273294206405414  19.911273199309910  10.192853938766588  8.184212032977637  6.085564968981061  0.603570886150718  3.105623554960531  15.785179605704331 -154.889041042342484
        0.000000001764962  3.273294206405414  19.911272902608822  10.192854090651947  8.184212032977637  6.085564968981061  0.603570886150718  3.105623554960531  15.785179605704331 -154.889041042342484
        0.000000000222395  3.273294206405414  19.911272902608822  10.192853938766588  8.184212154931901  6.085564968981061  0.603570886150718  3.105623554960531  15.785179605704331 -154.889041042342484
        0.000000000841721  3.273294206405414  19.911272902608822  10.192853938766588  8.184212032977637  6.085565059663046  0.603570886150718  3.105623554960531  15.785179605704331 -154.889041042342484
        0.000000004048171  3.273294206405414  19.911272902608822  10.192853938766588  8.184212032977637  6.085564968981061  0.603570901051880  3.105623554960531  15.785179605704331 -154.889041042342484
        0.000000007713419  3.273294206405414  19.911272902608822  10.192853938766588  8.184212032977637  6.085564968981061  0.603570886150718  3.105623601237928  15.785179605704331 -154.889041042342484
        0.000000006055345  3.273294206405414  19.911272902608822  10.192853938766588  8.184212032977637  6.085564968981061  0.603570886150718  3.105623554960531  15.785179840921836 -154.889041042342484
        0.000037775967529  3.273294206405414  19.911272902608822  10.192853938766588  8.184212032977637  6.085564968981061  0.603570886150718  3.105623554960531  15.785179605704331 -154.889043350369064
        0.000553747374116  3.263667754852288  21.077108044902054  10.200016132652252  8.844427514074248  5.619069247757274  0.615675291763174  3.116684470392574  16.049728372563351 -154.888988017445030
        0.000000019499520  3.263667803484727  21.077108044902054  10.200016132652252  8.844427514074248  5.619069247757274  0.615675291763174  3.116684470392574  16.049728372563351 -154.888988017445030
        0.000000020131206  3.263667754852288  21.077108358975440  10.200016132652252  8.844427514074248  5.619069247757274  0.615675291763174  3.116684470392574  16.049728372563351 -154.888988017445030
        0.000000001816138  3.263667754852288  21.077108044902054  10.200016284644336  8.844427514074248  5.619069247757274  0.615675291763174  3.116684470392574  16.049728372563351 -154.888988017445030
        0.000000000268136  3.263667754852288  21.077108044902054  10.200016132652252  8.844427645866487  5.619069247757274  0.615675291763174  3.116684470392574  16.049728372563351 -154.888988017445030
        0.000000000671425  3.263667754852288  21.077108044902054  10.200016132652252  8.844427514074248  5.619069331487930  0.615675291763174  3.116684470392574  16.049728372563351 -154.888988017445030
        0.000000004344190  3.263667754852288  21.077108044902054  10.200016132652252  8.844427514074248  5.619069247757274  0.615675306664335  3.116684470392574  16.049728372563351 -154.888988017445030
        0.000000007892346  3.263667754852288  21.077108044902054  10.200016132652252  8.844427514074248  5.619069247757274  0.615675291763174  3.116684516834792  16.049728372563351 -154.888988017445030
        0.000000006035860  3.263667754852288  21.077108044902054  10.200016132652252  8.844427514074248  5.619069247757274  0.615675291763174  3.116684470392574  16.049728611722941 -154.888988017445030
        0.000037775962974  3.263667754852288  21.077108044902054  10.200016132652252  8.844427514074248  5.619069247757274  0.615675291763174  3.116684470392574  16.049728372563351 -154.888990325470814
        0.000668718246282  3.248451123179505  22.579242594672273  10.203897757085665  9.960247252728637  4.987799899130235  0.622508584932698  3.146972925980005  16.222153111701957 -154.889177359765711
        0.000000019487646  3.248451171585198  22.579242594672273  10.203897757085665  9.960247252728637  4.987799899130235  0.622508584932698  3.146972925980005  16.222153111701957 -154.889177359765711
        0.000000020132686  3.248451123179505  22.579242931129208  10.203897757085665  9.960247252728637  4.987799899130235  0.622508584932698  3.146972925980005  16.222153111701957 -154.889177359765711
        0.000000001860016  3.248451123179505  22.579242594672273  10.203897909135589  9.960247252728637  4.987799899130235  0.622508584932698  3.146972925980005  16.222153111701957 -154.889177359765711
        0.000000000336062  3.248451123179505  22.579242594672273  10.203897757085665  9.960247401147887  4.987799899130235  0.622508584932698  3.146972925980005  16.222153111701957 -154.889177359765711
        0.000000000483571  3.248451123179505  22.579242594672273  10.203897757085665  9.960247252728637  4.987799973454245  0.622508584932698  3.146972925980005  16.222153111701957 -154.889177359765711
        0.000000004654056  3.248451123179505  22.579242594672273  10.203897757085665  9.960247252728637  4.987799899130235  0.622508599833859  3.146972925980005  16.222153111701957 -154.889177359765711
        0.000000007998696  3.248451123179505  22.579242594672273  10.203897757085665  9.960247252728637  4.987799899130235  0.622508584932698  3.146972972873556  16.222153111701957 -154.889177359765711
        0.000000005898469  3.248451123179505  22.579242594672273  10.203897757085665  9.960247252728637  4.987799899130235  0.622508584932698  3.146972925980005  16.222153353430876 -154.889177359765711
        0.000037776147486  3.248451123179505  22.579242594672273  10.203897757085665  9.960247252728637  4.987799899130235  0.622508584932698  3.146972925980005  16.222153111701957 -154.889179667794309
        0.000851158422816  3.232567599318299  24.178440665360174  9.951872096439393  11.512349346564070  4.299258229183836  0.624153362383293  3.184463179747797  16.338862493305854 -154.889441245970175
        0.000000019423932  3.232567647487310  24.178440665360174  9.951872096439393  11.512349346564070  4.299258229183836  0.624153362383293  3.184463179747797  16.338862493305854 -154.889441245970175
        0.000000020066537  3.232567599318299  24.178441025647015  9.951872096439393  11.512349346564070  4.299258229183836  0.624153362383293  3.184463179747797  16.338862493305854 -154.889441245970175
        0.000000001900861  3.232567599318299  24.178440665360174  9.951872244733844  11.512349346564070  4.299258229183836  0.624153362383293  3.184463179747797  16.338862493305854 -154.889441245970175
        0.000000000433122  3.232567599318299  24.178440665360174  9.951872096439393  11.512349518111444  4.299258229183836  0.624153362383293  3.184463179747797  16.338862493305854 -154.889441245970175
        0.000000000389133  3.232567599318299  24.178440665360174  9.951872096439393  11.512349346564070  4.299258293247776  0.624153362383293  3.184463179747797  16.338862493305854 -154.889441245970175
        0.000000004941632  3.232567599318299  24.178440665360174  9.951872096439393  11.512349346564070  4.299258229183836  0.624153377284454  3.184463179747797  16.338862493305854 -154.889441245970175
        0.000000008065544  3.232567599318299  24.178440665360174  9.951872096439393  11.512349346564070  4.299258229183836  0.624153362383293  3.184463227199996  16.338862493305854 -154.889441245970175
        0.000000005736782  3.232567599318299  24.178440665360174  9.951872096439393  11.512349346564070  4.299258229183836  0.624153362383293  3.184463179747797  16.338862736773876 -154.889441245970175
        0.000037776385647  3.232567599318299  24.178440665360174  9.951872096439393  11.512349346564070  4.299258229183836  0.624153362383293  3.184463179747797  16.338862493305854 -154.889443554002696
        0.005377502486487  3.135096641878472  32.691187600238877  6.907073756872144  21.517070006115457  3.419470029697643  0.601642045176892  3.293921994771317  18.279835724817932 -154.890178490577853
        0.005440865023476  3.213919204759704  26.308961235232566  9.251518898106241  13.895585373399435  3.160274444765031  0.626193785514586  3.238743451636605  16.379067153644172 -154.889829055151495
        0.000000019279367  3.213919252650832  26.308961235232566  9.251518898106241  13.895585373399435  3.160274444765031  0.626193785514586  3.238743451636605  16.379067153644172 -154.889829055151495
        0.000000019909238  3.213919204759704  26.308961627266637  9.251518898106241  13.895585373399435  3.160274444765031  0.626193785514586  3.238743451636605  16.379067153644172 -154.889829055151495
        0.000000001958695  3.213919204759704  26.308961235232566  9.251519035964614  13.895585373399435  3.160274444765031  0.626193785514586  3.238743451636605  16.379067153644172 -154.889829055151495
        0.000000000583959  3.213919204759704  26.308961235232566  9.251518898106241  13.895585580459793  3.160274444765031  0.626193785514586  3.238743451636605  16.379067153644172 -154.889829055151495
        0.000000000507181  3.213919204759704  26.308961235232566  9.251518898106241  13.895585373399435  3.160274491856790  0.626193785514586  3.238743451636605  16.379067153644172 -154.889829055151495
        0.000000005336118  3.213919204759704  26.308961235232566  9.251518898106241  13.895585373399435  3.160274444765031  0.626193800415747  3.238743451636605  16.379067153644172 -154.889829055151495
        0.000000008117164  3.213919204759704  26.308961235232566  9.251518898106241  13.895585373399435  3.160274444765031  0.626193785514586  3.238743499897643  16.379067153644172 -154.889829055151495
        0.000000005548940  3.213919204759704  26.308961235232566  9.251518898106241  13.895585373399435  3.160274444765031  0.626193785514586  3.238743451636605  16.379067397711292 -154.889829055151495
        0.000037776726078  3.213919204759704  26.308961235232566  9.251518898106241  13.895585373399435  3.160274444765031  0.626193785514586  3.238743451636605  16.379067153644172 -154.889831363189813
        0.000605096676667  3.204934871033223  27.465477307082342  7.906189777972600  16.074377735556357  2.628327054214854  0.621461372906123  3.264485100759148  16.436932382079206 -154.889982459798944
        0.000000019255124  3.204934918790474  27.465477307082342  7.906189777972600  16.074377735556357  2.628327054214854  0.621461372906123  3.264485100759148  16.436932382079206 -154.889982459798944
        0.000000019872190  3.204934871033223  27.465477716349845  7.906189777972600  16.074377735556357  2.628327054214854  0.621461372906123  3.264485100759148  16.436932382079206 -154.889982459798944
        0.000000001998846  3.204934871033223  27.465477307082342  7.906189895784009  16.074377735556357  2.628327054214854  0.621461372906123  3.264485100759148  16.436932382079206 -154.889982459798944
        0.000000000743834  3.204934871033223  27.465477307082342  7.906189777972600  16.074377975083252  2.628327054214854  0.621461372906123  3.264485100759148  16.436932382079206 -154.889982459798944
        0.000000000672983  3.204934871033223  27.465477307082342  7.906189777972600  16.074377735556357  2.628327093379979  0.621461372906123  3.264485100759148  16.436932382079206 -154.889982459798944
        0.000000005534544  3.204934871033223  27.465477307082342  7.906189777972600  16.074377735556357  2.628327054214854  0.621461387807284  3.264485100759148  16.436932382079206 -154.889982459798944
        0.000000008172240  3.204934871033223  27.465477307082342  7.906189777972600  16.074377735556357  2.628327054214854  0.621461372906123  3.264485149403767  16.436932382079206 -154.889982459798944
        0.000000005470047  3.204934871033223  27.465477307082342  7.906189777972600  16.074377735556357  2.628327054214854  0.621461372906123  3.264485100759148  16.436932627008584 -154.889982459798944
        0.000037776862025  3.204934871033223  27.465477307082342  7.906189777972600  16.074377735556357  2.628327054214854  0.621461372906123  3.264485100759148  16.436932382079206 -154.889984767839536
        0.001210053322217  3.210880563930195  28.076929610820443  7.812558504878318  16.569585705360087  0.756428057587371  0.638823611673588  3.297268293658759  15.928492873807624 -154.890205222395991
        0.000000019105094  3.210880611776044  28.076929610820443  7.812558504878318  16.569585705360087  0.756428057587371  0.638823611673588  3.297268293658759  15.928492873807624 -154.890205222395991
        0.000000019732878  3.210880563930195  28.076930029199296  7.812558504878318  16.569585705360087  0.756428057587371  0.638823611673588  3.297268293658759  15.928492873807624 -154.890205222395991
        0.000000002092014  3.210880563930195  28.076929610820443  7.812558621294512  16.569585705360087  0.756428057587371  0.638823611673588  3.297268293658759  15.928492873807624 -154.890205222395991
        0.000000000808991  3.210880563930195  28.076929610820443  7.812558504878318  16.569585952266156  0.756428057587371  0.638823611673588  3.297268293658759  15.928492873807624 -154.890205222395991
        0.000000000949746  3.210880563930195  28.076929610820443  7.812558504878318  16.569585705360087  0.756428072488532  0.638823611673588  3.297268293658759  15.928492873807624 -154.890205222395991
        0.000000006129734  3.210880563930195  28.076929610820443  7.812558504878318  16.569585705360087  0.756428057587371  0.638823626574749  3.297268293658759  15.928492873807624 -154.890205222395991
        0.000000008181866  3.210880563930195  28.076929610820443  7.812558504878318  16.569585705360087  0.756428057587371  0.638823611673588  3.297268342791885  15.928492873807624 -154.890205222395991
        0.000000005624724  3.210880563930195  28.076929610820443  7.812558504878318  16.569585705360087  0.756428057587371  0.638823611673588  3.297268293658759  15.928493111160664 -154.890205222395991
        0.000037777064995  3.210880563930195  28.076929610820443  7.812558504878318  16.569585705360087  0.756428057587371  0.638823611673588  3.297268293658759  15.928492873807624 -154.890207530439909
        0.000490310364348  3.210892057198754  28.013103313010873  7.638226380120082  16.785736400984831  0.735951450779313  0.634887231052450  3.309269527179264  15.842356379931902 -154.890277511674242
        0.000000019089951  3.210892105044775  28.013103313010873  7.638226380120082  16.785736400984831  0.735951450779313  0.634887231052450  3.309269527179264  15.842356379931902 -154.890277511674242
        0.000000019702840  3.210892057198754  28.013103730438640  7.638226380120082  16.785736400984831  0.735951450779313  0.634887231052450  3.309269527179264  15.842356379931902 -154.890277511674242
        0.000000002085433  3.210892057198754  28.013103313010873  7.638226493938524  16.785736400984831  0.735951450779313  0.634887231052450  3.309269527179264  15.842356379931902 -154.890277511674242
        0.000000000822071  3.210892057198754  28.013103313010873  7.638226380120082  16.785736651111794  0.735951450779313  0.634887231052450  3.309269527179264  15.842356379931902 -154.890277511674242
        0.000000000955960  3.210892057198754  28.013103313010873  7.638226380120082  16.785736400984831  0.735951465680475  0.634887231052450  3.309269527179264  15.842356379931902 -154.890277511674242
        0.000000006092301  3.210892057198754  28.013103313010873  7.638226380120082  16.785736400984831  0.735951450779313  0.634887245953611  3.309269527179264  15.842356379931902 -154.890277511674242
        0.000000008113425  3.210892057198754  28.013103313010873  7.638226380120082  16.785736400984831  0.735951450779313  0.634887231052450  3.309269576491222  15.842356379931902 -154.890277511674242
        0.000000005613394  3.210892057198754  28.013103313010873  7.638226380120082  16.785736400984831  0.735951450779313  0.634887231052450  3.309269527179264  15.842356616001407 -154.890277511674242
        0.000037777121674  3.210892057198754  28.013103313010873  7.638226380120082  16.785736400984831  0.735951450779313  0.634887231052450  3.309269527179264  15.842356379931902 -154.890279819719240
        0.001571546813327  3.177966360463785  31.066280374917689  4.196352091816582  22.333244483182021  0.507855251637230  0.613964156979489  3.356959425900862  16.439342580872225 -154.890563672284543
        0.001432796887751  3.206275744182900  28.494257719822116  6.767364381457866  17.966578619707189  0.513222939764620  0.630251971518753  3.328489864976435  15.813915912046129 -154.890406668803905
        0.000000019035490  3.206275791960132  28.494257719822116  6.767364381457866  17.966578619707189  0.513222939764620  0.630251971518753  3.328489864976435  15.813915912046129 -154.890406668803905
        0.000000019628816  3.206275744182900  28.494258144419643  6.767364381457866  17.966578619707189  0.513222939764620  0.630251971518753  3.328489864976435  15.813915912046129 -154.890406668803905
        0.000000002095663  3.206275744182900  28.494257719822116  6.767364482299453  17.966578619707189  0.513222939764620  0.630251971518753  3.328489864976435  15.813915912046129 -154.890406668803905
        0.000000000906215  3.206275744182900  28.494257719822116  6.767364381457866  17.966578887430074  0.513222939764620  0.630251971518753  3.328489864976435  15.813915912046129 -154.890406668803905
        0.000000001006739  3.206275744182900  28.494257719822116  6.767364381457866  17.966578619707189  0.513222954665781  0.630251971518753  3.328489864976435  15.813915912046129 -154.890406668803905
        0.000000006090847  3.206275744182900  28.494257719822116  6.767364381457866  17.966578619707189  0.513222939764620  0.630251986419914  3.328489864976435  15.813915912046129 -154.890406668803905
        0.000000008087749  3.206275744182900  28.494257719822116  6.767364381457866  17.966578619707189  0.513222939764620  0.630251971518753  3.328489914574799  15.813915912046129 -154.890406668803905
        0.000000005549056  3.206275744182900  28.494257719822116  6.767364381457866  17.966578619707189  0.513222939764620  0.630251971518753  3.328489864976435  15.813916147691840 -154.890406668803905
        0.000037777228073  3.206275744182900  28.494257719822116  6.767364381457866  17.966578619707189  0.513222939764620  0.630251971518753  3.328489864976435  15.813915912046129 -154.890408976850836
        0.000280416551677  3.209107615183912  28.536288559700065  6.722424447962118  18.065621476486118  0.000894582338289  0.634299554653859  3.337851109440330  15.642607465330384 -154.890469373057925
        0.000000018997294  3.209107663003341  28.536288559700065  6.722424447962118  18.065621476486118  0.000894582338289  0.634299554653859  3.337851109440330  15.642607465330384 -154.890469373057925
        0.000000019591150  3.209107615183912  28.536288984923900  6.722424447962118  18.065621476486118  0.000894582338289  0.634299554653859  3.337851109440330  15.642607465330384 -154.890469373057925
        0.000000002120983  3.209107615183912  28.536288559700065  6.722424548134049  18.065621476486118  0.000894582338289  0.634299554653859  3.337851109440330  15.642607465330384 -154.890469373057925
        0.000000000926441  3.209107615183912  28.536288559700065  6.722424447962118  18.065621745684854  0.000894582338289  0.634299554653859  3.337851109440330  15.642607465330384 -154.890469373057925
        0.000000001027174  3.209107615183912  28.536288559700065  6.722424447962118  18.065621476486118  0.000894597239451  0.634299554653859  3.337851109440330  15.642607465330384 -154.890469373057925
        0.000000006181753  3.209107615183912  28.536288559700065  6.722424447962118  18.065621476486118  0.000894582338289  0.634299569555020  3.337851109440330  15.642607465330384 -154.890469373057925
        0.000000008080719  3.209107615183912  28.536288559700065  6.722424447962118  18.065621476486118  0.000894582338289  0.634299554653859  3.337851159178187  15.642607465330384 -154.890469373057925
        0.000000005603113  3.209107615183912  28.536288559700065  6.722424447962118  18.065621476486118  0.000894582338289  0.634299554653859  3.337851109440330  15.642607698423399 -154.890469373057925
        0.000037777282718  3.209107615183912  28.536288559700065  6.722424447962118  18.065621476486118  0.000894582338289  0.634299554653859  3.337851109440330  15.642607465330384 -154.890471681105765
        0.000250396242267  3.209508677687887  28.449727091812807  5.256955479348399  19.224248812752940  0.000698201725993  0.627175789249586  3.351181310290186  15.536314510326706 -154.890541322571181
        0.000000018956967  3.209508725513293  28.449727091812807  5.256955479348399  19.224248812752940  0.000698201725993  0.627175789249586  3.351181310290186  15.536314510326706 -154.890541322571181
        0.000000019525383  3.209508677687887  28.449727515746776  5.256955479348399  19.224248812752940  0.000698201725993  0.627175789249586  3.351181310290186  15.536314510326706 -154.890541322571181
        0.000000002128534  3.209508677687887  28.449727091812807  5.256955557683140  19.224248812752940  0.000698201725993  0.627175789249586  3.351181310290186  15.536314510326706 -154.890541322571181
        0.000000001041351  3.209508677687887  28.449727091812807  5.256955479348399  19.224249099216571  0.000698201725993  0.627175789249586  3.351181310290186  15.536314510326706 -154.890541322571181
        0.000000001089113  3.209508677687887  28.449727091812807  5.256955479348399  19.224248812752940  0.000698216627154  0.627175789249586  3.351181310290186  15.536314510326706 -154.890541322571181
        0.000000006158831  3.209508677687887  28.449727091812807  5.256955479348399  19.224248812752940  0.000698201725993  0.627175804150747  3.351181310290186  15.536314510326706 -154.890541322571181
        0.000000008024845  3.209508677687887  28.449727091812807  5.256955479348399  19.224248812752940  0.000698201725993  0.627175789249586  3.351181360226678  15.536314510326706 -154.890541322571181
        0.000000005587180  3.209508677687887  28.449727091812807  5.256955479348399  19.224248812752940  0.000698201725993  0.627175789249586  3.351181310290186  15.536314741835833 -154.890541322571181
        0.000037777343286  3.209508677687887  28.449727091812807  5.256955479348399  19.224248812752940  0.000698201725993  0.627175789249586  3.351181310290186  15.536314510326706 -154.890543630620101
        0.000096074688544  3.208381297867689  28.554552439113227  5.034430786418092  19.481842684864599  0.002480175473890  0.626313353891204  3.352746398987744  15.558096247960648 -154.890549640799861
        0.000000018952858  3.208381345676296  28.554552439113227  5.034430786418092  19.481842684864599  0.002480175473890  0.626313353891204  3.352746398987744  15.558096247960648 -154.890549640799861
        0.000000019518685  3.208381297867689  28.554552864609217  5.034430786418092  19.481842684864599  0.002480175473890  0.626313353891204  3.352746398987744  15.558096247960648 -154.890549640799861
        0.000000002130484  3.208381297867689  28.554552439113227  5.034430861436957  19.481842684864599  0.002480175473890  0.626313353891204  3.352746398987744  15.558096247960648 -154.890549640799861
        0.000000001060047  3.208381297867689  28.554552439113227  5.034430786418092  19.481842975166678  0.002480175473890  0.626313353891204  3.352746398987744  15.558096247960648 -154.890549640799861
        0.000000001099671  3.208381297867689  28.554552439113227  5.034430786418092  19.481842684864599  0.002480190375051  0.626313353891204  3.352746398987744  15.558096247960648 -154.890549640799861
        0.000000006157573  3.208381297867689  28.554552439113227  5.034430786418092  19.481842684864599  0.002480175473890  0.626313368792365  3.352746398987744  15.558096247960648 -154.890549640799861
        0.000000008031490  3.208381297867689  28.554552439113227  5.034430786418092  19.481842684864599  0.002480175473890  0.626313353891204  3.352746448947559  15.558096247960648 -154.890549640799861
        0.000000005572204  3.208381297867689  28.554552439113227  5.034430786418092  19.481842684864599  0.002480175473890  0.626313353891204  3.352746398987744  15.558096479794349 -154.890549640799861
        0.000037777350133  3.208381297867689  28.554552439113227  5.034430786418092  19.481842684864599  0.002480175473890  0.626313353891204  3.352746398987744  15.558096247960648 -154.890551948848895
        0.000058727369734  3.208539388408160  28.534236935577969  4.651794133331604  19.749455930327454  0.002157759159100  0.625141014101771  3.354240874258128  15.544067611076477 -154.890556800571545
        0.000000018951839  3.208539436219123  28.534236935577969  4.651794133331604  19.749455930327454  0.002157759159100  0.625141014101771  3.354240874258128  15.544067611076477 -154.890556800571545
        0.000000019514489  3.208539388408160  28.534237360771233  4.651794133331604  19.749455930327454  0.002157759159100  0.625141014101771  3.354240874258128  15.544067611076477 -154.890556800571545
        0.000000002133741  3.208539388408160  28.534236935577969  4.651794202648738  19.749455930327454  0.002157759159100  0.625141014101771  3.354240874258128  15.544067611076477 -154.890556800571545
        0.000000001089056  3.208539388408160  28.534236935577969  4.651794133331604  19.749456224617280  0.002157759159100  0.625141014101771  3.354240874258128  15.544067611076477 -154.890556800571545
        0.000000001115028  3.208539388408160  28.534236935577969  4.651794133331604  19.749455930327454  0.002157774060261  0.625141014101771  3.354240874258128  15.544067611076477 -154.890556800571545
        0.000000006155920  3.208539388408160  28.534236935577969  4.651794133331604  19.749455930327454  0.002157759159100  0.625141029002932  3.354240874258128  15.544067611076477 -154.890556800571545
        0.000000008024653  3.208539388408160  28.534236935577969  4.651794133331604  19.749455930327454  0.002157759159100  0.625141014101771  3.354240924240211  15.544067611076477 -154.890556800571545
        0.000000005572050  3.208539388408160  28.534236935577969  4.651794133331604  19.749455930327454  0.002157759159100  0.625141014101771  3.354240874258128  15.544067842701134 -154.890556800571545
        0.000037777356268  3.208539388408160  28.534236935577969  4.651794133331604  19.749455930327454  0.002157759159100  0.625141014101771  3.354240874258128  15.544067611076477 -154.890559108620693
        0.000266074234459  3.204992195684237  28.826237743851642  2.729634614207354  21.506940311777438  0.000786559986586  0.617159549542373  3.368735706628099  15.545205946008858 -154.890633288164310
        0.000000018926900  3.204992243442343  28.826237743851642  2.729634614207354  21.506940311777438  0.000786559986586  0.617159549542373  3.368735706628099  15.545205946008858 -154.890633288164310
        0.000000019467083  3.204992195684237  28.826238173396057  2.729634614207354  21.506940311777438  0.000786559986586  0.617159549542373  3.368735706628099  15.545205946008858 -154.890633288164310
        0.000000002145468  3.204992195684237  28.826237743851642  2.729634654882079  21.506940311777438  0.000786559986586  0.617159549542373  3.368735706628099  15.545205946008858 -154.890633288164310
        0.000000001236047  3.204992195684237  28.826237743851642  2.729634614207354  21.506940632255823  0.000786559986586  0.617159549542373  3.368735706628099  15.545205946008858 -154.890633288164310
        0.000000001195011  3.204992195684237  28.826237743851642  2.729634614207354  21.506940311777438  0.000786574887747  0.617159549542373  3.368735706628099  15.545205946008858 -154.890633288164310
        0.000000006121318  3.204992195684237  28.826237743851642  2.729634614207354  21.506940311777438  0.000786559986586  0.617159564443534  3.368735706628099  15.545205946008858 -154.890633288164310
        0.000000007989739  3.204992195684237  28.826237743851642  2.729634614207354  21.506940311777438  0.000786559986586  0.617159549542373  3.368735756826172  15.545205946008858 -154.890633288164310
        0.000000005515018  3.204992195684237  28.826237743851642  2.729634614207354  21.506940311777438  0.000786559986586  0.617159549542373  3.368735706628099  15.545206177650478 -154.890633288164310
        0.000037777420907  3.204992195684237  28.826237743851642  2.729634614207354  21.506940311777438  0.000786559986586  0.617159549542373  3.368735706628099  15.545205946008858 -154.890635596214594
        0.000100361041194  3.204987248459278  28.829055570567494  2.731857860006685  21.507864227458974  0.003122871439037  0.617195084972100  3.368812484359413  15.544671918728168 -154.890633779465816
        0.000000018922180  3.204987296217309  28.829055570567494  2.731857860006685  21.507864227458974  0.003122871439037  0.617195084972100  3.368812484359413  15.544671918728168 -154.890633779465816
        0.000000019461480  3.204987248459278  28.829056000153898  2.731857860006685  21.507864227458974  0.003122871439037  0.617195084972100  3.368812484359413  15.544671918728168 -154.890633779465816
        0.000000002145669  3.204987248459278  28.829055570567494  2.731857900714540  21.507864227458974  0.003122871439037  0.617195084972100  3.368812484359413  15.544671918728168 -154.890633779465816
        0.000000001236065  3.204987248459278  28.829055570567494  2.731857860006685  21.507864547951126  0.003122871439037  0.617195084972100  3.368812484359413  15.544671918728168 -154.890633779465816
        0.000000001195084  3.204987248459278  28.829055570567494  2.731857860006685  21.507864227458974  0.003122886340199  0.617195084972100  3.368812484359413  15.544671918728168 -154.890633779465816
        0.000000006122059  3.204987248459278  28.829055570567494  2.731857860006685  21.507864227458974  0.003122871439037  0.617195099873262  3.368812484359413  15.544671918728168 -154.890633779465816
        0.000000007991369  3.204987248459278  28.829055570567494  2.731857860006685  21.507864227458974  0.003122871439037  0.617195084972100  3.368812534558631  15.544671918728168 -154.890633779465816
        0.000000005513815  3.204987248459278  28.829055570567494  2.731857860006685  21.507864227458974  0.003122871439037  0.617195084972100  3.368812484359413  15.544672150361830 -154.890633779465816
        0.000037777421681  3.204987248459278  28.829055570567494  2.731857860006685  21.507864227458974  0.003122871439037  0.617195084972100  3.368812484359413  15.544671918728168 -154.890636087516128
        0.000082184345888  3.204486743586049  28.883164705325370  2.614390643006970  21.613712225345392  0.000835214287413  0.617299860771439  3.368387737342561  15.563033563165860 -154.890630764461065
        0.000000018924839  3.204486791336623  28.883164705325370  2.614390643006970  21.613712225345392  0.000835214287413  0.617299860771439  3.368387737342561  15.563033563165860 -154.890630764461065
        0.000000019464793  3.204486743586049  28.883165135718063  2.614390643006970  21.613712225345392  0.000835214287413  0.617299860771439  3.368387737342561  15.563033563165860 -154.890630764461065
        0.000000002147795  3.204486743586049  28.883164705325370  2.614390681964426  21.613712225345392  0.000835214287413  0.617299860771439  3.368387737342561  15.563033563165860 -154.890630764461065
        0.000000001244856  3.204486743586049  28.883164705325370  2.614390643006970  21.613712547414803  0.000835214287413  0.617299860771439  3.368387737342561  15.563033563165860 -154.890630764461065
        0.000000001199841  3.204486743586049  28.883164705325370  2.614390643006970  21.613712225345392  0.000835229188575  0.617299860771439  3.368387737342561  15.563033563165860 -154.890630764461065
        0.000000006125729  3.204486743586049  28.883164705325370  2.614390643006970  21.613712225345392  0.000835214287413  0.617299875672600  3.368387737342561  15.563033563165860 -154.890630764461065
        0.000000008000770  3.204486743586049  28.883164705325370  2.614390643006970  21.613712225345392  0.000835214287413  0.617299860771439  3.368387787535450  15.563033563165860 -154.890630764461065
        0.000000005508968  3.204486743586049  28.883164705325370  2.614390643006970  21.613712225345392  0.000835214287413  0.617299860771439  3.368387737342561  15.563033795073132 -154.890630764461065
        0.000037777419049  3.204486743586049  28.883164705325370  2.614390643006970  21.613712225345392  0.000835214287413  0.617299860771439  3.368387737342561  15.563033563165860 -154.890633072511321
        0.000037788627545  3.204713147605854  28.857436233648723  2.368682818512473  21.768232124372510  0.000665183600953  0.616617852414021  3.369448462789326  15.549354549550195 -154.890636065274180
        0.000000018922501  3.204713195359801  28.857436233648723  2.368682818512473  21.768232124372510  0.000665183600953  0.616617852414021  3.369448462789326  15.549354549550195 -154.890636065274180
        0.000000019460223  3.204713147605854  28.857436663658032  2.368682818512473  21.768232124372510  0.000665183600953  0.616617852414021  3.369448462789326  15.549354549550195 -154.890636065274180
        0.000000002149814  3.204713147605854  28.857436233648723  2.368682853808598  21.768232124372510  0.000665183600953  0.616617852414021  3.369448462789326  15.549354549550195 -154.890636065274180
        0.000000001262403  3.204713147605854  28.857436233648723  2.368682818512473  21.768232448744445  0.000665183600953  0.616617852414021  3.369448462789326  15.549354549550195 -154.890636065274180
        0.000000001208931  3.204713147605854  28.857436233648723  2.368682818512473  21.768232124372510  0.000665198502114  0.616617852414021  3.369448462789326  15.549354549550195 -154.890636065274180
        0.000000006122683  3.204713147605854  28.857436233648723  2.368682818512473  21.768232124372510  0.000665183600953  0.616617867315182  3.369448462789326  15.549354549550195 -154.890636065274180
        0.000000007993066  3.204713147605854  28.857436233648723  2.368682818512473  21.768232124372510  0.000665183600953  0.616617852414021  3.369448512998021  15.549354549550195 -154.890636065274180
        0.000000005509862  3.204713147605854  28.857436233648723  2.368682818512473  21.768232124372510  0.000665183600953  0.616617852414021  3.369448462789326  15.549354781253633 -154.890636065274180
        0.000037777423626  3.204713147605854  28.857436233648723  2.368682818512473  21.768232124372510  0.000665183600953  0.616617852414021  3.369448462789326  15.549354549550195 -154.890638373324521
        0.000132436900820  3.197955673544433  29.489803051018569  1.246336905449877  23.125259544250294  0.000214872487691  0.612551129905476  3.377214282906253  15.691983303669707 -154.890676572793183
        0.000000018927561  3.197955721197686  29.489803051018569  1.246336905449877  23.125259544250294  0.000214872487691  0.612551129905476  3.377214282906253  15.691983303669707 -154.890676572793183
        0.000000019459038  3.197955673544433  29.489803490450878  1.246336905449877  23.125259544250294  0.000214872487691  0.612551129905476  3.377214282906253  15.691983303669707 -154.890676572793183
        0.000000002156596  3.197955673544433  29.489803051018569  1.246336924021744  23.125259544250294  0.000214872487691  0.612551129905476  3.377214282906253  15.691983303669707 -154.890676572793183
        0.000000001344021  3.197955673544433  29.489803051018569  1.246336905449877  23.125259888843516  0.000214872487691  0.612551129905476  3.377214282906253  15.691983303669707 -154.890676572793183
        0.000000001254561  3.197955673544433  29.489803051018569  1.246336905449877  23.125259544250294  0.000214887388852  0.612551129905476  3.377214282906253  15.691983303669707 -154.890676572793183
        0.000000006098560  3.197955673544433  29.489803051018569  1.246336905449877  23.125259544250294  0.000214872487691  0.612551144806637  3.377214282906253  15.691983303669707 -154.890676572793183
        0.000000008013144  3.197955673544433  29.489803051018569  1.246336905449877  23.125259544250294  0.000214872487691  0.612551129905476  3.377214333230667  15.691983303669707 -154.890676572793183
        0.000000005429869  3.197955673544433  29.489803051018569  1.246336905449877  23.125259544250294  0.000214872487691  0.612551129905476  3.377214282906253  15.691983537498480 -154.890676572793183
        0.000037777458041  3.197955673544433  29.489803051018569  1.246336905449877  23.125259544250294  0.000214872487691  0.612551129905476  3.377214282906253  15.691983303669707 -154.890678880844121
        0.000090622819159  3.197947445626329  29.492403324428789  1.249529313374977  23.125393622216937  0.002732885005528  0.612579170334913  3.377271552462667  15.691714713123874 -154.890676946184072
        0.000000018923587  3.197947493279460  29.492403324428789  1.249529313374977  23.125393622216937  0.002732885005528  0.612579170334913  3.377271552462667  15.691714713123874 -154.890676946184072
        0.000000019454292  3.197947445626329  29.492403763899844  1.249529313374977  23.125393622216937  0.002732885005528  0.612579170334913  3.377271552462667  15.691714713123874 -154.890676946184072
        0.000000002156731  3.197947445626329  29.492403324428789  1.249529331994415  23.125393622216937  0.002732885005528  0.612579170334913  3.377271552462667  15.691714713123874 -154.890676946184072
        0.000000001343938  3.197947445626329  29.492403324428789  1.249529313374977  23.125393966812155  0.002732885005528  0.612579170334913  3.377271552462667  15.691714713123874 -154.890676946184072
        0.000000001254586  3.197947445626329  29.492403324428789  1.249529313374977  23.125393622216937  0.002732899906690  0.612579170334913  3.377271552462667  15.691714713123874 -154.890676946184072
        0.000000006099127  3.197947445626329  29.492403324428789  1.249529313374977  23.125393622216937  0.002732885005528  0.612579185236074  3.377271552462667  15.691714713123874 -154.890676946184072
        0.000000008014560  3.197947445626329  29.492403324428789  1.249529313374977  23.125393622216937  0.002732885005528  0.612579170334913  3.377271602787935  15.691714713123874 -154.890676946184072
        0.000000005428775  3.197947445626329  29.492403324428789  1.249529313374977  23.125393622216937  0.002732885005528  0.612579170334913  3.377271552462667  15.691714946948645 -154.890676946184072
        0.000037777458270  3.197947445626329  29.492403324428789  1.249529313374977  23.125393622216937  0.002732885005528  0.612579170334913  3.377271552462667  15.691714713123874 -154.890679254235010
        0.000042824997288  3.197639786194583  29.527789790970505  1.206929805052551  23.180310756311400  0.000181943021974  0.612570226225791  3.377264276202169  15.701366226728251 -154.890676794921035
        0.000000018924636  3.197639833843129  29.527789790970505  1.206929805052551  23.180310756311400  0.000181943021974  0.612570226225791  3.377264276202169  15.701366226728251 -154.890676794921035
        0.000000019455502  3.197639786194583  29.527790230968861  1.206929805052551  23.180310756311400  0.000181943021974  0.612570226225791  3.377264276202169  15.701366226728251 -154.890676794921035
        0.000000002157618  3.197639786194583  29.527789790970505  1.206929823037206  23.180310756311400  0.000181943021974  0.612570226225791  3.377264276202169  15.701366226728251 -154.890676794921035
        0.000000001347237  3.197639786194583  29.527789790970505  1.206929805052551  23.180311101724946  0.000181943021974  0.612570226225791  3.377264276202169  15.701366226728251 -154.890676794921035
        0.000000001256553  3.197639786194583  29.527789790970505  1.206929805052551  23.180310756311400  0.000181957923135  0.612570226225791  3.377264276202169  15.701366226728251 -154.890676794921035
        0.000000006100878  3.197639786194583  29.527789790970505  1.206929805052551  23.180310756311400  0.000181943021974  0.612570241126952  3.377264276202169  15.701366226728251 -154.890676794921035
        0.000000008019108  3.197639786194583  29.527789790970505  1.206929805052551  23.180310756311400  0.000181943021974  0.612570226225791  3.377264326527329  15.701366226728251 -154.890676794921035
        0.000000005425777  3.197639786194583  29.527789790970505  1.206929805052551  23.180310756311400  0.000181943021974  0.612570226225791  3.377264276202169  15.701366460696839 -154.890676794921035
        0.000037777458011  3.197639786194583  29.527789790970505  1.206929805052551  23.180310756311400  0.000181943021974  0.612570226225791  3.377264276202169  15.701366226728251 -154.890679102971973
        0.000038986960345  3.197405950297340  29.551809501809558  1.039173312853677  23.317315165069679  0.000089538542993  0.612149535224072  3.377916506170781  15.704323923599805 -154.890679997767762
        0.000000018924119  3.197405997942401  29.551809501809558  1.039173312853677  23.317315165069679  0.000089538542993  0.612149535224072  3.377916506170781  15.704323923599805 -154.890679997767762
        0.000000019453806  3.197405950297340  29.551809942165836  1.039173312853677  23.317315165069679  0.000089538542993  0.612149535224072  3.377916506170781  15.704323923599805 -154.890679997767762
        0.000000002159221  3.197405950297340  29.551809501809558  1.039173328338566  23.317315165069679  0.000089538542993  0.612149535224072  3.377916506170781  15.704323923599805 -154.890679997767762
        0.000000001359026  3.197405950297340  29.551809501809558  1.039173312853677  23.317315512524750  0.000089538542993  0.612149535224072  3.377916506170781  15.704323923599805 -154.890679997767762
        0.000000001262863  3.197405950297340  29.551809501809558  1.039173312853677  23.317315165069679  0.000089553444155  0.612149535224072  3.377916506170781  15.704323923599805 -154.890679997767762
        0.000000006099521  3.197405950297340  29.551809501809558  1.039173312853677  23.317315165069679  0.000089538542993  0.612149550125233  3.377916506170781  15.704323923599805 -154.890679997767762
        0.000000008018483  3.197405950297340  29.551809501809558  1.039173312853677  23.317315165069679  0.000089538542993  0.612149535224072  3.377916556505660  15.704323923599805 -154.890679997767762
        0.000000005422509  3.197405950297340  29.551809501809558  1.039173312853677  23.317315165069679  0.000089538542993  0.612149535224072  3.377916506170781  15.704324157612467 -154.890679997767762
        0.000037777460709  3.197405950297340  29.551809501809558  1.039173312853677  23.317315165069679  0.000089538542993  0.612149535224072  3.377916506170781  15.704323923599805 -154.890682305818757
        0.000063097561996  3.193039545773240  29.977136309331890  0.486703908210020  24.066760151497402  0.000010912134168  0.610376718679066  3.381320432796522  15.808743524251826 -154.890698099285828
        0.000000018930227  3.193039593353237  29.977136309331890  0.486703908210020  24.066760151497402  0.000010912134168  0.610376718679066  3.381320432796522  15.808743524251826 -154.890698099285828
        0.000000019458491  3.193039545773240  29.977136756026031  0.486703908210020  24.066760151497402  0.000010912134168  0.610376718679066  3.381320432796522  15.808743524251826 -154.890698099285828
        0.000000002156268  3.193039545773240  29.977136309331890  0.486703923111181  24.066760151497402  0.000010912134168  0.610376718679066  3.381320432796522  15.808743524251826 -154.890698099285828
        0.000000001380149  3.193039545773240  29.977136309331890  0.486703908210020  24.066760510120073  0.000010912134168  0.610376718679066  3.381320432796522  15.808743524251826 -154.890698099285828
        0.000000001284472  3.193039545773240  29.977136309331890  0.486703908210020  24.066760151497402  0.000010927035330  0.610376718679066  3.381320432796522  15.808743524251826 -154.890698099285828
        0.000000006088292  3.193039545773240  29.977136309331890  0.486703908210020  24.066760151497402  0.000010912134168  0.610376733580227  3.381320432796522  15.808743524251826 -154.890698099285828
        0.000000008039501  3.193039545773240  29.977136309331890  0.486703908210020  24.066760151497402  0.000010912134168  0.610376718679066  3.381320483182123  15.808743524251826 -154.890698099285828
        0.000000005373041  3.193039545773240  29.977136309331890  0.486703908210020  24.066760151497402  0.000010912134168  0.610376718679066  3.381320432796522  15.808743759820461 -154.890698099285828
        0.000037777475811  3.193039545773240  29.977136309331890  0.486703908210020  24.066760151497402  0.000010912134168  0.610376718679066  3.381320432796522  15.808743524251826 -154.890700407337079
        0.000051226339681  3.193036967584373  29.977863505724859  0.488611433127471  24.066080034072261  0.000761082120492  0.610386507181656  3.381331358246536  15.808711464487027 -154.890698178767281
        0.000000018929173  3.193037015164331  29.977863505724859  0.488611433127471  24.066080034072261  0.000761082120492  0.610386507181656  3.381331358246536  15.808711464487027 -154.890698178767281
        0.000000019457238  3.193036967584373  29.977863952429836  0.488611433127471  24.066080034072261  0.000761082120492  0.610386507181656  3.381331358246536  15.808711464487027 -154.890698178767281
        0.000000002156282  3.193036967584373  29.977863505724859  0.488611448028632  24.066080034072261  0.000761082120492  0.610386507181656  3.381331358246536  15.808711464487027 -154.890698178767281
        0.000000001380105  3.193036967584373  29.977863505724859  0.488611433127471  24.066080392684800  0.000761082120492  0.610386507181656  3.381331358246536  15.808711464487027 -154.890698178767281
        0.000000001284439  3.193036967584373  29.977863505724859  0.488611433127471  24.066080034072261  0.000761097021653  0.610386507181656  3.381331358246536  15.808711464487027 -154.890698178767281
        0.000000006088467  3.193036967584373  29.977863505724859  0.488611433127471  24.066080034072261  0.000761082120492  0.610386522082817  3.381331358246536  15.808711464487027 -154.890698178767281
        0.000000008039934  3.193036967584373  29.977863505724859  0.488611433127471  24.066080034072261  0.000761082120492  0.610386507181656  3.381331408632299  15.808711464487027 -154.890698178767281
        0.000000005372729  3.193036967584373  29.977863505724859  0.488611433127471  24.066080034072261  0.000761082120492  0.610386507181656  3.381331358246536  15.808711700055184 -154.890698178767281
        0.000037777475865  3.193036967584373  29.977863505724859  0.488611433127471  24.066080034072261  0.000761082120492  0.610386507181656  3.381331358246536  15.808711464487027 -154.890700486818531
        0.000043934483593  3.193266960423455  29.955317603268345  0.381991724322596  24.123700578477511  0.000248432504586  0.610105775337383  3.381895320724777  15.798391096962128 -154.890700892963650
        0.000000018926643  3.193267008006841  29.955317603268345  0.381991724322596  24.123700578477511  0.000248432504586  0.610105775337383  3.381895320724777  15.798391096962128 -154.890700892963650
        0.000000019453324  3.193266960423455  29.955318049637359  0.381991724322596  24.123700578477511  0.000248432504586  0.610105775337383  3.381895320724777  15.798391096962128 -154.890700892963650
        0.000000002155936  3.193266960423455  29.955317603268345  0.381991739223757  24.123700578477511  0.000248432504586  0.610105775337383  3.381895320724777  15.798391096962128 -154.890700892963650
        0.000000001383884  3.193266960423455  29.955317603268345  0.381991724322596  24.123700937948662  0.000248432504586  0.610105775337383  3.381895320724777  15.798391096962128 -154.890700892963650
        0.000000001288197  3.193266960423455  29.955317603268345  0.381991724322596  24.123700578477511  0.000248447405747  0.610105775337383  3.381895320724777  15.798391096962128 -154.890700892963650
        0.000000006086989  3.193266960423455  29.955317603268345  0.381991724322596  24.123700578477511  0.000248432504586  0.610105790238544  3.381895320724777  15.798391096962128 -154.890700892963650
        0.000000008035193  3.193266960423455  29.955317603268345  0.381991724322596  24.123700578477511  0.000248432504586  0.610105775337383  3.381895371118945  15.798391096962128 -154.890700892963650
        0.000000005374299  3.193266960423455  29.955317603268345  0.381991724322596  24.123700578477511  0.000248432504586  0.610105775337383  3.381895320724777  15.798391332376500 -154.890700892963650
        0.000037777478324  3.193266960423455  29.955317603268345  0.381991724322596  24.123700578477511  0.000248432504586  0.610105775337383  3.381895320724777  15.798391096962128 -154.890703201014958
        0.000033331510845  3.192650573116856  30.018066074228571  0.341637608228172  24.203100708879628  0.000168345399511  0.610002738339745  3.382068881646266  15.815879371698424 -154.890701541264718
        0.000000018928815  3.192650620691057  30.018066074228571  0.341637608228172  24.203100708879628  0.000168345399511  0.610002738339745  3.382068881646266  15.815879371698424 -154.890701541264718
        0.000000019455817  3.192650573116856  30.018066521532614  0.341637608228172  24.203100708879628  0.000168345399511  0.610002738339745  3.382068881646266  15.815879371698424 -154.890701541264718
        0.000000002155825  3.192650573116856  30.018066074228571  0.341637623129334  24.203100708879628  0.000168345399511  0.610002738339745  3.382068881646266  15.815879371698424 -154.890701541264718
        0.000000001385399  3.192650573116856  30.018066074228571  0.341637608228172  24.203101069533933  0.000168345399511  0.610002738339745  3.382068881646266  15.815879371698424 -154.890701541264718
        0.000000001289939  3.192650573116856  30.018066074228571  0.341637608228172  24.203100708879628  0.000168360300672  0.610002738339745  3.382068881646266  15.815879371698424 -154.890701541264718
        0.000000006086837  3.192650573116856  30.018066074228571  0.341637608228172  24.203100708879628  0.000168345399511  0.610002753240906  3.382068881646266  15.815879371698424 -154.890701541264718
        0.000000008040354  3.192650573116856  30.018066074228571  0.341637608228172  24.203100708879628  0.000168345399511  0.610002738339745  3.382068932043019  15.815879371698424 -154.890701541264718
        0.000000005367898  3.192650573116856  30.018066074228571  0.341637608228172  24.203100708879628  0.000168345399511  0.610002738339745  3.382068881646266  15.815879607373391 -154.890701541264718
        0.000037777478683  3.192650573116856  30.018066074228571  0.341637608228172  24.203100708879628  0.000168345399511  0.610002738339745  3.382068881646266  15.815879371698424 -154.890703849316026
        0.000129312229446  3.208614072279025  28.392401330662572  0.042001387734335  23.095180946977376  0.000010579506036  0.609167111386731  3.383728810811622  15.329572794157290 -154.890710336313674
        0.000123933516286  3.194884456083627  29.786538134767067  0.076914710564019  24.205464027752598  0.000010676239803  0.609221425446058  3.383630332788814  15.738350575691719 -154.890709811958800
        0.000000018916392  3.194884503691116  29.786538134767067  0.076914710564019  24.205464027752598  0.000010676239803  0.609221425446058  3.383630332788814  15.738350575691719 -154.890709811958800
        0.000000019438412  3.194884456083627  29.786538578621073  0.076914710564019  24.205464027752598  0.000010676239803  0.609221425446058  3.383630332788814  15.738350575691719 -154.890709811958800
        0.000000002154154  3.194884456083627  29.786538134767067  0.076914725465180  24.205464027752598  0.000010676239803  0.609221425446058  3.383630332788814  15.738350575691719 -154.890709811958800
        0.000000001394109  3.194884456083627  29.786538134767067  0.076914710564019  24.205464388442120  0.000010676239803  0.609221425446058  3.383630332788814  15.738350575691719 -154.890709811958800
        0.000000001298116  3.194884456083627  29.786538134767067  0.076914710564019  24.205464027752598  0.000010691140964  0.609221425446058  3.383630332788814  15.738350575691719 -154.890709811958800
        0.000000006079637  3.194884456083627  29.786538134767067  0.076914710564019  24.205464027752598  0.000010676239803  0.609221440347219  3.383630332788814  15.738350575691719 -154.890709811958800
        0.000000008008966  3.194884456083627  29.786538134767067  0.076914710564019  24.205464027752598  0.000010676239803  0.609221425446058  3.383630383208835  15.738350575691719 -154.890709811958800
        0.000000005388374  3.194884456083627  29.786538134767067  0.076914710564019  24.205464027752598  0.000010676239803  0.609221425446058  3.383630332788814  15.738350810211418 -154.890709811958800
        0.000037777485539  3.194884456083627  29.786538134767067  0.076914710564019  24.205464027752598  0.000010676239803  0.609221425446058  3.383630332788814  15.738350575691719 -154.890712120010221
        0.000034861495619  3.193670349892626  29.909949515293597  0.073946359099005  24.307739503554970  0.000006628183232  0.609215596313201  3.383627643412747  15.774614440325275 -154.890709609190139
        0.000000018920963  3.193670397482023  29.909949515293597  0.073946359099005  24.307739503554970  0.000006628183232  0.609215596313201  3.383627643412747  15.774614440325275 -154.890709609190139
        0.000000019444187  3.193670349892626  29.909949960986577  0.073946359099005  24.307739503554970  0.000006628183232  0.609215596313201  3.383627643412747  15.774614440325275 -154.890709609190139
        0.000000002154260  3.193670349892626  29.909949515293597  0.073946374000166  24.307739503554970  0.000006628183232  0.609215596313201  3.383627643412747  15.774614440325275 -154.890709609190139
        0.000000001394389  3.193670349892626  29.909949515293597  0.073946359099005  24.307739865768514  0.000006628183232  0.609215596313201  3.383627643412747  15.774614440325275 -154.890709609190139
        0.000000001298797  3.193670349892626  29.909949515293597  0.073946359099005  24.307739503554970  0.000006643084393  0.609215596313201  3.383627643412747  15.774614440325275 -154.890709609190139
        0.000000006080396  3.193670349892626  29.909949515293597  0.073946359099005  24.307739503554970  0.000006628183232  0.609215611214362  3.383627643412747  15.774614440325275 -154.890709609190139
        0.000000008020941  3.193670349892626  29.909949515293597  0.073946359099005  24.307739503554970  0.000006628183232  0.609215596313201  3.383627693832728  15.774614440325275 -154.890709609190139
        0.000000005376078  3.193670349892626  29.909949515293597  0.073946359099005  24.307739503554970  0.000006628183232  0.609215596313201  3.383627643412747  15.774614675385347 -154.890709609190139
        0.000037777485395  3.193670349892626  29.909949515293597  0.073946359099005  24.307739503554970  0.000006628183232  0.609215596313201  3.383627643412747  15.774614440325275 -154.890711917241561
        0.000039179611696  3.197064837508905  29.565376476225406  0.000000000007362  24.080173995075391  0.000000013071091  0.609000631863508  3.384042942524432  15.671072145102997 -154.890711835875067
        0.000000018908131  3.197064885148884  29.565376476225406  0.000000000007362  24.080173995075391  0.000000013071091  0.609000631863508  3.384042942524432  15.671072145102997 -154.890711835875067
        0.000000019427291  3.197064837508905  29.565376916783848  0.000000000007362  24.080173995075391  0.000000013071091  0.609000631863508  3.384042942524432  15.671072145102997 -154.890711835875067
        0.000000002153583  3.197064837508905  29.565376476225406  0.000000014908523  24.080173995075391  0.000000013071091  0.609000631863508  3.384042942524432  15.671072145102997 -154.890711835875067
        0.000000001396448  3.197064837508905  29.565376476225406  0.000000000007362  24.080174353897945  0.000000013071091  0.609000631863508  3.384042942524432  15.671072145102997 -154.890711835875067
        0.000000001299816  3.197064837508905  29.565376476225406  0.000000000007362  24.080173995075391  0.000000027972252  0.609000631863508  3.384042942524432  15.671072145102997 -154.890711835875067
        0.000000006076716  3.197064837508905  29.565376476225406  0.000000000007362  24.080173995075391  0.000000013071091  0.609000646764669  3.384042942524432  15.671072145102997 -154.890711835875067
        0.000000007984932  3.197064837508905  29.565376476225406  0.000000000007362  24.080173995075391  0.000000013071091  0.609000631863508  3.384042992950602  15.671072145102997 -154.890711835875067
        0.000000005410086  3.197064837508905  29.565376476225406  0.000000000007362  24.080173995075391  0.000000013071091  0.609000631863508  3.384042942524432  15.671072378620169 -154.890711835875067
        0.000037777487761  3.197064837508905  29.565376476225406  0.000000000007362  24.080173995075391  0.000000013071091  0.609000631863508  3.384042942524432  15.671072145102997 -154.890714143926544
        0.000036780926710  3.201304118013108  29.143175110996562  0.000000000001144  23.736267995760560  0.000000001780377  0.608999372397737  3.384051971247924  15.546775547316424 -154.890711833845529
        0.000008512946112  3.198138875766640  29.459865741768997  0.000000000001467  23.994213099847578  0.000000001818769  0.608999091761885  3.384052450997274  15.639862625106067 -154.890711836106078
        0.000000018904610  3.198138923422623  29.459865741768997  0.000000000001467  23.994213099847578  0.000000001818769  0.608999091761885  3.384052450997274  15.639862625106067 -154.890711836106078
        0.000000019422582  3.198138875766640  29.459866180755206  0.000000000001467  23.994213099847578  0.000000001818769  0.608999091761885  3.384052450997274  15.639862625106067 -154.890711836106078
        0.000000002153648  3.198138875766640  29.459865741768997  0.000000014902628  23.994213099847578  0.000000001818769  0.608999091761885  3.384052450997274  15.639862625106067 -154.890711836106078
        0.000000001396398  3.198138875766640  29.459865741768997  0.000000000001467  23.994213457389215  0.000000001818769  0.608999091761885  3.384052450997274  15.639862625106067 -154.890711836106078
        0.000000001299424  3.198138875766640  29.459865741768997  0.000000000001467  23.994213099847578  0.000000016719931  0.608999091761885  3.384052450997274  15.639862625106067 -154.890711836106078
        0.000000006076497  3.198138875766640  29.459865741768997  0.000000000001467  23.994213099847578  0.000000001818769  0.608999106663046  3.384052450997274  15.639862625106067 -154.890711836106078
        0.000000007974931  3.198138875766640  29.459865741768997  0.000000000001467  23.994213099847578  0.000000001818769  0.608999091761885  3.384052501423585  15.639862625106067 -154.890711836106078
        0.000000005421096  3.198138875766640  29.459865741768997  0.000000000001467  23.994213099847578  0.000000001818769  0.608999091761885  3.384052450997274  15.639862858158182 -154.890711836106078
        0.000037777487627  3.198138875766640  29.459865741768997  0.000000000001467  23.994213099847578  0.000000001818769  0.608999091761885  3.384052450997274  15.639862625106067 -154.890714144157556
        0.000037768700610  3.199760458964012  29.298343386956038  0.000000000000209  23.862660608340992  0.000000000000000  0.608997973834217  3.384059210036019  15.592266723399803 -154.890711876200783
        0.000001277546239  3.198545314067873  29.419491530668839  0.000000000000190  23.961332947198798  0.000000000055314  0.608997893418564  3.384060806237880  15.627920166630526 -154.890711873907691
        0.000000018903204  3.198545361729912  29.419491530668839  0.000000000000190  23.961332947198798  0.000000000055314  0.608997893418564  3.384060806237880  15.627920166630526 -154.890711873907691
        0.000000019420761  3.198545314067873  29.419491969053425  0.000000000000190  23.961332947198798  0.000000000055314  0.608997893418564  3.384060806237880  15.627920166630526 -154.890711873907691
        0.000000002153636  3.198545314067873  29.419491530668839  0.000000014901351  23.961332947198798  0.000000000055314  0.608997893418564  3.384060806237880  15.627920166630526 -154.890711873907691
        0.000000001396363  3.198545314067873  29.419491530668839  0.000000000000190  23.961333304250484  0.000000000055314  0.608997893418564  3.384060806237880  15.627920166630526 -154.890711873907691
        0.000000001299266  3.198545314067873  29.419491530668839  0.000000000000190  23.961332947198798  0.000000014956476  0.608997893418564  3.384060806237880  15.627920166630526 -154.890711873907691
        0.000000006076269  3.198545314067873  29.419491530668839  0.000000000000190  23.961332947198798  0.000000000055314  0.608997908319726  3.384060806237880  15.627920166630526 -154.890711873907691
        0.000000007970972  3.198545314067873  29.419491530668839  0.000000000000190  23.961332947198798  0.000000000055314  0.608997893418564  3.384060856664316  15.627920166630526 -154.890711873907691
        0.000000005425215  3.198545314067873  29.419491530668839  0.000000000000190  23.961332947198798  0.000000000055314  0.608997893418564  3.384060806237880  15.627920399504683 -154.890711873907691
        0.000037777487650  3.198545314067873  29.419491530668839  0.000000000000190  23.961332947198798  0.000000000055314  0.608997893418564  3.384060806237880  15.627920166630526 -154.890714181959169
2022-08-18 01:47:55.582680
