/projects/wagner/highthroughput/mick_graphene_paper/3_data/1_kc_fitting
2023-06-01 19:11:02.337453
use a starting guess from the old fit
starting guess parameters:  [ 3.37006089e+00  2.17833385e+01  1.04693887e+01  8.86496249e+00
  1.31573765e-05  7.23952360e-01  3.28314592e+00  1.30901596e+01
 -1.54590379e+02]
     1025.509994320580063  3.370060885645178  21.783338516870739  10.469388694543325  8.864962486046355  0.000013157376477  0.723952360283636  3.283145920221462  13.090159601618883 -154.590378722241923
        0.000000012842762  3.370060935862998  21.783338516870739  10.469388694543325  8.864962486046355  0.000013157376477  0.723952360283636  3.283145920221462  13.090159601618883 -154.590378722241923
        0.000000011578739  3.370060885645178  21.783338841467778  10.469388694543325  8.864962486046355  0.000013157376477  0.723952360283636  3.283145920221462  13.090159601618883 -154.590378722241923
        0.000000001419287  3.370060885645178  21.783338516870739  10.469388850549374  8.864962486046355  0.000013157376477  0.723952360283636  3.283145920221462  13.090159601618883 -154.590378722241923
        0.000000000243239  3.370060885645178  21.783338516870739  10.469388694543325  8.864962618144590  0.000013157376477  0.723952360283636  3.283145920221462  13.090159601618883 -154.590378722241923
        0.000000000451910  3.370060885645178  21.783338516870739  10.469388694543325  8.864962486046355  0.000013172277638  0.723952360283636  3.283145920221462  13.090159601618883 -154.590378722241923
        0.000000003998539  3.370060885645178  21.783338516870739  10.469388694543325  8.864962486046355  0.000013157376477  0.723952375184798  3.283145920221462  13.090159601618883 -154.590378722241923
        0.000000003161800  3.370060885645178  21.783338516870739  10.469388694543325  8.864962486046355  0.000013157376477  0.723952360283636  3.283145969144149  13.090159601618883 -154.590378722241923
        0.000000004375995  3.370060885645178  21.783338516870739  10.469388694543325  8.864962486046355  0.000013157376477  0.723952360283636  3.283145920221462  13.090159796677462 -154.590378722241923
        0.000015277711498  3.370060885645178  21.783338516870739  10.469388694543325  8.864962486046355  0.000013157376477  0.723952360283636  3.283145920221462  13.090159601618883 -154.590381025818061
        0.000115684793984  3.370377286756399  21.783315165467720  10.469392241195743  8.864966150101546  0.000017040046989  0.724114117683701  3.283239577786052  13.090166666995213 -154.590384886744488
        0.000000012868211  3.370377336978934  21.783315165467720  10.469392241195743  8.864966150101546  0.000017040046989  0.724114117683701  3.283239577786052  13.090166666995213 -154.590384886744488
        0.000000011601484  3.370377286756399  21.783315490064410  10.469392241195743  8.864966150101546  0.000017040046989  0.724114117683701  3.283239577786052  13.090166666995213 -154.590384886744488
        0.000000001420826  3.370377286756399  21.783315165467720  10.469392397201846  8.864966150101546  0.000017040046989  0.724114117683701  3.283239577786052  13.090166666995213 -154.590384886744488
        0.000000000243582  3.370377286756399  21.783315165467720  10.469392241195743  8.864966282199836  0.000017040046989  0.724114117683701  3.283239577786052  13.090166666995213 -154.590384886744488
        0.000000000452522  3.370377286756399  21.783315165467720  10.469392241195743  8.864966150101546  0.000017054948150  0.724114117683701  3.283239577786052  13.090166666995213 -154.590384886744488
        0.000000004002616  3.370377286756399  21.783315165467720  10.469392241195743  8.864966150101546  0.000017040046989  0.724114132584862  3.283239577786052  13.090166666995213 -154.590384886744488
        0.000000003163053  3.370377286756399  21.783315165467720  10.469392241195743  8.864966150101546  0.000017040046989  0.724114117683701  3.283239626710134  13.090166666995213 -154.590384886744488
        0.000000004381846  3.370377286756399  21.783315165467720  10.469392241195743  8.864966150101546  0.000017040046989  0.724114117683701  3.283239577786052  13.090166862053897 -154.590384886744488
        0.000015277710842  3.370377286756399  21.783315165467720  10.469392241195743  8.864966150101546  0.000017040046989  0.724114117683701  3.283239577786052  13.090166666995213 -154.590387190320740
        0.000999960275648  3.363995200180336  21.748830780577197  12.627767972718308  5.919718719009226  0.000016582125151  0.754876954843875  3.324145569630469  13.124897273251324 -154.590377432742287
        0.000692677356932  3.364422933992520  21.740353738511644  11.066407978479319  8.175757859651158  0.000017456419213  0.730718562571409  3.326150127055666  13.101425879865829 -154.590383284400474
        0.000000013030566  3.364422984126329  21.740353738511644  11.066407978479319  8.175757859651158  0.000017456419213  0.730718562571409  3.326150127055666  13.101425879865829 -154.590383284400474
        0.000000011761924  3.364422933992520  21.740354062468160  11.066407978479319  8.175757859651158  0.000017456419213  0.730718562571409  3.326150127055666  13.101425879865829 -154.590383284400474
        0.000000001399200  3.364422933992520  21.740353738511644  11.066408143381647  8.175757859651158  0.000017456419213  0.730718562571409  3.326150127055666  13.101425879865829 -154.590383284400474
        0.000000000197489  3.364422933992520  21.740353738511644  11.066407978479319  8.175757981479444  0.000017456419213  0.730718562571409  3.326150127055666  13.101425879865829 -154.590383284400474
        0.000000000406077  3.364422933992520  21.740353738511644  11.066407978479319  8.175757859651158  0.000017471320374  0.730718562571409  3.326150127055666  13.101425879865829 -154.590383284400474
        0.000000003877897  3.364422933992520  21.740353738511644  11.066407978479319  8.175757859651158  0.000017456419213  0.730718577472570  3.326150127055666  13.101425879865829 -154.590383284400474
        0.000000003067114  3.364422933992520  21.740353738511644  11.066407978479319  8.175757859651158  0.000017456419213  0.730718562571409  3.326150176619165  13.101425879865829 -154.590383284400474
        0.000000004320744  3.364422933992520  21.740353738511644  11.066407978479319  8.175757859651158  0.000017456419213  0.730718562571409  3.326150127055666  13.101426075092288 -154.590383284400474
        0.000015277734757  3.364422933992520  21.740353738511644  11.066407978479319  8.175757859651158  0.000017456419213  0.730718562571409  3.326150127055666  13.101425879865829 -154.590385587976698
        0.000092551441157  3.364444143837638  21.742806525158699  11.114607756480961  8.101083014572330  0.004287069627092  0.731675574806283  3.325924049648039  13.102175372168441 -154.590382789611425
        0.000000013040054  3.364444193971763  21.742806525158699  11.114607756480961  8.101083014572330  0.004287069627092  0.731675574806283  3.325924049648039  13.102175372168441 -154.590382789611425
        0.000000011769436  3.364444143837638  21.742806849151762  11.114607756480961  8.101083014572330  0.004287069627092  0.731675574806283  3.325924049648039  13.102175372168441 -154.590382789611425
        0.000000001398788  3.364444143837638  21.742806525158699  11.114607922101523  8.101083014572330  0.004287069627092  0.731675574806283  3.325924049648039  13.102175372168441 -154.590382789611425
        0.000000000194211  3.364444143837638  21.742806525158699  11.114607756480961  8.101083135287874  0.004287069627092  0.731675574806283  3.325924049648039  13.102175372168441 -154.590382789611425
        0.000000000401902  3.364444143837638  21.742806525158699  11.114607756480961  8.101083014572330  0.004287084528253  0.731675574806283  3.325924049648039  13.102175372168441 -154.590382789611425
        0.000000003872092  3.364444143837638  21.742806525158699  11.114607756480961  8.101083014572330  0.004287069627092  0.731675589707444  3.325924049648039  13.102175372168441 -154.590382789611425
        0.000000003062433  3.364444143837638  21.742806525158699  11.114607756480961  8.101083014572330  0.004287069627092  0.731675574806283  3.325924099208169  13.102175372168441 -154.590382789611425
        0.000000004321137  3.364444143837638  21.742806525158699  11.114607756480961  8.101083014572330  0.004287069627092  0.731675574806283  3.325924049648039  13.102175567406068 -154.590382789611425
        0.000015277734522  3.364444143837638  21.742806525158699  11.114607756480961  8.101083014572330  0.004287069627092  0.731675574806283  3.325924049648039  13.102175372168441 -154.590385093187649
        0.000113185919441  3.358819430957298  22.166744015151558  11.878757138008972  7.351298430502439  0.004336134178892  0.742507784844188  3.322646628150866  13.254604594858048 -154.590374549835104
        0.000000012989333  3.358819481007608  22.166744015151558  11.878757138008972  7.351298430502439  0.004336134178892  0.742507784844188  3.322646628150866  13.254604594858048 -154.590374549835104
        0.000000011708669  3.358819430957298  22.166744345461783  11.878757138008972  7.351298430502439  0.004336134178892  0.742507784844188  3.322646628150866  13.254604594858048 -154.590374549835104
        0.000000001391379  3.358819430957298  22.166744015151558  11.878757315016246  7.351298430502439  0.004336134178892  0.742507784844188  3.322646628150866  13.254604594858048 -154.590374549835104
        0.000000000169037  3.358819430957298  22.166744015151558  11.878757138008972  7.351298540045322  0.004336134178892  0.742507784844188  3.322646628150866  13.254604594858048 -154.590374549835104
        0.000000000353361  3.358819430957298  22.166744015151558  11.878757138008972  7.351298430502439  0.004336149080053  0.742507784844188  3.322646628150866  13.254604594858048 -154.590374549835104
        0.000000003800905  3.358819430957298  22.166744015151558  11.878757138008972  7.351298430502439  0.004336134178892  0.742507799745349  3.322646628150866  13.254604594858048 -154.590374549835104
        0.000000003036708  3.358819430957298  22.166744015151558  11.878757138008972  7.351298430502439  0.004336134178892  0.742507784844188  3.322646677662159  13.254604594858048 -154.590374549835104
        0.000000004277957  3.358819430957298  22.166744015151558  11.878757138008972  7.351298430502439  0.004336134178892  0.742507784844188  3.322646628150866  13.254604792367047 -154.590374549835104
        0.000015277729830  3.358819430957298  22.166744015151558  11.878757138008972  7.351298430502439  0.004336134178892  0.742507784844188  3.322646628150866  13.254604594858048 -154.590376853411186
        0.000027825145083  3.358852480880032  22.167903796861808  11.883587462033852  7.343512411093615  0.000865874829962  0.742693534552233  3.322612301275491  13.253833111462253 -154.590374544577600
        0.000000012991268  3.358852530930834  22.167903796861808  11.883587462033852  7.343512411093615  0.000865874829962  0.742693534552233  3.322612301275491  13.253833111462253 -154.590374544577600
        0.000000011710055  3.358852480880032  22.167904127189317  11.883587462033852  7.343512411093615  0.000865874829962  0.742693534552233  3.322612301275491  13.253833111462253 -154.590374544577600
        0.000000001391553  3.358852480880032  22.167903796861808  11.883587639113104  7.343512411093615  0.000865874829962  0.742693534552233  3.322612301275491  13.253833111462253 -154.590374544577600
        0.000000000169014  3.358852480880032  22.167903796861808  11.883587462033852  7.343512520520477  0.000865874829962  0.742693534552233  3.322612301275491  13.253833111462253 -154.590374544577600
        0.000000000353042  3.358852480880032  22.167903796861808  11.883587462033852  7.343512411093615  0.000865889731123  0.742693534552233  3.322612301275491  13.253833111462253 -154.590374544577600
        0.000000003800739  3.358852480880032  22.167903796861808  11.883587462033852  7.343512411093615  0.000865874829962  0.742693549453395  3.322612301275491  13.253833111462253 -154.590374544577600
        0.000000003036215  3.358852480880032  22.167903796861808  11.883587462033852  7.343512411093615  0.000865874829962  0.742693534552233  3.322612350786273  13.253833111462253 -154.590374544577600
        0.000000004278489  3.358852480880032  22.167903796861808  11.883587462033852  7.343512411093615  0.000865874829962  0.742693534552233  3.322612301275491  13.253833308959756 -154.590374544577600
        0.000015277729856  3.358852480880032  22.167903796861808  11.883587462033852  7.343512411093615  0.000865874829962  0.742693534552233  3.322612301275491  13.253833111462253 -154.590376848153682
        0.000088967834358  3.352875371629016  22.602756122741773  12.531686523793894  6.618751027094776  0.000593504183618  0.753963357851813  3.321889060623473  13.401509540907798 -154.590372312631189
        0.000000012949140  3.352875421590752  22.602756122741773  12.531686523793894  6.618751027094776  0.000593504183618  0.753963357851813  3.321889060623473  13.401509540907798 -154.590372312631189
        0.000000011656933  3.352875371629016  22.602756459549084  12.531686523793894  6.618751027094776  0.000593504183618  0.753963357851813  3.321889060623473  13.401509540907798 -154.590372312631189
        0.000000001385670  3.352875371629016  22.602756122741773  12.531686710530575  6.618751027094776  0.000593504183618  0.753963357851813  3.321889060623473  13.401509540907798 -154.590372312631189
        0.000000000174879  3.352875371629016  22.602756122741773  12.531686523793894  6.618751125721852  0.000593504183618  0.753963357851813  3.321889060623473  13.401509540907798 -154.590372312631189
        0.000000000306222  3.352875371629016  22.602756122741773  12.531686523793894  6.618751027094776  0.000593519084779  0.753963357851813  3.321889060623473  13.401509540907798 -154.590372312631189
        0.000000003723995  3.352875371629016  22.602756122741773  12.531686523793894  6.618751027094776  0.000593504183618  0.753963372752974  3.321889060623473  13.401509540907798 -154.590372312631189
        0.000000003006772  3.352875371629016  22.602756122741773  12.531686523793894  6.618751027094776  0.000593504183618  0.753963357851813  3.321889110123478  13.401509540907798 -154.590372312631189
        0.000000004229922  3.352875371629016  22.602756122741773  12.531686523793894  6.618751027094776  0.000593504183618  0.753963357851813  3.321889060623473  13.401509740605851 -154.590372312631189
        0.000015277728656  3.352875371629016  22.602756122741773  12.531686523793894  6.618751027094776  0.000593504183618  0.753963357851813  3.321889060623473  13.401509540907798 -154.590374616207242
        0.000029840138665  3.352884748346435  22.603164470384524  12.532429504478575  6.617480277247733  0.001009530500888  0.754008454546601  3.321879882511342  13.401280202727724 -154.590372313611311
        0.000000012951337  3.352884798308311  22.603164470384524  12.532429504478575  6.617480277247733  0.001009530500888  0.754008454546601  3.321879882511342  13.401280202727724 -154.590372313611311
        0.000000011658875  3.352884748346435  22.603164807197921  12.532429504478575  6.617480277247733  0.001009530500888  0.754008454546601  3.321879882511342  13.401280202727724 -154.590372313611311
        0.000000001385744  3.352884748346435  22.603164470384524  12.532429691226326  6.617480277247733  0.001009530500888  0.754008454546601  3.321879882511342  13.401280202727724 -154.590372313611311
        0.000000000174943  3.352884748346435  22.603164470384524  12.532429504478575  6.617480375855873  0.001009530500888  0.754008454546601  3.321879882511342  13.401280202727724 -154.590372313611311
        0.000000000306177  3.352884748346435  22.603164470384524  12.532429504478575  6.617480277247733  0.001009545402050  0.754008454546601  3.321879882511342  13.401280202727724 -154.590372313611311
        0.000000003724047  3.352884748346435  22.603164470384524  12.532429504478575  6.617480277247733  0.001009530500888  0.754008469447762  3.321879882511342  13.401280202727724 -154.590372313611311
        0.000000003006768  3.352884748346435  22.603164470384524  12.532429504478575  6.617480277247733  0.001009530500888  0.754008454546601  3.321879932011210  13.401280202727724 -154.590372313611311
        0.000000004230030  3.352884748346435  22.603164470384524  12.532429504478575  6.617480277247733  0.001009530500888  0.754008454546601  3.321879882511342  13.401280402422360 -154.590372313611311
        0.000015277728669  3.352884748346435  22.603164470384524  12.532429504478575  6.617480277247733  0.001009530500888  0.754008454546601  3.321879882511342  13.401280202727724 -154.590374617187365
        0.000059087541773  3.351640581981464  22.695870156121863  12.751371392116402  6.156090083561192  0.000172879538797  0.761027789466605  3.321522710296624  13.434625271965491 -154.590371234595182
        0.000000012942651  3.351640631924801  22.695870156121863  12.751371392116402  6.156090083561192  0.000172879538797  0.761027789466605  3.321522710296624  13.434625271965491 -154.590371234595182
        0.000000011641811  3.351640581981464  22.695870494316683  12.751371392116402  6.156090083561192  0.000172879538797  0.761027789466605  3.321522710296624  13.434625271965491 -154.590371234595182
        0.000000001383881  3.351640581981464  22.695870156121863  12.751371582126643  6.156090083561192  0.000172879538797  0.761027789466605  3.321522710296624  13.434625271965491 -154.590371234595182
        0.000000000189215  3.351640581981464  22.695870156121863  12.751371392116402  6.156090175294082  0.000172879538797  0.761027789466605  3.321522710296624  13.434625271965491 -154.590371234595182
        0.000000000278716  3.351640581981464  22.695870156121863  12.751371392116402  6.156090083561192  0.000172894439958  0.761027789466605  3.321522710296624  13.434625271965491 -154.590371234595182
        0.000000003676750  3.351640581981464  22.695870156121863  12.751371392116402  6.156090083561192  0.000172879538797  0.761027804367766  3.321522710296624  13.434625271965491 -154.590371234595182
        0.000000002974712  3.351640581981464  22.695870156121863  12.751371392116402  6.156090083561192  0.000172879538797  0.761027789466605  3.321522759791169  13.434625271965491 -154.590371234595182
        0.000000004219751  3.351640581981464  22.695870156121863  12.751371392116402  6.156090083561192  0.000172879538797  0.761027789466605  3.321522710296624  13.434625472157007 -154.590371234595182
        0.000015277728022  3.351640581981464  22.695870156121863  12.751371392116402  6.156090083561192  0.000172879538797  0.761027789466605  3.321522710296624  13.434625271965491 -154.590373538171235
        0.000023565764374  3.351646689067862  22.695959920505196  12.751532740972570  6.155693520820384  0.000618467649130  0.761046978088713  3.321518253969747  13.434474934094476 -154.590371235708801
        0.000000012944018  3.351646739011289  22.695959920505196  12.751532740972570  6.155693520820384  0.000618467649130  0.761046978088713  3.321518253969747  13.434474934094476 -154.590371235708801
        0.000000011643019  3.351646689067862  22.695960258701351  12.751532740972570  6.155693520820384  0.000618467649130  0.761046978088713  3.321518253969747  13.434474934094476 -154.590371235708801
        0.000000001383939  3.351646689067862  22.695959920505196  12.751532930985215  6.155693520820384  0.000618467649130  0.761046978088713  3.321518253969747  13.434474934094476 -154.590371235708801
        0.000000000189247  3.351646689067862  22.695959920505196  12.751532740972570  6.155693612547365  0.000618467649130  0.761046978088713  3.321518253969747  13.434474934094476 -154.590371235708801
        0.000000000278713  3.351646689067862  22.695959920505196  12.751532740972570  6.155693520820384  0.000618482550292  0.761046978088713  3.321518253969747  13.434474934094476 -154.590371235708801
        0.000000003676787  3.351646689067862  22.695959920505196  12.751532740972570  6.155693520820384  0.000618467649130  0.761046992989875  3.321518253969747  13.434474934094476 -154.590371235708801
        0.000000002974706  3.351646689067862  22.695959920505196  12.751532740972570  6.155693520820384  0.000618467649130  0.761046978088713  3.321518303464226  13.434474934094476 -154.590371235708801
        0.000000004219822  3.351646689067862  22.695959920505196  12.751532740972570  6.155693520820384  0.000618467649130  0.761046978088713  3.321518253969747  13.434475134283753 -154.590371235708801
        0.000015277728022  3.351646689067862  22.695959920505196  12.751532740972570  6.155693520820384  0.000618467649130  0.761046978088713  3.321518253969747  13.434474934094476 -154.590373539284855
        0.000031087987451  3.346112038695016  23.111836587638585  13.043512518718632  6.086085054171409  0.000840713590917  0.763802987543543  3.321399522823162  13.568480630456975 -154.590370879193244
        0.000000012908532  3.346112088555971  23.111836587638585  13.043512518718632  6.086085054171409  0.000840713590917  0.763802987543543  3.321399522823162  13.568480630456975 -154.590370879193244
        0.000000011606568  3.346112038695016  23.111836932031789  13.043512518718632  6.086085054171409  0.000840713590917  0.763802987543543  3.321399522823162  13.568480630456975 -154.590370879193244
        0.000000001383086  3.346112038695016  23.111836587638585  13.043512713082114  6.086085054171409  0.000840713590917  0.763802987543543  3.321399522823162  13.568480630456975 -154.590370879193244
        0.000000000196107  3.346112038695016  23.111836587638585  13.043512518718632  6.086085144861144  0.000840713590917  0.763802987543543  3.321399522823162  13.568480630456975 -154.590370879193244
        0.000000000270593  3.346112038695016  23.111836587638585  13.043512518718632  6.086085054171409  0.000840728492078  0.763802987543543  3.321399522823162  13.568480630456975 -154.590370879193244
        0.000000003660683  3.346112038695016  23.111836587638585  13.043512518718632  6.086085054171409  0.000840713590917  0.763803002444704  3.321399522823162  13.568480630456975 -154.590370879193244
        0.000000002993331  3.346112038695016  23.111836587638585  13.043512518718632  6.086085054171409  0.000840713590917  0.763802987543543  3.321399572315872  13.568480630456975 -154.590370879193244
        0.000000004174918  3.346112038695016  23.111836587638585  13.043512518718632  6.086085054171409  0.000840713590917  0.763802987543543  3.321399522823162  13.568480832643091 -154.590370879193244
        0.000015277727799  3.346112038695016  23.111836587638585  13.043512518718632  6.086085054171409  0.000840713590917  0.763802987543543  3.321399522823162  13.568480630456975 -154.590373182769270
        0.000017640335720  3.344249465376434  23.255848819944198  13.157336768175696  6.004314671045527  0.000740875841495  0.765566757170707  3.321356814344838  13.615081603298503 -154.590370682017038
        0.000000012896849  3.344249515209635  23.255848819944198  13.157336768175696  6.004314671045527  0.000740875841495  0.765566757170707  3.321356814344838  13.615081603298503 -154.590370682017038
        0.000000011593411  3.344249465376434  23.255849166483351  13.157336768175696  6.004314671045527  0.000740875841495  0.765566757170707  3.321356814344838  13.615081603298503 -154.590370682017038
        0.000000001382859  3.344249465376434  23.255848819944198  13.157336964235292  6.004314671045527  0.000740875841495  0.765566757170707  3.321356814344838  13.615081603298503 -154.590370682017038
        0.000000000200907  3.344249465376434  23.255848819944198  13.157336768175696  6.004314760516787  0.000740875841495  0.765566757170707  3.321356814344838  13.615081603298503 -154.590370682017038
        0.000000000264590  3.344249465376434  23.255848819944198  13.157336768175696  6.004314671045527  0.000740890742656  0.765566757170707  3.321356814344838  13.615081603298503 -154.590370682017038
        0.000000003649781  3.344249465376434  23.255848819944198  13.157336768175696  6.004314671045527  0.000740875841495  0.765566772071868  3.321356814344838  13.615081603298503 -154.590370682017038
        0.000000002994992  3.344249465376434  23.255848819944198  13.157336768175696  6.004314671045527  0.000740875841495  0.765566757170707  3.321356863836911  13.615081603298503 -154.590370682017038
        0.000000004160071  3.344249465376434  23.255848819944198  13.157336768175696  6.004314671045527  0.000740875841495  0.765566757170707  3.321356814344838  13.615081806179028 -154.590370682017038
        0.000015277727594  3.344249465376434  23.255848819944198  13.157336768175696  6.004314671045527  0.000740875841495  0.765566757170707  3.321356814344838  13.615081603298503 -154.590372985593064
        0.000253270176002  3.321069595344361  25.046216573717700  14.203584795022246  6.363136432811776  0.000400074140102  0.767100195837572  3.321323132051809  14.181750856551718 -154.590370473131145
        0.000250315735277  3.338792263742550  23.677426965833241  13.426507106462120  6.018007868606471  0.000280911758713  0.766977521421372  3.321304719899183  13.748866401770519 -154.590370507650277
        0.000000012860731  3.338792313494432  23.677426965833241  13.426507106462120  6.018007868606471  0.000280911758713  0.766977521421372  3.321304719899183  13.748866401770519 -154.590370507650277
        0.000000011558099  3.338792263742550  23.677427318654399  13.426507106462120  6.018007868606471  0.000280911758713  0.766977521421372  3.321304719899183  13.748866401770519 -154.590370507650277
        0.000000001382361  3.338792263742550  23.677426965833241  13.426507306532667  6.018007868606471  0.000280911758713  0.766977521421372  3.321304719899183  13.748866401770519 -154.590370507650277
        0.000000000204967  3.338792263742550  23.677426965833241  13.426507106462120  6.018007958281776  0.000280911758713  0.766977521421372  3.321304719899183  13.748866401770519 -154.590370507650277
        0.000000000261413  3.338792263742550  23.677426965833241  13.426507106462120  6.018007868606471  0.000280926659875  0.766977521421372  3.321304719899183  13.748866401770519 -154.590370507650277
        0.000000003642672  3.338792263742550  23.677426965833241  13.426507106462120  6.018007868606471  0.000280911758713  0.766977536322533  3.321304719899183  13.748866401770519 -154.590370507650277
        0.000000003020761  3.338792263742550  23.677426965833241  13.426507106462120  6.018007868606471  0.000280911758713  0.766977521421372  3.321304769390480  13.748866401770519 -154.590370507650277
        0.000000004116068  3.338792263742550  23.677426965833241  13.426507106462120  6.018007868606471  0.000280911758713  0.766977521421372  3.321304719899183  13.748866606644594 -154.590370507650277
        0.000015277727649  3.338792263742550  23.677426965833241  13.426507106462120  6.018007868606471  0.000280911758713  0.766977521421372  3.321304719899183  13.748866401770519 -154.590372811226302
        0.000017447799082  3.338814898327437  23.677427295960573  13.426507188357663  6.018008041004117  0.000281253112140  0.766988463999960  3.321307683725306  13.748860557365710 -154.590370747040254
        0.000000012862459  3.338814948079656  23.677427295960573  13.426507188357663  6.018008041004117  0.000281253112140  0.766988463999960  3.321307683725306  13.748860557365710 -154.590370747040254
        0.000000011559617  3.338814898327437  23.677427648781734  13.426507188357663  6.018008041004117  0.000281253112140  0.766988463999960  3.321307683725306  13.748860557365710 -154.590370747040254
        0.000000001382484  3.338814898327437  23.677427295960573  13.426507388428211  6.018008041004117  0.000281253112140  0.766988463999960  3.321307683725306  13.748860557365710 -154.590370747040254
        0.000000000204985  3.338814898327437  23.677427295960573  13.426507188357663  6.018008130679425  0.000281253112140  0.766988463999960  3.321307683725306  13.748860557365710 -154.590370747040254
        0.000000000261443  3.338814898327437  23.677427295960573  13.426507188357663  6.018008041004117  0.000281268013301  0.766988463999960  3.321307683725306  13.748860557365710 -154.590370747040254
        0.000000003642927  3.338814898327437  23.677427295960573  13.426507188357663  6.018008041004117  0.000281253112140  0.766988478901121  3.321307683725306  13.748860557365710 -154.590370747040254
        0.000000003020820  3.338814898327437  23.677427295960573  13.426507188357663  6.018008041004117  0.000281253112140  0.766988463999960  3.321307733216647  13.748860557365710 -154.590370747040254
        0.000000004116469  3.338814898327437  23.677427295960573  13.426507188357663  6.018008041004117  0.000281253112140  0.766988463999960  3.321307683725306  13.748860762239698 -154.590370747040254
        0.000015277727559  3.338814898327437  23.677427295960573  13.426507188357663  6.018008041004117  0.000281253112140  0.766988463999960  3.321307683725306  13.748860557365710 -154.590373050616279
        0.000015280742971  3.337554090234089  23.778211520621415  13.492309835508147  6.013566437846108  0.000136818941797  0.767395283558897  3.321272878444153  13.780434410598803 -154.590370444207451
        0.000000012854491  3.337554139967521  23.778211520621415  13.492309835508147  6.013566437846108  0.000136818941797  0.767395283558897  3.321272878444153  13.780434410598803 -154.590370444207451
        0.000000011551623  3.337554090234089  23.778211874944379  13.492309835508147  6.013566437846108  0.000136818941797  0.767395283558897  3.321272878444153  13.780434410598803 -154.590370444207451
        0.000000001382472  3.337554090234089  23.778211520621415  13.492310036559230  6.013566437846108  0.000136818941797  0.767395283558897  3.321272878444153  13.780434410598803 -154.590370444207451
        0.000000000206264  3.337554090234089  23.778211520621415  13.492309835508147  6.013566527455231  0.000136818941797  0.767395283558897  3.321272878444153  13.780434410598803 -154.590370444207451
        0.000000000260315  3.337554090234089  23.778211520621415  13.492309835508147  6.013566437846108  0.000136833842958  0.767395283558897  3.321272878444153  13.780434410598803 -154.590370444207451
        0.000000003640914  3.337554090234089  23.778211520621415  13.492309835508147  6.013566437846108  0.000136818941797  0.767395298460059  3.321272878444153  13.780434410598803 -154.590370444207451
        0.000000003026479  3.337554090234089  23.778211520621415  13.492309835508147  6.013566437846108  0.000136818941797  0.767395283558897  3.321272927934976  13.780434410598803 -154.590370444207451
        0.000000004106492  3.337554090234089  23.778211520621415  13.492309835508147  6.013566437846108  0.000136818941797  0.767395283558897  3.321272878444153  13.780434615943276 -154.590370444207451
        0.000015277727461  3.337554090234089  23.778211520621415  13.492309835508147  6.013566437846108  0.000136818941797  0.767395283558897  3.321272878444153  13.780434410598803 -154.590372747783476
        0.000015298085698  3.338684561848156  23.689362428721434  13.446644841518255  5.975769806867821  0.000025435167365  0.767619664081033  3.321241077639251  13.752635917782442 -154.590370389012605
        0.000000755915567  3.337809791749704  23.758478402603679  13.483726924792633  6.000021949167812  0.000036940221283  0.767520458803157  3.321244350278420  13.774280555477763 -154.590370398856692
        0.000000502391141  3.337613688723107  23.773989794930547  13.490724671949168  6.009670738995940  0.000100771826204  0.767436306563078  3.321247097753707  13.779117580537923 -154.590370407275884
        0.000000012854906  3.337613738457427  23.773989794930547  13.490724671949168  6.009670738995940  0.000100771826204  0.767436306563078  3.321247097753707  13.779117580537923 -154.590370407275884
        0.000000011551956  3.337613688723107  23.773990149190599  13.490724671949168  6.009670738995940  0.000100771826204  0.767436306563078  3.321247097753707  13.779117580537923 -154.590370407275884
        0.000000001382484  3.337613688723107  23.773989794930547  13.490724872976632  6.009670738995940  0.000100771826204  0.767436306563078  3.321247097753707  13.779117580537923 -154.590370407275884
        0.000000000206390  3.337613688723107  23.773989794930547  13.490724671949168  6.009670828547012  0.000100771826204  0.767436306563078  3.321247097753707  13.779117580537923 -154.590370407275884
        0.000000000260120  3.337613688723107  23.773989794930547  13.490724671949168  6.009670738995940  0.000100786727365  0.767436306563078  3.321247097753707  13.779117580537923 -154.590370407275884
        0.000000003640701  3.337613688723107  23.773989794930547  13.490724671949168  6.009670738995940  0.000100771826204  0.767436321464239  3.321247097753707  13.779117580537923 -154.590370407275884
        0.000000003025957  3.337613688723107  23.773989794930547  13.490724671949168  6.009670738995940  0.000100771826204  0.767436306563078  3.321247147244146  13.779117580537923 -154.590370407275884
        0.000000004107003  3.337613688723107  23.773989794930547  13.490724671949168  6.009670738995940  0.000100771826204  0.767436306563078  3.321247097753707  13.779117785862775 -154.590370407275884
        0.000015277727435  3.337613688723107  23.773989794930547  13.490724671949168  6.009670738995940  0.000100771826204  0.767436306563078  3.321247097753707  13.779117580537923 -154.590372710851909
2023-06-01 19:26:17.591191
