/projects/wagner/highthroughput/mick_graphene_paper/3_data/1_kc_fitting
2023-06-01 19:06:18.132155
use a starting guess from the old fit
starting guess parameters:  [ 3.37942338e+00  1.81846722e+01  1.33942071e+01  3.55913531e-03
  6.07493500e+00  7.19345289e-01  3.29308248e+00  1.39067829e+01
 -1.54589368e+02]
     1025.507820120405995  3.379423382381699  18.184672181803677  13.394207130830571  0.003559135312169  6.074935002291668  0.719345289329483  3.293082477932360  13.906782892134125 -154.589367648541639
        0.000000014064352  3.379423432739032  18.184672181803677  13.394207130830571  0.003559135312169  6.074935002291668  0.719345289329483  3.293082477932360  13.906782892134125 -154.589367648541639
        0.000000012948553  3.379423382381699  18.184672452776407  13.394207130830571  0.003559135312169  6.074935002291668  0.719345289329483  3.293082477932360  13.906782892134125 -154.589367648541639
        0.000000001160716  3.379423382381699  18.184672181803677  13.394207330419810  0.003559135312169  6.074935002291668  0.719345289329483  3.293082477932360  13.906782892134125 -154.589367648541639
        0.000000000478097  3.379423382381699  18.184672181803677  13.394207130830571  0.003559150213330  6.074935002291668  0.719345289329483  3.293082477932360  13.906782892134125 -154.589367648541639
        0.000000000825815  3.379423382381699  18.184672181803677  13.394207130830571  0.003559135312169  6.074935092815254  0.719345289329483  3.293082477932360  13.906782892134125 -154.589367648541639
        0.000000002214007  3.379423382381699  18.184672181803677  13.394207130830571  0.003559135312169  6.074935002291668  0.719345304230644  3.293082477932360  13.906782892134125 -154.589367648541639
        0.000000002625951  3.379423382381699  18.184672181803677  13.394207130830571  0.003559135312169  6.074935002291668  0.719345289329483  3.293082527003112  13.906782892134125 -154.589367648541639
        0.000000004345417  3.379423382381699  18.184672181803677  13.394207130830571  0.003559135312169  6.074935002291668  0.719345289329483  3.293082477932360  13.906783099361338 -154.589367648541639
        0.000015277412315  3.379423382381699  18.184672181803677  13.394207130830571  0.003559135312169  6.074935002291668  0.719345289329483  3.293082477932360  13.906782892134125 -154.589369952102714
        0.014568142476859  3.381481384196908  17.549151239603713  14.613514675856095  8.997292059156209  6.482166694784333  0.492149272780501  3.273438916010154  13.890410243404359 -154.589379109694818
        0.013806884698660  3.378741225477792  17.483423612597178  12.665041873517511  2.016599400022112  6.792152563980546  0.664716150618174  3.280128474066055  13.923277501269093 -154.589410151576260
        0.000000013797117  3.378741275824960  17.483423612597178  12.665041873517511  2.016599400022112  6.792152563980546  0.664716150618174  3.280128474066055  13.923277501269093 -154.589410151576260
        0.000000012790590  3.378741225477792  17.483423873120493  12.665041873517511  2.016599400022112  6.792152563980546  0.664716150618174  3.280128474066055  13.923277501269093 -154.589410151576260
        0.000000001129278  3.378741225477792  17.483423612597178  12.665042062241342  2.016599400022112  6.792152563980546  0.664716150618174  3.280128474066055  13.923277501269093 -154.589410151576260
        0.000000000345994  3.378741225477792  17.483423612597178  12.665041873517511  2.016599430071784  6.792152563980546  0.664716150618174  3.280128474066055  13.923277501269093 -154.589410151576260
        0.000000000880563  3.378741225477792  17.483423612597178  12.665041873517511  2.016599400022112  6.792152665191506  0.664716150618174  3.280128474066055  13.923277501269093 -154.589410151576260
        0.000000002158585  3.378741225477792  17.483423612597178  12.665041873517511  2.016599400022112  6.792152563980546  0.664716165519336  3.280128474066055  13.923277501269093 -154.589410151576260
        0.000000002719763  3.378741225477792  17.483423612597178  12.665041873517511  2.016599400022112  6.792152563980546  0.664716150618174  3.280128522943778  13.923277501269093 -154.589410151576260
        0.000000004247439  3.378741225477792  17.483423612597178  12.665041873517511  2.016599400022112  6.792152563980546  0.664716150618174  3.280128474066055  13.923277708742095 -154.589410151576260
        0.000015277416715  3.378741225477792  17.483423612597178  12.665041873517511  2.016599400022112  6.792152563980546  0.664716150618174  3.280128474066055  13.923277501269093 -154.589412455137989
        0.000505232165046  3.379424839416255  17.591217673273935  12.729288956054155  0.018315646446595  6.587441930598278  0.712206756564855  3.275181298032159  13.924627604218356 -154.589399849518259
        0.000966582433545  3.378430214412400  17.400545006996705  12.306859236915981  1.723328696999396  6.971217259798461  0.670746683135081  3.276904649330281  13.947118034775306 -154.589407351163430
        0.000000013806392  3.378430264754933  17.400545006996705  12.306859236915981  1.723328696999396  6.971217259798461  0.670746683135081  3.276904649330281  13.947118034775306 -154.589407351163430
        0.000000012797692  3.378430214412400  17.400545266285032  12.306859236915981  1.723328696999396  6.971217259798461  0.670746683135081  3.276904649330281  13.947118034775306 -154.589407351163430
        0.000000001121473  3.378430214412400  17.400545006996705  12.306859420302475  1.723328696999396  6.971217259798461  0.670746683135081  3.276904649330281  13.947118034775306 -154.589407351163430
        0.000000000353585  3.378430214412400  17.400545006996705  12.306859236915981  1.723328722678995  6.971217259798461  0.670746683135081  3.276904649330281  13.947118034775306 -154.589407351163430
        0.000000000920761  3.378430214412400  17.400545006996705  12.306859236915981  1.723328696999396  6.971217363677694  0.670746683135081  3.276904649330281  13.947118034775306 -154.589407351163430
        0.000000002069349  3.378430214412400  17.400545006996705  12.306859236915981  1.723328696999396  6.971217259798461  0.670746698036242  3.276904649330281  13.947118034775306 -154.589407351163430
        0.000000002682546  3.378430214412400  17.400545006996705  12.306859236915981  1.723328696999396  6.971217259798461  0.670746683135081  3.276904698159965  13.947118034775306 -154.589407351163430
        0.000000004229998  3.378430214412400  17.400545006996705  12.306859236915981  1.723328696999396  6.971217259798461  0.670746683135081  3.276904649330281  13.947118242603560 -154.589407351163430
        0.000015277413228  3.378430214412400  17.400545006996705  12.306859236915981  1.723328696999396  6.971217259798461  0.670746683135081  3.276904649330281  13.947118034775306 -154.589409654725102
        0.000367848423895  3.379193010357942  17.446023355018273  12.259299575793149  0.721413113344085  6.906217603891246  0.696601059385028  3.266049402769287  13.995645359564799 -154.589355469498770
        0.000219762959954  3.378561825888561  17.411859915340127  12.246941161166388  1.484174332081315  7.016961037922921  0.677701701761237  3.267491534373839  14.005910423968158 -154.589359862443757
        0.000000013747604  3.378561876233055  17.411859915340127  12.246941161166388  1.484174332081315  7.016961037922921  0.677701701761237  3.267491534373839  14.005910423968158 -154.589359862443757
        0.000000012736186  3.378561825888561  17.411860174797059  12.246941161166388  1.484174332081315  7.016961037922921  0.677701701761237  3.267491534373839  14.005910423968158 -154.589359862443757
        0.000000001117713  3.378561825888561  17.411859915340127  12.246941343660033  1.484174332081315  7.016961037922921  0.677701701761237  3.267491534373839  14.005910423968158 -154.589359862443757
        0.000000000369785  3.378561825888561  17.411859915340127  12.246941161166388  1.484174354197236  7.016961037922921  0.677701701761237  3.267491534373839  14.005910423968158 -154.589359862443757
        0.000000000940349  3.378561825888561  17.411859915340127  12.246941161166388  1.484174332081315  7.016961142483789  0.677701701761237  3.267491534373839  14.005910423968158 -154.589359862443757
        0.000000002036033  3.378561825888561  17.411859915340127  12.246941161166388  1.484174332081315  7.016961037922921  0.677701716662398  3.267491534373839  14.005910423968158 -154.589359862443757
        0.000000002668625  3.378561825888561  17.411859915340127  12.246941161166388  1.484174332081315  7.016961037922921  0.677701701761237  3.267491583063257  14.005910423968158 -154.589359862443757
        0.000000004233648  3.378561825888561  17.411859915340127  12.246941161166388  1.484174332081315  7.016961037922921  0.677701701761237  3.267491534373839  14.005910632672487 -154.589359862443757
        0.000015277396570  3.378561825888561  17.411859915340127  12.246941161166388  1.484174332081315  7.016961037922921  0.677701701761237  3.267491534373839  14.005910423968158 -154.589362166004719
        0.000056143655894  3.378477348071768  17.461773534426026  12.216673380000506  0.987502764477547  6.961828649486467  0.691044897425381  3.266046657666198  14.016160052903697 -154.589352862658785
        0.000000013733502  3.378477398415003  17.461773534426026  12.216673380000506  0.987502764477547  6.961828649486467  0.691044897425381  3.266046657666198  14.016160052903697 -154.589352862658785
        0.000000012706987  3.378477348071768  17.461773794626730  12.216673380000506  0.987502764477547  6.961828649486467  0.691044897425381  3.266046657666198  14.016160052903697 -154.589352862658785
        0.000000001116595  3.378477348071768  17.461773534426026  12.216673562043125  0.987502764477547  6.961828649486467  0.691044897425381  3.266046657666198  14.016160052903697 -154.589352862658785
        0.000000000406832  3.378477348071768  17.461773534426026  12.216673380000506  0.987502779378708  6.961828649486467  0.691044897425381  3.266046657666198  14.016160052903697 -154.589352862658785
        0.000000000958280  3.378477348071768  17.461773534426026  12.216673380000506  0.987502764477547  6.961828753225798  0.691044897425381  3.266046657666198  14.016160052903697 -154.589352862658785
        0.000000002001010  3.378477348071768  17.461773534426026  12.216673380000506  0.987502764477547  6.961828649486467  0.691044912326543  3.266046657666198  14.016160052903697 -154.589352862658785
        0.000000002632001  3.378477348071768  17.461773534426026  12.216673380000506  0.987502764477547  6.961828649486467  0.691044897425381  3.266046706334085  14.016160052903697 -154.589352862658785
        0.000000004237757  3.378477348071768  17.461773534426026  12.216673380000506  0.987502764477547  6.961828649486467  0.691044897425381  3.266046657666198  14.016160261760756 -154.589352862658785
        0.000015277394458  3.378477348071768  17.461773534426026  12.216673380000506  0.987502764477547  6.961828649486467  0.691044897425381  3.266046657666198  14.016160052903697 -154.589355166219661
        0.000021279281245  3.377895211073505  17.532993975490552  12.116065416833289  0.501966150676037  6.915279838122731  0.705292057199038  3.266508197835083  14.025226359327023 -154.589356821148186
        0.000000013731885  3.377895261408066  17.532993975490552  12.116065416833289  0.501966150676037  6.915279838122731  0.705292057199038  3.266508197835083  14.025226359327023 -154.589356821148186
        0.000000012688241  3.377895211073505  17.532994236752522  12.116065416833289  0.501966150676037  6.915279838122731  0.705292057199038  3.266508197835083  14.025226359327023 -154.589356821148186
        0.000000001116690  3.377895211073505  17.532993975490552  12.116065597376732  0.501966150676037  6.915279838122731  0.705292057199038  3.266508197835083  14.025226359327023 -154.589356821148186
        0.000000000412488  3.377895211073505  17.532993975490552  12.116065416833289  0.501966165577198  6.915279838122731  0.705292057199038  3.266508197835083  14.025226359327023 -154.589356821148186
        0.000000000947536  3.377895211073505  17.532993975490552  12.116065416833289  0.501966150676037  6.915279941168431  0.705292057199038  3.266508197835083  14.025226359327023 -154.589356821148186
        0.000000001961126  3.377895211073505  17.532993975490552  12.116065416833289  0.501966150676037  6.915279838122731  0.705292072100199  3.266508197835083  14.025226359327023 -154.589356821148186
        0.000000002592807  3.377895211073505  17.532993975490552  12.116065416833289  0.501966150676037  6.915279838122731  0.705292057199038  3.266508246509849  14.025226359327023 -154.589356821148186
        0.000000004236229  3.377895211073505  17.532993975490552  12.116065416833289  0.501966150676037  6.915279838122731  0.705292057199038  3.266508197835083  14.025226568319182 -154.589356821148186
        0.000015277395871  3.377895211073505  17.532993975490552  12.116065416833289  0.501966150676037  6.915279838122731  0.705292057199038  3.266508197835083  14.025226359327023 -154.589359124709119
        0.000026568072914  3.377875219965671  17.546757655103825  12.170617411604800  1.001905886093882  6.906589405888548  0.693663590883856  3.266378941514859  14.026242939200934 -154.589356485579259
        0.000052477749206  3.377691482744342  17.550443704144165  12.098545974372836  0.625311906893783  6.915705855275780  0.703141740882400  3.266498722972655  14.030289737046287 -154.589356878632231
        0.000000013736888  3.377691533075867  17.550443704144165  12.098545974372836  0.625311906893783  6.915705855275780  0.703141740882400  3.266498722972655  14.030289737046287 -154.589356878632231
        0.000000012694862  3.377691482744342  17.550443965666155  12.098545974372836  0.625311906893783  6.915705855275780  0.703141740882400  3.266498722972655  14.030289737046287 -154.589356878632231
        0.000000001117921  3.377691482744342  17.550443704144165  12.098546154655221  0.625311906893783  6.915705855275780  0.703141740882400  3.266498722972655  14.030289737046287 -154.589356878632231
        0.000000000409992  3.377691482744342  17.550443704144165  12.098545974372836  0.625311921794945  6.915705855275780  0.703141740882400  3.266498722972655  14.030289737046287 -154.589356878632231
        0.000000000947263  3.377691482744342  17.550443704144165  12.098545974372836  0.625311906893783  6.915705958327828  0.703141740882400  3.266498722972655  14.030289737046287 -154.589356878632231
        0.000000001970667  3.377691482744342  17.550443704144165  12.098545974372836  0.625311906893783  6.915705855275780  0.703141755783561  3.266498722972655  14.030289737046287 -154.589356878632231
        0.000000002600791  3.377691482744342  17.550443704144165  12.098545974372836  0.625311906893783  6.915705855275780  0.703141740882400  3.266498771647278  14.030289737046287 -154.589356878632231
        0.000000004234831  3.377691482744342  17.550443704144165  12.098545974372836  0.625311906893783  6.915705855275780  0.703141740882400  3.266498722972655  14.030289946113896 -154.589356878632231
        0.000015277395863  3.377691482744342  17.550443704144165  12.098545974372836  0.625311906893783  6.915705855275780  0.703141740882400  3.266498722972655  14.030289737046287 -154.589359182193164
        0.000020632436606  3.377649418964163  17.568245449535290  12.095787662586366  0.749128143174153  6.902616576071664  0.700983920970310  3.265928346341673  14.034372773183717 -154.589354512923052
        0.000006304715323  3.377666355768929  17.557194475266627  12.093296976681625  0.655505675080788  6.913801001082535  0.702752931833057  3.266029457681076  14.033801645223047 -154.589354668659183
        0.000005460235782  3.377687712504913  17.552337041734848  12.096385272691744  0.632612738356701  6.916040243991093  0.703064006924792  3.266274002488557  14.031768133152589 -154.589355854920257
        0.000003222962925  3.377696979266523  17.550931276893895  12.097915956288656  0.627095804205050  6.915899791614144  0.703120180840790  3.266412304259689  14.030624212341248 -154.589356570313015
        0.000000013736686  3.377697029598131  17.550931276893895  12.097915956288656  0.627095804205050  6.915899791614144  0.703120180840790  3.266412304259689  14.030624212341248 -154.589356570313015
        0.000000012694689  3.377696979266523  17.550931538423150  12.097915956288656  0.627095804205050  6.915899791614144  0.703120180840790  3.266412304259689  14.030624212341248 -154.589356570313015
        0.000000001117966  3.377696979266523  17.550931276893895  12.097916136561652  0.627095804205050  6.915899791614144  0.703120180840790  3.266412304259689  14.030624212341248 -154.589356570313015
        0.000000000409950  3.377696979266523  17.550931276893895  12.097915956288656  0.627095819106211  6.915899791614144  0.703120180840790  3.266412304259689  14.030624212341248 -154.589356570313015
        0.000000000947338  3.377696979266523  17.550931276893895  12.097915956288656  0.627095804205050  6.915899894669082  0.703120180840790  3.266412304259689  14.030624212341248 -154.589356570313015
        0.000000001970801  3.377696979266523  17.550931276893895  12.097915956288656  0.627095804205050  6.915899791614144  0.703120195741952  3.266412304259689  14.030624212341248 -154.589356570313015
        0.000000002601014  3.377696979266523  17.550931276893895  12.097915956288656  0.627095804205050  6.915899791614144  0.703120180840790  3.266412352933025  14.030624212341248 -154.589356570313015
        0.000000004234901  3.377696979266523  17.550931276893895  12.097915956288656  0.627095804205050  6.915899791614144  0.703120180840790  3.266412304259689  14.030624421413842 -154.589356570313015
        0.000015277395769  3.377696979266523  17.550931276893895  12.097915956288656  0.627095804205050  6.915899791614144  0.703120180840790  3.266412304259689  14.030624212341248 -154.589358873873948
2023-06-01 19:14:20.237390
