/projects/wagner/highthroughput/mick_graphene_paper/3_data/1_kc_fitting
2023-06-01 19:10:58.777606
use a starting guess from the old fit
starting guess parameters:  [ 3.37942338e+00  1.81846722e+01  1.33942071e+01  3.55913531e-03
  6.07493500e+00  7.19345289e-01  3.29308248e+00  1.39067829e+01
 -1.54589368e+02]
     1025.507820120405995  3.379423382381699  18.184672181803677  13.394207130830571  0.003559135312169  6.074935002291668  0.719345289329483  3.293082477932360  13.906782892134125 -154.589367648541639
        0.000000014064352  3.379423432739032  18.184672181803677  13.394207130830571  0.003559135312169  6.074935002291668  0.719345289329483  3.293082477932360  13.906782892134125 -154.589367648541639
        0.000000012948553  3.379423382381699  18.184672452776407  13.394207130830571  0.003559135312169  6.074935002291668  0.719345289329483  3.293082477932360  13.906782892134125 -154.589367648541639
        0.000000001160716  3.379423382381699  18.184672181803677  13.394207330419810  0.003559135312169  6.074935002291668  0.719345289329483  3.293082477932360  13.906782892134125 -154.589367648541639
        0.000000000478097  3.379423382381699  18.184672181803677  13.394207130830571  0.003559150213330  6.074935002291668  0.719345289329483  3.293082477932360  13.906782892134125 -154.589367648541639
        0.000000000825815  3.379423382381699  18.184672181803677  13.394207130830571  0.003559135312169  6.074935092815254  0.719345289329483  3.293082477932360  13.906782892134125 -154.589367648541639
        0.000000002214007  3.379423382381699  18.184672181803677  13.394207130830571  0.003559135312169  6.074935002291668  0.719345304230644  3.293082477932360  13.906782892134125 -154.589367648541639
        0.000000002625951  3.379423382381699  18.184672181803677  13.394207130830571  0.003559135312169  6.074935002291668  0.719345289329483  3.293082527003112  13.906782892134125 -154.589367648541639
        0.000000004345417  3.379423382381699  18.184672181803677  13.394207130830571  0.003559135312169  6.074935002291668  0.719345289329483  3.293082477932360  13.906783099361338 -154.589367648541639
        0.000015277412315  3.379423382381699  18.184672181803677  13.394207130830571  0.003559135312169  6.074935002291668  0.719345289329483  3.293082477932360  13.906782892134125 -154.589369952102714
        0.065750839123001  3.444556494201856  14.542862439982510  14.120361960271245  17.570413622506301  4.905129162841369  0.309290312433986  3.165043078322335  12.887080361164770 -154.589096335288332
        0.062221271208611  3.377702156373016  18.172216207176476  13.038019063926697  4.458461621852664  6.649000919592519  0.638035619116388  3.175227613148853  14.480248377083846 -154.589151763807365
        0.003426789093607  3.371138014181603  18.448673675728603  12.235005227420846  0.654347142815865  6.870305732497657  0.731749235046634  3.183450995719286  14.591408305361625 -154.589194162166905
        0.000000013069056  3.371138064415474  18.448673675728603  12.235005227420846  0.654347142815865  6.870305732497657  0.731749235046634  3.183450995719286  14.591408305361625 -154.589194162166905
        0.000000012023073  3.371138014181603  18.448673950635264  12.235005227420846  0.654347142815865  6.870305732497657  0.731749235046634  3.183450995719286  14.591408305361625 -154.589194162166905
        0.000000001121532  3.371138014181603  18.448673675728603  12.235005409736631  0.654347142815865  6.870305732497657  0.731749235046634  3.183450995719286  14.591408305361625 -154.589194162166905
        0.000000000420944  3.371138014181603  18.448673675728603  12.235005227420846  0.654347157717026  6.870305732497657  0.731749235046634  3.183450995719286  14.591408305361625 -154.589194162166905
        0.000000000921797  3.371138014181603  18.448673675728603  12.235005227420846  0.654347142815865  6.870305834873190  0.731749235046634  3.183450995719286  14.591408305361625 -154.589194162166905
        0.000000002016281  3.371138014181603  18.448673675728603  12.235005227420846  0.654347142815865  6.870305732497657  0.731749249947795  3.183450995719286  14.591408305361625 -154.589194162166905
        0.000000002692451  3.371138014181603  18.448673675728603  12.235005227420846  0.654347142815865  6.870305732497657  0.731749235046634  3.183451043156402  14.591408305361625 -154.589194162166905
        0.000000004210835  3.371138014181603  18.448673675728603  12.235005227420846  0.654347142815865  6.870305732497657  0.731749235046634  3.183450995719286  14.591408522790552 -154.589194162166905
        0.000015277304250  3.371138014181603  18.448673675728603  12.235005227420846  0.654347142815865  6.870305732497657  0.731749235046634  3.183450995719286  14.591408305361625 -154.589196465725394
        0.000323188822856  3.371274022905745  18.474905547157697  12.163358626448661  0.658136104532238  6.875747768654244  0.735125781914053  3.180220804549567  14.661006642255593 -154.589153949896087
        0.000000013068315  3.371274073141643  18.474905547157697  12.163358626448661  0.658136104532238  6.875747768654244  0.735125781914053  3.180220804549567  14.661006642255593 -154.589153949896087
        0.000000012020251  3.371274022905745  18.474905822455241  12.163358626448661  0.658136104532238  6.875747768654244  0.735125781914053  3.180220804549567  14.661006642255593 -154.589153949896087
        0.000000001123289  3.371274022905745  18.474905547157697  12.163358807696827  0.658136104532238  6.875747768654244  0.735125781914053  3.180220804549567  14.661006642255593 -154.589153949896087
        0.000000000420411  3.371274022905745  18.474905547157697  12.163358626448661  0.658136119433399  6.875747768654244  0.735125781914053  3.180220804549567  14.661006642255593 -154.589153949896087
        0.000000000922749  3.371274022905745  18.474905547157697  12.163358626448661  0.658136104532238  6.875747871110869  0.735125781914053  3.180220804549567  14.661006642255593 -154.589153949896087
        0.000000002013709  3.371274022905745  18.474905547157697  12.163358626448661  0.658136104532238  6.875747768654244  0.735125796815214  3.180220804549567  14.661006642255593 -154.589153949896087
        0.000000002693440  3.371274022905745  18.474905547157697  12.163358626448661  0.658136104532238  6.875747768654244  0.735125781914053  3.180220851938550  14.661006642255593 -154.589153949896087
        0.000000004226668  3.371274022905745  18.474905547157697  12.163358626448661  0.658136104532238  6.875747768654244  0.735125781914053  3.180220804549567  14.661006860721617 -154.589153949896087
        0.000015277286363  3.371274022905745  18.474905547157697  12.163358626448661  0.658136104532238  6.875747768654244  0.735125781914053  3.180220804549567  14.661006642255593 -154.589156253453979
        0.000195100868363  3.365353847648705  19.223154251020375  12.270602690595958  1.745528663688015  6.542836678738587  0.727838740385395  3.174207274673989  14.844915717679987 -154.589125944464314
        0.000168699619059  3.369888229277588  18.905903198063669  11.890747571095144  0.851844633687213  6.503760396987816  0.749121796584091  3.173853559408977  14.731239441955188 -154.589123084436750
        0.000000013030201  3.369888279492836  18.905903198063669  11.890747571095144  0.851844633687213  6.503760396987816  0.749121796584091  3.173853559408977  14.731239441955188 -154.589123084436750
        0.000000011952308  3.369888229277588  18.905903479783579  11.890747571095144  0.851844633687213  6.503760396987816  0.749121796584091  3.173853559408977  14.731239441955188 -154.589123084436750
        0.000000001149451  3.369888229277588  18.905903198063669  11.890747748281090  0.851844633687213  6.503760396987816  0.749121796584091  3.173853559408977  14.731239441955188 -154.589123084436750
        0.000000000416684  3.369888229277588  18.905903198063669  11.890747571095144  0.851844648588374  6.503760396987816  0.749121796584091  3.173853559408977  14.731239441955188 -154.589123084436750
        0.000000000864054  3.369888229277588  18.905903198063669  11.890747571095144  0.851844633687213  6.503760493901398  0.749121796584091  3.173853559408977  14.731239441955188 -154.589123084436750
        0.000000002096783  3.369888229277588  18.905903198063669  11.890747571095144  0.851844633687213  6.503760396987816  0.749121811485252  3.173853559408977  14.731239441955188 -154.589123084436750
        0.000000002705149  3.369888229277588  18.905903198063669  11.890747571095144  0.851844633687213  6.503760396987816  0.749121796584091  3.173853606703080  14.731239441955188 -154.589123084436750
        0.000000004247884  3.369888229277588  18.905903198063669  11.890747571095144  0.851844633687213  6.503760396987816  0.749121796584091  3.173853559408977  14.731239661467761 -154.589123084436750
        0.000015277276903  3.369888229277588  18.905903198063669  11.890747571095144  0.851844633687213  6.503760396987816  0.749121796584091  3.173853559408977  14.731239441955188 -154.589125387994187
        0.000063280798859  3.368655145137699  19.046758576137627  11.916126587589341  0.850337947652320  6.450340123047813  0.752177639662925  3.172221782661344  14.772373104136516 -154.589116382025168
        0.000000013007087  3.368655195334572  19.046758576137627  11.916126587589341  0.850337947652320  6.450340123047813  0.752177639662925  3.172221782661344  14.772373104136516 -154.589116382025168
        0.000000011924226  3.368655145137699  19.046758859956448  11.916126587589341  0.850337947652320  6.450340123047813  0.752177639662925  3.172221782661344  14.772373104136516 -154.589116382025168
        0.000000001153932  3.368655145137699  19.046758576137627  11.916126765153464  0.850337947652320  6.450340123047813  0.752177639662925  3.172221782661344  14.772373104136516 -154.589116382025168
        0.000000000418001  3.368655145137699  19.046758576137627  11.916126587589341  0.850337962553482  6.450340123047813  0.752177639662925  3.172221782661344  14.772373104136516 -154.589116382025168
        0.000000000852783  3.368655145137699  19.046758576137627  11.916126587589341  0.850337947652320  6.450340219165371  0.752177639662925  3.172221782661344  14.772373104136516 -154.589116382025168
        0.000000002112415  3.368655145137699  19.046758576137627  11.916126587589341  0.850337947652320  6.450340123047813  0.752177654564087  3.172221782661344  14.772373104136516 -154.589116382025168
        0.000000002712583  3.368655145137699  19.046758576137627  11.916126587589341  0.850337947652320  6.450340123047813  0.752177639662925  3.172221829931132  14.772373104136516 -154.589116382025168
        0.000000004243866  3.368655145137699  19.046758576137627  11.916126587589341  0.850337947652320  6.450340123047813  0.752177639662925  3.172221782661344  14.772373324262029 -154.589116382025168
        0.000015277274684  3.368655145137699  19.046758576137627  11.916126587589341  0.850337947652320  6.450340123047813  0.752177639662925  3.172221782661344  14.772373104136516 -154.589118685582520
        0.000084066450305  3.364250266042289  19.539392236358868  11.858035483195090  0.648443901677784  6.226471006749233  0.768979282103050  3.172513770503549  14.871665348966497 -154.589128172492281
        0.000000012981131  3.364250316173524  19.539392236358868  11.858035483195090  0.648443901677784  6.226471006749233  0.768979282103050  3.172513770503549  14.871665348966497 -154.589128172492281
        0.000000011868894  3.364250266042289  19.539392527518501  11.858035483195090  0.648443901677784  6.226471006749233  0.768979282103050  3.172513770503549  14.871665348966497 -154.589128172492281
        0.000000001174501  3.364250266042289  19.539392236358868  11.858035659893588  0.648443901677784  6.226471006749233  0.768979282103050  3.172513770503549  14.871665348966497 -154.589128172492281
        0.000000000420794  3.364250266042289  19.539392236358868  11.858035483195090  0.648443916578945  6.226471006749233  0.768979282103050  3.172513770503549  14.871665348966497 -154.589128172492281
        0.000000000807421  3.364250266042289  19.539392236358868  11.858035483195090  0.648443901677784  6.226471099530881  0.768979282103050  3.172513770503549  14.871665348966497 -154.589128172492281
        0.000000002144336  3.364250266042289  19.539392236358868  11.858035483195090  0.648443901677784  6.226471006749233  0.768979297004211  3.172513770503549  14.871665348966497 -154.589128172492281
        0.000000002710603  3.364250266042289  19.539392236358868  11.858035483195090  0.648443901677784  6.226471006749233  0.768979282103050  3.172513817777689  14.871665348966497 -154.589128172492281
        0.000000004225352  3.364250266042289  19.539392236358868  11.858035483195090  0.648443901677784  6.226471006749233  0.768979282103050  3.172513770503549  14.871665570571579 -154.589128172492281
        0.000015277279045  3.364250266042289  19.539392236358868  11.858035483195090  0.648443901677784  6.226471006749233  0.768979282103050  3.172513770503549  14.871665348966497 -154.589130476049803
        0.000026541900063  3.363096900314894  19.673354164054562  11.850827239891585  0.650244719483626  6.171488670802002  0.771925987922030  3.171896729375040  14.903814894444380 -154.589127231177201
        0.000000012968209  3.363096950428943  19.673354164054562  11.850827239891585  0.650244719483626  6.171488670802002  0.771925987922030  3.171896729375040  14.903814894444380 -154.589127231177201
        0.000000011850281  3.363096900314894  19.673354457210383  11.850827239891585  0.650244719483626  6.171488670802002  0.771925987922030  3.171896729375040  14.903814894444380 -154.589127231177201
        0.000000001180021  3.363096900314894  19.673354164054562  11.850827416482671  0.650244719483626  6.171488670802002  0.771925987922030  3.171896729375040  14.903814894444380 -154.589127231177201
        0.000000000420824  3.363096900314894  19.673354164054562  11.850827239891585  0.650244734384787  6.171488670802002  0.771925987922030  3.171896729375040  14.903814894444380 -154.589127231177201
        0.000000000796470  3.363096900314894  19.673354164054562  11.850827239891585  0.650244719483626  6.171488762764350  0.771925987922030  3.171896729375040  14.903814894444380 -154.589127231177201
        0.000000002157509  3.363096900314894  19.673354164054562  11.850827239891585  0.650244719483626  6.171488670802002  0.771926002823191  3.171896729375040  14.903814894444380 -154.589127231177201
        0.000000002715434  3.363096900314894  19.673354164054562  11.850827239891585  0.650244719483626  6.171488670802002  0.771925987922030  3.171896776639984  14.903814894444380 -154.589127231177201
        0.000000004220930  3.363096900314894  19.673354164054562  11.850827239891585  0.650244719483626  6.171488670802002  0.771925987922030  3.171896729375040  14.903815116528529 -154.589127231177201
        0.000015277278565  3.363096900314894  19.673354164054562  11.850827239891585  0.650244719483626  6.171488670802002  0.771925987922030  3.171896729375040  14.903814894444380 -154.589129534734695
        0.000069662443674  3.346544356788862  20.899146188927013  12.394087043204207  0.787918658486460  6.233765760116672  0.777936692217108  3.171680439183884  15.333415462391255 -154.589134619136871
        0.000086277353145  3.359777326734758  20.015999030809070  11.909457005513850  0.705420067257663  6.051593615408450  0.776861557027618  3.171802663602511  14.984030167841095 -154.589133077452260
        0.000000012946092  3.359777376799342  20.015999030809070  11.909457005513850  0.705420067257663  6.051593615408450  0.776861557027618  3.171802663602511  14.984030167841095 -154.589133077452260
        0.000000011816788  3.359777326734758  20.015999329070699  11.909457005513850  0.705420067257663  6.051593615408450  0.776861557027618  3.171802663602511  14.984030167841095 -154.589133077452260
        0.000000001191450  3.359777326734758  20.015999030809070  11.909457182978588  0.705420067257663  6.051593615408450  0.776861557027618  3.171802663602511  14.984030167841095 -154.589133077452260
        0.000000000421958  3.359777326734758  20.015999030809070  11.909457005513850  0.705420082158825  6.051593615408450  0.776861557027618  3.171802663602511  14.984030167841095 -154.589133077452260
        0.000000000770979  3.359777326734758  20.015999030809070  11.909457005513850  0.705420067257663  6.051593705584222  0.776861557027618  3.171802663602511  14.984030167841095 -154.589133077452260
        0.000000002195365  3.359777326734758  20.015999030809070  11.909457005513850  0.705420067257663  6.051593615408450  0.776861571928779  3.171802663602511  14.984030167841095 -154.589133077452260
        0.000000002734956  3.359777326734758  20.015999030809070  11.909457005513850  0.705420067257663  6.051593615408450  0.776861557027618  3.171802710866054  14.984030167841095 -154.589133077452260
        0.000000004203783  3.359777326734758  20.015999030809070  11.909457005513850  0.705420067257663  6.051593615408450  0.776861557027618  3.171802663602511  14.984030391120543 -154.589133077452260
        0.000015277280661  3.359777326734758  20.015999030809070  11.909457005513850  0.705420067257663  6.051593615408450  0.776861557027618  3.171802663602511  14.984030167841095 -154.589135381009839
        0.000018101003733  3.357475404907848  20.216956500425649  11.928357308164259  0.630271719859626  6.027395417833075  0.781688685451000  3.171042338192275  15.048490280668458 -154.589131089615876
        0.000000012925513  3.357475454938130  20.216956500425649  11.928357308164259  0.630271719859626  6.027395417833075  0.781688685451000  3.171042338192275  15.048490280668458 -154.589131089615876
        0.000000011789413  3.357475404907848  20.216956801681778  11.928357308164259  0.630271719859626  6.027395417833075  0.781688685451000  3.171042338192275  15.048490280668458 -154.589131089615876
        0.000000001197184  3.357475404907848  20.216956500425649  11.928357485910634  0.630271719859626  6.027395417833075  0.781688685451000  3.171042338192275  15.048490280668458 -154.589131089615876
        0.000000000422689  3.357475404907848  20.216956500425649  11.928357308164259  0.630271734760787  6.027395417833075  0.781688685451000  3.171042338192275  15.048490280668458 -154.589131089615876
        0.000000000761557  3.357475404907848  20.216956500425649  11.928357308164259  0.630271719859626  6.027395507648266  0.781688685451000  3.171042338192275  15.048490280668458 -154.589131089615876
        0.000000002198515  3.357475404907848  20.216956500425649  11.928357308164259  0.630271719859626  6.027395417833075  0.781688700352162  3.171042338192275  15.048490280668458 -154.589131089615876
        0.000000002740381  3.357475404907848  20.216956500425649  11.928357308164259  0.630271719859626  6.027395417833075  0.781688685451000  3.171042385444488  15.048490280668458 -154.589131089615876
        0.000000004188810  3.357475404907848  20.216956500425649  11.928357308164259  0.630271719859626  6.027395417833075  0.781688685451000  3.171042338192275  15.048490504908438 -154.589131089615876
        0.000015277280005  3.357475404907848  20.216956500425649  11.928357308164259  0.630271719859626  6.027395417833075  0.781688685451000  3.171042338192275  15.048490280668458 -154.589133393173427
        0.000021180738110  3.355964355473995  20.360522835990981  12.006056261158943  0.732855112634602  5.991150703062761  0.780806729940922  3.171266526457959  15.084580204675314 -154.589134437397377
        0.000007985162238  3.357104008990109  20.261924953818049  11.940904195679714  0.655099017284340  6.004033611178030  0.781908224881733  3.171251759642571  15.055709978609345 -154.589133174232558
        0.000000012924302  3.357104059014857  20.261924953818049  11.940904195679714  0.655099017284340  6.004033611178030  0.781908224881733  3.171251759642571  15.055709978609345 -154.589133174232558
        0.000000011786843  3.357104008990109  20.261925255744259  11.940904195679714  0.655099017284340  6.004033611178030  0.781908224881733  3.171251759642571  15.055709978609345 -154.589133174232558
        0.000000001198844  3.357104008990109  20.261924953818049  11.940904373613051  0.655099017284340  6.004033611178030  0.781908224881733  3.171251759642571  15.055709978609345 -154.589133174232558
        0.000000000422850  3.357104008990109  20.261924953818049  11.940904195679714  0.655099032185501  6.004033611178030  0.781908224881733  3.171251759642571  15.055709978609345 -154.589133174232558
        0.000000000757412  3.357104008990109  20.261924953818049  11.940904195679714  0.655099017284340  6.004033700645103  0.781908224881733  3.171251759642571  15.055709978609345 -154.589133174232558
        0.000000002206576  3.357104008990109  20.261924953818049  11.940904195679714  0.655099017284340  6.004033611178030  0.781908239782894  3.171251759642571  15.055709978609345 -154.589133174232558
        0.000000002743948  3.357104008990109  20.261924953818049  11.940904195679714  0.655099017284340  6.004033611178030  0.781908224881733  3.171251806897905  15.055709978609345 -154.589133174232558
        0.000000004187377  3.357104008990109  20.261924953818049  11.940904195679714  0.655099017284340  6.004033611178030  0.781908224881733  3.171251759642571  15.055710202956906 -154.589133174232558
        0.000015277280695  3.357104008990109  20.261924953818049  11.940904195679714  0.655099017284340  6.004033611178030  0.781908224881733  3.171251759642571  15.055709978609345 -154.589135477790137
2023-06-01 19:20:40.092699
