/projects/wagner/highthroughput/mick_graphene_paper/3_data/1_kc_fitting
2023-06-01 19:07:11.680112
use a starting guess from the old fit
starting guess parameters:  [ 3.37942338e+00  1.81846722e+01  1.33942071e+01  3.55913531e-03
  6.07493500e+00  7.19345289e-01  3.29308248e+00  1.39067829e+01
 -1.54589368e+02]
     1025.507820120405995  3.379423382381699  18.184672181803677  13.394207130830571  0.003559135312169  6.074935002291668  0.719345289329483  3.293082477932360  13.906782892134125 -154.589367648541639
        0.000000014064352  3.379423432739032  18.184672181803677  13.394207130830571  0.003559135312169  6.074935002291668  0.719345289329483  3.293082477932360  13.906782892134125 -154.589367648541639
        0.000000012948553  3.379423382381699  18.184672452776407  13.394207130830571  0.003559135312169  6.074935002291668  0.719345289329483  3.293082477932360  13.906782892134125 -154.589367648541639
        0.000000001160716  3.379423382381699  18.184672181803677  13.394207330419810  0.003559135312169  6.074935002291668  0.719345289329483  3.293082477932360  13.906782892134125 -154.589367648541639
        0.000000000478097  3.379423382381699  18.184672181803677  13.394207130830571  0.003559150213330  6.074935002291668  0.719345289329483  3.293082477932360  13.906782892134125 -154.589367648541639
        0.000000000825815  3.379423382381699  18.184672181803677  13.394207130830571  0.003559135312169  6.074935092815254  0.719345289329483  3.293082477932360  13.906782892134125 -154.589367648541639
        0.000000002214007  3.379423382381699  18.184672181803677  13.394207130830571  0.003559135312169  6.074935002291668  0.719345304230644  3.293082477932360  13.906782892134125 -154.589367648541639
        0.000000002625951  3.379423382381699  18.184672181803677  13.394207130830571  0.003559135312169  6.074935002291668  0.719345289329483  3.293082527003112  13.906782892134125 -154.589367648541639
        0.000000004345417  3.379423382381699  18.184672181803677  13.394207130830571  0.003559135312169  6.074935002291668  0.719345289329483  3.293082477932360  13.906783099361338 -154.589367648541639
        0.000015277412315  3.379423382381699  18.184672181803677  13.394207130830571  0.003559135312169  6.074935002291668  0.719345289329483  3.293082477932360  13.906782892134125 -154.589369952102714
        0.002235879014446  3.368949784811524  19.678873206556936  13.554273226010947  4.269969212405039  4.698089650604659  0.664809133244138  3.331300329678827  13.879583078819811 -154.589538251454286
        0.002726764725110  3.371618244697952  19.031114704139856  12.660218856935488  0.212891385804910  5.304090186869170  0.747062866305122  3.327601827511002  13.862276782050813 -154.589504083185744
        0.000000014210872  3.371618294938979  19.031114704139856  12.660218856935488  0.212891385804910  5.304090186869170  0.747062866305122  3.327601827511002  13.862276782050813 -154.589504083185744
        0.000000013021112  3.371618244697952  19.031114987725566  12.660218856935488  0.212891385804910  5.304090186869170  0.747062866305122  3.327601827511002  13.862276782050813 -154.589504083185744
        0.000000001207854  3.371618244697952  19.031114704139856  12.660219045587450  0.212891385804910  5.304090186869170  0.747062866305122  3.327601827511002  13.862276782050813 -154.589504083185744
        0.000000000459435  3.371618244697952  19.031114704139856  12.660218856935488  0.212891400706071  5.304090186869170  0.747062866305122  3.327601827511002  13.862276782050813 -154.589504083185744
        0.000000000689769  3.371618244697952  19.031114704139856  12.660218856935488  0.212891385804910  5.304090265906273  0.747062866305122  3.327601827511002  13.862276782050813 -154.589504083185744
        0.000000002323775  3.371618244697952  19.031114704139856  12.660218856935488  0.212891385804910  5.304090186869170  0.747062881206283  3.327601827511002  13.862276782050813 -154.589504083185744
        0.000000002576298  3.371618244697952  19.031114704139856  12.660218856935488  0.212891385804910  5.304090186869170  0.747062866305122  3.327601877096133  13.862276782050813 -154.589504083185744
        0.000000004310593  3.371618244697952  19.031114704139856  12.660218856935488  0.212891385804910  5.304090186869170  0.747062866305122  3.327601827511002  13.862276988614834 -154.589504083185744
        0.000015277471315  3.371618244697952  19.031114704139856  12.660218856935488  0.212891385804910  5.304090186869170  0.747062866305122  3.327601827511002  13.862276782050813 -154.589506386748866
        0.000189758402150  3.370900184944357  19.137680091105125  12.727991364106835  0.212449384660418  5.235819485788419  0.748835114241300  3.325370444144354  13.884638749834094 -154.589508182439744
        0.000000014170169  3.370900235174684  19.137680091105125  12.727991364106835  0.212449384660418  5.235819485788419  0.748835114241300  3.325370444144354  13.884638749834094 -154.589508182439744
        0.000000012977299  3.370900184944357  19.137680376278780  12.727991364106835  0.212449384660418  5.235819485788419  0.748835114241300  3.325370444144354  13.884638749834094 -154.589508182439744
        0.000000001210748  3.370900184944357  19.137680091105125  12.727991553768685  0.212449384660418  5.235819485788419  0.748835114241300  3.325370444144354  13.884638749834094 -154.589508182439744
        0.000000000462225  3.370900184944357  19.137680091105125  12.727991364106835  0.212449399561579  5.235819485788419  0.748835114241300  3.325370444144354  13.884638749834094 -154.589508182439744
        0.000000000678242  3.370900184944357  19.137680091105125  12.727991364106835  0.212449384660418  5.235819563808208  0.748835114241300  3.325370444144354  13.884638749834094 -154.589508182439744
        0.000000002343361  3.370900184944357  19.137680091105125  12.727991364106835  0.212449384660418  5.235819485788419  0.748835129142462  3.325370444144354  13.884638749834094 -154.589508182439744
        0.000000002582540  3.370900184944357  19.137680091105125  12.727991364106835  0.212449384660418  5.235819485788419  0.748835114241300  3.325370493696234  13.884638749834094 -154.589508182439744
        0.000000004309174  3.370900184944357  19.137680091105125  12.727991364106835  0.212449384660418  5.235819485788419  0.748835114241300  3.325370444144354  13.884638956731335 -154.589508182439744
        0.000015277470818  3.370900184944357  19.137680091105125  12.727991364106835  0.212449384660418  5.235819485788419  0.748835114241300  3.325370444144354  13.884638749834094 -154.589510486002922
        0.000400625160980  3.339673534699343  21.737978479804994  13.424149144420344  0.149559846267668  4.898857325739801  0.781910936324253  3.331361301279852  14.583497345653095 -154.589563886350106
        0.000279992078055  3.367468999069480  19.696059755361421  12.550727527906790  0.204168676542694  4.796476434553544  0.765986501769795  3.329967484659201  13.920490691261161 -154.589545954296938
        0.000000014185999  3.367469049248678  19.696059755361421  12.550727527906790  0.204168676542694  4.796476434553544  0.765986501769795  3.329967484659201  13.920490691261161 -154.589545954296938
        0.000000012949377  3.367468999069480  19.696060048855582  12.550727527906790  0.204168676542694  4.796476434553544  0.765986501769795  3.329967484659201  13.920490691261161 -154.589545954296938
        0.000000001242015  3.367468999069480  19.696059755361421  12.550727714927204  0.204168676542694  4.796476434553544  0.765986501769795  3.329967484659201  13.920490691261161 -154.589545954296938
        0.000000000461905  3.367468999069480  19.696059755361421  12.550727527906790  0.204168691443856  4.796476434553544  0.765986501769795  3.329967484659201  13.920490691261161 -154.589545954296938
        0.000000000606511  3.367468999069480  19.696059755361421  12.550727527906790  0.204168676542694  4.796476506026612  0.765986501769795  3.329967484659201  13.920490691261161 -154.589545954296938
        0.000000002423306  3.367468999069480  19.696059755361421  12.550727527906790  0.204168676542694  4.796476434553544  0.765986516670957  3.329967484659201  13.920490691261161 -154.589545954296938
        0.000000002575942  3.367468999069480  19.696059755361421  12.550727527906790  0.204168676542694  4.796476434553544  0.765986501769795  3.329967534279583  13.920490691261161 -154.589545954296938
        0.000000004308013  3.367468999069480  19.696059755361421  12.550727527906790  0.204168676542694  4.796476434553544  0.765986501769795  3.329967484659201  13.920490898692638 -154.589545954296938
        0.000015277483890  3.367468999069480  19.696059755361421  12.550727527906790  0.204168676542694  4.796476434553544  0.765986501769795  3.329967484659201  13.920490691261161 -154.589548257860685
        0.000053374848102  3.366206873783942  19.853420254465739  12.564091096059922  0.204648604542642  4.723135727366570  0.769119262271883  3.328849188469267  13.955078101542922 -154.589543537776109
        0.000000014164391  3.366206923944334  19.853420254465739  12.564091096059922  0.204648604542642  4.723135727366570  0.769119262271883  3.328849188469267  13.955078101542922 -154.589543537776109
        0.000000012920908  3.366206873783942  19.853420550304754  12.564091096059922  0.204648604542642  4.723135727366570  0.769119262271883  3.328849188469267  13.955078101542922 -154.589543537776109
        0.000000001247941  3.366206873783942  19.853420254465739  12.564091283279469  0.204648604542642  4.723135727366570  0.769119262271883  3.328849188469267  13.955078101542922 -154.589543537776109
        0.000000000462594  3.366206873783942  19.853420254465739  12.564091096059922  0.204648619443803  4.723135727366570  0.769119262271883  3.328849188469267  13.955078101542922 -154.589543537776109
        0.000000000593350  3.366206873783942  19.853420254465739  12.564091096059922  0.204648604542642  4.723135797746776  0.769119262271883  3.328849188469267  13.955078101542922 -154.589543537776109
        0.000000002440632  3.366206873783942  19.853420254465739  12.564091096059922  0.204648604542642  4.723135727366570  0.769119277173044  3.328849188469267  13.955078101542922 -154.589543537776109
        0.000000002581038  3.366206873783942  19.853420254465739  12.564091096059922  0.204648604542642  4.723135727366570  0.769119262271883  3.328849238072986  13.955078101542922 -154.589543537776109
        0.000000004303611  3.366206873783942  19.853420254465739  12.564091096059922  0.204648604542642  4.723135727366570  0.769119262271883  3.328849188469267  13.955078309489791 -154.589543537776109
        0.000015277483110  3.366206873783942  19.853420254465739  12.564091096059922  0.204648604542642  4.723135727366570  0.769119262271883  3.328849188469267  13.955078101542922 -154.589545841339827
        0.000149375796852  3.361629696259368  20.452703239891054  12.523887146046617  0.237897056442787  4.376742154663718  0.782580868465433  3.329786479509248  14.046612116630421 -154.589560280805131
        0.000000014145399  3.361629746351554  20.452703239891054  12.523887146046617  0.237897056442787  4.376742154663718  0.782580868465433  3.329786479509248  14.046612116630421 -154.589560280805131
        0.000000012867912  3.361629696259368  20.452703544660082  12.523887146046617  0.237897056442787  4.376742154663718  0.782580868465433  3.329786479509248  14.046612116630421 -154.589560280805131
        0.000000001275773  3.361629696259368  20.452703239891054  12.523887332667078  0.237897056442787  4.376742154663718  0.782580868465433  3.329786479509248  14.046612116630421 -154.589560280805131
        0.000000000463070  3.361629696259368  20.452703239891054  12.523887146046617  0.237897071343948  4.376742154663718  0.782580868465433  3.329786479509248  14.046612116630421 -154.589560280805131
        0.000000000535093  3.361629696259368  20.452703239891054  12.523887146046617  0.237897056442787  4.376742219882258  0.782580868465433  3.329786479509248  14.046612116630421 -154.589560280805131
        0.000000002512890  3.361629696259368  20.452703239891054  12.523887146046617  0.237897056442787  4.376742154663718  0.782580883366594  3.329786479509248  14.046612116630421 -154.589560280805131
        0.000000002592319  3.361629696259368  20.452703239891054  12.523887146046617  0.237897056442787  4.376742154663718  0.782580868465433  3.329786529126933  14.046612116630421 -154.589560280805131
        0.000000004288709  3.361629696259368  20.452703239891054  12.523887146046617  0.237897056442787  4.376742154663718  0.782580868465433  3.329786479509248  14.046612325941252 -154.589560280805131
        0.000015277488885  3.361629696259368  20.452703239891054  12.523887146046617  0.237897056442787  4.376742154663718  0.782580868465433  3.329786479509248  14.046612116630421 -154.589562584369077
        0.000046472717832  3.361134316840658  20.513451138854048  12.542351310460848  0.235064192160461  4.351618096927271  0.783442425354674  3.329299362490346  14.061244355138143 -154.589558979158937
        0.000000014133766  3.361134366925462  20.513451138854048  12.542351310460848  0.235064192160461  4.351618096927271  0.783442425354674  3.329299362490346  14.061244355138143 -154.589558979158937
        0.000000012854402  3.361134316840658  20.513451444528290  12.542351310460848  0.235064192160461  4.351618096927271  0.783442425354674  3.329299362490346  14.061244355138143 -154.589558979158937
        0.000000001277782  3.361134316840658  20.513451138854048  12.542351497356448  0.235064192160461  4.351618096927271  0.783442425354674  3.329299362490346  14.061244355138143 -154.589558979158937
        0.000000000463630  3.361134316840658  20.513451138854048  12.542351310460848  0.235064207061623  4.351618096927271  0.783442425354674  3.329299362490346  14.061244355138143 -154.589558979158937
        0.000000000530666  3.361134316840658  20.513451138854048  12.542351310460848  0.235064192160461  4.351618161771434  0.783442425354674  3.329299362490346  14.061244355138143 -154.589558979158937
        0.000000002519506  3.361134316840658  20.513451138854048  12.542351310460848  0.235064192160461  4.351618096927271  0.783442440255836  3.329299362490346  14.061244355138143 -154.589558979158937
        0.000000002595102  3.361134316840658  20.513451138854048  12.542351310460848  0.235064192160461  4.351618096927271  0.783442425354674  3.329299412100772  14.061244355138143 -154.589558979158937
        0.000000004286849  3.361134316840658  20.513451138854048  12.542351310460848  0.235064192160461  4.351618096927271  0.783442425354674  3.329299362490346  14.061244564667012 -154.589558979158937
        0.000015277488474  3.361134316840658  20.513451138854048  12.542351310460848  0.235064192160461  4.351618096927271  0.783442425354674  3.329299362490346  14.061244355138143 -154.589561282722883
2023-06-01 19:13:47.180141
