/projects/wagner/highthroughput/mick_graphene_paper/3_data/kc_fitting_dft
2022-08-18 10:02:39.361968
energy_inf: -154.89183204249554
     2536.019385218373827  3.416084000000000  20.021583000000000  10.905510700000001  4.275635400000000  0.010010836000000  0.844712200000000  2.936058400000000  14.313258800000000 -154.891832042495537
        0.000000018717218  3.416084050903618  20.021583000000000  10.905510700000001  4.275635400000000  0.010010836000000  0.844712200000000  2.936058400000000  14.313258800000000 -154.891832042495537
        0.000000019282189  3.416084000000000  20.021583298344837  10.905510700000001  4.275635400000000  0.010010836000000  0.844712200000000  2.936058400000000  14.313258800000000 -154.891832042495537
        0.000000002760085  3.416084000000000  20.021583000000000  10.905510862504773  4.275635400000000  0.010010836000000  0.844712200000000  2.936058400000000  14.313258800000000 -154.891832042495537
        0.000000000499340  3.416084000000000  20.021583000000000  10.905510700000001  4.275635463711932  0.010010836000000  0.844712200000000  2.936058400000000  14.313258800000000 -154.891832042495537
        0.000000000455390  3.416084000000000  20.021583000000000  10.905510700000001  4.275635400000000  0.010010850901161  0.844712200000000  2.936058400000000  14.313258800000000 -154.891832042495537
        0.000000007626080  3.416084000000000  20.021583000000000  10.905510700000001  4.275635400000000  0.010010836000000  0.844712214901161  2.936058400000000  14.313258800000000 -154.891832042495537
        0.000000008542471  3.416084000000000  20.021583000000000  10.905510700000001  4.275635400000000  0.010010836000000  0.844712200000000  2.936058443750679  14.313258800000000 -154.891832042495537
        0.000000009622645  3.416084000000000  20.021583000000000  10.905510700000001  4.275635400000000  0.010010836000000  0.844712200000000  2.936058400000000  14.313259013284176 -154.891832042495537
        0.000037775266475  3.416084000000000  20.021583000000000  10.905510700000001  4.275635400000000  0.010010836000000  0.844712200000000  2.936058400000000  14.313258800000000 -154.891834350563698
        0.064812696629699  3.312211022888791  14.963743367502687  7.581171046173586  8.815133318460912  10.125575628391383  0.458333054162436  2.940576653302652  14.165441645567924 -154.891527124924067
        0.000000015554782  3.312211072244581  14.963743367502687  7.581171046173586  8.815133318460912  10.125575628391383  0.458333054162436  2.940576653302652  14.165441645567924 -154.891527124924067
        0.000000015613318  3.312211022888791  14.963743590479838  7.581171046173586  8.815133318460912  10.125575628391383  0.458333054162436  2.940576653302652  14.165441645567924 -154.891527124924067
        0.000000001503260  3.312211022888791  14.963743367502687  7.581171159141838  8.815133318460912  10.125575628391383  0.458333054162436  2.940576653302652  14.165441645567924 -154.891527124924067
        0.000000000408873  3.312211022888791  14.963743367502687  7.581171046173586  8.815133449816635  10.125575628391383  0.458333054162436  2.940576653302652  14.165441645567924 -154.891527124924067
        0.000000002246263  3.312211022888791  14.963743367502687  7.581171046173586  8.815133318460912  10.125575779274218  0.458333054162436  2.940576653302652  14.165441645567924 -154.891527124924067
        0.000000003501254  3.312211022888791  14.963743367502687  7.581171046173586  8.815133318460912  10.125575628391383  0.458333069063597  2.940576653302652  14.165441645567924 -154.891527124924067
        0.000000007859804  3.312211022888791  14.963743367502687  7.581171046173586  8.815133318460912  10.125575628391383  0.458333054162436  2.940576697120659  14.165441645567924 -154.891527124924067
        0.000000005068696  3.312211022888791  14.963743367502687  7.581171046173586  8.815133318460912  10.125575628391383  0.458333054162436  2.940576653302652  14.165441856649453 -154.891527124924067
        0.000037776869158  3.312211022888791  14.963743367502687  7.581171046173586  8.815133318460912  10.125575628391383  0.458333054162436  2.940576653302652  14.165441645567924 -154.891529432987682
        0.020791852068230  3.274398985220831  15.408743789362246  8.127202416549871  9.417455343891847  9.881340933370828  0.481147672416185  2.948476029934211  15.236518921628107 -154.890905454633554
        0.000000017095607  3.274399034013178  15.408743789362246  8.127202416549871  9.417455343891847  9.881340933370828  0.481147672416185  2.948476029934211  15.236518921628107 -154.890905454633554
        0.000000017470386  3.274398985220831  15.408744018970420  8.127202416549871  9.417455343891847  9.881340933370828  0.481147672416185  2.948476029934211  15.236518921628107 -154.890905454633554
        0.000000001384027  3.274398985220831  15.408743789362246  8.127202537654624  9.417455343891847  9.881340933370828  0.481147672416185  2.948476029934211  15.236518921628107 -154.890905454633554
        0.000000000394488  3.274398985220831  15.408743789362246  8.127202416549871  9.417455484222867  9.881340933370828  0.481147672416185  2.948476029934211  15.236518921628107 -154.890905454633554
        0.000000001898997  3.274398985220831  15.408743789362246  8.127202416549871  9.417455343891847  9.881341080614282  0.481147672416185  2.948476029934211  15.236518921628107 -154.890905454633554
        0.000000003052216  3.274398985220831  15.408743789362246  8.127202416549871  9.417455343891847  9.881340933370828  0.481147687317346  2.948476029934211  15.236518921628107 -154.890905454633554
        0.000000007508446  3.274398985220831  15.408743789362246  8.127202416549871  9.417455343891847  9.881340933370828  0.481147672416185  2.948476073869927  15.236518921628107 -154.890905454633554
        0.000000004986607  3.274398985220831  15.408743789362246  8.127202416549871  9.417455343891847  9.881340933370828  0.481147672416185  2.948476029934211  15.236519148669933 -154.890905454633554
        0.000037776686353  3.274398985220831  15.408743789362246  8.127202416549871  9.417455343891847  9.881340933370828  0.481147672416185  2.948476029934211  15.236518921628107 -154.890907762687903
        0.005926361550670  3.258314495110939  18.090618119641210  8.669402492634028  10.210086364618412  9.231906750408925  0.519135189776431  3.048519115595055  16.097888205224816 -154.889716429341064
        0.000000018454368  3.258314543663608  18.090618119641210  8.669402492634028  10.210086364618412  9.231906750408925  0.519135189776431  3.048519115595055  16.097888205224816 -154.889716429341064
        0.000000018890167  3.258314495110939  18.090618389212427  8.669402492634028  10.210086364618412  9.231906750408925  0.519135189776431  3.048519115595055  16.097888205224816 -154.889716429341064
        0.000000001542819  3.258314495110939  18.090618119641210  8.669402621818191  10.210086364618412  9.231906750408925  0.519135189776431  3.048519115595055  16.097888205224816 -154.889716429341064
        0.000000000406753  3.258314495110939  18.090618119641210  8.669402492634028  10.210086516760555  9.231906750408925  0.519135189776431  3.048519115595055  16.097888205224816 -154.889716429341064
        0.000000001522463  3.258314495110939  18.090618119641210  8.669402492634028  10.210086364618412  9.231906887975056  0.519135189776431  3.048519115595055  16.097888205224816 -154.889716429341064
        0.000000003082505  3.258314495110939  18.090618119641210  8.669402492634028  10.210086364618412  9.231906750408925  0.519135204677592  3.048519115595055  16.097888205224816 -154.889716429341064
        0.000000007597829  3.258314495110939  18.090618119641210  8.669402492634028  10.210086364618412  9.231906750408925  0.519135189776431  3.048519161021529  16.097888205224816 -154.889716429341064
        0.000000005318072  3.258314495110939  18.090618119641210  8.669402492634028  10.210086364618412  9.231906750408925  0.519135189776431  3.048519115595055  16.097888445102043 -154.889716429341064
        0.000037776195670  3.258314495110939  18.090618119641210  8.669402492634028  10.210086364618412  9.231906750408925  0.519135189776431  3.048519115595055  16.097888205224816 -154.889718737377706
        0.001912847457834  3.236558448223732  20.646886363953882  9.084292776417861  10.911117837522442  8.585691061373216  0.549207371809240  3.091377390017939  16.674586074498897 -154.889537079796327
        0.000000018901563  3.236558496452211  20.646886363953882  9.084292776417861  10.911117837522442  8.585691061373216  0.549207371809240  3.091377390017939  16.674586074498897 -154.889537079796327
        0.000000019395466  3.236558448223732  20.646886671616464  9.084292776417861  10.911117837522442  8.585691061373216  0.549207371809240  3.091377390017939  16.674586074498897 -154.889537079796327
        0.000000001644452  3.236558448223732  20.646886363953882  9.084292911784372  10.911117837522442  8.585691061373216  0.549207371809240  3.091377390017939  16.674586074498897 -154.889537079796327
        0.000000000409419  3.236558448223732  20.646886363953882  9.084292776417861  10.911118000110767  8.585691061373216  0.549207371809240  3.091377390017939  16.674586074498897 -154.889537079796327
        0.000000001207431  3.236558448223732  20.646886363953882  9.084292776417861  10.911117837522442  8.585691189309983  0.549207371809240  3.091377390017939  16.674586074498897 -154.889537079796327
        0.000000003322435  3.236558448223732  20.646886363953882  9.084292776417861  10.911117837522442  8.585691061373216  0.549207386710401  3.091377390017939  16.674586074498897 -154.889537079796327
        0.000000007810956  3.236558448223732  20.646886363953882  9.084292776417861  10.911117837522442  8.585691061373216  0.549207371809240  3.091377436083052  16.674586074498897 -154.889537079796327
        0.000000005276616  3.236558448223732  20.646886363953882  9.084292776417861  10.911117837522442  8.585691061373216  0.549207371809240  3.091377390017939  16.674586322969592 -154.889537079796327
        0.000037776191783  3.236558448223732  20.646886363953882  9.084292776417861  10.911117837522442  8.585691061373216  0.549207371809240  3.091377390017939  16.674586074498897 -154.889539387830297
        0.000997395803414  3.215065552225194  23.045959150573758  9.620697774887896  11.844992574131636  7.840978104985112  0.569801626840190  3.127079256111115  17.069808779980740 -154.889651815126172
        0.000000019046233  3.215065600133404  23.045959150573758  9.620697774887896  11.844992574131636  7.840978104985112  0.569801626840190  3.127079256111115  17.069808779980740 -154.889651815126172
        0.000000019583514  3.215065552225194  23.045959493985311  9.620697774887896  11.844992574131636  7.840978104985112  0.569801626840190  3.127079256111115  17.069808779980740 -154.889651815126172
        0.000000001715223  3.215065552225194  23.045959150573758  9.620697918247464  11.844992574131636  7.840978104985112  0.569801626840190  3.127079256111115  17.069808779980740 -154.889651815126172
        0.000000000423322  3.215065552225194  23.045959150573758  9.620697774887896  11.844992750635779  7.840978104985112  0.569801626840190  3.127079256111115  17.069808779980740 -154.889651815126172
        0.000000000923192  3.215065552225194  23.045959150573758  9.620697774887896  11.844992574131636  7.840978221824790  0.569801626840190  3.127079256111115  17.069808779980740 -154.889651815126172
        0.000000003689986  3.215065552225194  23.045959150573758  9.620697774887896  11.844992574131636  7.840978104985112  0.569801641741351  3.127079256111115  17.069808779980740 -154.889651815126172
        0.000000008008452  3.215065552225194  23.045959150573758  9.620697774887896  11.844992574131636  7.840978104985112  0.569801626840190  3.127079302708227  17.069808779980740 -154.889651815126172
        0.000000005145259  3.215065552225194  23.045959150573758  9.620697774887896  11.844992574131636  7.840978104985112  0.569801626840190  3.127079256111115  17.069809034340711 -154.889651815126172
        0.000037776350230  3.215065552225194  23.045959150573758  9.620697774887896  11.844992574131636  7.840978104985112  0.569801626840190  3.127079256111115  17.069808779980740 -154.889654123161847
        0.000845409075904  3.193807681322601  25.479126128392899  10.183680886043465  13.034066892571946  7.015560925701061  0.584247366971609  3.166530632505201  17.389271383323447 -154.889848867209793
        0.000000019094097  3.193807728914044  25.479126128392899  10.183680886043465  13.034066892571946  7.015560925701061  0.584247366971609  3.166530632505201  17.389271383323447 -154.889848867209793
        0.000000019660263  3.193807681322601  25.479126508061466  10.183680886043465  13.034066892571946  7.015560925701061  0.584247366971609  3.166530632505201  17.389271383323447 -154.889848867209793
        0.000000001771297  3.193807681322601  25.479126128392899  10.183681037792136  13.034066892571946  7.015560925701061  0.584247366971609  3.166530632505201  17.389271383323447 -154.889848867209793
        0.000000000448485  3.193807681322601  25.479126128392899  10.183680886043465  13.034067086794678  7.015560925701061  0.584247366971609  3.166530632505201  17.389271383323447 -154.889848867209793
        0.000000000677740  3.193807681322601  25.479126128392899  10.183680886043465  13.034066892571946  7.015561030241066  0.584247366971609  3.166530632505201  17.389271383323447 -154.889848867209793
        0.000000004065581  3.193807681322601  25.479126128392899  10.183680886043465  13.034066892571946  7.015560925701061  0.584247381872770  3.166530632505201  17.389271383323447 -154.889848867209793
        0.000000008155339  3.193807681322601  25.479126128392899  10.183680886043465  13.034066892571946  7.015560925701061  0.584247366971609  3.166530679690185  17.389271383323447 -154.889848867209793
        0.000000004988573  3.193807681322601  25.479126128392899  10.183680886043465  13.034066892571946  7.015560925701061  0.584247366971609  3.166530632505201  17.389271642443784 -154.889848867209793
        0.000037776562732  3.193807681322601  25.479126128392899  10.183680886043465  13.034066892571946  7.015560925701061  0.584247366971609  3.166530632505201  17.389271383323447 -154.889851175248396
        0.000705844441173  3.174493018669144  27.907079354605873  10.554441410154702  14.459012257603897  6.159810791203303  0.595802090221161  3.199890870007266  17.710068401107431 -154.890022086189731
        0.000000019126029  3.174493065972777  27.907079354605873  10.554441410154702  14.459012257603897  6.159810791203303  0.595802090221161  3.199890870007266  17.710068401107431 -154.890022086189731
        0.000000019717774  3.174493018669144  27.907079770453763  10.554441410154702  14.459012257603897  6.159810791203303  0.595802090221161  3.199890870007266  17.710068401107431 -154.890022086189731
        0.000000001823502  3.174493018669144  27.907079354605873  10.554441567428135  14.459012257603897  6.159810791203303  0.595802090221161  3.199890870007266  17.710068401107431 -154.890022086189731
        0.000000000491129  3.174493018669144  27.907079354605873  10.554441410154702  14.459012473059969  6.159810791203303  0.595802090221161  3.199890870007266  17.710068401107431 -154.890022086189731
        0.000000000505444  3.174493018669144  27.907079354605873  10.554441410154702  14.459012257603897  6.159810882991636  0.595802090221161  3.199890870007266  17.710068401107431 -154.890022086189731
        0.000000004422992  3.174493018669144  27.907079354605873  10.554441410154702  14.459012257603897  6.159810791203303  0.595802105122322  3.199890870007266  17.710068401107431 -154.890022086189731
        0.000000008305869  3.174493018669144  27.907079354605873  10.554441410154702  14.459012257603897  6.159810791203303  0.595802090221161  3.199890917689356  17.710068401107431 -154.890022086189731
        0.000000004849393  3.174493018669144  27.907079354605873  10.554441410154702  14.459012257603897  6.159810791203303  0.595802090221161  3.199890870007266  17.710068665008016 -154.890022086189731
        0.000037776742528  3.174493018669144  27.907079354605873  10.554441410154702  14.459012257603897  6.159810791203303  0.595802090221161  3.199890870007266  17.710068401107431 -154.890024394230920
        0.000536716380379  3.159862446984707  29.983666809950471  10.541543083945001  16.010857199232234  5.356953150011202  0.603759615937751  3.222916792572604  17.982131279964499 -154.890142056236783
        0.000000019161597  3.159862494070326  29.983666809950471  10.541543083945001  16.010857199232234  5.356953150011202  0.603759615937751  3.222916792572604  17.982131279964499 -154.890142056236783
        0.000000019775829  3.159862446984707  29.983667256741924  10.541543083945001  16.010857199232234  5.356953150011202  0.603759615937751  3.222916792572604  17.982131279964499 -154.890142056236783
        0.000000001871217  3.159862446984707  29.983666809950471  10.541543241026234  16.010857199232234  5.356953150011202  0.603759615937751  3.222916792572604  17.982131279964499 -154.890142056236783
        0.000000000553461  3.159862446984707  29.983666809950471  10.541543083945001  16.010857437812597  5.356953150011202  0.603759615937751  3.222916792572604  17.982131279964499 -154.890142056236783
        0.000000000447656  3.159862446984707  29.983666809950471  10.541543083945001  16.010857199232234  5.356953229836025  0.603759615937751  3.222916792572604  17.982131279964499 -154.890142056236783
        0.000000004734862  3.159862446984707  29.983666809950471  10.541543083945001  16.010857199232234  5.356953150011202  0.603759630838912  3.222916792572604  17.982131279964499 -154.890142056236783
        0.000000008448154  3.159862446984707  29.983666809950471  10.541543083945001  16.010857199232234  5.356953150011202  0.603759615937751  3.222916840597806  17.982131279964499 -154.890142056236783
        0.000000004756526  3.159862446984707  29.983666809950471  10.541543083945001  16.010857199232234  5.356953150011202  0.603759615937751  3.222916792572604  17.982131547919135 -154.890142056236783
        0.000037776865048  3.159862446984707  29.983666809950471  10.541543083945001  16.010857199232234  5.356953150011202  0.603759615937751  3.222916792572604  17.982131279964499 -154.890144364279763
        0.000464666257011  3.145220703526344  32.174386114672693  9.989597247509295  18.125499071321496  4.505183364554957  0.610428649189406  3.241735627943284  18.296683385817357 -154.890240876142826
        0.000000019197456  3.145220750393784  32.174386114672693  9.989597247509295  18.125499071321496  4.505183364554957  0.610428649189406  3.241735627943284  18.296683385817357 -154.890240876142826
        0.000000019835528  3.145220703526344  32.174386594108405  9.989597247509295  18.125499071321496  4.505183364554957  0.610428649189406  3.241735627943284  18.296683385817357 -154.890240876142826
        0.000000001921996  3.145220703526344  32.174386114672693  9.989597396365893  18.125499071321496  4.505183364554957  0.610428649189406  3.241735627943284  18.296683385817357 -154.890240876142826
        0.000000000653896  3.145220703526344  32.174386114672693  9.989597247509295  18.125499341412478  4.505183364554957  0.610428649189406  3.241735627943284  18.296683385817357 -154.890240876142826
        0.000000000508409  3.145220703526344  32.174386114672693  9.989597247509295  18.125499071321496  4.505183431687420  0.610428649189406  3.241735627943284  18.296683385817357 -154.890240876142826
        0.000000005054705  3.145220703526344  32.174386114672693  9.989597247509295  18.125499071321496  4.505183364554957  0.610428664090568  3.241735627943284  18.296683385817357 -154.890240876142826
        0.000000008619210  3.145220703526344  32.174386114672693  9.989597247509295  18.125499071321496  4.505183364554957  0.610428649189406  3.241735676248910  18.296683385817357 -154.890240876142826
        0.000000004663855  3.145220703526344  32.174386114672693  9.989597247509295  18.125499071321496  4.505183364554957  0.610428649189406  3.241735627943284  18.296683658459184 -154.890240876142826
        0.000037776967019  3.145220703526344  32.174386114672693  9.989597247509295  18.125499071321496  4.505183364554957  0.610428649189406  3.241735627943284  18.296683385817357 -154.890243184187284
        0.000355913243991  3.136342836858300  33.697780789935869  9.042145346070784  20.139444423982820  3.820452159763174  0.612866335868605  3.254089845092465  18.485584735108713 -154.890304669629700
        0.000000019228808  3.136342883593450  33.697780789935869  9.042145346070784  20.139444423982820  3.820452159763174  0.612866335868605  3.254089845092465  18.485584735108713 -154.890304669629700
        0.000000019881487  3.136342836858300  33.697781292071930  9.042145346070784  20.139444423982820  3.820452159763174  0.612866335868605  3.254089845092465  18.485584735108713 -154.890304669629700
        0.000000001964488  3.136342836858300  33.697780789935869  9.042145480809250  20.139444423982820  3.820452159763174  0.612866335868605  3.254089845092465  18.485584735108713 -154.890304669629700
        0.000000000762199  3.136342836858300  33.697780789935869  9.042145346070784  20.139444724083926  3.820452159763174  0.612866335868605  3.254089845092465  18.485584735108713 -154.890304669629700
        0.000000000625983  3.136342836858300  33.697780789935869  9.042145346070784  20.139444423982820  3.820452216692347  0.612866335868605  3.254089845092465  18.485584735108713 -154.890304669629700
        0.000000005301015  3.136342836858300  33.697780789935869  9.042145346070784  20.139444423982820  3.820452159763174  0.612866350769767  3.254089845092465  18.485584735108713 -154.890304669629700
        0.000000008742655  3.136342836858300  33.697780789935869  9.042145346070784  20.139444423982820  3.820452159763174  0.612866335868605  3.254089893582182  18.485584735108713 -154.890304669629700
        0.000000004620036  3.136342836858300  33.697780789935869  9.042145346070784  20.139444423982820  3.820452159763174  0.612866335868605  3.254089845092465  18.485585010565391 -154.890304669629700
        0.000037777031341  3.136342836858300  33.697780789935869  9.042145346070784  20.139444423982820  3.820452159763174  0.612866335868605  3.254089845092465  18.485584735108713 -154.890306977675095
        0.000545895859088  3.109569064466543  37.502908901901158  6.608561527732148  25.202391003406493  2.912750135926018  0.613722451511974  3.273324775303773  19.240245995262395 -154.890401345909481
        0.000000019321643  3.109569110802733  37.502908901901158  6.608561527732148  25.202391003406493  2.912750135926018  0.613722451511974  3.273324775303773  19.240245995262395 -154.890401345909481
        0.000000020004158  3.109569064466543  37.502909460738046  6.608561527732148  25.202391003406493  2.912750135926018  0.613722451511974  3.273324775303773  19.240245995262395 -154.890401345909481
        0.000000002025384  3.109569064466543  37.502908901901158  6.608561626207388  25.202391003406493  2.912750135926018  0.613722451511974  3.273324775303773  19.240245995262395 -154.890401345909481
        0.000000000989121  3.109569064466543  37.502908901901158  6.608561527732148  25.202391378951383  2.912750135926018  0.613722451511974  3.273324775303773  19.240245995262395 -154.890401345909481
        0.000000000870055  3.109569064466543  37.502908901901158  6.608561527732148  25.202391003406493  2.912750179329377  0.613722451511974  3.273324775303773  19.240245995262395 -154.890401345909481
        0.000000005635990  3.109569064466543  37.502908901901158  6.608561527732148  25.202391003406493  2.912750135926018  0.613722466413136  3.273324775303773  19.240245995262395 -154.890401345909481
        0.000000009037658  3.109569064466543  37.502908901901158  6.608561527732148  25.202391003406493  2.912750135926018  0.613722451511974  3.273324824080113  19.240245995262395 -154.890401345909481
        0.000000004404418  3.109569064466543  37.502908901901158  6.608561527732148  25.202391003406493  2.912750135926018  0.613722451511974  3.273324775303773  19.240246281964403 -154.890401345909481
        0.000037777138011  3.109569064466543  37.502908901901158  6.608561527732148  25.202391003406493  2.912750135926018  0.613722451511974  3.273324775303773  19.240245995262395 -154.890403653956326
        0.002525784172849  3.108347691646797  39.610713041995695  20.188325419012457  16.455162605675810  0.003182190096662  0.668791880556125  3.266971175561907  19.236618858063920 -154.890423529230162
        0.002722893052038  3.114384963453170  39.013535129673663  8.387435728973731  25.224200296094615  0.000396761520026  0.639294586309842  3.290956835857267  18.845295662477223 -154.890511812658190
        0.000000019231428  3.114385009861122  39.013535129673663  8.387435728973731  25.224200296094615  0.000396761520026  0.639294586309842  3.290956835857267  18.845295662477223 -154.890511812658190
        0.000000019966256  3.114384963453170  39.013535711020637  8.387435728973731  25.224200296094615  0.000396761520026  0.639294586309842  3.290956835857267  18.845295662477223 -154.890511812658190
        0.000000002141018  3.114384963453170  39.013535129673663  8.387435853956262  25.224200296094615  0.000396761520026  0.639294586309842  3.290956835857267  18.845295662477223 -154.890511812658190
        0.000000000991688  3.114384963453170  39.013535129673663  8.387435728973731  25.224200671964489  0.000396761520026  0.639294586309842  3.290956835857267  18.845295662477223 -154.890511812658190
        0.000000001109833  3.114384963453170  39.013535129673663  8.387435728973731  25.224200296094615  0.000396776421187  0.639294586309842  3.290956835857267  18.845295662477223 -154.890511812658190
        0.000000006379021  3.114384963453170  39.013535129673663  8.387435728973731  25.224200296094615  0.000396761520026  0.639294601211003  3.290956835857267  18.845295662477223 -154.890511812658190
        0.000000009247704  3.114384963453170  39.013535129673663  8.387435728973731  25.224200296094615  0.000396761520026  0.639294586309842  3.290956884896346  18.845295662477223 -154.890511812658190
        0.000000004609287  3.114384963453170  39.013535129673663  8.387435728973731  25.224200296094615  0.000396761520026  0.639294586309842  3.290956835857267  18.845295943294012 -154.890511812658190
        0.000037777247194  3.114384963453170  39.013535129673663  8.387435728973731  25.224200296094615  0.000396761520026  0.639294586309842  3.290956835857267  18.845295662477223 -154.890514120706683
        0.000714193328441  3.114826834777314  38.958790757851169  8.392341740382525  25.287076613290228  0.000393884130770  0.637914193327781  3.287675716783244  18.859415212746260 -154.890500977507259
        0.000000019291365  3.114826881191851  38.958790757851169  8.392341740382525  25.287076613290228  0.000393884130770  0.637914193327781  3.287675716783244  18.859415212746260 -154.890500977507259
        0.000000020034958  3.114826834777314  38.958791338382390  8.392341740382525  25.287076613290228  0.000393884130770  0.637914193327781  3.287675716783244  18.859415212746260 -154.890500977507259
        0.000000002140919  3.114826834777314  38.958790757851169  8.392341865438162  25.287076613290228  0.000393884130770  0.637914193327781  3.287675716783244  18.859415212746260 -154.890500977507259
        0.000000000994929  3.114826834777314  38.958790757851169  8.392341740382525  25.287076990097034  0.000393884130770  0.637914193327781  3.287675716783244  18.859415212746260 -154.890500977507259
        0.000000001113095  3.114826834777314  38.958790757851169  8.392341740382525  25.287076613290228  0.000393899031932  0.637914193327781  3.287675716783244  18.859415212746260 -154.890500977507259
        0.000000006390584  3.114826834777314  38.958790757851169  8.392341740382525  25.287076613290228  0.000393884130770  0.637914208228942  3.287675716783244  18.859415212746260 -154.890500977507259
        0.000000009249555  3.114826834777314  38.958790757851169  8.392341740382525  25.287076613290228  0.000393884130770  0.637914193327781  3.287675765773430  18.859415212746260 -154.890500977507259
        0.000000004631393  3.114826834777314  38.958790757851169  8.392341740382525  25.287076613290228  0.000393884130770  0.637914193327781  3.287675716783244  18.859415493773447 -154.890500977507259
        0.000037777232984  3.114826834777314  38.958790757851169  8.392341740382525  25.287076613290228  0.000393884130770  0.637914193327781  3.287675716783244  18.859415212746260 -154.890503285555582
        0.000067549588439  3.115775272820062  38.841131434017640  7.639562056266255  25.825678745519546  0.000027363347748  0.635682786039892  3.290268018466012  18.806521868159461 -154.890509244129419
        0.000000019282349  3.115775319248732  38.841131434017640  7.639562056266255  25.825678745519546  0.000027363347748  0.635682786039892  3.290268018466012  18.806521868159461 -154.890509244129419
        0.000000020018938  3.115775272820062  38.841132012795597  7.639562056266255  25.825678745519546  0.000027363347748  0.635682786039892  3.290268018466012  18.806521868159461 -154.890509244129419
        0.000000002145692  3.115775272820062  38.841131434017640  7.639562170104601  25.825678745519546  0.000027363347748  0.635682786039892  3.290268018466012  18.806521868159461 -154.890509244129419
        0.000000001039739  3.115775272820062  38.841131434017640  7.639562056266255  25.825679130352150  0.000027363347748  0.635682786039892  3.290268018466012  18.806521868159461 -154.890509244129419
        0.000000001137711  3.115775272820062  38.841131434017640  7.639562056266255  25.825678745519546  0.000027378248909  0.635682786039892  3.290268018466012  18.806521868159461 -154.890509244129419
        0.000000006396246  3.115775272820062  38.841131434017640  7.639562056266255  25.825678745519546  0.000027363347748  0.635682800941053  3.290268018466012  18.806521868159461 -154.890509244129419
        0.000000009238526  3.115775272820062  38.841131434017640  7.639562056266255  25.825678745519546  0.000027363347748  0.635682786039892  3.290268067494825  18.806521868159461 -154.890509244129419
        0.000000004639368  3.115775272820062  38.841131434017640  7.639562056266255  25.825678745519546  0.000027363347748  0.635682786039892  3.290268018466012  18.806522148398475 -154.890509244129419
        0.000037777241870  3.115775272820062  38.841131434017640  7.639562056266255  25.825678745519546  0.000027363347748  0.635682786039892  3.290268018466012  18.806521868159461 -154.890511552177855
        0.000042940891425  3.113429009942642  39.143190146984196  7.288853257781057  26.361835061513666  0.000009493045959  0.634572357752358  3.291328002601277  18.883696530989504 -154.890513093591778
        0.000000019290779  3.113429056336350  39.143190146984196  7.288853257781057  26.361835061513666  0.000009493045959  0.634572357752358  3.291328002601277  18.883696530989504 -154.890513093591778
        0.000000020026895  3.113429009942642  39.143190730263186  7.288853257781057  26.361835061513666  0.000009493045959  0.634572357752358  3.291328002601277  18.883696530989504 -154.890513093591778
        0.000000002148508  3.113429009942642  39.143190146984196  7.288853366393434  26.361835061513666  0.000009493045959  0.634572357752358  3.291328002601277  18.883696530989504 -154.890513093591778
        0.000000001064496  3.113429009942642  39.143190146984196  7.288853257781057  26.361835454335619  0.000009493045959  0.634572357752358  3.291328002601277  18.883696530989504 -154.890513093591778
        0.000000001152237  3.113429009942642  39.143190146984196  7.288853257781057  26.361835061513666  0.000009507947120  0.634572357752358  3.291328002601277  18.883696530989504 -154.890513093591778
        0.000000006400828  3.113429009942642  39.143190146984196  7.288853257781057  26.361835061513666  0.000009493045959  0.634572372653520  3.291328002601277  18.883696530989504 -154.890513093591778
        0.000000009262496  3.113429009942642  39.143190146984196  7.288853257781057  26.361835061513666  0.000009493045959  0.634572357752358  3.291328051645886  18.883696530989504 -154.890513093591778
        0.000000004614502  3.113429009942642  39.143190146984196  7.288853257781057  26.361835061513666  0.000009493045959  0.634572357752358  3.291328002601277  18.883696812378510 -154.890513093591778
        0.000037777245835  3.113429009942642  39.143190146984196  7.288853257781057  26.361835061513666  0.000009493045959  0.634572357752358  3.291328002601277  18.883696530989504 -154.890515401640272
        0.000041227854079  3.113429597796040  39.143289858730654  7.289269211739065  26.361619212436523  0.000252613659657  0.634575157182560  3.291328352245474  18.883663712302635 -154.890513098992841
        0.000000019290480  3.113429644189756  39.143289858730654  7.289269211739065  26.361619212436523  0.000252613659657  0.634575157182560  3.291328352245474  18.883663712302635 -154.890513098992841
        0.000000020026555  3.113429597796040  39.143290442011129  7.289269211739065  26.361619212436523  0.000252613659657  0.634575157182560  3.291328352245474  18.883663712302635 -154.890513098992841
        0.000000002148540  3.113429597796040  39.143289858730654  7.289269320357640  26.361619212436523  0.000252613659657  0.634575157182560  3.291328352245474  18.883663712302635 -154.890513098992841
        0.000000001064497  3.113429597796040  39.143289858730654  7.289269211739065  26.361619605255260  0.000252613659657  0.634575157182560  3.291328352245474  18.883663712302635 -154.890513098992841
        0.000000001152206  3.113429597796040  39.143289858730654  7.289269211739065  26.361619212436523  0.000252628560818  0.634575157182560  3.291328352245474  18.883663712302635 -154.890513098992841
        0.000000006400850  3.113429597796040  39.143289858730654  7.289269211739065  26.361619212436523  0.000252613659657  0.634575172083721  3.291328352245474  18.883663712302635 -154.890513098992841
        0.000000009262621  3.113429597796040  39.143289858730654  7.289269211739065  26.361619212436523  0.000252613659657  0.634575157182560  3.291328401290088  18.883663712302635 -154.890513098992841
        0.000000004614420  3.113429597796040  39.143289858730654  7.289269211739065  26.361619212436523  0.000252613659657  0.634575157182560  3.291328352245474  18.883663993691151 -154.890513098992841
        0.000037777245832  3.113429597796040  39.143289858730654  7.289269211739065  26.361619212436523  0.000252613659657  0.634575157182560  3.291328352245474  18.883663712302635 -154.890515407041335
        0.000049433229587  3.105619304908775  40.151228037986350  7.344222194581617  27.148346823073496  0.000151451672977  0.634230750806393  3.291671104250519  19.165502494532316 -154.890514336669924
        0.000028133110907  3.111958358882245  39.334624546025672  7.203168510209580  26.589276244038349  0.000174054083619  0.634264602976459  3.291624571418339  18.935192764410949 -154.890514148803135
        0.000000019296063  3.111958405254038  39.334624546025672  7.203168510209580  26.589276244038349  0.000174054083619  0.634264602976459  3.291624571418339  18.935192764410949 -154.890514148803135
        0.000000020032716  3.111958358882245  39.334625132157257  7.203168510209580  26.589276244038349  0.000174054083619  0.634264602976459  3.291624571418339  18.935192764410949 -154.890514148803135
        0.000000002149436  3.111958358882245  39.334624546025672  7.203168617545155  26.589276244038349  0.000174054083619  0.634264602976459  3.291624571418339  18.935192764410949 -154.890514148803135
        0.000000001071821  3.111958358882245  39.334624546025672  7.203168510209580  26.589276640249441  0.000174054083619  0.634264602976459  3.291624571418339  18.935192764410949 -154.890514148803135
        0.000000001156798  3.111958358882245  39.334624546025672  7.203168510209580  26.589276244038349  0.000174068984780  0.634264602976459  3.291624571418339  18.935192764410949 -154.890514148803135
        0.000000006402746  3.111958358882245  39.334624546025672  7.203168510209580  26.589276244038349  0.000174054083619  0.634264617877620  3.291624571418339  18.935192764410949 -154.890514148803135
        0.000000009277976  3.111958358882245  39.334624546025672  7.203168510209580  26.589276244038349  0.000174054083619  0.634264602976459  3.291624620467367  18.935192764410949 -154.890514148803135
        0.000000004599040  3.111958358882245  39.334624546025672  7.203168510209580  26.589276244038349  0.000174054083619  0.634264602976459  3.291624571418339  18.935193046567310 -154.890514148803135
        0.000037777247085  3.111958358882245  39.334624546025672  7.203168510209580  26.589276244038349  0.000174054083619  0.634264602976459  3.291624571418339  18.935192764410949 -154.890516456851657
        0.000036223773075  3.112462505770401  39.269945924861737  7.146491377744863  26.582085476740748  0.000065741815520  0.634145270764084  3.291739525839510  18.916018797516532 -154.890514573446211
        0.000000019293703  3.112462552149707  39.269945924861737  7.146491377744863  26.582085476740748  0.000065741815520  0.634145270764084  3.291739525839510  18.916018797516532 -154.890514573446211
        0.000000020029594  3.112462505770401  39.269946510029534  7.146491377744863  26.582085476740748  0.000065741815520  0.634145270764084  3.291739525839510  18.916018797516532 -154.890514573446211
        0.000000002149765  3.112462505770401  39.269945924861737  7.146491484235883  26.582085476740748  0.000065741815520  0.634145270764084  3.291739525839510  18.916018797516532 -154.890514573446211
        0.000000001074515  3.112462505770401  39.269945924861737  7.146491377744863  26.582085872844686  0.000065741815520  0.634145270764084  3.291739525839510  18.916018797516532 -154.890514573446211
        0.000000001158111  3.112462505770401  39.269945924861737  7.146491377744863  26.582085476740748  0.000065756716682  0.634145270764084  3.291739525839510  18.916018797516532 -154.890514573446211
        0.000000006403000  3.112462505770401  39.269945924861737  7.146491377744863  26.582085476740748  0.000065741815520  0.634145285665246  3.291739525839510  18.916018797516532 -154.890514573446211
        0.000000009272967  3.112462505770401  39.269945924861737  7.146491377744863  26.582085476740748  0.000065741815520  0.634145270764084  3.291739574890251  18.916018797516532 -154.890514573446211
        0.000000004604148  3.112462505770401  39.269945924861737  7.146491377744863  26.582085476740748  0.000065741815520  0.634145270764084  3.291739525839510  18.916019079387176 -154.890514573446211
        0.000037777247399  3.112462505770401  39.269945924861737  7.146491377744863  26.582085476740748  0.000065741815520  0.634145270764084  3.291739525839510  18.916018797516532 -154.890516881494733
        0.000048667078923  3.119314412915565  38.384838956719506  6.896170716488024  26.056060236835783  0.000006973799071  0.633906966918917  3.291957237564644  18.664525881477370 -154.890515373125282
        0.000020729698231  3.113999544708744  39.071821009434267  7.030707699142348  26.513273867899596  0.000013287546500  0.633932469575971  3.291933901596177  18.858514050119702 -154.890515282727932
        0.000002647626123  3.112660112859616  39.244751665125669  7.100293290311651  26.599097499319761  0.000037547179692  0.634035359623987  3.291833749982235  18.908116985738388 -154.890514911282878
        0.000000019292660  3.112660159241866  39.244751665125669  7.100293290311651  26.599097499319761  0.000037547179692  0.634035359623987  3.291833749982235  18.908116985738388 -154.890514911282878
        0.000000020028077  3.112660112859616  39.244752249918037  7.100293290311651  26.599097499319761  0.000037547179692  0.634035359623987  3.291833749982235  18.908116985738388 -154.890514911282878
        0.000000002150074  3.112660112859616  39.244751665125669  7.100293396114266  26.599097499319761  0.000037547179692  0.634035359623987  3.291833749982235  18.908116985738388 -154.890514911282878
        0.000000001077017  3.112660112859616  39.244751665125669  7.100293290311651  26.599097895677200  0.000037547179692  0.634035359623987  3.291833749982235  18.908116985738388 -154.890514911282878
        0.000000001159448  3.112660112859616  39.244751665125669  7.100293290311651  26.599097499319761  0.000037562080853  0.634035359623987  3.291833749982235  18.908116985738388 -154.890514911282878
        0.000000006403395  3.112660112859616  39.244751665125669  7.100293290311651  26.599097499319761  0.000037547179692  0.634035374525149  3.291833749982235  18.908116985738388 -154.890514911282878
        0.000000009271126  3.112660112859616  39.244751665125669  7.100293290311651  26.599097499319761  0.000037547179692  0.634035359623987  3.291833799034380  18.908116985738388 -154.890514911282878
        0.000000004606104  3.112660112859616  39.244751665125669  7.100293290311651  26.599097499319761  0.000037547179692  0.634035359623987  3.291833749982235  18.908117267491289 -154.890514911282878
        0.000037777247634  3.112660112859616  39.244751665125669  7.100293290311651  26.599097499319761  0.000037547179692  0.634035359623987  3.291833749982235  18.908116985738388 -154.890517219331400
2022-08-18 11:41:44.909994
