/projects/wagner/highthroughput/mick_graphene_paper/3_data/kc_fitting_dft
2022-08-17 15:10:12.135681
energy_inf: -154.87065645278034
     2535.672725874616845  3.416084000000000  20.021583000000000  10.905510700000001  4.275635400000000  0.010010836000000  0.844712200000000  2.936058400000000  14.313258800000000 -154.870656452780338
        0.000000018717218  3.416084050903618  20.021583000000000  10.905510700000001  4.275635400000000  0.010010836000000  0.844712200000000  2.936058400000000  14.313258800000000 -154.870656452780338
        0.000000019282189  3.416084000000000  20.021583298344837  10.905510700000001  4.275635400000000  0.010010836000000  0.844712200000000  2.936058400000000  14.313258800000000 -154.870656452780338
        0.000000002760085  3.416084000000000  20.021583000000000  10.905510862504773  4.275635400000000  0.010010836000000  0.844712200000000  2.936058400000000  14.313258800000000 -154.870656452780338
        0.000000000499340  3.416084000000000  20.021583000000000  10.905510700000001  4.275635463711932  0.010010836000000  0.844712200000000  2.936058400000000  14.313258800000000 -154.870656452780338
        0.000000000455390  3.416084000000000  20.021583000000000  10.905510700000001  4.275635400000000  0.010010850901161  0.844712200000000  2.936058400000000  14.313258800000000 -154.870656452780338
        0.000000007626080  3.416084000000000  20.021583000000000  10.905510700000001  4.275635400000000  0.010010836000000  0.844712214901161  2.936058400000000  14.313258800000000 -154.870656452780338
        0.000000008542471  3.416084000000000  20.021583000000000  10.905510700000001  4.275635400000000  0.010010836000000  0.844712200000000  2.936058443750679  14.313258800000000 -154.870656452780338
        0.000000009622645  3.416084000000000  20.021583000000000  10.905510700000001  4.275635400000000  0.010010836000000  0.844712200000000  2.936058400000000  14.313259013284176 -154.870656452780338
        0.000037770100898  3.416084000000000  20.021583000000000  10.905510700000001  4.275635400000000  0.010010836000000  0.844712200000000  2.936058400000000  14.313258800000000 -154.870658760532962
        0.291892902826249  3.411823657109646  0.011498292558901  1.408061284237142  4.742066220236143  27.259976707318391  0.289718937018468  2.934915704390726  14.307360275436364 -154.870646927677939
        0.195548407584606  3.369152256708032  16.818567125950818  9.101035173033216  3.954063556042732  7.977345011810345  0.761436296623554  2.894875537672761  14.249859947793595 -154.870577634259206
        0.000000016902605  3.369152306912313  16.818567125950818  9.101035173033216  3.954063556042732  7.977345011810345  0.761436296623554  2.894875537672761  14.249859947793595 -154.870577634259206
        0.000000015976253  3.369152256708032  16.818567376566996  9.101035173033216  3.954063556042732  7.977345011810345  0.761436296623554  2.894875537672761  14.249859947793595 -154.870577634259206
        0.000000001961971  3.369152256708032  16.818567125950818  9.101035308649207  3.954063556042732  7.977345011810345  0.761436296623554  2.894875537672761  14.249859947793595 -154.870577634259206
        0.000000000295680  3.369152256708032  16.818567125950818  9.101035173033216  3.954063614962871  7.977345011810345  0.761436296623554  2.894875537672761  14.249859947793595 -154.870577634259206
        0.000000001935659  3.369152256708032  16.818567125950818  9.101035173033216  3.954063556042732  7.977345130682049  0.761436296623554  2.894875537672761  14.249859947793595 -154.870577634259206
        0.000000003630776  3.369152256708032  16.818567125950818  9.101035173033216  3.954063556042732  7.977345011810345  0.761436311524715  2.894875537672761  14.249859947793595 -154.870577634259206
        0.000000009164995  3.369152256708032  16.818567125950818  9.101035173033216  3.954063556042732  7.977345011810345  0.761436296623554  2.894875580809768  14.249859947793595 -154.870577634259206
        0.000000006349345  3.369152256708032  16.818567125950818  9.101035173033216  3.954063556042732  7.977345011810345  0.761436296623554  2.894875537672761  14.249860160133055 -154.870577634259206
        0.000037770871546  3.369152256708032  16.818567125950818  9.101035173033216  3.954063556042732  7.977345011810345  0.761436296623554  2.894875537672761  14.249859947793595 -154.870579942010636
        0.016557319081779  3.354224043517791  21.964680839133088  12.552966036455318  2.157161294539251  1.741774560864537  0.973729951810955  2.873734293275265  14.231608911720382 -154.870613969483401
        0.014797638534805  3.358305804639179  18.196520649769951  9.890412648109860  4.137189210269287  6.403274945276649  0.799688650079349  2.881679845492666  14.235886028084726 -154.870606818469184
        0.000000016279651  3.358305854681835  18.196520649769951  9.890412648109860  4.137189210269287  6.403274945276649  0.799688650079349  2.881679845492666  14.235886028084726 -154.870606818469184
        0.000000015409076  3.358305804639179  18.196520920919237  9.890412648109860  4.137189210269287  6.403274945276649  0.799688650079349  2.881679845492666  14.235886028084726 -154.870606818469184
        0.000000002072451  3.358305804639179  18.196520649769951  9.890412795488494  4.137189210269287  6.403274945276649  0.799688650079349  2.881679845492666  14.235886028084726 -154.870606818469184
        0.000000000340491  3.358305804639179  18.196520649769951  9.890412648109860  4.137189271918210  6.403274945276649  0.799688650079349  2.881679845492666  14.235886028084726 -154.870606818469184
        0.000000001340723  3.358305804639179  18.196520649769951  9.890412648109860  4.137189210269287  6.403275040692881  0.799688650079349  2.881679845492666  14.235886028084726 -154.870606818469184
        0.000000004415980  3.358305804639179  18.196520649769951  9.890412648109860  4.137189210269287  6.403274945276649  0.799688664980510  2.881679845492666  14.235886028084726 -154.870606818469184
        0.000000009238561  3.358305804639179  18.196520649769951  9.890412648109860  4.137189210269287  6.403274945276649  0.799688650079349  2.881679888433041  14.235886028084726 -154.870606818469184
        0.000000006317939  3.358305804639179  18.196520649769951  9.890412648109860  4.137189210269287  6.403274945276649  0.799688650079349  2.881679845492666  14.235886240215958 -154.870606818469184
        0.000037771052985  3.358305804639179  18.196520649769951  9.890412648109860  4.137189210269287  6.403274945276649  0.799688650079349  2.881679845492666  14.235886028084726 -154.870609126221069
        0.001865679506127  3.358596052399771  18.198038732141704  9.932389177445405  4.133981255664165  6.394422197880317  0.798397724578639  2.857850238007066  14.269669347001004 -154.870691180546032
        0.000000015957834  3.358596102446752  18.198038732141704  9.932389177445405  4.133981255664165  6.394422197880317  0.798397724578639  2.857850238007066  14.269669347001004 -154.870691180546032
        0.000000015157987  3.358596052399771  18.198039003313614  9.932389177445405  4.133981255664165  6.394422197880317  0.798397724578639  2.857850238007066  14.269669347001004 -154.870691180546032
        0.000000002067813  3.358596052399771  18.198038732141704  9.932389325449536  4.133981255664165  6.394422197880317  0.798397724578639  2.857850238007066  14.269669347001004 -154.870691180546032
        0.000000000343231  3.358596052399771  18.198038732141704  9.932389177445405  4.133981317265286  6.394422197880317  0.798397724578639  2.857850238007066  14.269669347001004 -154.870691180546032
        0.000000001353103  3.358596052399771  18.198038732141704  9.932389177445405  4.133981255664165  6.394422293164633  0.798397724578639  2.857850238007066  14.269669347001004 -154.870691180546032
        0.000000004447630  3.358596052399771  18.198038732141704  9.932389177445405  4.133981255664165  6.394422197880317  0.798397739479800  2.857850238007066  14.269669347001004 -154.870691180546032
        0.000000009306135  3.358596052399771  18.198038732141704  9.932389177445405  4.133981255664165  6.394422197880317  0.798397724578639  2.857850280592353  14.269669347001004 -154.870691180546032
        0.000000006319905  3.358596052399771  18.198038732141704  9.932389177445405  4.133981255664165  6.394422197880317  0.798397724578639  2.857850238007066  14.269669559635647 -154.870691180546032
        0.000037771048980  3.358596052399771  18.198038732141704  9.932389177445405  4.133981255664165  6.394422197880317  0.798397724578639  2.857850238007066  14.269669347001004 -154.870693488299167
        0.004160124693137  3.328278795862244  19.124878906194340  10.441628175765343  4.706090873481601  5.732073193242474  0.766688001278679  2.999906249908815  13.225474625536032 -154.872158294523246
        0.000000016021257  3.328278845457463  19.124878906194340  10.441628175765343  4.706090873481601  5.732073193242474  0.766688001278679  2.999906249908815  13.225474625536032 -154.872158294523246
        0.000000015019772  3.328278795862244  19.124879191177243  10.441628175765343  4.706090873481601  5.732073193242474  0.766688001278679  2.999906249908815  13.225474625536032 -154.872158294523246
        0.000000001990923  3.328278795862244  19.124878906194340  10.441628331357728  4.706090873481601  5.732073193242474  0.766688001278679  2.999906249908815  13.225474625536032 -154.872158294523246
        0.000000000294044  3.328278795862244  19.124878906194340  10.441628175765343  4.706090943607820  5.732073193242474  0.766688001278679  2.999906249908815  13.225474625536032 -154.872158294523246
        0.000000000955009  3.328278795862244  19.124878906194340  10.441628175765343  4.706090873481601  5.732073278657021  0.766688001278679  2.999906249908815  13.225474625536032 -154.872158294523246
        0.000000004546095  3.328278795862244  19.124878906194340  10.441628175765343  4.706090873481601  5.732073193242474  0.766688016179840  2.999906249908815  13.225474625536032 -154.872158294523246
        0.000000008736062  3.328278795862244  19.124878906194340  10.441628175765343  4.706090873481601  5.732073193242474  0.766688001278679  2.999906294610902  13.225474625536032 -154.872158294523246
        0.000000005395238  3.328278795862244  19.124878906194340  10.441628175765343  4.706090873481601  5.732073193242474  0.766688001278679  2.999906249908815  13.225474822610961 -154.872158294523246
        0.000037772445685  3.328278795862244  19.124878906194340  10.441628175765343  4.706090873481601  5.732073193242474  0.766688001278679  2.999906249908815  13.225474625536032 -154.872160602298237
        0.001436434137089  3.328569578725376  19.294561082772798  10.515552165064712  4.904532595104123  5.634227073121775  0.764276913313913  3.011084956187306  13.185894673888603 -154.872187436638001
        0.000000016247474  3.328569628324928  19.294561082772798  10.515552165064712  4.904532595104123  5.634227073121775  0.764276913313913  3.011084956187306  13.185894673888603 -154.872187436638001
        0.000000015190824  3.328569578725376  19.294561370284164  10.515552165064712  4.904532595104123  5.634227073121775  0.764276913313913  3.011084956187306  13.185894673888603 -154.872187436638001
        0.000000002011321  3.328569578725376  19.294561082772798  10.515552321758650  4.904532595104123  5.634227073121775  0.764276913313913  3.011084956187306  13.185894673888603 -154.872187436638001
        0.000000000287703  3.328569578725376  19.294561082772798  10.515552165064712  4.904532668187354  5.634227073121775  0.764276913313913  3.011084956187306  13.185894673888603 -154.872187436638001
        0.000000000904386  3.328569578725376  19.294561082772798  10.515552165064712  4.904532595104123  5.634227157078301  0.764276913313913  3.011084956187306  13.185894673888603 -154.872187436638001
        0.000000004654200  3.328569578725376  19.294561082772798  10.515552165064712  4.904532595104123  5.634227073121775  0.764276928215074  3.011084956187306  13.185894673888603 -154.872187436638001
        0.000000008780826  3.328569578725376  19.294561082772798  10.515552165064712  4.904532595104123  5.634227073121775  0.764276913313913  3.011085001055968  13.185894673888603 -154.872187436638001
        0.000000005410075  3.328569578725376  19.294561082772798  10.515552165064712  4.904532595104123  5.634227073121775  0.764276913313913  3.011084956187306  13.185894870373746 -154.872187436638001
        0.000037772471089  3.328569578725376  19.294561082772798  10.515552165064712  4.904532595104123  5.634227073121775  0.764276913313913  3.011084956187306  13.185894673888603 -154.872189744413419
        0.001761429705042  3.323533164456123  19.421946892666934  10.519906891752008  5.297227666931908  5.259705565280163  0.748597129163818  3.074547229854097  12.657585347015363 -154.872704027176241
        0.000000016484115  3.323533213980626  19.421946892666934  10.519906891752008  5.297227666931908  5.259705565280163  0.748597129163818  3.074547229854097  12.657585347015363 -154.872704027176241
        0.000000015336551  3.323533164456123  19.421947182076497  10.519906891752008  5.297227666931908  5.259705565280163  0.748597129163818  3.074547229854097  12.657585347015363 -154.872704027176241
        0.000000001997719  3.323533164456123  19.421946892666934  10.519907048510836  5.297227666931908  5.259705565280163  0.748597129163818  3.074547229854097  12.657585347015363 -154.872704027176241
        0.000000000262123  3.323533164456123  19.421946892666934  10.519906891752008  5.297227745866752  5.259705565280163  0.748597129163818  3.074547229854097  12.657585347015363 -154.872704027176241
        0.000000000747412  3.323533164456123  19.421946892666934  10.519906891752008  5.297227666931908  5.259705643655883  0.748597129163818  3.074547229854097  12.657585347015363 -154.872704027176241
        0.000000004741504  3.323533164456123  19.421946892666934  10.519906891752008  5.297227666931908  5.259705565280163  0.748597144064979  3.074547229854097  12.657585347015363 -154.872704027176241
        0.000000008534050  3.323533164456123  19.421946892666934  10.519906891752008  5.297227666931908  5.259705565280163  0.748597129163818  3.074547275668421  12.657585347015363 -154.872704027176241
        0.000000005194700  3.323533164456123  19.421946892666934  10.519906891752008  5.297227666931908  5.259705565280163  0.748597129163818  3.074547229854097  12.657585535628083 -154.872704027176241
        0.000037772959898  3.323533164456123  19.421946892666934  10.519906891752008  5.297227666931908  5.259705565280163  0.748597129163818  3.074547229854097  12.657585347015363 -154.872706334959361
        0.000268365182262  3.323104475570298  19.479375701211186  10.517799565088035  5.385911413016896  5.199999827596280  0.747464172003296  3.082178537981089  12.624089113545436 -154.872738252834807
        0.000000016553067  3.323104525088413  19.479375701211186  10.517799565088035  5.385911413016896  5.199999827596280  0.747464172003296  3.082178537981089  12.624089113545436 -154.872738252834807
        0.000000015392046  3.323104475570298  19.479375991476502  10.517799565088035  5.385911413016896  5.199999827596280  0.747464172003296  3.082178537981089  12.624089113545436 -154.872738252834807
        0.000000002002495  3.323104475570298  19.479375701211186  10.517799721815463  5.385911413016896  5.199999827596280  0.747464172003296  3.082178537981089  12.624089113545436 -154.872738252834807
        0.000000000259244  3.323104475570298  19.479375701211186  10.517799565088035  5.385911493273230  5.199999827596280  0.747464172003296  3.082178537981089  12.624089113545436 -154.872738252834807
        0.000000000720708  3.323104475570298  19.479375701211186  10.517799565088035  5.385911413016896  5.199999905082316  0.747464172003296  3.082178537981089  12.624089113545436 -154.872738252834807
        0.000000004773406  3.323104475570298  19.479375701211186  10.517799565088035  5.385911413016896  5.199999827596280  0.747464186904457  3.082178537981089  12.624089113545436 -154.872738252834807
        0.000000008526002  3.323104475570298  19.479375701211186  10.517799565088035  5.385911413016896  5.199999827596280  0.747464172003296  3.082178583909128  12.624089113545436 -154.872738252834807
        0.000000005187340  3.323104475570298  19.479375701211186  10.517799565088035  5.385911413016896  5.199999827596280  0.747464172003296  3.082178537981089  12.624089301659023 -154.872738252834807
        0.000037772992478  3.323104475570298  19.479375701211186  10.517799565088035  5.385911413016896  5.199999827596280  0.747464172003296  3.082178537981089  12.624089113545436 -154.872740560618439
        0.000854956374298  3.319122006200949  20.349503262083964  10.980282910869443  5.619281648668784  4.183053129727908  0.762231734702279  3.100573788414316  12.481589176776483 -154.872930562405827
        0.000681678203563  3.322399387637094  19.679819590342937  10.623649674206160  5.437059602074890  4.937978957458289  0.751273787397319  3.086089674853904  12.580943393361855 -154.872790582729607
        0.000000016558144  3.322399437144703  19.679819590342937  10.623649674206160  5.437059602074890  4.937978957458289  0.751273787397319  3.086089674853904  12.580943393361855 -154.872790582729607
        0.000000015379489  3.322399387637094  19.679819883595101  10.623649674206160  5.437059602074890  4.937978957458289  0.751273787397319  3.086089674853904  12.580943393361855 -154.872790582729607
        0.000000002020294  3.322399387637094  19.679819590342937  10.623649832510877  5.437059602074890  4.937978957458289  0.751273787397319  3.086089674853904  12.580943393361855 -154.872790582729607
        0.000000000263515  3.322399387637094  19.679819590342937  10.623649674206160  5.437059683093391  4.937978957458289  0.751273787397319  3.086089674853904  12.580943393361855 -154.872790582729607
        0.000000000641468  3.322399387637094  19.679819590342937  10.623649674206160  5.437059602074890  4.937979031039910  0.751273787397319  3.086089674853904  12.580943393361855 -154.872790582729607
        0.000000004885538  3.322399387637094  19.679819590342937  10.623649674206160  5.437059602074890  4.937978957458289  0.751273802298480  3.086089674853904  12.580943393361855 -154.872790582729607
        0.000000008523300  3.322399387637094  19.679819590342937  10.623649674206160  5.437059602074890  4.937978957458289  0.751273787397319  3.086089720840224  12.580943393361855 -154.872790582729607
        0.000000005194480  3.322399387637094  19.679819590342937  10.623649674206160  5.437059602074890  4.937978957458289  0.751273787397319  3.086089674853904  12.580943580832519 -154.872790582729607
        0.000037773038528  3.322399387637094  19.679819590342937  10.623649674206160  5.437059602074890  4.937978957458289  0.751273787397319  3.086089674853904  12.580943393361855 -154.872792890514035
        0.000586528080402  3.318318713832602  20.080247565874505  10.691395968522670  5.917874046901756  4.615204460582486  0.746998024754982  3.106282474377680  12.477375663023453 -154.872947089177075
        0.000000016630351  3.318318763279404  20.080247565874505  10.691395968522670  5.917874046901756  4.615204460582486  0.746998024754982  3.106282474377680  12.477375663023453 -154.872947089177075
        0.000000015420896  3.318318713832602  20.080247865093511  10.691395968522670  5.917874046901756  4.615204460582486  0.746998024754982  3.106282474377680  12.477375663023453 -154.872947089177075
        0.000000002040920  3.318318713832602  20.080247565874505  10.691396127836885  5.917874046901756  4.615204460582486  0.746998024754982  3.106282474377680  12.477375663023453 -154.872947089177075
        0.000000000256915  3.318318713832602  20.080247565874505  10.691395968522670  5.917874135084951  4.615204460582486  0.746998024754982  3.106282474377680  12.477375663023453 -154.872947089177075
        0.000000000505013  3.318318713832602  20.080247565874505  10.691395968522670  5.917874046901756  4.615204529354392  0.746998024754982  3.106282474377680  12.477375663023453 -154.872947089177075
        0.000000005070651  3.318318713832602  20.080247565874505  10.691395968522670  5.917874046901756  4.615204460582486  0.746998039656143  3.106282474377680  12.477375663023453 -154.872947089177075
        0.000000008544902  3.318318713832602  20.080247565874505  10.691395968522670  5.917874046901756  4.615204460582486  0.746998024754982  3.106282520664895  12.477375663023453 -154.872947089177075
        0.000000005128068  3.318318713832602  20.080247565874505  10.691395968522670  5.917874046901756  4.615204460582486  0.746998024754982  3.106282474377680  12.477375848950839 -154.872947089177075
        0.000037773185656  3.318318713832602  20.080247565874505  10.691395968522670  5.917874046901756  4.615204460582486  0.746998024754982  3.106282474377680  12.477375663023453 -154.872949396963833
        0.000297406526506  3.319841931464900  20.296825356397456  10.738682116718264  6.113385702361787  4.119951420322252  0.752006846595864  3.111210797194202  12.375777065890539 -154.873001135710922
        0.000000016670740  3.319841980934400  20.296825356397456  10.738682116718264  6.113385702361787  4.119951420322252  0.752006846595864  3.111210797194202  12.375777065890539 -154.873001135710922
        0.000000015428123  3.319841931464900  20.296825658843723  10.738682116718264  6.113385702361787  4.119951420322252  0.752006846595864  3.111210797194202  12.375777065890539 -154.873001135710922
        0.000000002077064  3.319841931464900  20.296825356397456  10.738682276737098  6.113385702361787  4.119951420322252  0.752006846595864  3.111210797194202  12.375777065890539 -154.873001135710922
        0.000000000264257  3.319841931464900  20.296825356397456  10.738682116718264  6.113385793458332  4.119951420322252  0.752006846595864  3.111210797194202  12.375777065890539 -154.873001135710922
        0.000000000362555  3.319841931464900  20.296825356397456  10.738682116718264  6.113385702361787  4.119951481714312  0.752006846595864  3.111210797194202  12.375777065890539 -154.873001135710922
        0.000000005296887  3.319841931464900  20.296825356397456  10.738682116718264  6.113385702361787  4.119951420322252  0.752006861497026  3.111210797194202  12.375777065890539 -154.873001135710922
        0.000000008545841  3.319841931464900  20.296825356397456  10.738682116718264  6.113385702361787  4.119951420322252  0.752006846595864  3.111210843554855  12.375777065890539 -154.873001135710922
        0.000000005192602  3.319841931464900  20.296825356397456  10.738682116718264  6.113385702361787  4.119951420322252  0.752006846595864  3.111210797194202  12.375777250303988 -154.873001135710922
        0.000037773236031  3.319841931464900  20.296825356397456  10.738682116718264  6.113385702361787  4.119951420322252  0.752006846595864  3.111210797194202  12.375777065890539 -154.873003443498476
        0.000245272347495  3.318046196378787  20.442572566137393  10.798376754416219  6.220555317564482  4.015953533518908  0.750912186379630  3.120306607913559  12.332457535898804 -154.873068908615181
        0.000000016704159  3.318046245821528  20.442572566137393  10.798376754416219  6.220555317564482  4.015953533518908  0.750912186379630  3.120306607913559  12.332457535898804 -154.873068908615181
        0.000000015448902  3.318046196378787  20.442572870755463  10.798376754416219  6.220555317564482  4.015953533518908  0.750912186379630  3.120306607913559  12.332457535898804 -154.873068908615181
        0.000000002081439  3.318046196378787  20.442572566137393  10.798376915324573  6.220555317564482  4.015953533518908  0.750912186379630  3.120306607913559  12.332457535898804 -154.873068908615181
        0.000000000264531  3.318046196378787  20.442572566137393  10.798376754416219  6.220555410257980  4.015953533518908  0.750912186379630  3.120306607913559  12.332457535898804 -154.873068908615181
        0.000000000327550  3.318046196378787  20.442572566137393  10.798376754416219  6.220555317564482  4.015953593361279  0.750912186379630  3.120306607913559  12.332457535898804 -154.873068908615181
        0.000000005340593  3.318046196378787  20.442572566137393  10.798376754416219  6.220555317564482  4.015953533518908  0.750912201280791  3.120306607913559  12.332457535898804 -154.873068908615181
        0.000000008536977  3.318046196378787  20.442572566137393  10.798376754416219  6.220555317564482  4.015953533518908  0.750912186379630  3.120306654409751  12.332457535898804 -154.873068908615181
        0.000000005158101  3.318046196378787  20.442572566137393  10.798376754416219  6.220555317564482  4.015953533518908  0.750912186379630  3.120306607913559  12.332457719666742 -154.873068908615181
        0.000037773299069  3.318046196378787  20.442572566137393  10.798376754416219  6.220555317564482  4.015953533518908  0.750912186379630  3.120306607913559  12.332457535898804 -154.873071216403758
        0.000512086723886  3.324799990929625  20.655483080182350  10.993775076060661  6.190923412625161  2.901556813317875  0.766369921797856  3.131418523014430  12.029331733150769 -154.873194000107787
        0.000000016799561  3.324800040473005  20.655483080182350  10.993775076060661  6.190923412625161  2.901556813317875  0.766369921797856  3.131418523014430  12.029331733150769 -154.873194000107787
        0.000000015463463  3.324799990929625  20.655483387973032  10.993775076060661  6.190923412625161  2.901556813317875  0.766369921797856  3.131418523014430  12.029331733150769 -154.873194000107787
        0.000000002152742  3.324799990929625  20.655483080182350  10.993775239880677  6.190923412625161  2.901556813317875  0.766369921797856  3.131418523014430  12.029331733150769 -154.873194000107787
        0.000000000281163  3.324799990929625  20.655483080182350  10.993775076060661  6.190923504877109  2.901556813317875  0.766369921797856  3.131418523014430  12.029331733150769 -154.873194000107787
        0.000000000149982  3.324799990929625  20.655483080182350  10.993775076060661  6.190923412625161  2.901556856554441  0.766369921797856  3.131418523014430  12.029331733150769 -154.873194000107787
        0.000000005762280  3.324799990929625  20.655483080182350  10.993775076060661  6.190923412625161  2.901556813317875  0.766369936699017  3.131418523014430  12.029331733150769 -154.873194000107787
        0.000000008423565  3.324799990929625  20.655483080182350  10.993775076060661  6.190923412625161  2.901556813317875  0.766369921797856  3.131418569676202  12.029331733150769 -154.873194000107787
        0.000000005343154  3.324799990929625  20.655483080182350  10.993775076060661  6.190923412625161  2.901556813317875  0.766369921797856  3.131418523014430  12.029331912401780 -154.873194000107787
        0.000037773415390  3.324799990929625  20.655483080182350  10.993775076060661  6.190923412625161  2.901556813317875  0.766369921797856  3.131418523014430  12.029331733150769 -154.873196307898212
        0.000060044977200  3.324549684534167  20.686163106866232  11.025162489249883  6.195540723708637  2.880321627263549  0.766542179700790  3.132155483564229  12.030881660232746 -154.873199899062996
        0.000000016802592  3.324549734073818  20.686163106866232  11.025162489249883  6.195540723708637  2.880321627263549  0.766542179700790  3.132155483564229  12.030881660232746 -154.873199899062996
        0.000000015465586  3.324549684534167  20.686163415114084  11.025162489249883  6.195540723708637  2.880321627263549  0.766542179700790  3.132155483564229  12.030881660232746 -154.873199899062996
        0.000000002153899  3.324549684534167  20.686163106866232  11.025162653537606  6.195540723708637  2.880321627263549  0.766542179700790  3.132155483564229  12.030881660232746 -154.873199899062996
        0.000000000281632  3.324549684534167  20.686163106866232  11.025162489249883  6.195540816029388  2.880321627263549  0.766542179700790  3.132155483564229  12.030881660232746 -154.873199899062996
        0.000000000150394  3.324549684534167  20.686163106866232  11.025162489249883  6.195540723708637  2.880321670183686  0.766542179700790  3.132155483564229  12.030881660232746 -154.873199899062996
        0.000000005772895  3.324549684534167  20.686163106866232  11.025162489249883  6.195540723708637  2.880321627263549  0.766542194601951  3.132155483564229  12.030881660232746 -154.873199899062996
        0.000000008426207  3.324549684534167  20.686163106866232  11.025162489249883  6.195540723708637  2.880321627263549  0.766542179700790  3.132155530236983  12.030881660232746 -154.873199899062996
        0.000000005342235  3.324549684534167  20.686163106866232  11.025162489249883  6.195540723708637  2.880321627263549  0.766542179700790  3.132155483564229  12.030881839506852 -154.873199899062996
        0.000037773418942  3.324549684534167  20.686163106866232  11.025162489249883  6.195540723708637  2.880321627263549  0.766542179700790  3.132155483564229  12.030881660232746 -154.873202206853506
        0.000175996659085  3.332280136546249  21.232922170499506  11.669077192046586  5.766190472656799  1.328091583560714  0.800167222056172  3.125564121160512  11.838284109716144 -154.873219779984623
        0.000000016799916  3.332280186201093  21.232922170499506  11.669077192046586  5.766190472656799  1.328091583560714  0.800167222056172  3.125564121160512  11.838284109716144 -154.873219779984623
        0.000000015371196  3.332280136546249  21.232922486894701  11.669077192046586  5.766190472656799  1.328091583560714  0.800167222056172  3.125564121160512  11.838284109716144 -154.873219779984623
        0.000000002269265  3.332280136546249  21.232922170499506  11.669077365929386  5.766190472656799  1.328091583560714  0.800167222056172  3.125564121160512  11.838284109716144 -154.873219779984623
        0.000000000326678  3.332280136546249  21.232922170499506  11.669077192046586  5.766190558579733  1.328091583560714  0.800167222056172  3.125564121160512  11.838284109716144 -154.873219779984623
        0.000000000429364  3.332280136546249  21.232922170499506  11.669077192046586  5.766190472656799  1.328091603350821  0.800167222056172  3.125564121160512  11.838284109716144 -154.873219779984623
        0.000000006352196  3.332280136546249  21.232922170499506  11.669077192046586  5.766190472656799  1.328091583560714  0.800167236957333  3.125564121160512  11.838284109716144 -154.873219779984623
        0.000000008320242  3.332280136546249  21.232922170499506  11.669077192046586  5.766190472656799  1.328091583560714  0.800167222056172  3.125564167735047  11.838284109716144 -154.873219779984623
        0.000000005641032  3.332280136546249  21.232922170499506  11.669077192046586  5.766190472656799  1.328091583560714  0.800167222056172  3.125564121160512  11.838284286120324 -154.873219779984623
        0.000037773438895  3.332280136546249  21.232922170499506  11.669077192046586  5.766190472656799  1.328091583560714  0.800167222056172  3.125564121160512  11.838284109716144 -154.873222087775446
        0.000073500660720  3.332118599583835  21.260671511762133  11.654945024422075  5.781957801934231  1.312527753282240  0.800530471375176  3.125002447708021  11.845826443714335 -154.873217541511394
        0.000000016793347  3.332118649236272  21.260671511762133  11.654945024422075  5.781957801934231  1.312527753282240  0.800530471375176  3.125002447708021  11.845826443714335 -154.873217541511394
        0.000000015365481  3.332118599583835  21.260671828570828  11.654945024422075  5.781957801934231  1.312527753282240  0.800530471375176  3.125002447708021  11.845826443714335 -154.873217541511394
        0.000000002272510  3.332118599583835  21.260671511762133  11.654945198094289  5.781957801934231  1.312527753282240  0.800530471375176  3.125002447708021  11.845826443714335 -154.873217541511394
        0.000000000325596  3.332118599583835  21.260671511762133  11.654945024422075  5.781957888092117  1.312527753282240  0.800530471375176  3.125002447708021  11.845826443714335 -154.873217541511394
        0.000000000435479  3.332118599583835  21.260671511762133  11.654945024422075  5.781957801934231  1.312527772840428  0.800530471375176  3.125002447708021  11.845826443714335 -154.873217541511394
        0.000000006358584  3.332118599583835  21.260671511762133  11.654945024422075  5.781957801934231  1.312527753282240  0.800530486276337  3.125002447708021  11.845826443714335 -154.873217541511394
        0.000000008323371  3.332118599583835  21.260671511762133  11.654945024422075  5.781957801934231  1.312527753282240  0.800530471375176  3.125002494274186  11.845826443714335 -154.873217541511394
        0.000000005642420  3.332118599583835  21.260671511762133  11.654945024422075  5.781957801934231  1.312527753282240  0.800530471375176  3.125002447708021  11.845826620230904 -154.873217541511394
        0.000037773435664  3.332118599583835  21.260671511762133  11.654945024422075  5.781957801934231  1.312527753282240  0.800530471375176  3.125002447708021  11.845826443714335 -154.873219849302160
        0.000655720657393  3.311305621569927  23.383770260715309  12.974353159023099  6.097742474715489  0.372079235466826  0.821582003039673  3.118112636610774  12.290836450641295 -154.873216138622269
        0.000602014271572  3.332417397768070  21.475526802979193  11.810000692266252  5.797391545136114  0.990854289275383  0.806443615493274  3.122645658947663  11.841502988513538 -154.873215572476823
        0.000000016778789  3.332417447424958  21.475526802979193  11.810000692266252  5.797391545136114  0.990854289275383  0.806443615493274  3.122645658947663  11.841502988513538 -154.873215572476823
        0.000000015336325  3.332417397768070  21.475527122989480  11.810000692266252  5.797391545136114  0.990854289275383  0.806443615493274  3.122645658947663  11.841502988513538 -154.873215572476823
        0.000000002299831  3.332417397768070  21.475526802979193  11.810000868248975  5.797391545136114  0.990854289275383  0.806443615493274  3.122645658947663  11.841502988513538 -154.873215572476823
        0.000000000334223  3.332417397768070  21.475526802979193  11.810000692266252  5.797391631523980  0.990854289275383  0.806443615493274  3.122645658947663  11.841502988513538 -154.873215572476823
        0.000000000522673  3.332417397768070  21.475526802979193  11.810000692266252  5.797391545136114  0.990854304176544  0.806443615493274  3.122645658947663  11.841502988513538 -154.873215572476823
        0.000000006496258  3.332417397768070  21.475526802979193  11.810000692266252  5.797391545136114  0.990854289275383  0.806443630394435  3.122645658947663  11.841502988513538 -154.873215572476823
        0.000000008334823  3.332417397768070  21.475526802979193  11.810000692266252  5.797391545136114  0.990854289275383  0.806443615493274  3.122645705478709  11.841502988513538 -154.873215572476823
        0.000000005689834  3.332417397768070  21.475526802979193  11.810000692266252  5.797391545136114  0.990854289275383  0.806443615493274  3.122645658947663  11.841503164965683 -154.873215572476823
        0.000037773434015  3.332417397768070  21.475526802979193  11.810000692266252  5.797391545136114  0.990854289275383  0.806443615493274  3.122645658947663  11.841502988513538 -154.873217880267561
        0.000024821847481  3.332128932088219  21.519553927275410  11.836205679732645  5.814890227858149  0.955110149485741  0.806788988065591  3.122803431779106  11.844837743104856 -154.873217659202481
        0.000000016776110  3.332128981740810  21.519553927275410  11.836205679732645  5.814890227858149  0.955110149485741  0.806788988065591  3.122803431779106  11.844837743104856 -154.873217659202481
        0.000000015332725  3.332128932088219  21.519554247941752  11.836205679732645  5.814890227858149  0.955110149485741  0.806788988065591  3.122803431779106  11.844837743104856 -154.873217659202481
        0.000000002302645  3.332128932088219  21.519553927275410  11.836205856105854  5.814890227858149  0.955110149485741  0.806788988065591  3.122803431779106  11.844837743104856 -154.873217659202481
        0.000000000334654  3.332128932088219  21.519553927275410  11.836205679732645  5.814890314506766  0.955110149485741  0.806788988065591  3.122803431779106  11.844837743104856 -154.873217659202481
        0.000000000524894  3.332128932088219  21.519553927275410  11.836205679732645  5.814890227858149  0.955110164386902  0.806788988065591  3.122803431779106  11.844837743104856 -154.873217659202481
        0.000000006504352  3.332128932088219  21.519553927275410  11.836205679732645  5.814890227858149  0.955110149485741  0.806789002966752  3.122803431779106  11.844837743104856 -154.873217659202481
        0.000000008340331  3.332128932088219  21.519553927275410  11.836205679732645  5.814890227858149  0.955110149485741  0.806788988065591  3.122803478312503  11.844837743104856 -154.873217659202481
        0.000000005689871  3.332128932088219  21.519553927275410  11.836205679732645  5.814890227858149  0.955110149485741  0.806788988065591  3.122803431779106  11.844837919606693 -154.873217659202481
        0.000037773436565  3.332128932088219  21.519553927275410  11.836205679732645  5.814890227858149  0.955110149485741  0.806788988065591  3.122803431779106  11.844837743104856 -154.873219966993275
        0.000166758968405  3.326359679839199  22.281001402538863  12.334237833895942  5.890131226601859  0.446543881091102  0.817170011180420  3.120144315851145  11.961720376857404 -154.873222436231060
        0.000125662442553  3.332003782555883  21.624844881225805  11.911086329218247  5.822949762022175  0.817470814489296  0.809202592109694  3.122391119135280  11.843606180544100 -154.873220804509742
        0.000000016771065  3.332003832206608  21.624844881225805  11.911086329218247  5.822949762022175  0.817470814489296  0.809202592109694  3.122391119135280  11.843606180544100 -154.873220804509742
        0.000000015321201  3.332003782555883  21.624845203461103  11.911086329218247  5.822949762022175  0.817470814489296  0.809202592109694  3.122391119135280  11.843606180544100 -154.873220804509742
        0.000000002314016  3.332003782555883  21.624844881225805  11.911086506707264  5.822949762022175  0.817470814489296  0.809202592109694  3.122391119135280  11.843606180544100 -154.873220804509742
        0.000000000338413  3.332003782555883  21.624844881225805  11.911086329218247  5.822949848790888  0.817470814489296  0.809202592109694  3.122391119135280  11.843606180544100 -154.873220804509742
        0.000000000528304  3.332003782555883  21.624844881225805  11.911086329218247  5.822949762022175  0.817470829390458  0.809202592109694  3.122391119135280  11.843606180544100 -154.873220804509742
        0.000000006526715  3.332003782555883  21.624844881225805  11.911086329218247  5.822949762022175  0.817470814489296  0.809202607010856  3.122391119135280  11.843606180544100 -154.873220804509742
        0.000000008344894  3.332003782555883  21.624844881225805  11.911086329218247  5.822949762022175  0.817470814489296  0.809202592109694  3.122391165662533  11.843606180544100 -154.873220804509742
        0.000000005704965  3.332003782555883  21.624844881225805  11.911086329218247  5.822949762022175  0.817470814489296  0.809202592109694  3.122391119135280  11.843606357027586 -154.873220804509742
        0.000037773439221  3.332003782555883  21.624844881225805  11.911086329218247  5.822949762022175  0.817470814489296  0.809202592109694  3.122391119135280  11.843606180544100 -154.873223112300565
        0.000040343221181  3.330209930505940  21.822485783291903  12.035002848152816  5.854317589389500  0.712714953498395  0.811213944967364  3.122022458740390  11.879213892430307 -154.873222867243868
        0.000000016753794  3.330209980129935  21.822485783291903  12.035002848152816  5.854317589389500  0.712714953498395  0.811213944967364  3.122022458740390  11.879213892430307 -154.873222867243868
        0.000000015302438  3.330209930505940  21.822486108472280  12.035002848152816  5.854317589389500  0.712714953498395  0.811213944967364  3.122022458740390  11.879213892430307 -154.873222867243868
        0.000000002322914  3.330209930505940  21.822485783291903  12.035003027488333  5.854317589389500  0.712714953498395  0.811213944967364  3.122022458740390  11.879213892430307 -154.873222867243868
        0.000000000341717  3.330209930505940  21.822485783291903  12.035002848152816  5.854317676625630  0.712714953498395  0.811213944967364  3.122022458740390  11.879213892430307 -154.873222867243868
        0.000000000531617  3.330209930505940  21.822485783291903  12.035002848152816  5.854317589389500  0.712714968399556  0.811213944967364  3.122022458740390  11.879213892430307 -154.873222867243868
        0.000000006544241  3.330209930505940  21.822485783291903  12.035002848152816  5.854317589389500  0.712714953498395  0.811213959868525  3.122022458740390  11.879213892430307 -154.873222867243868
        0.000000008369741  3.330209930505940  21.822485783291903  12.035002848152816  5.854317589389500  0.712714953498395  0.811213944967364  3.122022505262150  11.879213892430307 -154.873222867243868
        0.000000005692425  3.330209930505940  21.822485783291903  12.035002848152816  5.854317589389500  0.712714953498395  0.811213944967364  3.122022458740390  11.879214069444389 -154.873222867243868
        0.000037773441268  3.330209930505940  21.822485783291903  12.035002848152816  5.854317589389500  0.712714953498395  0.811213944967364  3.122022458740390  11.879213892430307 -154.873225175034719
        0.000034782287633  3.329107604271278  21.943104587756864  12.111304730528925  5.869808514032469  0.652144184162660  0.812463953911232  3.121629536365206  11.902814503165546 -154.873222854639863
        0.000000016742331  3.329107653878848  21.943104587756864  12.111304730528925  5.869808514032469  0.652144184162660  0.812463953911232  3.121629536365206  11.902814503165546 -154.873222854639863
        0.000000015290601  3.329107604271278  21.943104914734601  12.111304730528925  5.869808514032469  0.652144184162660  0.812463953911232  3.121629536365206  11.902814503165546 -154.873222854639863
        0.000000002328179  3.329107604271278  21.943104587756864  12.111304911001429  5.869808514032469  0.652144184162660  0.812463953911232  3.121629536365206  11.902814503165546 -154.873222854639863
        0.000000000343918  3.329107604271278  21.943104587756864  12.111304730528925  5.869808601499432  0.652144184162660  0.812463953911232  3.121629536365206  11.902814503165546 -154.873222854639863
        0.000000000533174  3.329107604271278  21.943104587756864  12.111304730528925  5.869808514032469  0.652144199063821  0.812463953911232  3.121629536365206  11.902814503165546 -154.873222854639863
        0.000000006554068  3.329107604271278  21.943104587756864  12.111304730528925  5.869808514032469  0.652144184162660  0.812463968812393  3.121629536365206  11.902814503165546 -154.873222854639863
        0.000000008385044  3.329107604271278  21.943104587756864  12.111304730528925  5.869808514032469  0.652144184162660  0.812463953911232  3.121629582881111  11.902814503165546 -154.873222854639863
        0.000000005684822  3.329107604271278  21.943104587756864  12.111304730528925  5.869808514032469  0.652144184162660  0.812463953911232  3.121629536365206  11.902814680531304 -154.873222854639863
        0.000037773441249  3.329107604271278  21.943104587756864  12.111304730528925  5.869808514032469  0.652144184162660  0.812463953911232  3.121629536365206  11.902814503165546 -154.873225162430714
        0.000040283221835  3.328999077093348  22.056569222353261  12.195756272839141  5.863503932865496  0.505812421398553  0.815360760091681  3.120587016346265  11.905899901334218 -154.873222130670939
        0.000000016733478  3.328999126699300  22.056569222353261  12.195756272839141  5.863503932865496  0.505812421398553  0.815360760091681  3.120587016346265  11.905899901334218 -154.873222130670939
        0.000000015275824  3.328999077093348  22.056569551021756  12.195756272839141  5.863503932865496  0.505812421398553  0.815360760091681  3.120587016346265  11.905899901334218 -154.873222130670939
        0.000000002340586  3.328999077093348  22.056569222353261  12.195756454570072  5.863503932865496  0.505812421398553  0.815360760091681  3.120587016346265  11.905899901334218 -154.873222130670939
        0.000000000348964  3.328999077093348  22.056569222353261  12.195756272839141  5.863504020238513  0.505812421398553  0.815360760091681  3.120587016346265  11.905899901334218 -154.873222130670939
        0.000000000535193  3.328999077093348  22.056569222353261  12.195756272839141  5.863503932865496  0.505812436299714  0.815360760091681  3.120587016346265  11.905899901334218 -154.873222130670939
        0.000000006575567  3.328999077093348  22.056569222353261  12.195756272839141  5.863503932865496  0.505812421398553  0.815360774992842  3.120587016346265  11.905899901334218 -154.873222130670939
        0.000000008389196  3.328999077093348  22.056569222353261  12.195756272839141  5.863503932865496  0.505812421398553  0.815360760091681  3.120587062846635  11.905899901334218 -154.873222130670939
        0.000000005702567  3.328999077093348  22.056569222353261  12.195756272839141  5.863503932865496  0.505812421398553  0.815360760091681  3.120587016346265  11.905900078745951 -154.873222130670939
        0.000037773440805  3.328999077093348  22.056569222353261  12.195756272839141  5.863503932865496  0.505812421398553  0.815360760091681  3.120587016346265  11.905899901334218 -154.873224438461790
        0.000034998618055  3.329027309532811  22.099686213154484  12.226671818826167  5.868600070498596  0.443433436924907  0.816394661853778  3.120238100260316  11.905075740115375 -154.873222188980890
        0.000000016730787  3.329027359139183  22.099686213154484  12.226671818826167  5.868600070498596  0.443433436924907  0.816394661853778  3.120238100260316  11.905075740115375 -154.873222188980890
        0.000000015270603  3.329027309532811  22.099686542465470  12.226671818826167  5.868600070498596  0.443433436924907  0.816394661853778  3.120238100260316  11.905075740115375 -154.873222188980890
        0.000000002345837  3.329027309532811  22.099686213154484  12.226672001017775  5.868600070498596  0.443433436924907  0.816394661853778  3.120238100260316  11.905075740115375 -154.873222188980890
        0.000000000350608  3.329027309532811  22.099686213154484  12.226671818826167  5.868600157947552  0.443433436924907  0.816394661853778  3.120238100260316  11.905075740115375 -154.873222188980890
        0.000000000537014  3.329027309532811  22.099686213154484  12.226671818826167  5.868600070498596  0.443433451826068  0.816394661853778  3.120238100260316  11.905075740115375 -154.873222188980890
        0.000000006586417  3.329027309532811  22.099686213154484  12.226671818826167  5.868600070498596  0.443433436924907  0.816394676754939  3.120238100260316  11.905075740115375 -154.873222188980890
        0.000000008391379  3.329027309532811  22.099686213154484  12.226671818826167  5.868600070498596  0.443433436924907  0.816394661853778  3.120238146755487  11.905075740115375 -154.873222188980890
        0.000000005711130  3.329027309532811  22.099686213154484  12.226671818826167  5.868600070498596  0.443433436924907  0.816394661853778  3.120238100260316  11.905075917514829 -154.873222188980890
        0.000037773440956  3.329027309532811  22.099686213154484  12.226671818826167  5.868600070498596  0.443433436924907  0.816394661853778  3.120238100260316  11.905075740115375 -154.873224496771741
        0.000053121536598  3.326762523262372  22.387846636196869  12.414558770865650  5.893754374849689  0.261946599739778  0.820087346212373  3.119130324668239  11.953263804297851 -154.873222268874287
        0.000000016705639  3.326762572834996  22.387846636196869  12.414558770865650  5.893754374849689  0.261946599739778  0.820087346212373  3.119130324668239  11.953263804297851 -154.873222268874287
        0.000000015242162  3.326762523262372  22.387846969801782  12.414558770865650  5.893754374849689  0.261946599739778  0.820087346212373  3.119130324668239  11.953263804297851 -154.873222268874287
        0.000000002361307  3.326762523262372  22.387846636196869  12.414558955856991  5.893754374849689  0.261946599739778  0.820087346212373  3.119130324668239  11.953263804297851 -154.873222268874287
        0.000000000357421  3.326762523262372  22.387846636196869  12.414558770865650  5.893754462673473  0.261946599739778  0.820087346212373  3.119130324668239  11.953263804297851 -154.873222268874287
        0.000000000540365  3.326762523262372  22.387846636196869  12.414558770865650  5.893754374849689  0.261946614640939  0.820087346212373  3.119130324668239  11.953263804297851 -154.873222268874287
        0.000000006612590  3.326762523262372  22.387846636196869  12.414558770865650  5.893754374849689  0.261946599739778  0.820087361113535  3.119130324668239  11.953263804297851 -154.873222268874287
        0.000000008422272  3.326762523262372  22.387846636196869  12.414558770865650  5.893754374849689  0.261946599739778  0.820087346212373  3.119130371146902  11.953263804297851 -154.873222268874287
        0.000000005701937  3.326762523262372  22.387846636196869  12.414558770865650  5.893754374849689  0.261946599739778  0.820087346212373  3.119130324668239  11.953263982415361 -154.873222268874287
        0.000037773441232  3.326762523262372  22.387846636196869  12.414558770865650  5.893754374849689  0.261946599739778  0.820087346212373  3.119130324668239  11.953263804297851 -154.873224576665137
        0.000025149504000  3.326980512739545  22.380889806425259  12.409987602761630  5.898533186718327  0.251771910268476  0.820082881303469  3.119016020086444  11.948991288026338 -154.873222061029992
        0.000000016705758  3.326980562315418  22.380889806425259  12.409987602761630  5.898533186718327  0.251771910268476  0.820082881303469  3.119016020086444  11.948991288026338 -154.873222061029992
        0.000000015241959  3.326980512739545  22.380890139926507  12.409987602761630  5.898533186718327  0.251771910268476  0.820082881303469  3.119016020086444  11.948991288026338 -154.873222061029992
        0.000000002362163  3.326980512739545  22.380889806425259  12.409987787684855  5.898533186718327  0.251771910268476  0.820082881303469  3.119016020086444  11.948991288026338 -154.873222061029992
        0.000000000357245  3.326980512739545  22.380889806425259  12.409987602761630  5.898533274613320  0.251771910268476  0.820082881303469  3.119016020086444  11.948991288026338 -154.873222061029992
        0.000000000541385  3.326980512739545  22.380889806425259  12.409987602761630  5.898533186718327  0.251771925169637  0.820082881303469  3.119016020086444  11.948991288026338 -154.873222061029992
        0.000000006616216  3.326980512739545  22.380889806425259  12.409987602761630  5.898533186718327  0.251771910268476  0.820082896204630  3.119016020086444  11.948991288026338 -154.873222061029992
        0.000000008421625  3.326980512739545  22.380889806425259  12.409987602761630  5.898533186718327  0.251771910268476  0.820082881303469  3.119016066563404  11.948991288026338 -154.873222061029992
        0.000000005706754  3.326980512739545  22.380889806425259  12.409987602761630  5.898533186718327  0.251771910268476  0.820082881303469  3.119016020086444  11.948991466080184 -154.873222061029992
        0.000037773440989  3.326980512739545  22.380889806425259  12.409987602761630  5.898533186718327  0.251771910268476  0.820082881303469  3.119016020086444  11.948991288026338 -154.873224368820843
2022-08-17 17:17:23.753106
