/projects/wagner/highthroughput/mick_graphene_paper/3_data/1_kc_fitting
2023-06-01 19:06:17.213449
use a starting guess from the old fit
starting guess parameters:  [ 3.37006089e+00  2.17833385e+01  1.04693887e+01  8.86496249e+00
  1.31573765e-05  7.23952360e-01  3.28314592e+00  1.30901596e+01
 -1.54590379e+02]
     1025.509994320580063  3.370060885645178  21.783338516870739  10.469388694543325  8.864962486046355  0.000013157376477  0.723952360283636  3.283145920221462  13.090159601618883 -154.590378722241923
        0.000000012842762  3.370060935862998  21.783338516870739  10.469388694543325  8.864962486046355  0.000013157376477  0.723952360283636  3.283145920221462  13.090159601618883 -154.590378722241923
        0.000000011578739  3.370060885645178  21.783338841467778  10.469388694543325  8.864962486046355  0.000013157376477  0.723952360283636  3.283145920221462  13.090159601618883 -154.590378722241923
        0.000000001419287  3.370060885645178  21.783338516870739  10.469388850549374  8.864962486046355  0.000013157376477  0.723952360283636  3.283145920221462  13.090159601618883 -154.590378722241923
        0.000000000243239  3.370060885645178  21.783338516870739  10.469388694543325  8.864962618144590  0.000013157376477  0.723952360283636  3.283145920221462  13.090159601618883 -154.590378722241923
        0.000000000451910  3.370060885645178  21.783338516870739  10.469388694543325  8.864962486046355  0.000013172277638  0.723952360283636  3.283145920221462  13.090159601618883 -154.590378722241923
        0.000000003998539  3.370060885645178  21.783338516870739  10.469388694543325  8.864962486046355  0.000013157376477  0.723952375184798  3.283145920221462  13.090159601618883 -154.590378722241923
        0.000000003161800  3.370060885645178  21.783338516870739  10.469388694543325  8.864962486046355  0.000013157376477  0.723952360283636  3.283145969144149  13.090159601618883 -154.590378722241923
        0.000000004375995  3.370060885645178  21.783338516870739  10.469388694543325  8.864962486046355  0.000013157376477  0.723952360283636  3.283145920221462  13.090159796677462 -154.590378722241923
        0.000015277711498  3.370060885645178  21.783338516870739  10.469388694543325  8.864962486046355  0.000013157376477  0.723952360283636  3.283145920221462  13.090159601618883 -154.590381025818061
        0.000397264221909  3.370273921979952  21.783339088289090  10.469387856769684  8.864963321986931  0.000014636670860  0.724030872174927  3.283179528394052  13.090166062787898 -154.590442184117904
        0.000000012858590  3.370273972200947  21.783339088289090  10.469387856769684  8.864963321986931  0.000014636670860  0.724030872174927  3.283179528394052  13.090166062787898 -154.590442184117904
        0.000000011592873  3.370273921979952  21.783339412886136  10.469387856769684  8.864963321986931  0.000014636670860  0.724030872174927  3.283179528394052  13.090166062787898 -154.590442184117904
        0.000000001420297  3.370273921979952  21.783339088289090  10.469388012775720  8.864963321986931  0.000014636670860  0.724030872174927  3.283179528394052  13.090166062787898 -154.590442184117904
        0.000000000243420  3.370273921979952  21.783339088289090  10.469387856769684  8.864963454085178  0.000014636670860  0.724030872174927  3.283179528394052  13.090166062787898 -154.590442184117904
        0.000000000452286  3.370273921979952  21.783339088289090  10.469387856769684  8.864963321986931  0.000014651572022  0.724030872174927  3.283179528394052  13.090166062787898 -154.590442184117904
        0.000000004001302  3.370273921979952  21.783339088289090  10.469387856769684  8.864963321986931  0.000014636670860  0.724030887076089  3.283179528394052  13.090166062787898 -154.590442184117904
        0.000000003162659  3.370273921979952  21.783339088289090  10.469387856769684  8.864963321986931  0.000014636670860  0.724030872174927  3.283179577317239  13.090166062787898 -154.590442184117904
        0.000000004379910  3.370273921979952  21.783339088289090  10.469387856769684  8.864963321986931  0.000014636670860  0.724030872174927  3.283179528394052  13.090166257846573 -154.590442184117904
        0.000015277716956  3.370273921979952  21.783339088289090  10.469387856769684  8.864963321986931  0.000014636670860  0.724030872174927  3.283179528394052  13.090166062787898 -154.590444487695009
        0.000259297284448  3.370609666930091  21.783344206915590  10.469389817559428  8.864969002011327  0.000026516626007  0.724441906594845  3.283239663157965  13.090018385747852 -154.590426210029790
        0.000000012892595  3.370609717156089  21.783344206915590  10.469389817559428  8.864969002011327  0.000026516626007  0.724441906594845  3.283239663157965  13.090018385747852 -154.590426210029790
        0.000000011623173  3.370609666930091  21.783344531512714  10.469389817559428  8.864969002011327  0.000026516626007  0.724441906594845  3.283239663157965  13.090018385747852 -154.590426210029790
        0.000000001422010  3.370609666930091  21.783344206915590  10.469389973565493  8.864969002011327  0.000026516626007  0.724441906594845  3.283239663157965  13.090018385747852 -154.590426210029790
        0.000000000243970  3.370609666930091  21.783344206915590  10.469389817559428  8.864969134109659  0.000026516626007  0.724441906594845  3.283239663157965  13.090018385747852 -154.590426210029790
        0.000000000453153  3.370609666930091  21.783344206915590  10.469389817559428  8.864969002011327  0.000026531527168  0.724441906594845  3.283239663157965  13.090018385747852 -154.590426210029790
        0.000000004005517  3.370609666930091  21.783344206915590  10.469389817559428  8.864969002011327  0.000026516626007  0.724441921496006  3.283239663157965  13.090018385747852 -154.590426210029790
        0.000000003164004  3.370609666930091  21.783344206915590  10.469389817559428  8.864969002011327  0.000026516626007  0.724441906594845  3.283239712082049  13.090018385747852 -154.590426210029790
        0.000000004386045  3.370609666930091  21.783344206915590  10.469389817559428  8.864969002011327  0.000026516626007  0.724441906594845  3.283239663157965  13.090018580804326 -154.590426210029790
        0.000015277713816  3.370609666930091  21.783344206915590  10.469389817559428  8.864969002011327  0.000026516626007  0.724441906594845  3.283239663157965  13.090018385747852 -154.590428513606639
        0.000133558844268  3.370670429735197  21.783336272748343  10.469385767064745  8.864969248391972  0.000026577938392  0.724482193544504  3.283252553743577  13.090022375064031 -154.590449391423931
        0.000000012897703  3.370670479962100  21.783336272748343  10.469385767064745  8.864969248391972  0.000026577938392  0.724482193544504  3.283252553743577  13.090022375064031 -154.590449391423931
        0.000000011627746  3.370670429735197  21.783336597345347  10.469385767064745  8.864969248391972  0.000026577938392  0.724482193544504  3.283252553743577  13.090022375064031 -154.590449391423931
        0.000000001422317  3.370670429735197  21.783336272748343  10.469385923070750  8.864969248391972  0.000026577938392  0.724482193544504  3.283252553743577  13.090022375064031 -154.590449391423931
        0.000000000244051  3.370670429735197  21.783336272748343  10.469385767064745  8.864969380490308  0.000026577938392  0.724482193544504  3.283252553743577  13.090022375064031 -154.590449391423931
        0.000000000453274  3.370670429735197  21.783336272748343  10.469385767064745  8.864969248391972  0.000026592839553  0.724482193544504  3.283252553743577  13.090022375064031 -154.590449391423931
        0.000000004006326  3.370670429735197  21.783336272748343  10.469385767064745  8.864969248391972  0.000026577938392  0.724482208445665  3.283252553743577  13.090022375064031 -154.590449391423931
        0.000000003164253  3.370670429735197  21.783336272748343  10.469385767064745  8.864969248391972  0.000026577938392  0.724482193544504  3.283252602667853  13.090022375064031 -154.590449391423931
        0.000000004387183  3.370670429735197  21.783336272748343  10.469385767064745  8.864969248391972  0.000026577938392  0.724482193544504  3.283252553743577  13.090022570120563 -154.590449391423931
        0.000015277715967  3.370670429735197  21.783336272748343  10.469385767064745  8.864969248391972  0.000026577938392  0.724482193544504  3.283252553743577  13.090022375064031 -154.590451695001150
        0.000103433012621  3.370765684543593  21.783337101549808  10.469385807100936  8.864971267410793  0.000030131316586  0.724659288510504  3.283276678785897  13.090008790113510 -154.590443756303159
        0.000000012909310  3.370765734771916  21.783337101549808  10.469385807100936  8.864971267410793  0.000030131316586  0.724659288510504  3.283276678785897  13.090008790113510 -154.590443756303159
        0.000000011638101  3.370765684543593  21.783337426146826  10.469385807100936  8.864971267410793  0.000030131316586  0.724659288510504  3.283276678785897  13.090008790113510 -154.590443756303159
        0.000000001422807  3.370765684543593  21.783337101549808  10.469385963106943  8.864971267410793  0.000030131316586  0.724659288510504  3.283276678785897  13.090008790113510 -154.590443756303159
        0.000000000244228  3.370765684543593  21.783337101549808  10.469385807100936  8.864971399509159  0.000030131316586  0.724659288510504  3.283276678785897  13.090008790113510 -154.590443756303159
        0.000000000453579  3.370765684543593  21.783337101549808  10.469385807100936  8.864971267410793  0.000030146217747  0.724659288510504  3.283276678785897  13.090008790113510 -154.590443756303159
        0.000000004007468  3.370765684543593  21.783337101549808  10.469385807100936  8.864971267410793  0.000030131316586  0.724659303411665  3.283276678785897  13.090008790113510 -154.590443756303159
        0.000000003164628  3.370765684543593  21.783337101549808  10.469385807100936  8.864971267410793  0.000030131316586  0.724659288510504  3.283276727710532  13.090008790113510 -154.590443756303159
        0.000000004388925  3.370765684543593  21.783337101549808  10.469385807100936  8.864971267410793  0.000030131316586  0.724659288510504  3.283276678785897  13.090008985169840 -154.590443756303159
        0.000015277715024  3.370765684543593  21.783337101549808  10.469385807100936  8.864971267410793  0.000030131316586  0.724659288510504  3.283276678785897  13.090008790113510 -154.590446059880293
        0.000389463166031  3.363344124255594  22.271917528618282  9.783896760016871  10.241367029352116  0.000027730738651  0.717307898877147  3.283412599169184  13.320434859122184 -154.590401374738235
        0.000000012878255  3.363344174373327  22.271917528618282  9.783896760016871  10.241367029352116  0.000027730738651  0.717307898877147  3.283412599169184  13.320434859122184 -154.590401374738235
        0.000000011622926  3.363344124255594  22.271917860495716  9.783896760016871  10.241367029352116  0.000027730738651  0.717307898877147  3.283412599169184  13.320434859122184 -154.590401374738235
        0.000000001432482  3.363344124255594  22.271917528618282  9.783896905808295  10.241367029352116  0.000027730738651  0.717307898877147  3.283412599169184  13.320434859122184 -154.590401374738235
        0.000000000329336  3.363344124255594  22.271917528618282  9.783896760016871  10.241367181960376  0.000027730738651  0.717307898877147  3.283412599169184  13.320434859122184 -154.590401374738235
        0.000000000524382  3.363344124255594  22.271917528618282  9.783896760016871  10.241367029352116  0.000027745639812  0.717307898877147  3.283412599169184  13.320434859122184 -154.590401374738235
        0.000000004089432  3.363344124255594  22.271917528618282  9.783896760016871  10.241367029352116  0.000027730738651  0.717307913778308  3.283412599169184  13.320434859122184 -154.590401374738235
        0.000000003282144  3.363344124255594  22.271917528618282  9.783896760016871  10.241367029352116  0.000027730738651  0.717307898877147  3.283412648095845  13.320434859122184 -154.590401374738235
        0.000000004338425  3.363344124255594  22.271917528618282  9.783896760016871  10.241367029352116  0.000027730738651  0.717307898877147  3.283412599169184  13.320435057612130 -154.590401374738235
        0.000015277700127  3.363344124255594  22.271917528618282  9.783896760016871  10.241367029352116  0.000027730738651  0.717307898877147  3.283412599169184  13.320434859122184 -154.590403678314715
        0.000125785980974  3.363342845909082  22.276398332825334  9.789993691598433  10.239443057985268  0.006214976486774  0.717430625944081  3.283376940649674  13.320428310038738 -154.590401387256605
        0.000000012891901  3.363342896026796  22.276398332825334  9.789993691598433  10.239443057985268  0.006214976486774  0.717430625944081  3.283376940649674  13.320428310038738 -154.590401387256605
        0.000000011635252  3.363342845909082  22.276398664769538  9.789993691598433  10.239443057985268  0.006214976486774  0.717430625944081  3.283376940649674  13.320428310038738 -154.590401387256605
        0.000000001432724  3.363342845909082  22.276398332825334  9.789993837480706  10.239443057985268  0.006214976486774  0.717430625944081  3.283376940649674  13.320428310038738 -154.590401387256605
        0.000000000329136  3.363342845909082  22.276398332825334  9.789993691598433  10.239443210564859  0.006214976486774  0.717430625944081  3.283376940649674  13.320428310038738 -154.590401387256605
        0.000000000524355  3.363342845909082  22.276398332825334  9.789993691598433  10.239443057985268  0.006214991387935  0.717430625944081  3.283376940649674  13.320428310038738 -154.590401387256605
        0.000000004089997  3.363342845909082  22.276398332825334  9.789993691598433  10.239443057985268  0.006214976486774  0.717430640845242  3.283376940649674  13.320428310038738 -154.590401387256605
        0.000000003282960  3.363342845909082  22.276398332825334  9.789993691598433  10.239443057985268  0.006214976486774  0.717430625944081  3.283376989575803  13.320428310038738 -154.590401387256605
        0.000000004338537  3.363342845909082  22.276398332825334  9.789993691598433  10.239443057985268  0.006214976486774  0.717430625944081  3.283376940649674  13.320428508528586 -154.590401387256605
        0.000015277700157  3.363342845909082  22.276398332825334  9.789993691598433  10.239443057985268  0.006214976486774  0.717430625944081  3.283376940649674  13.320428310038738 -154.590403690833085
        0.000015729968249  3.363409774529759  22.275870025055891  9.790526872649419  10.239243029342068  0.000042423434567  0.717517911905477  3.283349747814718  13.318767375974385 -154.590401418480468
        0.000000012892195  3.363409824648471  22.275870025055891  9.790526872649419  10.239243029342068  0.000042423434567  0.717517911905477  3.283349747814718  13.318767375974385 -154.590401418480468
        0.000000011635227  3.363409774529759  22.275870356992222  9.790526872649419  10.239243029342068  0.000042423434567  0.717517911905477  3.283349747814718  13.318767375974385 -154.590401418480468
        0.000000001432985  3.363409774529759  22.275870025055891  9.790527018539638  10.239243029342068  0.000042423434567  0.717517911905477  3.283349747814718  13.318767375974385 -154.590401418480468
        0.000000000329246  3.363409774529759  22.275870025055891  9.790526872649419  10.239243181918679  0.000042423434567  0.717517911905477  3.283349747814718  13.318767375974385 -154.590401418480468
        0.000000000524567  3.363409774529759  22.275870025055891  9.790526872649419  10.239243029342068  0.000042438335728  0.717517911905477  3.283349747814718  13.318767375974385 -154.590401418480468
        0.000000004090844  3.363409774529759  22.275870025055891  9.790526872649419  10.239243029342068  0.000042423434567  0.717517926806638  3.283349747814718  13.318767375974385 -154.590401418480468
        0.000000003282941  3.363409774529759  22.275870025055891  9.790526872649419  10.239243029342068  0.000042423434567  0.717517911905477  3.283349796740442  13.318767375974385 -154.590401418480468
        0.000000004339497  3.363409774529759  22.275870025055891  9.790526872649419  10.239243029342068  0.000042423434567  0.717517911905477  3.283349747814718  13.318767574439486 -154.590401418480468
        0.000015277700157  3.363409774529759  22.275870025055891  9.790526872649419  10.239243029342068  0.000042423434567  0.717517911905477  3.283349747814718  13.318767375974385 -154.590403722056948
        0.000076081916763  3.361470359398820  22.410483105329973  9.521588410167650  10.671303231167579  0.000011801325112  0.714481665899352  3.284473787139900  13.361285673669306 -154.590403552437863
        0.000000012884994  3.361470409488632  22.410483105329973  9.521588410167650  10.671303231167579  0.000011801325112  0.714481665899352  3.284473787139900  13.361285673669306 -154.590403552437863
        0.000000011632150  3.361470359398820  22.410483439272195  9.521588410167650  10.671303231167579  0.000011801325112  0.714481665899352  3.284473787139900  13.361285673669306 -154.590403552437863
        0.000000001437200  3.361470359398820  22.410483105329973  9.521588552050375  10.671303231167579  0.000011801325112  0.714481665899352  3.284473787139900  13.361285673669306 -154.590403552437863
        0.000000000358304  3.361470359398820  22.410483105329973  9.521588410167650  10.671303390182389  0.000011801325112  0.714481665899352  3.284473787139900  13.361285673669306 -154.590403552437863
        0.000000000545639  3.361470359398820  22.410483105329973  9.521588410167650  10.671303231167579  0.000011816226273  0.714481665899352  3.284473787139900  13.361285673669306 -154.590403552437863
        0.000000004115669  3.361470359398820  22.410483105329973  9.521588410167650  10.671303231167579  0.000011801325112  0.714481680800513  3.284473787139900  13.361285673669306 -154.590403552437863
        0.000000003315930  3.361470359398820  22.410483105329973  9.521588410167650  10.671303231167579  0.000011801325112  0.714481665899352  3.284473836082373  13.361285673669306 -154.590403552437863
        0.000000004323390  3.361470359398820  22.410483105329973  9.521588410167650  10.671303231167579  0.000011801325112  0.714481665899352  3.284473787139900  13.361285872767978 -154.590403552437863
        0.000015277701010  3.361470359398820  22.410483105329973  9.521588410167650  10.671303231167579  0.000011801325112  0.714481665899352  3.284473787139900  13.361285673669306 -154.590405856014371
        0.000023713182497  3.361470425733243  22.410911299936046  9.522230712151314  10.671078330366013  0.000605586630423  0.714493740061387  3.284470293023737  13.361280332243199 -154.590403553719852
        0.000000012886309  3.361470475823056  22.410911299936046  9.522230712151314  10.671078330366013  0.000605586630423  0.714493740061387  3.284470293023737  13.361280332243199 -154.590403553719852
        0.000000011633364  3.361470425733243  22.410911633884648  9.522230712151314  10.671078330366013  0.000605586630423  0.714493740061387  3.284470293023737  13.361280332243199 -154.590403553719852
        0.000000001437203  3.361470425733243  22.410911299936046  9.522230854043610  10.671078330366013  0.000605586630423  0.714493740061387  3.284470293023737  13.361280332243199 -154.590403553719852
        0.000000000358280  3.361470425733243  22.410911299936046  9.522230712151314  10.671078489377471  0.000605586630423  0.714493740061387  3.284470293023737  13.361280332243199 -154.590403553719852
        0.000000000545634  3.361470425733243  22.410911299936046  9.522230712151314  10.671078330366013  0.000605601531584  0.714493740061387  3.284470293023737  13.361280332243199 -154.590403553719852
        0.000000004115707  3.361470425733243  22.410911299936046  9.522230712151314  10.671078330366013  0.000605586630423  0.714493754962548  3.284470293023737  13.361280332243199 -154.590403553719852
        0.000000003315996  3.361470425733243  22.410911299936046  9.522230712151314  10.671078330366013  0.000605586630423  0.714493740061387  3.284470341966159  13.361280332243199 -154.590403553719852
        0.000000004323394  3.361470425733243  22.410911299936046  9.522230712151314  10.671078330366013  0.000605586630423  0.714493740061387  3.284470293023737  13.361280531341791 -154.590403553719852
        0.000015277701031  3.361470425733243  22.410911299936046  9.522230712151314  10.671078330366013  0.000605586630423  0.714493740061387  3.284470293023737  13.361280332243199 -154.590405857296361
        0.000236377862301  3.341501396679942  23.883096555275607  9.937220962903163  11.631705957071333  0.000579826402353  0.712166209914493  3.284788225126349  13.835510941024094 -154.590404496947542
        0.000219885163706  3.356727458897175  22.762002743214239  9.450223117155790  11.110383734340337  0.000237009645568  0.712054280564695  3.284816055917868  13.472315230938269 -154.590404466297457
        0.000000012854415  3.356727508916312  22.762002743214239  9.450223117155790  11.110383734340337  0.000237009645568  0.712054280564695  3.284816055917868  13.472315230938269 -154.590404466297457
        0.000000011606411  3.356727458897175  22.762003082394511  9.450223117155790  11.110383734340337  0.000237009645568  0.712054280564695  3.284816055917868  13.472315230938269 -154.590404466297457
        0.000000001439899  3.356727458897175  22.762002743214239  9.450223257975088  11.110383734340337  0.000237009645568  0.712054280564695  3.284816055917868  13.472315230938269 -154.590404466297457
        0.000000000378900  3.356727458897175  22.762002743214239  9.450223117155790  11.110383899897956  0.000237009645568  0.712054280564695  3.284816055917868  13.472315230938269 -154.590404466297457
        0.000000000562019  3.356727458897175  22.762002743214239  9.450223117155790  11.110383734340337  0.000237024546729  0.712054280564695  3.284816055917868  13.472315230938269 -154.590404466297457
        0.000000004137999  3.356727458897175  22.762002743214239  9.450223117155790  11.110383734340337  0.000237009645568  0.712054295465856  3.284816055917868  13.472315230938269 -154.590404466297457
        0.000000003363857  3.356727458897175  22.762002743214239  9.450223117155790  11.110383734340337  0.000237009645568  0.712054280564695  3.284816104865442  13.472315230938269 -154.590404466297457
        0.000000004285073  3.356727458897175  22.762002743214239  9.450223117155790  11.110383734340337  0.000237009645568  0.712054280564695  3.284816055917868  13.472315431691410 -154.590404466297457
        0.000015277701678  3.356727458897175  22.762002743214239  9.450223117155790  11.110383734340337  0.000237009645568  0.712054280564695  3.284816055917868  13.472315230938269 -154.590406769873994
        0.000032025538146  3.356736803220470  22.762268474749487  9.451159169448369  11.109824227567929  0.001119461879255  0.712078047845621  3.284808773680650  13.472083135261357 -154.590404469056892
        0.000000012856898  3.356736853239746  22.762268474749487  9.451159169448369  11.109824227567929  0.001119461879255  0.712078047845621  3.284808773680650  13.472083135261357 -154.590404469056892
        0.000000011608649  3.356736803220470  22.762268813933719  9.451159169448369  11.109824227567929  0.001119461879255  0.712078047845621  3.284808773680650  13.472083135261357 -154.590404469056892
        0.000000001439929  3.356736803220470  22.762268474749487  9.451159310281614  11.109824227567929  0.001119461879255  0.712078047845621  3.284808773680650  13.472083135261357 -154.590404469056892
        0.000000000378879  3.356736803220470  22.762268474749487  9.451159169448369  11.109824393117210  0.001119461879255  0.712078047845621  3.284808773680650  13.472083135261357 -154.590404469056892
        0.000000000562049  3.356736803220470  22.762268474749487  9.451159169448369  11.109824227567929  0.001119476780416  0.712078047845621  3.284808773680650  13.472083135261357 -154.590404469056892
        0.000000004138134  3.356736803220470  22.762268474749487  9.451159169448369  11.109824227567929  0.001119461879255  0.712078062746783  3.284808773680650  13.472083135261357 -154.590404469056892
        0.000000003363966  3.356736803220470  22.762268474749487  9.451159169448369  11.109824227567929  0.001119461879255  0.712078047845621  3.284808822628115  13.472083135261357 -154.590404469056892
        0.000000004285154  3.356736803220470  22.762268474749487  9.451159169448369  11.109824227567929  0.001119461879255  0.712078047845621  3.284808773680650  13.472083336011039 -154.590404469056892
        0.000015277701708  3.356736803220470  22.762268474749487  9.451159169448369  11.109824227567929  0.001119461879255  0.712078047845621  3.284808773680650  13.472083135261357 -154.590406772633429
        0.000014420050034  3.357286685606011  22.722468098431353  9.425136515738462  11.098901406046116  0.000013872926843  0.712043444103139  3.284845061211303  13.459137305621129 -154.590404528392071
        0.000000012861114  3.357286735633481  22.722468098431353  9.425136515738462  11.098901406046116  0.000013872926843  0.712043444103139  3.284845061211303  13.459137305621129 -154.590404528392071
        0.000000011612559  3.357286685606011  22.722468437022513  9.425136515738462  11.098901406046116  0.000013872926843  0.712043444103139  3.284845061211303  13.459137305621129 -154.590404528392071
        0.000000001440184  3.357286685606011  22.722468098431353  9.425136656183941  11.098901406046116  0.000013872926843  0.712043444103139  3.284845061211303  13.459137305621129 -154.590404528392071
        0.000000000379640  3.357286685606011  22.722468098431353  9.425136515738462  11.098901571432634  0.000013872926843  0.712043444103139  3.284845061211303  13.459137305621129 -154.590404528392071
        0.000000000562314  3.357286685606011  22.722468098431353  9.425136515738462  11.098901406046116  0.000013887828005  0.712043444103139  3.284845061211303  13.459137305621129 -154.590404528392071
        0.000000004138532  3.357286685606011  22.722468098431353  9.425136515738462  11.098901406046116  0.000013872926843  0.712043459004300  3.284845061211303  13.459137305621129 -154.590404528392071
        0.000000003360925  3.357286685606011  22.722468098431353  9.425136515738462  11.098901406046116  0.000013872926843  0.712043444103139  3.284845110159309  13.459137305621129 -154.590404528392071
        0.000000004289762  3.357286685606011  22.722468098431353  9.425136515738462  11.098901406046116  0.000013872926843  0.712043444103139  3.284845061211303  13.459137506177903 -154.590404528392071
        0.000015277701635  3.357286685606011  22.722468098431353  9.425136515738462  11.098901406046116  0.000013872926843  0.712043444103139  3.284845061211303  13.459137305621129 -154.590406831968608
        0.000015536082386  3.352546958792011  23.076159018985919  9.580918594919703  11.259946089375733  0.000004403383179  0.712152512616582  3.284844269908069  13.573298656231632 -154.590404484032405
        0.000011348534072  3.356101488453278  22.810823015594945  9.470472434527665  11.130835693012834  0.000006949680756  0.712147734942540  3.284848530865118  13.487781550670892 -154.590404495837220
        0.000000671934744  3.356993100985413  22.744269260671047  9.442236324772550  11.099104748319695  0.000010576985750  0.712140700299938  3.284850406053818  13.466325406362232 -154.590404501004485
        0.000000012859420  3.356993151008508  22.744269260671047  9.442236324772550  11.099104748319695  0.000010576985750  0.712140700299938  3.284850406053818  13.466325406362232 -154.590404501004485
        0.000000011610894  3.356993100985413  22.744269599587071  9.442236324772550  11.099104748319695  0.000010576985750  0.712140700299938  3.284850406053818  13.466325406362232 -154.590404501004485
        0.000000001440070  3.356993100985413  22.744269260671047  9.442236465472835  11.099104748319695  0.000010576985750  0.712140700299938  3.284850406053818  13.466325406362232 -154.590404501004485
        0.000000000378868  3.356993100985413  22.744269260671047  9.442236324772550  11.099104913709244  0.000010576985750  0.712140700299938  3.284850406053818  13.466325406362232 -154.590404501004485
        0.000000000561890  3.356993100985413  22.744269260671047  9.442236324772550  11.099104748319695  0.000010591886911  0.712140700299938  3.284850406053818  13.466325406362232 -154.590404501004485
        0.000000004137836  3.356993100985413  22.744269260671047  9.442236324772550  11.099104748319695  0.000010576985750  0.712140715201100  3.284850406053818  13.466325406362232 -154.590404501004485
        0.000000003362099  3.356993100985413  22.744269260671047  9.442236324772550  11.099104748319695  0.000010576985750  0.712140700299938  3.284850455001904  13.466325406362232 -154.590404501004485
        0.000000004287413  3.356993100985413  22.744269260671047  9.442236324772550  11.099104748319695  0.000010576985750  0.712140700299938  3.284850406053818  13.466325607026118 -154.590404501004485
        0.000015277701631  3.356993100985413  22.744269260671047  9.442236324772550  11.099104748319695  0.000010576985750  0.712140700299938  3.284850406053818  13.466325406362232 -154.590406804581022
2023-06-01 19:19:34.182605
