/projects/wagner/highthroughput/mick_graphene_paper/3_data/kc_fitting_dft
2022-08-18 01:48:05.571477
energy_inf: -154.89183204249554
     2536.019385218373827  3.416084000000000  20.021583000000000  10.905510700000001  4.275635400000000  0.010010836000000  0.844712200000000  2.936058400000000  14.313258800000000 -154.891832042495537
        0.000000018717218  3.416084050903618  20.021583000000000  10.905510700000001  4.275635400000000  0.010010836000000  0.844712200000000  2.936058400000000  14.313258800000000 -154.891832042495537
        0.000000019282189  3.416084000000000  20.021583298344837  10.905510700000001  4.275635400000000  0.010010836000000  0.844712200000000  2.936058400000000  14.313258800000000 -154.891832042495537
        0.000000002760085  3.416084000000000  20.021583000000000  10.905510862504773  4.275635400000000  0.010010836000000  0.844712200000000  2.936058400000000  14.313258800000000 -154.891832042495537
        0.000000000499340  3.416084000000000  20.021583000000000  10.905510700000001  4.275635463711932  0.010010836000000  0.844712200000000  2.936058400000000  14.313258800000000 -154.891832042495537
        0.000000000455390  3.416084000000000  20.021583000000000  10.905510700000001  4.275635400000000  0.010010850901161  0.844712200000000  2.936058400000000  14.313258800000000 -154.891832042495537
        0.000000007626080  3.416084000000000  20.021583000000000  10.905510700000001  4.275635400000000  0.010010836000000  0.844712214901161  2.936058400000000  14.313258800000000 -154.891832042495537
        0.000000008542471  3.416084000000000  20.021583000000000  10.905510700000001  4.275635400000000  0.010010836000000  0.844712200000000  2.936058443750679  14.313258800000000 -154.891832042495537
        0.000000009622645  3.416084000000000  20.021583000000000  10.905510700000001  4.275635400000000  0.010010836000000  0.844712200000000  2.936058400000000  14.313259013284176 -154.891832042495537
        0.000037775266475  3.416084000000000  20.021583000000000  10.905510700000001  4.275635400000000  0.010010836000000  0.844712200000000  2.936058400000000  14.313258800000000 -154.891834350563698
        0.111514372298828  3.318295031796250  10.159713876936983  4.642422438576281  8.763409130532477  16.281198788295029  0.328089545174395  2.939369616177892  14.178286237625503 -154.891569472826603
        0.077455091648953  3.307559768082213  19.359649637914600  10.154173269190515  6.751731717942501  4.388322911826372  0.634156975902222  2.914819832189349  14.163752965951936 -154.891565909637762
        0.000000017116838  3.307559817368694  19.359649637914600  10.154173269190515  6.751731717942501  4.388322911826372  0.634156975902222  2.914819832189349  14.163752965951936 -154.891565909637762
        0.000000017819108  3.307559768082213  19.359649926395861  10.154173269190515  6.751731717942501  4.388322911826372  0.634156975902222  2.914819832189349  14.163752965951936 -154.891565909637762
        0.000000001892345  3.307559768082213  19.359649637914600  10.154173420499488  6.751731717942501  4.388322911826372  0.634156975902222  2.914819832189349  14.163752965951936 -154.891565909637762
        0.000000000178027  3.307559768082213  19.359649637914600  10.154173269190515  6.751731818551144  4.388322911826372  0.634156975902222  2.914819832189349  14.163752965951936 -154.891565909637762
        0.000000000624940  3.307559768082213  19.359649637914600  10.154173269190515  6.751731717942501  4.388322977217479  0.634156975902222  2.914819832189349  14.163752965951936 -154.891565909637762
        0.000000004823528  3.307559768082213  19.359649637914600  10.154173269190515  6.751731717942501  4.388322911826372  0.634156990803383  2.914819832189349  14.163752965951936 -154.891565909637762
        0.000000007944281  3.307559768082213  19.359649637914600  10.154173269190515  6.751731717942501  4.388322911826372  0.634156975902222  2.914819875623549  14.163752965951936 -154.891565909637762
        0.000000006119662  3.307559768082213  19.359649637914600  10.154173269190515  6.751731717942501  4.388322911826372  0.634156975902222  2.914819832189349  14.163753177008301 -154.891565909637762
        0.000037776944526  3.307559768082213  19.359649637914600  10.154173269190515  6.751731717942501  4.388322911826372  0.634156975902222  2.914819832189349  14.163752965951936 -154.891568217701945
        0.012441627960116  3.276938825337853  23.491640374366398  13.091842174497197  5.221850469987745  0.023841020411530  0.750646024088071  3.071326688420001  14.072698099686965 -154.891216671822804
        0.008276785570454  3.283165374018631  20.219217084373284  10.431117657454060  7.444285912432260  3.110825380609890  0.633495234442678  3.117962178454265  13.953047401274741 -154.890864208305828
        0.000000017854161  3.283165422941607  20.219217084373284  10.431117657454060  7.444285912432260  3.110825380609890  0.633495234442678  3.117962178454265  13.953047401274741 -154.890864208305828
        0.000000018489421  3.283165374018631  20.219217385663097  10.431117657454060  7.444285912432260  3.110825380609890  0.633495234442678  3.117962178454265  13.953047401274741 -154.890864208305828
        0.000000001843739  3.283165374018631  20.219217084373284  10.431117812889825  7.444285912432260  3.110825380609890  0.633495234442678  3.117962178454265  13.953047401274741 -154.890864208305828
        0.000000000188678  3.283165374018631  20.219217084373284  10.431117657454060  7.444286023360765  3.110825380609890  0.633495234442678  3.117962178454265  13.953047401274741 -154.890864208305828
        0.000000000307657  3.283165374018631  20.219217084373284  10.431117657454060  7.444285912432260  3.110825426964800  0.633495234442678  3.117962178454265  13.953047401274741 -154.890864208305828
        0.000000004892482  3.283165374018631  20.219217084373284  10.431117657454060  7.444285912432260  3.110825380609890  0.633495249343839  3.117962178454265  13.953047401274741 -154.890864208305828
        0.000000007237263  3.283165374018631  20.219217084373284  10.431117657454060  7.444285912432260  3.110825380609890  0.633495234442678  3.117962224915523  13.953047401274741 -154.890864208305828
        0.000000005949390  3.283165374018631  20.219217084373284  10.431117657454060  7.444285912432260  3.110825380609890  0.633495234442678  3.117962178454265  13.953047609191350 -154.890864208305828
        0.000037777217065  3.283165374018631  20.219217084373284  10.431117657454060  7.444285912432260  3.110825380609890  0.633495234442678  3.117962178454265  13.953047401274741 -154.890866516359551
        0.003436447664077  3.283595843414029  20.225627013273762  10.651636829225595  7.612738030195444  3.014851495087689  0.627062340113917  3.246087930423523  13.988481714481496 -154.890414143882253
        0.000000018467949  3.283595892343420  20.225627013273762  10.651636829225595  7.612738030195444  3.014851495087689  0.627062340113917  3.246087930423523  13.988481714481496 -154.890414143882253
        0.000000018986414  3.283595843414029  20.225627314659089  10.651636829225595  7.612738030195444  3.014851495087689  0.627062340113917  3.246087930423523  13.988481714481496 -154.890414143882253
        0.000000001848705  3.283595843414029  20.225627013273762  10.651636987947352  7.612738030195444  3.014851495087689  0.627062340113917  3.246087930423523  13.988481714481496 -154.890414143882253
        0.000000000181225  3.283595843414029  20.225627013273762  10.651636829225595  7.612738143634080  3.014851495087689  0.627062340113917  3.246087930423523  13.988481714481496 -154.890414143882253
        0.000000000305376  3.283595843414029  20.225627013273762  10.651636829225595  7.612738030195444  3.014851540012477  0.627062340113917  3.246087930423523  13.988481714481496 -154.890414143882253
        0.000000004829621  3.283595843414029  20.225627013273762  10.651636829225595  7.612738030195444  3.014851495087689  0.627062355015078  3.246087930423523  13.988481714481496 -154.890414143882253
        0.000000007003460  3.283595843414029  20.225627013273762  10.651636829225595  7.612738030195444  3.014851495087689  0.627062340113917  3.246087978794002  13.988481714481496 -154.890414143882253
        0.000000006087022  3.283595843414029  20.225627013273762  10.651636829225595  7.612738030195444  3.014851495087689  0.627062340113917  3.246087930423523  13.988481922926118 -154.890414143882253
        0.000037777083142  3.283595843414029  20.225627013273762  10.651636829225595  7.612738030195444  3.014851495087689  0.627062340113917  3.246087930423523  13.988481714481496 -154.890416451929269
        0.001032643211096  3.279861378751121  21.018288935405412  9.942013729159722  8.715950761269275  2.629364802631999  0.635627353356768  3.244854293848275  14.281665264374144 -154.890140799856994
        0.000000018732519  3.279861427624865  21.018288935405412  9.942013729159722  8.715950761269275  2.629364802631999  0.635627353356768  3.244854293848275  14.281665264374144 -154.890140799856994
        0.000000019284977  3.279861378751121  21.018289248602322  9.942013729159722  8.715950761269275  2.629364802631999  0.635627353356768  3.244854293848275  14.281665264374144 -154.890140799856994
        0.000000001908585  3.279861378751121  21.018288935405412  9.942013877307271  8.715950761269275  2.629364802631999  0.635627353356768  3.244854293848275  14.281665264374144 -154.890140799856994
        0.000000000286751  3.279861378751121  21.018288935405412  9.942013729159722  8.715950891147061  2.629364802631999  0.635627353356768  3.244854293848275  14.281665264374144 -154.890140799856994
        0.000000000333645  3.279861378751121  21.018288935405412  9.942013729159722  8.715950761269275  2.629364841812587  0.635627353356768  3.244854293848275  14.281665264374144 -154.890140799856994
        0.000000005127994  3.279861378751121  21.018288935405412  9.942013729159722  8.715950761269275  2.629364802631999  0.635627368257929  3.244854293848275  14.281665264374144 -154.890140799856994
        0.000000007228716  3.279861378751121  21.018288935405412  9.942013729159722  8.715950761269275  2.629364802631999  0.635627353356768  3.244854342200372  14.281665264374144 -154.890140799856994
        0.000000006177681  3.279861378751121  21.018288935405412  9.942013729159722  8.715950761269275  2.629364802631999  0.635627353356768  3.244854293848275  14.281665477187540 -154.890140799856994
        0.000037776914649  3.279861378751121  21.018288935405412  9.942013729159722  8.715950761269275  2.629364802631999  0.635627353356768  3.244854293848275  14.281665264374144 -154.890143107899945
        0.000390606202942  3.275088710839965  21.617115780683246  8.906432888383067  10.275121943037135  2.239665946103597  0.631264682153978  3.257597200966668  14.320903078882512 -154.890193513593687
        0.000000018765772  3.275088759642590  21.617115780683246  8.906432888383067  10.275121943037135  2.239665946103597  0.631264682153978  3.257597200966668  14.320903078882512 -154.890193513593687
        0.000000019318219  3.275088710839965  21.617116102803372  8.906432888383067  10.275121943037135  2.239665946103597  0.631264682153978  3.257597200966668  14.320903078882512 -154.890193513593687
        0.000000001947548  3.275088710839965  21.617115780683246  8.906433021099259  10.275121943037135  2.239665946103597  0.631264682153978  3.257597200966668  14.320903078882512 -154.890193513593687
        0.000000000440471  3.275088710839965  21.617115780683246  8.906432888383067  10.275122096148383  2.239665946103597  0.631264682153978  3.257597200966668  14.320903078882512 -154.890193513593687
        0.000000000469268  3.275088710839965  21.617115780683246  8.906432888383067  10.275121943037135  2.239665979477220  0.631264682153978  3.257597200966668  14.320903078882512 -154.890193513593687
        0.000000005352065  3.275088710839965  21.617115780683246  8.906432888383067  10.275121943037135  2.239665946103597  0.631264697055140  3.257597200966668  14.320903078882512 -154.890193513593687
        0.000000007325945  3.275088710839965  21.617115780683246  8.906432888383067  10.275121943037135  2.239665946103597  0.631264682153978  3.257597249508649  14.320903078882512 -154.890193513593687
        0.000000006159324  3.275088710839965  21.617115780683246  8.906432888383067  10.275121943037135  2.239665946103597  0.631264682153978  3.257597200966668  14.320903292280597 -154.890193513593687
        0.000037776971761  3.275088710839965  21.617115780683246  8.906432888383067  10.275121943037135  2.239665946103597  0.631264682153978  3.257597200966668  14.320903078882512 -154.890195821637434
        0.001677348667003  3.280511681728751  22.624848542040251  8.766565982309556  10.850488837862818  0.000488241712485  0.665379241298437  3.287784842299376  13.894492583495078 -154.890389744929081
        0.000000018656288  3.280511730612185  22.624848542040251  8.766565982309556  10.850488837862818  0.000488241712485  0.665379241298437  3.287784842299376  13.894492583495078 -154.890389744929081
        0.000000019256893  3.280511681728751  22.624848879176767  8.766565982309556  10.850488837862818  0.000488241712485  0.665379241298437  3.287784842299376  13.894492583495078 -154.890389744929081
        0.000000002093176  3.280511681728751  22.624848542040251  8.766566112941570  10.850488837862818  0.000488241712485  0.665379241298437  3.287784842299376  13.894492583495078 -154.890389744929081
        0.000000000532029  3.280511681728751  22.624848542040251  8.766565982309556  10.850488999547700  0.000488241712485  0.665379241298437  3.287784842299376  13.894492583495078 -154.890389744929081
        0.000000000754680  3.280511681728751  22.624848542040251  8.766565982309556  10.850488837862818  0.000488256613646  0.665379241298437  3.287784842299376  13.894492583495078 -154.890389744929081
        0.000000006089066  3.280511681728751  22.624848542040251  8.766565982309556  10.850488837862818  0.000488241712485  0.665379256199598  3.287784842299376  13.894492583495078 -154.890389744929081
        0.000000007425458  3.280511681728751  22.624848542040251  8.766565982309556  10.850488837862818  0.000488241712485  0.665379241298437  3.287784891291188  13.894492583495078 -154.890389744929081
        0.000000006375512  3.280511681728751  22.624848542040251  8.766565982309556  10.850488837862818  0.000488241712485  0.665379241298437  3.287784842299376  13.894492790539152 -154.890389744929081
        0.000037777167059  3.280511681728751  22.624848542040251  8.766565982309556  10.850488837862818  0.000488241712485  0.665379241298437  3.287784842299376  13.894492583495078 -154.890392052975756
        0.001121802707406  3.282006356268834  22.501077331668668  8.783441048845763  11.003955174488624  0.000480587306029  0.660549365935498  3.287588373213318  13.859811376717763 -154.890396262084579
        0.000000018713991  3.282006405174539  22.501077331668668  8.783441048845763  11.003955174488624  0.000480587306029  0.660549365935498  3.287588373213318  13.859811376717763 -154.890396262084579
        0.000000019320647  3.282006356268834  22.501077666960850  8.783441048845763  11.003955174488624  0.000480587306029  0.660549365935498  3.287588373213318  13.859811376717763 -154.890396262084579
        0.000000002089038  3.282006356268834  22.501077331668668  8.783441179729234  11.003955174488624  0.000480587306029  0.660549365935498  3.287588373213318  13.859811376717763 -154.890396262084579
        0.000000000541443  3.282006356268834  22.501077331668668  8.783441048845763  11.003955338460333  0.000480587306029  0.660549365935498  3.287588373213318  13.859811376717763 -154.890396262084579
        0.000000000765119  3.282006356268834  22.501077331668668  8.783441048845763  11.003955174488624  0.000480602207190  0.660549365935498  3.287588373213318  13.859811376717763 -154.890396262084579
        0.000000006117555  3.282006356268834  22.501077331668668  8.783441048845763  11.003955174488624  0.000480587306029  0.660549380836659  3.287588373213318  13.859811376717763 -154.890396262084579
        0.000000007425984  3.282006356268834  22.501077331668668  8.783441048845763  11.003955174488624  0.000480587306029  0.660549365935498  3.287588422202202  13.859811376717763 -154.890396262084579
        0.000000006406193  3.282006356268834  22.501077331668668  8.783441048845763  11.003955174488624  0.000480587306029  0.660549365935498  3.287588373213318  13.859811583245047 -154.890396262084579
        0.000037777166766  3.282006356268834  22.501077331668668  8.783441048845763  11.003955174488624  0.000480587306029  0.660549365935498  3.287588373213318  13.859811376717763 -154.890398570131339
        0.000167693735976  3.281818268818521  22.463562905257781  8.337374747599013  11.449619094401990  0.000067915969464  0.655503000769789  3.297822157003908  13.803706431320443 -154.890441825382624
        0.000000018694580  3.281818317721424  22.463562905257781  8.337374747599013  11.449619094401990  0.000067915969464  0.655503000769789  3.297822157003908  13.803706431320443 -154.890441825382624
        0.000000019282456  3.281818268818521  22.463563239990954  8.337374747599013  11.449619094401990  0.000067915969464  0.655503000769789  3.297822157003908  13.803706431320443 -154.890441825382624
        0.000000002089697  3.281818268818521  22.463562905257781  8.337374871835578  11.449619094401990  0.000067915969464  0.655503000769789  3.297822157003908  13.803706431320443 -154.890441825382624
        0.000000000591643  3.281818268818521  22.463562905257781  8.337374747599013  11.449619265014610  0.000067915969464  0.655503000769789  3.297822157003908  13.803706431320443 -154.890441825382624
        0.000000000795212  3.281818268818521  22.463562905257781  8.337374747599013  11.449619094401990  0.000067930870626  0.655503000769789  3.297822157003908  13.803706431320443 -154.890441825382624
        0.000000006112667  3.281818268818521  22.463562905257781  8.337374747599013  11.449619094401990  0.000067915969464  0.655503015670950  3.297822157003908  13.803706431320443 -154.890441825382624
        0.000000007404045  3.281818268818521  22.463562905257781  8.337374747599013  11.449619094401990  0.000067915969464  0.655503000769789  3.297822206145288  13.803706431320443 -154.890441825382624
        0.000000006387177  3.281818268818521  22.463562905257781  8.337374747599013  11.449619094401990  0.000067915969464  0.655503000769789  3.297822157003908  13.803706637011697 -154.890441825382624
        0.000037777209493  3.281818268818521  22.463562905257781  8.337374747599013  11.449619094401990  0.000067915969464  0.655503000769789  3.297822157003908  13.803706431320443 -154.890444133430066
        0.000208188218740  3.286538167054888  22.097025703170903  6.878701088408033  12.548223350527520  0.000010104281641  0.645887170205115  3.305368642073715  13.641715088241058 -154.890473254940588
        0.000000018665667  3.286538216028123  22.097025703170903  6.878701088408033  12.548223350527520  0.000010104281641  0.645887170205115  3.305368642073715  13.641715088241058 -154.890473254940588
        0.000000019226819  3.286538167054888  22.097026032442244  6.878701088408033  12.548223350527520  0.000010104281641  0.645887170205115  3.305368642073715  13.641715088241058 -154.890473254940588
        0.000000002105383  3.286538167054888  22.097025703170903  6.878701190908667  12.548223350527520  0.000010104281641  0.645887170205115  3.305368642073715  13.641715088241058 -154.890473254940588
        0.000000000749440  3.286538167054888  22.097025703170903  6.878701088408033  12.548223537510619  0.000010104281641  0.645887170205115  3.305368642073715  13.641715088241058 -154.890473254940588
        0.000000000887934  3.286538167054888  22.097025703170903  6.878701088408033  12.548223350527520  0.000010119182802  0.645887170205115  3.305368642073715  13.641715088241058 -154.890473254940588
        0.000000006162684  3.286538167054888  22.097025703170903  6.878701088408033  12.548223350527520  0.000010104281641  0.645887185106277  3.305368642073715  13.641715088241058 -154.890473254940588
        0.000000007392599  3.286538167054888  22.097025703170903  6.878701088408033  12.548223350527520  0.000010104281641  0.645887170205115  3.305368691327546  13.641715088241058 -154.890473254940588
        0.000000006425855  3.286538167054888  22.097025703170903  6.878701088408033  12.548223350527520  0.000010104281641  0.645887170205115  3.305368642073715  13.641715291518453 -154.890473254940588
        0.000037777239680  3.286538167054888  22.097025703170903  6.878701088408033  12.548223350527520  0.000010104281641  0.645887170205115  3.305368642073715  13.641715088241058 -154.890475562988485
        0.000140206416131  3.282961413769736  22.351589416193722  6.156343179662012  13.373920260351349  0.000004824668021  0.641563965902351  3.309337819430296  13.710580231286064 -154.890488520741286
        0.000000018676002  3.282961462689673  22.351589416193722  6.156343179662012  13.373920260351349  0.000004824668021  0.641563965902351  3.309337819430296  13.710580231286064 -154.890488520741286
        0.000000019230606  3.282961413769736  22.351589749258359  6.156343179662012  13.373920260351349  0.000004824668021  0.641563965902351  3.309337819430296  13.710580231286064 -154.890488520741286
        0.000000002115293  3.282961413769736  22.351589416193722  6.156343271398674  13.373920260351349  0.000004824668021  0.641563965902351  3.309337819430296  13.710580231286064 -154.890488520741286
        0.000000000837010  3.282961413769736  22.351589416193722  6.156343179662012  13.373920459638290  0.000004824668021  0.641563965902351  3.309337819430296  13.710580231286064 -154.890488520741286
        0.000000000940166  3.282961413769736  22.351589416193722  6.156343179662012  13.373920260351349  0.000004839569183  0.641563965902351  3.309337819430296  13.710580231286064 -154.890488520741286
        0.000000006182911  3.282961413769736  22.351589416193722  6.156343179662012  13.373920260351349  0.000004824668021  0.641563980803512  3.309337819430296  13.710580231286064 -154.890488520741286
        0.000000007436451  3.282961413769736  22.351589416193722  6.156343179662012  13.373920260351349  0.000004824668021  0.641563965902351  3.309337868743272  13.710580231286064 -154.890488520741286
        0.000000006382536  3.282961413769736  22.351589416193722  6.156343179662012  13.373920260351349  0.000004824668021  0.641563965902351  3.309337819430296  13.710580435589630 -154.890488520741286
        0.000037777254071  3.282961413769736  22.351589416193722  6.156343179662012  13.373920260351349  0.000004824668021  0.641563965902351  3.309337819430296  13.710580231286064 -154.890490828789410
        0.000067197204526  3.282961251901605  22.352341395250718  6.157370255745183  13.373754317014670  0.001153527148345  0.641582882985728  3.309346188002051  13.710485821526991 -154.890488591572165
        0.000000018673879  3.282961300821540  22.352341395250718  6.157370255745183  13.373754317014670  0.001153527148345  0.641582882985728  3.309346188002051  13.710485821526991 -154.890488591572165
        0.000000019228017  3.282961251901605  22.352341728326561  6.157370255745183  13.373754317014670  0.001153527148345  0.641582882985728  3.309346188002051  13.710485821526991 -154.890488591572165
        0.000000002115361  3.282961251901605  22.352341395250718  6.157370347497150  13.373754317014670  0.001153527148345  0.641582882985728  3.309346188002051  13.710485821526991 -154.890488591572165
        0.000000000837011  3.282961251901605  22.352341395250718  6.157370255745183  13.373754516299138  0.001153527148345  0.641582882985728  3.309346188002051  13.710485821526991 -154.890488591572165
        0.000000000940196  3.282961251901605  22.352341395250718  6.157370255745183  13.373754317014670  0.001153542049506  0.641582882985728  3.309346188002051  13.710485821526991 -154.890488591572165
        0.000000006183199  3.282961251901605  22.352341395250718  6.157370255745183  13.373754317014670  0.001153527148345  0.641582897886889  3.309346188002051  13.710485821526991 -154.890488591572165
        0.000000007437136  3.282961251901605  22.352341395250718  6.157370255745183  13.373754317014670  0.001153527148345  0.641582882985728  3.309346237315153  13.710485821526991 -154.890488591572165
        0.000000006382077  3.282961251901605  22.352341395250718  6.157370255745183  13.373754317014670  0.001153527148345  0.641582882985728  3.309346188002051  13.710486025829150 -154.890488591572165
        0.000037777254109  3.282961251901605  22.352341395250718  6.157370255745183  13.373754317014670  0.001153527148345  0.641582882985728  3.309346188002051  13.710485821526991 -154.890490899620289
        0.000560765939443  3.257794061050704  24.179577717594118  4.860996231206355  16.033469815087944  0.000458893836735  0.631172249554209  3.320768587123825  14.276333672370564 -154.890536916155725
        0.000555692113333  3.281986522729409  22.406860747473214  5.088080367308610  14.345325887501231  0.000095548704042  0.635475022291382  3.315715076971317  13.699298315957394 -154.890515021452103
        0.000000018669139  3.281986571634819  22.406860747473214  5.088080367308610  14.345325887501231  0.000095548704042  0.635475022291382  3.315715076971317  13.699298315957394 -154.890515021452103
        0.000000019209370  3.281986522729409  22.406861081361459  5.088080367308610  14.345325887501231  0.000095548704042  0.635475022291382  3.315715076971317  13.699298315957394 -154.890515021452103
        0.000000002127525  3.281986522729409  22.406860747473214  5.088080443126915  14.345325887501231  0.000095548704042  0.635475022291382  3.315715076971317  13.699298315957394 -154.890515021452103
        0.000000000954754  3.281986522729409  22.406860747473214  5.088080367308610  14.345326101263245  0.000095548704042  0.635475022291382  3.315715076971317  13.699298315957394 -154.890515021452103
        0.000000001007895  3.281986522729409  22.406860747473214  5.088080367308610  14.345325887501231  0.000095563605204  0.635475022291382  3.315715076971317  13.699298315957394 -154.890515021452103
        0.000000006202711  3.281986522729409  22.406860747473214  5.088080367308610  14.345325887501231  0.000095548704042  0.635475037192543  3.315715076971317  13.699298315957394 -154.890515021452103
        0.000000007450981  3.281986522729409  22.406860747473214  5.088080367308610  14.345325887501231  0.000095548704042  0.635475022291382  3.315715126379322  13.699298315957394 -154.890515021452103
        0.000000006362656  3.281986522729409  22.406860747473214  5.088080367308610  14.345325887501231  0.000095548704042  0.635475022291382  3.315715076971317  13.699298520092846 -154.890515021452103
        0.000037777279093  3.281986522729409  22.406860747473214  5.088080367308610  14.345325887501231  0.000095548704042  0.635475022291382  3.315715076971317  13.699298315957394 -154.890517329500625
        0.000061631974231  3.281990016461716  22.407255677374312  5.088551058919770  14.345359323874710  0.000949470082677  0.635489375200357  3.315726353764259  13.699101338492548 -154.890515100655648
        0.000000018667341  3.281990065367179  22.407255677374312  5.088551058919770  14.345359323874710  0.000949470082677  0.635489375200357  3.315726353764259  13.699101338492548 -154.890515100655648
        0.000000019207232  3.281990016461716  22.407256011268441  5.088551058919770  14.345359323874710  0.000949470082677  0.635489375200357  3.315726353764259  13.699101338492548 -154.890515100655648
        0.000000002127585  3.281990016461716  22.407255677374312  5.088551134745090  14.345359323874710  0.000949470082677  0.635489375200357  3.315726353764259  13.699101338492548 -154.890515100655648
        0.000000000954762  3.281990016461716  22.407255677374312  5.088551058919770  14.345359537637222  0.000949470082677  0.635489375200357  3.315726353764259  13.699101338492548 -154.890515100655648
        0.000000001007933  3.281990016461716  22.407255677374312  5.088551058919770  14.345359323874710  0.000949484983838  0.635489375200357  3.315726353764259  13.699101338492548 -154.890515100655648
        0.000000006203011  3.281990016461716  22.407255677374312  5.088551058919770  14.345359323874710  0.000949470082677  0.635489390101518  3.315726353764259  13.699101338492548 -154.890515100655648
        0.000000007451539  3.281990016461716  22.407255677374312  5.088551058919770  14.345359323874710  0.000949470082677  0.635489375200357  3.315726403172432  13.699101338492548 -154.890515100655648
        0.000000006362329  3.281990016461716  22.407255677374312  5.088551058919770  14.345359323874710  0.000949470082677  0.635489375200357  3.315726353764259  13.699101542625066 -154.890515100655648
        0.000037777279185  3.281990016461716  22.407255677374312  5.088551058919770  14.345359323874710  0.000949470082677  0.635489375200357  3.315726353764259  13.699101338492548 -154.890517408704170
        0.000095157152590  3.277692269881765  22.717527282716755  4.509972533714974  15.067822854656665  0.000560033281321  0.632482950913767  3.319043356555737  13.788214233773694 -154.890528794813207
        0.000000018677321  3.277692318723186  22.717527282716755  4.509972533714974  15.067822854656665  0.000560033281321  0.632482950913767  3.319043356555737  13.788214233773694 -154.890528794813207
        0.000000019214119  3.277692269881765  22.717527621234293  4.509972533714974  15.067822854656665  0.000560033281321  0.632482950913767  3.319043356555737  13.788214233773694 -154.890528794813207
        0.000000002134871  3.277692269881765  22.717527282716755  4.509972600918801  15.067822854656665  0.000560033281321  0.632482950913767  3.319043356555737  13.788214233773694 -154.890528794813207
        0.000000001021306  3.277692269881765  22.717527282716755  4.509972533714974  15.067823079184722  0.000560033281321  0.632482950913767  3.319043356555737  13.788214233773694 -154.890528794813207
        0.000000001047329  3.277692269881765  22.717527282716755  4.509972533714974  15.067822854656665  0.000560048182483  0.632482950913767  3.319043356555737  13.788214233773694 -154.890528794813207
        0.000000006211962  3.277692269881765  22.717527282716755  4.509972533714974  15.067822854656665  0.000560033281321  0.632482965814929  3.319043356555737  13.788214233773694 -154.890528794813207
        0.000000007492029  3.277692269881765  22.717527282716755  4.509972533714974  15.067822854656665  0.000560033281321  0.632482950913767  3.319043406013337  13.788214233773694 -154.890528794813207
        0.000000006311822  3.277692269881765  22.717527282716755  4.509972533714974  15.067822854656665  0.000560033281321  0.632482950913767  3.319043356555737  13.788214439234096 -154.890528794813207
        0.000037777292652  3.277692269881765  22.717527282716755  4.509972533714974  15.067822854656665  0.000560033281321  0.632482950913767  3.319043356555737  13.788214233773694 -154.890531102861956
        0.000046147342709  3.277695627841070  22.717846117825836  4.510751321382739  15.067561508814679  0.000353154621108  0.632496467931654  3.319052624065542  13.788037311320066 -154.890528861484938
        0.000000018676647  3.277695676682541  22.717846117825836  4.510751321382739  15.067561508814679  0.000353154621108  0.632496467931654  3.319052624065542  13.788037311320066 -154.890528861484938
        0.000000019213337  3.277695627841070  22.717846456348123  4.510751321382739  15.067561508814679  0.000353154621108  0.632496467931654  3.319052624065542  13.788037311320066 -154.890528861484938
        0.000000002134911  3.277695627841070  22.717846117825836  4.510751388598171  15.067561508814679  0.000353154621108  0.632496467931654  3.319052624065542  13.788037311320066 -154.890528861484938
        0.000000001021275  3.277695627841070  22.717846117825836  4.510751321382739  15.067561733338842  0.000353154621108  0.632496467931654  3.319052624065542  13.788037311320066 -154.890528861484938
        0.000000001047346  3.277695627841070  22.717846117825836  4.510751321382739  15.067561508814679  0.000353169522269  0.632496467931654  3.319052624065542  13.788037311320066 -154.890528861484938
        0.000000006212190  3.277695627841070  22.717846117825836  4.510751321382739  15.067561508814679  0.000353154621108  0.632496482832815  3.319052624065542  13.788037311320066 -154.890528861484938
        0.000000007492243  3.277695627841070  22.717846117825836  4.510751321382739  15.067561508814679  0.000353154621108  0.632496467931654  3.319052673523280  13.788037311320066 -154.890528861484938
        0.000000006311791  3.277695627841070  22.717846117825836  4.510751321382739  15.067561508814679  0.000353154621108  0.632496467931654  3.319052624065542  13.788037516777832 -154.890528861484938
        0.000037777292738  3.277695627841070  22.717846117825836  4.510751321382739  15.067561508814679  0.000353154621108  0.632496467931654  3.319052624065542  13.788037311320066 -154.890531169533688
        0.000117305282410  3.267846423906875  23.444723152765754  3.712381501201989  16.316181153241750  0.000178842931853  0.627982408711868  3.324548711620589  14.005819288905224 -154.890551872234454
        0.000000018706284  3.267846472601581  23.444723152765754  3.712381501201989  16.316181153241750  0.000178842931853  0.627982408711868  3.324548711620589  14.005819288905224 -154.890551872234454
        0.000000019243014  3.267846423906875  23.444723502119352  3.712381501201989  16.316181153241750  0.000178842931853  0.627982408711868  3.324548711620589  14.005819288905224 -154.890551872234454
        0.000000002143577  3.267846423906875  23.444723152765754  3.712381556520784  16.316181153241750  0.000178842931853  0.627982408711868  3.324548711620589  14.005819288905224 -154.890551872234454
        0.000000001113225  3.267846423906875  23.444723152765754  3.712381501201989  16.316181396371796  0.000178842931853  0.627982408711868  3.324548711620589  14.005819288905224 -154.890551872234454
        0.000000001103422  3.267846423906875  23.444723152765754  3.712381501201989  16.316181153241750  0.000178857833014  0.627982408711868  3.324548711620589  14.005819288905224 -154.890551872234454
        0.000000006218604  3.267846423906875  23.444723152765754  3.712381501201989  16.316181153241750  0.000178842931853  0.627982423613029  3.324548711620589  14.005819288905224 -154.890551872234454
        0.000000007574750  3.267846423906875  23.444723152765754  3.712381501201989  16.316181153241750  0.000178842931853  0.627982408711868  3.324548761160226  14.005819288905224 -154.890551872234454
        0.000000006200576  3.267846423906875  23.444723152765754  3.712381501201989  16.316181153241750  0.000178842931853  0.627982408711868  3.324548711620589  14.005819497608195 -154.890551872234454
        0.000037777315194  3.267846423906875  23.444723152765754  3.712381501201989  16.316181153241750  0.000178842931853  0.627982408711868  3.324548711620589  14.005819288905224 -154.890554180283544
        0.000121595368466  3.267844141628949  23.447172044833540  3.716541687391126  16.315321967653261  0.003293260267145  0.628036352304159  3.324578300574090  14.005574530117196 -154.890552093143384
        0.000000018700403  3.267844190323621  23.447172044833540  3.716541687391126  16.315321967653261  0.003293260267145  0.628036352304159  3.324578300574090  14.005574530117196 -154.890552093143384
        0.000000019235989  3.267844141628949  23.447172394223628  3.716541687391126  16.315321967653261  0.003293260267145  0.628036352304159  3.324578300574090  14.005574530117196 -154.890552093143384
        0.000000002143763  3.267844141628949  23.447172044833540  3.716541742771913  16.315321967653261  0.003293260267145  0.628036352304159  3.324578300574090  14.005574530117196 -154.890552093143384
        0.000000001113062  3.267844141628949  23.447172044833540  3.716541687391126  16.315322210770503  0.003293260267145  0.628036352304159  3.324578300574090  14.005574530117196 -154.890552093143384
        0.000000001103446  3.267844141628949  23.447172044833540  3.716541687391126  16.315321967653261  0.003293275168306  0.628036352304159  3.324578300574090  14.005574530117196 -154.890552093143384
        0.000000006219593  3.267844141628949  23.447172044833540  3.716541687391126  16.315321967653261  0.003293260267145  0.628036367205320  3.324578300574090  14.005574530117196 -154.890552093143384
        0.000000007576854  3.267844141628949  23.447172044833540  3.716541687391126  16.315321967653261  0.003293260267145  0.628036352304159  3.324578350114168  14.005574530117196 -154.890552093143384
        0.000000006199336  3.267844141628949  23.447172044833540  3.716541687391126  16.315321967653261  0.003293260267145  0.628036352304159  3.324578300574090  14.005574738816520 -154.890552093143384
        0.000037777315349  3.267844141628949  23.447172044833540  3.716541687391126  16.315321967653261  0.003293260267145  0.628036352304159  3.324578300574090  14.005574530117196 -154.890554401192475
        0.000055467563012  3.266637426391316  23.546970085475401  3.555010201655668  16.518953965777957  0.000359708974243  0.627460288429704  3.325280972036591  14.034050565442351 -154.890554798326349
        0.000000018703253  3.266637475068007  23.546970085475401  3.555010201655668  16.518953965777957  0.000359708974243  0.627460288429704  3.325280972036591  14.034050565442351 -154.890554798326349
        0.000000019238113  3.266637426391316  23.546970436352598  3.555010201655668  16.518953965777957  0.000359708974243  0.627460288429704  3.325280972036591  14.034050565442351 -154.890554798326349
        0.000000002146588  3.266637426391316  23.546970085475401  3.555010254629448  16.518953965777957  0.000359708974243  0.627460288429704  3.325280972036591  14.034050565442351 -154.890554798326349
        0.000000001130375  3.266637426391316  23.546970085475401  3.555010201655668  16.518954211929554  0.000359708974243  0.627460288429704  3.325280972036591  14.034050565442351 -154.890554798326349
        0.000000001113782  3.266637426391316  23.546970085475401  3.555010201655668  16.518953965777957  0.000359723875404  0.627460288429704  3.325280972036591  14.034050565442351 -154.890554798326349
        0.000000006224029  3.266637426391316  23.546970085475401  3.555010201655668  16.518953965777957  0.000359708974243  0.627460303330865  3.325280972036591  14.034050565442351 -154.890554798326349
        0.000000007590734  3.266637426391316  23.546970085475401  3.555010201655668  16.518953965777957  0.000359708974243  0.627460288429704  3.325281021587139  14.034050565442351 -154.890554798326349
        0.000000006186182  3.266637426391316  23.546970085475401  3.555010201655668  16.518953965777957  0.000359708974243  0.627460288429704  3.325280972036591  14.034050774566001 -154.890554798326349
        0.000037777317133  3.266637426391316  23.546970085475401  3.555010201655668  16.518953965777957  0.000359708974243  0.627460288429704  3.325280972036591  14.034050565442351 -154.890557106375468
        0.000045446442238  3.266810165482471  23.532823030065153  3.278766381530125  16.721128044422176  0.000248248015881  0.626375834843416  3.326577328109762  14.023246307585557 -154.890559963180834
        0.000000018701395  3.266810214161736  23.532823030065153  3.278766381530125  16.721128044422176  0.000248248015881  0.626375834843416  3.326577328109762  14.023246307585557 -154.890559963180834
        0.000000019233037  3.266810165482471  23.532823380731543  3.278766381530125  16.721128044422176  0.000248248015881  0.626375834843416  3.326577328109762  14.023246307585557 -154.890559963180834
        0.000000002149948  3.266810165482471  23.532823030065153  3.278766430387552  16.721128044422176  0.000248248015881  0.626375834843416  3.326577328109762  14.023246307585557 -154.890559963180834
        0.000000001156690  3.266810165482471  23.532823030065153  3.278766381530125  16.721128293586400  0.000248248015881  0.626375834843416  3.326577328109762  14.023246307585557 -154.890559963180834
        0.000000001128101  3.266810165482471  23.532823030065153  3.278766381530125  16.721128044422176  0.000248262917042  0.626375834843416  3.326577328109762  14.023246307585557 -154.890559963180834
        0.000000006225632  3.266810165482471  23.532823030065153  3.278766381530125  16.721128044422176  0.000248248015881  0.626375849744577  3.326577328109762  14.023246307585557 -154.890559963180834
        0.000000007588039  3.266810165482471  23.532823030065153  3.278766381530125  16.721128044422176  0.000248248015881  0.626375834843416  3.326577377679627  14.023246307585557 -154.890559963180834
        0.000000006186378  3.266810165482471  23.532823030065153  3.278766381530125  16.721128044422176  0.000248248015881  0.626375834843416  3.326577328109762  14.023246516548211 -154.890559963180834
        0.000037777321741  3.266810165482471  23.532823030065153  3.278766381530125  16.721128044422176  0.000248248015881  0.626375834843416  3.326577328109762  14.023246307585557 -154.890562271230039
        0.000088488357503  3.254338915624424  24.500506592651774  2.953853884732939  17.769677435811850  0.000063713913596  0.624407000170545  3.329259086172177  14.328958211426920 -154.890571242896982
        0.000091872901921  3.265694981733773  23.612313215909616  2.874505053884894  17.103659914025691  0.000063541438871  0.624597859777373  3.329006707489221  14.037960379568391 -154.890570140104103
        0.000000018701469  3.265695030396420  23.612313215909616  2.874505053884894  17.103659914025691  0.000063541438871  0.624597859777373  3.329006707489221  14.037960379568391 -154.890570140104103
        0.000000019229409  3.265694981733773  23.612313567760502  2.874505053884894  17.103659914025691  0.000063541438871  0.624597859777373  3.329006707489221  14.037960379568391 -154.890570140104103
        0.000000002154154  3.265694981733773  23.612313215909616  2.874505096718357  17.103659914025691  0.000063541438871  0.624597859777373  3.329006707489221  14.037960379568391 -154.890570140104103
        0.000000001195931  3.265694981733773  23.612313215909616  2.874505053884894  17.103660168890084  0.000063541438871  0.624597859777373  3.329006707489221  14.037960379568391 -154.890570140104103
        0.000000001150131  3.265694981733773  23.612313215909616  2.874505053884894  17.103659914025691  0.000063556340032  0.624597859777373  3.329006707489221  14.037960379568391 -154.890570140104103
        0.000000006225451  3.265694981733773  23.612313215909616  2.874505053884894  17.103659914025691  0.000063541438871  0.624597874678534  3.329006707489221  14.037960379568391 -154.890570140104103
        0.000000007592656  3.265694981733773  23.612313215909616  2.874505053884894  17.103659914025691  0.000063541438871  0.624597859777373  3.329006757095286  14.037960379568391 -154.890570140104103
        0.000000006171156  3.265694981733773  23.612313215909616  2.874505053884894  17.103659914025691  0.000063541438871  0.624597859777373  3.329006707489221  14.037960588750302 -154.890570140104103
        0.000037777331135  3.265694981733773  23.612313215909616  2.874505053884894  17.103659914025691  0.000063541438871  0.624597859777373  3.329006707489221  14.037960379568391 -154.890572448153449
        0.000041835434445  3.265693661473356  23.612313226641461  2.874505054361482  17.103659918631756  0.000063552903488  0.624598728933363  3.329006597071630  14.037959555142459 -154.890569937298039
        0.000000018701441  3.265693710135984  23.612313226641461  2.874505054361482  17.103659918631756  0.000063552903488  0.624598728933363  3.329006597071630  14.037959555142459 -154.890569937298039
        0.000000019229359  3.265693661473356  23.612313578492348  2.874505054361482  17.103659918631756  0.000063552903488  0.624598728933363  3.329006597071630  14.037959555142459 -154.890569937298039
        0.000000002154154  3.265693661473356  23.612313226641461  2.874505097194945  17.103659918631756  0.000063552903488  0.624598728933363  3.329006597071630  14.037959555142459 -154.890569937298039
        0.000000001195921  3.265693661473356  23.612313226641461  2.874505054361482  17.103660173496149  0.000063552903488  0.624598728933363  3.329006597071630  14.037959555142459 -154.890569937298039
        0.000000001150132  3.265693661473356  23.612313226641461  2.874505054361482  17.103659918631756  0.000063567804649  0.624598728933363  3.329006597071630  14.037959555142459 -154.890569937298039
        0.000000006225419  3.265693661473356  23.612313226641461  2.874505054361482  17.103659918631756  0.000063552903488  0.624598743834524  3.329006597071630  14.037959555142459 -154.890569937298039
        0.000000007592638  3.265693661473356  23.612313226641461  2.874505054361482  17.103659918631756  0.000063552903488  0.624598728933363  3.329006646677694  14.037959555142459 -154.890569937298039
        0.000000006171121  3.265693661473356  23.612313226641461  2.874505054361482  17.103659918631756  0.000063552903488  0.624598728933363  3.329006597071630  14.037959764324357 -154.890569937298039
        0.000037777331149  3.265693661473356  23.612313226641461  2.874505054361482  17.103659918631756  0.000063552903488  0.624598728933363  3.329006597071630  14.037959555142459 -154.890572245347386
        0.000040787680394  3.265437737003753  23.630966996277255  2.766188910892615  17.201512116179114  0.000049590568917  0.624175999566444  3.329590677025839  14.041284721406853 -154.890572519176516
        0.000000018701102  3.265437785662566  23.630966996277255  2.766188910892615  17.201512116179114  0.000049590568917  0.624175999566444  3.329590677025839  14.041284721406853 -154.890572519176516
        0.000000019227997  3.265437737003753  23.630967348406102  2.766188910892615  17.201512116179114  0.000049590568917  0.624175999566444  3.329590677025839  14.041284721406853 -154.890572519176516
        0.000000002155377  3.265437737003753  23.630966996277255  2.766188952112042  17.201512116179114  0.000049590568917  0.624175999566444  3.329590677025839  14.041284721406853 -154.890572519176516
        0.000000001206245  3.265437737003753  23.630966996277255  2.766188910892615  17.201512372501618  0.000049590568917  0.624175999566444  3.329590677025839  14.041284721406853 -154.890572519176516
        0.000000001155863  3.265437737003753  23.630966996277255  2.766188910892615  17.201512116179114  0.000049605470078  0.624175999566444  3.329590677025839  14.041284721406853 -154.890572519176516
        0.000000006225535  3.265437737003753  23.630966996277255  2.766188910892615  17.201512116179114  0.000049590568917  0.624176014467605  3.329590677025839  14.041284721406853 -154.890572519176516
        0.000000007593896  3.265437737003753  23.630966996277255  2.766188910892615  17.201512116179114  0.000049590568917  0.624175999566444  3.329590726640606  14.041284721406853 -154.890572519176516
        0.000000006167510  3.265437737003753  23.630966996277255  2.766188910892615  17.201512116179114  0.000049590568917  0.624175999566444  3.329590677025839  14.041284930638300 -154.890572519176516
        0.000037777333260  3.265437737003753  23.630966996277255  2.766188910892615  17.201512116179114  0.000049590568917  0.624175999566444  3.329590677025839  14.041284721406853 -154.890574827225890
        0.000041073303505  3.260555874599817  24.016058771113961  2.866242477584076  17.439002855747979  0.000014380910314  0.624407109716769  3.329276110172203  14.169109060755593 -154.890571145481459
        0.000011444512421  3.264449268071083  23.709390832425374  2.813478799406056  17.228854022728481  0.000020216065575  0.624336115357737  3.329376130493996  14.068060575884287 -154.890571597182173
        0.000002928116251  3.265288508403464  23.642904044887569  2.781633583897773  17.199115176541564  0.000035161270087  0.624236180287588  3.329514424031060  14.045602650820369 -154.890572188057945
        0.000001197879730  3.265406867061182  23.633393247841962  2.770136934326320  17.200242868262666  0.000045169224822  0.624193066607031  3.329573981559736  14.042203250336216 -154.890572440908358
        0.000000324283535  3.265429583392127  23.631548434345596  2.767159664339405  17.201041722098388  0.000048426550656  0.624181483419824  3.329590445376227  14.041520926056915 -154.890572511822995
        0.000000018701175  3.265429632050820  23.631548434345596  2.767159664339405  17.201041722098388  0.000048426550656  0.624181483419824  3.329590445376227  14.041520926056915 -154.890572511822995
        0.000000019228093  3.265429583392127  23.631548786483108  2.767159664339405  17.201041722098388  0.000048426550656  0.624181483419824  3.329590445376227  14.041520926056915 -154.890572511822995
        0.000000002155386  3.265429583392127  23.631548434345596  2.767159705573297  17.201041722098388  0.000048426550656  0.624181483419824  3.329590445376227  14.041520926056915 -154.890572511822995
        0.000000001206137  3.265429583392127  23.631548434345596  2.767159664339405  17.201041978413883  0.000048426550656  0.624181483419824  3.329590445376227  14.041520926056915 -154.890572511822995
        0.000000001155783  3.265429583392127  23.631548434345596  2.767159664339405  17.201041722098388  0.000048441451817  0.624181483419824  3.329590445376227  14.041520926056915 -154.890572511822995
        0.000000006225488  3.265429583392127  23.631548434345596  2.767159664339405  17.201041722098388  0.000048426550656  0.624181498320985  3.329590445376227  14.041520926056915 -154.890572511822995
        0.000000007593923  3.265429583392127  23.631548434345596  2.767159664339405  17.201041722098388  0.000048426550656  0.624181483419824  3.329590494990990  14.041520926056915 -154.890572511822995
        0.000000006167450  3.265429583392127  23.631548434345596  2.767159664339405  17.201041722098388  0.000048426550656  0.624181483419824  3.329590445376227  14.041521135291882 -154.890572511822995
        0.000037777333237  3.265429583392127  23.631548434345596  2.767159664339405  17.201041722098388  0.000048426550656  0.624181483419824  3.329590445376227  14.041520926056915 -154.890574819872370
2022-08-18 03:51:10.019986
