/projects/wagner/highthroughput/mick_graphene_paper/3_data/1_kc_fitting
2023-06-01 19:02:01.986550
use a starting guess from the old fit
starting guess parameters:  [ 3.37942338e+00  1.81846722e+01  1.33942071e+01  3.55913531e-03
  6.07493500e+00  7.19345289e-01  3.29308248e+00  1.39067829e+01
 -1.54589368e+02]
     1025.507820120405995  3.379423382381699  18.184672181803677  13.394207130830571  0.003559135312169  6.074935002291668  0.719345289329483  3.293082477932360  13.906782892134125 -154.589367648541639
        0.000000014064352  3.379423432739032  18.184672181803677  13.394207130830571  0.003559135312169  6.074935002291668  0.719345289329483  3.293082477932360  13.906782892134125 -154.589367648541639
        0.000000012948553  3.379423382381699  18.184672452776407  13.394207130830571  0.003559135312169  6.074935002291668  0.719345289329483  3.293082477932360  13.906782892134125 -154.589367648541639
        0.000000001160716  3.379423382381699  18.184672181803677  13.394207330419810  0.003559135312169  6.074935002291668  0.719345289329483  3.293082477932360  13.906782892134125 -154.589367648541639
        0.000000000478097  3.379423382381699  18.184672181803677  13.394207130830571  0.003559150213330  6.074935002291668  0.719345289329483  3.293082477932360  13.906782892134125 -154.589367648541639
        0.000000000825815  3.379423382381699  18.184672181803677  13.394207130830571  0.003559135312169  6.074935092815254  0.719345289329483  3.293082477932360  13.906782892134125 -154.589367648541639
        0.000000002214007  3.379423382381699  18.184672181803677  13.394207130830571  0.003559135312169  6.074935002291668  0.719345304230644  3.293082477932360  13.906782892134125 -154.589367648541639
        0.000000002625951  3.379423382381699  18.184672181803677  13.394207130830571  0.003559135312169  6.074935002291668  0.719345289329483  3.293082527003112  13.906782892134125 -154.589367648541639
        0.000000004345417  3.379423382381699  18.184672181803677  13.394207130830571  0.003559135312169  6.074935002291668  0.719345289329483  3.293082477932360  13.906783099361338 -154.589367648541639
        0.000015277412315  3.379423382381699  18.184672181803677  13.394207130830571  0.003559135312169  6.074935002291668  0.719345289329483  3.293082477932360  13.906782892134125 -154.589369952102714
        0.000890328286092  3.372703288299201  19.177171000255118  13.730752573343176  0.003615106262030  5.702825186593254  0.727230603768535  3.271873942386057  14.025090954834296 -154.589424041256564
        0.000000013758179  3.372703338556397  19.177171000255118  13.730752573343176  0.003615106262030  5.702825186593254  0.727230603768535  3.271873942386057  14.025090954834296 -154.589424041256564
        0.000000012614829  3.372703288299201  19.177171286017234  13.730752573343176  0.003615106262030  5.702825186593254  0.727230603768535  3.271873942386057  14.025090954834296 -154.589424041256564
        0.000000001191491  3.372703288299201  19.177171000255118  13.730752777947334  0.003615106262030  5.702825186593254  0.727230603768535  3.271873942386057  14.025090954834296 -154.589424041256564
        0.000000000485504  3.372703288299201  19.177171000255118  13.730752573343176  0.003615121163191  5.702825186593254  0.727230603768535  3.271873942386057  14.025090954834296 -154.589424041256564
        0.000000000754204  3.372703288299201  19.177171000255118  13.730752573343176  0.003615106262030  5.702825271571972  0.727230603768535  3.271873942386057  14.025090954834296 -154.589424041256564
        0.000000002339172  3.372703288299201  19.177171000255118  13.730752573343176  0.003615106262030  5.702825186593254  0.727230618669697  3.271873942386057  14.025090954834296 -154.589424041256564
        0.000000002688587  3.372703288299201  19.177171000255118  13.730752573343176  0.003615106262030  5.702825186593254  0.727230603768535  3.271873991140778  14.025090954834296 -154.589424041256564
        0.000000004299720  3.372703288299201  19.177171000255118  13.730752573343176  0.003615106262030  5.702825186593254  0.727230603768535  3.271873942386057  14.025091163824436 -154.589424041256564
        0.000015277427259  3.372703288299201  19.177171000255118  13.730752573343176  0.003615106262030  5.702825186593254  0.727230603768535  3.271873942386057  14.025090954834296 -154.589426344818492
        0.000106059598171  3.367054354321952  19.743166635156928  13.748069479367942  0.003708255088542  5.541864759943091  0.736911514070734  3.271761612858743  14.150595165930907 -154.589439479963687
        0.000000013716121  3.367054404494971  19.743166635156928  13.748069479367942  0.003708255088542  5.541864759943091  0.736911514070734  3.271761612858743  14.150595165930907 -154.589439479963687
        0.000000012551594  3.367054354321952  19.743166929353038  13.748069479367942  0.003708255088542  5.541864759943091  0.736911514070734  3.271761612858743  14.150595165930907 -154.589439479963687
        0.000000001206573  3.367054354321952  19.743166635156928  13.748069684230142  0.003708255088542  5.541864759943091  0.736911514070734  3.271761612858743  14.150595165930907 -154.589439479963687
        0.000000000484777  3.367054354321952  19.743166635156928  13.748069479367942  0.003708269989703  5.541864759943091  0.736911514070734  3.271761612858743  14.150595165930907 -154.589439479963687
        0.000000000716425  3.367054354321952  19.743166635156928  13.748069479367942  0.003708255088542  5.541864842523311  0.736911514070734  3.271761612858743  14.150595165930907 -154.589439479963687
        0.000000002379410  3.367054354321952  19.743166635156928  13.748069479367942  0.003708255088542  5.541864759943091  0.736911528971895  3.271761612858743  14.150595165930907 -154.589439479963687
        0.000000002704873  3.367054354321952  19.743166635156928  13.748069479367942  0.003708255088542  5.541864759943091  0.736911514070734  3.271761661611790  14.150595165930907 -154.589439479963687
        0.000000004267469  3.367054354321952  19.743166635156928  13.748069479367942  0.003708255088542  5.541864759943091  0.736911514070734  3.271761612858743  14.150595376791207 -154.589439479963687
        0.000015277431860  3.367054354321952  19.743166635156928  13.748069479367942  0.003708255088542  5.541864759943091  0.736911514070734  3.271761612858743  14.150595165930907 -154.589441783525842
        0.000136600820110  3.360045580400255  20.448182585566610  13.782244983448903  0.003741264976067  5.327733953722023  0.749053731362239  3.273191621869965  14.303883044917566 -154.589457770134516
        0.000000013681260  3.360045630468836  20.448182585566610  13.782244983448903  0.003741264976067  5.327733953722023  0.749053731362239  3.273191621869965  14.303883044917566 -154.589457770134516
        0.000000012489888  3.360045580400255  20.448182890268274  13.782244983448903  0.003741264976067  5.327733953722023  0.749053731362239  3.273191621869965  14.303883044917566 -154.589457770134516
        0.000000001226048  3.360045580400255  20.448182585566610  13.782245188820358  0.003741264976067  5.327733953722023  0.749053731362239  3.273191621869965  14.303883044917566 -154.589457770134516
        0.000000000484388  3.360045580400255  20.448182585566610  13.782244983448903  0.003741279877228  5.327733953722023  0.749053731362239  3.273191621869965  14.303883044917566 -154.589457770134516
        0.000000000669108  3.360045580400255  20.448182585566610  13.782244983448903  0.003741264976067  5.327734033111445  0.749053731362239  3.273191621869965  14.303883044917566 -154.589457770134516
        0.000000002430796  3.360045580400255  20.448182585566610  13.782244983448903  0.003741264976067  5.327733953722023  0.749053746263400  3.273191621869965  14.303883044917566 -154.589457770134516
        0.000000002725290  3.360045580400255  20.448182585566610  13.782244983448903  0.003741264976067  5.327733953722023  0.749053731362239  3.273191670644321  14.303883044917566 -154.589457770134516
        0.000000004227754  3.360045580400255  20.448182585566610  13.782244983448903  0.003741264976067  5.327733953722023  0.749053731362239  3.273191621869965  14.303883258062033 -154.589457770134516
        0.000015277438351  3.360045580400255  20.448182585566610  13.782244983448903  0.003741264976067  5.327733953722023  0.749053731362239  3.273191621869965  14.303883044917566 -154.589460073696955
        0.000059019793621  3.357340634880750  20.761608127297034  13.791190831420662  0.003771958540200  5.199933652883055  0.754662375303962  3.273742854958856  14.363017896576467 -154.589466069226546
        0.000000013665903  3.357340684909024  20.761608127297034  13.791190831420662  0.003771958540200  5.199933652883055  0.754662375303962  3.273742854958856  14.363017896576467 -154.589466069226546
        0.000000012461207  3.357340634880750  20.761608436669103  13.791190831420662  0.003771958540200  5.199933652883055  0.754662375303962  3.273742854958856  14.363017896576467 -154.589466069226546
        0.000000001236487  3.357340634880750  20.761608127297034  13.791191036925420  0.003771958540200  5.199933652883055  0.754662375303962  3.273742854958856  14.363017896576467 -154.589466069226546
        0.000000000484684  3.357340634880750  20.761608127297034  13.791190831420662  0.003771973441361  5.199933652883055  0.754662375303962  3.273742854958856  14.363017896576467 -154.589466069226546
        0.000000000645071  3.357340634880750  20.761608127297034  13.791190831420662  0.003771958540200  5.199933730368104  0.754662375303962  3.273742854958856  14.363017896576467 -154.589466069226546
        0.000000002459787  3.357340634880750  20.761608127297034  13.791190831420662  0.003771958540200  5.199933652883055  0.754662390205123  3.273742854958856  14.363017896576467 -154.589466069226546
        0.000000002733783  3.357340634880750  20.761608127297034  13.791190831420662  0.003771958540200  5.199933652883055  0.754662375303962  3.273742903741426  14.363017896576467 -154.589466069226546
        0.000000004215517  3.357340634880750  20.761608127297034  13.791190831420662  0.003771958540200  5.199933652883055  0.754662375303962  3.273742854958856  14.363018110602113 -154.589466069226546
        0.000015277440973  3.357340634880750  20.761608127297034  13.791190831420662  0.003771958540200  5.199933652883055  0.754662375303962  3.273742854958856  14.363017896576467 -154.589468372789099
        0.000151714040850  3.350323868331623  21.529264912927253  13.820530762821171  0.003938377919656  4.917685671104395  0.768179538049889  3.275020458628490  14.517754471102180 -154.589485005290527
        0.000000013631791  3.350323918255339  21.529264912927253  13.820530762821171  0.003938377919656  4.917685671104395  0.768179538049889  3.275020458628490  14.517754471102180 -154.589485005290527
        0.000000012396457  3.350323868331623  21.529265233738300  13.820530762821171  0.003938377919656  4.917685671104395  0.768179538049889  3.275020458628490  14.517754471102180 -154.589485005290527
        0.000000001260731  3.350323868331623  21.529264912927253  13.820530968763128  0.003938377919656  4.917685671104395  0.768179538049889  3.275020458628490  14.517754471102180 -154.589485005290527
        0.000000000484768  3.350323868331623  21.529264912927253  13.820530762821171  0.003938392820817  4.917685671104395  0.768179538049889  3.275020458628490  14.517754471102180 -154.589485005290527
        0.000000000591182  3.350323868331623  21.529264912927253  13.820530762821171  0.003938377919656  4.917685744383622  0.768179538049889  3.275020458628490  14.517754471102180 -154.589485005290527
        0.000000002521692  3.350323868331623  21.529264912927253  13.820530762821171  0.003938377919656  4.917685671104395  0.768179552951050  3.275020458628490  14.517754471102180 -154.589485005290527
        0.000000002755916  3.350323868331623  21.529264912927253  13.820530762821171  0.003938377919656  4.917685671104395  0.768179538049889  3.275020507430098  14.517754471102180 -154.589485005290527
        0.000000004178313  3.350323868331623  21.529264912927253  13.820530762821171  0.003938377919656  4.917685671104395  0.768179538049889  3.275020458628490  14.517754687433579 -154.589485005290527
        0.000015277447760  3.350323868331623  21.529264912927253  13.820530762821171  0.003938377919656  4.917685671104395  0.768179538049889  3.275020458628490  14.517754471102180 -154.589487308853364
        0.000044345691784  3.349570098137620  21.637581679933277  13.828755877630735  0.003975392357272  4.862921832786031  0.769994313847745  3.274773449806005  14.537663029080340 -154.589485479879102
        0.000000013621762  3.349570148050104  21.637581679933277  13.828755877630735  0.003975392357272  4.862921832786031  0.769994313847745  3.274773449806005  14.537663029080340 -154.589485479879102
        0.000000012381983  3.349570098137620  21.637582002358368  13.828755877630735  0.003975392357272  4.862921832786031  0.769994313847745  3.274773449806005  14.537663029080340 -154.589485479879102
        0.000000001264979  3.349570098137620  21.637581679933277  13.828756083695255  0.003975392357272  4.862921832786031  0.769994313847745  3.274773449806005  14.537663029080340 -154.589485479879102
        0.000000000485206  3.349570098137620  21.637581679933277  13.828755877630735  0.003975407258434  4.862921832786031  0.769994313847745  3.274773449806005  14.537663029080340 -154.589485479879102
        0.000000000582253  3.349570098137620  21.637581679933277  13.828755877630735  0.003975392357272  4.862921905249213  0.769994313847745  3.274773449806005  14.537663029080340 -154.589485479879102
        0.000000002534163  3.349570098137620  21.637581679933277  13.828755877630735  0.003975392357272  4.862921832786031  0.769994328748906  3.274773449806005  14.537663029080340 -154.589485479879102
        0.000000002759437  3.349570098137620  21.637581679933277  13.828755877630735  0.003975392357272  4.862921832786031  0.769994313847745  3.274773498603932  14.537663029080340 -154.589485479879102
        0.000000004176589  3.349570098137620  21.637581679933277  13.828755877630735  0.003975392357272  4.862921832786031  0.769994313847745  3.274773449806005  14.537663245708400 -154.589485479879102
        0.000015277447708  3.349570098137620  21.637581679933277  13.828755877630735  0.003975392357272  4.862921832786031  0.769994313847745  3.274773449806005  14.537663029080340 -154.589487783441939
        0.092287381853886  3.348298094499970  22.192387386428983  25.055302951742178  20.657896619795071  4.308358557421943  0.217709002031924  3.266451882590645  14.590693274035738 -154.589488131668332
        0.086883155138397  3.330472961245456  23.335646666927989  17.252135926600097  5.104977554839733  4.703695477428536  0.643838789384001  3.273520141035080  15.021115973493069 -154.589499906515357
        0.007222567532144  3.339771698920845  22.608656113934803  14.727526020794670  1.243029539221667  4.635799149046207  0.747907527442198  3.275282677103314  14.772654691496065 -154.589501331737665
        0.000453769962535  3.346193612394501  22.082936597058421  13.963157812485766  0.286346994188019  4.627834992239787  0.771278919626640  3.275607900173067  14.607681234405003 -154.589498912874063
        0.000000013605291  3.346193662256672  22.082936597058421  13.963157812485766  0.286346994188019  4.627834992239787  0.771278919626640  3.275607900173067  14.607681234405003 -154.589498912874063
        0.000000012353452  3.346193612394501  22.082936926119817  13.963157812485766  0.286346994188019  4.627834992239787  0.771278919626640  3.275607900173067  14.607681234405003 -154.589498912874063
        0.000000001279757  3.346193612394501  22.082936597058421  13.963158020553031  0.286346994188019  4.627834992239787  0.771278919626640  3.275607900173067  14.607681234405003 -154.589498912874063
        0.000000000486094  3.346193612394501  22.082936597058421  13.963157812485766  0.286347009089180  4.627834992239787  0.771278919626640  3.275607900173067  14.607681234405003 -154.589498912874063
        0.000000000544743  3.346193612394501  22.082936597058421  13.963157812485766  0.286346994188019  4.627835061199902  0.771278919626640  3.275607900173067  14.607681234405003 -154.589498912874063
        0.000000002612154  3.346193612394501  22.082936597058421  13.963157812485766  0.286346994188019  4.627834992239787  0.771278934527801  3.275607900173067  14.607681234405003 -154.589498912874063
        0.000000002794990  3.346193612394501  22.082936597058421  13.963157812485766  0.286346994188019  4.627834992239787  0.771278919626640  3.275607948983429  14.607681234405003 -154.589498912874063
        0.000000004163996  3.346193612394501  22.082936597058421  13.963157812485766  0.286346994188019  4.627834992239787  0.771278919626640  3.275607900173067  14.607681452076417 -154.589498912874063
        0.000015277452357  3.346193612394501  22.082936597058421  13.963157812485766  0.286346994188019  4.627834992239787  0.771278919626640  3.275607900173067  14.607681234405003 -154.589501216437100
        0.000049268241441  3.343484817466474  22.415259010276632  14.003011858075766  0.324781134296482  4.483759565396315  0.776082711291160  3.275514018117088  14.672271909188778 -154.589503276904992
        0.000000013588067  3.343484867288280  22.415259010276632  14.003011858075766  0.324781134296482  4.483759565396315  0.776082711291160  3.275514018117088  14.672271909188778 -154.589503276904992
        0.000000012324052  3.343484817466474  22.415259344290021  14.003011858075766  0.324781134296482  4.483759565396315  0.776082711291160  3.275514018117088  14.672271909188778 -154.589503276904992
        0.000000001290838  3.343484817466474  22.415259010276632  14.003012066736902  0.324781134296482  4.483759565396315  0.776082711291160  3.275514018117088  14.672271909188778 -154.589503276904992
        0.000000000486814  3.343484817466474  22.415259010276632  14.003011858075766  0.324781149197643  4.483759565396315  0.776082711291160  3.275514018117088  14.672271909188778 -154.589503276904992
        0.000000000520625  3.343484817466474  22.415259010276632  14.003011858075766  0.324781134296482  4.483759632209539  0.776082711291160  3.275514018117088  14.672271909188778 -154.589503276904992
        0.000000002646348  3.343484817466474  22.415259010276632  14.003011858075766  0.324781134296482  4.483759565396315  0.776082726192321  3.275514018117088  14.672271909188778 -154.589503276904992
        0.000000002808671  3.343484817466474  22.415259010276632  14.003011858075766  0.324781134296482  4.483759565396315  0.776082711291160  3.275514066926050  14.672271909188778 -154.589503276904992
        0.000000004151792  3.343484817466474  22.415259010276632  14.003011858075766  0.324781134296482  4.483759565396315  0.776082711291160  3.275514018117088  14.672272127822668 -154.589503276904992
        0.000015277453916  3.343484817466474  22.415259010276632  14.003011858075766  0.324781134296482  4.483759565396315  0.776082711291160  3.275514018117088  14.672271909188778 -154.589505580468085
        0.000015515942198  3.343661033207030  22.450955953500145  13.955499725240884  0.310896652798241  4.416220503631248  0.778405570506915  3.275315768730067  14.666513691909904 -154.589504192852615
        0.000000013587430  3.343661083031462  22.450955953500145  13.955499725240884  0.310896652798241  4.416220503631248  0.778405570506915  3.275315768730067  14.666513691909904 -154.589504192852615
        0.000000012317998  3.343661033207030  22.450956288045457  13.955499725240884  0.310896652798241  4.416220503631248  0.778405570506915  3.275315768730067  14.666513691909904 -154.589504192852615
        0.000000001295056  3.343661033207030  22.450955953500145  13.955499933194035  0.310896652798241  4.416220503631248  0.778405570506915  3.275315768730067  14.666513691909904 -154.589504192852615
        0.000000000486916  3.343661033207030  22.450955953500145  13.955499725240884  0.310896667699402  4.416220503631248  0.778405570506915  3.275315768730067  14.666513691909904 -154.589504192852615
        0.000000000511880  3.343661033207030  22.450955953500145  13.955499725240884  0.310896652798241  4.416220569438061  0.778405570506915  3.275315768730067  14.666513691909904 -154.589504192852615
        0.000000002655734  3.343661033207030  22.450955953500145  13.955499725240884  0.310896652798241  4.416220503631248  0.778405585408076  3.275315768730067  14.666513691909904 -154.589504192852615
        0.000000002804778  3.343661033207030  22.450955953500145  13.955499725240884  0.310896652798241  4.416220503631248  0.778405570506915  3.275315817536075  14.666513691909904 -154.589504192852615
        0.000000004157258  3.343661033207030  22.450955953500145  13.955499725240884  0.310896652798241  4.416220503631248  0.778405570506915  3.275315768730067  14.666513910457988 -154.589504192852615
        0.000015277454306  3.343661033207030  22.450955953500145  13.955499725240884  0.310896652798241  4.416220503631248  0.778405570506915  3.275315768730067  14.666513691909904 -154.589506496415737
2023-06-01 19:13:49.978935
