/projects/wagner/highthroughput/mick_graphene_paper/3_data/1_kc_fitting
2023-06-01 19:11:01.589982
use a starting guess from the old fit
starting guess parameters:  [ 3.37942338e+00  1.81846722e+01  1.33942071e+01  3.55913531e-03
  6.07493500e+00  7.19345289e-01  3.29308248e+00  1.39067829e+01
 -1.54589368e+02]
     1025.507820120405995  3.379423382381699  18.184672181803677  13.394207130830571  0.003559135312169  6.074935002291668  0.719345289329483  3.293082477932360  13.906782892134125 -154.589367648541639
        0.000000014064352  3.379423432739032  18.184672181803677  13.394207130830571  0.003559135312169  6.074935002291668  0.719345289329483  3.293082477932360  13.906782892134125 -154.589367648541639
        0.000000012948553  3.379423382381699  18.184672452776407  13.394207130830571  0.003559135312169  6.074935002291668  0.719345289329483  3.293082477932360  13.906782892134125 -154.589367648541639
        0.000000001160716  3.379423382381699  18.184672181803677  13.394207330419810  0.003559135312169  6.074935002291668  0.719345289329483  3.293082477932360  13.906782892134125 -154.589367648541639
        0.000000000478097  3.379423382381699  18.184672181803677  13.394207130830571  0.003559150213330  6.074935002291668  0.719345289329483  3.293082477932360  13.906782892134125 -154.589367648541639
        0.000000000825815  3.379423382381699  18.184672181803677  13.394207130830571  0.003559135312169  6.074935092815254  0.719345289329483  3.293082477932360  13.906782892134125 -154.589367648541639
        0.000000002214007  3.379423382381699  18.184672181803677  13.394207130830571  0.003559135312169  6.074935002291668  0.719345304230644  3.293082477932360  13.906782892134125 -154.589367648541639
        0.000000002625951  3.379423382381699  18.184672181803677  13.394207130830571  0.003559135312169  6.074935002291668  0.719345289329483  3.293082527003112  13.906782892134125 -154.589367648541639
        0.000000004345417  3.379423382381699  18.184672181803677  13.394207130830571  0.003559135312169  6.074935002291668  0.719345289329483  3.293082477932360  13.906783099361338 -154.589367648541639
        0.000015277412315  3.379423382381699  18.184672181803677  13.394207130830571  0.003559135312169  6.074935002291668  0.719345289329483  3.293082477932360  13.906782892134125 -154.589369952102714
        0.000868787655357  3.385173590340771  18.378658164518423  13.048828257669300  0.003627909352178  6.187733290273878  0.723106555513034  3.246155216601739  14.032815460243267 -154.589347332609009
        0.000000014010058  3.385173640783788  18.378658164518423  13.048828257669300  0.003627909352178  6.187733290273878  0.723106555513034  3.246155216601739  14.032815460243267 -154.589347332609009
        0.000000012874281  3.385173590340771  18.378658438381770  13.048828257669300  0.003627909352178  6.187733290273878  0.723106555513034  3.246155216601739  14.032815460243267 -154.589347332609009
        0.000000001182219  3.385173590340771  18.378658164518423  13.048828452111993  0.003627909352178  6.187733290273878  0.723106555513034  3.246155216601739  14.032815460243267 -154.589347332609009
        0.000000000472069  3.385173590340771  18.378658164518423  13.048828257669300  0.003627924253339  6.187733290273878  0.723106555513034  3.246155216601739  14.032815460243267 -154.589347332609009
        0.000000000859742  3.385173590340771  18.378658164518423  13.048828257669300  0.003627909352178  6.187733382478289  0.723106555513034  3.246155216601739  14.032815460243267 -154.589347332609009
        0.000000002219394  3.385173590340771  18.378658164518423  13.048828257669300  0.003627909352178  6.187733290273878  0.723106570414195  3.246155216601739  14.032815460243267 -154.589347332609009
        0.000000002666592  3.385173590340771  18.378658164518423  13.048828257669300  0.003627909352178  6.187733290273878  0.723106555513034  3.246155264973221  14.032815460243267 -154.589347332609009
        0.000000004426647  3.385173590340771  18.378658164518423  13.048828257669300  0.003627909352178  6.187733290273878  0.723106555513034  3.246155216601739  14.032815669348512 -154.589347332609009
        0.000015277358367  3.385173590340771  18.378658164518423  13.048828257669300  0.003627909352178  6.187733290273878  0.723106555513034  3.246155216601739  14.032815460243267 -154.589349636169800
        0.000316508655753  3.385758206829677  18.337980806317255  12.887715970699878  0.003705924767380  6.291220000841044  0.725658356208913  3.234167204910765  14.116670146910794 -154.589267141401564
        0.000000013943095  3.385758257281406  18.337980806317255  12.887715970699878  0.003705924767380  6.291220000841044  0.725658356208913  3.234167204910765  14.116670146910794 -154.589267141401564
        0.000000012812590  3.385758206829677  18.337981079574462  12.887715970699878  0.003705924767380  6.291220000841044  0.725658356208913  3.234167204910765  14.116670146910794 -154.589267141401564
        0.000000001178277  3.385758206829677  18.337980806317255  12.887716162741810  0.003705924767380  6.291220000841044  0.725658356208913  3.234167204910765  14.116670146910794 -154.589267141401564
        0.000000000467342  3.385758206829677  18.337980806317255  12.887715970699878  0.003705939668541  6.291220000841044  0.725658356208913  3.234167204910765  14.116670146910794 -154.589267141401564
        0.000000000877036  3.385758206829677  18.337980806317255  12.887715970699878  0.003705924767380  6.291220094587527  0.725658356208913  3.234167204910765  14.116670146910794 -154.589267141401564
        0.000000002188508  3.385758206829677  18.337980806317255  12.887715970699878  0.003705924767380  6.291220000841044  0.725658371110074  3.234167204910765  14.116670146910794 -154.589267141401564
        0.000000002665545  3.385758206829677  18.337980806317255  12.887715970699878  0.003705924767380  6.291220000841044  0.725658356208913  3.234167253103612  14.116670146910794 -154.589267141401564
        0.000000004435675  3.385758206829677  18.337980806317255  12.887715970699878  0.003705924767380  6.291220000841044  0.725658356208913  3.234167204910765  14.116670357265571 -154.589267141401564
        0.000015277331234  3.385758206829677  18.337980806317255  12.887715970699878  0.003705924767380  6.291220000841044  0.725658356208913  3.234167204910765  14.116670146910794 -154.589269444961161
        0.000273090708966  3.363360241632046  19.664097128476097  13.819972737407202  0.003177413243934  6.749594352145965  0.725663678308769  3.234348820295156  14.678119364499489 -154.589265157487205
        0.000261521558359  3.380246887305327  18.651835426281174  13.132396366355282  0.003431328697417  6.419516819404987  0.725021758378988  3.234415263793810  14.255769650303979 -154.589265153909679
        0.000018994054009  3.384466451921765  18.401227911903767  12.957430374935981  0.003611704483168  6.333926210540623  0.724987364269911  3.234442931935438  14.150019483202783 -154.589265315801129
        0.000000013936986  3.384466502354245  18.401227911903767  12.957430374935981  0.003611704483168  6.333926210540623  0.724987364269911  3.234442931935438  14.150019483202783 -154.589265315801129
        0.000000012808332  3.384466451921765  18.401228186103431  12.957430374935981  0.003611704483168  6.333926210540623  0.724987364269911  3.234442931935438  14.150019483202783 -154.589265315801129
        0.000000001177374  3.384466451921765  18.401227911903767  12.957430568016740  0.003611704483168  6.333926210540623  0.724987364269911  3.234442931935438  14.150019483202783 -154.589265315801129
        0.000000000467741  3.384466451921765  18.401227911903767  12.957430374935981  0.003611719384329  6.333926210540623  0.724987364269911  3.234442931935438  14.150019483202783 -154.589265315801129
        0.000000000879879  3.384466451921765  18.401227911903767  12.957430374935981  0.003611704483168  6.333926304923478  0.724987364269911  3.234442931935438  14.150019483202783 -154.589265315801129
        0.000000002186046  3.384466451921765  18.401227911903767  12.957430374935981  0.003611704483168  6.333926210540623  0.724987379171073  3.234442931935438  14.150019483202783 -154.589265315801129
        0.000000002673177  3.384466451921765  18.401227911903767  12.957430374935981  0.003611704483168  6.333926210540623  0.724987364269911  3.234442980132394  14.150019483202783 -154.589265315801129
        0.000000004423537  3.384466451921765  18.401227911903767  12.957430374935981  0.003611704483168  6.333926210540623  0.724987364269911  3.234442931935438  14.150019694054505 -154.589265315801129
        0.000015277330857  3.384466451921765  18.401227911903767  12.957430374935981  0.003611704483168  6.333926210540623  0.724987364269911  3.234442931935438  14.150019483202783 -154.589267619360697
        0.000017219702031  3.384488954790911  18.401334249586185  12.958098940833800  0.014769986487889  6.333746511074292  0.724779980110359  3.234235837498267  14.151053934754525 -154.589263999463384
        0.000000013936113  3.384489005223727  18.401334249586185  12.958098940833800  0.014769986487889  6.333746511074292  0.724779980110359  3.234235837498267  14.151053934754525 -154.589263999463384
        0.000000012807738  3.384488954790911  18.401334523787433  12.958098940833800  0.014769986487889  6.333746511074292  0.724779980110359  3.234235837498267  14.151053934754525 -154.589263999463384
        0.000000001177449  3.384488954790911  18.401334249586185  12.958099133924520  0.014769986487889  6.333746511074292  0.724779980110359  3.234235837498267  14.151053934754525 -154.589263999463384
        0.000000000467641  3.384488954790911  18.401334249586185  12.958098940833800  0.014770001389050  6.333746511074292  0.724779980110359  3.234235837498267  14.151053934754525 -154.589263999463384
        0.000000000879933  3.384488954790911  18.401334249586185  12.958098940833800  0.014769986487889  6.333746605454469  0.724779980110359  3.234235837498267  14.151053934754525 -154.589263999463384
        0.000000002187193  3.384488954790911  18.401334249586185  12.958098940833800  0.014769986487889  6.333746511074292  0.724779995011520  3.234235837498267  14.151053934754525 -154.589263999463384
        0.000000002674084  3.384488954790911  18.401334249586185  12.958098940833800  0.014769986487889  6.333746511074292  0.724779980110359  3.234235885692136  14.151053934754525 -154.589263999463384
        0.000000004423954  3.384488954790911  18.401334249586185  12.958098940833800  0.014769986487889  6.333746511074292  0.724779980110359  3.234235837498267  14.151054145621661 -154.589263999463384
        0.000015277330355  3.384488954790911  18.401334249586185  12.958098940833800  0.014769986487889  6.333746511074292  0.724779980110359  3.234235837498267  14.151053934754525 -154.589266303022924
2023-06-01 19:16:10.150884
