/projects/wagner/highthroughput/mick_graphene_paper/3_data/kc_fitting_dft
2022-08-18 13:20:50.750174
energy_inf: -154.87065645278034
     2535.672725874616845  3.416084000000000  20.021583000000000  10.905510700000001  4.275635400000000  0.010010836000000  0.844712200000000  2.936058400000000  14.313258800000000 -154.870656452780338
        0.000000018717218  3.416084050903618  20.021583000000000  10.905510700000001  4.275635400000000  0.010010836000000  0.844712200000000  2.936058400000000  14.313258800000000 -154.870656452780338
        0.000000019282189  3.416084000000000  20.021583298344837  10.905510700000001  4.275635400000000  0.010010836000000  0.844712200000000  2.936058400000000  14.313258800000000 -154.870656452780338
        0.000000002760085  3.416084000000000  20.021583000000000  10.905510862504773  4.275635400000000  0.010010836000000  0.844712200000000  2.936058400000000  14.313258800000000 -154.870656452780338
        0.000000000499340  3.416084000000000  20.021583000000000  10.905510700000001  4.275635463711932  0.010010836000000  0.844712200000000  2.936058400000000  14.313258800000000 -154.870656452780338
        0.000000000455390  3.416084000000000  20.021583000000000  10.905510700000001  4.275635400000000  0.010010850901161  0.844712200000000  2.936058400000000  14.313258800000000 -154.870656452780338
        0.000000007626080  3.416084000000000  20.021583000000000  10.905510700000001  4.275635400000000  0.010010836000000  0.844712214901161  2.936058400000000  14.313258800000000 -154.870656452780338
        0.000000008542471  3.416084000000000  20.021583000000000  10.905510700000001  4.275635400000000  0.010010836000000  0.844712200000000  2.936058443750679  14.313258800000000 -154.870656452780338
        0.000000009622645  3.416084000000000  20.021583000000000  10.905510700000001  4.275635400000000  0.010010836000000  0.844712200000000  2.936058400000000  14.313259013284176 -154.870656452780338
        0.000037770100898  3.416084000000000  20.021583000000000  10.905510700000001  4.275635400000000  0.010010836000000  0.844712200000000  2.936058400000000  14.313258800000000 -154.870658760532962
        0.288278296368451  3.383005748085329  2.310543200036459  0.131917421238130  7.594059110320056  27.523492642289831  0.235872124754897  2.935706372200106  14.287097437008207 -154.870578655261340
        0.194742124908801  3.365618040383559  17.491210695188077  9.318970339076985  5.792237860749360  7.987539297159775  0.701377409634373  2.896495825015331  14.273972552126551 -154.870574529186399
        0.000000016788923  3.365618090535176  17.491210695188077  9.318970339076985  5.792237860749360  7.987539297159775  0.701377409634373  2.896495825015331  14.273972552126551 -154.870574529186399
        0.000000015946527  3.365618040383559  17.491210955827427  9.318970339076985  5.792237860749360  7.987539297159775  0.701377409634373  2.896495825015331  14.273972552126551 -154.870574529186399
        0.000000002013628  3.365618040383559  17.491210695188077  9.318970477940464  5.792237860749360  7.987539297159775  0.701377409634373  2.896495825015331  14.273972552126551 -154.870574529186399
        0.000000000248942  3.365618040383559  17.491210695188077  9.318970339076985  5.792237947060430  7.987539297159775  0.701377409634373  2.896495825015331  14.273972552126551 -154.870574529186399
        0.000000001770406  3.365618040383559  17.491210695188077  9.318970339076985  5.792237860749360  7.987539416183385  0.701377409634373  2.896495825015331  14.273972552126551 -154.870574529186399
        0.000000004218586  3.365618040383559  17.491210695188077  9.318970339076985  5.792237860749360  7.987539297159775  0.701377424535534  2.896495825015331  14.273972552126551 -154.870574529186399
        0.000000009630889  3.365618040383559  17.491210695188077  9.318970339076985  5.792237860749360  7.987539297159775  0.701377409634373  2.896495868176482  14.273972552126551 -154.870574529186399
        0.000000006360788  3.365618040383559  17.491210695188077  9.318970339076985  5.792237860749360  7.987539297159775  0.701377409634373  2.896495825015331  14.273972764825317 -154.870574529186399
        0.000037770910832  3.365618040383559  17.491210695188077  9.318970339076985  5.792237860749360  7.987539297159775  0.701377409634373  2.896495825015331  14.273972552126551 -154.870576836937801
        0.025961701517347  3.355238391651193  23.410191510028120  15.351966340087507  1.810400487733790  0.970746889345562  0.949778668113433  2.898830368427550  14.271528607038849 -154.870349897275162
        0.018167112230545  3.359370712569813  19.437955929743353  9.606877575173572  6.385793180761908  5.911961769008110  0.758675307853147  2.915991034021837  14.271225994428422 -154.870327673022672
        0.000000017147405  3.359370762628338  19.437955929743353  9.606877575173572  6.385793180761908  5.911961769008110  0.758675307853147  2.915991034021837  14.271225994428422 -154.870327673022672
        0.000000016115652  3.359370712569813  19.437956219391467  9.606877575173572  6.385793180761908  5.911961769008110  0.758675307853147  2.915991034021837  14.271225994428422 -154.870327673022672
        0.000000002243293  3.359370712569813  19.437955929743353  9.606877718327203  6.385793180761908  5.911961769008110  0.758675307853147  2.915991034021837  14.271225994428422 -154.870327673022672
        0.000000000327703  3.359370712569813  19.437955929743353  9.606877575173572  6.385793275917642  5.911961769008110  0.758675307853147  2.915991034021837  14.271225994428422 -154.870327673022672
        0.000000000924814  3.359370712569813  19.437955929743353  9.606877575173572  6.385793180761908  5.911961857103206  0.758675307853147  2.915991034021837  14.271225994428422 -154.870327673022672
        0.000000005367862  3.359370712569813  19.437955929743353  9.606877575173572  6.385793180761908  5.911961769008110  0.758675322754308  2.915991034021837  14.271225994428422 -154.870327673022672
        0.000000009810765  3.359370712569813  19.437955929743353  9.606877575173572  6.385793180761908  5.911961769008110  0.758675307853147  2.915991077473489  14.271225994428422 -154.870327673022672
        0.000000006552627  3.359370712569813  19.437955929743353  9.606877575173572  6.385793180761908  5.911961769008110  0.758675307853147  2.915991034021837  14.271226207086261 -154.870327673022672
        0.000037770947403  3.359370712569813  19.437955929743353  9.606877575173572  6.385793180761908  5.911961769008110  0.758675307853147  2.915991034021837  14.271225994428422 -154.870329980770379
        0.002750888211570  3.365057593509180  19.352456527024206  9.748870732039004  6.406593015714583  5.907640001613780  0.757163466511208  2.896726533378736  14.465158582178889 -154.870006203649638
        0.000000017115624  3.365057643652446  19.352456527024206  9.748870732039004  6.406593015714583  5.907640001613780  0.757163466511208  2.896726533378736  14.465158582178889 -154.870006203649638
        0.000000016167140  3.365057593509180  19.352456815398281  9.748870732039004  6.406593015714583  5.907640001613780  0.757163466511208  2.896726533378736  14.465158582178889 -154.870006203649638
        0.000000002258807  3.365057593509180  19.352456527024206  9.748870877308498  6.406593015714583  5.907640001613780  0.757163466511208  2.896726533378736  14.465158582178889 -154.870006203649638
        0.000000000332733  3.365057593509180  19.352456527024206  9.748870732039004  6.406593111180258  5.907640001613780  0.757163466511208  2.896726533378736  14.465158582178889 -154.870006203649638
        0.000000000946784  3.365057593509180  19.352456527024206  9.748870732039004  6.406593015714583  5.907640089644476  0.757163466511208  2.896726533378736  14.465158582178889 -154.870006203649638
        0.000000005493657  3.365057593509180  19.352456527024206  9.748870732039004  6.406593015714583  5.907640001613780  0.757163481412369  2.896726533378736  14.465158582178889 -154.870006203649638
        0.000000009948658  3.365057593509180  19.352456527024206  9.748870732039004  6.406593015714583  5.907640001613780  0.757163466511208  2.896726576543324  14.465158582178889 -154.870006203649638
        0.000000006797507  3.365057593509180  19.352456527024206  9.748870732039004  6.406593015714583  5.907640001613780  0.757163466511208  2.896726533378736  14.465158797726549 -154.870006203649638
        0.000037770665603  3.365057593509180  19.352456527024206  9.748870732039004  6.406593015714583  5.907640001613780  0.757163466511208  2.896726533378736  14.465158582178889 -154.870008511392570
        0.004924339901960  3.375618995923289  22.239768086161316  12.425093754684749  6.119207344148618  1.600169471297440  0.853975371926160  2.849841101619260  14.460727320384969 -154.869778881816188
        0.004716032369136  3.376095482343974  19.873724694253387  10.186375756623274  6.642101166155721  4.636982678184147  0.780579360601245  2.868756198945958  14.455579425968713 -154.869775414158596
        0.000000017111416  3.376095532651717  19.873724694253387  10.186375756623274  6.642101166155721  4.636982678184147  0.780579360601245  2.868756198945958  14.455579425968713 -154.869775414158596
        0.000000016157963  3.376095482343974  19.873724990394962  10.186375756623274  6.642101166155721  4.636982678184147  0.780579360601245  2.868756198945958  14.455579425968713 -154.869775414158596
        0.000000002396413  3.376095482343974  19.873724694253387  10.186375908412101  6.642101166155721  4.636982678184147  0.780579360601245  2.868756198945958  14.455579425968713 -154.869775414158596
        0.000000000371349  3.376095482343974  19.873724694253387  10.186375756623274  6.642101265130741  4.636982678184147  0.780579360601245  2.868756198945958  14.455579425968713 -154.869775414158596
        0.000000000517625  3.376095482343974  19.873724694253387  10.186375756623274  6.642101166155721  4.636982747280573  0.780579360601245  2.868756198945958  14.455579425968713 -154.869775414158596
        0.000000006309417  3.376095482343974  19.873724694253387  10.186375756623274  6.642101166155721  4.636982678184147  0.780579375502406  2.868756198945958  14.455579425968713 -154.869775414158596
        0.000000010131231  3.376095482343974  19.873724694253387  10.186375756623274  6.642101166155721  4.636982678184147  0.780579360601245  2.868756241693756  14.455579425968713 -154.869775414158596
        0.000000007292394  3.376095482343974  19.873724694253387  10.186375756623274  6.642101166155721  4.636982678184147  0.780579360601245  2.868756198945958  14.455579641373632 -154.869775414158596
        0.000037770442271  3.376095482343974  19.873724694253387  10.186375756623274  6.642101166155721  4.636982678184147  0.780579360601245  2.868756198945958  14.455579425968713 -154.869777721898089
        0.000162331745458  3.376916363904670  19.889101280261585  10.241033461226985  6.658656128743206  4.609942052923782  0.780200861364639  2.865732637960214  14.465408738797084 -154.869753621351663
        0.000000017106656  3.376916414224645  19.889101280261585  10.241033461226985  6.658656128743206  4.609942052923782  0.780200861364639  2.865732637960214  14.465408738797084 -154.869753621351663
        0.000000016158194  3.376916363904670  19.889101576632289  10.241033461226985  6.658656128743206  4.609942052923782  0.780200861364639  2.865732637960214  14.465408738797084 -154.869753621351663
        0.000000002400717  3.376916363904670  19.889101280261585  10.241033613830275  6.658656128743206  4.609942052923782  0.780200861364639  2.865732637960214  14.465408738797084 -154.869753621351663
        0.000000000372694  3.376916363904670  19.889101280261585  10.241033461226985  6.658656227964914  4.609942052923782  0.780200861364639  2.865732637960214  14.465408738797084 -154.869753621351663
        0.000000000509962  3.376916363904670  19.889101280261585  10.241033461226985  6.658656128743206  4.609942121617272  0.780200861364639  2.865732637960214  14.465408738797084 -154.869753621351663
        0.000000006355468  3.376916363904670  19.889101280261585  10.241033461226985  6.658656128743206  4.609942052923782  0.780200876265800  2.865732637960214  14.465408738797084 -154.869753621351663
        0.000000010161402  3.376916363904670  19.889101280261585  10.241033461226985  6.658656128743206  4.609942052923782  0.780200861364639  2.865732680662958  14.465408738797084 -154.869753621351663
        0.000000007325129  3.376916363904670  19.889101280261585  10.241033461226985  6.658656128743206  4.609942052923782  0.780200861364639  2.865732637960214  14.465408954348471 -154.869753621351663
        0.000037770417670  3.376916363904670  19.889101280261585  10.241033461226985  6.658656128743206  4.609942052923782  0.780200861364639  2.865732637960214  14.465408738797084 -154.869755929090815
        0.000251685813506  3.395530317728523  20.648296524341053  11.307007613516358  6.316676761914176  2.023791595173160  0.826438979092307  2.850782018437455  13.982739629395434 -154.869755134363004
        0.000000017100083  3.395530368325867  20.648296524341053  11.307007613516358  6.316676761914176  2.023791595173160  0.826438979092307  2.850782018437455  13.982739629395434 -154.869755134363004
        0.000000016081684  3.395530317728523  20.648296832024648  11.307007613516358  6.316676761914176  2.023791595173160  0.826438979092307  2.850782018437455  13.982739629395434 -154.869755134363004
        0.000000002629244  3.395530317728523  20.648296524341053  11.307007782003902  6.316676761914176  2.023791595173160  0.826438979092307  2.850782018437455  13.982739629395434 -154.869755134363004
        0.000000000387985  3.395530317728523  20.648296524341053  11.307007613516358  6.316676856039995  2.023791595173160  0.826438979092307  2.850782018437455  13.982739629395434 -154.869755134363004
        0.000000000436736  3.395530317728523  20.648296524341053  11.307007613516358  6.316676761914176  2.023791625330004  0.826438979092307  2.850782018437455  13.982739629395434 -154.869755134363004
        0.000000007701230  3.395530317728523  20.648296524341053  11.307007613516358  6.316676761914176  2.023791595173160  0.826438993993468  2.850782018437455  13.982739629395434 -154.869755134363004
        0.000000009988306  3.395530317728523  20.648296524341053  11.307007613516358  6.316676761914176  2.023791595173160  0.826438979092307  2.850782060917417  13.982739629395434 -154.869755134363004
        0.000000008076114  3.395530317728523  20.648296524341053  11.307007613516358  6.316676761914176  2.023791595173160  0.826438979092307  2.850782018437455  13.982739837754492 -154.869755134363004
        0.000037770426634  3.395530317728523  20.648296524341053  11.307007613516358  6.316676761914176  2.023791595173160  0.826438979092307  2.850782018437455  13.982739629395434 -154.869757442102184
        0.000168312287195  3.396176586448486  20.659550921256521  11.279989543507066  6.333903077632608  2.016327771194277  0.826068487942977  2.849060949503731  13.984425360707281 -154.869750188723259
        0.000000017104545  3.396176637055460  20.659550921256521  11.279989543507066  6.333903077632608  2.016327771194277  0.826068487942977  2.849060949503731  13.984425360707281 -154.869750188723259
        0.000000016086938  3.396176586448486  20.659551229107819  11.279989543507066  6.333903077632608  2.016327771194277  0.826068487942977  2.849060949503731  13.984425360707281 -154.869750188723259
        0.000000002636711  3.396176586448486  20.659550921256521  11.279989711592009  6.333903077632608  2.016327771194277  0.826068487942977  2.849060949503731  13.984425360707281 -154.869750188723259
        0.000000000388572  3.396176586448486  20.659550921256521  11.279989543507066  6.333903172015119  2.016327771194277  0.826068487942977  2.849060949503731  13.984425360707281 -154.869750188723259
        0.000000000442287  3.396176586448486  20.659550921256521  11.279989543507066  6.333903077632608  2.016327801239902  0.826068487942977  2.849060949503731  13.984425360707281 -154.869750188723259
        0.000000007723419  3.396176586448486  20.659550921256521  11.279989543507066  6.333903077632608  2.016327771194277  0.826068502844138  2.849060949503731  13.984425360707281 -154.869750188723259
        0.000000010000031  3.396176586448486  20.659550921256521  11.279989543507066  6.333903077632608  2.016327771194277  0.826068487942977  2.849060991958047  13.984425360707281 -154.869750188723259
        0.000000008098516  3.396176586448486  20.659550921256521  11.279989543507066  6.333903077632608  2.016327771194277  0.826068487942977  2.849060949503731  13.984425569091457 -154.869750188723259
        0.000037770414478  3.396176586448486  20.659550921256521  11.279989543507066  6.333903077632608  2.016327771194277  0.826068487942977  2.849060949503731  13.984425360707281 -154.869752496462382
        0.000052701563564  3.404335504488182  20.699450611779653  11.421411570371989  6.362788532091660  1.303642361776538  0.834951474475762  2.844931630267788  13.778924957008375 -154.869751735515337
        0.000000017117538  3.404335555216734  20.699450611779653  11.421411570371989  6.362788532091660  1.303642361776538  0.834951474475762  2.844931630267788  13.778924957008375 -154.869751735515337
        0.000000016075635  3.404335504488182  20.699450920225502  11.421411570371989  6.362788532091660  1.303642361776538  0.834951474475762  2.844931630267788  13.778924957008375 -154.869751735515337
        0.000000002704922  3.404335504488182  20.699450611779653  11.421411740564283  6.362788532091660  1.303642361776538  0.834951474475762  2.844931630267788  13.778924957008375 -154.869751735515337
        0.000000000401937  3.404335504488182  20.699450611779653  11.421411570371989  6.362788626904598  1.303642361776538  0.834951474475762  2.844931630267788  13.778924957008375 -154.869751735515337
        0.000000000707559  3.404335504488182  20.699450611779653  11.421411570371989  6.362788532091660  1.303642381202323  0.834951474475762  2.844931630267788  13.778924957008375 -154.869751735515337
        0.000000008157738  3.404335504488182  20.699450611779653  11.421411570371989  6.362788532091660  1.303642361776538  0.834951489376923  2.844931630267788  13.778924957008375 -154.869751735515337
        0.000000009942711  3.404335504488182  20.699450611779653  11.421411570371989  6.362788532091660  1.303642361776538  0.834951474475762  2.844931672660573  13.778924957008375 -154.869751735515337
        0.000000008365395  3.404335504488182  20.699450611779653  11.421411570371989  6.362788532091660  1.303642361776538  0.834951474475762  2.844931630267788  13.778925162330356 -154.869751735515337
        0.000037770418101  3.404335504488182  20.699450611779653  11.421411570371989  6.362788532091660  1.303642361776538  0.834951474475762  2.844931630267788  13.778924957008375 -154.869754043254460
        0.000354491336367  3.406520546984575  21.427916749382884  12.057659765722356  6.455942302720078  0.213020739676742  0.852174208347074  2.837187947371179  13.728133539445162 -154.869750497149738
        0.000260613272414  3.406234776364248  20.833348830377965  11.563281343682357  6.368734417697823  0.995206564423593  0.839735067946369  2.842494112294414  13.736600602178022 -154.869750131565752
        0.000000017117339  3.406234827121102  20.833348830377965  11.563281343682357  6.368734417697823  0.995206564423593  0.839735067946369  2.842494112294414  13.736600602178022 -154.869750131565752
        0.000000016068511  3.406234776364248  20.833349140819053  11.563281343682357  6.368734417697823  0.995206564423593  0.839735067946369  2.842494112294414  13.736600602178022 -154.869750131565752
        0.000000002737495  3.406234776364248  20.833348830377965  11.563281515988676  6.368734417697823  0.995206564423593  0.839735067946369  2.842494112294414  13.736600602178022 -154.869750131565752
        0.000000000407862  3.406234776364248  20.833348830377965  11.563281343682357  6.368734512599361  0.995206564423593  0.839735067946369  2.842494112294414  13.736600602178022 -154.869750131565752
        0.000000000823719  3.406234776364248  20.833348830377965  11.563281343682357  6.368734417697823  0.995206579324754  0.839735067946369  2.842494112294414  13.736600602178022 -154.869750131565752
        0.000000008347101  3.406234776364248  20.833348830377965  11.563281343682357  6.368734417697823  0.995206564423593  0.839735082847530  2.842494112294414  13.736600602178022 -154.869750131565752
        0.000000009941938  3.406234776364248  20.833348830377965  11.563281343682357  6.368734417697823  0.995206564423593  0.839735067946369  2.842494154650877  13.736600602178022 -154.869750131565752
        0.000000008457644  3.406234776364248  20.833348830377965  11.563281343682357  6.368734417697823  0.995206564423593  0.839735067946369  2.842494112294414  13.736600806869323 -154.869750131565752
        0.000037770415697  3.406234776364248  20.833348830377965  11.563281343682357  6.368734417697823  0.995206564423593  0.839735067946369  2.842494112294414  13.736600602178022 -154.869752439304875
        0.000031995834658  3.405098465548921  20.932990462292533  11.628385821532467  6.389585093038581  0.956870705315903  0.840450702926166  2.842229794324068  13.763722037988112 -154.869750499876830
        0.000000017108514  3.405098516288842  20.932990462292533  11.628385821532467  6.389585093038581  0.956870705315903  0.840450702926166  2.842229794324068  13.763722037988112 -154.869750499876830
        0.000000016064020  3.405098465548921  20.932990774218400  11.628385821532467  6.389585093038581  0.956870705315903  0.840450702926166  2.842229794324068  13.763722037988112 -154.869750499876830
        0.000000002741847  3.405098465548921  20.932990462292533  11.628385994808918  6.389585093038581  0.956870705315903  0.840450702926166  2.842229794324068  13.763722037988112 -154.869750499876830
        0.000000000408619  3.405098465548921  20.932990462292533  11.628385821532467  6.389585188250818  0.956870705315903  0.840450702926166  2.842229794324068  13.763722037988112 -154.869750499876830
        0.000000000825937  3.405098465548921  20.932990462292533  11.628385821532467  6.389585093038581  0.956870720217064  0.840450702926166  2.842229794324068  13.763722037988112 -154.869750499876830
        0.000000008357843  3.405098465548921  20.932990462292533  11.628385821532467  6.389585093038581  0.956870705315903  0.840450717827327  2.842229794324068  13.763722037988112 -154.869750499876830
        0.000000009961687  3.405098465548921  20.932990462292533  11.628385821532467  6.389585093038581  0.956870705315903  0.840450702926166  2.842229836676592  13.763722037988112 -154.869750499876830
        0.000000008445612  3.405098465548921  20.932990462292533  11.628385821532467  6.389585093038581  0.956870705315903  0.840450702926166  2.842229794324068  13.763722243083553 -154.869750499876830
        0.000037770415960  3.405098465548921  20.932990462292533  11.628385821532467  6.389585093038581  0.956870705315903  0.840450702926166  2.842229794324068  13.763722037988112 -154.869752807615953
        0.000053799927117  3.405317434067682  21.130483298192413  11.793793150193629  6.421188263701514  0.687554368645704  0.844566748481116  2.840408549578387  13.757845225508614 -154.869750625706473
        0.000000017097702  3.405317484810866  21.130483298192413  11.793793150193629  6.421188263701514  0.687554368645704  0.844566748481116  2.840408549578387  13.757845225508614 -154.869750625706473
        0.000000016053634  3.405317434067682  21.130483613061152  11.793793150193629  6.421188263701514  0.687554368645704  0.844566748481116  2.840408549578387  13.757845225508614 -154.869750625706473
        0.000000002770154  3.405317434067682  21.130483298192413  11.793793325934843  6.421188263701514  0.687554368645704  0.844566748481116  2.840408549578387  13.757845225508614 -154.869750625706473
        0.000000000414048  3.405317434067682  21.130483298192413  11.793793150193629  6.421188359384675  0.687554368645704  0.844566748481116  2.840408549578387  13.757845225508614 -154.869750625706473
        0.000000000838322  3.405317434067682  21.130483298192413  11.793793150193629  6.421188263701514  0.687554383546865  0.844566748481116  2.840408549578387  13.757845225508614 -154.869750625706473
        0.000000008429430  3.405317434067682  21.130483298192413  11.793793150193629  6.421188263701514  0.687554368645704  0.844566763382277  2.840408549578387  13.757845225508614 -154.869750625706473
        0.000000009979013  3.405317434067682  21.130483298192413  11.793793150193629  6.421188263701514  0.687554368645704  0.844566748481116  2.840408591903773  13.757845225508614 -154.869750625706473
        0.000000008500063  3.405317434067682  21.130483298192413  11.793793150193629  6.421188263701514  0.687554368645704  0.844566748481116  2.840408549578387  13.757845430516484 -154.869750625706473
        0.000037770416308  3.405317434067682  21.130483298192413  11.793793150193629  6.421188263701514  0.687554368645704  0.844566748481116  2.840408549578387  13.757845225508614 -154.869752933445596
        0.000024149478441  3.405060019314115  21.158784477483120  11.813163930305031  6.426426578073356  0.672745783500410  0.844817855748665  2.840218051022211  13.764849451773827 -154.869750204693105
        0.000000017094519  3.405060070053463  21.158784477483120  11.813163930305031  6.426426578073356  0.672745783500410  0.844817855748665  2.840218051022211  13.764849451773827 -154.869750204693105
        0.000000016052200  3.405060019314115  21.158784792773577  11.813163930305031  6.426426578073356  0.672745783500410  0.844817855748665  2.840218051022211  13.764849451773827 -154.869750204693105
        0.000000002771866  3.405060019314115  21.158784477483120  11.813164106334890  6.426426578073356  0.672745783500410  0.844817855748665  2.840218051022211  13.764849451773827 -154.869750204693105
        0.000000000414358  3.405060019314115  21.158784477483120  11.813163930305031  6.426426673834574  0.672745783500410  0.844817855748665  2.840218051022211  13.764849451773827 -154.869750204693105
        0.000000000839041  3.405060019314115  21.158784477483120  11.813163930305031  6.426426578073356  0.672745798401571  0.844817855748665  2.840218051022211  13.764849451773827 -154.869750204693105
        0.000000008433851  3.405060019314115  21.158784477483120  11.813163930305031  6.426426578073356  0.672745783500410  0.844817870649826  2.840218051022211  13.764849451773827 -154.869750204693105
        0.000000009984442  3.405060019314115  21.158784477483120  11.813163930305031  6.426426578073356  0.672745783500410  0.844817855748665  2.840218093344758  13.764849451773827 -154.869750204693105
        0.000000008498953  3.405060019314115  21.158784477483120  11.813163930305031  6.426426578073356  0.672745783500410  0.844817855748665  2.840218051022211  13.764849656886067 -154.869750204693105
        0.000037770415834  3.405060019314115  21.158784477483120  11.813163930305031  6.426426578073356  0.672745783500410  0.844817855748665  2.840218051022211  13.764849451773827 -154.869752512432228
        0.000145385176873  3.400297051984890  21.818146994671718  12.277818469979731  6.584706770539966  0.205472195544603  0.851820560902469  2.837006585539157  13.879218268861285 -154.869750506077196
        0.000108767002856  3.405533996837645  21.227341631337559  11.876196648784127  6.438365082293139  0.548202021854035  0.846596431475888  2.839372882278362  13.753171092282237 -154.869750197150751
        0.000000017091491  3.405534047584056  21.227341631337559  11.876196648784127  6.438365082293139  0.548202021854035  0.846596431475888  2.839372882278362  13.753171092282237 -154.869750197150751
        0.000000016048412  3.405533996837645  21.227341947649599  11.876196648784127  6.438365082293139  0.548202021854035  0.846596431475888  2.839372882278362  13.753171092282237 -154.869750197150751
        0.000000002784858  3.405533996837645  21.227341631337559  11.876196825753247  6.438365082293139  0.548202021854035  0.846596431475888  2.839372882278362  13.753171092282237 -154.869750197150751
        0.000000000416964  3.405533996837645  21.227341631337559  11.876196648784127  6.438365178232255  0.548202021854035  0.846596431475888  2.839372882278362  13.753171092282237 -154.869750197150751
        0.000000000844951  3.405533996837645  21.227341631337559  11.876196648784127  6.438365082293139  0.548202036755196  0.846596431475888  2.839372882278362  13.753171092282237 -154.869750197150751
        0.000000008467678  3.405533996837645  21.227341631337559  11.876196648784127  6.438365082293139  0.548202021854035  0.846596446377049  2.839372882278362  13.753171092282237 -154.869750197150751
        0.000000009987607  3.405533996837645  21.227341631337559  11.876196648784127  6.438365082293139  0.548202021854035  0.846596431475888  2.839372924588315  13.753171092282237 -154.869750197150751
        0.000000008530636  3.405533996837645  21.227341631337559  11.876196648784127  6.438365082293139  0.548202021854035  0.846596431475888  2.839372882278362  13.753171297220456 -154.869750197150751
        0.000037770415952  3.405533996837645  21.227341631337559  11.876196648784127  6.438365082293139  0.548202021854035  0.846596431475888  2.839372882278362  13.753171092282237 -154.869752504889874
        0.000038999388240  3.405488496080967  21.316881782871612  11.949055477330729  6.453135826568708  0.437894006148626  0.848263848950579  2.838590102625683  13.754292150457459 -154.869750165924501
        0.000000017085894  3.405488546826700  21.316881782871612  11.949055477330729  6.453135826568708  0.437894006148626  0.848263848950579  2.838590102625683  13.754292150457459 -154.869750165924501
        0.000000016043955  3.405488496080967  21.316882100517905  11.949055477330729  6.453135826568708  0.437894006148626  0.848263848950579  2.838590102625683  13.754292150457459 -154.869750165924501
        0.000000002796565  3.405488496080967  21.316881782871612  11.949055655385530  6.453135826568708  0.437894006148626  0.848263848950579  2.838590102625683  13.754292150457459 -154.869750165924501
        0.000000000419344  3.405488496080967  21.316881782871612  11.949055477330729  6.453135922727926  0.437894006148626  0.848263848950579  2.838590102625683  13.754292150457459 -154.869750165924501
        0.000000000849998  3.405488496080967  21.316881782871612  11.949055477330729  6.453135826568708  0.437894021049787  0.848263848950579  2.838590102625683  13.754292150457459 -154.869750165924501
        0.000000008497056  3.405488496080967  21.316881782871612  11.949055477330729  6.453135826568708  0.437894006148626  0.848263863851740  2.838590102625683  13.754292150457459 -154.869750165924501
        0.000000009996792  3.405488496080967  21.316881782871612  11.949055477330729  6.453135826568708  0.437894006148626  0.848263848950579  2.838590144923972  13.754292150457459 -154.869750165924501
        0.000000008550793  3.405488496080967  21.316881782871612  11.949055477330729  6.453135826568708  0.437894006148626  0.848263848950579  2.838590102625683  13.754292355412383 -154.869750165924501
        0.000037770415938  3.405488496080967  21.316881782871612  11.949055477330729  6.453135826568708  0.437894006148626  0.848263848950579  2.838590102625683  13.754292150457459 -154.869752473663624
        0.000033802805653  3.406609049709193  21.289425378465133  11.943987983484368  6.440662175347773  0.385141227148648  0.849000662341377  2.838229445234395  13.727165867757980 -154.869750078458878
        0.000000017089584  3.406609100471624  21.289425378465133  11.943987983484368  6.440662175347773  0.385141227148648  0.849000662341377  2.838229445234395  13.727165867757980 -154.869750078458878
        0.000000016044254  3.406609049709193  21.289425695702292  11.943987983484368  6.440662175347773  0.385141227148648  0.849000662341377  2.838229445234395  13.727165867757980 -154.869750078458878
        0.000000002801967  3.406609049709193  21.289425378465133  11.943988161463658  6.440662175347773  0.385141227148648  0.849000662341377  2.838229445234395  13.727165867757980 -154.869750078458878
        0.000000000420459  3.406609049709193  21.289425378465133  11.943987983484368  6.440662271321118  0.385141227148648  0.849000662341377  2.838229445234395  13.727165867757980 -154.869750078458878
        0.000000000851474  3.406609049709193  21.289425378465133  11.943987983484368  6.440662175347773  0.385141242049809  0.849000662341377  2.838229445234395  13.727165867757980 -154.869750078458878
        0.000000008510045  3.406609049709193  21.289425378465133  11.943987983484368  6.440662175347773  0.385141227148648  0.849000677242538  2.838229445234395  13.727165867757980 -154.869750078458878
        0.000000009983228  3.406609049709193  21.289425378465133  11.943987983484368  6.440662175347773  0.385141227148648  0.849000662341377  2.838229487527309  13.727165867757980 -154.869750078458878
        0.000000008580077  3.406609049709193  21.289425378465133  11.943987983484368  6.440662175347773  0.385141227148648  0.849000662341377  2.838229445234395  13.727166072308691 -154.869750078458878
        0.000037770415953  3.406609049709193  21.289425378465133  11.943987983484368  6.440662175347773  0.385141227148648  0.849000662341377  2.838229445234395  13.727165867757980 -154.869752386198002
        0.000029395203172  3.410777037321273  21.271984410178902  11.992156365717069  6.423915090543870  0.082772167640045  0.853023622474422  2.836181537159628  13.625982514202093 -154.869750042503654
        0.000000017097995  3.410777088145811  21.271984410178902  11.992156365717069  6.423915090543870  0.082772167640045  0.853023622474422  2.836181537159628  13.625982514202093 -154.869750042503654
        0.000000016041014  3.410777037321273  21.271984727156170  11.992156365717069  6.423915090543870  0.082772167640045  0.853023622474422  2.836181537159628  13.625982514202093 -154.869750042503654
        0.000000002833497  3.410777037321273  21.271984410178902  11.992156544414124  6.423915090543870  0.082772167640045  0.853023622474422  2.836181537159628  13.625982514202093 -154.869750042503654
        0.000000000427082  3.410777037321273  21.271984410178902  11.992156365717069  6.423915186267664  0.082772167640045  0.853023622474422  2.836181537159628  13.625982514202093 -154.869750042503654
        0.000000000864300  3.410777037321273  21.271984410178902  11.992156365717069  6.423915090543870  0.082772182541207  0.853023622474422  2.836181537159628  13.625982514202093 -154.869750042503654
        0.000000008592054  3.410777037321273  21.271984410178902  11.992156365717069  6.423915090543870  0.082772167640045  0.853023637375583  2.836181537159628  13.625982514202093 -154.869750042503654
        0.000000009945134  3.410777037321273  21.271984410178902  11.992156365717069  6.423915090543870  0.082772167640045  0.853023622474422  2.836181579422026  13.625982514202093 -154.869750042503654
        0.000000008709706  3.410777037321273  21.271984410178902  11.992156365717069  6.423915090543870  0.082772167640045  0.853023622474422  2.836181537159628  13.625982717245055 -154.869750042503654
        0.000037770416502  3.410777037321273  21.271984410178902  11.992156365717069  6.423915090543870  0.082772167640045  0.853023622474422  2.836181537159628  13.625982514202093 -154.869752350242777
        0.000053137390181  3.411594004081063  21.288112328088328  12.017975743362314  6.420613958082576  0.000309515295403  0.854243091031741  2.835589823719339  13.606466455301208 -154.869749946681338
        0.000000017099305  3.411594054917775  21.288112328088328  12.017975743362314  6.420613958082576  0.000309515295403  0.854243091031741  2.835589823719339  13.606466455301208 -154.869749946681338
        0.000000016039685  3.411594004081063  21.288112645305922  12.017975743362314  6.420613958082576  0.000309515295403  0.854243091031741  2.835589823719339  13.606466455301208 -154.869749946681338
        0.000000002842455  3.411594004081063  21.288112328088328  12.017975922444107  6.420613958082576  0.000309515295403  0.854243091031741  2.835589823719339  13.606466455301208 -154.869749946681338
        0.000000000429007  3.411594004081063  21.288112328088328  12.017975743362314  6.420614053757180  0.000309515295403  0.854243091031741  2.835589823719339  13.606466455301208 -154.869749946681338
        0.000000000867404  3.411594004081063  21.288112328088328  12.017975743362314  6.420613958082576  0.000309530196564  0.854243091031741  2.835589823719339  13.606466455301208 -154.869749946681338
        0.000000008613783  3.411594004081063  21.288112328088328  12.017975743362314  6.420613958082576  0.000309515295403  0.854243105932902  2.835589823719339  13.606466455301208 -154.869749946681338
        0.000000009939025  3.411594004081063  21.288112328088328  12.017975743362314  6.420613958082576  0.000309515295403  0.854243091031741  2.835589865972920  13.606466455301208 -154.869749946681338
        0.000000008739715  3.411594004081063  21.288112328088328  12.017975743362314  6.420613958082576  0.000309515295403  0.854243091031741  2.835589823719339  13.606466658053357 -154.869749946681338
        0.000037770415990  3.411594004081063  21.288112328088328  12.017975743362314  6.420613958082576  0.000309515295403  0.854243091031741  2.835589823719339  13.606466455301208 -154.869752254420433
        0.000038206583975  3.411598093515646  21.288117075443779  12.018042766105250  6.420585787130270  0.000010295536079  0.854247729729340  2.835587581193362  13.606368391873071 -154.869749946649307
        0.000000017099373  3.411598144352419  21.288117075443779  12.018042766105250  6.420585787130270  0.000010295536079  0.854247729729340  2.835587581193362  13.606368391873071 -154.869749946649307
        0.000000016039728  3.411598093515646  21.288117392661444  12.018042766105250  6.420585787130270  0.000010295536079  0.854247729729340  2.835587581193362  13.606368391873071 -154.869749946649307
        0.000000002842472  3.411598093515646  21.288117075443779  12.018042945188043  6.420585787130270  0.000010295536079  0.854247729729340  2.835587581193362  13.606368391873071 -154.869749946649307
        0.000000000429005  3.411598093515646  21.288117075443779  12.018042766105250  6.420585882804454  0.000010295536079  0.854247729729340  2.835587581193362  13.606368391873071 -154.869749946649307
        0.000000000867427  3.411598093515646  21.288117075443779  12.018042766105250  6.420585787130270  0.000010310437240  0.854247729729340  2.835587581193362  13.606368391873071 -154.869749946649307
        0.000000008613857  3.411598093515646  21.288117075443779  12.018042766105250  6.420585787130270  0.000010295536079  0.854247744630501  2.835587581193362  13.606368391873071 -154.869749946649307
        0.000000009938977  3.411598093515646  21.288117075443779  12.018042766105250  6.420585787130270  0.000010295536079  0.854247729729340  2.835587623446910  13.606368391873071 -154.869749946649307
        0.000000008739856  3.411598093515646  21.288117075443779  12.018042766105250  6.420585787130270  0.000010295536079  0.854247729729340  2.835587581193362  13.606368594623760 -154.869749946649307
        0.000037770415988  3.411598093515646  21.288117075443779  12.018042766105250  6.420585787130270  0.000010295536079  0.854247729729340  2.835587581193362  13.606368391873071 -154.869752254388402
        0.000038234674058  3.403439280495232  21.781977229672542  12.298439015099170  6.559647604179653  0.000003897718328  0.854465515163735  2.835493611734117  13.802639419443938 -154.869749640621677
        0.000038418259446  3.409563844045032  21.412244339156210  12.089711647773253  6.448068456126258  0.000003386263356  0.854466832694074  2.835496759872300  13.656068027097547 -154.869749638811868
        0.000000017087604  3.409563894851493  21.412244339156210  12.089711647773253  6.448068456126258  0.000003386263356  0.854466832694074  2.835496759872300  13.656068027097547 -154.869749638811868
        0.000000016035634  3.409563844045032  21.412244658223514  12.089711647773253  6.448068456126258  0.000003386263356  0.854466832694074  2.835496759872300  13.656068027097547 -154.869749638811868
        0.000000002842768  3.409563844045032  21.412244339156210  12.089711827923995  6.448068456126258  0.000003386263356  0.854466832694074  2.835496759872300  13.656068027097547 -154.869749638811868
        0.000000000429120  3.409563844045032  21.412244339156210  12.089711647773253  6.448068552209965  0.000003386263356  0.854466832694074  2.835496759872300  13.656068027097547 -154.869749638811868
        0.000000000867927  3.409563844045032  21.412244339156210  12.089711647773253  6.448068456126258  0.000003401164518  0.854466832694074  2.835496759872300  13.656068027097547 -154.869749638811868
        0.000000008613249  3.409563844045032  21.412244339156210  12.089711647773253  6.448068456126258  0.000003386263356  0.854466847595236  2.835496759872300  13.656068027097547 -154.869749638811868
        0.000000009969095  3.409563844045032  21.412244339156210  12.089711647773253  6.448068456126258  0.000003386263356  0.854466832694074  2.835496802124494  13.656068027097547 -154.869749638811868
        0.000000008704881  3.409563844045032  21.412244339156210  12.089711647773253  6.448068456126258  0.000003386263356  0.854466832694074  2.835496759872300  13.656068230588819 -154.869749638811868
        0.000037770415386  3.409563844045032  21.412244339156210  12.089711647773253  6.448068456126258  0.000003386263356  0.854466832694074  2.835496759872300  13.656068027097547 -154.869751946550963
        0.000038382864246  3.409564094825617  21.412243269878751  12.089714435382097  6.448067878607852  0.000014603714468  0.854467062034692  2.835496640462917  13.656061937774293 -154.869749638838698
        0.000000017087637  3.409564145632081  21.412243269878751  12.089714435382097  6.448067878607852  0.000014603714468  0.854467062034692  2.835496640462917  13.656061937774293 -154.869749638838698
        0.000000016035637  3.409564094825617  21.412243588946041  12.089714435382097  6.448067878607852  0.000014603714468  0.854467062034692  2.835496640462917  13.656061937774293 -154.869749638838698
        0.000000002842782  3.409564094825617  21.412243269878751  12.089714615532881  6.448067878607852  0.000014603714468  0.854467062034692  2.835496640462917  13.656061937774293 -154.869749638838698
        0.000000000429143  3.409564094825617  21.412243269878751  12.089714435382097  6.448067974691551  0.000014603714468  0.854467062034692  2.835496640462917  13.656061937774293 -154.869749638838698
        0.000000000867937  3.409564094825617  21.412243269878751  12.089714435382097  6.448067878607852  0.000014618615629  0.854467062034692  2.835496640462917  13.656061937774293 -154.869749638838698
        0.000000008613256  3.409564094825617  21.412243269878751  12.089714435382097  6.448067878607852  0.000014603714468  0.854467076935853  2.835496640462917  13.656061937774293 -154.869749638838698
        0.000000009969104  3.409564094825617  21.412243269878751  12.089714435382097  6.448067878607852  0.000014603714468  0.854467062034692  2.835496682715110  13.656061937774293 -154.869749638838698
        0.000000008704874  3.409564094825617  21.412243269878751  12.089714435382097  6.448067878607852  0.000014603714468  0.854467062034692  2.835496640462917  13.656062141265473 -154.869749638838698
        0.000037770415382  3.409564094825617  21.412243269878751  12.089714435382097  6.448067878607852  0.000014603714468  0.854467062034692  2.835496640462917  13.656061937774293 -154.869751946577793
        0.000037495466345  3.407543388789754  21.535202250856294  12.158927562457640  6.486686640376749  0.000028643460587  0.854432468072432  2.835509167310625  13.704640012578896 -154.869749669591755
        0.000001599884137  3.409066619990637  21.442713559542526  12.106707728011337  6.458781787364144  0.000002338286080  0.854433130839890  2.835508027146153  13.668044761994418 -154.869749664470163
        0.000000017085122  3.409066670789688  21.442713559542526  12.106707728011337  6.458781787364144  0.000002338286080  0.854433130839890  2.835508027146153  13.668044761994418 -154.869749664470163
        0.000000016034881  3.409066619990637  21.442713879063856  12.106707728011337  6.458781787364144  0.000002338286080  0.854433130839890  2.835508027146153  13.668044761994418 -154.869749664470163
        0.000000002842792  3.409066619990637  21.442713559542526  12.106707908415340  6.458781787364144  0.000002338286080  0.854433130839890  2.835508027146153  13.668044761994418 -154.869749664470163
        0.000000000429130  3.409066619990637  21.442713559542526  12.106707728011337  6.458781883607492  0.000002338286080  0.854433130839890  2.835508027146153  13.668044761994418 -154.869749664470163
        0.000000000868689  3.409066619990637  21.442713559542526  12.106707728011337  6.458781787364144  0.000002353187241  0.854433130839890  2.835508027146153  13.668044761994418 -154.869749664470163
        0.000000008614358  3.409066619990637  21.442713559542526  12.106707728011337  6.458781787364144  0.000002338286080  0.854433145741051  2.835508027146153  13.668044761994418 -154.869749664470163
        0.000000009977529  3.409066619990637  21.442713559542526  12.106707728011337  6.458781787364144  0.000002338286080  0.854433130839890  2.835508069398515  13.668044761994418 -154.869749664470163
        0.000000008696305  3.409066619990637  21.442713559542526  12.106707728011337  6.458781787364144  0.000002338286080  0.854433130839890  2.835508027146153  13.668044965664157 -154.869749664470163
        0.000037770415372  3.409066619990637  21.442713559542526  12.106707728011337  6.458781787364144  0.000002338286080  0.854433130839890  2.835508027146153  13.668044761994418 -154.869751972209258
        0.000037869531984  3.409179401614375  21.435894502439293  12.103252198370878  6.453111053373194  0.000000303650820  0.854510380407384  2.835496779382285  13.665438550593672 -154.869749617231321
        0.000000017085715  3.409179452415106  21.435894502439293  12.103252198370878  6.453111053373194  0.000000303650820  0.854510380407384  2.835496779382285  13.665438550593672 -154.869749617231321
        0.000000016035067  3.409179401614375  21.435894821859012  12.103252198370878  6.453111053373194  0.000000303650820  0.854510380407384  2.835496779382285  13.665438550593672 -154.869749617231321
        0.000000002842851  3.409179401614375  21.435894502439293  12.103252378723390  6.453111053373194  0.000000303650820  0.854510380407384  2.835496779382285  13.665438550593672 -154.869749617231321
        0.000000000429181  3.409179401614375  21.435894502439293  12.103252198370878  6.453111149532042  0.000000303650820  0.854510380407384  2.835496779382285  13.665438550593672 -154.869749617231321
        0.000000000868017  3.409179401614375  21.435894502439293  12.103252198370878  6.453111053373194  0.000000318551981  0.854510380407384  2.835496779382285  13.665438550593672 -154.869749617231321
        0.000000008613092  3.409179401614375  21.435894502439293  12.103252198370878  6.453111053373194  0.000000303650820  0.854510395308545  2.835496779382285  13.665438550593672 -154.869749617231321
        0.000000009974721  3.409179401614375  21.435894502439293  12.103252198370878  6.453111053373194  0.000000303650820  0.854510380407384  2.835496821634480  13.665438550593672 -154.869749617231321
        0.000000008698256  3.409179401614375  21.435894502439293  12.103252198370878  6.453111053373194  0.000000303650820  0.854510380407384  2.835496779382285  13.665438754224574 -154.869749617231321
        0.000037770415306  3.409179401614375  21.435894502439293  12.103252198370878  6.453111053373194  0.000000303650820  0.854510380407384  2.835496779382285  13.665438550593672 -154.869751924970416
        0.000037789682885  3.409308678028602  21.428063133670335  12.099002426419402  6.449545852587885  0.000000143530242  0.854536565542898  2.835490747294019  13.662389860686080 -154.869749581686392
        0.000000017086427  3.409308728831260  21.428063133670335  12.099002426419402  6.449545852587885  0.000000143530242  0.854536565542898  2.835490747294019  13.662389860686080 -154.869749581686392
        0.000000016035298  3.409308678028602  21.428063452973358  12.099002426419402  6.449545852587885  0.000000143530242  0.854536565542898  2.835490747294019  13.662389860686080 -154.869749581686392
        0.000000002842876  3.409308678028602  21.428063133670335  12.099002606708588  6.449545852587885  0.000000143530242  0.854536565542898  2.835490747294019  13.662389860686080 -154.869749581686392
        0.000000000429180  3.409308678028602  21.428063133670335  12.099002426419402  6.449545948693608  0.000000143530242  0.854536565542898  2.835490747294019  13.662389860686080 -154.869749581686392
        0.000000000867703  3.409308678028602  21.428063133670335  12.099002426419402  6.449545852587885  0.000000158431404  0.854536565542898  2.835490747294019  13.662389860686080 -154.869749581686392
        0.000000008612589  3.409308678028602  21.428063133670335  12.099002426419402  6.449545852587885  0.000000143530242  0.854536580444059  2.835490747294019  13.662389860686080 -154.869749581686392
        0.000000009972354  3.409308678028602  21.428063133670335  12.099002426419402  6.449545852587885  0.000000143530242  0.854536565542898  2.835490789546123  13.662389860686080 -154.869749581686392
        0.000000008700493  3.409308678028602  21.428063133670335  12.099002426419402  6.449545852587885  0.000000143530242  0.854536565542898  2.835490747294019  13.662390064271554 -154.869749581686392
        0.000037770415287  3.409308678028602  21.428063133670335  12.099002426419402  6.449545852587885  0.000000143530242  0.854536565542898  2.835490747294019  13.662389860686080 -154.869751889425487
2022-08-18 15:23:57.419676
