/projects/wagner/highthroughput/mick_graphene_paper/3_data/1_kc_fitting
2023-06-01 19:04:37.233363
use a starting guess from the old fit
starting guess parameters:  [ 3.37942338e+00  1.81846722e+01  1.33942071e+01  3.55913531e-03
  6.07493500e+00  7.19345289e-01  3.29308248e+00  1.39067829e+01
 -1.54589368e+02]
     1025.507820120405995  3.379423382381699  18.184672181803677  13.394207130830571  0.003559135312169  6.074935002291668  0.719345289329483  3.293082477932360  13.906782892134125 -154.589367648541639
        0.000000014064352  3.379423432739032  18.184672181803677  13.394207130830571  0.003559135312169  6.074935002291668  0.719345289329483  3.293082477932360  13.906782892134125 -154.589367648541639
        0.000000012948553  3.379423382381699  18.184672452776407  13.394207130830571  0.003559135312169  6.074935002291668  0.719345289329483  3.293082477932360  13.906782892134125 -154.589367648541639
        0.000000001160716  3.379423382381699  18.184672181803677  13.394207330419810  0.003559135312169  6.074935002291668  0.719345289329483  3.293082477932360  13.906782892134125 -154.589367648541639
        0.000000000478097  3.379423382381699  18.184672181803677  13.394207130830571  0.003559150213330  6.074935002291668  0.719345289329483  3.293082477932360  13.906782892134125 -154.589367648541639
        0.000000000825815  3.379423382381699  18.184672181803677  13.394207130830571  0.003559135312169  6.074935092815254  0.719345289329483  3.293082477932360  13.906782892134125 -154.589367648541639
        0.000000002214007  3.379423382381699  18.184672181803677  13.394207130830571  0.003559135312169  6.074935002291668  0.719345304230644  3.293082477932360  13.906782892134125 -154.589367648541639
        0.000000002625951  3.379423382381699  18.184672181803677  13.394207130830571  0.003559135312169  6.074935002291668  0.719345289329483  3.293082527003112  13.906782892134125 -154.589367648541639
        0.000000004345417  3.379423382381699  18.184672181803677  13.394207130830571  0.003559135312169  6.074935002291668  0.719345289329483  3.293082477932360  13.906783099361338 -154.589367648541639
        0.000015277412315  3.379423382381699  18.184672181803677  13.394207130830571  0.003559135312169  6.074935002291668  0.719345289329483  3.293082477932360  13.906782892134125 -154.589369952102714
        0.077397039406479  3.376640472064666  18.274424269893697  23.156561780722715  26.684033672010671  6.086486035210990  0.000590631739654  3.306523989641950  13.901554640029987 -154.589389848889397
        0.067804229905068  3.364970081394088  18.220476387281561  17.119093957602527  6.021697939105814  6.661516150406374  0.518828500046769  3.357928778541607  13.874505858998328 -154.589527963832353
        0.010462716053800  3.365855973617436  18.272292043247479  14.978049163804172  0.661886275536458  6.523788372930747  0.669286531589444  3.355381888771567  13.861602654310323 -154.589523271254848
        0.000000014140396  3.365856023772598  18.272292043247479  14.978049163804172  0.661886275536458  6.523788372930747  0.669286531589444  3.355381888771567  13.861602654310323 -154.589523271254848
        0.000000013096922  3.365855973617436  18.272292315525849  14.978049163804172  0.661886275536458  6.523788372930747  0.669286531589444  3.355381888771567  13.861602654310323 -154.589523271254848
        0.000000001146746  3.365855973617436  18.272292043247479  14.978049386994497  0.661886275536458  6.523788372930747  0.669286531589444  3.355381888771567  13.861602654310323 -154.589523271254848
        0.000000000479558  3.365855973617436  18.272292043247479  14.978049163804172  0.661886290437620  6.523788372930747  0.669286531589444  3.355381888771567  13.861602654310323 -154.589523271254848
        0.000000000856763  3.365855973617436  18.272292043247479  14.978049163804172  0.661886275536458  6.523788470142770  0.669286531589444  3.355381888771567  13.861602654310323 -154.589523271254848
        0.000000002273122  3.365855973617436  18.272292043247479  14.978049163804172  0.661886275536458  6.523788372930747  0.669286546490605  3.355381888771567  13.861602654310323 -154.589523271254848
        0.000000002748965  3.365855973617436  18.272292043247479  14.978049163804172  0.661886275536458  6.523788372930747  0.669286531589444  3.355381938770654  13.861602654310323 -154.589523271254848
        0.000000004161858  3.365855973617436  18.272292043247479  14.978049163804172  0.661886275536458  6.523788372930747  0.669286531589444  3.355381888771567  13.861602860864298 -154.589523271254848
        0.000015277500277  3.365855973617436  18.272292043247479  14.978049163804172  0.661886275536458  6.523788372930747  0.669286531589444  3.355381888771567  13.861602654310323 -154.589525574818254
        0.000588802008079  3.360859082596286  18.460648374928336  15.622235671851243  2.302762702915110  6.626109644564536  0.631397663420313  3.376698115755257  13.852613656068604 -154.589636201629503
        0.000000014247543  3.360859132676989  18.460648374928336  15.622235671851243  2.302762702915110  6.626109644564536  0.631397663420313  3.376698115755257  13.852613656068604 -154.589636201629503
        0.000000013240588  3.360859082596286  18.460648650013432  15.622235671851243  2.302762702915110  6.626109644564536  0.631397663420313  3.376698115755257  13.852613656068604 -154.589636201629503
        0.000000001163904  3.360859082596286  18.460648374928336  15.622235904640695  2.302762702915110  6.626109644564536  0.631397663420313  3.376698115755257  13.852613656068604 -154.589636201629503
        0.000000000389074  3.360859082596286  18.460648374928336  15.622235671851243  2.302762737228948  6.626109644564536  0.631397663420313  3.376698115755257  13.852613656068604 -154.589636201629503
        0.000000000798313  3.360859082596286  18.460648374928336  15.622235671851243  2.302762702915110  6.626109743301265  0.631397663420313  3.376698115755257  13.852613656068604 -154.589636201629503
        0.000000002443259  3.360859082596286  18.460648374928336  15.622235671851243  2.302762702915110  6.626109644564536  0.631397678321474  3.376698115755257  13.852613656068604 -154.589636201629503
        0.000000002904695  3.360859082596286  18.460648374928336  15.622235671851243  2.302762702915110  6.626109644564536  0.631397663420313  3.376698166071979  13.852613656068604 -154.589636201629503
        0.000000004109971  3.360859082596286  18.460648374928336  15.622235671851243  2.302762702915110  6.626109644564536  0.631397663420313  3.376698115755257  13.852613862488633 -154.589636201629503
        0.000015277536253  3.360859082596286  18.460648374928336  15.622235671851243  2.302762702915110  6.626109644564536  0.631397663420313  3.376698115755257  13.852613656068604 -154.589638505194586
        0.000721354588018  3.358571565728386  18.570572698484316  15.674535972803437  1.876468697314728  6.649133459246041  0.640875039157061  3.384831243731452  13.852538994051876 -154.589685634112016
        0.000000014350905  3.358571615775002  18.570572698484316  15.674535972803437  1.876468697314728  6.649133459246041  0.640875039157061  3.384831243731452  13.852538994051876 -154.589685634112016
        0.000000013329309  3.358571565728386  18.570572975207412  15.674535972803437  1.876468697314728  6.649133459246041  0.640875039157061  3.384831243731452  13.852538994051876 -154.589685634112016
        0.000000001160016  3.358571565728386  18.570572698484316  15.674536206372224  1.876468697314728  6.649133459246041  0.640875039157061  3.384831243731452  13.852538994051876 -154.589685634112016
        0.000000000420101  3.358571565728386  18.570572698484316  15.674535972803437  1.876468725276290  6.649133459246041  0.640875039157061  3.384831243731452  13.852538994051876 -154.589685634112016
        0.000000000812510  3.358571565728386  18.570572698484316  15.674535972803437  1.876468697314728  6.649133558325850  0.640875039157061  3.384831243731452  13.852538994051876 -154.589685634112016
        0.000000002401784  3.358571565728386  18.570572698484316  15.674535972803437  1.876468697314728  6.649133459246041  0.640875054058222  3.384831243731452  13.852538994051876 -154.589685634112016
        0.000000002871860  3.358571565728386  18.570572698484316  15.674535972803437  1.876468697314728  6.649133459246041  0.640875039157061  3.384831294169368  13.852538994051876 -154.589685634112016
        0.000000004086013  3.358571565728386  18.570572698484316  15.674535972803437  1.876468697314728  6.649133459246041  0.640875039157061  3.384831243731452  13.852539200470792 -154.589685634112016
        0.000015277551686  3.358571565728386  18.570572698484316  15.674535972803437  1.876468697314728  6.649133459246041  0.640875039157061  3.384831243731452  13.852538994051876 -154.589687937677837
        0.000105544393463  3.357142491470035  18.717203758252747  15.923352893297780  1.042602448713951  6.550380120437872  0.656503177433587  3.389128197903901  13.851062187840645 -154.589718899553247
        0.000070261308963  3.357847247950637  18.629614504345355  15.743281229127797  1.680072003653039  6.599403343628184  0.644838352464631  3.389076688541480  13.836415787230433 -154.589716773704140
        0.000000014370884  3.357847297986460  18.629614504345355  15.743281229127797  1.680072003653039  6.599403343628184  0.644838352464631  3.389076688541480  13.836415787230433 -154.589716773704140
        0.000000013342248  3.357847247950637  18.629614781948245  15.743281229127797  1.680072003653039  6.599403343628184  0.644838352464631  3.389076688541480  13.836415787230433 -154.589716773704140
        0.000000001160276  3.357847247950637  18.629614504345355  15.743281463720969  1.680072003653039  6.599403343628184  0.644838352464631  3.389076688541480  13.836415787230433 -154.589716773704140
        0.000000000435992  3.357847247950637  18.629614504345355  15.743281229127797  1.680072028688063  6.599403343628184  0.644838352464631  3.389076688541480  13.836415787230433 -154.589716773704140
        0.000000000812234  3.357847247950637  18.629614504345355  15.743281229127797  1.680072003653039  6.599403441966957  0.644838352464631  3.389076688541480  13.836415787230433 -154.589716773704140
        0.000000002397142  3.357847247950637  18.629614504345355  15.743281229127797  1.680072003653039  6.599403343628184  0.644838367365792  3.389076688541480  13.836415787230433 -154.589716773704140
        0.000000002858969  3.357847247950637  18.629614504345355  15.743281229127797  1.680072003653039  6.599403343628184  0.644838352464631  3.389076739042658  13.836415787230433 -154.589716773704140
        0.000000004079730  3.357847247950637  18.629614504345355  15.743281229127797  1.680072003653039  6.599403343628184  0.644838352464631  3.389076688541480  13.836415993409094 -154.589716773704140
        0.000015277561043  3.357847247950637  18.629614504345355  15.743281229127797  1.680072003653039  6.599403343628184  0.644838352464631  3.389076688541480  13.836415787230433 -154.589719077270416
        0.000019709853482  3.358989077609623  18.598656711913470  15.730639566987053  1.246066910898541  6.512500916543683  0.653505654960998  3.389417082528079  13.803069929456273 -154.589721158586599
        0.000000014377745  3.358989127662461  18.598656711913470  15.730639566987053  1.246066910898541  6.512500916543683  0.653505654960998  3.389417082528079  13.803069929456273 -154.589721158586599
        0.000000013337456  3.358989077609623  18.598656989055051  15.730639566987053  1.246066910898541  6.512500916543683  0.653505654960998  3.389417082528079  13.803069929456273 -154.589721158586599
        0.000000001158543  3.358989077609623  18.598656711913470  15.730639801391849  1.246066910898541  6.512500916543683  0.653505654960998  3.389417082528079  13.803069929456273 -154.589721158586599
        0.000000000469210  3.358989077609623  18.598656711913470  15.730639566987053  1.246066929466385  6.512500916543683  0.653505654960998  3.389417082528079  13.803069929456273 -154.589721158586599
        0.000000000823691  3.358989077609623  18.598656711913470  15.730639566987053  1.246066910898541  6.512501013587509  0.653505654960998  3.389417082528079  13.803069929456273 -154.589721158586599
        0.000000002374924  3.358989077609623  18.598656711913470  15.730639566987053  1.246066910898541  6.512500916543683  0.653505669862159  3.389417082528079  13.803069929456273 -154.589721158586599
        0.000000002824180  3.358989077609623  18.598656711913470  15.730639566987053  1.246066910898541  6.512500916543683  0.653505654960998  3.389417133034330  13.803069929456273 -154.589721158586599
        0.000000004092928  3.358989077609623  18.598656711913470  15.730639566987053  1.246066910898541  6.512500916543683  0.653505654960998  3.389417082528079  13.803070135138043 -154.589721158586599
        0.000015277562551  3.358989077609623  18.598656711913470  15.730639566987053  1.246066910898541  6.512500916543683  0.653505654960998  3.389417082528079  13.803069929456273 -154.589723462152961
        0.000039343034423  3.359137686786688  18.599007918773736  15.697670550915040  1.141098813078034  6.497964409012451  0.656135557303433  3.389233674634586  13.800349885334208 -154.589720330734622
        0.000000014381188  3.359137736841740  18.599007918773736  15.697670550915040  1.141098813078034  6.497964409012451  0.656135557303433  3.389233674634586  13.800349885334208 -154.589720330734622
        0.000000013337475  3.359137686786688  18.599008195920550  15.697670550915040  1.141098813078034  6.497964409012451  0.656135557303433  3.389233674634586  13.800349885334208 -154.589720330734622
        0.000000001157802  3.359137686786688  18.599007918773736  15.697670784828560  1.141098813078034  6.497964409012451  0.656135557303433  3.389233674634586  13.800349885334208 -154.589720330734622
        0.000000000476604  3.359137686786688  18.599007918773736  15.697670550915040  1.141098830081732  6.497964409012451  0.656135557303433  3.389233674634586  13.800349885334208 -154.589720330734622
        0.000000000827110  3.359137686786688  18.599007918773736  15.697670550915040  1.141098813078034  6.497964505839666  0.656135557303433  3.389233674634586  13.800349885334208 -154.589720330734622
        0.000000002365912  3.359137686786688  18.599007918773736  15.697670550915040  1.141098813078034  6.497964409012451  0.656135572204595  3.389233674634586  13.800349885334208 -154.589720330734622
        0.000000002814004  3.359137686786688  18.599007918773736  15.697670550915040  1.141098813078034  6.497964409012451  0.656135557303433  3.389233725138103  13.800349885334208 -154.589720330734622
        0.000000004095017  3.359137686786688  18.599007918773736  15.697670550915040  1.141098813078034  6.497964409012451  0.656135557303433  3.389233674634586  13.800350090975446 -154.589720330734622
        0.000015277562196  3.359137686786688  18.599007918773736  15.697670550915040  1.141098813078034  6.497964409012451  0.656135557303433  3.389233674634586  13.800349885334208 -154.589722634300955
        0.000014824778581  3.358408991589481  18.652891748413101  15.753861671182730  0.933277205239501  6.500881457422095  0.660176993287522  3.389300712997214  13.817336349995550 -154.589721099668168
        0.000000014376125  3.358409041633675  18.652891748413101  15.753861671182730  0.933277205239501  6.500881457422095  0.660176993287522  3.389300712997214  13.817336349995550 -154.589721099668168
        0.000000013327871  3.358408991589481  18.652892026362846  15.753861671182730  0.933277205239501  6.500881457422095  0.660176993287522  3.389300712997214  13.817336349995550 -154.589721099668168
        0.000000001156196  3.358408991589481  18.652891748413101  15.753861905933562  0.933277205239501  6.500881457422095  0.660176993287522  3.389300712997214  13.817336349995550 -154.589721099668168
        0.000000000488975  3.358408991589481  18.652891748413101  15.753861671182730  0.933277220140663  6.500881457422095  0.660176993287522  3.389300712997214  13.817336349995550 -154.589721099668168
        0.000000000832219  3.358408991589481  18.652891748413101  15.753861671182730  0.933277205239501  6.500881554292778  0.660176993287522  3.389300712997214  13.817336349995550 -154.589721099668168
        0.000000002351589  3.358408991589481  18.652891748413101  15.753861671182730  0.933277205239501  6.500881457422095  0.660177008188683  3.389300712997214  13.817336349995550 -154.589721099668168
        0.000000002803638  3.358408991589481  18.652891748413101  15.753861671182730  0.933277205239501  6.500881457422095  0.660176993287522  3.389300763501730  13.817336349995550 -154.589721099668168
        0.000000004089463  3.358408991589481  18.652891748413101  15.753861671182730  0.933277205239501  6.500881457422095  0.660176993287522  3.389300712997214  13.817336555889906 -154.589721099668168
        0.000015277562568  3.358408991589481  18.652891748413101  15.753861671182730  0.933277205239501  6.500881457422095  0.660176993287522  3.389300712997214  13.817336349995550 -154.589723403234530
        0.000019699062876  3.359373301915543  18.612171498691254  15.701696091996649  0.497561396924296  6.447693016123679  0.669021719509631  3.389546381715967  13.790693717921588 -154.589723448204722
        0.000032157211243  3.358643003154266  18.643303746785126  15.739796161943897  0.824650902541962  6.485884783588803  0.662388007422361  3.389636223710878  13.809125473310122 -154.589723095137458
        0.000000014380310  3.358643053201947  18.643303746785126  15.739796161943897  0.824650902541962  6.485884783588803  0.662388007422361  3.389636223710878  13.809125473310122 -154.589723095137458
        0.000000013329178  3.358643003154266  18.643304024591998  15.739796161943897  0.824650902541962  6.485884783588803  0.662388007422361  3.389636223710878  13.809125473310122 -154.589723095137458
        0.000000001155499  3.358643003154266  18.643303746785126  15.739796396485136  0.824650902541962  6.485884783588803  0.662388007422361  3.389636223710878  13.809125473310122 -154.589723095137458
        0.000000000491014  3.358643003154266  18.643303746785126  15.739796161943897  0.824650917443124  6.485884783588803  0.662388007422361  3.389636223710878  13.809125473310122 -154.589723095137458
        0.000000000830500  3.358643003154266  18.643303746785126  15.739796161943897  0.824650902541962  6.485884880236018  0.662388007422361  3.389636223710878  13.809125473310122 -154.589723095137458
        0.000000002344009  3.358643003154266  18.643303746785126  15.739796161943897  0.824650902541962  6.485884783588803  0.662388022323522  3.389636223710878  13.809125473310122 -154.589723095137458
        0.000000002794341  3.358643003154266  18.643303746785126  15.739796161943897  0.824650902541962  6.485884783588803  0.662388007422361  3.389636274220393  13.809125473310122 -154.589723095137458
        0.000000004091887  3.358643003154266  18.643303746785126  15.739796161943897  0.824650902541962  6.485884783588803  0.662388007422361  3.389636223710878  13.809125679082126 -154.589723095137458
        0.000015277563211  3.358643003154266  18.643303746785126  15.739796161943897  0.824650902541962  6.485884783588803  0.662388007422361  3.389636223710878  13.809125473310122 -154.589725398703848
        0.000018485909882  3.358647989667303  18.643305090052419  15.735529735965097  0.797298208885157  6.487670552732030  0.662983787610834  3.389309709488063  13.811201289947892 -154.589721253223871
        0.000000014378468  3.358648039715058  18.643305090052419  15.735529735965097  0.797298208885157  6.487670552732030  0.662983787610834  3.389309709488063  13.811201289947892 -154.589721253223871
        0.000000013326847  3.358647989667303  18.643305367859313  15.735529735965097  0.797298208885157  6.487670552732030  0.662983787610834  3.389309709488063  13.811201289947892 -154.589721253223871
        0.000000001155119  3.358647989667303  18.643305090052419  15.735529970442762  0.797298208885157  6.487670552732030  0.662983787610834  3.389309709488063  13.811201289947892 -154.589721253223871
        0.000000000491436  3.358647989667303  18.643305090052419  15.735529735965097  0.797298223786318  6.487670552732030  0.662983787610834  3.389309709488063  13.811201289947892 -154.589721253223871
        0.000000000830700  3.358647989667303  18.643305090052419  15.735529735965097  0.797298208885157  6.487670649405854  0.662983787610834  3.389309709488063  13.811201289947892 -154.589721253223871
        0.000000002341042  3.358647989667303  18.643305090052419  15.735529735965097  0.797298208885157  6.487670552732030  0.662983802511996  3.389309709488063  13.811201289947892 -154.589721253223871
        0.000000002792312  3.358647989667303  18.643305090052419  15.735529735965097  0.797298208885157  6.487670552732030  0.662983787610834  3.389309759992714  13.811201289947892 -154.589721253223871
        0.000000004091999  3.358647989667303  18.643305090052419  15.735529735965097  0.797298208885157  6.487670552732030  0.662983787610834  3.389309709488063  13.811201495750829 -154.589721253223871
        0.000015277562628  3.358647989667303  18.643305090052419  15.735529735965097  0.797298208885157  6.487670552732030  0.662983787610834  3.389309709488063  13.811201289947892 -154.589723556790233
2023-06-01 19:16:44.200632
