/projects/wagner/highthroughput/mick_graphene_paper/3_data/kc_fitting_dft
2022-08-18 08:40:03.942854
energy_inf: -154.89183204249554
     2536.019385218373827  3.416084000000000  20.021583000000000  10.905510700000001  4.275635400000000  0.010010836000000  0.844712200000000  2.936058400000000  14.313258800000000 -154.891832042495537
        0.000000018717218  3.416084050903618  20.021583000000000  10.905510700000001  4.275635400000000  0.010010836000000  0.844712200000000  2.936058400000000  14.313258800000000 -154.891832042495537
        0.000000019282189  3.416084000000000  20.021583298344837  10.905510700000001  4.275635400000000  0.010010836000000  0.844712200000000  2.936058400000000  14.313258800000000 -154.891832042495537
        0.000000002760085  3.416084000000000  20.021583000000000  10.905510862504773  4.275635400000000  0.010010836000000  0.844712200000000  2.936058400000000  14.313258800000000 -154.891832042495537
        0.000000000499340  3.416084000000000  20.021583000000000  10.905510700000001  4.275635463711932  0.010010836000000  0.844712200000000  2.936058400000000  14.313258800000000 -154.891832042495537
        0.000000000455390  3.416084000000000  20.021583000000000  10.905510700000001  4.275635400000000  0.010010850901161  0.844712200000000  2.936058400000000  14.313258800000000 -154.891832042495537
        0.000000007626080  3.416084000000000  20.021583000000000  10.905510700000001  4.275635400000000  0.010010836000000  0.844712214901161  2.936058400000000  14.313258800000000 -154.891832042495537
        0.000000008542471  3.416084000000000  20.021583000000000  10.905510700000001  4.275635400000000  0.010010836000000  0.844712200000000  2.936058443750679  14.313258800000000 -154.891832042495537
        0.000000009622645  3.416084000000000  20.021583000000000  10.905510700000001  4.275635400000000  0.010010836000000  0.844712200000000  2.936058400000000  14.313259013284176 -154.891832042495537
        0.000037775266475  3.416084000000000  20.021583000000000  10.905510700000001  4.275635400000000  0.010010836000000  0.844712200000000  2.936058400000000  14.313258800000000 -154.891834350563698
        0.075536101209208  3.313800992558485  13.694620634941860  6.805211849628121  8.801030746170126  11.753352038104975  0.423908498382728  2.940222968759818  14.168959371053012 -154.891539473880556
        0.000000015029462  3.313801041937968  13.694620634941860  6.805211849628121  8.801030746170126  11.753352038104975  0.423908498382728  2.940222968759818  14.168959371053012 -154.891539473880556
        0.000000014912743  3.313800992558485  13.694620839007609  6.805211849628121  8.801030746170126  11.753352038104975  0.423908498382728  2.940222968759818  14.168959371053012 -154.891539473880556
        0.000000001382825  3.313800992558485  13.694620634941860  6.805211951033679  8.801030746170126  11.753352038104975  0.423908498382728  2.940222968759818  14.168959371053012 -154.891539473880556
        0.000000000404628  3.313800992558485  13.694620634941860  6.805211849628121  8.801030877315704  11.753352038104975  0.423908498382728  2.940222968759818  14.168959371053012 -154.891539473880556
        0.000000002726684  3.313800992558485  13.694620634941860  6.805211849628121  8.801030746170126  11.753352213243568  0.423908498382728  2.940222968759818  14.168959371053012 -154.891539473880556
        0.000000003685774  3.313800992558485  13.694620634941860  6.805211849628121  8.801030746170126  11.753352038104975  0.423908513283889  2.940222968759818  14.168959371053012 -154.891539473880556
        0.000000008291878  3.313800992558485  13.694620634941860  6.805211849628121  8.801030746170126  11.753352038104975  0.423908498382728  2.940223012572555  14.168959371053012 -154.891539473880556
        0.000000004698110  3.313800992558485  13.694620634941860  6.805211849628121  8.801030746170126  11.753352038104975  0.423908498382728  2.940222968759818  14.168959582186959 -154.891539473880556
        0.000037776847631  3.313800992558485  13.694620634941860  6.805211849628121  8.801030746170126  11.753352038104975  0.423908498382728  2.940222968759818  14.168959371053012 -154.891541781944341
        0.031838945274481  3.267604678436523  14.081299927911923  7.375547314907469  9.522704304419113  11.535961464638605  0.454768676987418  2.872741809298579  15.695690870134161 -154.891100378906486
        0.000000016670173  3.267604727127627  14.081299927911923  7.375547314907469  9.522704304419113  11.535961464638605  0.454768676987418  2.872741809298579  15.695690870134161 -154.891100378906486
        0.000000017015994  3.267604678436523  14.081300137739643  7.375547314907469  9.522704304419113  11.535961464638605  0.454768676987418  2.872741809298579  15.695690870134161 -154.891100378906486
        0.000000001243025  3.267604678436523  14.081299927911923  7.375547424811688  9.522704304419113  11.535961464638605  0.454768676987418  2.872741809298579  15.695690870134161 -154.891100378906486
        0.000000000409126  3.267604678436523  14.081299927911923  7.375547314907469  9.522704446318466  11.535961464638605  0.454768676987418  2.872741809298579  15.695690870134161 -154.891100378906486
        0.000000002337136  3.267604678436523  14.081299927911923  7.375547314907469  9.522704304419113  11.535961636537827  0.454768676987418  2.872741809298579  15.695690870134161 -154.891100378906486
        0.000000003028336  3.267604678436523  14.081299927911923  7.375547314907469  9.522704304419113  11.535961464638605  0.454768691888579  2.872741809298579  15.695690870134161 -154.891100378906486
        0.000000007860421  3.267604678436523  14.081299927911923  7.375547314907469  9.522704304419113  11.535961464638605  0.454768676987418  2.872741852105768  15.695690870134161 -154.891100378906486
        0.000000004596676  3.267604678436523  14.081299927911923  7.375547314907469  9.522704304419113  11.535961464638605  0.454768676987418  2.872741809298579  15.695691104018181 -154.891100378906486
        0.000037776598421  3.267604678436523  14.081299927911923  7.375547314907469  9.522704304419113  11.535961464638605  0.454768676987418  2.872741809298579  15.695690870134161 -154.891102686963734
        0.007297096531262  3.257627818579641  16.732352621063015  8.167497734616745  10.535585161137638  10.866979342599802  0.491946284615565  2.938060922796439  16.644146431529240 -154.889799122090722
        0.000000018245708  3.257627867122078  16.732352621063015  8.167497734616745  10.535585161137638  10.866979342599802  0.491946284615565  2.938060922796439  16.644146431529240 -154.889799122090722
        0.000000018690925  3.257627818579641  16.732352870394500  8.167497734616745  10.535585161137638  10.866979342599802  0.491946284615565  2.938060922796439  16.644146431529240 -154.889799122090722
        0.000000001430096  3.257627818579641  16.732352621063015  8.167497856321946  10.535585161137638  10.866979342599802  0.491946284615565  2.938060922796439  16.644146431529240 -154.889799122090722
        0.000000000448361  3.257627818579641  16.732352621063015  8.167497734616745  10.535585318130090  10.866979342599802  0.491946284615565  2.938060922796439  16.644146431529240 -154.889799122090722
        0.000000001976570  3.257627818579641  16.732352621063015  8.167497734616745  10.535585161137638  10.866979504530413  0.491946284615565  2.938060922796439  16.644146431529240 -154.889799122090722
        0.000000002943557  3.257627818579641  16.732352621063015  8.167497734616745  10.535585161137638  10.866979342599802  0.491946299516726  2.938060922796439  16.644146431529240 -154.889799122090722
        0.000000007964556  3.257627818579641  16.732352621063015  8.167497734616745  10.535585161137638  10.866979342599802  0.491946284615565  2.938060966576959  16.644146431529240 -154.889799122090722
        0.000000005080074  3.257627818579641  16.732352621063015  8.167497734616745  10.535585161137638  10.866979342599802  0.491946284615565  2.938060922796439  16.644146679546349 -154.889799122090722
        0.000037775954918  3.257627818579641  16.732352621063015  8.167497734616745  10.535585161137638  10.866979342599802  0.491946284615565  2.938060922796439  16.644146431529240 -154.889801430128585
        0.004798591099053  3.196581860835430  22.286626989244624  9.022008207738359  11.843815205909610  10.172815486304714  0.554347171793908  3.087377089631767  17.883687732162166 -154.889507421616656
        0.000000018891804  3.196581908468212  22.286626989244624  9.022008207738359  11.843815205909610  10.172815486304714  0.554347171793908  3.087377089631767  17.883687732162166 -154.889507421616656
        0.000000019404676  3.196581860835430  22.286627321341246  9.022008207738359  11.843815205909610  10.172815486304714  0.554347171793908  3.087377089631767  17.883687732162166 -154.889507421616656
        0.000000001571540  3.196581860835430  22.286626989244624  9.022008342176758  11.843815205909610  10.172815486304714  0.554347171793908  3.087377089631767  17.883687732162166 -154.889507421616656
        0.000000000418694  3.196581860835430  22.286626989244624  9.022008207738359  11.843815382396210  10.172815486304714  0.554347171793908  3.087377089631767  17.883687732162166 -154.889507421616656
        0.000000001290739  3.196581860835430  22.286626989244624  9.022008207738359  11.843815205909610  10.172815637891476  0.554347171793908  3.087377089631767  17.883687732162166 -154.889507421616656
        0.000000002974015  3.196581860835430  22.286626989244624  9.022008207738359  11.843815205909610  10.172815486304714  0.554347186695070  3.087377089631767  17.883687732162166 -154.889507421616656
        0.000000008081358  3.196581860835430  22.286626989244624  9.022008207738359  11.843815205909610  10.172815486304714  0.554347171793908  3.087377135637271  17.883687732162166 -154.889507421616656
        0.000000004688599  3.196581860835430  22.286626989244624  9.022008207738359  11.843815205909610  10.172815486304714  0.554347171793908  3.087377089631767  17.883687998649879 -154.889507421616656
        0.000037776220579  3.196581860835430  22.286626989244624  9.022008207738359  11.843815205909610  10.172815486304714  0.554347171793908  3.087377089631767  17.883687732162166 -154.889509729650172
        0.004422619648231  3.201454759389467  23.242796892759838  9.562384159918995  12.421576634736498  9.745461932794285  0.554411680082867  3.049107389998437  18.184442651394491 -154.889347627975440
        0.000000019343113  3.201454807094860  23.242796892759838  9.562384159918995  12.421576634736498  9.745461932794285  0.554411680082867  3.049107389998437  18.184442651394491 -154.889347627975440
        0.000000019914216  3.201454759389467  23.242797239104501  9.562384159918995  12.421576634736498  9.745461932794285  0.554411680082867  3.049107389998437  18.184442651394491 -154.889347627975440
        0.000000001668351  3.201454759389467  23.242796892759838  9.562384302409622  12.421576634736498  9.745461932794285  0.554411680082867  3.049107389998437  18.184442651394491 -154.889347627975440
        0.000000000446339  3.201454759389467  23.242796892759838  9.562384159918995  12.421576819832413  9.745461932794285  0.554411680082867  3.049107389998437  18.184442651394491 -154.889347627975440
        0.000000001245032  3.201454759389467  23.242796892759838  9.562384159918995  12.421576634736498  9.745462078012984  0.554411680082867  3.049107389998437  18.184442651394491 -154.889347627975440
        0.000000003321101  3.201454759389467  23.242796892759838  9.562384159918995  12.421576634736498  9.745461932794285  0.554411694984028  3.049107389998437  18.184442651394491 -154.889347627975440
        0.000000008414835  3.201454759389467  23.242796892759838  9.562384159918995  12.421576634736498  9.745461932794285  0.554411680082867  3.049107435433678  18.184442651394491 -154.889347627975440
        0.000000004917061  3.201454759389467  23.242796892759838  9.562384159918995  12.421576634736498  9.745461932794285  0.554411680082867  3.049107389998437  18.184442922363804 -154.889347627975440
        0.000037775974470  3.201454759389467  23.242796892759838  9.562384159918995  12.421576634736498  9.745461932794285  0.554411680082867  3.049107389998437  18.184442651394491 -154.889349936006568
        0.002728315219392  3.215158600713410  23.568648157381993  9.469030183272174  12.334104335789432  7.122819025251886  0.574076969217766  3.144876477918559  16.864736807443151 -154.889706430992192
        0.000000019009211  3.215158648623007  23.568648157381993  9.469030183272174  12.334104335789432  7.122819025251886  0.574076969217766  3.144876477918559  16.864736807443151 -154.889706430992192
        0.000000019552067  3.215158600713410  23.568648508582218  9.469030183272174  12.334104335789432  7.122819025251886  0.574076969217766  3.144876477918559  16.864736807443151 -154.889706430992192
        0.000000001754556  3.215158600713410  23.568648157381993  9.469030324371719  12.334104335789432  7.122819025251886  0.574076969217766  3.144876477918559  16.864736807443151 -154.889706430992192
        0.000000000458431  3.215158600713410  23.568648157381993  9.469030183272174  12.334104519581908  7.122819025251886  0.574076969217766  3.144876477918559  16.864736807443151 -154.889706430992192
        0.000000000784543  3.215158600713410  23.568648157381993  9.469030183272174  12.334104335789432  7.122819131390160  0.574076969217766  3.144876477918559  16.864736807443151 -154.889706430992192
        0.000000003919325  3.215158600713410  23.568648157381993  9.469030183272174  12.334104335789432  7.122819025251886  0.574076984118927  3.144876477918559  16.864736807443151 -154.889706430992192
        0.000000007978890  3.215158600713410  23.568648157381993  9.469030183272174  12.334104335789432  7.122819025251886  0.574076969217766  3.144876524780871  16.864736807443151 -154.889706430992192
        0.000000005195703  3.215158600713410  23.568648157381993  9.469030183272174  12.334104335789432  7.122819025251886  0.574076969217766  3.144876477918559  16.864737058747313 -154.889706430992192
        0.000037776455903  3.215158600713410  23.568648157381993  9.469030183272174  12.334104335789432  7.122819025251886  0.574076969217766  3.144876477918559  16.864736807443151 -154.889708739028663
        0.001628025619570  3.208896741973577  24.362022148574528  9.562475802830949  12.744901978604272  6.768785625837507  0.580375606303167  3.163367687604218  16.981323772892054 -154.889778096791531
        0.000000019115903  3.208896789789865  24.362022148574528  9.562475802830949  12.744901978604272  6.768785625837507  0.580375606303167  3.163367687604218  16.981323772892054 -154.889778096791531
        0.000000019671555  3.208896741973577  24.362022511596948  9.562475802830949  12.744901978604272  6.768785625837507  0.580375606303167  3.163367687604218  16.981323772892054 -154.889778096791531
        0.000000001777587  3.208896741973577  24.362022148574528  9.562475945322943  12.744901978604272  6.768785625837507  0.580375606303167  3.163367687604218  16.981323772892054 -154.889778096791531
        0.000000000471896  3.208896741973577  24.362022148574528  9.562475802830949  12.744902168518111  6.768785625837507  0.580375606303167  3.163367687604218  16.981323772892054 -154.889778096791531
        0.000000000692384  3.208896741973577  24.362022148574528  9.562475802830949  12.744901978604272  6.768785726700274  0.580375606303167  3.163367687604218  16.981323772892054 -154.889778096791531
        0.000000004066610  3.208896741973577  24.362022148574528  9.562475802830949  12.744901978604272  6.768785625837507  0.580375621204328  3.163367687604218  16.981323772892054 -154.889778096791531
        0.000000008022042  3.208896741973577  24.362022148574528  9.562475802830949  12.744901978604272  6.768785625837507  0.580375606303167  3.163367734742069  16.981323772892054 -154.889778096791531
        0.000000005179654  3.208896741973577  24.362022148574528  9.562475802830949  12.744901978604272  6.768785625837507  0.580375606303167  3.163367687604218  16.981324025933496 -154.889778096791531
        0.000037776510658  3.208896741973577  24.362022148574528  9.562475802830949  12.744901978604272  6.768785625837507  0.580375606303167  3.163367687604218  16.981323772892054 -154.889780404829082
        0.001708205812697  3.188914728719294  27.176267671074047  9.632287910197810  14.201321044307045  5.086731424800035  0.607917288995625  3.216638343594434  17.095343234056479 -154.890082356605575
        0.000000018986979  3.188914776237826  27.176267671074047  9.632287910197810  14.201321044307045  5.086731424800035  0.607917288995625  3.216638343594434  17.095343234056479 -154.890082356605575
        0.000000019573981  3.188914728719294  27.176268076031992  9.632287910197810  14.201321044307045  5.086731424800035  0.607917288995625  3.216638343594434  17.095343234056479 -154.890082356605575
        0.000000001863811  3.188914728719294  27.176267671074047  9.632288053730084  14.201321044307045  5.086731424800035  0.607917288995625  3.216638343594434  17.095343234056479 -154.890082356605575
        0.000000000533661  3.188914728719294  27.176267671074047  9.632287910197810  14.201321255923219  5.086731424800035  0.607917288995625  3.216638343594434  17.095343234056479 -154.890082356605575
        0.000000000437286  3.188914728719294  27.176267671074047  9.632287910197810  14.201321044307045  5.086731500598240  0.607917288995625  3.216638343594434  17.095343234056479 -154.890082356605575
        0.000000004680134  3.188914728719294  27.176267671074047  9.632287910197810  14.201321044307045  5.086731424800035  0.607917303896787  3.216638343594434  17.095343234056479 -154.890082356605575
        0.000000008185583  3.188914728719294  27.176267671074047  9.632287910197810  14.201321044307045  5.086731424800035  0.607917288995625  3.216638391526081  17.095343234056479 -154.890082356605575
        0.000000005049007  3.188914728719294  27.176267671074047  9.632287910197810  14.201321044307045  5.086731424800035  0.607917288995625  3.216638343594434  17.095343488796946 -154.890082356605575
        0.000037776817854  3.188914728719294  27.176267671074047  9.632287910197810  14.201321044307045  5.086731424800035  0.607917288995625  3.216638343594434  17.095343234056479 -154.890084664647645
        0.001228517269830  3.188326848648652  27.454725496779066  9.704820283169630  14.649192034874362  4.864056421858612  0.603876369088060  3.220938272738129  17.088863714902800 -154.890097117053159
        0.000000019090522  3.188326896158424  27.454725496779066  9.704820283169630  14.649192034874362  4.864056421858612  0.603876369088060  3.220938272738129  17.088863714902800 -154.890097117053159
        0.000000019685449  3.188326848648652  27.454725905886356  9.704820283169630  14.649192034874362  4.864056421858612  0.603876369088060  3.220938272738129  17.088863714902800 -154.890097117053159
        0.000000001877946  3.188326848648652  27.454725496779066  9.704820427782721  14.649192034874362  4.864056421858612  0.603876369088060  3.220938272738129  17.088863714902800 -154.890097117053159
        0.000000000553492  3.188326848648652  27.454725496779066  9.704820283169630  14.649192253164333  4.864056421858612  0.603876369088060  3.220938272738129  17.088863714902800 -154.890097117053159
        0.000000000448431  3.188326848648652  27.454725496779066  9.704820283169630  14.649192034874362  4.864056494338700  0.603876369088060  3.220938272738129  17.088863714902800 -154.890097117053159
        0.000000004765116  3.188326848648652  27.454725496779066  9.704820283169630  14.649192034874362  4.864056421858612  0.603876383989221  3.220938272738129  17.088863714902800 -154.890097117053159
        0.000000008182157  3.188326848648652  27.454725496779066  9.704820283169630  14.649192034874362  4.864056421858612  0.603876369088060  3.220938320733850  17.088863714902800 -154.890097117053159
        0.000000005084945  3.188326848648652  27.454725496779066  9.704820283169630  14.649192034874362  4.864056421858612  0.603876369088060  3.220938272738129  17.088863969546711 -154.890097117053159
        0.000037776832658  3.188326848648652  27.454725496779066  9.704820283169630  14.649192034874362  4.864056421858612  0.603876369088060  3.220938272738129  17.088863714902800 -154.890099425095457
        0.000958790732471  3.198783864177133  27.692516143852657  9.548772884370013  14.630044346991310  2.866219343070338  0.625505572178223  3.253391852496307  16.436468319943316 -154.890271883475975
        0.000000018966538  3.198783911842727  27.692516143852657  9.548772884370013  14.630044346991310  2.866219343070338  0.625505572178223  3.253391852496307  16.436468319943316 -154.890271883475975
        0.000000019582367  3.198783864177133  27.692516556503303  9.548772884370013  14.630044346991310  2.866219343070338  0.625505572178223  3.253391852496307  16.436468319943316 -154.890271883475975
        0.000000001962600  3.198783864177133  27.692516143852657  9.548773026657818  14.630044346991310  2.866219343070338  0.625505572178223  3.253391852496307  16.436468319943316 -154.890271883475975
        0.000000000589072  3.198783864177133  27.692516143852657  9.548772884370013  14.630044564995959  2.866219343070338  0.625505572178223  3.253391852496307  16.436468319943316 -154.890271883475975
        0.000000000551857  3.198783864177133  27.692516143852657  9.548772884370013  14.630044346991310  2.866219385780334  0.625505572178223  3.253391852496307  16.436468319943316 -154.890271883475975
        0.000000005375874  3.198783864177133  27.692516143852657  9.548772884370013  14.630044346991310  2.866219343070338  0.625505587079384  3.253391852496307  16.436468319943316 -154.890271883475975
        0.000000008120467  3.198783864177133  27.692516143852657  9.548772884370013  14.630044346991310  2.866219343070338  0.625505572178223  3.253391900975624  16.436468319943316 -154.890271883475975
        0.000000005308324  3.198783864177133  27.692516143852657  9.548772884370013  14.630044346991310  2.866219343070338  0.625505572178223  3.253391852496307  16.436468564865780 -154.890271883475975
        0.000037777017647  3.198783864177133  27.692516143852657  9.548772884370013  14.630044346991310  2.866219343070338  0.625505572178223  3.253391852496307  16.436468319943316 -154.890274191520888
        0.000460972028316  3.198194705157142  27.872251597808265  9.062356724893993  15.345905436564294  2.674824039720845  0.623123316137407  3.259725040578132  16.414469611587649 -154.890303450778930
        0.000000018985691  3.198194752813957  27.872251597808265  9.062356724893993  15.345905436564294  2.674824039720845  0.623123316137407  3.259725040578132  16.414469611587649 -154.890303450778930
        0.000000019600123  3.198194705157142  27.872252013137178  9.062356724893993  15.345905436564294  2.674824039720845  0.623123316137407  3.259725040578132  16.414469611587649 -154.890303450778930
        0.000000001975197  3.198194705157142  27.872251597808265  9.062356859933631  15.345905436564294  2.674824039720845  0.623123316137407  3.259725040578132  16.414469611587649 -154.890303450778930
        0.000000000645659  3.198194705157142  27.872251597808265  9.062356724893993  15.345905665236105  2.674824039720845  0.623123316137407  3.259725040578132  16.414469611587649 -154.890303450778930
        0.000000000611439  3.198194705157142  27.872251597808265  9.062356724893993  15.345905436564294  2.674824079578829  0.623123316137407  3.259725040578132  16.414469611587649 -154.890303450778930
        0.000000005453886  3.198194705157142  27.872251597808265  9.062356724893993  15.345905436564294  2.674824039720845  0.623123331038568  3.259725040578132  16.414469611587649 -154.890303450778930
        0.000000008133764  3.198194705157142  27.872251597808265  9.062356724893993  15.345905436564294  2.674824039720845  0.623123316137407  3.259725089151821  16.414469611587649 -154.890303450778930
        0.000000005319325  3.198194705157142  27.872251597808265  9.062356724893993  15.345905436564294  2.674824039720845  0.623123316137407  3.259725040578132  16.414469856182308 -154.890303450778930
        0.000037777042963  3.198194705157142  27.872251597808265  9.062356724893993  15.345905436564294  2.674824039720845  0.623123316137407  3.259725040578132  16.414469611587649 -154.890305758824297
        0.000824385937433  3.207844021249090  28.057433820005730  7.368332522362397  16.844725962772742  0.962181731996478  0.635031259734225  3.281365853852857  15.901700294056958 -154.890427932052887
        0.000000018906642  3.207844069049691  28.057433820005730  7.368332522362397  16.844725962772742  0.962181731996478  0.635031259734225  3.281365853852857  15.901700294056958 -154.890427932052887
        0.000000019536951  3.207844021249090  28.057434238094075  7.368332522362397  16.844725962772742  0.962181731996478  0.635031259734225  3.281365853852857  15.901700294056958 -154.890427932052887
        0.000000002074981  3.207844021249090  28.057433820005730  7.368332632159107  16.844725962772742  0.962181731996478  0.635031259734225  3.281365853852857  15.901700294056958 -154.890427932052887
        0.000000000832983  3.207844021249090  28.057433820005730  7.368332522362397  16.844726213778717  0.962181731996478  0.635031259734225  3.281365853852857  15.901700294056958 -154.890427932052887
        0.000000000955356  3.207844021249090  28.057433820005730  7.368332522362397  16.844725962772742  0.962181746897640  0.635031259734225  3.281365853852857  15.901700294056958 -154.890427932052887
        0.000000006074137  3.207844021249090  28.057433820005730  7.368332522362397  16.844725962772742  0.962181731996478  0.635031274635386  3.281365853852857  15.901700294056958 -154.890427932052887
        0.000000008169977  3.207844021249090  28.057433820005730  7.368332522362397  16.844725962772742  0.962181731996478  0.635031259734225  3.281365902749018  15.901700294056958 -154.890427932052887
        0.000000005526086  3.207844021249090  28.057433820005730  7.368332522362397  16.844725962772742  0.962181731996478  0.635031259734225  3.281365853852857  15.901700531010757 -154.890427932052887
        0.000037777172549  3.207844021249090  28.057433820005730  7.368332522362397  16.844725962772742  0.962181731996478  0.635031259734225  3.281365853852857  15.901700294056958 -154.890430240100130
        0.000347484225109  3.209093092201479  27.973358671747981  6.770025095926630  17.426487996583568  0.916857508990732  0.631327942676896  3.284835020576429  15.848799421938510 -154.890442009019523
        0.000000018914117  3.209093140020693  27.973358671747981  6.770025095926630  17.426487996583568  0.916857508990732  0.631327942676896  3.284835020576429  15.848799421938510 -154.890442009019523
        0.000000019538208  3.209093092201479  27.973359088583507  6.770025095926630  17.426487996583568  0.916857508990732  0.631327942676896  3.284835020576429  15.848799421938510 -154.890442009019523
        0.000000002081562  3.209093092201479  27.973358671747981  6.770025196807865  17.426487996583568  0.916857508990732  0.631327942676896  3.284835020576429  15.848799421938510 -154.890442009019523
        0.000000000890218  3.209093092201479  27.973358671747981  6.770025095926630  17.426488256258473  0.916857508990732  0.631327942676896  3.284835020576429  15.848799421938510 -154.890442009019523
        0.000000000990951  3.209093092201479  27.973358671747981  6.770025095926630  17.426487996583568  0.916857523891893  0.631327942676896  3.284835020576429  15.848799421938510 -154.890442009019523
        0.000000006099671  3.209093092201479  27.973358671747981  6.770025095926630  17.426487996583568  0.916857508990732  0.631327957578057  3.284835020576429  15.848799421938510 -154.890442009019523
        0.000000008167912  3.209093092201479  27.973358671747981  6.770025095926630  17.426487996583568  0.916857508990732  0.631327942676896  3.284835069524285  15.848799421938510 -154.890442009019523
        0.000000005545118  3.209093092201479  27.973358671747981  6.770025095926630  17.426487996583568  0.916857508990732  0.631327942676896  3.284835020576429  15.848799658104026 -154.890442009019523
        0.000037777182953  3.209093092201479  27.973358671747981  6.770025095926630  17.426487996583568  0.916857508990732  0.631327942676896  3.284835020576429  15.848799421938510 -154.890444317066965
        0.000375516359596  3.189849552748903  30.102567434028543  5.227188568384659  20.532323856621559  0.395415516750410  0.628596439282274  3.298632580672961  16.306638425861749 -154.890509095161008
        0.000000018980088  3.189849600281366  30.102567434028543  5.227188568384659  20.532323856621559  0.395415516750410  0.628596439282274  3.298632580672961  16.306638425861749 -154.890509095161008
        0.000000019620063  3.189849552748903  30.102567882591753  5.227188568384659  20.532323856621559  0.395415516750410  0.628596439282274  3.298632580672961  16.306638425861749 -154.890509095161008
        0.000000002123041  3.189849552748903  30.102567434028543  5.227188646275839  20.532323856621559  0.395415516750410  0.628596439282274  3.298632580672961  16.306638425861749 -154.890509095161008
        0.000000001069817  3.189849552748903  30.102567434028543  5.227188568384659  20.532324162577027  0.395415516750410  0.628596439282274  3.298632580672961  16.306638425861749 -154.890509095161008
        0.000000001112055  3.189849552748903  30.102567434028543  5.227188568384659  20.532323856621559  0.395415531651571  0.628596439282274  3.298632580672961  16.306638425861749 -154.890509095161008
        0.000000006234536  3.189849552748903  30.102567434028543  5.227188568384659  20.532323856621559  0.395415516750410  0.628596454183435  3.298632580672961  16.306638425861749 -154.890509095161008
        0.000000008387716  3.189849552748903  30.102567434028543  5.227188568384659  20.532323856621559  0.395415516750410  0.628596439282274  3.298632629826417  16.306638425861749 -154.890509095161008
        0.000000005372473  3.189849552748903  30.102567434028543  5.227188568384659  20.532323856621559  0.395415516750410  0.628596439282274  3.298632580672961  16.306638668849597 -154.890509095161008
        0.000037777253700  3.189849552748903  30.102567434028543  5.227188568384659  20.532323856621559  0.395415516750410  0.628596439282274  3.298632580672961  16.306638425861749 -154.890511403209445
        0.000247687555925  3.189465357677030  30.424965234782739  6.056091133535538  20.182695776181287  0.005866822935009  0.634775737609204  3.299095616875248  16.303306948189920 -154.890518526869471
        0.000000018972709  3.189465405203767  30.424965234782739  6.056091133535538  20.182695776181287  0.005866822935009  0.634775737609204  3.299095616875248  16.303306948189920 -154.890518526869471
        0.000000019626524  3.189465357677030  30.424965688150049  6.056091133535538  20.182695776181287  0.005866822935009  0.634775737609204  3.299095616875248  16.303306948189920 -154.890518526869471
        0.000000002138639  3.189465357677030  30.424965234782739  6.056091223778328  20.182695776181287  0.005866822935009  0.634775737609204  3.299095616875248  16.303306948189920 -154.890518526869471
        0.000000001028854  3.189465357677030  30.424965234782739  6.056091133535538  20.182696076926891  0.005866822935009  0.634775737609204  3.299095616875248  16.303306948189920 -154.890518526869471
        0.000000001099820  3.189465357677030  30.424965234782739  6.056091133535538  20.182695776181287  0.005866837836170  0.634775737609204  3.299095616875248  16.303306948189920 -154.890518526869471
        0.000000006323331  3.189465357677030  30.424965234782739  6.056091133535538  20.182695776181287  0.005866822935009  0.634775752510365  3.299095616875248  16.303306948189920 -154.890518526869471
        0.000000008444119  3.189465357677030  30.424965234782739  6.056091133535538  20.182695776181287  0.005866822935009  0.634775737609204  3.299095666035603  16.303306948189920 -154.890518526869471
        0.000000005396046  3.189465357677030  30.424965234782739  6.056091133535538  20.182695776181287  0.005866822935009  0.634775737609204  3.299095616875248  16.303307191128127 -154.890518526869471
        0.000037777262609  3.189465357677030  30.424965234782739  6.056091133535538  20.182695776181287  0.005866822935009  0.634775737609204  3.299095616875248  16.303306948189920 -154.890520834918050
        0.000097815335662  3.190225770769845  30.389312626491598  5.839751894441354  20.310209576247878  0.005128459573658  0.634264028590234  3.298931102506683  16.289374060442618 -154.890516612067699
        0.000000018974690  3.190225818307914  30.389312626491598  5.839751894441354  20.310209576247878  0.005128459573658  0.634264028590234  3.298931102506683  16.289374060442618 -154.890516612067699
        0.000000019626152  3.190225770769845  30.389313079327646  5.839751894441354  20.310209576247878  0.005128459573658  0.634264028590234  3.298931102506683  16.289374060442618 -154.890516612067699
        0.000000002143771  3.190225770769845  30.389312626491598  5.839751981460439  20.310209576247878  0.005128459573658  0.634264028590234  3.298931102506683  16.289374060442618 -154.890516612067699
        0.000000001045861  3.190225770769845  30.389312626491598  5.839751894441354  20.310209878893584  0.005128459573658  0.634264028590234  3.298931102506683  16.289374060442618 -154.890516612067699
        0.000000001109548  3.190225770769845  30.389312626491598  5.839751894441354  20.310209576247878  0.005128474474819  0.634264028590234  3.298931102506683  16.289374060442618 -154.890516612067699
        0.000000006334550  3.190225770769845  30.389312626491598  5.839751894441354  20.310209576247878  0.005128459573658  0.634264043491395  3.298931102506683  16.289374060442618 -154.890516612067699
        0.000000008449714  3.190225770769845  30.389312626491598  5.839751894441354  20.310209576247878  0.005128459573658  0.634264028590234  3.298931151664587  16.289374060442618 -154.890516612067699
        0.000000005406147  3.190225770769845  30.389312626491598  5.839751894441354  20.310209576247878  0.005128459573658  0.634264028590234  3.298931102506683  16.289374303173208 -154.890516612067699
        0.000037777258064  3.190225770769845  30.389312626491598  5.839751894441354  20.310209576247878  0.005128459573658  0.634264028590234  3.298931102506683  16.289374060442618 -154.890518920116250
        0.000611627769476  3.154003437816490  34.019884814562836  5.742644164353691  23.391261622716648  0.002161243469123  0.631444939979587  3.301893568521610  17.379419331507187 -154.890528115495670
        0.000571614507248  3.181619186932611  31.251388184311736  5.277758448911429  21.485499323058722  0.002007840476379  0.631682718422614  3.301665829970039  16.534980448142015 -154.890527132139709
        0.000000019006936  3.181619234342431  31.251388184311736  5.277758448911429  21.485499323058722  0.002007840476379  0.631682718422614  3.301665829970039  16.534980448142015 -154.890527132139709
        0.000000019661457  3.181619186932611  31.251388649993707  5.277758448911429  21.485499323058722  0.002007840476379  0.631682718422614  3.301665829970039  16.534980448142015 -154.890527132139709
        0.000000002149043  3.181619186932611  31.251388184311736  5.277758527556158  21.485499323058722  0.002007840476379  0.631682718422614  3.301665829970039  16.534980448142015 -154.890527132139709
        0.000000001100131  3.181619186932611  31.251388184311736  5.277758448911429  21.485499643217612  0.002007840476379  0.631682718422614  3.301665829970039  16.534980448142015 -154.890527132139709
        0.000000001143189  3.181619186932611  31.251388184311736  5.277758448911429  21.485499323058722  0.002007855377540  0.631682718422614  3.301665829970039  16.534980448142015 -154.890527132139709
        0.000000006342727  3.181619186932611  31.251388184311736  5.277758448911429  21.485499323058722  0.002007840476379  0.631682733323775  3.301665829970039  16.534980448142015 -154.890527132139709
        0.000000008530341  3.181619186932611  31.251388184311736  5.277758448911429  21.485499323058722  0.002007840476379  0.631682718422614  3.301665879168694  16.534980448142015 -154.890527132139709
        0.000000005314249  3.181619186932611  31.251388184311736  5.277758448911429  21.485499323058722  0.002007840476379  0.631682718422614  3.301665829970039  16.534980694532425 -154.890527132139709
        0.000037777269687  3.181619186932611  31.251388184311736  5.277758448911429  21.485499323058722  0.002007840476379  0.631682718422614  3.301665829970039  16.534980448142015 -154.890529440188430
        0.000081264652807  3.181645890194769  31.251720979989553  5.278931326723942  21.485443875494518  0.002289587723768  0.631723591896388  3.301691502565932  16.533863817955361 -154.890527310540591
        0.000000019003414  3.181645937604987  31.251720979989553  5.278931326723942  21.485443875494518  0.002289587723768  0.631723591896388  3.301691502565932  16.533863817955361 -154.890527310540591
        0.000000019657407  3.181645890194769  31.251721445676484  5.278931326723942  21.485443875494518  0.002289587723768  0.631723591896388  3.301691502565932  16.533863817955361 -154.890527310540591
        0.000000002149280  3.181645890194769  31.251720979989553  5.278931405386149  21.485443875494518  0.002289587723768  0.631723591896388  3.301691502565932  16.533863817955361 -154.890527310540591
        0.000000001100243  3.181645890194769  31.251720979989553  5.278931326723942  21.485444195652580  0.002289587723768  0.631723591896388  3.301691502565932  16.533863817955361 -154.890527310540591
        0.000000001143342  3.181645890194769  31.251720979989553  5.278931326723942  21.485443875494518  0.002289602624930  0.631723591896388  3.301691502565932  16.533863817955361 -154.890527310540591
        0.000000006343728  3.181645890194769  31.251720979989553  5.278931326723942  21.485443875494518  0.002289587723768  0.631723606797549  3.301691502565932  16.533863817955361 -154.890527310540591
        0.000000008531651  3.181645890194769  31.251720979989553  5.278931326723942  21.485443875494518  0.002289587723768  0.631723591896388  3.301691551764969  16.533863817955361 -154.890527310540591
        0.000000005313841  3.181645890194769  31.251720979989553  5.278931326723942  21.485443875494518  0.002289587723768  0.631723591896388  3.301691502565932  16.533864064329130 -154.890527310540591
        0.000037777269821  3.181645890194769  31.251720979989553  5.278931326723942  21.485443875494518  0.002289587723768  0.631723591896388  3.301691502565932  16.533863817955361 -154.890529618589312
        0.000040084876908  3.180457958431667  31.381954717372416  5.278996003462549  21.589649550765383  0.000172722517489  0.631730116246983  3.301682270786341  16.572362824333354 -154.890527217481150
        0.000000019008089  3.180458005824184  31.381954717372416  5.278996003462549  21.589649550765383  0.000172722517489  0.631730116246983  3.301682270786341  16.572362824333354 -154.890527217481150
        0.000000019663024  3.180457958431667  31.381955184999981  5.278996003462549  21.589649550765383  0.000172722517489  0.631730116246983  3.301682270786341  16.572362824333354 -154.890527217481150
        0.000000002150079  3.180457958431667  31.381954717372416  5.278996082125719  21.589649550765383  0.000172722517489  0.631730116246983  3.301682270786341  16.572362824333354 -154.890527217481150
        0.000000001102120  3.180457958431667  31.381954717372416  5.278996003462549  21.589649872476230  0.000172722517489  0.631730116246983  3.301682270786341  16.572362824333354 -154.890527217481150
        0.000000001145047  3.180457958431667  31.381954717372416  5.278996003462549  21.589649550765383  0.000172737418650  0.631730116246983  3.301682270786341  16.572362824333354 -154.890527217481150
        0.000000006346487  3.180457958431667  31.381954717372416  5.278996003462549  21.589649550765383  0.000172722517489  0.631730131148144  3.301682270786341  16.572362824333354 -154.890527217481150
        0.000000008545973  3.180457958431667  31.381954717372416  5.278996003462549  21.589649550765383  0.000172722517489  0.631730116246983  3.301682319985241  16.572362824333354 -154.890527217481150
        0.000000005301764  3.180457958431667  31.381954717372416  5.278996003462549  21.589649550765383  0.000172722517489  0.631730116246983  3.301682270786341  16.572363071280805 -154.890527217481150
        0.000037777269196  3.180457958431667  31.381954717372416  5.278996003462549  21.589649550765383  0.000172722517489  0.631730116246983  3.301682270786341  16.572362824333354 -154.890529525529871
        0.000034837348641  3.180797784868109  31.350427209545082  5.165508614011240  21.653121188686171  0.000093895665269  0.631407049290682  3.301996127624955  16.560645213094858 -154.890528359379147
        0.000000019006428  3.180797832265689  31.350427209545082  5.165508614011240  21.653121188686171  0.000093895665269  0.631407049290682  3.301996127624955  16.560645213094858 -154.890528359379147
        0.000000019660107  3.180797784868109  31.350427676702850  5.165508614011240  21.653121188686171  0.000093895665269  0.631407049290682  3.301996127624955  16.560645213094858 -154.890528359379147
        0.000000002151315  3.180797784868109  31.350427209545082  5.165508690983317  21.653121188686171  0.000093895665269  0.631407049290682  3.301996127624955  16.560645213094858 -154.890528359379147
        0.000000001110219  3.180797784868109  31.350427209545082  5.165508614011240  21.653121511342821  0.000093895665269  0.631407049290682  3.301996127624955  16.560645213094858 -154.890528359379147
        0.000000001149431  3.180797784868109  31.350427209545082  5.165508614011240  21.653121188686171  0.000093910566430  0.631407049290682  3.301996127624955  16.560645213094858 -154.890528359379147
        0.000000006348083  3.180797784868109  31.350427209545082  5.165508614011240  21.653121188686171  0.000093895665269  0.631407064191843  3.301996127624955  16.560645213094858 -154.890528359379147
        0.000000008543663  3.180797784868109  31.350427209545082  5.165508614011240  21.653121188686171  0.000093895665269  0.631407049290682  3.301996176828532  16.560645213094858 -154.890528359379147
        0.000000005305127  3.180797784868109  31.350427209545082  5.165508614011240  21.653121188686171  0.000093895665269  0.631407049290682  3.301996127624955  16.560645459867700 -154.890528359379147
        0.000037777269693  3.180797784868109  31.350427209545082  5.165508614011240  21.653121188686171  0.000093895665269  0.631407049290682  3.301996127624955  16.560645213094858 -154.890530667427868
        0.000043278712072  3.174818783688626  31.969429561194019  5.282876079630859  22.068197328542048  0.000004076345363  0.631458439416752  3.301953107712273  16.747746114305649 -154.890528154775808
        0.000015626909577  3.179332416031206  31.502176116341332  5.203941961009455  21.747044157767323  0.000011782728536  0.631452189372550  3.301957269007625  16.606705162819097 -154.890528187648158
        0.000000019012361  3.179332463406951  31.502176116341332  5.203941961009455  21.747044157767323  0.000011782728536  0.631452189372550  3.301957269007625  16.606705162819097 -154.890528187648158
        0.000000019667634  3.179332416031206  31.502176585760335  5.203941961009455  21.747044157767323  0.000011782728536  0.631452189372550  3.301957269007625  16.606705162819097 -154.890528187648158
        0.000000002151161  3.179332416031206  31.502176116341332  5.203942038554233  21.747044157767323  0.000011782728536  0.631452189372550  3.301957269007625  16.606705162819097 -154.890528187648158
        0.000000001109216  3.179332416031206  31.502176116341332  5.203941961009455  21.747044481823533  0.000011782728536  0.631452189372550  3.301957269007625  16.606705162819097 -154.890528187648158
        0.000000001149502  3.179332416031206  31.502176116341332  5.203941961009455  21.747044157767323  0.000011797629697  0.631452189372550  3.301957269007625  16.606705162819097 -154.890528187648158
        0.000000006348608  3.179332416031206  31.502176116341332  5.203941961009455  21.747044157767323  0.000011782728536  0.631452204273711  3.301957269007625  16.606705162819097 -154.890528187648158
        0.000000008558234  3.179332416031206  31.502176116341332  5.203941961009455  21.747044157767323  0.000011782728536  0.631452189372550  3.301957318210623  16.606705162819097 -154.890528187648158
        0.000000005289917  3.179332416031206  31.502176116341332  5.203941961009455  21.747044157767323  0.000011782728536  0.631452189372550  3.301957269007625  16.606705410278288 -154.890528187648158
        0.000037777269604  3.179332416031206  31.502176116341332  5.203941961009455  21.747044157767323  0.000011782728536  0.631452189372550  3.301957269007625  16.606705162819097 -154.890530495696879
        0.000037618770666  3.179225088856305  31.513726466287121  5.205377051750641  21.755403050095964  0.000001361732137  0.631451081139181  3.301956657474290  16.610153517132531 -154.890528178768790
        0.000000019012792  3.179225136230450  31.513726466287121  5.205377051750641  21.755403050095964  0.000001361732137  0.631451081139181  3.301956657474290  16.610153517132531 -154.890528178768790
        0.000000019668170  3.179225088856305  31.513726935878239  5.205377051750641  21.755403050095964  0.000001361732137  0.631451081139181  3.301956657474290  16.610153517132531 -154.890528178768790
        0.000000002151225  3.179225088856305  31.513726466287121  5.205377129316803  21.755403050095964  0.000001361732137  0.631451081139181  3.301956657474290  16.610153517132531 -154.890528178768790
        0.000000001109276  3.179225088856305  31.513726466287121  5.205377051750641  21.755403374276732  0.000001361732137  0.631451081139181  3.301956657474290  16.610153517132531 -154.890528178768790
        0.000000001149574  3.179225088856305  31.513726466287121  5.205377051750641  21.755403050095964  0.000001376633298  0.631451081139181  3.301956657474290  16.610153517132531 -154.890528178768790
        0.000000006348762  3.179225088856305  31.513726466287121  5.205377051750641  21.755403050095964  0.000001361732137  0.631451096040342  3.301956657474290  16.610153517132531 -154.890528178768790
        0.000000008559423  3.179225088856305  31.513726466287121  5.205377051750641  21.755403050095964  0.000001361732137  0.631451081139181  3.301956706677278  16.610153517132531 -154.890528178768790
        0.000000005288812  3.179225088856305  31.513726466287121  5.205377051750641  21.755403050095964  0.000001361732137  0.631451081139181  3.301956657474290  16.610153764643105 -154.890528178768790
        0.000037777269587  3.179225088856305  31.513726466287121  5.205377051750641  21.755403050095964  0.000001361732137  0.631451081139181  3.301956657474290  16.610153517132531 -154.890530486817511
2022-08-18 10:34:22.157278
