/projects/wagner/highthroughput/mick_graphene_paper/3_data/kc_fitting_dft
2022-08-18 02:57:05.775856
energy_inf: -154.87065645278034
     2535.672725874616845  3.416084000000000  20.021583000000000  10.905510700000001  4.275635400000000  0.010010836000000  0.844712200000000  2.936058400000000  14.313258800000000 -154.870656452780338
        0.000000018717218  3.416084050903618  20.021583000000000  10.905510700000001  4.275635400000000  0.010010836000000  0.844712200000000  2.936058400000000  14.313258800000000 -154.870656452780338
        0.000000019282189  3.416084000000000  20.021583298344837  10.905510700000001  4.275635400000000  0.010010836000000  0.844712200000000  2.936058400000000  14.313258800000000 -154.870656452780338
        0.000000002760085  3.416084000000000  20.021583000000000  10.905510862504773  4.275635400000000  0.010010836000000  0.844712200000000  2.936058400000000  14.313258800000000 -154.870656452780338
        0.000000000499340  3.416084000000000  20.021583000000000  10.905510700000001  4.275635463711932  0.010010836000000  0.844712200000000  2.936058400000000  14.313258800000000 -154.870656452780338
        0.000000000455390  3.416084000000000  20.021583000000000  10.905510700000001  4.275635400000000  0.010010850901161  0.844712200000000  2.936058400000000  14.313258800000000 -154.870656452780338
        0.000000007626080  3.416084000000000  20.021583000000000  10.905510700000001  4.275635400000000  0.010010836000000  0.844712214901161  2.936058400000000  14.313258800000000 -154.870656452780338
        0.000000008542471  3.416084000000000  20.021583000000000  10.905510700000001  4.275635400000000  0.010010836000000  0.844712200000000  2.936058443750679  14.313258800000000 -154.870656452780338
        0.000000009622645  3.416084000000000  20.021583000000000  10.905510700000001  4.275635400000000  0.010010836000000  0.844712200000000  2.936058400000000  14.313259013284176 -154.870656452780338
        0.000037770100898  3.416084000000000  20.021583000000000  10.905510700000001  4.275635400000000  0.010010836000000  0.844712200000000  2.936058400000000  14.313258800000000 -154.870658760532962
        0.314903242622957  3.402335068412413  0.011056177821814  1.347198864511498  5.833031700404892  28.681722810469207  0.240297197642719  2.935062338319829  14.298597730615924 -154.870625030765666
        0.218436494716471  3.367510478003229  16.960709200998046  9.045468984159820  4.834843800942959  8.324604044794864  0.723381937032525  2.895572994674933  14.262551311286915 -154.870583331893300
        0.000000016914896  3.367510528183045  16.960709200998046  9.045468984159820  4.834843800942959  8.324604044794864  0.723381937032525  2.895572994674933  14.262551311286915 -154.870583331893300
        0.000000016011001  3.367510478003229  16.960709453732306  9.045468984159820  4.834843800942959  8.324604044794864  0.723381937032525  2.895572994674933  14.262551311286915 -154.870583331893300
        0.000000001964788  3.367510478003229  16.960709200998046  9.045469118947810  4.834843800942959  8.324604044794864  0.723381937032525  2.895572994674933  14.262551311286915 -154.870583331893300
        0.000000000241093  3.367510478003229  16.960709200998046  9.045468984159820  4.834843872987746  8.324604044794864  0.723381937032525  2.895572994674933  14.262551311286915 -154.870583331893300
        0.000000001965624  3.367510478003229  16.960709200998046  9.045468984159820  4.834843800942959  8.324604168841130  0.723381937032525  2.895572994674933  14.262551311286915 -154.870583331893300
        0.000000003749022  3.367510478003229  16.960709200998046  9.045468984159820  4.834843800942959  8.324604044794864  0.723381951933686  2.895572994674933  14.262551311286915 -154.870583331893300
        0.000000009398613  3.367510478003229  16.960709200998046  9.045468984159820  4.834843800942959  8.324604044794864  0.723381937032525  2.895573037822333  14.262551311286915 -154.870583331893300
        0.000000006289947  3.367510478003229  16.960709200998046  9.045468984159820  4.834843800942959  8.324604044794864  0.723381937032525  2.895572994674933  14.262551523815491 -154.870583331893300
        0.000037770890513  3.367510478003229  16.960709200998046  9.045468984159820  4.834843800942959  8.324604044794864  0.723381937032525  2.895572994674933  14.262551311286915 -154.870585639644816
        0.030754901782129  3.353778280522453  23.935340943037914  15.237782650485354  0.791890139688069  0.010563309610369  1.022291877449254  2.890228253248449  14.250960483206034 -154.870529893233936
        0.025979739064962  3.356510628604206  19.124590444836297  9.829154913137707  5.614603189660216  6.116164394131943  0.771562329054733  2.915017614019047  14.250455184278724 -154.870472161293463
        0.000000016968619  3.356510678620112  19.124590444836297  9.829154913137707  5.614603189660216  6.116164394131943  0.771562329054733  2.915017614019047  14.250455184278724 -154.870472161293463
        0.000000015953177  3.356510628604206  19.124590729814901  9.829154913137707  5.614603189660216  6.116164394131943  0.771562329054733  2.915017614019047  14.250455184278724 -154.870472161293463
        0.000000002180403  3.356510628604206  19.124590444836297  9.829155059603529  5.614603189660216  6.116164394131943  0.771562329054733  2.915017614019047  14.250455184278724 -154.870472161293463
        0.000000000289176  3.356510628604206  19.124590444836297  9.829154913137707  5.614603273324323  6.116164394131943  0.771562329054733  2.915017614019047  14.250455184278724 -154.870472161293463
        0.000000001058833  3.356510628604206  19.124590444836297  9.829154913137707  5.614603189660216  6.116164485269894  0.771562329054733  2.915017614019047  14.250455184278724 -154.870472161293463
        0.000000005023278  3.356510628604206  19.124590444836297  9.829154913137707  5.614603189660216  6.116164394131943  0.771562343955895  2.915017614019047  14.250455184278724 -154.870472161293463
        0.000000009608349  3.356510628604206  19.124590444836297  9.829154913137707  5.614603189660216  6.116164394131943  0.771562329054733  2.915017657456194  14.250455184278724 -154.870472161293463
        0.000000006404648  3.356510628604206  19.124590444836297  9.829154913137707  5.614603189660216  6.116164394131943  0.771562329054733  2.915017614019047  14.250455396627054 -154.870472161293463
        0.000037771038484  3.356510628604206  19.124590444836297  9.829154913137707  5.614603189660216  6.116164394131943  0.771562329054733  2.915017614019047  14.250455184278724 -154.870474469043330
        0.002572879769837  3.356881349089820  19.098237625101305  9.970839775440382  5.601481817054559  6.100052758350658  0.766250762807223  2.924155980102189  14.276845452006411 -154.870371713532023
        0.000000017000795  3.356881399111250  19.098237625101305  9.970839775440382  5.601481817054559  6.100052758350658  0.766250762807223  2.924155980102189  14.276845452006411 -154.870371713532023
        0.000000016031953  3.356881349089820  19.098237909687221  9.970839775440382  5.601481817054559  6.100052758350658  0.766250762807223  2.924155980102189  14.276845452006411 -154.870371713532023
        0.000000002171772  3.356881349089820  19.098237625101305  9.970839924017472  5.601481817054559  6.100052758350658  0.766250762807223  2.924155980102189  14.276845452006411 -154.870371713532023
        0.000000000288344  3.356881349089820  19.098237625101305  9.970839775440382  5.601481900523142  6.100052758350658  0.766250762807223  2.924155980102189  14.276845452006411 -154.870371713532023
        0.000000001060954  3.356881349089820  19.098237625101305  9.970839775440382  5.601481817054559  6.100052849248527  0.766250762807223  2.924155980102189  14.276845452006411 -154.870371713532023
        0.000000005049179  3.356881349089820  19.098237625101305  9.970839775440382  5.601481817054559  6.100052758350658  0.766250777708385  2.924155980102189  14.276845452006411 -154.870371713532023
        0.000000009582215  3.356881349089820  19.098237625101305  9.970839775440382  5.601481817054559  6.100052758350658  0.766250762807223  2.924156023675509  14.276845452006411 -154.870371713532023
        0.000000006462567  3.356881349089820  19.098237625101305  9.970839775440382  5.601481817054559  6.100052758350658  0.766250762807223  2.924155980102189  14.276845664747986 -154.870371713532023
        0.000037770992549  3.356881349089820  19.098237625101305  9.970839775440382  5.601481817054559  6.100052758350658  0.766250762807223  2.924155980102189  14.276845452006411 -154.870374021280384
        0.000788241655957  3.344090986592521  20.603173665460947  10.802749730625278  6.234343930724711  5.526477049694995  0.780271489785181  2.912137097353179  14.757636275118085 -154.870203297802476
        0.000531767225382  3.362356316168229  19.249922114825051  10.011635756058892  5.955922301093090  5.644159399702442  0.770129507038434  2.914200874741934  14.298660916459566 -154.870198704667729
        0.000000017062308  3.362356366271242  19.249922114825051  10.011635756058892  5.955922301093090  5.644159399702442  0.770129507038434  2.914200874741934  14.298660916459566 -154.870198704667729
        0.000000016092890  3.362356316168229  19.249922401671242  10.011635756058892  5.955922301093090  5.644159399702442  0.770129507038434  2.914200874741934  14.298660916459566 -154.870198704667729
        0.000000002226317  3.362356316168229  19.249922114825051  10.011635905243891  5.955922301093090  5.644159399702442  0.770129507038434  2.914200874741934  14.298660916459566 -154.870198704667729
        0.000000000307675  3.362356316168229  19.249922114825051  10.011635756058892  5.955922389843249  5.644159399702442  0.770129507038434  2.914200874741934  14.298660916459566 -154.870198704667729
        0.000000000890909  3.362356316168229  19.249922114825051  10.011635756058892  5.955922301093090  5.644159483806971  0.770129507038434  2.914200874741934  14.298660916459566 -154.870198704667729
        0.000000005401668  3.362356316168229  19.249922114825051  10.011635756058892  5.955922301093090  5.644159399702442  0.770129521939595  2.914200874741934  14.298660916459566 -154.870198704667729
        0.000000009710861  3.362356316168229  19.249922114825051  10.011635756058892  5.955922301093090  5.644159399702442  0.770129507038434  2.914200918166911  14.298660916459566 -154.870198704667729
        0.000000006688866  3.362356316168229  19.249922114825051  10.011635756058892  5.955922301093090  5.644159399702442  0.770129507038434  2.914200874741934  14.298661129526216 -154.870198704667729
        0.000037770854310  3.362356316168229  19.249922114825051  10.011635756058892  5.955922301093090  5.644159399702442  0.770129507038434  2.914200874741934  14.298660916459566 -154.870201012413531
        0.000077115405331  3.365925523260947  19.370727869931109  10.149048182265089  5.950520788256014  5.192242898506705  0.777971959076019  2.910277470315545  14.222159726823948 -154.870187008388967
        0.000000017061744  3.365925573417146  19.370727869931109  10.149048182265089  5.950520788256014  5.192242898506705  0.777971959076019  2.910277470315545  14.222159726823948 -154.870187008388967
        0.000000016078431  3.365925523260947  19.370728158577446  10.149048182265089  5.950520788256014  5.192242898506705  0.777971959076019  2.910277470315545  14.222159726823948 -154.870187008388967
        0.000000002264337  3.365925523260947  19.370727869931109  10.149048333497692  5.950520788256014  5.192242898506705  0.777971959076019  2.910277470315545  14.222159726823948 -154.870187008388967
        0.000000000315393  3.365925523260947  19.370727869931109  10.149048182265089  5.950520876925684  5.192242898506705  0.777971959076019  2.910277470315545  14.222159726823948 -154.870187008388967
        0.000000000753058  3.365925523260947  19.370727869931109  10.149048182265089  5.950520788256014  5.192242975877154  0.777971959076019  2.910277470315545  14.222159726823948 -154.870187008388967
        0.000000005631925  3.365925523260947  19.370727869931109  10.149048182265089  5.950520788256014  5.192242898506705  0.777971973977181  2.910277470315545  14.222159726823948 -154.870187008388967
        0.000000009703991  3.365925523260947  19.370727869931109  10.149048182265089  5.950520788256014  5.192242898506705  0.777971959076019  2.910277513682058  14.222159726823948 -154.870187008388967
        0.000000006821336  3.365925523260947  19.370727869931109  10.149048182265089  5.950520788256014  5.192242898506705  0.777971959076019  2.910277470315545  14.222159938750643 -154.870187008388967
        0.000037770842914  3.365925523260947  19.370727869931109  10.149048182265089  5.950520788256014  5.192242898506705  0.777971959076019  2.910277470315545  14.222159726823948 -154.870189316134599
        0.001011273040342  3.341710898513762  21.576733570785589  11.598916901422660  6.249132825393958  4.459196017112306  0.803310778106083  2.903349163020464  14.834177428323141 -154.870188333579392
        0.000892093178041  3.364553789957971  19.800890176979504  10.486854477311192  5.955143570862302  4.750091859064433  0.787991626240466  2.907668008715403  14.253208245878769 -154.870189647989804
        0.000000017037375  3.364553840093729  19.800890176979504  10.486854477311192  5.955143570862302  4.750091859064433  0.787991626240466  2.907668008715403  14.253208245878769 -154.870189647989804
        0.000000016046745  3.364553789957971  19.800890472035761  10.486854477311192  5.955143570862302  4.750091859064433  0.787991626240466  2.907668008715403  14.253208245878769 -154.870189647989804
        0.000000002306283  3.364553789957971  19.800890176979504  10.486854633577501  5.955143570862302  4.750091859064433  0.787991626240466  2.907668008715403  14.253208245878769 -154.870189647989804
        0.000000000322167  3.364553789957971  19.800890176979504  10.486854477311192  5.955143659600856  4.750091859064433  0.787991626240466  2.907668008715403  14.253208245878769 -154.870189647989804
        0.000000000602665  3.364553789957971  19.800890176979504  10.486854477311192  5.955143570862302  4.750091929846318  0.787991626240466  2.907668008715403  14.253208245878769 -154.870189647989804
        0.000000005870475  3.364553789957971  19.800890176979504  10.486854477311192  5.955143570862302  4.750091859064433  0.787991641141627  2.907668008715403  14.253208245878769 -154.870189647989804
        0.000000009748131  3.364553789957971  19.800890176979504  10.486854477311192  5.955143570862302  4.750091859064433  0.787991626240466  2.907668052043033  14.253208245878769 -154.870189647989804
        0.000000006872872  3.364553789957971  19.800890176979504  10.486854477311192  5.955143570862302  4.750091859064433  0.787991626240466  2.907668008715403  14.253208458268123 -154.870189647989804
        0.000037770845673  3.364553789957971  19.800890176979504  10.486854477311192  5.955143570862302  4.750091859064433  0.787991626240466  2.907668008715403  14.253208245878769 -154.870191955735464
        0.000063044038398  3.364256234133171  19.850071779794813  10.522066878794186  5.956697933388262  4.716956367331112  0.788765111586177  2.907037628189581  14.264568522138051 -154.870187166749616
        0.000000017028859  3.364256284264496  19.850071779794813  10.522066878794186  5.956697933388262  4.716956367331112  0.788765111586177  2.907037628189581  14.264568522138051 -154.870187166749616
        0.000000016041051  3.364256234133171  19.850072075583931  10.522066878794186  5.956697933388262  4.716956367331112  0.788765111586177  2.907037628189581  14.264568522138051 -154.870187166749616
        0.000000002309978  3.364256234133171  19.850071779794813  10.522067035585200  5.956697933388262  4.716956367331112  0.788765111586177  2.907037628189581  14.264568522138051 -154.870187166749616
        0.000000000322757  3.364256234133171  19.850071779794813  10.522066878794186  5.956698022149978  4.716956367331112  0.788765111586177  2.907037628189581  14.264568522138051 -154.870187166749616
        0.000000000591147  3.364256234133171  19.850071779794813  10.522066878794186  5.956697933388262  4.716956437619239  0.788765111586177  2.907037628189581  14.264568522138051 -154.870187166749616
        0.000000005890606  3.364256234133171  19.850071779794813  10.522066878794186  5.956697933388262  4.716956367331112  0.788765126487339  2.907037628189581  14.264568522138051 -154.870187166749616
        0.000000009756111  3.364256234133171  19.850071779794813  10.522066878794186  5.956697933388262  4.716956367331112  0.788765111586177  2.907037671507817  14.264568522138051 -154.870187166749616
        0.000000006875976  3.364256234133171  19.850071779794813  10.522066878794186  5.956697933388262  4.716956367331112  0.788765111586177  2.907037628189581  14.264568734696686 -154.870187166749616
        0.000037770842907  3.364256234133171  19.850071779794813  10.522066878794186  5.956697933388262  4.716956367331112  0.788765111586177  2.907037628189581  14.264568522138051 -154.870189474495248
        0.000100903566731  3.364158147792121  20.208528722310291  10.817402609632277  5.939395897029601  4.258272949215296  0.798569827707832  2.904083568621742  14.267199161049694 -154.870186853004327
        0.000000017010043  3.364158197921983  20.208528722310291  10.817402609632277  5.939395897029601  4.258272949215296  0.798569827707832  2.904083568621742  14.267199161049694 -154.870186853004327
        0.000000016014185  3.364158147792121  20.208529023440835  10.817402609632277  5.939395897029601  4.258272949215296  0.798569827707832  2.904083568621742  14.267199161049694 -154.870186853004327
        0.000000002352511  3.364158147792121  20.208528722310291  10.817402770824136  5.939395897029601  4.258272949215296  0.798569827707832  2.904083568621742  14.267199161049694 -154.870186853004327
        0.000000000331232  3.364158147792121  20.208528722310291  10.817402609632277  5.939395985533497  4.258272949215296  0.798569827707832  2.904083568621742  14.267199161049694 -154.870186853004327
        0.000000000445478  3.364158147792121  20.208528722310291  10.817402609632277  5.939395897029601  4.258273012668508  0.798569827707832  2.904083568621742  14.267199161049694 -154.870186853004327
        0.000000006124799  3.364158147792121  20.208528722310291  10.817402609632277  5.939395897029601  4.258272949215296  0.798569842608993  2.904083568621742  14.267199161049694 -154.870186853004327
        0.000000009778673  3.364158147792121  20.208528722310291  10.817402609632277  5.939395897029601  4.258272949215296  0.798569827707832  2.904083611895960  14.267199161049694 -154.870186853004327
        0.000000006949902  3.364158147792121  20.208528722310291  10.817402609632277  5.939395897029601  4.258272949215296  0.798569827707832  2.904083568621742  14.267199373647529 -154.870186853004327
        0.000037770842829  3.364158147792121  20.208528722310291  10.817402609632277  5.939395897029601  4.258272949215296  0.798569827707832  2.904083568621742  14.267199161049694 -154.870189160749959
        0.000042438594562  3.363585022300470  20.277966392594823  10.864829464730693  5.943319098155230  4.221932349464431  0.799513186778632  2.903493390597358  14.284700411626217 -154.870184942833305
        0.000000017000727  3.363585072421792  20.277966392594823  10.864829464730693  5.943319098155230  4.221932349464431  0.799513186778632  2.903493390597358  14.284700411626217 -154.870184942833305
        0.000000016007969  3.363585022300470  20.277966694760071  10.864829464730693  5.943319098155230  4.221932349464431  0.799513186778632  2.903493390597358  14.284700411626217 -154.870184942833305
        0.000000002356772  3.363585022300470  20.277966392594823  10.864829626629268  5.943319098155230  4.221932349464431  0.799513186778632  2.903493390597358  14.284700411626217 -154.870184942833305
        0.000000000332129  3.363585022300470  20.277966392594823  10.864829464730693  5.943319186717585  4.221932349464431  0.799513186778632  2.903493390597358  14.284700411626217 -154.870184942833305
        0.000000000432633  3.363585022300470  20.277966392594823  10.864829464730693  5.943319098155230  4.221932412376125  0.799513186778632  2.903493390597358  14.284700411626217 -154.870184942833305
        0.000000006146816  3.363585022300470  20.277966392594823  10.864829464730693  5.943319098155230  4.221932349464431  0.799513201679793  2.903493390597358  14.284700411626217 -154.870184942833305
        0.000000009789982  3.363585022300470  20.277966392594823  10.864829464730693  5.943319098155230  4.221932349464431  0.799513186778632  2.903493433862781  14.284700411626217 -154.870184942833305
        0.000000006948806  3.363585022300470  20.277966392594823  10.864829464730693  5.943319098155230  4.221932349464431  0.799513186778632  2.903493390597358  14.284700624484840 -154.870184942833305
        0.000037770840617  3.363585022300470  20.277966392594823  10.864829464730693  5.943319098155230  4.221932349464431  0.799513186778632  2.903493390597358  14.284700411626217 -154.870187250578908
        0.000095913836998  3.363256233901967  20.636483346367115  11.149520431936747  5.943853968115058  3.783253332539925  0.808451626910226  2.900696637899100  14.292843460629898 -154.870184903881750
        0.000000016981546  3.363256284018391  20.636483346367115  11.149520431936747  5.943853968115058  3.783253332539925  0.808451626910226  2.900696637899100  14.292843460629898 -154.870184903881750
        0.000000015982981  3.363256233901967  20.636483653874681  11.149520431936747  5.943853968115058  3.783253332539925  0.808451626910226  2.900696637899100  14.292843460629898 -154.870184903881750
        0.000000002398138  3.363256233901967  20.636483346367115  11.149520598077547  5.943853968115058  3.783253332539925  0.808451626910226  2.900696637899100  14.292843460629898 -154.870184903881750
        0.000000000341866  3.363256233901967  20.636483346367115  11.149520431936747  5.943854056685384  3.783253332539925  0.808451626910226  2.900696637899100  14.292843460629898 -154.870184903881750
        0.000000000299243  3.363256233901967  20.636483346367115  11.149520431936747  5.943853968115058  3.783253388914793  0.808451626910226  2.900696637899100  14.292843460629898 -154.870184903881750
        0.000000006372106  3.363256233901967  20.636483346367115  11.149520431936747  5.943853968115058  3.783253332539925  0.808451641811388  2.900696637899100  14.292843460629898 -154.870184903881750
        0.000000009815388  3.363256233901967  20.636483346367115  11.149520431936747  5.943853968115058  3.783253332539925  0.808451626910226  2.900696681122848  14.292843460629898 -154.870184903881750
        0.000000007015523  3.363256233901967  20.636483346367115  11.149520431936747  5.943853968115058  3.783253332539925  0.808451626910226  2.900696637899100  14.292843673609863 -154.870184903881750
        0.000037770840761  3.363256233901967  20.636483346367115  11.149520431936747  5.943853968115058  3.783253332539925  0.808451626910226  2.900696637899100  14.292843460629898 -154.870187211627353
        0.000039018627787  3.362755113060364  20.700753162800119  11.192563241275188  5.951392396883588  3.747729265194075  0.809243792533873  2.900117757640005  14.308664247489068 -154.870182901811518
        0.000000016973084  3.362755163169320  20.700753162800119  11.192563241275188  5.951392396883588  3.747729265194075  0.809243792533873  2.900117757640005  14.308664247489068 -154.870182901811518
        0.000000015977634  3.362755113060364  20.700753471265379  11.192563241275188  5.951392396883588  3.747729265194075  0.809243792533873  2.900117757640005  14.308664247489068 -154.870182901811518
        0.000000002402228  3.362755113060364  20.700753162800119  11.192563408057378  5.951392396883588  3.747729265194075  0.809243792533873  2.900117757640005  14.308664247489068 -154.870182901811518
        0.000000000342872  3.362755113060364  20.700753162800119  11.192563241275188  5.951392485566245  3.747729265194075  0.809243792533873  2.900117757640005  14.308664247489068 -154.870182901811518
        0.000000000287740  3.362755113060364  20.700753162800119  11.192563241275188  5.951392396883588  3.747729321039593  0.809243792533873  2.900117757640005  14.308664247489068 -154.870182901811518
        0.000000006394029  3.362755113060364  20.700753162800119  11.192563241275188  5.951392396883588  3.747729265194075  0.809243807435034  2.900117757640005  14.308664247489068 -154.870182901811518
        0.000000009826542  3.362755113060364  20.700753162800119  11.192563241275188  5.951392396883588  3.747729265194075  0.809243792533873  2.900117800855127  14.308664247489068 -154.870182901811518
        0.000000007015301  3.362755113060364  20.700753162800119  11.192563241275188  5.951392396883588  3.747729265194075  0.809243792533873  2.900117757640005  14.308664460704779 -154.870182901811518
        0.000037770838004  3.362755113060364  20.700753162800119  11.192563241275188  5.951392396883588  3.747729265194075  0.809243792533873  2.900117757640005  14.308664247489068 -154.870185209557064
        0.000083412502260  3.362860523607991  21.020959517396935  11.449011317205041  5.954228268560709  3.320835134753954  0.817442997979192  2.897397115740247  14.306151716307889 -154.870182588811531
        0.000000016956831  3.362860573718518  21.020959517396935  11.449011317205041  5.954228268560709  3.320835134753954  0.817442997979192  2.897397115740247  14.306151716307889 -154.870182588811531
        0.000000015956161  3.362860523607991  21.020959830633643  11.449011317205041  5.954228268560709  3.320835134753954  0.817442997979192  2.897397115740247  14.306151716307889 -154.870182588811531
        0.000000002442459  3.362860523607991  21.020959517396935  11.449011487808605  5.954228268560709  3.320835134753954  0.817442997979192  2.897397115740247  14.306151716307889 -154.870182588811531
        0.000000000353381  3.362860523607991  21.020959517396935  11.449011317205041  5.954228357285625  3.320835134753954  0.817442997979192  2.897397115740247  14.306151716307889 -154.870182588811531
        0.000000000183165  3.362860523607991  21.020959517396935  11.449011317205041  5.954228268560709  3.320835184238254  0.817442997979192  2.897397115740247  14.306151716307889 -154.870182588811531
        0.000000006611060  3.362860523607991  21.020959517396935  11.449011317205041  5.954228268560709  3.320835134753954  0.817443012880353  2.897397115740247  14.306151716307889 -154.870182588811531
        0.000000009844716  3.362860523607991  21.020959517396935  11.449011317205041  5.954228268560709  3.320835134753954  0.817442997979192  2.897397158914828  14.306151716307889 -154.870182588811531
        0.000000007086678  3.362860523607991  21.020959517396935  11.449011317205041  5.954228268560709  3.320835134753954  0.817442997979192  2.897397115740247  14.306151929486163 -154.870182588811531
        0.000037770837937  3.362860523607991  21.020959517396935  11.449011317205041  5.954228268560709  3.320835134753954  0.817442997979192  2.897397115740247  14.306151716307889 -154.870184896557078
        0.000028640078634  3.362445824435845  21.082560409393906  11.490756474252930  5.963040988965155  3.280086377143768  0.818231406805292  2.896890879397712  14.318868464655447 -154.870181176922330
        0.000000016949723  3.362445874540193  21.082560409393906  11.490756474252930  5.963040988965155  3.280086377143768  0.818231406805292  2.896890879397712  14.318868464655447 -154.870181176922330
        0.000000015951602  3.362445824435845  21.082560723548536  11.490756474252930  5.963040988965155  3.280086377143768  0.818231406805292  2.896890879397712  14.318868464655447 -154.870181176922330
        0.000000002446891  3.362445824435845  21.082560409393906  11.490756645478545  5.963040988965155  3.280086377143768  0.818231406805292  2.896890879397712  14.318868464655447 -154.870181176922330
        0.000000000354558  3.362445824435845  21.082560409393906  11.490756474252930  5.963041077821390  3.280086377143768  0.818231406805292  2.896890879397712  14.318868464655447 -154.870181176922330
        0.000000000175267  3.362445824435845  21.082560409393906  11.490756474252930  5.963040988965155  3.280086426020864  0.818231406805292  2.896890879397712  14.318868464655447 -154.870181176922330
        0.000000006635076  3.362445824435845  21.082560409393906  11.490756474252930  5.963040988965155  3.280086377143768  0.818231421706454  2.896890879397712  14.318868464655447 -154.870181176922330
        0.000000009854636  3.362445824435845  21.082560409393906  11.490756474252930  5.963040988965155  3.280086377143768  0.818231406805292  2.896890922564750  14.318868464655447 -154.870181176922330
        0.000000007088132  3.362445824435845  21.082560409393906  11.490756474252930  5.963040988965155  3.280086377143768  0.818231406805292  2.896890879397712  14.318868678023215 -154.870181176922330
        0.000037770836622  3.362445824435845  21.082560409393906  11.490756474252930  5.963040988965155  3.280086377143768  0.818231406805292  2.896890879397712  14.318868464655447 -154.870183484667876
        0.000262776149270  3.359277365769697  21.873771776857758  12.066314885203276  6.042577632415512  2.528957337919234  0.832551483160952  2.892081031192946  14.398495528409912 -154.870181790515232
        0.000219620972155  3.362442796307013  21.237830490789317  11.611844422826040  5.973496691591806  3.078145722192127  0.821870239071317  2.895609821592202  14.319086418295036 -154.870180928357627
        0.000000016941482  3.362442846411315  21.237830490789317  11.611844422826040  5.973496691591806  3.078145722192127  0.821870239071317  2.895609821592202  14.319086418295036 -154.870180928357627
        0.000000015941786  3.362442796307013  21.237830807257652  11.611844422826040  5.973496691591806  3.078145722192127  0.821870239071317  2.895609821592202  14.319086418295036 -154.870180928357627
        0.000000002466086  3.362442796307013  21.237830490789317  11.611844595856006  5.973496691591806  3.078145722192127  0.821870239071317  2.895609821592202  14.319086418295036 -154.870180928357627
        0.000000000359732  3.362442796307013  21.237830490789317  11.611844422826040  5.973496780603843  3.078145722192127  0.821870239071317  2.895609821592202  14.319086418295036 -154.870180928357627
        0.000000000153333  3.362442796307013  21.237830490789317  11.611844422826040  5.973496691591806  3.078145768060073  0.821870239071317  2.895609821592202  14.319086418295036 -154.870180928357627
        0.000000006739528  3.362442796307013  21.237830490789317  11.611844422826040  5.973496691591806  3.078145722192127  0.821870253972478  2.895609821592202  14.319086418295036 -154.870180928357627
        0.000000009865314  3.362442796307013  21.237830490789317  11.611844422826040  5.973496691591806  3.078145722192127  0.821870239071317  2.895609864740151  14.319086418295036 -154.870180928357627
        0.000000007121239  3.362442796307013  21.237830490789317  11.611844422826040  5.973496691591806  3.078145722192127  0.821870239071317  2.895609821592202  14.319086631666051 -154.870180928357627
        0.000037770836070  3.362442796307013  21.237830490789317  11.611844422826040  5.973496691591806  3.078145722192127  0.821870239071317  2.895609821592202  14.319086418295036 -154.870183236103145
        0.000043555919102  3.360691119518817  21.480720173439948  11.778968708312131  5.999911564521719  2.918387667780475  0.825245522337539  2.894383114809104  14.364938848879460 -154.870180159635879
        0.000000016923231  3.360691169597017  21.480720173439948  11.778968708312131  5.999911564521719  2.918387667780475  0.825245522337539  2.894383114809104  14.364938848879460 -154.870180159635879
        0.000000015928030  3.360691119518817  21.480720493527624  11.778968708312131  5.999911564521719  2.918387667780475  0.825245522337539  2.894383114809104  14.364938848879460 -154.870180159635879
        0.000000002482825  3.360691119518817  21.480720173439948  11.778968883832443  5.999911564521719  2.918387667780475  0.825245522337539  2.894383114809104  14.364938848879460 -154.870180159635879
        0.000000000364799  3.360691119518817  21.480720173439948  11.778968708312131  5.999911653927368  2.918387667780475  0.825245522337539  2.894383114809104  14.364938848879460 -154.870180159635879
        0.000000000156677  3.360691119518817  21.480720173439948  11.778968708312131  5.999911564521719  2.918387711267840  0.825245522337539  2.894383114809104  14.364938848879460 -154.870180159635879
        0.000000006826478  3.360691119518817  21.480720173439948  11.778968708312131  5.999911564521719  2.918387667780475  0.825245537238700  2.894383114809104  14.364938848879460 -154.870180159635879
        0.000000009899325  3.360691119518817  21.480720173439948  11.778968708312131  5.999911564521719  2.918387667780475  0.825245522337539  2.894383157938774  14.364938848879460 -154.870180159635879
        0.000000007120288  3.360691119518817  21.480720173439948  11.778968708312131  5.999911564521719  2.918387667780475  0.825245522337539  2.894383114809104  14.364939062933729 -154.870180159635879
        0.000037770835470  3.360691119518817  21.480720173439948  11.778968708312131  5.999911564521719  2.918387667780475  0.825245522337539  2.894383114809104  14.364938848879460 -154.870182467381397
        0.000030983824781  3.358328129363324  21.706785592493080  11.920035088335856  6.050957779649534  2.836786085188993  0.826932322798145  2.893660830819054  14.426568244691023 -154.870179419525499
        0.000000016904649  3.358328179406313  21.706785592493080  11.920035088335856  6.050957779649534  2.836786085188993  0.826932322798145  2.893660830819054  14.426568244691023 -154.870179419525499
        0.000000015916821  3.358328129363324  21.706785915949393  11.920035088335856  6.050957779649534  2.836786085188993  0.826932322798145  2.893660830819054  14.426568244691023 -154.870179419525499
        0.000000002492442  3.358328129363324  21.706785592493080  11.920035265958221  6.050957779649534  2.836786085188993  0.826932322798145  2.893660830819054  14.426568244691023 -154.870179419525499
        0.000000000367407  3.358328129363324  21.706785592493080  11.920035088335856  6.050957869815831  2.836786085188993  0.826932322798145  2.893660830819054  14.426568244691023 -154.870179419525499
        0.000000000168554  3.358328129363324  21.706785592493080  11.920035088335856  6.050957779649534  2.836786127460400  0.826932322798145  2.893660830819054  14.426568244691023 -154.870179419525499
        0.000000006879731  3.358328129363324  21.706785592493080  11.920035088335856  6.050957779649534  2.836786085188993  0.826932337699306  2.893660830819054  14.426568244691023 -154.870179419525499
        0.000000009943046  3.358328129363324  21.706785592493080  11.920035088335856  6.050957779649534  2.836786085188993  0.826932322798145  2.893660873937960  14.426568244691023 -154.870179419525499
        0.000000007097061  3.358328129363324  21.706785592493080  11.920035088335856  6.050957779649534  2.836786085188993  0.826932322798145  2.893660830819054  14.426568459663642 -154.870179419525499
        0.000037770834950  3.358328129363324  21.706785592493080  11.920035088335856  6.050957779649534  2.836786085188993  0.826932322798145  2.893660830819054  14.426568244691023 -154.870181727271017
        0.000056037364551  3.355672321290132  22.045819934725071  12.146282210858669  6.105887867345833  2.634769967836583  0.830864127730628  2.892239178320127  14.495462793760412 -154.870179114565985
        0.000000016880805  3.355672371293546  22.045819934725071  12.146282210858669  6.105887867345833  2.634769967836583  0.830864127730628  2.892239178320127  14.495462793760412 -154.870179114565985
        0.000000015900193  3.355672321290132  22.045820263233388  12.146282210858669  6.105887867345833  2.634769967836583  0.830864127730628  2.892239178320127  14.495462793760412 -154.870179114565985
        0.000000002513539  3.355672321290132  22.045819934725071  12.146282391852377  6.105887867345833  2.634769967836583  0.830864127730628  2.892239178320127  14.495462793760412 -154.870179114565985
        0.000000000373689  3.355672321290132  22.045819934725071  12.146282210858669  6.105887958330653  2.634769967836583  0.830864127730628  2.892239178320127  14.495462793760412 -154.870179114565985
        0.000000000210997  3.355672321290132  22.045819934725071  12.146282210858669  6.105887867345833  2.634770007097715  0.830864127730628  2.892239178320127  14.495462793760412 -154.870179114565985
        0.000000006991741  3.355672321290132  22.045819934725071  12.146282210858669  6.105887867345833  2.634769967836583  0.830864142631789  2.892239178320127  14.495462793760412 -154.870179114565985
        0.000000009995010  3.355672321290132  22.045819934725071  12.146282210858669  6.105887867345833  2.634769967836583  0.830864127730628  2.892239221417849  14.495462793760412 -154.870179114565985
        0.000000007087832  3.355672321290132  22.045819934725071  12.146282210858669  6.105887867345833  2.634769967836583  0.830864127730628  2.892239178320127  14.495463009759639 -154.870179114565985
        0.000037770834343  3.355672321290132  22.045819934725071  12.146282210858669  6.105887867345833  2.634769967836583  0.830864127730628  2.892239178320127  14.495462793760412 -154.870181422311475
        0.000020755596002  3.354901994833373  22.141660053851894  12.209684418155916  6.121118044843986  2.582078107779718  0.831872359429632  2.891743260409712  14.516963068679608 -154.870178261535301
        0.000000016873100  3.354902044825309  22.141660053851894  12.209684418155916  6.121118044843986  2.582078107779718  0.831872359429632  2.891743260409712  14.516963068679608 -154.870178261535301
        0.000000015895634  3.354901994833373  22.141660383788338  12.209684418155916  6.121118044843986  2.582078107779718  0.831872359429632  2.891743260409712  14.516963068679608 -154.870178261535301
        0.000000002519222  3.354901994833373  22.141660053851894  12.209684600094391  6.121118044843986  2.582078107779718  0.831872359429632  2.891743260409712  14.516963068679608 -154.870178261535301
        0.000000000375453  3.354901994833373  22.141660053851894  12.209684418155916  6.121118136055753  2.582078107779718  0.831872359429632  2.891743260409712  14.516963068679608 -154.870178261535301
        0.000000000224644  3.354901994833373  22.141660053851894  12.209684418155916  6.121118044843986  2.582078146255680  0.831872359429632  2.891743260409712  14.516963068679608 -154.870178261535301
        0.000000007021589  3.354901994833373  22.141660053851894  12.209684418155916  6.121118044843986  2.582078107779718  0.831872374330793  2.891743260409712  14.516963068679608 -154.870178261535301
        0.000000010010492  3.354901994833373  22.141660053851894  12.209684418155916  6.121118044843986  2.582078107779718  0.831872359429632  2.891743303500044  14.516963068679608 -154.870178261535301
        0.000000007084946  3.354901994833373  22.141660053851894  12.209684418155916  6.121118044843986  2.582078107779718  0.831872359429632  2.891743260409712  14.516963284999216 -154.870178261535301
        0.000037770833447  3.354901994833373  22.141660053851894  12.209684418155916  6.121118044843986  2.582078107779718  0.831872359429632  2.891743260409712  14.516963068679608 -154.870180569280791
        0.000066187014367  3.354886831026465  22.423607729389907  12.427854768883176  6.146104520031696  2.215960810332510  0.837956438290697  2.889439104894061  14.517719287135426 -154.870177890626451
        0.000000016859048  3.354886881018175  22.423607729389907  12.427854768883176  6.146104520031696  2.215960810332510  0.837956438290697  2.889439104894061  14.517719287135426 -154.870177890626451
        0.000000015880806  3.354886831026465  22.423608063527702  12.427854768883176  6.146104520031696  2.215960810332510  0.837956438290697  2.889439104894061  14.517719287135426 -154.870177890626451
        0.000000002553801  3.354886831026465  22.423607729389907  12.427854954072643  6.146104520031696  2.215960810332510  0.837956438290697  2.889439104894061  14.517719287135426 -154.870177890626451
        0.000000000385857  3.354886831026465  22.423607729389907  12.427854768883176  6.146104611615790  2.215960810332510  0.837956438290697  2.889439104894061  14.517719287135426 -154.870177890626451
        0.000000000324650  3.354886831026465  22.423607729389907  12.427854768883176  6.146104520031696  2.215960843352899  0.837956438290697  2.889439104894061  14.517719287135426 -154.870177890626451
        0.000000007206687  3.354886831026465  22.423607729389907  12.427854768883176  6.146104520031696  2.215960810332510  0.837956453191858  2.889439104894061  14.517719287135426 -154.870177890626451
        0.000000010029251  3.354886831026465  22.423607729389907  12.427854768883176  6.146104520031696  2.215960810332510  0.837956438290697  2.889439147950059  14.517719287135426 -154.870177890626451
        0.000000007143281  3.354886831026465  22.423607729389907  12.427854768883176  6.146104520031696  2.215960810332510  0.837956438290697  2.889439104894061  14.517719503466301 -154.870177890626451
        0.000037770833209  3.354886831026465  22.423607729389907  12.427854768883176  6.146104520031696  2.215960810332510  0.837956438290697  2.889439104894061  14.517719287135426 -154.870180198371941
        0.000022062776552  3.354728454160351  22.463861039304106  12.456504770543352  6.152701916254000  2.179964346435945  0.838517593104756  2.889046080031490  14.523551086582829 -154.870176696212553
        0.000000016854981  3.354728504149701  22.463861039304106  12.456504770543352  6.152701916254000  2.179964346435945  0.838517593104756  2.889046080031490  14.523551086582829 -154.870176696212553
        0.000000015878578  3.354728454160351  22.463861374041720  12.456504770543352  6.152701916254000  2.179964346435945  0.838517593104756  2.889046080031490  14.523551086582829 -154.870176696212553
        0.000000002557427  3.354728454160351  22.463861039304106  12.456504956159739  6.152701916254000  2.179964346435945  0.838517593104756  2.889046080031490  14.523551086582829 -154.870176696212553
        0.000000000386931  3.354728454160351  22.463861039304106  12.456504770543352  6.152702007936403  2.179964346435945  0.838517593104756  2.889046080031490  14.523551086582829 -154.870176696212553
        0.000000000335664  3.354728454160351  22.463861039304106  12.456504770543352  6.152701916254000  2.179964378919945  0.838517593104756  2.889046080031490  14.523551086582829 -154.870176696212553
        0.000000007226544  3.354728454160351  22.463861039304106  12.456504770543352  6.152701916254000  2.179964346435945  0.838517608005917  2.889046080031490  14.523551086582829 -154.870176696212553
        0.000000010034829  3.354728454160351  22.463861039304106  12.456504770543352  6.152701916254000  2.179964346435945  0.838517593104756  2.889046123081632  14.523551086582829 -154.870176696212553
        0.000000007147455  3.354728454160351  22.463861039304106  12.456504770543352  6.152701916254000  2.179964346435945  0.838517593104756  2.889046080031490  14.523551303000605 -154.870176696212553
        0.000037770831733  3.354728454160351  22.463861039304106  12.456504770543352  6.152701916254000  2.179964346435945  0.838517593104756  2.889046080031490  14.523551086582829 -154.870179003958015
        0.000155621680682  3.353825821174679  23.040982543869962  12.889470234642713  6.219799326649112  1.508349579329943  0.849404635284618  2.884909950635019  14.546621376280454 -154.870176628775766
        0.000000016827096  3.353825871150578  23.040982543869962  12.889470234642713  6.219799326649112  1.508349579329943  0.849404635284618  2.884909950635019  14.546621376280454 -154.870176628775766
        0.000000015852150  3.353825821174679  23.040982887207356  12.889470234642713  6.219799326649112  1.508349579329943  0.849404635284618  2.884909950635019  14.546621376280454 -154.870176628775766
        0.000000002621773  3.353825821174679  23.040982543869962  12.889470426710787  6.219799326649112  1.508349579329943  0.849404635284618  2.884909950635019  14.546621376280454 -154.870176628775766
        0.000000000407362  3.353825821174679  23.040982543869962  12.889470234642713  6.219799419331345  1.508349579329943  0.849404635284618  2.884909950635019  14.546621376280454 -154.870176628775766
        0.000000000545207  3.353825821174679  23.040982543869962  12.889470234642713  6.219799326649112  1.508349601806103  0.849404635284618  2.884909950635019  14.546621376280454 -154.870176628775766
        0.000000007566567  3.353825821174679  23.040982543869962  12.889470234642713  6.219799326649112  1.508349579329943  0.849404650185779  2.884909950635019  14.546621376280454 -154.870176628775766
        0.000000010081921  3.353825821174679  23.040982543869962  12.889470234642713  6.219799326649112  1.508349579329943  0.849404635284618  2.884909993623527  14.546621376280454 -154.870176628775766
        0.000000007239102  3.353825821174679  23.040982543869962  12.889470234642713  6.219799326649112  1.508349579329943  0.849404635284618  2.884909950635019  14.546621593042003 -154.870176628775766
        0.000037770831970  3.353825821174679  23.040982543869962  12.889470234642713  6.219799326649112  1.508349579329943  0.849404635284618  2.884909950635019  14.546621376280454 -154.870178936521228
        0.000096251153124  3.353830342990956  23.050205074038900  12.896208004423794  6.225129079791359  1.501300781398387  0.849297734988943  2.884440081069046  14.550734789492910 -154.870173909278350
        0.000000016821118  3.353830392966922  23.050205074038900  12.896208004423794  6.225129079791359  1.501300781398387  0.849297734988943  2.884440081069046  14.550734789492910 -154.870173909278350
        0.000000015850746  3.353830342990956  23.050205417513720  12.896208004423794  6.225129079791359  1.501300781398387  0.849297734988943  2.884440081069046  14.550734789492910 -154.870173909278350
        0.000000002622536  3.353830342990956  23.050205074038900  12.896208196592269  6.225129079791359  1.501300781398387  0.849297734988943  2.884440081069046  14.550734789492910 -154.870173909278350
        0.000000000407469  3.353830342990956  23.050205074038900  12.896208004423794  6.225129172553011  1.501300781398387  0.849297734988943  2.884440081069046  14.550734789492910 -154.870173909278350
        0.000000000547971  3.353830342990956  23.050205074038900  12.896208004423794  6.225129079791359  1.501300803769512  0.849297734988943  2.884440081069046  14.550734789492910 -154.870173909278350
        0.000000007574085  3.353830342990956  23.050205074038900  12.896208004423794  6.225129079791359  1.501300781398387  0.849297749890104  2.884440081069046  14.550734789492910 -154.870173909278350
        0.000000010085838  3.353830342990956  23.050205074038900  12.896208004423794  6.225129079791359  1.501300781398387  0.849297734988943  2.884440124050553  14.550734789492910 -154.870173909278350
        0.000000007243020  3.353830342990956  23.050205074038900  12.896208004423794  6.225129079791359  1.501300781398387  0.849297734988943  2.884440081069046  14.550735006315755 -154.870173909278350
        0.000037770829025  3.353830342990956  23.050205074038900  12.896208004423794  6.225129079791359  1.501300781398387  0.849297734988943  2.884440081069046  14.550734789492910 -154.870176217023783
        0.000036963473640  3.355448570582170  23.049323640826881  12.916311582295663  6.228327053990754  1.354567130408526  0.851010952870347  2.883700561256722  14.507656573878263 -154.870174277873645
        0.000000016825001  3.355448620582250  23.049323640826881  12.916311582295663  6.228327053990754  1.354567130408526  0.851010952870347  2.883700561256722  14.507656573878263 -154.870174277873645
        0.000000015849699  3.355448570582170  23.049323984288566  12.916311582295663  6.228327053990754  1.354567130408526  0.851010952870347  2.883700561256722  14.507656573878263 -154.870174277873645
        0.000000002635456  3.355448570582170  23.049323640826881  12.916311774763704  6.228327053990754  1.354567130408526  0.851010952870347  2.883700561256722  14.507656573878263 -154.870174277873645
        0.000000000410661  3.355448570582170  23.049323640826881  12.916311582295663  6.228327146800059  1.354567130408526  0.851010952870347  2.883700561256722  14.507656573878263 -154.870174277873645
        0.000000000595631  3.355448570582170  23.049323640826881  12.916311582295663  6.228327053990754  1.354567150593149  0.851010952870347  2.883700561256722  14.507656573878263 -154.870174277873645
        0.000000007650081  3.355448570582170  23.049323640826881  12.916311582295663  6.228327053990754  1.354567130408526  0.851010967771508  2.883700561256722  14.507656573878263 -154.870174277873645
        0.000000010071535  3.355448570582170  23.049323640826881  12.916311582295663  6.228327053990754  1.354567130408526  0.851010952870347  2.883700604227209  14.507656573878263 -154.870174277873645
        0.000000007292740  3.355448570582170  23.049323640826881  12.916311582295663  6.228327053990754  1.354567130408526  0.851010952870347  2.883700561256722  14.507656790059192 -154.870174277873645
        0.000037770829615  3.355448570582170  23.049323640826881  12.916311582295663  6.228327053990754  1.354567130408526  0.851010952870347  2.883700561256722  14.507656573878263 -154.870176585619078
        0.000034343687775  3.358103167324531  23.049785784989478  12.953115892490613  6.212068165325527  1.114581634700062  0.854285483708163  2.882247858319158  14.439224994405956 -154.870173876959200
        0.000000016829956  3.358103217364168  23.049785784989478  12.953115892490613  6.212068165325527  1.114581634700062  0.854285483708163  2.882247858319158  14.439224994405956 -154.870173876959200
        0.000000015847201  3.358103167324531  23.049786128458052  12.953115892490613  6.212068165325527  1.114581634700062  0.854285483708163  2.882247858319158  14.439224994405956 -154.870173876959200
        0.000000002657374  3.358103167324531  23.049785784989478  12.953116085507082  6.212068165325527  1.114581634700062  0.854285483708163  2.882247858319158  14.439224994405956 -154.870173876959200
        0.000000000417317  3.358103167324531  23.049785784989478  12.953115892490613  6.212068257892556  1.114581634700062  0.854285483708163  2.882247858319158  14.439224994405956 -154.870173876959200
        0.000000000672084  3.358103167324531  23.049785784989478  12.953115892490613  6.212068165325527  1.114581651308622  0.854285483708163  2.882247858319158  14.439224994405956 -154.870173876959200
        0.000000007770626  3.358103167324531  23.049785784989478  12.953115892490613  6.212068165325527  1.114581634700062  0.854285498609325  2.882247858319158  14.439224994405956 -154.870173876959200
        0.000000010044133  3.358103167324531  23.049785784989478  12.953115892490613  6.212068165325527  1.114581634700062  0.854285483708163  2.882247901267998  14.439224994405956 -154.870173876959200
        0.000000007375071  3.358103167324531  23.049785784989478  12.953115892490613  6.212068165325527  1.114581634700062  0.854285483708163  2.882247858319158  14.439225209567175 -154.870173876959200
        0.000037770829480  3.358103167324531  23.049785784989478  12.953115892490613  6.212068165325527  1.114581634700062  0.854285483708163  2.882247858319158  14.439224994405956 -154.870176184704633
        0.000033130555338  3.363132950715219  23.072996419702189  13.040451755601669  6.177060448170911  0.637456849248996  0.861021100931748  2.879131196155602  14.312190485728900 -154.870171766171836
        0.000000016836711  3.363133000829805  23.072996419702189  13.040451755601669  6.177060448170911  0.637456849248996  0.861021100931748  2.879131196155602  14.312190485728900 -154.870171766171836
        0.000000015841085  3.363132950715219  23.072996763516628  13.040451755601669  6.177060448170911  0.637456849248996  0.861021100931748  2.879131196155602  14.312190485728900 -154.870171766171836
        0.000000002702432  3.363132950715219  23.072996419702189  13.040451949919543  6.177060448170911  0.637456849248996  0.861021100931748  2.879131196155602  14.312190485728900 -154.870171766171836
        0.000000000431922  3.363132950715219  23.072996419702189  13.040451755601669  6.177060540216284  0.637456849248996  0.861021100931748  2.879131196155602  14.312190485728900 -154.870171766171836
        0.000000000718451  3.363132950715219  23.072996419702189  13.040451755601669  6.177060448170911  0.637456864150157  0.861021100931748  2.879131196155602  14.312190485728900 -154.870171766171836
        0.000000007903232  3.363132950715219  23.072996419702189  13.040451755601669  6.177060448170911  0.637456849248996  0.861021115832909  2.879131196155602  14.312190485728900 -154.870171766171836
        0.000000009992664  3.363132950715219  23.072996419702189  13.040451755601669  6.177060448170911  0.637456849248996  0.861021100931748  2.879131239058000  14.312190485728900 -154.870171766171836
        0.000000007536807  3.363132950715219  23.072996419702189  13.040451755601669  6.177060448170911  0.637456849248996  0.861021100931748  2.879131196155602  14.312190698997158 -154.870171766171836
        0.000037770827782  3.363132950715219  23.072996419702189  13.040451755601669  6.177060448170911  0.637456849248996  0.861021100931748  2.879131196155602  14.312190485728900 -154.870174073917241
        0.000079470256403  3.366861667190269  23.316774859077881  13.279076780105420  6.185157111851370  0.000150937078574  0.870214350177587  2.874647866582325  14.222314568903995 -154.870168262332527
        0.000000016831305  3.366861717360417  23.316774859077881  13.279076780105420  6.185157111851370  0.000150937078574  0.870214350177587  2.874647866582325  14.222314568903995 -154.870168262332527
        0.000000015828122  3.366861667190269  23.316775206524902  13.279076780105420  6.185157111851370  0.000150937078574  0.870214350177587  2.874647866582325  14.222314568903995 -154.870168262332527
        0.000000002765791  3.366861667190269  23.316774859077881  13.279076977979084  6.185157111851370  0.000150937078574  0.870214350177587  2.874647866582325  14.222314568903995 -154.870168262332527
        0.000000000453415  3.366861667190269  23.316774859077881  13.279076780105420  6.185157204017393  0.000150937078574  0.870214350177587  2.874647866582325  14.222314568903995 -154.870168262332527
        0.000000000738019  3.366861667190269  23.316774859077881  13.279076780105420  6.185157111851370  0.000150951979735  0.870214350177587  2.874647866582325  14.222314568903995 -154.870168262332527
        0.000000008040961  3.366861667190269  23.316774859077881  13.279076780105420  6.185157111851370  0.000150937078574  0.870214365078748  2.874647866582325  14.222314568903995 -154.870168262332527
        0.000000009973122  3.366861667190269  23.316774859077881  13.279076780105420  6.185157111851370  0.000150937078574  0.870214350177587  2.874647909417916  14.222314568903995 -154.870168262332527
        0.000000007705928  3.366861667190269  23.316774859077881  13.279076780105420  6.185157111851370  0.000150937078574  0.870214350177587  2.874647866582325  14.222314780832997 -154.870168262332527
        0.000037770823852  3.366861667190269  23.316774859077881  13.279076780105420  6.185157111851370  0.000150937078574  0.870214350177587  2.874647866582325  14.222314568903995 -154.870170570077875
        0.000024863066852  3.366670489880468  23.330145548810520  13.287476592631215  6.196834544911140  0.000148246342287  0.869949327554015  2.874750640703612  14.226194541673173 -154.870169058901865
        0.000000016830580  3.366670540047767  23.330145548810520  13.287476592631215  6.196834544911140  0.000148246342287  0.869949327554015  2.874750640703612  14.226194541673173 -154.870169058901865
        0.000000015828172  3.366670489880468  23.330145896456781  13.287476592631215  6.196834544911140  0.000148246342287  0.869949327554015  2.874750640703612  14.226194541673173 -154.870169058901865
        0.000000002765449  3.366670489880468  23.330145548810520  13.287476790630045  6.196834544911140  0.000148246342287  0.869949327554015  2.874750640703612  14.226194541673173 -154.870169058901865
        0.000000000452851  3.366670489880468  23.330145548810520  13.287476592631215  6.196834637251171  0.000148246342287  0.869949327554015  2.874750640703612  14.226194541673173 -154.870169058901865
        0.000000000739312  3.366670489880468  23.330145548810520  13.287476592631215  6.196834544911140  0.000148261243448  0.869949327554015  2.874750640703612  14.226194541673173 -154.870169058901865
        0.000000008044193  3.366670489880468  23.330145548810520  13.287476592631215  6.196834544911140  0.000148246342287  0.869949342455176  2.874750640703612  14.226194541673173 -154.870169058901865
        0.000000009978272  3.366670489880468  23.330145548810520  13.287476592631215  6.196834544911140  0.000148246342287  0.869949327554015  2.874750683540735  14.226194541673173 -154.870169058901865
        0.000000007702733  3.366670489880468  23.330145548810520  13.287476592631215  6.196834544911140  0.000148246342287  0.869949327554015  2.874750640703612  14.226194753659991 -154.870169058901865
        0.000037770824430  3.366670489880468  23.330145548810520  13.287476592631215  6.196834544911140  0.000148246342287  0.869949327554015  2.874750640703612  14.226194541673173 -154.870171366647213
        0.000082469628625  3.354385747617276  24.153890253384663  13.756689183798212  6.414212823563369  0.000075584258247  0.869975397407123  2.874787202030195  14.537350684975168 -154.870169236780214
        0.000088127161073  3.363594078783664  23.536300559076452  13.404879303408292  6.249531335874253  0.000049771290561  0.869991638632977  2.874777576852513  14.303950066430646 -154.870169214694442
        0.000004084057815  3.365907011037002  23.381134905484643  13.316479673924427  6.208284067585728  0.000012657698013  0.869992260341266  2.874775722178864  14.245322566722542 -154.870169210532595
        0.000000016826511  3.365907061192925  23.381134905484643  13.316479673924427  6.208284067585728  0.000012657698013  0.869992260341266  2.874775722178864  14.245322566722542 -154.870169210532595
        0.000000015826833  3.365907011037002  23.381135253890704  13.316479673924427  6.208284067585728  0.000012657698013  0.869992260341266  2.874775722178864  14.245322566722542 -154.870169210532595
        0.000000002765484  3.365907011037002  23.381134905484643  13.316479872355437  6.208284067585728  0.000012657698013  0.869992260341266  2.874775722178864  14.245322566722542 -154.870169210532595
        0.000000000452980  3.365907011037002  23.381134905484643  13.316479673924427  6.208284160096370  0.000012657698013  0.869992260341266  2.874775722178864  14.245322566722542 -154.870169210532595
        0.000000000739643  3.365907011037002  23.381134905484643  13.316479673924427  6.208284067585728  0.000012672599174  0.869992260341266  2.874775722178864  14.245322566722542 -154.870169210532595
        0.000000008044132  3.365907011037002  23.381134905484643  13.316479673924427  6.208284067585728  0.000012657698013  0.869992275242428  2.874775722178864  14.245322566722542 -154.870169210532595
        0.000000009989440  3.365907011037002  23.381134905484643  13.316479673924427  6.208284067585728  0.000012657698013  0.869992260341266  2.874775765016360  14.245322566722542 -154.870169210532595
        0.000000007689683  3.365907011037002  23.381134905484643  13.316479673924427  6.208284067585728  0.000012657698013  0.869992260341266  2.874775722178864  14.245322778994391 -154.870169210532595
        0.000037770824584  3.365907011037002  23.381134905484643  13.316479673924427  6.208284067585728  0.000012657698013  0.869992260341266  2.874775722178864  14.245322566722542 -154.870171518277942
        0.000037942690862  3.365733453404408  23.392645273919740  13.322957015812563  6.215299353838000  0.000002747050204  0.869902900450524  2.874810491768637  14.249411310761513 -154.870169422505796
        0.000000326496668  3.365876264247317  23.383021229533657  13.317488307145391  6.211267008325037  0.000009022774558  0.869934967102546  2.874807137760209  14.245821885586199 -154.870169400088827
        0.000000378926266  3.365899661409780  23.381424948861255  13.316595083082051  6.209156123188230  0.000011863253676  0.869971665055020  2.874803154130186  14.245271498069073 -154.870169373377223
        0.000000145606742  3.365902920774926  23.381207353880423  13.316482881640832  6.208502660982912  0.000012475375558  0.869984749072797  2.874800787594464  14.245213678756070 -154.870169357270356
        0.000000016826645  3.365902970930788  23.381207353880423  13.316482881640832  6.208502660982912  0.000012475375558  0.869984749072797  2.874800787594464  14.245213678756070 -154.870169357270356
        0.000000015826892  3.365902920774926  23.381207702287565  13.316482881640832  6.208502660982912  0.000012475375558  0.869984749072797  2.874800787594464  14.245213678756070 -154.870169357270356
        0.000000002765448  3.365902920774926  23.381207353880423  13.316483080071890  6.208502660982912  0.000012475375558  0.869984749072797  2.874800787594464  14.245213678756070 -154.870169357270356
        0.000000000452962  3.365902920774926  23.381207353880423  13.316482881640832  6.208502753496811  0.000012475375558  0.869984749072797  2.874800787594464  14.245213678756070 -154.870169357270356
        0.000000000739664  3.365902920774926  23.381207353880423  13.316482881640832  6.208502660982912  0.000012490276719  0.869984749072797  2.874800787594464  14.245213678756070 -154.870169357270356
        0.000000008044056  3.365902920774926  23.381207353880423  13.316482881640832  6.208502660982912  0.000012475375558  0.869984763973958  2.874800787594464  14.245213678756070 -154.870169357270356
        0.000000009989376  3.365902920774926  23.381207353880423  13.316482881640832  6.208502660982912  0.000012475375558  0.869984749072797  2.874800830432334  14.245213678756070 -154.870169357270356
        0.000000007689515  3.365902920774926  23.381207353880423  13.316482881640832  6.208502660982912  0.000012475375558  0.869984749072797  2.874800787594464  14.245213891026294 -154.870169357270356
        0.000037770824735  3.365902920774926  23.381207353880423  13.316482881640832  6.208502660982912  0.000012475375558  0.869984749072797  2.874800787594464  14.245213678756070 -154.870171665015704
2022-08-18 05:36:03.000962
