/projects/wagner/highthroughput/mick_graphene_paper/3_data/1_kc_fitting
2023-06-01 19:07:34.743242
use a starting guess from the old fit
starting guess parameters:  [ 3.37942338e+00  1.81846722e+01  1.33942071e+01  3.55913531e-03
  6.07493500e+00  7.19345289e-01  3.29308248e+00  1.39067829e+01
 -1.54589368e+02]
     1025.507820120405995  3.379423382381699  18.184672181803677  13.394207130830571  0.003559135312169  6.074935002291668  0.719345289329483  3.293082477932360  13.906782892134125 -154.589367648541639
        0.000000014064352  3.379423432739032  18.184672181803677  13.394207130830571  0.003559135312169  6.074935002291668  0.719345289329483  3.293082477932360  13.906782892134125 -154.589367648541639
        0.000000012948553  3.379423382381699  18.184672452776407  13.394207130830571  0.003559135312169  6.074935002291668  0.719345289329483  3.293082477932360  13.906782892134125 -154.589367648541639
        0.000000001160716  3.379423382381699  18.184672181803677  13.394207330419810  0.003559135312169  6.074935002291668  0.719345289329483  3.293082477932360  13.906782892134125 -154.589367648541639
        0.000000000478097  3.379423382381699  18.184672181803677  13.394207130830571  0.003559150213330  6.074935002291668  0.719345289329483  3.293082477932360  13.906782892134125 -154.589367648541639
        0.000000000825815  3.379423382381699  18.184672181803677  13.394207130830571  0.003559135312169  6.074935092815254  0.719345289329483  3.293082477932360  13.906782892134125 -154.589367648541639
        0.000000002214007  3.379423382381699  18.184672181803677  13.394207130830571  0.003559135312169  6.074935002291668  0.719345304230644  3.293082477932360  13.906782892134125 -154.589367648541639
        0.000000002625951  3.379423382381699  18.184672181803677  13.394207130830571  0.003559135312169  6.074935002291668  0.719345289329483  3.293082527003112  13.906782892134125 -154.589367648541639
        0.000000004345417  3.379423382381699  18.184672181803677  13.394207130830571  0.003559135312169  6.074935002291668  0.719345289329483  3.293082477932360  13.906783099361338 -154.589367648541639
        0.000015277412315  3.379423382381699  18.184672181803677  13.394207130830571  0.003559135312169  6.074935002291668  0.719345289329483  3.293082477932360  13.906782892134125 -154.589369952102714
        0.001608114537923  3.383999213875531  19.141881404963438  13.085777471968775  0.003577025767890  5.670880514211972  0.751422014719786  3.184931112427125  14.353276152717459 -154.589017989342580
        0.000000013439585  3.383999264301049  19.141881404963438  13.085777471968775  0.003577025767890  5.670880514211972  0.751422014719786  3.184931112427125  14.353276152717459 -154.589017989342580
        0.000000012279954  3.383999213875531  19.141881690199700  13.085777471968775  0.003577025767890  5.670880514211972  0.751422014719786  3.184931112427125  14.353276152717459 -154.589017989342580
        0.000000001203897  3.383999213875531  19.141881404963438  13.085777666962056  0.003577025767890  5.670880514211972  0.751422014719786  3.184931112427125  14.353276152717459 -154.589017989342580
        0.000000000488805  3.383999213875531  19.141881404963438  13.085777471968775  0.003577040669051  5.670880514211972  0.751422014719786  3.184931112427125  14.353276152717459 -154.589017989342580
        0.000000000778162  3.383999213875531  19.141881404963438  13.085777471968775  0.003577025767890  5.670880598714676  0.751422014719786  3.184931112427125  14.353276152717459 -154.589017989342580
        0.000000002353886  3.383999213875531  19.141881404963438  13.085777471968775  0.003577025767890  5.670880514211972  0.751422029620948  3.184931112427125  14.353276152717459 -154.589017989342580
        0.000000002714697  3.383999213875531  19.141881404963438  13.085777471968775  0.003577025767890  5.670880514211972  0.751422014719786  3.184931159886297  14.353276152717459 -154.589017989342580
        0.000000004472699  3.383999213875531  19.141881404963438  13.085777471968775  0.003577025767890  5.670880514211972  0.751422014719786  3.184931112427125  14.353276366597941 -154.589017989342580
        0.000015277269122  3.383999213875531  19.141881404963438  13.085777471968775  0.003577025767890  5.670880514211972  0.751422014719786  3.184931112427125  14.353276152717459 -154.589020292898454
        0.000227458485727  3.382426891994590  19.389656213181706  13.232892745961509  0.003571796308093  5.549976992907943  0.753899197709125  3.188635472127003  14.393423276835355 -154.589021623453561
        0.000000013482256  3.382426942396678  19.389656213181706  13.232892745961509  0.003571796308093  5.549976992907943  0.753899197709125  3.188635472127003  14.393423276835355 -154.589021623453561
        0.000000012309132  3.382426891994590  19.389656502110100  13.232892745961509  0.003571796308093  5.549976992907943  0.753899197709125  3.188635472127003  14.393423276835355 -154.589021623453561
        0.000000001214802  3.382426891994590  19.389656213181706  13.232892943146977  0.003571796308093  5.549976992907943  0.753899197709125  3.188635472127003  14.393423276835355 -154.589021623453561
        0.000000000494791  3.382426891994590  19.389656213181706  13.232892745961509  0.003571811209254  5.549976992907943  0.753899197709125  3.188635472127003  14.393423276835355 -154.589021623453561
        0.000000000755772  3.382426891994590  19.389656213181706  13.232892745961509  0.003571796308093  5.549977075609045  0.753899197709125  3.188635472127003  14.393423276835355 -154.589021623453561
        0.000000002399566  3.382426891994590  19.389656213181706  13.232892745961509  0.003571796308093  5.549976992907943  0.753899212610286  3.188635472127003  14.393423276835355 -154.589021623453561
        0.000000002729715  3.382426891994590  19.389656213181706  13.232892745961509  0.003571796308093  5.549976992907943  0.753899197709125  3.188635519641374  14.393423276835355 -154.589021623453561
        0.000000004478683  3.382426891994590  19.389656213181706  13.232892745961509  0.003571796308093  5.549976992907943  0.753899197709125  3.188635472127003  14.393423491314076 -154.589021623453561
        0.000015277269490  3.382426891994590  19.389656213181706  13.232892745961509  0.003571796308093  5.549976992907943  0.753899197709125  3.188635472127003  14.393423276835355 -154.589023927009492
        0.001361183690740  3.319814746118946  24.588878355986072  14.701757855438480  0.003275956162711  4.787208772177322  0.817300521043790  3.200310199647079  15.819244044972454 -154.589151857974741
        0.001091476712281  3.373949242263562  20.619822923781971  12.992913345535996  0.003497510579454  4.676568132425896  0.787091687328997  3.197936642564582  14.493691385527068 -154.589110247877585
        0.000000013513536  3.373949292539324  20.619822923781971  12.992913345535996  0.003497510579454  4.676568132425896  0.787091687328997  3.197936642564582  14.493691385527068 -154.589110247877585
        0.000000012253498  3.373949242263562  20.619823231041277  12.992913345535996  0.003497510579454  4.676568132425896  0.787091687328997  3.197936642564582  14.493691385527068 -154.589110247877585
        0.000000001280310  3.373949242263562  20.619822923781971  12.992913539145492  0.003497510579454  4.676568132425896  0.787091687328997  3.197936642564582  14.493691385527068 -154.589110247877585
        0.000000000496901  3.373949242263562  20.619822923781971  12.992913345535996  0.003497525480615  4.676568132425896  0.787091687328997  3.197936642564582  14.493691385527068 -154.589110247877585
        0.000000000604773  3.373949242263562  20.619822923781971  12.992913345535996  0.003497510579454  4.676568202112191  0.787091687328997  3.197936642564582  14.493691385527068 -154.589110247877585
        0.000000002580971  3.373949242263562  20.619822923781971  12.992913345535996  0.003497510579454  4.676568132425896  0.787091702230158  3.197936642564582  14.493691385527068 -154.589110247877585
        0.000000002734508  3.373949242263562  20.619822923781971  12.992913345535996  0.003497510579454  4.676568132425896  0.787091687328997  3.197936690217551  14.493691385527068 -154.589110247877585
        0.000000004463571  3.373949242263562  20.619822923781971  12.992913345535996  0.003497510579454  4.676568132425896  0.787091687328997  3.197936642564582  14.493691601499901 -154.589110247877585
        0.000015277300689  3.373949242263562  20.619822923781971  12.992913345535996  0.003497510579454  4.676568132425896  0.787091687328997  3.197936642564582  14.493691385527068 -154.589112551434823
        0.000293454336270  3.373573798106180  20.712837312509436  13.065098678051219  0.003504575569317  4.623028137662680  0.787669596057537  3.194770234742727  14.523977740498205 -154.589096031438714
        0.000000013464383  3.373573848376347  20.712837312509436  13.065098678051219  0.003504575569317  4.623028137662680  0.787669596057537  3.194770234742727  14.523977740498205 -154.589096031438714
        0.000000012204488  3.373573798106180  20.712837621154762  13.065098678051219  0.003504575569317  4.623028137662680  0.787669596057537  3.194770234742727  14.523977740498205 -154.589096031438714
        0.000000001283100  3.373573798106180  20.712837312509436  13.065098872736360  0.003504575569317  4.623028137662680  0.787669596057537  3.194770234742727  14.523977740498205 -154.589096031438714
        0.000000000499644  3.373573798106180  20.712837312509436  13.065098678051219  0.003504590470478  4.623028137662680  0.787669596057537  3.194770234742727  14.523977740498205 -154.589096031438714
        0.000000000596379  3.373573798106180  20.712837312509436  13.065098678051219  0.003504575569317  4.623028206551168  0.787669596057537  3.194770234742727  14.523977740498205 -154.589096031438714
        0.000000002600301  3.373573798106180  20.712837312509436  13.065098678051219  0.003504575569317  4.623028137662680  0.787669610958698  3.194770234742727  14.523977740498205 -154.589096031438714
        0.000000002743547  3.373573798106180  20.712837312509436  13.065098678051219  0.003504575569317  4.623028137662680  0.787669596057537  3.194770282348513  14.523977740498205 -154.589096031438714
        0.000000004467224  3.373573798106180  20.712837312509436  13.065098678051219  0.003504575569317  4.623028137662680  0.787669596057537  3.194770234742727  14.523977956922339 -154.589096031438714
        0.000015277295432  3.373573798106180  20.712837312509436  13.065098678051219  0.003504575569317  4.623028137662680  0.787669596057537  3.194770234742727  14.523977740498205 -154.589098334995754
        0.000122605198232  3.374199646415587  20.769031000090713  13.021856161664678  0.003607462154508  4.444052741652508  0.791297620218589  3.198795535213475  14.474203774190160 -154.589118999290150
        0.000000013496305  3.374199696695080  20.769031000090713  13.021856161664678  0.003607462154508  4.444052741652508  0.791297620218589  3.198795535213475  14.474203774190160 -154.589118999290150
        0.000000012222723  3.374199646415587  20.769031309573393  13.021856161664678  0.003607462154508  4.444052741652508  0.791297620218589  3.198795535213475  14.474203774190160 -154.589118999290150
        0.000000001292905  3.374199646415587  20.769031000090713  13.021856355705456  0.003607462154508  4.444052741652508  0.791297620218589  3.198795535213475  14.474203774190160 -154.589118999290150
        0.000000000501714  3.374199646415587  20.769031000090713  13.021856161664678  0.003607477055669  4.444052741652508  0.791297620218589  3.198795535213475  14.474203774190160 -154.589118999290150
        0.000000000571081  3.374199646415587  20.769031000090713  13.021856161664678  0.003607462154508  4.444052807874054  0.791297620218589  3.198795535213475  14.474203774190160 -154.589118999290150
        0.000000002634867  3.374199646415587  20.769031000090713  13.021856161664678  0.003607462154508  4.444052741652508  0.791297635119750  3.198795535213475  14.474203774190160 -154.589118999290150
        0.000000002734581  3.374199646415587  20.769031000090713  13.021856161664678  0.003607462154508  4.444052741652508  0.791297620218589  3.198795582879243  14.474203774190160 -154.589118999290150
        0.000000004481263  3.374199646415587  20.769031000090713  13.021856161664678  0.003607462154508  4.444052741652508  0.791297620218589  3.198795535213475  14.474203989872604 -154.589118999290150
        0.000015277304138  3.374199646415587  20.769031000090713  13.021856161664678  0.003607462154508  4.444052741652508  0.791297620218589  3.198795535213475  14.474203774190160 -154.589121302847531
        0.000072175881454  3.377215147977217  20.851345229353271  12.697194081975615  0.003829074429742  4.038783092870434  0.804043980928595  3.196118358565809  14.397928981794749 -154.589118346988187
        0.000000013497484  3.377215198301645  20.851345229353271  12.697194081975615  0.003829074429742  4.038783092870434  0.804043980928595  3.196118358565809  14.397928981794749 -154.589118346988187
        0.000000012191531  3.377215147977217  20.851345540062528  12.697194081975615  0.003829074429742  4.038783092870434  0.804043980928595  3.196118358565809  14.397928981794749 -154.589118346988187
        0.000000001320686  3.377215147977217  20.851345229353271  12.697194271178551  0.003829074429742  4.038783092870434  0.804043980928595  3.196118358565809  14.397928981794749 -154.589118346988187
        0.000000000501352  3.377215147977217  20.851345229353271  12.697194081975615  0.003829089330903  4.038783092870434  0.804043980928595  3.196118358565809  14.397928981794749 -154.589118346988187
        0.000000000516059  3.377215147977217  20.851345229353271  12.697194081975615  0.003829074429742  4.038783153052991  0.804043980928595  3.196118358565809  14.397928981794749 -154.589118346988187
        0.000000002702933  3.377215147977217  20.851345229353271  12.697194081975615  0.003829074429742  4.038783092870434  0.804043995829756  3.196118358565809  14.397928981794749 -154.589118346988187
        0.000000002708386  3.377215147977217  20.851345229353271  12.697194081975615  0.003829074429742  4.038783092870434  0.804043980928595  3.196118406191684  14.397928981794749 -154.589118346988187
        0.000000004532738  3.377215147977217  20.851345229353271  12.697194081975615  0.003829074429742  4.038783092870434  0.804043980928595  3.196118358565809  14.397929196340609 -154.589118346988187
        0.000015277303924  3.377215147977217  20.851345229353271  12.697194081975615  0.003829074429742  4.038783092870434  0.804043980928595  3.196118358565809  14.397928981794749 -154.589120650545567
        0.000147313764832  3.378788198871858  21.023015868392886  12.566591778276697  0.092780789633923  3.618504335326671  0.812783040051206  3.198050589256716  14.324732351138241 -154.589143903904557
        0.000000013523689  3.378788249219725  21.023015868392886  12.566591778276697  0.092780789633923  3.618504335326671  0.812783040051206  3.198050589256716  14.324732351138241 -154.589143903904557
        0.000000012187007  3.378788198871858  21.023016181660235  12.566591778276697  0.092780789633923  3.618504335326671  0.812783040051206  3.198050589256716  14.324732351138241 -154.589143903904557
        0.000000001347383  3.378788198871858  21.023015868392886  12.566591965533506  0.092780789633923  3.618504335326671  0.812783040051206  3.198050589256716  14.324732351138241 -154.589143903904557
        0.000000000504464  3.378788198871858  21.023015868392886  12.566591778276697  0.092780804535085  3.618504335326671  0.812783040051206  3.198050589256716  14.324732351138241 -154.589143903904557
        0.000000000455978  3.378788198871858  21.023015868392886  12.566591778276697  0.092780789633923  3.618504389246587  0.812783040051206  3.198050589256716  14.324732351138241 -154.589143903904557
        0.000000002793657  3.378788198871858  21.023015868392886  12.566591778276697  0.092780789633923  3.618504335326671  0.812783054952367  3.198050589256716  14.324732351138241 -154.589143903904557
        0.000000002698733  3.378788198871858  21.023015868392886  12.566591778276697  0.092780789633923  3.618504335326671  0.812783040051206  3.198050636911383  14.324732351138241 -154.589143903904557
        0.000000004570582  3.378788198871858  21.023015868392886  12.566591778276697  0.092780789633923  3.618504335326671  0.812783040051206  3.198050589256716  14.324732564593386 -154.589143903904557
        0.000015277312746  3.378788198871858  21.023015868392886  12.566591778276697  0.092780789633923  3.618504335326671  0.812783040051206  3.198050589256716  14.324732351138241 -154.589146207462306
        0.000091615923177  3.371149925729862  21.826801658174109  12.746326060861021  0.095627442718097  3.313063027734395  0.824868079053938  3.196988456442370  14.507746899190447 -154.589152670073588
        0.000000013467018  3.371149975963911  21.826801658174109  12.746326060861021  0.095627442718097  3.313063027734395  0.824868079053938  3.196988456442370  14.507746899190447 -154.589152670073588
        0.000000012101704  3.371149925729862  21.826801983418800  12.746326060861021  0.095627442718097  3.313063027734395  0.824868079053938  3.196988456442370  14.507746899190447 -154.589152670073588
        0.000000001376981  3.371149925729862  21.826801658174109  12.746326250796081  0.095627442718097  3.313063027734395  0.824868079053938  3.196988456442370  14.507746899190447 -154.589152670073588
        0.000000000508914  3.371149925729862  21.826801658174109  12.746326060861021  0.095627457619258  3.313063027734395  0.824868079053938  3.196988456442370  14.507746899190447 -154.589152670073588
        0.000000000400050  3.371149925729862  21.826801658174109  12.746326060861021  0.095627442718097  3.313063077102882  0.824868079053938  3.196988456442370  14.507746899190447 -154.589152670073588
        0.000000002869297  3.371149925729862  21.826801658174109  12.746326060861021  0.095627442718097  3.313063027734395  0.824868093955099  3.196988456442370  14.507746899190447 -154.589152670073588
        0.000000002734949  3.371149925729862  21.826801658174109  12.746326060861021  0.095627442718097  3.313063027734395  0.824868079053938  3.196988504081211  14.507746899190447 -154.589152670073588
        0.000000004529162  3.371149925729862  21.826801658174109  12.746326060861021  0.095627442718097  3.313063027734395  0.824868079053938  3.196988456442370  14.507747115372723 -154.589152670073588
        0.000015277316135  3.371149925729862  21.826801658174109  12.746326060861021  0.095627442718097  3.313063027734395  0.824868079053938  3.196988456442370  14.507746899190447 -154.589154973631480
        0.000045212094407  3.370545382341865  21.923829151863909  12.768384661000219  0.096547108498571  3.250811980112184  0.826280968362135  3.197120044668243  14.521128703357274 -154.589155342369196
        0.000000013460774  3.370545432566905  21.923829151863909  12.768384661000219  0.096547108498571  3.250811980112184  0.826280968362135  3.197120044668243  14.521128703357274 -154.589155342369196
        0.000000012090912  3.370545382341865  21.923829478554421  12.768384661000219  0.096547108498571  3.250811980112184  0.826280968362135  3.197120044668243  14.521128703357274 -154.589155342369196
        0.000000001382014  3.370545382341865  21.923829151863909  12.768384851263978  0.096547108498571  3.250811980112184  0.826280968362135  3.197120044668243  14.521128703357274 -154.589155342369196
        0.000000000509972  3.370545382341865  21.923829151863909  12.768384661000219  0.096547123399733  3.250811980112184  0.826280968362135  3.197120044668243  14.521128703357274 -154.589155342369196
        0.000000000390257  3.370545382341865  21.923829151863909  12.768384661000219  0.096547108498571  3.250812028553058  0.826280968362135  3.197120044668243  14.521128703357274 -154.589155342369196
        0.000000002884564  3.370545382341865  21.923829151863909  12.768384661000219  0.096547108498571  3.250811980112184  0.826280983263296  3.197120044668243  14.521128703357274 -154.589155342369196
        0.000000002738539  3.370545382341865  21.923829151863909  12.768384661000219  0.096547108498571  3.250811980112184  0.826280968362135  3.197120092309044  14.521128703357274 -154.589155342369196
        0.000000004528900  3.370545382341865  21.923829151863909  12.768384661000219  0.096547108498571  3.250811980112184  0.826280968362135  3.197120044668243  14.521128919738953 -154.589155342369196
        0.000015277316734  3.370545382341865  21.923829151863909  12.768384661000219  0.096547108498571  3.250811980112184  0.826280968362135  3.197120044668243  14.521128703357274 -154.589157645927116
        0.000031543310353  3.369923735810533  22.060601300784239  12.759687654120448  0.095858760515578  3.125445823970369  0.829997921868104  3.197154104426071  14.530653301529561 -154.589160384855347
        0.000000013456694  3.369923786026309  22.060601300784239  12.759687654120448  0.095858760515578  3.125445823970369  0.829997921868104  3.197154104426071  14.530653301529561 -154.589160384855347
        0.000000012076593  3.369923735810533  22.060601629512814  12.759687654120448  0.095858760515578  3.125445823970369  0.829997921868104  3.197154104426071  14.530653301529561 -154.589160384855347
        0.000000001391948  3.369923735810533  22.060601300784239  12.759687844254611  0.095858760515578  3.125445823970369  0.829997921868104  3.197154104426071  14.530653301529561 -154.589160384855347
        0.000000000511238  3.369923735810533  22.060601300784239  12.759687654120448  0.095858775416739  3.125445823970369  0.829997921868104  3.197154104426071  14.530653301529561 -154.589160384855347
        0.000000000371237  3.369923735810533  22.060601300784239  12.759687654120448  0.095858760515578  3.125445870543141  0.829997921868104  3.197154104426071  14.530653301529561 -154.589160384855347
        0.000000002910030  3.369923735810533  22.060601300784239  12.759687654120448  0.095858760515578  3.125445823970369  0.829997936769265  3.197154104426071  14.530653301529561 -154.589160384855347
        0.000000002739584  3.369923735810533  22.060601300784239  12.759687654120448  0.095858760515578  3.125445823970369  0.829997921868104  3.197154152067379  14.530653301529561 -154.589160384855347
        0.000000004531565  3.369923735810533  22.060601300784239  12.759687654120448  0.095858760515578  3.125445823970369  0.829997921868104  3.197154104426071  14.530653518053169 -154.589160384855347
        0.000015277318538  3.369923735810533  22.060601300784239  12.759687654120448  0.095858760515578  3.125445823970369  0.829997921868104  3.197154104426071  14.530653301529561 -154.589162688413353
        0.000050224351218  3.368843924726509  22.322401363422973  12.738796206164524  0.099238333161706  2.878388698502383  0.837247952049050  3.196742749340923  14.549951364938265 -154.589166505521405
        0.000000013447395  3.368843974926195  22.322401363422973  12.738796206164524  0.099238333161706  2.878388698502383  0.837247952049050  3.196742749340923  14.549951364938265 -154.589166505521405
        0.000000012047293  3.368843924726509  22.322401696052673  12.738796206164524  0.099238333161706  2.878388698502383  0.837247952049050  3.196742749340923  14.549951364938265 -154.589166505521405
        0.000000001411853  3.368843924726509  22.322401363422973  12.738796395987380  0.099238333161706  2.878388698502383  0.837247952049050  3.196742749340923  14.549951364938265 -154.589166505521405
        0.000000000513672  3.368843924726509  22.322401363422973  12.738796206164524  0.099238348062867  2.878388698502383  0.837247952049050  3.196742749340923  14.549951364938265 -154.589166505521405
        0.000000000334186  3.368843924726509  22.322401363422973  12.738796206164524  0.099238333161706  2.878388741393717  0.837247952049050  3.196742749340923  14.549951364938265 -154.589166505521405
        0.000000002960193  3.368843924726509  22.322401363422973  12.738796206164524  0.099238333161706  2.878388698502383  0.837247966950211  3.196742749340923  14.549951364938265 -154.589166505521405
        0.000000002741719  3.368843924726509  22.322401363422973  12.738796206164524  0.099238333161706  2.878388698502383  0.837247952049050  3.196742796976102  14.549951364938265 -154.589166505521405
        0.000000004538479  3.368843924726509  22.322401363422973  12.738796206164524  0.099238333161706  2.878388698502383  0.837247952049050  3.196742749340923  14.549951581749434 -154.589166505521405
        0.000015277320749  3.368843924726509  22.322401363422973  12.738796206164524  0.099238333161706  2.878388698502383  0.837247952049050  3.196742749340923  14.549951364938265 -154.589168809079496
        0.000029400301823  3.364880218157957  22.749880602109968  12.852075152518463  0.097693706238864  2.717154320952742  0.842884601241687  3.196094449998442  14.648428302434564 -154.589169491714330
        0.000000013415676  3.364880268298580  22.749880602109968  12.852075152518463  0.097693706238864  2.717154320952742  0.842884601241687  3.196094449998442  14.648428302434564 -154.589169491714330
        0.000000012002188  3.364880218157957  22.749880941109605  12.852075152518463  0.097693706238864  2.717154320952742  0.842884601241687  3.196094449998442  14.648428302434564 -154.589169491714330
        0.000000001427299  3.364880218157957  22.749880602109968  12.852075344029306  0.097693706238864  2.717154320952742  0.842884601241687  3.196094449998442  14.648428302434564 -154.589169491714330
        0.000000000516312  3.364880218157957  22.749880602109968  12.852075152518463  0.097693721140025  2.717154320952742  0.842884601241687  3.196094449998442  14.648428302434564 -154.589169491714330
        0.000000000306879  3.364880218157957  22.749880602109968  12.852075152518463  0.097693706238864  2.717154361441496  0.842884601241687  3.196094449998442  14.648428302434564 -154.589169491714330
        0.000000002997632  3.364880218157957  22.749880602109968  12.852075152518463  0.097693706238864  2.717154320952742  0.842884616142848  3.196094449998442  14.648428302434564 -154.589169491714330
        0.000000002761773  3.364880218157957  22.749880602109968  12.852075152518463  0.097693706238864  2.717154320952742  0.842884601241687  3.196094497623960  14.648428302434564 -154.589169491714330
        0.000000004516528  3.364880218157957  22.749880602109968  12.852075152518463  0.097693706238864  2.717154320952742  0.842884601241687  3.196094449998442  14.648428520713155 -154.589169491714330
        0.000015277321820  3.364880218157957  22.749880602109968  12.852075152518463  0.097693706238864  2.717154320952742  0.842884601241687  3.196094449998442  14.648428302434564 -154.589171795272449
        0.000022614373464  3.363960803384796  22.916303635241100  12.860840857236719  0.094180550894813  2.588307523750897  0.846609321043249  3.195910997089785  14.668178112360927 -154.589172814879532
        0.000000013407911  3.363960853511718  22.916303635241100  12.860840857236719  0.094180550894813  2.588307523750897  0.846609321043249  3.195910997089785  14.668178112360927 -154.589172814879532
        0.000000011984204  3.363960803384796  22.916303976720634  12.860840857236719  0.094180550894813  2.588307523750897  0.846609321043249  3.195910997089785  14.668178112360927 -154.589172814879532
        0.000000001438093  3.363960803384796  22.916303635241100  12.860841048878182  0.094180550894813  2.588307523750897  0.846609321043249  3.195910997089785  14.668178112360927 -154.589172814879532
        0.000000000517848  3.363960803384796  22.916303635241100  12.860840857236719  0.094180565795974  2.588307523750897  0.846609321043249  3.195910997089785  14.668178112360927 -154.589172814879532
        0.000000000287651  3.363960803384796  22.916303635241100  12.860840857236719  0.094180550894813  2.588307562319685  0.846609321043249  3.195910997089785  14.668178112360927 -154.589172814879532
        0.000000003023707  3.363960803384796  22.916303635241100  12.860840857236719  0.094180550894813  2.588307523750897  0.846609335944410  3.195910997089785  14.668178112360927 -154.589172814879532
        0.000000002764948  3.363960803384796  22.916303635241100  12.860840857236719  0.094180550894813  2.588307523750897  0.846609321043249  3.195911044712570  14.668178112360927 -154.589172814879532
        0.000000004517199  3.363960803384796  22.916303635241100  12.860840857236719  0.094180550894813  2.588307523750897  0.846609321043249  3.195910997089785  14.668178330933813 -154.589172814879532
        0.000015277323002  3.363960803384796  22.916303635241100  12.860840857236719  0.094180550894813  2.588307523750897  0.846609321043249  3.195910997089785  14.668178112360927 -154.589175118437709
        0.000051429915639  3.355959239916967  23.708868082685232  13.121745508570701  0.086762694245210  2.367490494616478  0.854713148950306  3.195214921451186  14.869763977281773 -154.589178257367848
        0.000000013348338  3.355959289924657  23.708868082685232  13.121745508570701  0.086762694245210  2.367490494616478  0.854713148950306  3.195214921451186  14.869763977281773 -154.589178257367848
        0.000000011906986  3.355959239916967  23.708868435974896  13.121745508570701  0.086762694245210  2.367490494616478  0.854713148950306  3.195214921451186  14.869763977281773 -154.589178257367848
        0.000000001460525  3.355959239916967  23.708868082685232  13.121745704099945  0.086762694245210  2.367490494616478  0.854713148950306  3.195214921451186  14.869763977281773 -154.589178257367848
        0.000000000522092  3.355959239916967  23.708868082685232  13.121745508570701  0.086762709146372  2.367490494616478  0.854713148950306  3.195214921451186  14.869763977281773 -154.589178257367848
        0.000000000249642  3.355959239916967  23.708868082685232  13.121745508570701  0.086762694245210  2.367490529894836  0.854713148950306  3.195214921451186  14.869763977281773 -154.589178257367848
        0.000000003074728  3.355959239916967  23.708868082685232  13.121745508570701  0.086762694245210  2.367490494616478  0.854713163851467  3.195214921451186  14.869763977281773 -154.589178257367848
        0.000000002806750  3.355959239916967  23.708868082685232  13.121745508570701  0.086762694245210  2.367490494616478  0.854713148950306  3.195214969063598  14.869763977281773 -154.589178257367848
        0.000000004464644  3.355959239916967  23.708868082685232  13.121745508570701  0.086762694245210  2.367490494616478  0.854713148950306  3.195214921451186  14.869764198858523 -154.589178257367848
        0.000015277325303  3.355959239916967  23.708868082685232  13.121745508570701  0.086762694245210  2.367490494616478  0.854713148950306  3.195214921451186  14.869763977281773 -154.589180560926110
        0.000024187642636  3.356339024863470  23.727250822867941  13.101490800160907  0.083698777459233  2.310316496589286  0.855953896707014  3.195063451490547  14.860091797630838 -154.589179239217685
        0.000000013350206  3.356339074876819  23.727250822867941  13.101490800160907  0.083698777459233  2.310316496589286  0.855953896707014  3.195063451490547  14.860091797630838 -154.589179239217685
        0.000000011904519  3.356339024863470  23.727251176431530  13.101490800160907  0.083698777459233  2.310316496589286  0.855953896707014  3.195063451490547  14.860091797630838 -154.589179239217685
        0.000000001465071  3.356339024863470  23.727250822867941  13.101490995388334  0.083698777459233  2.310316496589286  0.855953896707014  3.195063451490547  14.860091797630838 -154.589179239217685
        0.000000000522695  3.356339024863470  23.727250822867941  13.101490800160907  0.083698792360395  2.310316496589286  0.855953896707014  3.195063451490547  14.860091797630838 -154.589179239217685
        0.000000000242035  3.356339024863470  23.727250822867941  13.101490800160907  0.083698777459233  2.310316531015684  0.855953896707014  3.195063451490547  14.860091797630838 -154.589179239217685
        0.000000003086007  3.356339024863470  23.727250822867941  13.101490800160907  0.083698777459233  2.310316496589286  0.855953911608175  3.195063451490547  14.860091797630838 -154.589179239217685
        0.000000002804490  3.356339024863470  23.727250822867941  13.101490800160907  0.083698777459233  2.310316496589286  0.855953896707014  3.195063499100702  14.860091797630838 -154.589179239217685
        0.000000004472057  3.356339024863470  23.727250822867941  13.101490800160907  0.083698777459233  2.310316496589286  0.855953896707014  3.195063451490547  14.860092019063462 -154.589179239217685
        0.000015277325432  3.356339024863470  23.727250822867941  13.101490800160907  0.083698777459233  2.310316496589286  0.855953896707014  3.195063451490547  14.860091797630838 -154.589181542775975
2023-06-01 19:22:35.871667
