/projects/wagner/highthroughput/mick_graphene_paper/3_data/kc_fitting_dft
2022-08-17 14:00:06.212867
energy_inf: -154.89183204249554
     2536.019385218373827  3.416084000000000  20.021583000000000  10.905510700000001  4.275635400000000  0.010010836000000  0.844712200000000  2.936058400000000  14.313258800000000 -154.891832042495537
        0.000000018717218  3.416084050903618  20.021583000000000  10.905510700000001  4.275635400000000  0.010010836000000  0.844712200000000  2.936058400000000  14.313258800000000 -154.891832042495537
        0.000000019282189  3.416084000000000  20.021583298344837  10.905510700000001  4.275635400000000  0.010010836000000  0.844712200000000  2.936058400000000  14.313258800000000 -154.891832042495537
        0.000000002760085  3.416084000000000  20.021583000000000  10.905510862504773  4.275635400000000  0.010010836000000  0.844712200000000  2.936058400000000  14.313258800000000 -154.891832042495537
        0.000000000499340  3.416084000000000  20.021583000000000  10.905510700000001  4.275635463711932  0.010010836000000  0.844712200000000  2.936058400000000  14.313258800000000 -154.891832042495537
        0.000000000455390  3.416084000000000  20.021583000000000  10.905510700000001  4.275635400000000  0.010010850901161  0.844712200000000  2.936058400000000  14.313258800000000 -154.891832042495537
        0.000000007626080  3.416084000000000  20.021583000000000  10.905510700000001  4.275635400000000  0.010010836000000  0.844712214901161  2.936058400000000  14.313258800000000 -154.891832042495537
        0.000000008542471  3.416084000000000  20.021583000000000  10.905510700000001  4.275635400000000  0.010010836000000  0.844712200000000  2.936058443750679  14.313258800000000 -154.891832042495537
        0.000000009622645  3.416084000000000  20.021583000000000  10.905510700000001  4.275635400000000  0.010010836000000  0.844712200000000  2.936058400000000  14.313259013284176 -154.891832042495537
        0.000037775266475  3.416084000000000  20.021583000000000  10.905510700000001  4.275635400000000  0.010010836000000  0.844712200000000  2.936058400000000  14.313258800000000 -154.891834350563698
        0.041858914103959  3.304245533306609  21.680380706404677  11.683626972929133  8.903055012909203  1.470705711297214  0.641115269452158  2.942734345372992  14.143578477666169 -154.891438823226224
        0.000000018572380  3.304245582543704  21.680380706404677  11.683626972929133  8.903055012909203  1.470705711297214  0.641115269452158  2.942734345372992  14.143578477666169 -154.891438823226224
        0.000000019535283  3.304245533306609  21.680381029467526  11.683626972929133  8.903055012909203  1.470705711297214  0.641115269452158  2.942734345372992  14.143578477666169 -154.891438823226224
        0.000000002095103  3.304245533306609  21.680380706404677  11.683627147028742  8.903055012909203  1.470705711297214  0.641115269452158  2.942734345372992  14.143578477666169 -154.891438823226224
        0.000000000287497  3.304245533306609  21.680380706404677  11.683626972929133  8.903055145575062  1.470705711297214  0.641115269452158  2.942734345372992  14.143578477666169 -154.891438823226224
        0.000000000526670  3.304245533306609  21.680380706404677  11.683626972929133  8.903055012909203  1.470705733212437  0.641115269452158  2.942734345372992  14.143578477666169 -154.891438823226224
        0.000000006592148  3.304245533306609  21.680380706404677  11.683626972929133  8.903055012909203  1.470705711297214  0.641115284353319  2.942734345372992  14.143578477666169 -154.891438823226224
        0.000000008300609  3.304245533306609  21.680380706404677  11.683626972929133  8.903055012909203  1.470705711297214  0.641115269452158  2.942734389223150  14.143578477666169 -154.891438823226224
        0.000000006698425  3.304245533306609  21.680380706404677  11.683626972929133  8.903055012909203  1.470705711297214  0.641115269452158  2.942734345372992  14.143578688421913 -154.891438823226224
        0.000037776970858  3.304245533306609  21.680380706404677  11.683626972929133  8.903055012909203  1.470705711297214  0.641115269452158  2.942734345372992  14.143578477666169 -154.891441131288531
        0.015670341231236  3.299194081602327  21.680411339252643  11.683638011936246  8.903080234486612  1.470786884832840  0.643300734339303  2.942287633568472  14.140893874985517 -154.890643611785777
        0.000000018433820  3.299194130764149  21.680411339252643  11.683638011936246  8.903080234486612  1.470786884832840  0.643300734339303  2.942287633568472  14.140893874985517 -154.890643611785777
        0.000000019399034  3.299194081602327  21.680411662315947  11.683638011936246  8.903080234486612  1.470786884832840  0.643300734339303  2.942287633568472  14.140893874985517 -154.890643611785777
        0.000000002063740  3.299194081602327  21.680411339252643  11.683638186036019  8.903080234486612  1.470786884832840  0.643300734339303  2.942287633568472  14.140893874985517 -154.890643611785777
        0.000000000285793  3.299194081602327  21.680411339252643  11.683638011936246  8.903080367152846  1.470786884832840  0.643300734339303  2.942287633568472  14.140893874985517 -154.890643611785777
        0.000000000520649  3.299194081602327  21.680411339252643  11.683638011936246  8.903080234486612  1.470786906749272  0.643300734339303  2.942287633568472  14.140893874985517 -154.890643611785777
        0.000000006511746  3.299194081602327  21.680411339252643  11.683638011936246  8.903080234486612  1.470786884832840  0.643300749240464  2.942287633568472  14.140893874985517 -154.890643611785777
        0.000000008255767  3.299194081602327  21.680411339252643  11.683638011936246  8.903080234486612  1.470786884832840  0.643300734339303  2.942287677411974  14.140893874985517 -154.890643611785777
        0.000000006577784  3.299194081602327  21.680411339252643  11.683638011936246  8.903080234486612  1.470786884832840  0.643300734339303  2.942287633568472  14.140894085701255 -154.890643611785777
        0.000037776848060  3.299194081602327  21.680411339252643  11.683638011936246  8.903080234486612  1.470786884832840  0.643300734339303  2.942287633568472  14.140893874985517 -154.890645919836231
        0.005127621494718  3.284011590945705  23.147503003201148  11.739995368761093  9.136502149063732  0.048942453333062  0.677523527129588  3.072455971311252  14.139321005470114 -154.890598372260087
        0.000000018270855  3.284011639881292  23.147503003201148  11.739995368761093  9.136502149063732  0.048942453333062  0.677523527129588  3.072455971311252  14.139321005470114 -154.890598372260087
        0.000000019158708  3.284011590945705  23.147503348125820  11.739995368761093  9.136502149063732  0.048942453333062  0.677523527129588  3.072455971311252  14.139321005470114 -154.890598372260087
        0.000000002115769  3.284011590945705  23.147503003201148  11.739995543700656  9.136502149063732  0.048942453333062  0.677523527129588  3.072455971311252  14.139321005470114 -154.890598372260087
        0.000000000316853  3.284011590945705  23.147503003201148  11.739995368761093  9.136502285208223  0.048942453333062  0.677523527129588  3.072455971311252  14.139321005470114 -154.890598372260087
        0.000000000643300  3.284011590945705  23.147503003201148  11.739995368761093  9.136502149063732  0.048942468234224  0.677523527129588  3.072455971311252  14.139321005470114 -154.890598372260087
        0.000000006593458  3.284011590945705  23.147503003201148  11.739995368761093  9.136502149063732  0.048942453333062  0.677523542030749  3.072455971311252  14.139321005470114 -154.890598372260087
        0.000000008054934  3.284011590945705  23.147503003201148  11.739995368761093  9.136502149063732  0.048942453333062  0.677523527129588  3.072456017094414  14.139321005470114 -154.890598372260087
        0.000000006475581  3.284011590945705  23.147503003201148  11.739995368761093  9.136502149063732  0.048942453333062  0.677523527129588  3.072455971311252  14.139321216162415 -154.890598372260087
        0.000037777044237  3.284011590945705  23.147503003201148  11.739995368761093  9.136502149063732  0.048942453333062  0.677523527129588  3.072455971311252  14.139321005470114 -154.890600680309859
        0.003943689384939  3.265685185982204  23.611718150796541  11.436433326653210  9.116378914451879  0.048537045405832  0.681445791934223  3.237958988603548  14.321282177356487 -154.890484873680663
        0.000000018623690  3.265685234644705  23.611718150796541  11.436433326653210  9.116378914451879  0.048537045405832  0.681445791934223  3.237958988603548  14.321282177356487 -154.890484873680663
        0.000000019339409  3.265685185982204  23.611718502638560  11.436433326653210  9.116378914451879  0.048537045405832  0.681445791934223  3.237958988603548  14.321282177356487 -154.890484873680663
        0.000000002047336  3.265685185982204  23.611718150796541  11.436433497069347  9.116378914451879  0.048537045405832  0.681445791934223  3.237958988603548  14.321282177356487 -154.890484873680663
        0.000000000295352  3.265685185982204  23.611718150796541  11.436433326653210  9.116379050296510  0.048537045405832  0.681445791934223  3.237958988603548  14.321282177356487 -154.890484873680663
        0.000000000597426  3.265685185982204  23.611718150796541  11.436433326653210  9.116378914451879  0.048537060306993  0.681445791934223  3.237958988603548  14.321282177356487 -154.890484873680663
        0.000000006005308  3.265685185982204  23.611718150796541  11.436433326653210  9.116378914451879  0.048537045405832  0.681445806835384  3.237958988603548  14.321282177356487 -154.890484873680663
        0.000000007519415  3.265685185982204  23.611718150796541  11.436433326653210  9.116378914451879  0.048537045405832  0.681445791934223  3.237959036852897  14.321282177356487 -154.890484873680663
        0.000000006214479  3.265685185982204  23.611718150796541  11.436433326653210  9.116378914451879  0.048537045405832  0.681445791934223  3.237958988603548  14.321282390760221 -154.890484873680663
        0.000037777168186  3.265685185982204  23.611718150796541  11.436433326653210  9.116378914451879  0.048537045405832  0.681445791934223  3.237958988603548  14.321282177356487 -154.890487181728759
        0.000505164086842  3.266963333845636  23.611743155234393  11.436436075715450  9.116391386195195  0.048575021206409  0.682580341791513  3.238083811130435  14.320678335388530 -154.890480440170961
        0.000000018601555  3.266963382527183  23.611743155234393  11.436436075715450  9.116391386195195  0.048575021206409  0.682580341791513  3.238083811130435  14.320678335388530 -154.890480440170961
        0.000000019308175  3.266963333845636  23.611743507076785  11.436436075715450  9.116391386195195  0.048575021206409  0.682580341791513  3.238083811130435  14.320678335388530 -154.890480440170961
        0.000000002055984  3.266963333845636  23.611743155234393  11.436436246131628  9.116391386195195  0.048575021206409  0.682580341791513  3.238083811130435  14.320678335388530 -154.890480440170961
        0.000000000297766  3.266963333845636  23.611743155234393  11.436436075715450  9.116391522040013  0.048575021206409  0.682580341791513  3.238083811130435  14.320678335388530 -154.890480440170961
        0.000000000601263  3.266963333845636  23.611743155234393  11.436436075715450  9.116391386195195  0.048575036107570  0.682580341791513  3.238083811130435  14.320678335388530 -154.890480440170961
        0.000000006033518  3.266963333845636  23.611743155234393  11.436436075715450  9.116391386195195  0.048575021206409  0.682580356692674  3.238083811130435  14.320678335388530 -154.890480440170961
        0.000000007547443  3.266963333845636  23.611743155234393  11.436436075715450  9.116391386195195  0.048575021206409  0.682580341791513  3.238083859381644  14.320678335388530 -154.890480440170961
        0.000000006234191  3.266963333845636  23.611743155234393  11.436436075715450  9.116391386195195  0.048575021206409  0.682580341791513  3.238083811130435  14.320678548783267 -154.890480440170961
        0.000037777150164  3.266963333845636  23.611743155234393  11.436436075715450  9.116391386195195  0.048575021206409  0.682580341791513  3.238083811130435  14.320678335388530 -154.890482748218972
        0.000289416618469  3.268769716431755  23.575832459062170  10.675149697624903  9.861446944883719  0.041632916772039  0.679014726205156  3.228258374788247  14.345916703142052 -154.890430973999543
        0.000000018629872  3.268769765140219  23.575832459062170  10.675149697624903  9.861446944883719  0.041632916772039  0.679014726205156  3.228258374788247  14.345916703142052 -154.890430973999543
        0.000000019340518  3.268769716431755  23.575832810369448  10.675149697624903  9.861446944883719  0.041632916772039  0.679014726205156  3.228258374788247  14.345916703142052 -154.890430973999543
        0.000000002076874  3.268769716431755  23.575832459062170  10.675149856697029  9.861446944883719  0.041632916772039  0.679014726205156  3.228258374788247  14.345916703142052 -154.890430973999543
        0.000000000377573  3.268769716431755  23.575832459062170  10.675149697624903  9.861447091830730  0.041632916772039  0.679014726205156  3.228258374788247  14.345916703142052 -154.890430973999543
        0.000000000665580  3.268769716431755  23.575832459062170  10.675149697624903  9.861446944883719  0.041632931673201  0.679014726205156  3.228258374788247  14.345916703142052 -154.890430973999543
        0.000000006133045  3.268769716431755  23.575832459062170  10.675149697624903  9.861446944883719  0.041632916772039  0.679014741106317  3.228258374788247  14.345916703142052 -154.890430973999543
        0.000000007645041  3.268769716431755  23.575832459062170  10.675149697624903  9.861446944883719  0.041632916772039  0.679014726205156  3.228258422893045  14.345916703142052 -154.890430973999543
        0.000000006275193  3.268769716431755  23.575832459062170  10.675149697624903  9.861446944883719  0.041632916772039  0.679014726205156  3.228258374788247  14.345916916912870 -154.890430973999543
        0.000037777101305  3.268769716431755  23.575832459062170  10.675149697624903  9.861446944883719  0.041632916772039  0.679014726205156  3.228258374788247  14.345916703142052 -154.890433282046814
        0.000043417452055  3.268936443924666  23.592233067448536  10.702581376671617  9.843889940557801  0.000214457495962  0.679861144306710  3.228108051358344  14.340673057808567 -154.890431360418376
        0.000000018629994  3.268936492635615  23.592233067448536  10.702581376671617  9.843889940557801  0.000214457495962  0.679861144306710  3.228108051358344  14.340673057808567 -154.890431360418376
        0.000000019343075  3.268936443924666  23.592233419000205  10.702581376671617  9.843889940557801  0.000214457495962  0.679861144306710  3.228108051358344  14.340673057808567 -154.890431360418376
        0.000000002079267  3.268936443924666  23.592233067448536  10.702581536152508  9.843889940557801  0.000214457495962  0.679861144306710  3.228108051358344  14.340673057808567 -154.890431360418376
        0.000000000376312  3.268936443924666  23.592233067448536  10.702581376671617  9.843890087243192  0.000214457495962  0.679861144306710  3.228108051358344  14.340673057808567 -154.890431360418376
        0.000000000665558  3.268936443924666  23.592233067448536  10.702581376671617  9.843889940557801  0.000214472397123  0.679861144306710  3.228108051358344  14.340673057808567 -154.890431360418376
        0.000000006140991  3.268936443924666  23.592233067448536  10.702581376671617  9.843889940557801  0.000214457495962  0.679861159207872  3.228108051358344  14.340673057808567 -154.890431360418376
        0.000000007646489  3.268936443924666  23.592233067448536  10.702581376671617  9.843889940557801  0.000214457495962  0.679861144306710  3.228108099460902  14.340673057808567 -154.890431360418376
        0.000000006281346  3.268936443924666  23.592233067448536  10.702581376671617  9.843889940557801  0.000214457495962  0.679861144306710  3.228108051358344  14.340673271501249 -154.890431360418376
        0.000037777101713  3.268936443924666  23.592233067448536  10.702581376671617  9.843889940557801  0.000214457495962  0.679861144306710  3.228108051358344  14.340673057808567 -154.890433668465647
        0.002782712649545  3.231873628977680  26.431565849952577  8.560596778598073  15.113729832821496  0.000000669889699  0.645818174459721  3.236930204798476  15.263630033730481 -154.890460045819935
        0.002698568712890  3.273888559308926  23.225449916652721  9.226749810500600  11.233263274124306  0.000068400416291  0.667178419928098  3.230958162106118  14.193273003536564 -154.890440543087749
        0.000000018611641  3.273888608093667  23.225449916652721  9.226749810500600  11.233263274124306  0.000068400416291  0.667178419928098  3.230958162106118  14.193273003536564 -154.890440543087749
        0.000000019298161  3.273888559308926  23.225450262738892  9.226749810500600  11.233263274124306  0.000068400416291  0.667178419928098  3.230958162106118  14.193273003536564 -154.890440543087749
        0.000000002098755  3.273888559308926  23.225449916652721  9.226749947989886  11.233263274124306  0.000068400416291  0.667178419928098  3.230958162106118  14.193273003536564 -154.890440543087749
        0.000000000541740  3.273888559308926  23.225449916652721  9.226749810500600  11.233263441512973  0.000068400416291  0.667178419928098  3.230958162106118  14.193273003536564 -154.890440543087749
        0.000000000779079  3.273888559308926  23.225449916652721  9.226749810500600  11.233263274124306  0.000068415317453  0.667178419928098  3.230958162106118  14.193273003536564 -154.890440543087749
        0.000000006264524  3.273888559308926  23.225449916652721  9.226749810500600  11.233263274124306  0.000068400416291  0.667178434829259  3.230958162106118  14.193273003536564 -154.890440543087749
        0.000000007708662  3.273888559308926  23.225449916652721  9.226749810500600  11.233263274124306  0.000068400416291  0.667178419928098  3.230958210251146  14.193273003536564 -154.890440543087749
        0.000000006332852  3.273888559308926  23.225449916652721  9.226749810500600  11.233263274124306  0.000068400416291  0.667178419928098  3.230958162106118  14.193273215032812 -154.890440543087749
        0.000037777113102  3.273888559308926  23.225449916652721  9.226749810500600  11.233263274124306  0.000068400416291  0.667178419928098  3.230958162106118  14.193273003536564 -154.890442851135163
        0.000076481385344  3.273892502083748  23.226249885587603  9.227285237786230  11.233469801475390  0.001499377473215  0.667203208386722  3.230954574289636  14.193126050632399 -154.890440564950836
        0.000000018608696  3.273892550868548  23.226249885587603  9.227285237786230  11.233469801475390  0.001499377473215  0.667203208386722  3.230954574289636  14.193126050632399 -154.890440564950836
        0.000000019294700  3.273892502083748  23.226250231685697  9.227285237786230  11.233469801475390  0.001499377473215  0.667203208386722  3.230954574289636  14.193126050632399 -154.890440564950836
        0.000000002098863  3.273892502083748  23.226249885587603  9.227285375283495  11.233469801475390  0.001499377473215  0.667203208386722  3.230954574289636  14.193126050632399 -154.890440564950836
        0.000000000541762  3.273892502083748  23.226249885587603  9.227285237786230  11.233469968867135  0.001499377473215  0.667203208386722  3.230954574289636  14.193126050632399 -154.890440564950836
        0.000000000779136  3.273892502083748  23.226249885587603  9.227285237786230  11.233469801475390  0.001499392374377  0.667203208386722  3.230954574289636  14.193126050632399 -154.890440564950836
        0.000000006264922  3.273892502083748  23.226249885587603  9.227285237786230  11.233469801475390  0.001499377473215  0.667203223287883  3.230954574289636  14.193126050632399 -154.890440564950836
        0.000000007709551  3.273892502083748  23.226249885587603  9.227285237786230  11.233469801475390  0.001499377473215  0.667203208386722  3.230954622434612  14.193126050632399 -154.890440564950836
        0.000000006332375  3.273892502083748  23.226249885587603  9.227285237786230  11.233469801475390  0.001499377473215  0.667203208386722  3.230954574289636  14.193126262126459 -154.890440564950836
        0.000037777113112  3.273892502083748  23.226249885587603  9.227285237786230  11.233469801475390  0.001499377473215  0.667203208386722  3.230954574289636  14.193126050632399 -154.890442872998250
        0.000171540526298  3.268977906126843  23.602145407510204  8.554977092189480  12.192590047247707  0.000839051762962  0.662192589043465  3.232354720644665  14.314087326155542 -154.890444606049755
        0.000000018629577  3.268977954838410  23.602145407510204  8.554977092189480  12.192590047247707  0.000839051762962  0.662192589043465  3.232354720644665  14.314087326155542 -154.890444606049755
        0.000000019311720  3.268977906126843  23.602145759209577  8.554977092189480  12.192590047247707  0.000839051762962  0.662192589043465  3.232354720644665  14.314087326155542 -154.890444606049755
        0.000000002110985  3.268977906126843  23.602145407510204  8.554977219668572  12.192590047247707  0.000839051762962  0.662192589043465  3.232354720644665  14.314087326155542 -154.890444606049755
        0.000000000635084  3.268977906126843  23.602145407510204  8.554977092189480  12.192590228931456  0.000839051762962  0.662192589043465  3.232354720644665  14.314087326155542 -154.890444606049755
        0.000000000840101  3.268977906126843  23.602145407510204  8.554977092189480  12.192590047247707  0.000839066664123  0.662192589043465  3.232354720644665  14.314087326155542 -154.890444606049755
        0.000000006315532  3.268977906126843  23.602145407510204  8.554977092189480  12.192590047247707  0.000839051762962  0.662192603944626  3.232354720644665  14.314087326155542 -154.890444606049755
        0.000000007800015  3.268977906126843  23.602145407510204  8.554977092189480  12.192590047247707  0.000839051762962  0.662192589043465  3.232354768810504  14.314087326155542 -154.890444606049755
        0.000000006278165  3.268977906126843  23.602145407510204  8.554977092189480  12.192590047247707  0.000839051762962  0.662192589043465  3.232354720644665  14.314087539452064 -154.890444606049755
        0.000037777117872  3.268977906126843  23.602145407510204  8.554977092189480  12.192590047247707  0.000839051762962  0.662192589043465  3.232354720644665  14.314087326155542 -154.890446914097225
        0.000066306688408  3.268982978678378  23.603134573514662  8.556738704584088  12.191881176673483  0.001139151284558  0.662228876909127  3.232348749401354  14.313906905604256 -154.890444628666955
        0.000000018627405  3.268983027390020  23.603134573514662  8.556738704584088  12.191881176673483  0.001139151284558  0.662228876909127  3.232348749401354  14.313906905604256 -154.890444628666955
        0.000000019309211  3.268982978678378  23.603134925228776  8.556738704584088  12.191881176673483  0.001139151284558  0.662228876909127  3.232348749401354  14.313906905604256 -154.890444628666955
        0.000000002111117  3.268982978678378  23.603134573514662  8.556738832089431  12.191881176673483  0.001139151284558  0.662228876909127  3.232348749401354  14.313906905604256 -154.890444628666955
        0.000000000635004  3.268982978678378  23.603134573514662  8.556738704584088  12.191881358346670  0.001139151284558  0.662228876909127  3.232348749401354  14.313906905604256 -154.890444628666955
        0.000000000840135  3.268982978678378  23.603134573514662  8.556738704584088  12.191881176673483  0.001139166185720  0.662228876909127  3.232348749401354  14.313906905604256 -154.890444628666955
        0.000000006316003  3.268982978678378  23.603134573514662  8.556738704584088  12.191881176673483  0.001139151284558  0.662228891810288  3.232348749401354  14.313906905604256 -154.890444628666955
        0.000000007800760  3.268982978678378  23.603134573514662  8.556738704584088  12.191881176673483  0.001139151284558  0.662228876909127  3.232348797567104  14.313906905604256 -154.890444628666955
        0.000000006277853  3.268982978678378  23.603134573514662  8.556738704584088  12.191881176673483  0.001139151284558  0.662228876909127  3.232348749401354  14.313907118898090 -154.890444628666955
        0.000037777117917  3.268982978678378  23.603134573514662  8.556738704584088  12.191881176673483  0.001139151284558  0.662228876909127  3.232348749401354  14.313906905604256 -154.890446936714426
        0.000497299049967  3.247016709577785  25.284860464995123  7.631220438285450  14.577745245297285  0.000544687590510  0.652086687796085  3.235809189055099  14.871384414982952 -154.890455688981035
        0.000449008593454  3.268397115946640  23.652820299861602  7.538744360028797  13.234644823534106  0.000186345053896  0.655522740593604  3.234493467597362  14.317505652774424 -154.890451368355883
        0.000000018630776  3.268397164649552  23.652820299861602  7.538744360028797  13.234644823534106  0.000186345053896  0.655522740593604  3.234493467597362  14.317505652774424 -154.890451368355883
        0.000000019301515  3.268397115946640  23.652820652316091  7.538744360028797  13.234644823534106  0.000186345053896  0.655522740593604  3.234493467597362  14.317505652774424 -154.890451368355883
        0.000000002125561  3.268397115946640  23.652820299861602  7.538744472364842  13.234644823534106  0.000186345053896  0.655522740593604  3.234493467597362  14.317505652774424 -154.890451368355883
        0.000000000755398  3.268397115946640  23.652820299861602  7.538744360028797  13.234645020745681  0.000186345053896  0.655522740593604  3.234493467597362  14.317505652774424 -154.890451368355883
        0.000000000914534  3.268397115946640  23.652820299861602  7.538744360028797  13.234644823534106  0.000186359955057  0.655522740593604  3.234493467597362  14.317505652774424 -154.890451368355883
        0.000000006379629  3.268397115946640  23.652820299861602  7.538744360028797  13.234644823534106  0.000186345053896  0.655522755494766  3.234493467597362  14.317505652774424 -154.890451368355883
        0.000000007860341  3.268397115946640  23.652820299861602  7.538744360028797  13.234644823534106  0.000186345053896  0.655522740593604  3.234493515795071  14.317505652774424 -154.890451368355883
        0.000000006270113  3.268397115946640  23.652820299861602  7.538744360028797  13.234644823534106  0.000186345053896  0.655522740593604  3.234493467597362  14.317505866121882 -154.890451368355883
        0.000037777125733  3.268397115946640  23.652820299861602  7.538744360028797  13.234644823534106  0.000186345053896  0.655522740593604  3.234493467597362  14.317505652774424 -154.890453676403467
        0.000072891013712  3.268407407367045  23.653129570995397  7.539300815075385  13.234551379355045  0.001391048661739  0.655546288200225  3.234490998113452  14.317184429700854 -154.890451393108776
        0.000000018628065  3.268407456070111  23.653129570995397  7.539300815075385  13.234551379355045  0.001391048661739  0.655546288200225  3.234490998113452  14.317184429700854 -154.890451393108776
        0.000000019298339  3.268407407367045  23.653129923454493  7.539300815075385  13.234551379355045  0.001391048661739  0.655546288200225  3.234490998113452  14.317184429700854 -154.890451393108776
        0.000000002125663  3.268407407367045  23.653129570995397  7.539300927419721  13.234551379355045  0.001391048661739  0.655546288200225  3.234490998113452  14.317184429700854 -154.890451393108776
        0.000000000755423  3.268407407367045  23.653129570995397  7.539300815075385  13.234551576565229  0.001391048661739  0.655546288200225  3.234490998113452  14.317184429700854 -154.890451393108776
        0.000000000914584  3.268407407367045  23.653129570995397  7.539300815075385  13.234551379355045  0.001391063562900  0.655546288200225  3.234490998113452  14.317184429700854 -154.890451393108776
        0.000000006380050  3.268407407367045  23.653129570995397  7.539300815075385  13.234551379355045  0.001391048661739  0.655546303101386  3.234490998113452  14.317184429700854 -154.890451393108776
        0.000000007861158  3.268407407367045  23.653129570995397  7.539300815075385  13.234551379355045  0.001391048661739  0.655546288200225  3.234491046311124  14.317184429700854 -154.890451393108776
        0.000000006269730  3.268407407367045  23.653129570995397  7.539300815075385  13.234551379355045  0.001391048661739  0.655546288200225  3.234490998113452  14.317184643043527 -154.890451393108776
        0.000037777125766  3.268407407367045  23.653129570995397  7.539300815075385  13.234551379355045  0.001391048661739  0.655546288200225  3.234490998113452  14.317184429700854 -154.890453701156360
        0.000094716729272  3.265534552074977  23.874338984551102  7.038817731689710  13.870903992044678  0.000689371278276  0.652586729331424  3.235604894906944  14.386225944895653 -154.890454926868813
        0.000000018638151  3.265534600735234  23.874338984551102  7.038817731689710  13.870903992044678  0.000689371278276  0.652586729331424  3.235604894906944  14.386225944895653 -154.890454926868813
        0.000000019305859  3.265534552074977  23.874339340306477  7.038817731689710  13.870903992044678  0.000689371278276  0.652586729331424  3.235604894906944  14.386225944895653 -154.890454926868813
        0.000000002133482  3.265534552074977  23.874338984551102  7.038817836576268  13.870903992044678  0.000689371278276  0.652586729331424  3.235604894906944  14.386225944895653 -154.890454926868813
        0.000000000817963  3.265534552074977  23.874338984551102  7.038817731689710  13.870904198737254  0.000689371278276  0.652586729331424  3.235604894906944  14.386225944895653 -154.890454926868813
        0.000000000953218  3.265534552074977  23.874338984551102  7.038817731689710  13.870903992044678  0.000689386179438  0.652586729331424  3.235604894906944  14.386225944895653 -154.890454926868813
        0.000000006408438  3.265534552074977  23.874338984551102  7.038817731689710  13.870903992044678  0.000689371278276  0.652586744232585  3.235604894906944  14.386225944895653 -154.890454926868813
        0.000000007911996  3.265534552074977  23.874338984551102  7.038817731689710  13.870903992044678  0.000689371278276  0.652586729331424  3.235604943121213  14.386225944895653 -154.890454926868813
        0.000000006237450  3.265534552074977  23.874338984551102  7.038817731689710  13.870903992044678  0.000689371278276  0.652586729331424  3.235604894906944  14.386226159267125 -154.890454926868813
        0.000037777130065  3.265534552074977  23.874338984551102  7.038817731689710  13.870903992044678  0.000689371278276  0.652586729331424  3.235604894906944  14.386225944895653 -154.890457234916454
        0.000081132446216  3.259428558418681  24.347306340527123  6.567497080303427  14.700243662005763  0.000164507199487  0.649326802433906  3.236987021010891  14.539773020636687 -154.890459291072375
        0.000000018663463  3.259428606987951  24.347306340527123  6.567497080303427  14.700243662005763  0.000164507199487  0.649326802433906  3.236987021010891  14.539773020636687 -154.890459291072375
        0.000000019332145  3.259428558418681  24.347306703330258  6.567497080303427  14.700243662005763  0.000164507199487  0.649326802433906  3.236987021010891  14.539773020636687 -154.890459291072375
        0.000000002141093  3.259428558418681  24.347306340527123  6.567497178166760  14.700243662005763  0.000164507199487  0.649326802433906  3.236987021010891  14.539773020636687 -154.890459291072375
        0.000000000883430  3.259428558418681  24.347306340527123  6.567497080303427  14.700243881056464  0.000164507199487  0.649326802433906  3.236987021010891  14.539773020636687 -154.890459291072375
        0.000000000995118  3.259428558418681  24.347306340527123  6.567497080303427  14.700243662005763  0.000164522100648  0.649326802433906  3.236987021010891  14.539773020636687 -154.890459291072375
        0.000000006438337  3.259428558418681  24.347306340527123  6.567497080303427  14.700243662005763  0.000164507199487  0.649326817335068  3.236987021010891  14.539773020636687 -154.890459291072375
        0.000000007992885  3.259428558418681  24.347306340527123  6.567497080303427  14.700243662005763  0.000164507199487  0.649326802433906  3.236987069245756  14.539773020636687 -154.890459291072375
        0.000000006171117  3.259428558418681  24.347306340527123  6.567497080303427  14.700243662005763  0.000164507199487  0.649326802433906  3.236987021010891  14.539773237296188 -154.890459291072375
        0.000037777135409  3.259428558418681  24.347306340527123  6.567497080303427  14.700243662005763  0.000164507199487  0.649326802433906  3.236987021010891  14.539773020636687 -154.890461599120073
        0.000072302243012  3.259436709391323  24.347760576401420  6.568793584362486  14.699719055450108  0.001410033977095  0.649351533948882  3.236984772134522  14.539506569731198 -154.890459315005529
        0.000000018660784  3.259436757960714  24.347760576401420  6.568793584362486  14.699719055450108  0.001410033977095  0.649351533948882  3.236984772134522  14.539506569731198 -154.890459315005529
        0.000000019329012  3.259436709391323  24.347760939211327  6.568793584362486  14.699719055450108  0.001410033977095  0.649351533948882  3.236984772134522  14.539506569731198 -154.890459315005529
        0.000000002141199  3.259436709391323  24.347760576401420  6.568793682245138  14.699719055450108  0.001410033977095  0.649351533948882  3.236984772134522  14.539506569731198 -154.890459315005529
        0.000000000883379  3.259436709391323  24.347760576401420  6.568793584362486  14.699719274492992  0.001410033977095  0.649351533948882  3.236984772134522  14.539506569731198 -154.890459315005529
        0.000000000995147  3.259436709391323  24.347760576401420  6.568793584362486  14.699719055450108  0.001410048878256  0.649351533948882  3.236984772134522  14.539506569731198 -154.890459315005529
        0.000000006438763  3.259436709391323  24.347760576401420  6.568793584362486  14.699719055450108  0.001410033977095  0.649351548850043  3.236984772134522  14.539506569731198 -154.890459315005529
        0.000000007993768  3.259436709391323  24.347760576401420  6.568793584362486  14.699719055450108  0.001410033977095  0.649351533948882  3.236984820369354  14.539506569731198 -154.890459315005529
        0.000000006170658  3.259436709391323  24.347760576401420  6.568793584362486  14.699719055450108  0.001410033977095  0.649351533948882  3.236984772134522  14.539506786386729 -154.890459315005529
        0.000037777135459  3.259436709391323  24.347760576401420  6.568793584362486  14.699719055450108  0.001410033977095  0.649351533948882  3.236984772134522  14.539506569731198 -154.890461623053227
        0.000042300965008  3.256500945890204  24.582169356420806  6.518665436788626  14.938430295044075  0.000228132500627  0.648877499524945  3.237196541186652  14.617495270148645 -154.890459947575465
        0.000000018671969  3.256500994415850  24.582169356420806  6.518665436788626  14.938430295044075  0.000228132500627  0.648877499524945  3.237196541186652  14.617495270148645 -154.890459947575465
        0.000000019342294  3.256500945890204  24.582169722723673  6.518665436788626  14.938430295044075  0.000228132500627  0.648877499524945  3.237196541186652  14.617495270148645 -154.890459947575465
        0.000000002142873  3.256500945890204  24.582169356420806  6.518665533924310  14.938430295044075  0.000228132500627  0.648877499524945  3.237196541186652  14.617495270148645 -154.890459947575465
        0.000000000895217  3.256500945890204  24.582169356420806  6.518665436788626  14.938430517644033  0.000228132500627  0.648877499524945  3.237196541186652  14.617495270148645 -154.890459947575465
        0.000000001003705  3.256500945890204  24.582169356420806  6.518665436788626  14.938430295044075  0.000228147401788  0.648877499524945  3.237196541186652  14.617495270148645 -154.890459947575465
        0.000000006445692  3.256500945890204  24.582169356420806  6.518665436788626  14.938430295044075  0.000228132500627  0.648877514426106  3.237196541186652  14.617495270148645 -154.890459947575465
        0.000000008027297  3.256500945890204  24.582169356420806  6.518665436788626  14.938430295044075  0.000228132500627  0.648877499524945  3.237196589424639  14.617495270148645 -154.890459947575465
        0.000000006139345  3.256500945890204  24.582169356420806  6.518665436788626  14.938430295044075  0.000228132500627  0.648877499524945  3.237196541186652  14.617495487966298 -154.890459947575465
        0.000037777135860  3.256500945890204  24.582169356420806  6.518665436788626  14.938430295044075  0.000228132500627  0.648877499524945  3.237196541186652  14.617495270148645 -154.890462255623163
        0.000041244216193  3.248513338795811  25.219896371995656  6.569177397773011  15.428917137145600  0.000066350659884  0.648335894459191  3.237432418437251  14.831881119167974 -154.890460669124764
        0.000029201890386  3.254608196706269  24.734847674980479  6.443116130130069  15.131972141403443  0.000070247858892  0.648347304006729  3.237431114207909  14.667755910906060 -154.890460647252326
        0.000000018679580  3.254608245203710  24.734847674980479  6.443116130130069  15.131972141403443  0.000070247858892  0.648347304006729  3.237431114207909  14.667755910906060 -154.890460647252326
        0.000000019350820  3.254608196706269  24.734848043558433  6.443116130130069  15.131972141403443  0.000070247858892  0.648347304006729  3.237431114207909  14.667755910906060 -154.890460647252326
        0.000000002144530  3.254608196706269  24.734847674980479  6.443116226139981  15.131972141403443  0.000070247858892  0.648347304006729  3.237431114207909  14.667755910906060 -154.890460647252326
        0.000000000907249  3.254608196706269  24.734847674980479  6.443116130130069  15.131972366887400  0.000070247858892  0.648347304006729  3.237431114207909  14.667755910906060 -154.890460647252326
        0.000000001011791  3.254608196706269  24.734847674980479  6.443116130130069  15.131972141403443  0.000070262760053  0.648347304006729  3.237431114207909  14.667755910906060 -154.890460647252326
        0.000000006451841  3.254608196706269  24.734847674980479  6.443116130130069  15.131972141403443  0.000070247858892  0.648347318907890  3.237431114207909  14.667755910906060 -154.890460647252326
        0.000000008050321  3.254608196706269  24.734847674980479  6.443116130130069  15.131972141403443  0.000070247858892  0.648347304006729  3.237431162449392  14.667755910906060 -154.890460647252326
        0.000000006119113  3.254608196706269  24.734847674980479  6.443116130130069  15.131972141403443  0.000070247858892  0.648347304006729  3.237431114207909  14.667756129472656 -154.890460647252326
        0.000037777136737  3.254608196706269  24.734847674980479  6.443116130130069  15.131972141403443  0.000070247858892  0.648347304006729  3.237431114207909  14.667755910906060 -154.890462955300052
        0.000040212518983  3.254192888165736  24.768501802425906  6.417377578586072  15.183169056958187  0.000061826932713  0.648181694564603  3.237512670141984  14.678563727417469 -154.890460904905666
        0.000000018680935  3.254192936656989  24.768501802425906  6.417377578586072  15.183169056958187  0.000061826932713  0.648181694564603  3.237512670141984  14.678563727417469 -154.890460904905666
        0.000000019352252  3.254192888165736  24.768502171505343  6.417377578586072  15.183169056958187  0.000061826932713  0.648181694564603  3.237512670141984  14.678563727417469 -154.890460904905666
        0.000000002144998  3.254192888165736  24.768501802425906  6.417377674212450  15.183169056958187  0.000061826932713  0.648181694564603  3.237512670141984  14.678563727417469 -154.890460904905666
        0.000000000910879  3.254192888165736  24.768501802425906  6.417377578586072  15.183169283205036  0.000061826932713  0.648181694564603  3.237512670141984  14.678563727417469 -154.890460904905666
        0.000000001014131  3.254192888165736  24.768501802425906  6.417377578586072  15.183169056958187  0.000061841833874  0.648181694564603  3.237512670141984  14.678563727417469 -154.890460904905666
        0.000000006453594  3.254192888165736  24.768501802425906  6.417377578586072  15.183169056958187  0.000061826932713  0.648181709465764  3.237512670141984  14.678563727417469 -154.890460904905666
        0.000000008055742  3.254192888165736  24.768501802425906  6.417377578586072  15.183169056958187  0.000061826932713  0.648181694564603  3.237512718384683  14.678563727417469 -154.890460904905666
        0.000000006114554  3.254192888165736  24.768501802425906  6.417377578586072  15.183169056958187  0.000061826932713  0.648181694564603  3.237512670141984  14.678563946145113 -154.890460904905666
        0.000037777136959  3.254192888165736  24.768501802425906  6.417377578586072  15.183169056958187  0.000061826932713  0.648181694564603  3.237512670141984  14.678563727417469 -154.890463212953392
        0.000037140121979  3.251413242175314  24.991535640354769  6.460862498467582  15.332501253899984  0.000009170621612  0.648112855838175  3.237546371362112  14.753634141502570 -154.890461010543106
        0.000003415707508  3.253538962092369  24.821056295522101  6.416699382831248  15.227985544570151  0.000012188952161  0.648112524187614  3.237549340454128  14.696087617530399 -154.890461019279542
        0.000000018683554  3.253539010573878  24.821056295522101  6.416699382831248  15.227985544570151  0.000012188952161  0.648112524187614  3.237549340454128  14.696087617530399 -154.890461019279542
        0.000000019355404  3.253538962092369  24.821056665384663  6.416699382831248  15.227985544570151  0.000012188952161  0.648112524187614  3.237549340454128  14.696087617530399 -154.890461019279542
        0.000000002145196  3.253538962092369  24.821056295522101  6.416699478447520  15.227985544570151  0.000012188952161  0.648112524187614  3.237549340454128  14.696087617530399 -154.890461019279542
        0.000000000912347  3.253538962092369  24.821056295522101  6.416699382831248  15.227985771484818  0.000012188952161  0.648112524187614  3.237549340454128  14.696087617530399 -154.890461019279542
        0.000000001015348  3.253538962092369  24.821056295522101  6.416699382831248  15.227985544570151  0.000012203853322  0.648112524187614  3.237549340454128  14.696087617530399 -154.890461019279542
        0.000000006454574  3.253538962092369  24.821056295522101  6.416699382831248  15.227985544570151  0.000012188952161  0.648112539088775  3.237549340454128  14.696087617530399 -154.890461019279542
        0.000000008062686  3.253538962092369  24.821056295522101  6.416699382831248  15.227985544570151  0.000012188952161  0.648112524187614  3.237549388697372  14.696087617530399 -154.890461019279542
        0.000000006107580  3.253538962092369  24.821056295522101  6.416699382831248  15.227985544570151  0.000012188952161  0.648112524187614  3.237549340454128  14.696087836519169 -154.890461019279542
        0.000037777137056  3.253538962092369  24.821056295522101  6.416699382831248  15.227985544570151  0.000012188952161  0.648112524187614  3.237549340454128  14.696087617530399 -154.890463327327268
        0.000037841280279  3.253593178247200  24.816801149724448  6.413189603103902  15.227492183007904  0.000003540630753  0.648101893635463  3.237548567805830  14.694626271723438 -154.890461025042555
        0.000000018683343  3.253593226729516  24.816801149724448  6.413189603103902  15.227492183007904  0.000003540630753  0.648101893635463  3.237548567805830  14.694626271723438 -154.890461025042555
        0.000000019355135  3.253593178247200  24.816801519523601  6.413189603103902  15.227492183007904  0.000003540630753  0.648101893635463  3.237548567805830  14.694626271723438 -154.890461025042555
        0.000000002145240  3.253593178247200  24.816801149724448  6.413189698667874  15.227492183007904  0.000003540630753  0.648101893635463  3.237548567805830  14.694626271723438 -154.890461025042555
        0.000000000912601  3.253593178247200  24.816801149724448  6.413189603103902  15.227492409915220  0.000003540630753  0.648101893635463  3.237548567805830  14.694626271723438 -154.890461025042555
        0.000000001015479  3.253593178247200  24.816801149724448  6.413189603103902  15.227492183007904  0.000003555531914  0.648101893635463  3.237548567805830  14.694626271723438 -154.890461025042555
        0.000000006454679  3.253593178247200  24.816801149724448  6.413189603103902  15.227492183007904  0.000003540630753  0.648101908536624  3.237548567805830  14.694626271723438 -154.890461025042555
        0.000000008062272  3.253593178247200  24.816801149724448  6.413189603103902  15.227492183007904  0.000003540630753  0.648101893635463  3.237548616049063  14.694626271723438 -154.890461025042555
        0.000000006108182  3.253593178247200  24.816801149724448  6.413189603103902  15.227492183007904  0.000003540630753  0.648101893635463  3.237548567805830  14.694626490690432 -154.890461025042555
        0.000037777137025  3.253593178247200  24.816801149724448  6.413189603103902  15.227492183007904  0.000003540630753  0.648101893635463  3.237548567805830  14.694626271723438 -154.890463333090281
2022-08-17 15:50:34.396938
