/projects/wagner/highthroughput/mick_graphene_paper/3_data/1_kc_fitting
2023-06-01 19:11:04.081949
use a starting guess from the old fit
starting guess parameters:  [ 3.37006089e+00  2.17833385e+01  1.04693887e+01  8.86496249e+00
  1.31573765e-05  7.23952360e-01  3.28314592e+00  1.30901596e+01
 -1.54590379e+02]
     1025.509994320580063  3.370060885645178  21.783338516870739  10.469388694543325  8.864962486046355  0.000013157376477  0.723952360283636  3.283145920221462  13.090159601618883 -154.590378722241923
        0.000000012842762  3.370060935862998  21.783338516870739  10.469388694543325  8.864962486046355  0.000013157376477  0.723952360283636  3.283145920221462  13.090159601618883 -154.590378722241923
        0.000000011578739  3.370060885645178  21.783338841467778  10.469388694543325  8.864962486046355  0.000013157376477  0.723952360283636  3.283145920221462  13.090159601618883 -154.590378722241923
        0.000000001419287  3.370060885645178  21.783338516870739  10.469388850549374  8.864962486046355  0.000013157376477  0.723952360283636  3.283145920221462  13.090159601618883 -154.590378722241923
        0.000000000243239  3.370060885645178  21.783338516870739  10.469388694543325  8.864962618144590  0.000013157376477  0.723952360283636  3.283145920221462  13.090159601618883 -154.590378722241923
        0.000000000451910  3.370060885645178  21.783338516870739  10.469388694543325  8.864962486046355  0.000013172277638  0.723952360283636  3.283145920221462  13.090159601618883 -154.590378722241923
        0.000000003998539  3.370060885645178  21.783338516870739  10.469388694543325  8.864962486046355  0.000013157376477  0.723952375184798  3.283145920221462  13.090159601618883 -154.590378722241923
        0.000000003161800  3.370060885645178  21.783338516870739  10.469388694543325  8.864962486046355  0.000013157376477  0.723952360283636  3.283145969144149  13.090159601618883 -154.590378722241923
        0.000000004375995  3.370060885645178  21.783338516870739  10.469388694543325  8.864962486046355  0.000013157376477  0.723952360283636  3.283145920221462  13.090159796677462 -154.590378722241923
        0.000015277711498  3.370060885645178  21.783338516870739  10.469388694543325  8.864962486046355  0.000013157376477  0.723952360283636  3.283145920221462  13.090159601618883 -154.590381025818061
        0.000670386501128  3.367095378785503  21.784326709808184  10.120329085765118  9.823513037159529  0.000012227393320  0.707344692732159  3.314644311653343  13.040261559657194 -154.590361371601261
        0.000000012942539  3.367095428959134  21.784326709808184  10.120329085765118  9.823513037159529  0.000012227393320  0.707344692732159  3.314644311653343  13.040261559657194 -154.590361371601261
        0.000000011699281  3.367095378785503  21.784327034419949  10.120329085765118  9.823513037159529  0.000012227393320  0.707344692732159  3.314644311653343  13.040261559657194 -154.590361371601261
        0.000000001419852  3.367095378785503  21.784326709808184  10.120329236569773  9.823513037159529  0.000012227393320  0.707344692732159  3.314644311653343  13.040261559657194 -154.590361371601261
        0.000000000291946  3.367095378785503  21.784326709808184  10.120329085765118  9.823513183541280  0.000012227393320  0.707344692732159  3.314644311653343  13.040261559657194 -154.590361371601261
        0.000000000496149  3.367095378785503  21.784326709808184  10.120329085765118  9.823513037159529  0.000012242294481  0.707344692732159  3.314644311653343  13.040261559657194 -154.590361371601261
        0.000000004067793  3.367095378785503  21.784326709808184  10.120329085765118  9.823513037159529  0.000012227393320  0.707344707633321  3.314644311653343  13.040261559657194 -154.590361371601261
        0.000000003215854  3.367095378785503  21.784326709808184  10.120329085765118  9.823513037159529  0.000012227393320  0.707344692732159  3.314644361045392  13.040261559657194 -154.590361371601261
        0.000000004348333  3.367095378785503  21.784326709808184  10.120329085765118  9.823513037159529  0.000012227393320  0.707344692732159  3.314644311653343  13.040261753972233 -154.590361371601261
        0.000015277732285  3.367095378785503  21.784326709808184  10.120329085765118  9.823513037159529  0.000012227393320  0.707344692732159  3.314644311653343  13.040261559657194 -154.590363675177144
        0.000123808781961  3.367093957966830  21.788663005637435  10.127413479849331  9.819988979095564  0.006048766881028  0.707482615251843  3.314608130030424  13.040262510181657 -154.590361381423577
        0.000000012956120  3.367094008140440  21.788663005637435  10.127413479849331  9.819988979095564  0.006048766881028  0.707482615251843  3.314608130030424  13.040262510181657 -154.590361381423577
        0.000000011711590  3.367093957966830  21.788663330313813  10.127413479849331  9.819988979095564  0.006048766881028  0.707482615251843  3.314608130030424  13.040262510181657 -154.590361381423577
        0.000000001420059  3.367093957966830  21.788663005637435  10.127413630759552  9.819988979095564  0.006048766881028  0.707482615251843  3.314608130030424  13.040262510181657 -154.590361381423577
        0.000000000291647  3.367093957966830  21.788663005637435  10.127413479849331  9.819989125424803  0.006048766881028  0.707482615251843  3.314608130030424  13.040262510181657 -154.590361381423577
        0.000000000496062  3.367093957966830  21.788663005637435  10.127413479849331  9.819988979095564  0.006048781782189  0.707482615251843  3.314608130030424  13.040262510181657 -154.590361381423577
        0.000000004068305  3.367093957966830  21.788663005637435  10.127413479849331  9.819988979095564  0.006048766881028  0.707482630153004  3.314608130030424  13.040262510181657 -154.590361381423577
        0.000000003216576  3.367093957966830  21.788663005637435  10.127413479849331  9.819988979095564  0.006048766881028  0.707482615251843  3.314608179421934  13.040262510181657 -154.590361381423577
        0.000000004348474  3.367093957966830  21.788663005637435  10.127413479849331  9.819988979095564  0.006048766881028  0.707482615251843  3.314608130030424  13.040262704496710 -154.590361381423577
        0.000015277732302  3.367093957966830  21.788663005637435  10.127413479849331  9.819988979095564  0.006048766881028  0.707482615251843  3.314608130030424  13.040262510181657 -154.590363684999460
        0.000049313896312  3.366378845230510  21.850714800464939  10.040956537531128  9.960783281306879  0.000816800860348  0.706879187285847  3.314052704102642  13.060224643308599 -154.590360206336499
        0.000000012951863  3.366378895393463  21.850714800464939  10.040956537531128  9.960783281306879  0.000816800860348  0.706879187285847  3.314052704102642  13.060224643308599 -154.590360206336499
        0.000000011707810  3.366378845230510  21.850715126065960  10.040956537531128  9.960783281306879  0.000816800860348  0.706879187285847  3.314052704102642  13.060224643308599 -154.590360206336499
        0.000000001422057  3.366378845230510  21.850714800464939  10.040956687153040  9.960783281306879  0.000816800860348  0.706879187285847  3.314052704102642  13.060224643308599 -154.590360206336499
        0.000000000301020  3.366378845230510  21.850714800464939  10.040956537531128  9.960783429734116  0.000816800860348  0.706879187285847  3.314052704102642  13.060224643308599 -154.590360206336499
        0.000000000503237  3.366378845230510  21.850714800464939  10.040956537531128  9.960783281306879  0.000816815761509  0.706879187285847  3.314052704102642  13.060224643308599 -154.590360206336499
        0.000000004076779  3.366378845230510  21.850714800464939  10.040956537531128  9.960783281306879  0.000816800860348  0.706879202187008  3.314052704102642  13.060224643308599 -154.590360206336499
        0.000000003228285  3.366378845230510  21.850714800464939  10.040956537531128  9.960783281306879  0.000816800860348  0.706879187285847  3.314052753485876  13.060224643308599 -154.590360206336499
        0.000000004343471  3.366378845230510  21.850714800464939  10.040956537531128  9.960783281306879  0.000816800860348  0.706879187285847  3.314052704102642  13.060224837921112 -154.590360206336499
        0.000015277731672  3.366378845230510  21.850714800464939  10.040956537531128  9.960783281306879  0.000816800860348  0.706879187285847  3.314052704102642  13.060224643308599 -154.590362509912381
        0.000046165784826  3.365124459076283  21.946398560460636  9.921390255021022  10.174512370049635  0.000702605818245  0.705646169755411  3.313613962103610  13.092474342573750 -154.590359156991582
        0.000000012940967  3.365124509220546  21.946398560460636  9.921390255021022  10.174512370049635  0.000702605818245  0.705646169755411  3.313613962103610  13.092474342573750 -154.590359156991582
        0.000000011698834  3.365124459076283  21.946398887487458  9.921390255021022  10.174512370049635  0.000702605818245  0.705646169755411  3.313613962103610  13.092474342573750 -154.590359156991582
        0.000000001424316  3.365124459076283  21.946398560460636  9.921390402861258  10.174512370049635  0.000702605818245  0.705646169755411  3.313613962103610  13.092474342573750 -154.590359156991582
        0.000000000314677  3.365124459076283  21.946398560460636  9.921390255021022  10.174512521661685  0.000702605818245  0.705646169755411  3.313613962103610  13.092474342573750 -154.590359156991582
        0.000000000513517  3.365124459076283  21.946398560460636  9.921390255021022  10.174512370049635  0.000702620719407  0.705646169755411  3.313613962103610  13.092474342573750 -154.590359156991582
        0.000000004088354  3.365124459076283  21.946398560460636  9.921390255021022  10.174512370049635  0.000702605818245  0.705646184656573  3.313613962103610  13.092474342573750 -154.590359156991582
        0.000000003246090  3.365124459076283  21.946398560460636  9.921390255021022  10.174512370049635  0.000702605818245  0.705646169755411  3.313614011480305  13.092474342573750 -154.590359156991582
        0.000000004333731  3.365124459076283  21.946398560460636  9.921390255021022  10.174512370049635  0.000702605818245  0.705646169755411  3.313613962103610  13.092474537666821 -154.590359156991582
        0.000015277730918  3.365124459076283  21.946398560460636  9.921390255021022  10.174512370049635  0.000702605818245  0.705646169755411  3.313613962103610  13.092474342573750 -154.590361460567436
        0.000016604807926  3.365123826425458  21.947015769818240  9.922384884589315  10.174053805575250  0.000112356670869  0.705664344284194  3.313608937373242  13.092485643911804 -154.590359158114325
        0.000000012941170  3.365123876569711  21.947015769818240  9.922384884589315  10.174053805575250  0.000112356670869  0.705664344284194  3.313608937373242  13.092485643911804 -154.590359158114325
        0.000000011698994  3.365123826425458  21.947016096854259  9.922384884589315  10.174053805575250  0.000112356670869  0.705664344284194  3.313608937373242  13.092485643911804 -154.590359158114325
        0.000000001424346  3.365123826425458  21.947015769818240  9.922385032444371  10.174053805575250  0.000112356670869  0.705664344284194  3.313608937373242  13.092485643911804 -154.590359158114325
        0.000000000314615  3.365123826425458  21.947015769818240  9.922384884589315  10.174053957180465  0.000112356670869  0.705664344284194  3.313608937373242  13.092485643911804 -154.590359158114325
        0.000000000513471  3.365123826425458  21.947015769818240  9.922384884589315  10.174053805575250  0.000112371572030  0.705664344284194  3.313608937373242  13.092485643911804 -154.590359158114325
        0.000000004088390  3.365123826425458  21.947015769818240  9.922384884589315  10.174053805575250  0.000112356670869  0.705664359185355  3.313608937373242  13.092485643911804 -154.590359158114325
        0.000000003246127  3.365123826425458  21.947015769818240  9.922384884589315  10.174053805575250  0.000112356670869  0.705664344284194  3.313608986749863  13.092485643911804 -154.590359158114325
        0.000000004333737  3.365123826425458  21.947015769818240  9.922384884589315  10.174053805575250  0.000112356670869  0.705664344284194  3.313608937373242  13.092485839005043 -154.590359158114325
        0.000015277730927  3.365123826425458  21.947015769818240  9.922384884589315  10.174053805575250  0.000112356670869  0.705664344284194  3.313608937373242  13.092485643911804 -154.590361461690179
        0.000028527886107  3.369769214968328  21.610392209067435  9.607767347196043  10.217253285759714  0.000072520881978  0.703864505965502  3.313883243968142  12.982396614246024 -154.590359909236383
        0.000000012970105  3.369769265181803  21.610392209067435  9.607767347196043  10.217253285759714  0.000072520881978  0.703864505965502  3.313883243968142  12.982396614246024 -154.590359909236383
        0.000000011728369  3.369769214968328  21.610392531087371  9.607767347196043  10.217253285759714  0.000072520881978  0.703864505965502  3.313883243968142  12.982396614246024 -154.590359909236383
        0.000000001426308  3.369769214968328  21.610392209067435  9.607767490362933  10.217253285759714  0.000072520881978  0.703864505965502  3.313883243968142  12.982396614246024 -154.590359909236383
        0.000000000329855  3.369769214968328  21.610392209067435  9.607767347196043  10.217253438008653  0.000072520881978  0.703864505965502  3.313883243968142  12.982396614246024 -154.590359909236383
        0.000000000522481  3.369769214968328  21.610392209067435  9.607767347196043  10.217253285759714  0.000072535783140  0.703864505965502  3.313883243968142  12.982396614246024 -154.590359909236383
        0.000000004100575  3.369769214968328  21.610392209067435  9.607767347196043  10.217253285759714  0.000072520881978  0.703864520866663  3.313883243968142  12.982396614246024 -154.590359909236383
        0.000000003229550  3.369769214968328  21.610392209067435  9.607767347196043  10.217253285759714  0.000072520881978  0.703864505965502  3.313883293348851  12.982396614246024 -154.590359909236383
        0.000000004370416  3.369769214968328  21.610392209067435  9.607767347196043  10.217253285759714  0.000072520881978  0.703864505965502  3.313883243968142  12.982396807698809 -154.590359909236383
        0.000015277731505  3.369769214968328  21.610392209067435  9.607767347196043  10.217253285759714  0.000072520881978  0.703864505965502  3.313883243968142  12.982396614246024 -154.590362212812266
        0.000017553871295  3.369784219610241  21.610392459497966  9.607767384182690  10.217253383977292  0.000072712768575  0.703873022458871  3.313885472416272  12.982392458587013 -154.590359952784581
        0.000000012971331  3.369784269823938  21.610392459497966  9.607767384182690  10.217253383977292  0.000072712768575  0.703873022458871  3.313885472416272  12.982392458587013 -154.590359952784581
        0.000000011729470  3.369784219610241  21.610392781517909  9.607767384182690  10.217253383977292  0.000072712768575  0.703873022458871  3.313885472416272  12.982392458587013 -154.590359952784581
        0.000000001426374  3.369784219610241  21.610392459497966  9.607767527349580  10.217253383977292  0.000072712768575  0.703873022458871  3.313885472416272  12.982392458587013 -154.590359952784581
        0.000000000329872  3.369784219610241  21.610392459497966  9.607767384182690  10.217253536226231  0.000072712768575  0.703873022458871  3.313885472416272  12.982392458587013 -154.590359952784581
        0.000000000522530  3.369784219610241  21.610392459497966  9.607767384182690  10.217253383977292  0.000072727669736  0.703873022458871  3.313885472416272  12.982392458587013 -154.590359952784581
        0.000000004100795  3.369784219610241  21.610392459497966  9.607767384182690  10.217253383977292  0.000072712768575  0.703873037360032  3.313885472416272  12.982392458587013 -154.590359952784581
        0.000000003229608  3.369784219610241  21.610392459497966  9.607767384182690  10.217253383977292  0.000072712768575  0.703873022458871  3.313885521797014  12.982392458587013 -154.590359952784581
        0.000000004370704  3.369784219610241  21.610392459497966  9.607767384182690  10.217253383977292  0.000072712768575  0.703873022458871  3.313885472416272  12.982392652039735 -154.590359952784581
        0.000015277731441  3.369784219610241  21.610392459497966  9.607767384182690  10.217253383977292  0.000072712768575  0.703873022458871  3.313885472416272  12.982392458587013 -154.590362256360464
        0.000025081797281  3.376596882550603  21.124079886813995  9.386737592956557  9.991229777062026  0.000024923882183  0.703820402774792  3.313878383502539  12.825154738756289 -154.590359873065324
        0.000024922717805  3.371500495991584  21.489025770122289  9.553101012564982  10.158728393431332  0.000026126069701  0.703865884541030  3.313872693439844  12.942988094480945 -154.590359868483063
        0.000000012982063  3.371500546230856  21.489025770122289  9.553101012564982  10.158728393431332  0.000026126069701  0.703865884541030  3.313872693439844  12.942988094480945 -154.590359868483063
        0.000000011739539  3.371500495991584  21.489026090333727  9.553101012564982  10.158728393431332  0.000026126069701  0.703865884541030  3.313872693439844  12.942988094480945 -154.590359868483063
        0.000000001426435  3.371500495991584  21.489025770122289  9.553101154917281  10.158728393431332  0.000026126069701  0.703865884541030  3.313872693439844  12.942988094480945 -154.590359868483063
        0.000000000329829  3.371500495991584  21.489025770122289  9.553101012564982  10.158728544808181  0.000026126069701  0.703865884541030  3.313872693439844  12.942988094480945 -154.590359868483063
        0.000000000521733  3.371500495991584  21.489025770122289  9.553101012564982  10.158728393431332  0.000026140970862  0.703865884541030  3.313872693439844  12.942988094480945 -154.590359868483063
        0.000000004099998  3.371500495991584  21.489025770122289  9.553101012564982  10.158728393431332  0.000026126069701  0.703865899442191  3.313872693439844  12.942988094480945 -154.590359868483063
        0.000000003218959  3.371500495991584  21.489025770122289  9.553101012564982  10.158728393431332  0.000026126069701  0.703865884541030  3.313872742820395  12.942988094480945 -154.590359868483063
        0.000000004384458  3.371500495991584  21.489025770122289  9.553101012564982  10.158728393431332  0.000026126069701  0.703865884541030  3.313872693439844  12.942988287346497 -154.590359868483063
        0.000015277731398  3.371500495991584  21.489025770122289  9.553101012564982  10.158728393431332  0.000026126069701  0.703865884541030  3.313872693439844  12.942988094480945 -154.590362172058946
        0.000016213872401  3.371675135765537  21.476830813284078  9.538227490482246  10.164475053583473  0.000033811823196  0.703760114947171  3.313899408854654  12.938851686236585 -154.590359946219877
        0.000000012983555  3.371675186007412  21.476830813284078  9.538227490482246  10.164475053583473  0.000033811823196  0.703760114947171  3.313899408854654  12.938851686236585 -154.590359946219877
        0.000000011741013  3.371675135765537  21.476831133313794  9.538227490482246  10.164475053583473  0.000033811823196  0.703760114947171  3.313899408854654  12.938851686236585 -154.590359946219877
        0.000000001426594  3.371675135765537  21.476830813284078  9.538227632612911  10.164475053583473  0.000033811823196  0.703760114947171  3.313899408854654  12.938851686236585 -154.590359946219877
        0.000000000330727  3.371675135765537  21.476830813284078  9.538227490482246  10.164475205045955  0.000033811823196  0.703760114947171  3.313899408854654  12.938851686236585 -154.590359946219877
        0.000000000522303  3.371675135765537  21.476830813284078  9.538227490482246  10.164475053583473  0.000033826724357  0.703760114947171  3.313899408854654  12.938851686236585 -154.590359946219877
        0.000000004100805  3.371675135765537  21.476830813284078  9.538227490482246  10.164475053583473  0.000033811823196  0.703760129848332  3.313899408854654  12.938851686236585 -154.590359946219877
        0.000000003218629  3.371675135765537  21.476830813284078  9.538227490482246  10.164475053583473  0.000033811823196  0.703760114947171  3.313899458235603  12.938851686236585 -154.590359946219877
        0.000000004385867  3.371675135765537  21.476830813284078  9.538227490482246  10.164475053583473  0.000033811823196  0.703760114947171  3.313899408854654  12.938851879040500 -154.590359946219877
        0.000015277731437  3.371675135765537  21.476830813284078  9.538227490482246  10.164475053583473  0.000033811823196  0.703760114947171  3.313899408854654  12.938851686236585 -154.590362249795760
        0.000015116774700  3.371737136363653  21.472678363543295  9.545673339942732  10.151258081011182  0.000030853030744  0.703864798708629  3.313857040387426  12.937696659573065 -154.590359827814126
        0.000000012983808  3.371737186606452  21.472678363543295  9.545673339942732  10.151258081011182  0.000030853030744  0.703864798708629  3.313857040387426  12.937696659573065 -154.590359827814126
        0.000000011741139  3.371737136363653  21.472678683511138  9.545673339942732  10.151258081011182  0.000030853030744  0.703864798708629  3.313857040387426  12.937696659573065 -154.590359827814126
        0.000000001426482  3.371737136363653  21.472678363543295  9.545673482184350  10.151258081011182  0.000030853030744  0.703864798708629  3.313857040387426  12.937696659573065 -154.590359827814126
        0.000000000329878  3.371737136363653  21.472678363543295  9.545673339942732  10.151258232276716  0.000030853030744  0.703864798708629  3.313857040387426  12.937696659573065 -154.590359827814126
        0.000000000521673  3.371737136363653  21.472678363543295  9.545673339942732  10.151258081011182  0.000030867931906  0.703864798708629  3.313857040387426  12.937696659573065 -154.590359827814126
        0.000000004100028  3.371737136363653  21.472678363543295  9.545673339942732  10.151258081011182  0.000030853030744  0.703864813609790  3.313857040387426  12.937696659573065 -154.590359827814126
        0.000000003217616  3.371737136363653  21.472678363543295  9.545673339942732  10.151258081011182  0.000030853030744  0.703864798708629  3.313857089767744  12.937696659573065 -154.590359827814126
        0.000000004386365  3.371737136363653  21.472678363543295  9.545673339942732  10.151258081011182  0.000030853030744  0.703864798708629  3.313857040387426  12.937696852359769 -154.590359827814126
        0.000015277731389  3.371737136363653  21.472678363543295  9.545673339942732  10.151258081011182  0.000030853030744  0.703864798708629  3.313857040387426  12.937696659573065 -154.590362131390009
2023-06-01 19:21:19.546865
