/projects/wagner/highthroughput/mick_graphene_paper/3_data/kc_fitting_dft
2022-08-18 06:49:41.460453
energy_inf: -154.87065645278034
     2535.672725874616845  3.416084000000000  20.021583000000000  10.905510700000001  4.275635400000000  0.010010836000000  0.844712200000000  2.936058400000000  14.313258800000000 -154.870656452780338
        0.000000018717218  3.416084050903618  20.021583000000000  10.905510700000001  4.275635400000000  0.010010836000000  0.844712200000000  2.936058400000000  14.313258800000000 -154.870656452780338
        0.000000019282189  3.416084000000000  20.021583298344837  10.905510700000001  4.275635400000000  0.010010836000000  0.844712200000000  2.936058400000000  14.313258800000000 -154.870656452780338
        0.000000002760085  3.416084000000000  20.021583000000000  10.905510862504773  4.275635400000000  0.010010836000000  0.844712200000000  2.936058400000000  14.313258800000000 -154.870656452780338
        0.000000000499340  3.416084000000000  20.021583000000000  10.905510700000001  4.275635463711932  0.010010836000000  0.844712200000000  2.936058400000000  14.313258800000000 -154.870656452780338
        0.000000000455390  3.416084000000000  20.021583000000000  10.905510700000001  4.275635400000000  0.010010850901161  0.844712200000000  2.936058400000000  14.313258800000000 -154.870656452780338
        0.000000007626080  3.416084000000000  20.021583000000000  10.905510700000001  4.275635400000000  0.010010836000000  0.844712214901161  2.936058400000000  14.313258800000000 -154.870656452780338
        0.000000008542471  3.416084000000000  20.021583000000000  10.905510700000001  4.275635400000000  0.010010836000000  0.844712200000000  2.936058443750679  14.313258800000000 -154.870656452780338
        0.000000009622645  3.416084000000000  20.021583000000000  10.905510700000001  4.275635400000000  0.010010836000000  0.844712200000000  2.936058400000000  14.313259013284176 -154.870656452780338
        0.000037770100898  3.416084000000000  20.021583000000000  10.905510700000001  4.275635400000000  0.010010836000000  0.844712200000000  2.936058400000000  14.313258800000000 -154.870658760532962
        0.310540555147833  3.390455901774947  0.954723577153427  0.729454619820066  6.955919775285979  28.663103831416187  0.222831940854882  2.935484697791965  14.290514543394638 -154.870596045627593
        0.215320640246243  3.366458559454440  17.184544771488650  9.139096405044910  5.468411328985574  8.278420178120811  0.704882202333951  2.896815405472648  14.270005463102038 -154.870578593627812
        0.000000016869143  3.366458609618582  17.184544771488650  9.139096405044910  5.468411328985574  8.278420178120811  0.704882202333951  2.896815405472648  14.270005463102038 -154.870578593627812
        0.000000015997619  3.366458559454440  17.184545027558322  9.139096405044910  5.468411328985574  8.278420178120811  0.704882202333951  2.896815405472648  14.270005463102038 -154.870578593627812
        0.000000001983767  3.366458559454440  17.184544771488650  9.139096541228058  5.468411328985574  8.278420178120811  0.704882202333951  2.896815405472648  14.270005463102038 -154.870578593627812
        0.000000000238566  3.366458559454440  17.184544771488650  9.139096405044910  5.468411410471253  8.278420178120811  0.704882202333951  2.896815405472648  14.270005463102038 -154.870578593627812
        0.000000001896551  3.366458559454440  17.184544771488650  9.139096405044910  5.468411328985574  8.278420301478885  0.704882202333951  2.896815405472648  14.270005463102038 -154.870578593627812
        0.000000003963466  3.366458559454440  17.184544771488650  9.139096405044910  5.468411328985574  8.278420178120811  0.704882217235112  2.896815405472648  14.270005463102038 -154.870578593627812
        0.000000009545398  3.366458559454440  17.184544771488650  9.139096405044910  5.468411328985574  8.278420178120811  0.704882202333951  2.896815448638562  14.270005463102038 -154.870578593627812
        0.000000006306951  3.366458559454440  17.184544771488650  9.139096405044910  5.468411328985574  8.278420178120811  0.704882202333951  2.896815405472648  14.270005675741690 -154.870578593627812
        0.000037770901251  3.366458559454440  17.184544771488650  9.139096405044910  5.468411328985574  8.278420178120811  0.704882202333951  2.896815405472648  14.270005463102038 -154.870580901379270
        0.032304647250423  3.353878417560824  24.123685779804063  16.326581798782030  0.535292597342771  0.016109366958515  1.004721328260846  2.897250527670788  14.264433233832781 -154.870397705787411
        0.025304017505007  3.358240286619761  19.477249521649114  9.839372150077349  5.997182793105194  5.828812711396655  0.769580215048213  2.918927513908380  14.264723595085027 -154.870356775811359
        0.000000017175008  3.358240336661440  19.477249521649114  9.839372150077349  5.997182793105194  5.828812711396655  0.769580215048213  2.918927513908380  14.264723595085027 -154.870356775811359
        0.000000016118687  3.358240286619761  19.477249811882750  9.839372150077349  5.997182793105194  5.828812711396655  0.769580215048213  2.918927513908380  14.264723595085027 -154.870356775811359
        0.000000002238666  3.358240286619761  19.477249521649114  9.839372296695419  5.997182793105194  5.828812711396655  0.769580215048213  2.918927513908380  14.264723595085027 -154.870356775811359
        0.000000000305164  3.358240286619761  19.477249521649114  9.839372150077349  5.997182882470182  5.828812711396655  0.769580215048213  2.918927513908380  14.264723595085027 -154.870356775811359
        0.000000000928618  3.358240286619761  19.477249521649114  9.839372150077349  5.997182793105194  5.828812798252732  0.769580215048213  2.918927513908380  14.264723595085027 -154.870356775811359
        0.000000005301772  3.358240286619761  19.477249521649114  9.839372150077349  5.997182793105194  5.828812711396655  0.769580229949374  2.918927513908380  14.264723595085027 -154.870356775811359
        0.000000009725620  3.358240286619761  19.477249521649114  9.839372150077349  5.997182793105194  5.828812711396655  0.769580215048213  2.918927557403790  14.264723595085027 -154.870356775811359
        0.000000006523393  3.358240286619761  19.477249521649114  9.839372150077349  5.997182793105194  5.828812711396655  0.769580215048213  2.918927513908380  14.264723807645971 -154.870356775811359
        0.000037770975912  3.358240286619761  19.477249521649114  9.839372150077349  5.997182793105194  5.828812711396655  0.769580215048213  2.918927513908380  14.264723595085027 -154.870359083559521
        0.003453489680465  3.361365797260074  19.421945083356086  9.985648685238647  5.995798840838534  5.818180225855818  0.765593348006802  2.910433658574952  14.394943723026511 -154.870138830793650
        0.000000017114234  3.361365847348328  19.421945083356086  9.985648685238647  5.995798840838534  5.818180225855818  0.765593348006802  2.910433658574952  14.394943723026511 -154.870138830793650
        0.000000016145235  3.361365797260074  19.421945372765620  9.985648685238647  5.995798840838534  5.818180225855818  0.765593348006802  2.910433658574952  14.394943723026511 -154.870138830793650
        0.000000002241452  3.361365797260074  19.421945083356086  9.985648834036407  5.995798840838534  5.818180225855818  0.765593348006802  2.910433658574952  14.394943723026511 -154.870138830793650
        0.000000000306323  3.361365797260074  19.421945083356086  9.985648685238647  5.995798930182898  5.818180225855818  0.765593348006802  2.910433658574952  14.394943723026511 -154.870138830793650
        0.000000000944002  3.361365797260074  19.421945083356086  9.985648685238647  5.995798840838534  5.818180312553459  0.765593348006802  2.910433658574952  14.394943723026511 -154.870138830793650
        0.000000005382356  3.361365797260074  19.421945083356086  9.985648685238647  5.995798840838534  5.818180225855818  0.765593362907963  2.910433658574952  14.394943723026511 -154.870138830793650
        0.000000009788199  3.361365797260074  19.421945083356086  9.985648685238647  5.995798840838534  5.818180225855818  0.765593348006802  2.910433701943793  14.394943723026511 -154.870138830793650
        0.000000006687060  3.361365797260074  19.421945083356086  9.985648685238647  5.995798840838534  5.818180225855818  0.765593348006802  2.910433658574952  14.394943937527888 -154.870138830793650
        0.000037770796926  3.361365797260074  19.421945083356086  9.985648685238647  5.995798840838534  5.818180225855818  0.765593348006802  2.910433658574952  14.394943723026511 -154.870141138538543
        0.001675873019540  3.374022135346271  21.010484953517427  11.311412936097911  6.147148797444028  3.039044602733824  0.822500966218001  2.872281120061387  14.373037546718717 -154.869866952202614
        0.001585727900152  3.373122295213558  19.527471260259691  10.024487972757392  6.399087064382417  5.059030911230346  0.775117155452774  2.884593467190985  14.400848743721374 -154.869864758386200
        0.000000017139705  3.373122345476997  19.527471260259691  10.024487972757392  6.399087064382417  5.059030911230346  0.775117155452774  2.884593467190985  14.400848743721374 -154.869864758386200
        0.000000016181455  3.373122295213558  19.527471551241689  10.024487972757392  6.399087064382417  5.059030911230346  0.775117155452774  2.884593467190985  14.400848743721374 -154.869864758386200
        0.000000002333353  3.373122295213558  19.527471260259691  10.024488122133903  6.399087064382417  5.059030911230346  0.775117155452774  2.884593467190985  14.400848743721374 -154.869864758386200
        0.000000000347990  3.373122295213558  19.527471260259691  10.024487972757392  6.399087159736245  5.059030911230346  0.775117155452774  2.884593467190985  14.400848743721374 -154.869864758386200
        0.000000000679147  3.373122295213558  19.527471260259691  10.024487972757392  6.399087064382417  5.059030986615781  0.775117155452774  2.884593467190985  14.400848743721374 -154.869864758386200
        0.000000005953842  3.373122295213558  19.527471260259691  10.024487972757392  6.399087064382417  5.059030911230346  0.775117170353935  2.884593467190985  14.400848743721374 -154.869864758386200
        0.000000009974614  3.373122295213558  19.527471260259691  10.024487972757392  6.399087064382417  5.059030911230346  0.775117155452774  2.884593510174777  14.400848743721374 -154.869864758386200
        0.000000007117788  3.373122295213558  19.527471260259691  10.024487972757392  6.399087064382417  5.059030911230346  0.775117155452774  2.884593467190985  14.400848958310743 -154.869864758386200
        0.000037770544409  3.373122295213558  19.527471260259691  10.024487972757392  6.399087064382417  5.059030911230346  0.775117155452774  2.884593467190985  14.400848743721374 -154.869867066127028
        0.000626307129383  3.375123137108481  20.410629473993477  10.838214023178404  6.381391097670157  3.808146861276088  0.800527505096121  2.873752125482838  14.381266959541779 -154.869840010208009
        0.000424933632904  3.375159544857792  19.709310007181902  10.211677024319901  6.430621836362641  4.714327779344798  0.781043723220383  2.879411009059761  14.382724118220420 -154.869838918163680
        0.000000017136965  3.375159595151588  19.709310007181902  10.211677024319901  6.430621836362641  4.714327779344798  0.781043723220383  2.879411009059761  14.382724118220420 -154.869838918163680
        0.000000016171445  3.375159544857792  19.709310300873508  10.211677024319901  6.430621836362641  4.714327779344798  0.781043723220383  2.879411009059761  14.382724118220420 -154.869838918163680
        0.000000002367538  3.375159544857792  19.709310007181902  10.211677176485747  6.430621836362641  4.714327779344798  0.781043723220383  2.879411009059761  14.382724118220420 -154.869838918163680
        0.000000000353657  3.375159544857792  19.709310007181902  10.211677024319901  6.430621932186374  4.714327779344798  0.781043723220383  2.879411009059761  14.382724118220420 -154.869838918163680
        0.000000000564277  3.375159544857792  19.709310007181902  10.211677024319901  6.430621836362641  4.714327849593756  0.781043723220383  2.879411009059761  14.382724118220420 -154.869838918163680
        0.000000006169254  3.375159544857792  19.709310007181902  10.211677024319901  6.430621836362641  4.714327779344798  0.781043738121544  2.879411009059761  14.382724118220420 -154.869838918163680
        0.000000010012791  3.375159544857792  19.709310007181902  10.211677024319901  6.430621836362641  4.714327779344798  0.781043723220383  2.879411051966328  14.382724118220420 -154.869838918163680
        0.000000007222698  3.375159544857792  19.709310007181902  10.211677024319901  6.430621836362641  4.714327779344798  0.781043723220383  2.879411009059761  14.382724332539711 -154.869838918163680
        0.000037770517079  3.375159544857792  19.709310007181902  10.211677024319901  6.430621836362641  4.714327779344798  0.781043723220383  2.879411009059761  14.382724118220420 -154.869841225904111
        0.000034369673768  3.374229249036004  19.865660962521012  10.334469114309778  6.437848578224246  4.596603509515379  0.783845585858774  2.878369931679289  14.408647676267375 -154.869837241855890
        0.000000017124750  3.374229299315938  19.865660962521012  10.334469114309778  6.437848578224246  4.596603509515379  0.783845585858774  2.878369931679289  14.408647676267375 -154.869837241855890
        0.000000016160754  3.374229249036004  19.865661258542428  10.334469114309778  6.437848578224246  4.596603509515379  0.783845585858774  2.878369931679289  14.408647676267375 -154.869837241855890
        0.000000002379688  3.374229249036004  19.865660962521012  10.334469268305368  6.437848578224246  4.596603509515379  0.783845585858774  2.878369931679289  14.408647676267375 -154.869837241855890
        0.000000000353537  3.374229249036004  19.865660962521012  10.334469114309778  6.437848674155665  4.596603509515379  0.783845585858774  2.878369931679289  14.408647676267375 -154.869837241855890
        0.000000000521736  3.374229249036004  19.865660962521012  10.334469114309778  6.437848578224246  4.596603578010109  0.783845585858774  2.878369931679289  14.408647676267375 -154.869837241855890
        0.000000006240085  3.374229249036004  19.865660962521012  10.334469114309778  6.437848578224246  4.596603509515379  0.783845600759935  2.878369931679289  14.408647676267375 -154.869837241855890
        0.000000010035969  3.374229249036004  19.865660962521012  10.334469114309778  6.437848578224246  4.596603509515379  0.783845585858774  2.878369974570343  14.408647676267375 -154.869837241855890
        0.000000007230141  3.374229249036004  19.865660962521012  10.334469114309778  6.437848578224246  4.596603509515379  0.783845585858774  2.878369931679289  14.408647890972956 -154.869837241855890
        0.000037770515300  3.374229249036004  19.865660962521012  10.334469114309778  6.437848578224246  4.596603509515379  0.783845585858774  2.878369931679289  14.408647676267375 -154.869839549596293
        0.000069528272362  3.370434960510274  20.271569761891925  10.612841285361675  6.502837682418573  4.403553716155462  0.788812224016296  2.876747106590480  14.506196739535911 -154.869836993077428
        0.000000017091700  3.370435010733669  20.271569761891925  10.612841285361675  6.502837682418573  4.403553716155462  0.788812224016296  2.876747106590480  14.506196739535911 -154.869836993077428
        0.000000016135367  3.370434960510274  20.271570063961853  10.612841285361675  6.502837682418573  4.403553716155462  0.788812224016296  2.876747106590480  14.506196739535911 -154.869836993077428
        0.000000002402023  3.370434960510274  20.271569761891925  10.612841443505333  6.502837682418573  4.403553716155462  0.788812224016296  2.876747106590480  14.506196739535911 -154.869836993077428
        0.000000000354482  3.370434960510274  20.271569761891925  10.612841285361675  6.502837779318405  4.403553716155462  0.788812224016296  2.876747106590480  14.506196739535911 -154.869836993077428
        0.000000000442891  3.370434960510274  20.271569761891925  10.612841285361675  6.502837682418573  4.403553781773526  0.788812224016296  2.876747106590480  14.506196739535911 -154.869836993077428
        0.000000006370480  3.370434960510274  20.271569761891925  10.612841285361675  6.502837682418573  4.403553716155462  0.788812238917457  2.876747106590480  14.506196739535911 -154.869836993077428
        0.000000010110999  3.370434960510274  20.271569761891925  10.612841285361675  6.502837682418573  4.403553716155462  0.788812224016296  2.876747149457352  14.506196739535911 -154.869836993077428
        0.000000007205693  3.370434960510274  20.271569761891925  10.612841285361675  6.502837682418573  4.403553716155462  0.788812224016296  2.876747106590480  14.506196955695087 -154.869836993077428
        0.000037770515347  3.370434960510274  20.271569761891925  10.612841285361675  6.502837682418573  4.403553716155462  0.788812224016296  2.876747106590480  14.506196739535911 -154.869839300817830
        0.000019356796645  3.370116759186587  20.328689889871985  10.655835285685800  6.507041633378967  4.360466254381862  0.789715241951267  2.876362716886516  14.515672441748759 -154.869836489309733
        0.000000017086977  3.370116809405240  20.328689889871985  10.655835285685800  6.507041633378967  4.360466254381862  0.789715241951267  2.876362716886516  14.515672441748759 -154.869836489309733
        0.000000016132009  3.370116759186587  20.328690192793069  10.655835285685800  6.507041633378967  4.360466254381862  0.789715241951267  2.876362716886516  14.515672441748759 -154.869836489309733
        0.000000002406543  3.370116759186587  20.328689889871985  10.655835444470119  6.507041633378967  4.360466254381862  0.789715241951267  2.876362716886516  14.515672441748759 -154.869836489309733
        0.000000000354665  3.370116759186587  20.328689889871985  10.655835285685800  6.507041730341443  4.360466254381862  0.789715241951267  2.876362716886516  14.515672441748759 -154.869836489309733
        0.000000000428067  3.370116759186587  20.328689889871985  10.655835285685800  6.507041633378967  4.360466319357872  0.789715241951267  2.876362716886516  14.515672441748759 -154.869836489309733
        0.000000006396382  3.370116759186587  20.328689889871985  10.655835285685800  6.507041633378967  4.360466254381862  0.789715256852428  2.876362716886516  14.515672441748759 -154.869836489309733
        0.000000010119361  3.370116759186587  20.328689889871985  10.655835285685800  6.507041633378967  4.360466254381862  0.789715241951267  2.876362759747660  14.515672441748759 -154.869836489309733
        0.000000007209098  3.370116759186587  20.328689889871985  10.655835285685800  6.507041633378967  4.360466254381862  0.789715241951267  2.876362716886516  14.515672658049134 -154.869836489309733
        0.000037770514581  3.370116759186587  20.328689889871985  10.655835285685800  6.507041633378967  4.360466254381862  0.789715241951267  2.876362716886516  14.515672441748759 -154.869838797050136
        0.000038347321088  3.370328841512466  20.382469264452798  10.704942457246087  6.506252868960090  4.273425410106432  0.791330038690989  2.875750657513843  14.510911809368293 -154.869835966724253
        0.000000017084271  3.370328891734280  20.382469264452798  10.704942457246087  6.506252868960090  4.273425410106432  0.791330038690989  2.875750657513843  14.510911809368293 -154.869835966724253
        0.000000016128078  3.370328841512466  20.382469568175257  10.704942457246087  6.506252868960090  4.273425410106432  0.791330038690989  2.875750657513843  14.510911809368293 -154.869835966724253
        0.000000002414458  3.370328841512466  20.382469264452798  10.704942616762160  6.506252868960090  4.273425410106432  0.791330038690989  2.875750657513843  14.510911809368293 -154.869835966724253
        0.000000000355369  3.370328841512466  20.382469264452798  10.704942457246087  6.506252965910813  4.273425410106432  0.791330038690989  2.875750657513843  14.510911809368293 -154.869835966724253
        0.000000000400990  3.370328841512466  20.382469264452798  10.704942457246087  6.506252868960090  4.273425473785433  0.791330038690989  2.875750657513843  14.510911809368293 -154.869835966724253
        0.000000006442971  3.370328841512466  20.382469264452798  10.704942457246087  6.506252868960090  4.273425410106432  0.791330053592150  2.875750657513843  14.510911809368293 -154.869835966724253
        0.000000010122197  3.370328841512466  20.382469264452798  10.704942457246087  6.506252868960090  4.273425410106432  0.791330038690989  2.875750700365867  14.510911809368293 -154.869835966724253
        0.000000007227561  3.370328841512466  20.382469264452798  10.704942457246087  6.506252868960090  4.273425410106432  0.791330038690989  2.875750657513843  14.510912025597730 -154.869835966724253
        0.000037770514118  3.370328841512466  20.382469264452798  10.704942457246087  6.506252868960090  4.273425410106432  0.791330038690989  2.875750657513843  14.510911809368293 -154.869838274464655
        0.000043346757811  3.370488468167173  20.502620191255783  10.811532583815483  6.503898139281647  4.103893719989931  0.794567107502945  2.874699370675224  14.506470003339025 -154.869836135703423
        0.000000017078149  3.370488518391365  20.502620191255783  10.811532583815483  6.503898139281647  4.103893719989931  0.794567107502945  2.874699370675224  14.506470003339025 -154.869836135703423
        0.000000016119981  3.370488468167173  20.502620496768632  10.811532583815483  6.503898139281647  4.103893719989931  0.794567107502945  2.874699370675224  14.506470003339025 -154.869836135703423
        0.000000002429958  3.370488468167173  20.502620191255783  10.811532744919873  6.503898139281647  4.103893719989931  0.794567107502945  2.874699370675224  14.506470003339025 -154.869836135703423
        0.000000000356554  3.370488468167173  20.502620191255783  10.811532583815483  6.503898236197282  4.103893719989931  0.794567107502945  2.874699370675224  14.506470003339025 -154.869836135703423
        0.000000000349094  3.370488468167173  20.502620191255783  10.811532583815483  6.503898139281647  4.103893781142713  0.794567107502945  2.874699370675224  14.506470003339025 -154.869836135703423
        0.000000006533287  3.370488468167173  20.502620191255783  10.811532583815483  6.503898139281647  4.103893719989931  0.794567122404106  2.874699370675224  14.506470003339025 -154.869836135703423
        0.000000010129387  3.370488468167173  20.502620191255783  10.811532583815483  6.503898139281647  4.103893719989931  0.794567107502945  2.874699413511583  14.506470003339025 -154.869836135703423
        0.000000007258958  3.370488468167173  20.502620191255783  10.811532583815483  6.503898139281647  4.103893719989931  0.794567107502945  2.874699370675224  14.506470219502273 -154.869836135703423
        0.000037770514315  3.370488468167173  20.502620191255783  10.811532583815483  6.503898139281647  4.103893719989931  0.794567107502945  2.874699370675224  14.506470003339025 -154.869838443443825
        0.000064206485360  3.368269098705985  20.833166418000893  11.051022933533003  6.548799240954001  3.872114331190296  0.799465395936727  2.873050401502488  14.563575820442493 -154.869836215904996
        0.000000017054795  3.368269148897106  20.833166418000893  11.051022933533003  6.548799240954001  3.872114331190296  0.799465395936727  2.873050401502488  14.563575820442493 -154.869836215904996
        0.000000016100880  3.368269098705985  20.833166728439263  11.051022933533003  6.548799240954001  3.872114331190296  0.799465395936727  2.873050401502488  14.563575820442493 -154.869836215904996
        0.000000002453785  3.368269098705985  20.833166418000893  11.051023098206077  6.548799240954001  3.872114331190296  0.799465395936727  2.873050401502488  14.563575820442493 -154.869836215904996
        0.000000000358720  3.368269098705985  20.833166418000893  11.051022933533003  6.548799338538714  3.872114331190296  0.799465395936727  2.873050401502488  14.563575820442493 -154.869836215904996
        0.000000000274509  3.368269098705985  20.833166418000893  11.051022933533003  6.548799240954001  3.872114388889296  0.799465395936727  2.873050401502488  14.563575820442493 -154.869836215904996
        0.000000006671369  3.368269098705985  20.833166418000893  11.051022933533003  6.548799240954001  3.872114331190296  0.799465410837888  2.873050401502488  14.563575820442493 -154.869836215904996
        0.000000010180089  3.368269098705985  20.833166418000893  11.051022933533003  6.548799240954001  3.872114331190296  0.799465395936727  2.873050444314275  14.563575820442493 -154.869836215904996
        0.000000007264077  3.368269098705985  20.833166418000893  11.051022933533003  6.548799240954001  3.872114331190296  0.799465395936727  2.873050401502488  14.563576037456684 -154.869836215904996
        0.000037770514552  3.368269098705985  20.833166418000893  11.051022933533003  6.548799240954001  3.872114331190296  0.799465395936727  2.873050401502488  14.563575820442493 -154.869838523645399
        0.000019405006508  3.367858821936758  20.900516374766696  11.101383375256843  6.553224954862485  3.822844961351938  0.800503400342062  2.872624335959481  14.575236257374950 -154.869835673378788
        0.000000017049038  3.367858872121765  20.900516374766696  11.101383375256843  6.553224954862485  3.822844961351938  0.800503400342062  2.872624335959481  14.575236257374950 -154.869835673378788
        0.000000016096924  3.367858821936758  20.900516686208658  11.101383375256843  6.553224954862485  3.822844961351938  0.800503400342062  2.872624335959481  14.575236257374950 -154.869835673378788
        0.000000002458844  3.367858821936758  20.900516374766696  11.101383540680345  6.553224954862485  3.822844961351938  0.800503400342062  2.872624335959481  14.575236257374950 -154.869835673378788
        0.000000000359081  3.367858821936758  20.900516374766696  11.101383375256843  6.553225052513147  3.822844961351938  0.800503400342062  2.872624335959481  14.575236257374950 -154.869835673378788
        0.000000000260518  3.367858821936758  20.900516374766696  11.101383375256843  6.553224954862485  3.822845018316766  0.800503400342062  2.872624335959481  14.575236257374950 -154.869835673378788
        0.000000006699689  3.367858821936758  20.900516374766696  11.101383375256843  6.553224954862485  3.822844961351938  0.800503415243224  2.872624335959481  14.575236257374950 -154.869835673378788
        0.000000010189345  3.367858821936758  20.900516374766696  11.101383375256843  6.553224954862485  3.822844961351938  0.800503400342062  2.872624378764919  14.575236257374950 -154.869835673378788
        0.000000007266762  3.367858821936758  20.900516374766696  11.101383375256843  6.553224954862485  3.822844961351938  0.800503400342062  2.872624335959481  14.575236474562894 -154.869835673378788
        0.000037770513461  3.367858821936758  20.900516374766696  11.101383375256843  6.553224954862485  3.822844961351938  0.800503400342062  2.872624335959481  14.575236257374950 -154.869837981119161
        0.000068113406003  3.367358934625627  21.177325049486704  11.322730543485791  6.580599390773700  3.509223229743020  0.806189069548227  2.870653780727569  14.587596761647461 -154.869835893632654
        0.000000017034012  3.367358984803185  21.177325049486704  11.322730543485791  6.580599390773700  3.509223229743020  0.806189069548227  2.870653780727569  14.587596761647461 -154.869835893632654
        0.000000016081209  3.367358934625627  21.177325365053438  11.322730543485791  6.580599390773700  3.509223229743020  0.806189069548227  2.870653780727569  14.587596761647461 -154.869835893632654
        0.000000002488482  3.367358934625627  21.177325049486704  11.322730712207624  6.580599390773700  3.509223229743020  0.806189069548227  2.870653780727569  14.587596761647461 -154.869835893632654
        0.000000000362839  3.367358934625627  21.177325049486704  11.322730543485791  6.580599488832272  3.509223229743020  0.806189069548227  2.870653780727569  14.587596761647461 -154.869835893632654
        0.000000000190579  3.367358934625627  21.177325049486704  11.322730543485791  6.580599390773700  3.509223282034521  0.806189069548227  2.870653780727569  14.587596761647461 -154.869835893632654
        0.000000006872436  3.367358934625627  21.177325049486704  11.322730543485791  6.580599390773700  3.509223229743020  0.806189084449389  2.870653780727569  14.587596761647461 -154.869835893632654
        0.000000010217839  3.367358934625627  21.177325049486704  11.322730543485791  6.580599390773700  3.509223229743020  0.806189069548227  2.870653823503643  14.587596761647461 -154.869835893632654
        0.000000007311942  3.367358934625627  21.177325049486704  11.322730543485791  6.580599390773700  3.509223229743020  0.806189069548227  2.870653780727569  14.587596979019592 -154.869835893632654
        0.000037770514316  3.367358934625627  21.177325049486704  11.322730543485791  6.580599390773700  3.509223229743020  0.806189069548227  2.870653780727569  14.587596761647461 -154.869838201373057
        0.000021475864897  3.366700137294718  21.256128420306478  11.378971249724009  6.586419978092930  3.467416698877556  0.807179144650124  2.870192221527587  14.606185799656153 -154.869835052142093
        0.000000017026496  3.366700187462460  21.256128420306478  11.378971249724009  6.586419978092930  3.467416698877556  0.807179144650124  2.870192221527587  14.606185799656153 -154.869835052142093
        0.000000016076656  3.366700137294718  21.256128737047472  11.378971249724009  6.586419978092930  3.467416698877556  0.807179144650124  2.870192221527587  14.606185799656153 -154.869835052142093
        0.000000002493060  3.366700137294718  21.256128420306478  11.378971419283893  6.586419978092930  3.467416698877556  0.807179144650124  2.870192221527587  14.606185799656153 -154.869835052142093
        0.000000000363142  3.366700137294718  21.256128420306478  11.378971249724009  6.586420076238236  3.467416698877556  0.807179144650124  2.870192221527587  14.606185799656153 -154.869835052142093
        0.000000000183887  3.366700137294718  21.256128420306478  11.378971249724009  6.586419978092930  3.467416750546091  0.807179144650124  2.870192221527587  14.606185799656153 -154.869835052142093
        0.000000006896895  3.366700137294718  21.256128420306478  11.378971249724009  6.586419978092930  3.467416698877556  0.807179159551285  2.870192221527587  14.606185799656153 -154.869835052142093
        0.000000010230174  3.366700137294718  21.256128420306478  11.378971249724009  6.586419978092930  3.467416698877556  0.807179144650124  2.870192264296784  14.606185799656153 -154.869835052142093
        0.000000007309438  3.366700137294718  21.256128420306478  11.378971249724009  6.586419978092930  3.467416698877556  0.807179144650124  2.870192221527587  14.606186017305282 -154.869835052142093
        0.000037770512947  3.366700137294718  21.256128420306478  11.378971249724009  6.586419978092930  3.467416698877556  0.807179144650124  2.870192221527587  14.606185799656153 -154.869837359882467
        0.000170863916793  3.364291834050650  21.865861387679161  11.845090905715793  6.653884408148889  2.892827301872767  0.817806463000473  2.866462901304101  14.668077460081189 -154.869835361977181
        0.000132847708714  3.366835087864561  21.368605179503625  11.475305688244003  6.590018288450120  3.310557003328655  0.809943209010690  2.869181703395352  14.602898335303351 -154.869834863287309
        0.000000017020803  3.366835138034313  21.368605179503625  11.475305688244003  6.590018288450120  3.310557003328655  0.809943209010690  2.869181703395352  14.602898335303351 -154.869834863287309
        0.000000016070123  3.366835087864561  21.368605497920655  11.475305688244003  6.590018288450120  3.310557003328655  0.809943209010690  2.869181703395352  14.602898335303351 -154.869834863287309
        0.000000002507624  3.366835087864561  21.368605179503625  11.475305859239382  6.590018288450120  3.310557003328655  0.809943209010690  2.869181703395352  14.602898335303351 -154.869834863287309
        0.000000000365083  3.366835087864561  21.368605179503625  11.475305688244003  6.590018386649045  3.310557003328655  0.809943209010690  2.869181703395352  14.602898335303351 -154.869834863287309
        0.000000000170825  3.366835087864561  21.368605179503625  11.475305688244003  6.590018288450120  3.310557052659798  0.809943209010690  2.869181703395352  14.602898335303351 -154.869834863287309
        0.000000006980121  3.366835087864561  21.368605179503625  11.475305688244003  6.590018288450120  3.310557003328655  0.809943223911851  2.869181703395352  14.602898335303351 -154.869834863287309
        0.000000010237200  3.366835087864561  21.368605179503625  11.475305688244003  6.590018288450120  3.310557003328655  0.809943209010690  2.869181746149491  14.602898335303351 -154.869834863287309
        0.000000007338250  3.366835087864561  21.368605179503625  11.475305688244003  6.590018288450120  3.310557003328655  0.809943209010690  2.869181703395352  14.602898552903493 -154.869834863287309
        0.000037770512812  3.366835087864561  21.368605179503625  11.475305688244003  6.590018288450120  3.310557003328655  0.809943209010690  2.869181703395352  14.602898335303351 -154.869837171027683
        0.000057472272038  3.364927859725404  21.668353955590490  11.690849863628634  6.635275747695228  3.092499717900494  0.814089870730652  2.867687591449453  14.652442299941621 -154.869834848236309
        0.000000017000775  3.364927909866736  21.668353955590490  11.690849863628634  6.635275747695228  3.092499717900494  0.814089870730652  2.867687591449453  14.652442299941621 -154.869834848236309
        0.000000016055324  3.364927859725404  21.668354278474126  11.690849863628634  6.635275747695228  3.092499717900494  0.814089870730652  2.867687591449453  14.652442299941621 -154.869834848236309
        0.000000002529548  3.364927859725404  21.668353955590490  11.690850037835872  6.635275747695228  3.092499717900494  0.814089870730652  2.867687591449453  14.652442299941621 -154.869834848236309
        0.000000000368272  3.364927859725404  21.668353955590490  11.690849863628634  6.635275846568542  3.092499717900494  0.814089870730652  2.867687591449453  14.652442299941621 -154.869834848236309
        0.000000000182105  3.364927859725404  21.668353955590490  11.690849863628634  6.635275747695228  3.092499763982331  0.814089870730652  2.867687591449453  14.652442299941621 -154.869834848236309
        0.000000007105165  3.364927859725404  21.668353955590490  11.690849863628634  6.635275747695228  3.092499717900494  0.814089885631814  2.867687591449453  14.652442299941621 -154.869834848236309
        0.000000010281068  3.364927859725404  21.668353955590490  11.690849863628634  6.635275747695228  3.092499717900494  0.814089870730652  2.867687634181328  14.652442299941621 -154.869834848236309
        0.000000007344764  3.364927859725404  21.668353955590490  11.690849863628634  6.635275747695228  3.092499717900494  0.814089870730652  2.867687591449453  14.652442518280026 -154.869834848236309
        0.000037770512951  3.364927859725404  21.668353955590490  11.690849863628634  6.635275747695228  3.092499717900494  0.814089870730652  2.867687591449453  14.652442299941621 -154.869837155976683
        0.000020410820673  3.364733458150247  21.726590361874987  11.733929875511336  6.647748474128930  3.036081266278294  0.814953252358071  2.867256023271553  14.658317937476019 -154.869834398347649
        0.000000016996528  3.364733508288683  21.726590361874987  11.733929875511336  6.647748474128930  3.036081266278294  0.814953252358071  2.867256023271553  14.658317937476019 -154.869834398347649
        0.000000016052431  3.364733458150247  21.726590685626412  11.733929875511336  6.647748474128930  3.036081266278294  0.814953252358071  2.867256023271553  14.658317937476019 -154.869834398347649
        0.000000002535070  3.364733458150247  21.726590361874987  11.733930050360517  6.647748474128930  3.036081266278294  0.814953252358071  2.867256023271553  14.658317937476019 -154.869834398347649
        0.000000000369229  3.364733458150247  21.726590361874987  11.733929875511336  6.647748573188101  3.036081266278294  0.814953252358071  2.867256023271553  14.658317937476019 -154.869834398347649
        0.000000000190670  3.364733458150247  21.726590361874987  11.733929875511336  6.647748474128930  3.036081311519431  0.814953252358071  2.867256023271553  14.658317937476019 -154.869834398347649
        0.000000007138187  3.364733458150247  21.726590361874987  11.733929875511336  6.647748474128930  3.036081266278294  0.814953267259232  2.867256023271553  14.658317937476019 -154.869834398347649
        0.000000010289431  3.364733458150247  21.726590361874987  11.733929875511336  6.647748474128930  3.036081266278294  0.814953252358071  2.867256065996997  14.658317937476019 -154.869834398347649
        0.000000007351807  3.364733458150247  21.726590361874987  11.733929875511336  6.647748474128930  3.036081266278294  0.814953252358071  2.867256023271553  14.658318155901977 -154.869834398347649
        0.000037770512439  3.364733458150247  21.726590361874987  11.733929875511336  6.647748474128930  3.036081266278294  0.814953252358071  2.867256023271553  14.658317937476019 -154.869836706088023
        0.000053947773860  3.365218229103545  21.925070127483966  11.908275840886459  6.649603131057781  2.736681777824499  0.820050675410163  2.865375869759219  14.645847314606376 -154.869834155046533
        0.000000016987586  3.365218279249204  21.925070127483966  11.908275840886459  6.649603131057781  2.736681777824499  0.820050675410163  2.865375869759219  14.645847314606376 -154.869834155046533
        0.000000016041837  3.365218229103545  21.925070454192969  11.908275840886459  6.649603131057781  2.736681777824499  0.820050675410163  2.865375869759219  14.645847314606376 -154.869834155046533
        0.000000002562709  3.365218229103545  21.925070127483966  11.908276018333597  6.649603131057781  2.736681777824499  0.820050675410163  2.865375869759219  14.645847314606376 -154.869834155046533
        0.000000000373648  3.365218229103545  21.925070127483966  11.908275840886459  6.649603230144589  2.736681777824499  0.820050675410163  2.865375869759219  14.645847314606376 -154.869834155046533
        0.000000000253120  3.365218229103545  21.925070127483966  11.908275840886459  6.649603131057781  2.736681818604235  0.820050675410163  2.865375869759219  14.645847314606376 -154.869834155046533
        0.000000007294038  3.365218229103545  21.925070127483966  11.908275840886459  6.649603131057781  2.736681777824499  0.820050690311324  2.865375869759219  14.645847314606376 -154.869834155046533
        0.000000010297618  3.365218229103545  21.925070127483966  11.908275840886459  6.649603131057781  2.736681777824499  0.820050675410163  2.865375912456647  14.645847314606376 -154.869834155046533
        0.000000007409916  3.365218229103545  21.925070127483966  11.908275840886459  6.649603131057781  2.736681777824499  0.820050675410163  2.865375869759219  14.645847532846508 -154.869834155046533
        0.000037770512336  3.365218229103545  21.925070127483966  11.908275840886459  6.649603131057781  2.736681777824499  0.820050675410163  2.865375869759219  14.645847314606376 -154.869836462786907
        0.000026143502442  3.364721601528083  22.015464256730834  11.973168744309026  6.666222864666428  2.664942404412024  0.821245938262115  2.864835289228048  14.659380928637924 -154.869833810238845
        0.000000016980952  3.364721651666342  22.015464256730834  11.973168744309026  6.666222864666428  2.664942404412024  0.821245938262115  2.864835289228048  14.659380928637924 -154.869833810238845
        0.000000016037518  3.364721601528083  22.015464584786816  11.973168744309026  6.666222864666428  2.664942404412024  0.821245938262115  2.864835289228048  14.659380928637924 -154.869833810238845
        0.000000002569827  3.364721601528083  22.015464256730834  11.973168922723143  6.666222864666428  2.664942404412024  0.821245938262115  2.864835289228048  14.659380928637924 -154.869833810238845
        0.000000000374921  3.364721601528083  22.015464256730834  11.973168744309026  6.666222964000889  2.664942404412024  0.821245938262115  2.864835289228048  14.659380928637924 -154.869833810238845
        0.000000000273352  3.364721601528083  22.015464256730834  11.973168744309026  6.666222864666428  2.664942444122760  0.821245938262115  2.864835289228048  14.659380928637924 -154.869833810238845
        0.000000007335323  3.364721601528083  22.015464256730834  11.973168744309026  6.666222864666428  2.664942404412024  0.821245953163276  2.864835289228048  14.659380928637924 -154.869833810238845
        0.000000010310892  3.364721601528083  22.015464256730834  11.973168744309026  6.666222864666428  2.664942404412024  0.821245938262115  2.864835331917420  14.659380928637924 -154.869833810238845
        0.000000007414417  3.364721601528083  22.015464256730834  11.973168744309026  6.666222864666428  2.664942404412024  0.821245938262115  2.864835289228048  14.659381147079722 -154.869833810238845
        0.000037770511548  3.364721601528083  22.015464256730834  11.973168744309026  6.666222864666428  2.664942404412024  0.821245938262115  2.864835289228048  14.659380928637924 -154.869836117979190
        0.000125858373401  3.361113766024955  22.596757349214670  12.388159915561323  6.763922221154317  2.235029256777787  0.828770249635763  2.862006349325377  14.753200950456351 -154.869833901700844
        0.000000016945109  3.361113816109453  22.596757349214670  12.388159915561323  6.763922221154317  2.235029256777787  0.828770249635763  2.862006349325377  14.753200950456351 -154.869833901700844
        0.000000016013116  3.361113766024955  22.596757685932594  12.388159915561323  6.763922221154317  2.235029256777787  0.828770249635763  2.862006349325377  14.753200950456351 -154.869833901700844
        0.000000002612385  3.361113766024955  22.596757349214670  12.388160100159290  6.763922221154317  2.235029256777787  0.828770249635763  2.862006349325377  14.753200950456351 -154.869833901700844
        0.000000000382790  3.361113766024955  22.596757349214670  12.388159915561323  6.763922321944612  2.235029256777787  0.828770249635763  2.862006349325377  14.753200950456351 -154.869833901700844
        0.000000000407941  3.361113766024955  22.596757349214670  12.388159915561323  6.763922221154317  2.235029290082318  0.828770249635763  2.862006349325377  14.753200950456351 -154.869833901700844
        0.000000007574799  3.361113766024955  22.596757349214670  12.388159915561323  6.763922221154317  2.235029256777787  0.828770264536924  2.862006349325377  14.753200950456351 -154.869833901700844
        0.000000010393970  3.361113766024955  22.596757349214670  12.388159915561323  6.763922221154317  2.235029256777787  0.828770249635763  2.862006391972594  14.753200950456351 -154.869833901700844
        0.000000007427117  3.361113766024955  22.596757349214670  12.388159915561323  6.763922221154317  2.235029256777787  0.828770249635763  2.862006349325377  14.753201170296178 -154.869833901700844
        0.000037770512024  3.361113766024955  22.596757349214670  12.388159915561323  6.763922221154317  2.235029256777787  0.828770249635763  2.862006349325377  14.753200950456351 -154.869836209441189
        0.000064131756437  3.361010713626890  22.614963160618913  12.400105738695235  6.768930608459567  2.224830725298952  0.828793587671162  2.861756264620017  14.758278333251093 -154.869832759926567
        0.000000016941538  3.361010763709853  22.614963160618913  12.400105738695235  6.768930608459567  2.224830725298952  0.828793587671162  2.861756264620017  14.758278333251093 -154.869832759926567
        0.000000016012635  3.361010713626890  22.614963497608123  12.400105738695235  6.768930608459567  2.224830725298952  0.828793587671162  2.861756264620017  14.758278333251093 -154.869832759926567
        0.000000002613608  3.361010713626890  22.614963160618913  12.400105923471209  6.768930608459567  2.224830725298952  0.828793587671162  2.861756264620017  14.758278333251093 -154.869832759926567
        0.000000000383057  3.361010713626890  22.614963160618913  12.400105738695235  6.768930709324493  2.224830725298952  0.828793587671162  2.861756264620017  14.758278333251093 -154.869832759926567
        0.000000000411470  3.361010713626890  22.614963160618913  12.400105738695235  6.768930608459567  2.224830758451513  0.828793587671162  2.861756264620017  14.758278333251093 -154.869832759926567
        0.000000007582887  3.361010713626890  22.614963160618913  12.400105738695235  6.768930608459567  2.224830725298952  0.828793602572323  2.861756264620017  14.758278333251093 -154.869832759926567
        0.000000010398139  3.361010713626890  22.614963160618913  12.400105738695235  6.768930608459567  2.224830725298952  0.828793587671162  2.861756307263509  14.758278333251093 -154.869832759926567
        0.000000007428906  3.361010713626890  22.614963160618913  12.400105738695235  6.768930608459567  2.224830725298952  0.828793587671162  2.861756264620017  14.758278553166578 -154.869832759926567
        0.000037770510635  3.361010713626890  22.614963160618913  12.400105738695235  6.768930608459567  2.224830725298952  0.828793587671162  2.861756264620017  14.758278333251093 -154.869835067666912
        0.000037397122593  3.362132512167757  22.622730984700645  12.422331774949734  6.771323304669493  2.114987958857486  0.830122633228769  2.861090966339109  14.729103413297770 -154.869832347719068
        0.000000016943437  3.362132562267435  22.622730984700645  12.422331774949734  6.771323304669493  2.114987958857486  0.830122633228769  2.861090966339109  14.729103413297770 -154.869832347719068
        0.000000016011547  3.362132512167757  22.622731321805606  12.422331774949734  6.771323304669493  2.114987958857486  0.830122633228769  2.861090966339109  14.729103413297770 -154.869832347719068
        0.000000002623173  3.362132512167757  22.622730984700645  12.422331960056903  6.771323304669493  2.114987958857486  0.830122633228769  2.861090966339109  14.729103413297770 -154.869832347719068
        0.000000000385007  3.362132512167757  22.622730984700645  12.422331774949734  6.771323405570073  2.114987958857486  0.830122633228769  2.861090966339109  14.729103413297770 -154.869832347719068
        0.000000000446074  3.362132512167757  22.622730984700645  12.422331774949734  6.771323304669493  2.114987990373263  0.830122633228769  2.861090966339109  14.729103413297770 -154.869832347719068
        0.000000007641759  3.362132512167757  22.622730984700645  12.422331774949734  6.771323304669493  2.114987958857486  0.830122648129930  2.861090966339109  14.729103413297770 -154.869832347719068
        0.000000010390222  3.362132512167757  22.622730984700645  12.422331774949734  6.771323304669493  2.114987958857486  0.830122633228769  2.861091008972687  14.729103413297770 -154.869832347719068
        0.000000007465806  3.362132512167757  22.622730984700645  12.422331774949734  6.771323304669493  2.114987958857486  0.830122633228769  2.861090966339109  14.729103632778514 -154.869832347719068
        0.000037770510418  3.362132512167757  22.622730984700645  12.422331774949734  6.771323304669493  2.114987958857486  0.830122633228769  2.861090966339109  14.729103413297770 -154.869834655459414
        0.000037045322253  3.363862141051644  22.627491946924085  12.452910844062631  6.768612020829370  1.953022715185432  0.832114753231829  2.860258069183719  14.682484488678611 -154.869832991723257
        0.000000016947029  3.363862191177096  22.627491946924085  12.452910844062631  6.768612020829370  1.953022715185432  0.832114753231829  2.860258069183719  14.682484488678611 -154.869832991723257
        0.000000016010075  3.363862141051644  22.627492284099990  12.452910844062631  6.768612020829370  1.953022715185432  0.832114753231829  2.860258069183719  14.682484488678611 -154.869832991723257
        0.000000002637155  3.363862141051644  22.627491946924085  12.452911029625463  6.768612020829370  1.953022715185432  0.832114753231829  2.860258069183719  14.682484488678611 -154.869832991723257
        0.000000000387864  3.363862141051644  22.627491946924085  12.452910844062631  6.768612121689549  1.953022715185432  0.832114753231829  2.860258069183719  14.682484488678611 -154.869832991723257
        0.000000000497481  3.363862141051644  22.627491946924085  12.452910844062631  6.768612020829370  1.953022744287738  0.832114753231829  2.860258069183719  14.682484488678611 -154.869832991723257
        0.000000007727132  3.363862141051644  22.627491946924085  12.452910844062631  6.768612020829370  1.953022715185432  0.832114768132990  2.860258069183719  14.682484488678611 -154.869832991723257
        0.000000010375072  3.363862141051644  22.627491946924085  12.452910844062631  6.768612020829370  1.953022715185432  0.832114753231829  2.860258111804886  14.682484488678611 -154.869832991723257
        0.000000007520905  3.363862141051644  22.627491946924085  12.452910844062631  6.768612020829370  1.953022715185432  0.832114753231829  2.860258069183719  14.682484707464679 -154.869832991723257
        0.000037770511171  3.363862141051644  22.627491946924085  12.452910844062631  6.768612020829370  1.953022715185432  0.832114753231829  2.860258069183719  14.682484488678611 -154.869835299463602
        0.000032408746850  3.367272342646203  22.641109630745643  12.521420212687714  6.735912736161874  1.632263439292445  0.836628557514793  2.858362317741067  14.593246033821506 -154.869832835559180
        0.000000016952626  3.367272392822471  22.641109630745643  12.521420212687714  6.735912736161874  1.632263439292445  0.836628557514793  2.858362317741067  14.593246033821506 -154.869832835559180
        0.000000016006488  3.367272342646203  22.641109968124468  12.521420212687714  6.735912736161874  1.632263439292445  0.836628557514793  2.858362317741067  14.593246033821506 -154.869832835559180
        0.000000002665693  3.367272342646203  22.641109630745643  12.521420399271415  6.735912736161874  1.632263439292445  0.836628557514793  2.858362317741067  14.593246033821506 -154.869832835559180
        0.000000000393797  3.367272342646203  22.641109630745643  12.521420212687714  6.735912836534795  1.632263439292445  0.836628557514793  2.858362317741067  14.593246033821506 -154.869832835559180
        0.000000000599000  3.367272342646203  22.641109630745643  12.521420212687714  6.735912736161874  1.632263463615066  0.836628557514793  2.858362317741067  14.593246033821506 -154.869832835559180
        0.000000007891514  3.367272342646203  22.641109630745643  12.521420212687714  6.735912736161874  1.632263439292445  0.836628572415954  2.858362317741067  14.593246033821506 -154.869832835559180
        0.000000010339758  3.367272342646203  22.641109630745643  12.521420212687714  6.735912736161874  1.632263439292445  0.836628557514793  2.858362360333985  14.593246033821506 -154.869832835559180
        0.000000007631097  3.367272342646203  22.641109630745643  12.521420212687714  6.735912736161874  1.632263439292445  0.836628557514793  2.858362317741067  14.593246251277817 -154.869832835559180
        0.000037770511310  3.367272342646203  22.641109630745643  12.521420212687714  6.735912736161874  1.632263439292445  0.836628557514793  2.858362317741067  14.593246033821506 -154.869835143299525
        0.000038556793770  3.372791119065734  22.751126438029896  12.702314085544126  6.694700568836859  1.008064037630891  0.845590629221129  2.854404425846261  14.451561242279157 -154.869831588220848
        0.000000016956419  3.372791169324238  22.751126438029896  12.702314085544126  6.694700568836859  1.008064037630891  0.845590629221129  2.854404425846261  14.451561242279157 -154.869831588220848
        0.000000015997063  3.372791119065734  22.751126777048100  12.702314085544126  6.694700568836859  1.008064037630891  0.845590629221129  2.854404425846261  14.451561242279157 -154.869831588220848
        0.000000002723780  3.372791119065734  22.751126438029896  12.702314274823356  6.694700568836859  1.008064037630891  0.845590629221129  2.854404425846261  14.451561242279157 -154.869831588220848
        0.000000000406741  3.372791119065734  22.751126438029896  12.702314085544126  6.694700668595671  1.008064037630891  0.845590629221129  2.854404425846261  14.451561242279157 -154.869831588220848
        0.000000000807422  3.372791119065734  22.751126438029896  12.702314085544126  6.694700568836859  1.008064052652216  0.845590629221129  2.854404425846261  14.451561242279157 -154.869831588220848
        0.000000008221665  3.372791119065734  22.751126438029896  12.702314085544126  6.694700568836859  1.008064037630891  0.845590644122290  2.854404425846261  14.451561242279157 -154.869831588220848
        0.000000010289851  3.372791119065734  22.751126438029896  12.702314085544126  6.694700568836859  1.008064037630891  0.845590629221129  2.854404468380201  14.451561242279157 -154.869831588220848
        0.000000007829904  3.372791119065734  22.751126438029896  12.702314085544126  6.694700568836859  1.008064037630891  0.845590629221129  2.854404425846261  14.451561457624200 -154.869831588220848
        0.000037770510253  3.372791119065734  22.751126438029896  12.702314085544126  6.694700568836859  1.008064037630891  0.845590629221129  2.854404425846261  14.451561242279157 -154.869833895961165
        0.000175974141918  3.376699125134904  23.275042630733850  13.189576041102983  6.734282620796731  0.000028075271570  0.860091847708814  2.847942280509005  14.352318383100560 -154.869830484083479
        0.000000016941599  3.376699175451642  23.275042630733850  13.189576041102983  6.734282620796731  0.000028075271570  0.860091847708814  2.847942280509005  14.352318383100560 -154.869830484083479
        0.000000015976298  3.376699125134904  23.275042977559011  13.189576041102983  6.734282620796731  0.000028075271570  0.860091847708814  2.847942280509005  14.352318383100560 -154.869830484083479
        0.000000002822881  3.376699125134904  23.275042630733850  13.189576237642981  6.734282620796731  0.000028075271570  0.860091847708814  2.847942280509005  14.352318383100560 -154.869830484083479
        0.000000000431793  3.376699125134904  23.275042630733850  13.189576041102983  6.734282721145362  0.000028075271570  0.860091847708814  2.847942280509005  14.352318383100560 -154.869830484083479
        0.000000000845575  3.376699125134904  23.275042630733850  13.189576041102983  6.734282620796731  0.000028090172731  0.860091847708814  2.847942280509005  14.352318383100560 -154.869830484083479
        0.000000008455506  3.376699125134904  23.275042630733850  13.189576041102983  6.734282620796731  0.000028075271570  0.860091862609975  2.847942280509005  14.352318383100560 -154.869830484083479
        0.000000010291193  3.376699125134904  23.275042630733850  13.189576041102983  6.734282620796731  0.000028075271570  0.860091847708814  2.847942322946652  14.352318383100560 -154.869830484083479
        0.000000008069970  3.376699125134904  23.275042630733850  13.189576041102983  6.734282620796731  0.000028075271570  0.860091847708814  2.847942280509005  14.352318596966770 -154.869830484083479
        0.000037770509724  3.376699125134904  23.275042630733850  13.189576041102983  6.734282620796731  0.000028075271570  0.860091847708814  2.847942280509005  14.352318383100560 -154.869832791823796
        0.000092080003460  3.376718821237825  23.278003254353862  13.191262163657884  6.735247043147346  0.000027998013578  0.859892828098845  2.847639487432922  14.354186475925877 -154.869829562273139
        0.000000016936838  3.376718871554857  23.278003254353862  13.191262163657884  6.735247043147346  0.000027998013578  0.859892828098845  2.847639487432922  14.354186475925877 -154.869829562273139
        0.000000015975742  3.376718821237825  23.278003601223141  13.191262163657884  6.735247043147346  0.000027998013578  0.859892828098845  2.847639487432922  14.354186475925877 -154.869829562273139
        0.000000002823050  3.376718821237825  23.278003254353862  13.191262360223007  6.735247043147346  0.000027998013578  0.859892828098845  2.847639487432922  14.354186475925877 -154.869829562273139
        0.000000000431839  3.376718821237825  23.278003254353862  13.191262163657884  6.735247143510348  0.000027998013578  0.859892828098845  2.847639487432922  14.354186475925877 -154.869829562273139
        0.000000000845583  3.376718821237825  23.278003254353862  13.191262163657884  6.735247043147346  0.000028012914739  0.859892828098845  2.847639487432922  14.354186475925877 -154.869829562273139
        0.000000008458894  3.376718821237825  23.278003254353862  13.191262163657884  6.735247043147346  0.000027998013578  0.859892843000006  2.847639487432922  14.354186475925877 -154.869829562273139
        0.000000010293443  3.376718821237825  23.278003254353862  13.191262163657884  6.735247043147346  0.000027998013578  0.859892828098845  2.847639529866057  14.354186475925877 -154.869829562273139
        0.000000008072413  3.376718821237825  23.278003254353862  13.191262163657884  6.735247043147346  0.000027998013578  0.859892828098845  2.847639487432922  14.354186689819924 -154.869829562273139
        0.000037770507831  3.376718821237825  23.278003254353862  13.191262163657884  6.735247043147346  0.000027998013578  0.859892828098845  2.847639487432922  14.354186475925877 -154.869831870013428
        0.000161747588380  3.359947378338360  24.389087968394971  13.820321165929757  7.063162479856230  0.000002276417681  0.859754695405111  2.847729423611138  14.781251238809228 -154.869829870723891
        0.000164717480183  3.372530384463595  23.554928893987164  13.347655188169982  6.821550695825104  0.000000928014579  0.859759022620522  2.847732499048101  14.460274558808901 -154.869829896837729
        0.000011110692861  3.375678605234848  23.346219599565018  13.229401747408012  6.760967105246602  0.000003251573497  0.859762724958319  2.847733158272085  14.379969198406888 -154.869829902430808
        0.000000016931772  3.375678655536379  23.346219599565018  13.229401747408012  6.760967105246602  0.000003251573497  0.859762724958319  2.847733158272085  14.379969198406888 -154.869829902430808
        0.000000015974370  3.375678605234848  23.346219947450798  13.229401747408012  6.760967105246602  0.000003251573497  0.859762724958319  2.847733158272085  14.379969198406888 -154.869829902430808
        0.000000002822821  3.375678605234848  23.346219599565018  13.229401944541459  6.760967105246602  0.000003251573497  0.859762724958319  2.847733158272085  14.379969198406888 -154.869829902430808
        0.000000000431617  3.375678605234848  23.346219599565018  13.229401747408012  6.760967205992863  0.000003251573497  0.859762724958319  2.847733158272085  14.379969198406888 -154.869829902430808
        0.000000000847329  3.375678605234848  23.346219599565018  13.229401747408012  6.760967105246602  0.000003266474658  0.859762724958319  2.847733158272085  14.379969198406888 -154.869829902430808
        0.000000008461164  3.375678605234848  23.346219599565018  13.229401747408012  6.760967105246602  0.000003251573497  0.859762739859480  2.847733158272085  14.379969198406888 -154.869829902430808
        0.000000010310919  3.375678605234848  23.346219599565018  13.229401747408012  6.760967105246602  0.000003251573497  0.859762724958319  2.847733200706616  14.379969198406888 -154.869829902430808
        0.000000008054238  3.375678605234848  23.346219599565018  13.229401747408012  6.760967105246602  0.000003251573497  0.859762724958319  2.847733158272085  14.379969412685128 -154.869829902430808
        0.000037770508291  3.375678605234848  23.346219599565018  13.229401747408012  6.760967105246602  0.000003251573497  0.859762724958319  2.847733158272085  14.379969198406888 -154.869832210171097
        0.000038211299929  3.375678789360351  23.346218987472110  13.229403847231550  6.760967664404263  0.000011562081813  0.859762883349271  2.847733066806208  14.379964452470045 -154.869829902461845
        0.000000016931800  3.375678839661884  23.346218987472110  13.229403847231550  6.760967664404263  0.000011562081813  0.859762883349271  2.847733066806208  14.379964452470045 -154.869829902461845
        0.000000015974392  3.375678789360351  23.346219335357883  13.229403847231550  6.760967664404263  0.000011562081813  0.859762883349271  2.847733066806208  14.379964452470045 -154.869829902461845
        0.000000002822822  3.375678789360351  23.346218987472110  13.229404044365030  6.760967664404263  0.000011562081813  0.859762883349271  2.847733066806208  14.379964452470045 -154.869829902461845
        0.000000000431635  3.375678789360351  23.346218987472110  13.229403847231550  6.760967765150532  0.000011562081813  0.859762883349271  2.847733066806208  14.379964452470045 -154.869829902461845
        0.000000000847346  3.375678789360351  23.346218987472110  13.229403847231550  6.760967664404263  0.000011576982974  0.859762883349271  2.847733066806208  14.379964452470045 -154.869829902461845
        0.000000008461193  3.375678789360351  23.346218987472110  13.229403847231550  6.760967664404263  0.000011562081813  0.859762898250433  2.847733066806208  14.379964452470045 -154.869829902461845
        0.000000010310938  3.375678789360351  23.346218987472110  13.229403847231550  6.760967664404263  0.000011562081813  0.859762883349271  2.847733109240738  14.379964452470045 -154.869829902461845
        0.000000008054252  3.375678789360351  23.346218987472110  13.229403847231550  6.760967664404263  0.000011562081813  0.859762883349271  2.847733066806208  14.379964666748213 -154.869829902461845
        0.000037770508295  3.375678789360351  23.346218987472110  13.229403847231550  6.760967664404263  0.000011562081813  0.859762883349271  2.847733066806208  14.379964452470045 -154.869832210202134
        0.000038115945978  3.375920722254324  23.330356156287763  13.220071727586662  6.761326918185286  0.000005000448301  0.859662760018478  2.847735169491042  14.373746812244429 -154.869829945851166
        0.000000255209133  3.375702663107791  23.344838827109978  13.228326669844568  6.764882451683206  0.000005521291618  0.859675468515626  2.847734470579103  14.379330484080484 -154.869829942704854
        0.000000725049729  3.375684696161603  23.345959763885698  13.229196401192400  6.762065642140498  0.000010960555740  0.859738787091327  2.847731452213365  14.379831054081379 -154.869829921072665
        0.000000016931892  3.375684746463225  23.345959763885698  13.229196401192400  6.762065642140498  0.000010960555740  0.859738787091327  2.847731452213365  14.379831054081379 -154.869829921072665
        0.000000015974427  3.375684696161603  23.345960111767607  13.229196401192400  6.762065642140498  0.000010960555740  0.859738787091327  2.847731452213365  14.379831054081379 -154.869829921072665
        0.000000002822843  3.375684696161603  23.345959763885698  13.229196598322789  6.762065642140498  0.000010960555740  0.859738787091327  2.847731452213365  14.379831054081379 -154.869829921072665
        0.000000000431592  3.375684696161603  23.345959763885698  13.229196401192400  6.762065742903128  0.000010960555740  0.859738787091327  2.847731452213365  14.379831054081379 -154.869829921072665
        0.000000000847508  3.375684696161603  23.345959763885698  13.229196401192400  6.762065642140498  0.000010975456901  0.859738787091327  2.847731452213365  14.379831054081379 -154.869829921072665
        0.000000008461580  3.375684696161603  23.345959763885698  13.229196401192400  6.762065642140498  0.000010960555740  0.859738801992489  2.847731452213365  14.379831054081379 -154.869829921072665
        0.000000010311214  3.375684696161603  23.345959763885698  13.229196401192400  6.762065642140498  0.000010960555740  0.859738787091327  2.847731494647870  14.379831054081379 -154.869829921072665
        0.000000008054374  3.375684696161603  23.345959763885698  13.229196401192400  6.762065642140498  0.000010960555740  0.859738787091327  2.847731452213365  14.379831268357560 -154.869829921072665
        0.000037770508279  3.375684696161603  23.345959763885698  13.229196401192400  6.762065642140498  0.000010960555740  0.859738787091327  2.847731452213365  14.379831054081379 -154.869832228812953
2022-08-18 09:33:40.844556
