/projects/wagner/highthroughput/mick_graphene_paper/3_data/kc_fitting_dft
2022-08-18 04:55:22.481718
energy_inf: -154.87065645278034
     2535.672725874616845  3.416084000000000  20.021583000000000  10.905510700000001  4.275635400000000  0.010010836000000  0.844712200000000  2.936058400000000  14.313258800000000 -154.870656452780338
        0.000000018717218  3.416084050903618  20.021583000000000  10.905510700000001  4.275635400000000  0.010010836000000  0.844712200000000  2.936058400000000  14.313258800000000 -154.870656452780338
        0.000000019282189  3.416084000000000  20.021583298344837  10.905510700000001  4.275635400000000  0.010010836000000  0.844712200000000  2.936058400000000  14.313258800000000 -154.870656452780338
        0.000000002760085  3.416084000000000  20.021583000000000  10.905510862504773  4.275635400000000  0.010010836000000  0.844712200000000  2.936058400000000  14.313258800000000 -154.870656452780338
        0.000000000499340  3.416084000000000  20.021583000000000  10.905510700000001  4.275635463711932  0.010010836000000  0.844712200000000  2.936058400000000  14.313258800000000 -154.870656452780338
        0.000000000455390  3.416084000000000  20.021583000000000  10.905510700000001  4.275635400000000  0.010010850901161  0.844712200000000  2.936058400000000  14.313258800000000 -154.870656452780338
        0.000000007626080  3.416084000000000  20.021583000000000  10.905510700000001  4.275635400000000  0.010010836000000  0.844712214901161  2.936058400000000  14.313258800000000 -154.870656452780338
        0.000000008542471  3.416084000000000  20.021583000000000  10.905510700000001  4.275635400000000  0.010010836000000  0.844712200000000  2.936058443750679  14.313258800000000 -154.870656452780338
        0.000000009622645  3.416084000000000  20.021583000000000  10.905510700000001  4.275635400000000  0.010010836000000  0.844712200000000  2.936058400000000  14.313259013284176 -154.870656452780338
        0.000037770100898  3.416084000000000  20.021583000000000  10.905510700000001  4.275635400000000  0.010010836000000  0.844712200000000  2.936058400000000  14.313258800000000 -154.870658760532962
        0.318994296804811  3.393607634676544  0.421973340113865  1.067975151710318  6.676693925670200  29.073089599652000  0.218874482992384  2.935370845409130  14.292331276850691 -154.870603649988510
        0.223144212474900  3.366805589455405  17.065628329947113  9.073222900242312  5.318671686810858  8.378445409355482  0.707301745030368  2.896716122190172  14.268239500900348 -154.870580230689768
        0.000000016897622  3.366805639624717  17.065628329947113  9.073222900242312  5.318671686810858  8.378445409355482  0.707301745030368  2.896716122190172  14.268239500900348 -154.870580230689768
        0.000000016015079  3.366805589455405  17.065628584244791  9.073222900242312  5.318671686810858  8.378445409355482  0.707301745030368  2.896716122190172  14.268239500900348 -154.870580230689768
        0.000000001972238  3.366805589455405  17.065628329947113  9.073223035443869  5.318671686810858  8.378445409355482  0.707301745030368  2.896716122190172  14.268239500900348 -154.870580230689768
        0.000000000235463  3.366805589455405  17.065628329947113  9.073222900242312  5.318671766065243  8.378445409355482  0.707301745030368  2.896716122190172  14.268239500900348 -154.870580230689768
        0.000000001943368  3.366805589455405  17.065628329947113  9.073222900242312  5.318671686810858  8.378445534204047  0.707301745030368  2.896716122190172  14.268239500900348 -154.870580230689768
        0.000000003864179  3.366805589455405  17.065628329947113  9.073222900242312  5.318671686810858  8.378445409355482  0.707301759931529  2.896716122190172  14.268239500900348 -154.870580230689768
        0.000000009507499  3.366805589455405  17.065628329947113  9.073222900242312  5.318671686810858  8.378445409355482  0.707301745030368  2.896716165354606  14.268239500900348 -154.870580230689768
        0.000000006287575  3.366805589455405  17.065628329947113  9.073222900242312  5.318671686810858  8.378445409355482  0.707301745030368  2.896716122190172  14.268239713513685 -154.870580230689768
        0.000037770897464  3.366805589455405  17.065628329947113  9.073222900242312  5.318671686810858  8.378445409355482  0.707301745030368  2.896716122190172  14.268239500900348 -154.870582538441255
        0.032336356277807  3.353928774743681  24.081427202253195  16.249066621685309  0.340727483576497  0.013277972715189  1.013515283461309  2.896008113255854  14.260966970210893 -154.870428505889834
        0.026001727476230  3.357854248035147  19.374334591143636  9.810203088032312  5.910169962071475  5.929870195330176  0.769549322996081  2.919862869676227  14.261161641810071 -154.870374261959682
        0.000000017160648  3.357854298071074  19.374334591143636  9.810203088032312  5.910169962071475  5.929870195330176  0.769549322996081  2.919862869676227  14.261161641810071 -154.870374261959682
        0.000000016108069  3.357854248035147  19.374334879843719  9.810203088032312  5.910169962071475  5.929870195330176  0.769549322996081  2.919862869676227  14.261161641810071 -154.870374261959682
        0.000000002223464  3.357854248035147  19.374334591143636  9.810203234215729  5.910169962071475  5.929870195330176  0.769549322996081  2.919862869676227  14.261161641810071 -154.870374261959682
        0.000000000300362  3.357854248035147  19.374334591143636  9.810203088032312  5.910170050139870  5.929870195330176  0.769549322996081  2.919862869676227  14.261161641810071 -154.870374261959682
        0.000000000968842  3.357854248035147  19.374334591143636  9.810203088032312  5.910169962071475  5.929870283692128  0.769549322996081  2.919862869676227  14.261161641810071 -154.870374261959682
        0.000000005217743  3.357854248035147  19.374334591143636  9.810203088032312  5.910169962071475  5.929870195330176  0.769549337897242  2.919862869676227  14.261161641810071 -154.870374261959682
        0.000000009693217  3.357854248035147  19.374334591143636  9.810203088032312  5.910169962071475  5.929870195330176  0.769549322996081  2.919862913185574  14.261161641810071 -154.870374261959682
        0.000000006491548  3.357854248035147  19.374334591143636  9.810203088032312  5.910169962071475  5.929870195330176  0.769549322996081  2.919862869676227  14.261161854317940 -154.870374261959682
        0.000037770988031  3.357854248035147  19.374334591143636  9.810203088032312  5.910169962071475  5.929870195330176  0.769549322996081  2.919862869676227  14.261161641810071 -154.870376569708100
        0.003412529599712  3.360233619557931  19.326085713839806  9.959322321691715  5.904605008105552  5.917389622937343  0.764993914475940  2.915489727026488  14.366838153136523 -154.870188085958802
        0.000000017110103  3.360233669629313  19.326085713839806  9.959322321691715  5.904605008105552  5.917389622937343  0.764993914475940  2.915489727026488  14.366838153136523 -154.870188085958802
        0.000000016138438  3.360233619557931  19.326086001820926  9.959322321691715  5.904605008105552  5.917389622937343  0.764993914475940  2.915489727026488  14.366838153136523 -154.870188085958802
        0.000000002222621  3.360233619557931  19.326085713839806  9.959322470097183  5.904605008105552  5.917389622937343  0.764993914475940  2.915489727026488  14.366838153136523 -154.870188085958802
        0.000000000300555  3.360233619557931  19.326085713839806  9.959322321691715  5.904605096091023  5.917389622937343  0.764993914475940  2.915489727026488  14.366838153136523 -154.870188085958802
        0.000000000981676  3.360233619557931  19.326085713839806  9.959322321691715  5.904605008105552  5.917389711113320  0.764993914475940  2.915489727026488  14.366838153136523 -154.870188085958802
        0.000000005283964  3.360233619557931  19.326085713839806  9.959322321691715  5.904605008105552  5.917389622937343  0.764993929377101  2.915489727026488  14.366838153136523 -154.870188085958802
        0.000000009732675  3.360233619557931  19.326085713839806  9.959322321691715  5.904605008105552  5.917389622937343  0.764993914475940  2.915489770470670  14.366838153136523 -154.870188085958802
        0.000000006628302  3.360233619557931  19.326085713839806  9.959322321691715  5.904605008105552  5.917389622937343  0.764993914475940  2.915489727026488  14.366838367219094 -154.870188085958802
        0.000037770843190  3.360233619557931  19.326085713839806  9.959322321691715  5.904605008105552  5.917389622937343  0.764993914475940  2.915489727026488  14.366838153136523 -154.870190393704434
        0.001655316255824  3.373207610473343  20.903085259917191  11.291955199690612  5.979376666589324  3.097779799269131  0.823945344943400  2.878912779911453  14.324221857128855 -154.869920456444106
        0.001559365926626  3.371771957136254  19.446660039489043  10.022662553137360  6.269374006429766  5.135112283084353  0.775414985003989  2.891266346934215  14.365441568600733 -154.869918421923018
        0.000000017143740  3.371772007379571  19.446660039489043  10.022662553137360  6.269374006429766  5.135112283084353  0.775414985003989  2.891266346934215  14.365441568600733 -154.869918421923018
        0.000000016179151  3.371771957136254  19.446660329266859  10.022662553137360  6.269374006429766  5.135112283084353  0.775414985003989  2.891266346934215  14.365441568600733 -154.869918421923018
        0.000000002314372  3.371771957136254  19.446660039489043  10.022662702486670  6.269374006429766  5.135112283084353  0.775414985003989  2.891266346934215  14.365441568600733 -154.869918421923018
        0.000000000337524  3.371771957136254  19.446660039489043  10.022662553137360  6.269374099850719  5.135112283084353  0.775414985003989  2.891266346934215  14.365441568600733 -154.869918421923018
        0.000000000714875  3.371771957136254  19.446660039489043  10.022662553137360  6.269374006429766  5.135112359603489  0.775414985003989  2.891266346934215  14.365441568600733 -154.869918421923018
        0.000000005847774  3.371771957136254  19.446660039489043  10.022662553137360  6.269374006429766  5.135112283084353  0.775414999905150  2.891266346934215  14.365441568600733 -154.869918421923018
        0.000000009901664  3.371771957136254  19.446660039489043  10.022662553137360  6.269374006429766  5.135112283084353  0.775414985003989  2.891266390017440  14.365441568600733 -154.869918421923018
        0.000000007052880  3.371771957136254  19.446660039489043  10.022662553137360  6.269374006429766  5.135112283084353  0.775414985003989  2.891266346934215  14.365441782662494 -154.869918421923018
        0.000037770600141  3.371771957136254  19.446660039489043  10.022662553137360  6.269374006429766  5.135112283084353  0.775414985003989  2.891266346934215  14.365441568600733 -154.869920729664642
        0.000618679456065  3.373877768633544  20.333682776186482  10.831082769808440  6.245395236626821  3.864679792306545  0.801518662553858  2.880326250674547  14.342647446971544 -154.869893985785836
        0.000432160566568  3.373871473878828  19.627053617789851  10.206111862975455  6.302887744251384  4.783564245600872  0.781443832497030  2.886048040978596  14.345177287620368 -154.869892899626450
        0.000000017139680  3.373871524153430  19.627053617789851  10.206111862975455  6.302887744251384  4.783564245600872  0.781443832497030  2.886048040978596  14.345177287620368 -154.869892899626450
        0.000000016167611  3.373871473878828  19.627053910255739  10.206111862975455  6.302887744251384  4.783564245600872  0.781443832497030  2.886048040978596  14.345177287620368 -154.869892899626450
        0.000000002348814  3.373871473878828  19.627053617789851  10.206112015058373  6.302887744251384  4.783564245600872  0.781443832497030  2.886048040978596  14.345177287620368 -154.869892899626450
        0.000000000343792  3.373871473878828  19.627053617789851  10.206111862975455  6.302887838171730  4.783564245600872  0.781443832497030  2.886048040978596  14.345177287620368 -154.869892899626450
        0.000000000598030  3.373871473878828  19.627053617789851  10.206111862975455  6.302887744251384  4.783564316881534  0.781443832497030  2.886048040978596  14.345177287620368 -154.869892899626450
        0.000000006064534  3.373871473878828  19.627053617789851  10.206111862975455  6.302887744251384  4.783564245600872  0.781443847398191  2.886048040978596  14.345177287620368 -154.869892899626450
        0.000000009938449  3.373871473878828  19.627053617789851  10.206111862975455  6.302887744251384  4.783564245600872  0.781443832497030  2.886048083984063  14.345177287620368 -154.869892899626450
        0.000000007158895  3.373871473878828  19.627053617789851  10.206111862975455  6.302887744251384  4.783564245600872  0.781443832497030  2.886048040978596  14.345177501380167 -154.869892899626450
        0.000037770573247  3.373871473878828  19.627053617789851  10.206111862975455  6.302887744251384  4.783564245600872  0.781443832497030  2.886048040978596  14.345177287620368 -154.869895207367676
        0.000036425711207  3.372765457480666  19.803997847284261  10.340975204724657  6.315863266118313  4.654426354058999  0.784511940520087  2.884917402773331  14.375497362338240 -154.869891232484605
        0.000000017125744  3.372765507738787  19.803997847284261  10.340975204724657  6.315863266118313  4.654426354058999  0.784511940520087  2.884917402773331  14.375497362338240 -154.869891232484605
        0.000000016155255  3.372765457480666  19.803998142386824  10.340975204724657  6.315863266118313  4.654426354058999  0.784511940520087  2.884917402773331  14.375497362338240 -154.869891232484605
        0.000000002362311  3.372765457480666  19.803997847284261  10.340975358817195  6.315863266118313  4.654426354058999  0.784511940520087  2.884917402773331  14.375497362338240 -154.869891232484605
        0.000000000344410  3.372765457480666  19.803997847284261  10.340975204724657  6.315863360232010  4.654426354058999  0.784511940520087  2.884917402773331  14.375497362338240 -154.869891232484605
        0.000000000550467  3.372765457480666  19.803997847284261  10.340975204724657  6.315863266118313  4.654426423415356  0.784511940520087  2.884917402773331  14.375497362338240 -154.869891232484605
        0.000000006143141  3.372765457480666  19.803997847284261  10.340975204724657  6.315863266118313  4.654426354058999  0.784511955421249  2.884917402773331  14.375497362338240 -154.869891232484605
        0.000000009965795  3.372765457480666  19.803997847284261  10.340975204724657  6.315863266118313  4.654426354058999  0.784511940520087  2.884917445761950  14.375497362338240 -154.869891232484605
        0.000000007165565  3.372765457480666  19.803997847284261  10.340975204724657  6.315863266118313  4.654426354058999  0.784511940520087  2.884917402773331  14.375497576549844 -154.869891232484605
        0.000037770571975  3.372765457480666  19.803997847284261  10.340975204724657  6.315863266118313  4.654426354058999  0.784511940520087  2.884917402773331  14.375497362338240 -154.869893540225831
        0.000057576622649  3.369483511533820  20.154452874731401  10.582785735085974  6.362807562573735  4.488303354767642  0.788981386120857  2.883496097081522  14.459979906920440 -154.869890851248357
        0.000000017096708  3.369483561743036  20.154452874731401  10.582785735085974  6.362807562573735  4.488303354767642  0.788981386120857  2.883496097081522  14.459979906920440 -154.869890851248357
        0.000000016132580  3.369483511533820  20.154453175056151  10.582785735085974  6.362807562573735  4.488303354767642  0.788981386120857  2.883496097081522  14.459979906920440 -154.869890851248357
        0.000000002381559  3.369483511533820  20.154452874731401  10.582785892781770  6.362807562573735  4.488303354767642  0.788981386120857  2.883496097081522  14.459979906920440 -154.869890851248357
        0.000000000345455  3.369483511533820  20.154452874731401  10.582785735085974  6.362807657386957  4.488303354767642  0.788981386120857  2.883496097081522  14.459979906920440 -154.869890851248357
        0.000000000482878  3.369483511533820  20.154452874731401  10.582785735085974  6.362807562573735  4.488303421648574  0.788981386120857  2.883496097081522  14.459979906920440 -154.869890851248357
        0.000000006253138  3.369483511533820  20.154452874731401  10.582785735085974  6.362807562573735  4.488303354767642  0.788981401022019  2.883496097081522  14.459979906920440 -154.869890851248357
        0.000000010028590  3.369483511533820  20.154452874731401  10.582785735085974  6.362807562573735  4.488303354767642  0.788981386120857  2.883496140048962  14.459979906920440 -154.869890851248357
        0.000000007144434  3.369483511533820  20.154452874731401  10.582785735085974  6.362807562573735  4.488303354767642  0.788981386120857  2.883496097081522  14.459980122390931 -154.869890851248357
        0.000037770571345  3.369483511533820  20.154452874731401  10.582785735085974  6.362807562573735  4.488303354767642  0.788981386120857  2.883496097081522  14.459979906920440 -154.869893158989555
        0.000018403267396  3.368681246707453  20.261527862006194  10.657526284440509  6.379070971159458  4.422770016885256  0.790427785389431  2.882933254850377  14.481716314393031 -154.869890356054441
        0.000000017088016  3.368681296904715  20.261527862006194  10.657526284440509  6.379070971159458  4.422770016885256  0.790427785389431  2.882933254850377  14.481716314393031 -154.869890356054441
        0.000000016125995  3.368681246707453  20.261528163926485  10.657526284440509  6.379070971159458  4.422770016885256  0.790427785389431  2.882933254850377  14.481716314393031 -154.869890356054441
        0.000000002388754  3.368681246707453  20.261527862006194  10.657526443250026  6.379070971159458  4.422770016885256  0.790427785389431  2.882933254850377  14.481716314393031 -154.869890356054441
        0.000000000346195  3.368681246707453  20.261527862006194  10.657526284440509  6.379071066215023  4.422770016885256  0.790427785389431  2.882933254850377  14.481716314393031 -154.869890356054441
        0.000000000458267  3.368681246707453  20.261527862006194  10.657526284440509  6.379070971159458  4.422770082789665  0.790427785389431  2.882933254850377  14.481716314393031 -154.869890356054441
        0.000000006294854  3.368681246707453  20.261527862006194  10.657526284440509  6.379070971159458  4.422770016885256  0.790427800290593  2.882933254850377  14.481716314393031 -154.869890356054441
        0.000000010046931  3.368681246707453  20.261527862006194  10.657526284440509  6.379070971159458  4.422770016885256  0.790427785389431  2.882933297809430  14.481716314393031 -154.869890356054441
        0.000000007144151  3.368681246707453  20.261527862006194  10.657526284440509  6.379070971159458  4.422770016885256  0.790427785389431  2.882933254850377  14.481716530187420 -154.869890356054441
        0.000037770570706  3.368681246707453  20.261527862006194  10.657526284440509  6.379070971159458  4.422770016885256  0.790427785389431  2.882933254850377  14.481716314393031 -154.869892663795639
        0.000229103496288  3.364160381533593  21.007379358415132  11.212494390105451  6.443854275735196  3.856337658715537  0.803023893945653  2.878950803265851  14.597970497098506 -154.869890466272210
        0.000191531307329  3.368983708814044  20.379103990086822  10.763159589427490  6.372886556340469  4.244894824303167  0.793881023619556  2.881748261303373  14.474565936210810 -154.869889904142298
        0.000000017082006  3.368983759015813  20.379103990086822  10.763159589427490  6.372886556340469  4.244894824303167  0.793881023619556  2.881748261303373  14.474565936210810 -154.869889904142298
        0.000000016117491  3.368983708814044  20.379104293759134  10.763159589427490  6.372886556340469  4.244894824303167  0.793881023619556  2.881748261303373  14.474565936210810 -154.869889904142298
        0.000000002404923  3.368983708814044  20.379103990086822  10.763159749811066  6.372886556340469  4.244894824303167  0.793881023619556  2.881748261303373  14.474565936210810 -154.869889904142298
        0.000000000347781  3.368983708814044  20.379103990086822  10.763159589427490  6.372886651303879  4.244894824303167  0.793881023619556  2.881748261303373  14.474565936210810 -154.869889904142298
        0.000000000402965  3.368983708814044  20.379103990086822  10.763159589427490  6.372886556340469  4.244894887557028  0.793881023619556  2.881748261303373  14.474565936210810 -154.869889904142298
        0.000000006387982  3.368983708814044  20.379103990086822  10.763159589427490  6.372886556340469  4.244894824303167  0.793881038520718  2.881748261303373  14.474565936210810 -154.869889904142298
        0.000000010052503  3.368983708814044  20.379103990086822  10.763159589427490  6.372886556340469  4.244894824303167  0.793881023619556  2.881748304244768  14.474565936210810 -154.869889904142298
        0.000000007179239  3.368983708814044  20.379103990086822  10.763159589427490  6.372886556340469  4.244894824303167  0.793881023619556  2.881748261303373  14.474566151898651 -154.869889904142298
        0.000037770570336  3.368983708814044  20.379103990086822  10.763159589427490  6.372886556340469  4.244894824303167  0.793881023619556  2.881748261303373  14.474565936210810 -154.869892211883496
        0.000071783243587  3.366536229818252  20.741578440257932  11.024865003546388  6.417316690871703  3.991352770011179  0.799408484969329  2.879954569009271  14.537330621537826 -154.869890045754744
        0.000000017056338  3.366536279983551  20.741578440257932  11.024865003546388  6.417316690871703  3.991352770011179  0.799408484969329  2.879954569009271  14.537330621537826 -154.869890045754744
        0.000000016095767  3.366536229818252  20.741578749331534  11.024865003546388  6.417316690871703  3.991352770011179  0.799408484969329  2.879954569009271  14.537330621537826 -154.869890045754744
        0.000000002431040  3.366536229818252  20.741578440257932  11.024865167829679  6.417316690871703  3.991352770011179  0.799408484969329  2.879954569009271  14.537330621537826 -154.869890045754744
        0.000000000350786  3.366536229818252  20.741578440257932  11.024865003546388  6.417316786497173  3.991352770011179  0.799408484969329  2.879954569009271  14.537330621537826 -154.869890045754744
        0.000000000317119  3.366536229818252  20.741578440257932  11.024865003546388  6.417316690871703  3.991352829486970  0.799408484969329  2.879954569009271  14.537330621537826 -154.869890045754744
        0.000000006537284  3.366536229818252  20.741578440257932  11.024865003546388  6.417316690871703  3.991352770011179  0.799408499870490  2.879954569009271  14.537330621537826 -154.869890045754744
        0.000000010106963  3.366536229818252  20.741578440257932  11.024865003546388  6.417316690871703  3.991352770011179  0.799408484969329  2.879954611923939  14.537330621537826 -154.869890045754744
        0.000000007184291  3.366536229818252  20.741578440257932  11.024865003546388  6.417316690871703  3.991352770011179  0.799408484969329  2.879954569009271  14.537330838160933 -154.869890045754744
        0.000037770570624  3.366536229818252  20.741578440257932  11.024865003546388  6.417316690871703  3.991352770011179  0.799408484969329  2.879954569009271  14.537330621537826 -154.869892353495942
        0.000021787937867  3.366013500934027  20.811949051275825  11.073738300786696  6.427886934573528  3.948751629484462  0.800278458266708  2.879533291938610  14.552185212916021 -154.869889346599791
        0.000000017049733  3.366013551091537  20.811949051275825  11.073738300786696  6.427886934573528  3.948751629484462  0.800278458266708  2.879533291938610  14.552185212916021 -154.869889346599791
        0.000000016091507  3.366013500934027  20.811949361398032  11.073738300786696  6.427886934573528  3.948751629484462  0.800278458266708  2.879533291938610  14.552185212916021 -154.869889346599791
        0.000000002435686  3.366013500934027  20.811949051275825  11.073738465798256  6.427886934573528  3.948751629484462  0.800278458266708  2.879533291938610  14.552185212916021 -154.869889346599791
        0.000000000351367  3.366013500934027  20.811949051275825  11.073738300786696  6.427887030356508  3.948751629484462  0.800278458266708  2.879533291938610  14.552185212916021 -154.869889346599791
        0.000000000303114  3.366013500934027  20.811949051275825  11.073738300786696  6.427886934573528  3.948751688325447  0.800278458266708  2.879533291938610  14.552185212916021 -154.869889346599791
        0.000000006563788  3.366013500934027  20.811949051275825  11.073738300786696  6.427886934573528  3.948751629484462  0.800278473167869  2.879533291938610  14.552185212916021 -154.869889346599791
        0.000000010118821  3.366013500934027  20.811949051275825  11.073738300786696  6.427886934573528  3.948751629484462  0.800278458266708  2.879533334846999  14.552185212916021 -154.869889346599791
        0.000000007184277  3.366013500934027  20.811949051275825  11.073738300786696  6.427886934573528  3.948751629484462  0.800278458266708  2.879533291938610  14.552185429760478 -154.869889346599791
        0.000037770569827  3.366013500934027  20.811949051275825  11.073738300786696  6.427886934573528  3.948751629484462  0.800278458266708  2.879533291938610  14.552185212916021 -154.869891654340989
        0.000064419245751  3.366251500380089  21.056474476483089  11.283820761970295  6.425772855508544  3.611079588504346  0.806618097250583  2.877400701873121  14.546059305204823 -154.869889198130750
        0.000000017037767  3.366251550541145  21.056474476483089  11.283820761970295  6.425772855508544  3.611079588504346  0.806618097250583  2.877400701873121  14.546059305204823 -154.869889198130750
        0.000000016076211  3.366251500380089  21.056474790249009  11.283820761970295  6.425772855508544  3.611079588504346  0.806618097250583  2.877400701873121  14.546059305204823 -154.869889198130750
        0.000000002466802  3.366251500380089  21.056474476483089  11.283820930112327  6.425772855508544  3.611079588504346  0.806618097250583  2.877400701873121  14.546059305204823 -154.869889198130750
        0.000000000355680  3.366251500380089  21.056474476483089  11.283820761970295  6.425772951260021  3.611079588504346  0.806618097250583  2.877400701873121  14.546059305204823 -154.869889198130750
        0.000000000216492  3.366251500380089  21.056474476483089  11.283820761970295  6.425772855508544  3.611079642313625  0.806618097250583  2.877400701873121  14.546059305204823 -154.869889198130750
        0.000000006739906  3.366251500380089  21.056474476483089  11.283820761970295  6.425772855508544  3.611079588504346  0.806618112151744  2.877400701873121  14.546059305204823 -154.869889198130750
        0.000000010132770  3.366251500380089  21.056474476483089  11.283820761970295  6.425772855508544  3.611079588504346  0.806618097250583  2.877400744749733  14.546059305204823 -154.869889198130750
        0.000000007244699  3.366251500380089  21.056474476483089  11.283820761970295  6.425772855508544  3.611079588504346  0.806618097250583  2.877400701873121  14.546059521957996 -154.869889198130750
        0.000037770569345  3.366251500380089  21.056474476483089  11.283820761970295  6.425772855508544  3.611079588504346  0.806618097250583  2.877400701873121  14.546059305204823 -154.869891505871919
        0.000021484884307  3.366115202698925  21.114883348983359  11.329613545484673  6.429292582110723  3.548594655581804  0.807771334553234  2.876897674289961  14.550454358347126 -154.869888680971513
        0.000000017032809  3.366115252857951  21.114883348983359  11.329613545484673  6.429292582110723  3.548594655581804  0.807771334553234  2.876897674289961  14.550454358347126 -154.869888680971513
        0.000000016072247  3.366115202698925  21.114883663619640  11.329613545484673  6.429292582110723  3.548594655581804  0.807771334553234  2.876897674289961  14.550454358347126 -154.869888680971513
        0.000000002472838  3.366115202698925  21.114883348983359  11.329613714309071  6.429292582110723  3.548594655581804  0.807771334553234  2.876897674289961  14.550454358347126 -154.869888680971513
        0.000000000356582  3.366115202698925  21.114883348983359  11.329613545484673  6.429292677914648  3.548594655581804  0.807771334553234  2.876897674289961  14.550454358347126 -154.869888680971513
        0.000000000203141  3.366115202698925  21.114883348983359  11.329613545484673  6.429292582110723  3.548594708459985  0.807771334553234  2.876897674289961  14.550454358347126 -154.869888680971513
        0.000000006773964  3.366115202698925  21.114883348983359  11.329613545484673  6.429292582110723  3.548594655581804  0.807771349454395  2.876897674289961  14.550454358347126 -154.869888680971513
        0.000000010138727  3.366115202698925  21.114883348983359  11.329613545484673  6.429292582110723  3.548594655581804  0.807771334553234  2.876897717159077  14.550454358347126 -154.869888680971513
        0.000000007253625  3.366115202698925  21.114883348983359  11.329613545484673  6.429292582110723  3.548594655581804  0.807771334553234  2.876897674289961  14.550454575165793 -154.869888680971513
        0.000037770568822  3.366115202698925  21.114883348983359  11.329613545484673  6.429292582110723  3.548594655581804  0.807771334553234  2.876897674289961  14.550454358347126 -154.869890988712683
        0.000180857850097  3.363602220487470  21.745260370512273  11.803249406639491  6.509048634685770  2.954488251140721  0.818718359395466  2.873110838809024  14.614208801172435 -154.869889276328792
        0.000141493165440  3.366118512945329  21.239120520871325  11.429374339162843  6.445314305706233  3.387675419102604  0.810487628488945  2.875894602990616  14.550253504269671 -154.869888624327956
        0.000000017026364  3.366118563104404  21.239120520871325  11.429374339162843  6.445314305706233  3.387675419102604  0.810487628488945  2.875894602990616  14.550253504269671 -154.869888624327956
        0.000000016065033  3.366118512945329  21.239120837358882  11.429374339162843  6.445314305706233  3.387675419102604  0.810487628488945  2.875894602990616  14.550253504269671 -154.869888624327956
        0.000000002487903  3.366118512945329  21.239120520871325  11.429374509473792  6.445314305706233  3.387675419102604  0.810487628488945  2.875894602990616  14.550253504269671 -154.869888624327956
        0.000000000359211  3.366118512945329  21.239120520871325  11.429374339162843  6.445314401748901  3.387675419102604  0.810487628488945  2.875894602990616  14.550253504269671 -154.869888624327956
        0.000000000176777  3.366118512945329  21.239120520871325  11.429374339162843  6.445314305706233  3.387675469582901  0.810487628488945  2.875894602990616  14.550253504269671 -154.869888624327956
        0.000000006861866  3.366118512945329  21.239120520871325  11.429374339162843  6.445314305706233  3.387675419102604  0.810487643390106  2.875894602990616  14.550253504269671 -154.869888624327956
        0.000000010150094  3.366118512945329  21.239120520871325  11.429374339162843  6.445314305706233  3.387675419102604  0.810487628488945  2.875894645844785  14.550253504269671 -154.869888624327956
        0.000000007280793  3.366118512945329  21.239120520871325  11.429374339162843  6.445314305706233  3.387675419102604  0.810487628488945  2.875894602990616  14.550253721085344 -154.869888624327956
        0.000037770568881  3.366118512945329  21.239120520871325  11.429374339162843  6.445314305706233  3.387675419102604  0.810487628488945  2.875894602990616  14.550253504269671 -154.869890932069126
        0.000064320573228  3.363443087169637  21.598108642042831  11.680975267978294  6.496626365091997  3.160944117007047  0.815133384111144  2.874241828588251  14.620052742531179 -154.869888313329426
        0.000000017000862  3.363443137288844  21.598108642042831  11.680975267978294  6.496626365091997  3.160944117007047  0.815133384111144  2.874241828588251  14.620052742531179 -154.869888313329426
        0.000000016046635  3.363443087169637  21.598108963879728  11.680975267978294  6.496626365091997  3.160944117007047  0.815133384111144  2.874241828588251  14.620052742531179 -154.869888313329426
        0.000000002511429  3.363443087169637  21.598108642042831  11.680975442038390  6.496626365091997  3.160944117007047  0.815133384111144  2.874241828588251  14.620052742531179 -154.869888313329426
        0.000000000363151  3.363443087169637  21.598108642042831  11.680975267978294  6.496626461899274  3.160944117007047  0.815133384111144  2.874241828588251  14.620052742531179 -154.869888313329426
        0.000000000167605  3.363443087169637  21.598108642042831  11.680975267978294  6.496626365091997  3.160944164108785  0.815133384111144  2.874241828588251  14.620052742531179 -154.869888313329426
        0.000000006992551  3.363443087169637  21.598108642042831  11.680975267978294  6.496626365091997  3.160944117007047  0.815133399012305  2.874241828588251  14.620052742531179 -154.869888313329426
        0.000000010205168  3.363443087169637  21.598108642042831  11.680975267978294  6.496626365091997  3.160944117007047  0.815133384111144  2.874241871417791  14.620052742531179 -154.869888313329426
        0.000000007276588  3.363443087169637  21.598108642042831  11.680975267978294  6.496626365091997  3.160944117007047  0.815133384111144  2.874241828588251  14.620052960386941 -154.869888313329426
        0.000037770568777  3.363443087169637  21.598108642042831  11.680975267978294  6.496626365091997  3.160944117007047  0.815133384111144  2.874241828588251  14.620052742531179 -154.869890621070596
        0.000018756960674  3.363050633568689  21.661391775791309  11.724832971722673  6.509348700346282  3.116224596415188  0.815878657909485  2.873848756615604  14.631424227676032 -154.869887748959542
        0.000000016995707  3.363050683682049  21.661391775791309  11.724832971722673  6.509348700346282  3.116224596415188  0.815878657909485  2.873848756615604  14.631424227676032 -154.869887748959542
        0.000000016043591  3.363050633568689  21.661392098571199  11.724832971722673  6.509348700346282  3.116224596415188  0.815878657909485  2.873848756615604  14.631424227676032 -154.869887748959542
        0.000000002516062  3.363050633568689  21.661391775791309  11.724833146436300  6.509348700346282  3.116224596415188  0.815878657909485  2.873848756615604  14.631424227676032 -154.869887748959542
        0.000000000364019  3.363050633568689  21.661391775791309  11.724832971722673  6.509348797343136  3.116224596415188  0.815878657909485  2.873848756615604  14.631424227676032 -154.869887748959542
        0.000000000171000  3.363050633568689  21.661391775791309  11.724832971722673  6.509348700346282  3.116224642850553  0.815878657909485  2.873848756615604  14.631424227676032 -154.869887748959542
        0.000000007019473  3.363050633568689  21.661391775791309  11.724832971722673  6.509348700346282  3.116224596415188  0.815878672810646  2.873848756615604  14.631424227676032 -154.869887748959542
        0.000000010215520  3.363050633568689  21.661391775791309  11.724832971722673  6.509348700346282  3.116224596415188  0.815878657909485  2.873848799439287  14.631424227676032 -154.869887748959542
        0.000000007278676  3.363050633568689  21.661391775791309  11.724832971722673  6.509348700346282  3.116224596415188  0.815878657909485  2.873848756615604  14.631424445701242 -154.869887748959542
        0.000037770568072  3.363050633568689  21.661391775791309  11.724832971722673  6.509348700346282  3.116224596415188  0.815878657909485  2.873848756615604  14.631424227676032 -154.869890056700712
        0.000057359584959  3.363325083048248  21.880867303869199  11.908850589875213  6.520419386748866  2.807398294784492  0.821125033471428  2.871943316721464  14.624110917859037 -154.869887668562171
        0.000000016985455  3.363325133165697  21.880867303869199  11.908850589875213  6.520419386748866  2.807398294784492  0.821125033471428  2.871943316721464  14.624110917859037 -154.869887668562171
        0.000000016031788  3.363325083048248  21.880867629919528  11.908850589875213  6.520419386748866  2.807398294784492  0.821125033471428  2.871943316721464  14.624110917859037 -154.869887668562171
        0.000000002544718  3.363325083048248  21.880867303869199  11.908850767330915  6.520419386748866  2.807398294784492  0.821125033471428  2.871943316721464  14.624110917859037 -154.869887668562171
        0.000000000369452  3.363325083048248  21.880867303869199  11.908850589875213  6.520419483910686  2.807398294784492  0.821125033471428  2.871943316721464  14.624110917859037 -154.869887668562171
        0.000000000221328  3.363325083048248  21.880867303869199  11.908850589875213  6.520419386748866  2.807398336617986  0.821125033471428  2.871943316721464  14.624110917859037 -154.869887668562171
        0.000000007180686  3.363325083048248  21.880867303869199  11.908850589875213  6.520419386748866  2.807398294784492  0.821125048372590  2.871943316721464  14.624110917859037 -154.869887668562171
        0.000000010228135  3.363325083048248  21.880867303869199  11.908850589875213  6.520419386748866  2.807398294784492  0.821125033471428  2.871943359516754  14.624110917859037 -154.869887668562171
        0.000000007334377  3.363325083048248  21.880867303869199  11.908850589875213  6.520419386748866  2.807398294784492  0.821125033471428  2.871943316721464  14.624111135775271 -154.869887668562171
        0.000037770568181  3.363325083048248  21.880867303869199  11.908850589875213  6.520419386748866  2.807398294784492  0.821125033471428  2.871943316721464  14.624110917859037 -154.869889976303341
        0.000024332275449  3.362598842170562  21.979607475186789  11.976747200634019  6.538845949391530  2.745794583681804  0.822227906884185  2.871411960677299  14.644068092623369 -154.869887056580296
        0.000000016977535  3.362598892277190  21.979607475186789  11.976747200634019  6.538845949391530  2.745794583681804  0.822227906884185  2.871411960677299  14.644068092623369 -154.869887056580296
        0.000000016027017  3.362598842170562  21.979607802708465  11.976747200634019  6.538845949391530  2.745794583681804  0.822227906884185  2.871411960677299  14.644068092623369 -154.869887056580296
        0.000000002551087  3.362598842170562  21.979607475186789  11.976747379101459  6.538845949391530  2.745794583681804  0.822227906884185  2.871411960677299  14.644068092623369 -154.869887056580296
        0.000000000370739  3.362598842170562  21.979607475186789  11.976747200634019  6.538846046827928  2.745794583681804  0.822227906884185  2.871411960677299  14.644068092623369 -154.869887056580296
        0.000000000237324  3.362598842170562  21.979607475186789  11.976747200634019  6.538845949391530  2.745794624597332  0.822227906884185  2.871411960677299  14.644068092623369 -154.869887056580296
        0.000000007216905  3.362598842170562  21.979607475186789  11.976747200634019  6.538845949391530  2.745794583681804  0.822227921785346  2.871411960677299  14.644068092623369 -154.869887056580296
        0.000000010244331  3.362598842170562  21.979607475186789  11.976747200634019  6.538845949391530  2.745794583681804  0.822227906884185  2.871412003464672  14.644068092623369 -154.869887056580296
        0.000000007333638  3.362598842170562  21.979607475186789  11.976747200634019  6.538845949391530  2.745794583681804  0.822227906884185  2.871411960677299  14.644068310836989 -154.869887056580296
        0.000037770567100  3.362598842170562  21.979607475186789  11.976747200634019  6.538845949391530  2.745794583681804  0.822227906884185  2.871411960677299  14.644068092623369 -154.869889364321438
        0.000155960740374  3.357151795433261  22.707444255598880  12.475631243174922  6.676023798747463  2.290962174416325  0.830406642434310  2.868358975459481  14.785794254640699 -154.869887221049453
        0.000118708676967  3.362639848462815  22.089440353964996  12.065684872536579  6.551756456159170  2.600260968475714  0.824555094448459  2.870495543523504  14.643088970466167 -154.869886938251881
        0.000000016971977  3.362639898570053  22.089440353964996  12.065684872536579  6.551756456159170  2.600260968475714  0.824555094448459  2.870495543523504  14.643088970466167 -154.869886938251881
        0.000000016021477  3.362639848462815  22.089440683123307  12.065684872536579  6.551756456159170  2.600260968475714  0.824555094448459  2.870495543523504  14.643088970466167 -154.869886938251881
        0.000000002564709  3.362639848462815  22.089440353964996  12.065685052329295  6.551756456159170  2.600260968475714  0.824555094448459  2.870495543523504  14.643088970466167 -154.869886938251881
        0.000000000373528  3.362639848462815  22.089440353964996  12.065684872536579  6.551756553787949  2.600260968475714  0.824555094448459  2.870495543523504  14.643088970466167 -154.869886938251881
        0.000000000275666  3.362639848462815  22.089440353964996  12.065684872536579  6.551756456159170  2.600261007222622  0.824555094448459  2.870495543523504  14.643088970466167 -154.869886938251881
        0.000000007294613  3.362639848462815  22.089440353964996  12.065684872536579  6.551756456159170  2.600260968475714  0.824555109349620  2.870495543523504  14.643088970466167 -154.869886938251881
        0.000000010253004  3.362639848462815  22.089440353964996  12.065684872536579  6.551756456159170  2.600260968475714  0.824555094448459  2.870495586297221  14.643088970466167 -154.869886938251881
        0.000000007358580  3.362639848462815  22.089440353964996  12.065684872536579  6.551756456159170  2.600260968475714  0.824555094448459  2.870495543523504  14.643089188665195 -154.869886938251881
        0.000037770567069  3.362639848462815  22.089440353964996  12.065684872536579  6.551756456159170  2.600260968475714  0.824555094448459  2.870495543523504  14.643088970466167 -154.869889245993022
        0.000061821154598  3.360530191327004  22.422944047722250  12.302516222709043  6.601491707985958  2.357443455519478  0.828922555814918  2.868852370382387  14.698412318474698 -154.869886730611171
        0.000000016950373  3.360530241402806  22.422944047722250  12.302516222709043  6.601491707985958  2.357443455519478  0.828922555814918  2.868852370382387  14.698412318474698 -154.869886730611171
        0.000000016006956  3.360530191327004  22.422944381850154  12.302516222709043  6.601491707985958  2.357443455519478  0.828922555814918  2.868852370382387  14.698412318474698 -154.869886730611171
        0.000000002588918  3.360530191327004  22.422944047722250  12.302516406030820  6.601491707985958  2.357443455519478  0.828922555814918  2.868852370382387  14.698412318474698 -154.869886730611171
        0.000000000378722  3.360530191327004  22.422944047722250  12.302516222709043  6.601491806355850  2.357443455519478  0.828922555814918  2.868852370382387  14.698412318474698 -154.869886730611171
        0.000000000349262  3.360530191327004  22.422944047722250  12.302516222709043  6.601491707985958  2.357443490648123  0.828922555814918  2.868852370382387  14.698412318474698 -154.869886730611171
        0.000000007427845  3.360530191327004  22.422944047722250  12.302516222709043  6.601491707985958  2.357443455519478  0.828922570716079  2.868852370382387  14.698412318474698 -154.869886730611171
        0.000000010299413  3.360530191327004  22.422944047722250  12.302516222709043  6.601491707985958  2.357443455519478  0.828922555814918  2.868852413131619  14.698412318474698 -154.869886730611171
        0.000000007364790  3.360530191327004  22.422944047722250  12.302516222709043  6.601491707985958  2.357443455519478  0.828922555814918  2.868852370382387  14.698412537498109 -154.869886730611171
        0.000037770567006  3.360530191327004  22.422944047722250  12.302516222709043  6.601491707985958  2.357443455519478  0.828922555814918  2.868852370382387  14.698412318474698 -154.869889038352312
        0.000019408295097  3.360125742157979  22.480312487390574  12.340460487420623  6.618873622906209  2.321343354134099  0.829386640283681  2.868538171984894  14.709965815494762 -154.869886190653318
        0.000000016945752  3.360125792227755  22.480312487390574  12.340460487420623  6.618873622906209  2.321343354134099  0.829386640283681  2.868538171984894  14.709965815494762 -154.869886190653318
        0.000000016004731  3.360125742157979  22.480312822373335  12.340460487420623  6.618873622906209  2.321343354134099  0.829386640283681  2.868538171984894  14.709965815494762 -154.869886190653318
        0.000000002592604  3.360125742157979  22.480312487390574  12.340460671307815  6.618873622906209  2.321343354134099  0.829386640283681  2.868538171984894  14.709965815494762 -154.869886190653318
        0.000000000379469  3.360125742157979  22.480312487390574  12.340460487420623  6.618873721535111  2.321343354134099  0.829386640283681  2.868538171984894  14.709965815494762 -154.869886190653318
        0.000000000361812  3.360125742157979  22.480312487390574  12.340460487420623  6.618873622906209  2.321343388724811  0.829386640283681  2.868538171984894  14.709965815494762 -154.869886190653318
        0.000000007450638  3.360125742157979  22.480312487390574  12.340460487420623  6.618873622906209  2.321343354134099  0.829386655184842  2.868538171984894  14.709965815494762 -154.869886190653318
        0.000000010310285  3.360125742157979  22.480312487390574  12.340460487420623  6.618873622906209  2.321343354134099  0.829386640283681  2.868538214729444  14.709965815494762 -154.869886190653318
        0.000000007364922  3.360125742157979  22.480312487390574  12.340460487420623  6.618873622906209  2.321343354134099  0.829386640283681  2.868538171984894  14.709966034690334 -154.869886190653318
        0.000037770566437  3.360125742157979  22.480312487390574  12.340460487420623  6.618873622906209  2.321343354134099  0.829386640283681  2.868538171984894  14.709965815494762 -154.869888498394459
        0.000053371426931  3.360112921964997  22.689715835251523  12.508643592371795  6.643745644022107  2.051073850751351  0.833592181330266  2.866894606585380  14.709963339755067 -154.869886264914697
        0.000000016935719  3.360112972034581  22.689715835251523  12.508643592371795  6.643745644022107  2.051073850751351  0.833592181330266  2.866894606585380  14.709963339755067 -154.869886264914697
        0.000000015995481  3.360112921964997  22.689716173354636  12.508643592371795  6.643745644022107  2.051073850751351  0.833592181330266  2.866894606585380  14.709963339755067 -154.869886264914697
        0.000000002617885  3.360112921964997  22.689715835251523  12.508643778765110  6.643745644022107  2.051073850751351  0.833592181330266  2.866894606585380  14.709963339755067 -154.869886264914697
        0.000000000385098  3.360112921964997  22.689715835251523  12.508643592371795  6.643745743021632  2.051073850751351  0.833592181330266  2.866894606585380  14.709963339755067 -154.869886264914697
        0.000000000446440  3.360112921964997  22.689715835251523  12.508643592371795  6.643745644022107  2.051073881314733  0.833592181330266  2.866894606585380  14.709963339755067 -154.869886264914697
        0.000000007593091  3.360112921964997  22.689715835251523  12.508643592371795  6.643745644022107  2.051073850751351  0.833592196231427  2.866894606585380  14.709963339755067 -154.869886264914697
        0.000000010326362  3.360112921964997  22.689715835251523  12.508643592371795  6.643745644022107  2.051073850751351  0.833592181330266  2.866894649305439  14.709963339755067 -154.869886264914697
        0.000000007409233  3.360112921964997  22.689715835251523  12.508643592371795  6.643745644022107  2.051073850751351  0.833592181330266  2.866894606585380  14.709963558950601 -154.869886264914697
        0.000037770566641  3.360112921964997  22.689715835251523  12.508643592371795  6.643745644022107  2.051073850751351  0.833592181330266  2.866894606585380  14.709963339755067 -154.869888572655839
        0.000026025002361  3.359692212365555  22.761171517603056  12.559030623357431  6.657945403738532  1.997743614815121  0.834419936989979  2.866450532940532  14.721942903913268 -154.869885688774957
        0.000000016930366  3.359692262428871  22.761171517603056  12.559030623357431  6.657945403738532  1.997743614815121  0.834419936989979  2.866450532940532  14.721942903913268 -154.869885688774957
        0.000000015992539  3.359692212365555  22.761171856770943  12.559030623357431  6.657945403738532  1.997743614815121  0.834419936989979  2.866450532940532  14.721942903913268 -154.869885688774957
        0.000000002623180  3.359692212365555  22.761171517603056  12.559030810501572  6.657945403738532  1.997743614815121  0.834419936989979  2.866450532940532  14.721942903913268 -154.869885688774957
        0.000000000386340  3.359692212365555  22.761171517603056  12.559030623357431  6.657945502949650  1.997743614815121  0.834419936989979  2.866450532940532  14.721942903913268 -154.869885688774957
        0.000000000464380  3.359692212365555  22.761171517603056  12.559030623357431  6.657945403738532  1.997743644583820  0.834419936989979  2.866450532940532  14.721942903913268 -154.869885688774957
        0.000000007623283  3.359692212365555  22.761171517603056  12.559030623357431  6.657945403738532  1.997743614815121  0.834419951891140  2.866450532940532  14.721942903913268 -154.869885688774957
        0.000000010337231  3.359692212365555  22.761171517603056  12.559030623357431  6.657945403738532  1.997743614815121  0.834419936989979  2.866450575653973  14.721942903913268 -154.869885688774957
        0.000000007411706  3.359692212365555  22.761171517603056  12.559030623357431  6.657945403738532  1.997743614815121  0.834419936989979  2.866450532940532  14.721943123287312 -154.869885688774957
        0.000037770566082  3.359692212365555  22.761171517603056  12.559030623357431  6.657945403738532  1.997743614815121  0.834419936989979  2.866450532940532  14.721942903913268 -154.869887996516098
        0.000112867585398  3.357873837527974  23.262308386967153  12.932169793623778  6.737465084154865  1.512380724812319  0.841993784412606  2.863431411584286  14.769230221072059 -154.869885786250791
        0.000000016903713  3.357873887564193  23.262308386967153  12.932169793623778  6.737465084154865  1.512380724812319  0.841993784412606  2.863431411584286  14.769230221072059 -154.869885786250791
        0.000000015973608  3.357873837527974  23.262308733602559  12.932169793623778  6.737465084154865  1.512380724812319  0.841993784412606  2.863431411584286  14.769230221072059 -154.869885786250791
        0.000000002669597  3.357873837527974  23.262308386967153  12.932169986328125  6.737465084154865  1.512380724812319  0.841993784412606  2.863431411584286  14.769230221072059 -154.869885786250791
        0.000000000397444  3.357873837527974  23.262308386967153  12.932169793623778  6.737465184550918  1.512380724812319  0.841993784412606  2.863431411584286  14.769230221072059 -154.869885786250791
        0.000000000625274  3.357873837527974  23.262308386967153  12.932169793623778  6.737465084154865  1.512380747348548  0.841993784412606  2.863431411584286  14.769230221072059 -154.869885786250791
        0.000000007881467  3.357873837527974  23.262308386967153  12.932169793623778  6.737465084154865  1.512380724812319  0.841993799313767  2.863431411584286  14.769230221072059 -154.869885786250791
        0.000000010394259  3.357873837527974  23.262308386967153  12.932169793623778  6.737465084154865  1.512380724812319  0.841993784412606  2.863431454252740  14.769230221072059 -154.869885786250791
        0.000000007460955  3.357873837527974  23.262308386967153  12.932169793623778  6.737465084154865  1.512380724812319  0.841993784412606  2.863431411584286  14.769230441150739 -154.869885786250791
        0.000037770566494  3.357873837527974  23.262308386967153  12.932169793623778  6.737465084154865  1.512380724812319  0.841993784412606  2.863431411584286  14.769230221072059 -154.869888093991932
        0.000052513290762  3.357849838446917  23.273080336236944  12.940044984456270  6.739658868232483  1.503643265386062  0.842022857591558  2.863173222365830  14.772080277659629 -154.869884500445750
        0.000000016900318  3.357849888482779  23.273080336236944  12.940044984456270  6.739658868232483  1.503643265386062  0.842022857591558  2.863173222365830  14.772080277659629 -154.869884500445750
        0.000000015973055  3.357849838446917  23.273080683032866  12.940044984456270  6.739658868232483  1.503643265386062  0.842022857591558  2.863173222365830  14.772080277659629 -154.869884500445750
        0.000000002670554  3.357849838446917  23.273080336236944  12.940045177277966  6.739658868232483  1.503643265386062  0.842022857591558  2.863173222365830  14.772080277659629 -154.869884500445750
        0.000000000397709  3.357849838446917  23.273080336236944  12.940044984456270  6.739658968661226  1.503643265386062  0.842022857591558  2.863173222365830  14.772080277659629 -154.869884500445750
        0.000000000628201  3.357849838446917  23.273080336236944  12.940044984456270  6.739658868232483  1.503643287792093  0.842022857591558  2.863173222365830  14.772080277659629 -154.869884500445750
        0.000000007887882  3.357849838446917  23.273080336236944  12.940044984456270  6.739658868232483  1.503643265386062  0.842022872492719  2.863173222365830  14.772080277659629 -154.869884500445750
        0.000000010396618  3.357849838446917  23.273080336236944  12.940044984456270  6.739658868232483  1.503643265386062  0.842022857591558  2.863173265030436  14.772080277659629 -154.869884500445750
        0.000000007463564  3.357849838446917  23.273080336236944  12.940044984456270  6.739658868232483  1.503643265386062  0.842022857591558  2.863173222365830  14.772080497780779 -154.869884500445750
        0.000037770564699  3.357849838446917  23.273080336236944  12.940044984456270  6.739658868232483  1.503643265386062  0.842022857591558  2.863173222365830  14.772080277659629 -154.869886808186862
        0.000037384775318  3.359002067567741  23.276934179796132  12.959474705524668  6.742130380019014  1.396164057527349  0.843278262873578  2.862459615349262  14.742544415396447 -154.869883794966910
        0.000000016902189  3.359002117620772  23.276934179796132  12.959474705524668  6.742130380019014  1.396164057527349  0.843278262873578  2.862459615349262  14.742544415396447 -154.869883794966910
        0.000000015972147  3.359002067567741  23.276934526649480  12.959474705524668  6.742130380019014  1.396164057527349  0.843278262873578  2.862459615349262  14.742544415396447 -154.869883794966910
        0.000000002680147  3.359002067567741  23.276934179796132  12.959474898635889  6.742130380019014  1.396164057527349  0.843278262873578  2.862459615349262  14.742544415396447 -154.869883794966910
        0.000000000399817  3.359002067567741  23.276934179796132  12.959474705524668  6.742130480484586  1.396164057527349  0.843278262873578  2.862459615349262  14.742544415396447 -154.869883794966910
        0.000000000664173  3.359002067567741  23.276934179796132  12.959474705524668  6.742130380019014  1.396164078331815  0.843278262873578  2.862459615349262  14.742544415396447 -154.869883794966910
        0.000000007946077  3.359002067567741  23.276934179796132  12.959474705524668  6.742130380019014  1.396164057527349  0.843278277774740  2.862459615349262  14.742544415396447 -154.869883794966910
        0.000000010388313  3.359002067567741  23.276934179796132  12.959474705524668  6.742130380019014  1.396164057527349  0.843278262873578  2.862459658003234  14.742544415396447 -154.869883794966910
        0.000000007500807  3.359002067567741  23.276934179796132  12.959474705524668  6.742130380019014  1.396164057527349  0.843278262873578  2.862459615349262  14.742544635077477 -154.869883794966910
        0.000037770564195  3.359002067567741  23.276934179796132  12.959474705524668  6.742130380019014  1.396164057527349  0.843278262873578  2.862459615349262  14.742544415396447 -154.869886102708023
        0.000036034294139  3.361037213469603  23.277637219908041  12.991869261986569  6.734129824647231  1.210425086792322  0.845590360614359  2.861499012765885  14.687644643809882 -154.869884505122059
        0.000000016906455  3.361037263552960  23.277637219908041  12.991869261986569  6.734129824647231  1.210425086792322  0.845590360614359  2.861499012765885  14.687644643809882 -154.869884505122059
        0.000000015970746  3.361037213469603  23.277637566771865  12.991869261986569  6.734129824647231  1.210425086792322  0.845590360614359  2.861499012765885  14.687644643809882 -154.869884505122059
        0.000000002696568  3.361037213469603  23.277637219908041  12.991869455580506  6.734129824647231  1.210425086792322  0.845590360614359  2.861499012765885  14.687644643809882 -154.869884505122059
        0.000000000403724  3.361037213469603  23.277637219908041  12.991869261986569  6.734129924993585  1.210425086792322  0.845590360614359  2.861499012765885  14.687644643809882 -154.869884505122059
        0.000000000725399  3.361037213469603  23.277637219908041  12.991869261986569  6.734129824647231  1.210425104829062  0.845590360614359  2.861499012765885  14.687644643809882 -154.869884505122059
        0.000000008043075  3.361037213469603  23.277637219908041  12.991869261986569  6.734129824647231  1.210425086792322  0.845590375515521  2.861499012765885  14.687644643809882 -154.869884505122059
        0.000000010368444  3.361037213469603  23.277637219908041  12.991869261986569  6.734129824647231  1.210425086792322  0.845590360614359  2.861499055405544  14.687644643809882 -154.869884505122059
        0.000000007564964  3.361037213469603  23.277637219908041  12.991869261986569  6.734129824647231  1.210425086792322  0.845590360614359  2.861499012765885  14.687644862672842 -154.869884505122059
        0.000037770565022  3.361037213469603  23.277637219908041  12.991869261986569  6.734129824647231  1.210425086792322  0.845590360614359  2.861499012765885  14.687644643809882 -154.869886812863172
        0.000030741575083  3.365126130113724  23.280926456836315  13.059716099652292  6.703188427520332  0.840410780763005  0.850538896156749  2.859307855071746  14.580359842103375 -154.869884356074323
        0.000000016913411  3.365126180258011  23.280926456836315  13.059716099652292  6.703188427520332  0.840410780763005  0.850538896156749  2.859307855071746  14.580359842103375 -154.869884356074323
        0.000000015967415  3.365126130113724  23.280926803749153  13.059716099652292  6.703188427520332  0.840410780763005  0.850538896156749  2.859307855071746  14.580359842103375 -154.869884356074323
        0.000000002730399  3.365126130113724  23.280926456836315  13.059716294257226  6.703188427520332  0.840410780763005  0.850538896156749  2.859307855071746  14.580359842103375 -154.869884356074323
        0.000000000412275  3.365126130113724  23.280926456836315  13.059716099652292  6.703188527405623  0.840410780763005  0.850538896156749  2.859307855071746  14.580359842103375 -154.869884356074323
        0.000000000799580  3.365126130113724  23.280926456836315  13.059716099652292  6.703188427520332  0.840410795664166  0.850538896156749  2.859307855071746  14.580359842103375 -154.869884356074323
        0.000000008186693  3.365126130113724  23.280926456836315  13.059716099652292  6.703188427520332  0.840410780763005  0.850538911057911  2.859307855071746  14.580359842103375 -154.869884356074323
        0.000000010326086  3.365126130113724  23.280926456836315  13.059716099652292  6.703188427520332  0.840410780763005  0.850538896156749  2.859307897678753  14.580359842103375 -154.869884356074323
        0.000000007695001  3.365126130113724  23.280926456836315  13.059716099652292  6.703188427520332  0.840410780763005  0.850538896156749  2.859307855071746  14.580360059367667 -154.869884356074323
        0.000037770565365  3.365126130113724  23.280926456836315  13.059716099652292  6.703188427520332  0.840410780763005  0.850538896156749  2.859307855071746  14.580359842103375 -154.869886663815436
        0.000043935382519  3.371136460113252  23.424445803064465  13.270669746628629  6.662935419271163  0.129939493333250  0.860589208167457  2.854593633071528  14.427616801434288 -154.869882033758245
        0.000000016915373  3.371136510347100  23.424445803064465  13.270669746628629  6.662935419271163  0.129939493333250  0.860589208167457  2.854593633071528  14.427616801434288 -154.869882033758245
        0.000000015957495  3.371136460113252  23.424446152115909  13.270669746628629  6.662935419271163  0.129939493333250  0.860589208167457  2.854593633071528  14.427616801434288 -154.869882033758245
        0.000000002798873  3.371136460113252  23.424445803064465  13.270669944377017  6.662935419271163  0.129939493333250  0.860589208167457  2.854593633071528  14.427616801434288 -154.869882033758245
        0.000000000431317  3.371136460113252  23.424445803064465  13.270669746628629  6.662935518556638  0.129939493333250  0.860589208167457  2.854593633071528  14.427616801434288 -154.869882033758245
        0.000000000819927  3.371136460113252  23.424445803064465  13.270669746628629  6.662935419271163  0.129939508234411  0.860589208167457  2.854593633071528  14.427616801434288 -154.869882033758245
        0.000000008340638  3.371136460113252  23.424445803064465  13.270669746628629  6.662935419271163  0.129939493333250  0.860589223068618  2.854593633071528  14.427616801434288 -154.869882033758245
        0.000000010272332  3.371136460113252  23.424445803064465  13.270669746628629  6.662935419271163  0.129939493333250  0.860589208167457  2.854593675608288  14.427616801434288 -154.869882033758245
        0.000000007917907  3.371136460113252  23.424445803064465  13.270669746628629  6.662935419271163  0.129939493333250  0.860589208167457  2.854593633071528  14.427617016422532 -154.869882033758245
        0.000037770563360  3.371136460113252  23.424445803064465  13.270669746628629  6.662935419271163  0.129939493333250  0.860589208167457  2.854593633071528  14.427616801434288 -154.869884341499329
        0.000056309778914  3.371781924442302  23.482545503997112  13.326969616186716  6.667164531241717  0.000398232286959  0.862368326780064  2.853757253492008  14.411186902244108 -154.869881876070622
        0.000000016914422  3.371781974685768  23.482545503997112  13.326969616186716  6.667164531241717  0.000398232286959  0.862368326780064  2.853757253492008  14.411186902244108 -154.869881876070622
        0.000000015955402  3.371781924442302  23.482545853914310  13.326969616186716  6.667164531241717  0.000398232286959  0.862368326780064  2.853757253492008  14.411186902244108 -154.869881876070622
        0.000000002811739  3.371781924442302  23.482545503997112  13.326969814774039  6.667164531241717  0.000398232286959  0.862368326780064  2.853757253492008  14.411186902244108 -154.869881876070622
        0.000000000434978  3.371781924442302  23.482545503997112  13.326969616186716  6.667164630590210  0.000398232286959  0.862368326780064  2.853757253492008  14.411186902244108 -154.869881876070622
        0.000000000824462  3.371781924442302  23.482545503997112  13.326969616186716  6.667164531241717  0.000398247188120  0.862368326780064  2.853757253492008  14.411186902244108 -154.869881876070622
        0.000000008370438  3.371781924442302  23.482545503997112  13.326969616186716  6.667164531241717  0.000398232286959  0.862368341681225  2.853757253492008  14.411186902244108 -154.869881876070622
        0.000000010270581  3.371781924442302  23.482545503997112  13.326969616186716  6.667164531241717  0.000398232286959  0.862368326780064  2.853757296016305  14.411186902244108 -154.869881876070622
        0.000000007951071  3.371781924442302  23.482545503997112  13.326969616186716  6.667164531241717  0.000398232286959  0.862368326780064  2.853757253492008  14.411187116987527 -154.869881876070622
        0.000037770563253  3.371781924442302  23.482545503997112  13.326969616186716  6.667164531241717  0.000398232286959  0.862368326780064  2.853757253492008  14.411186902244108 -154.869884183811706
        0.000029692901778  3.366914499640639  23.811590060507932  13.513965630654498  6.761019727506509  0.000289112115060  0.862336081904075  2.853709011637895  14.536755921253489 -154.869882032907952
        0.000014579588730  3.370607514917735  23.564084518688389  13.373288798380843  6.694337178330998  0.000304574032670  0.862261420641810  2.853721066264081  14.441932194118088 -154.869882092586579
        0.000000016909158  3.370607565143701  23.564084518688389  13.373288798380843  6.694337178330998  0.000304574032670  0.862261420641810  2.853721066264081  14.441932194118088 -154.869882092586579
        0.000000015954213  3.370607514917735  23.564084869820611  13.373288798380843  6.694337178330998  0.000304574032670  0.862261420641810  2.853721066264081  14.441932194118088 -154.869882092586579
        0.000000002811892  3.370607514917735  23.564084518688389  13.373288997658374  6.694337178330998  0.000304574032670  0.862261420641810  2.853721066264081  14.441932194118088 -154.869882092586579
        0.000000000434891  3.370607514917735  23.564084518688389  13.373288798380843  6.694337278084395  0.000304574032670  0.862261420641810  2.853721066264081  14.441932194118088 -154.869882092586579
        0.000000000826185  3.370607514917735  23.564084518688389  13.373288798380843  6.694337178330998  0.000304588933831  0.862261420641810  2.853721066264081  14.441932194118088 -154.869882092586579
        0.000000008373943  3.370607514917735  23.564084518688389  13.373288798380843  6.694337178330998  0.000304574032670  0.862261435542971  2.853721066264081  14.441932194118088 -154.869882092586579
        0.000000010291557  3.370607514917735  23.564084518688389  13.373288798380843  6.694337178330998  0.000304574032670  0.862261420641810  2.853721108787838  14.441932194118088 -154.869882092586579
        0.000000007931336  3.370607514917735  23.564084518688389  13.373288798380843  6.694337178330998  0.000304574032670  0.862261420641810  2.853721066264081  14.441932409319648 -154.869882092586579
        0.000037770562900  3.370607514917735  23.564084518688389  13.373288798380843  6.694337178330998  0.000304574032670  0.862261420641810  2.853721066264081  14.441932194118088 -154.869884400327663
        0.000038323521999  3.370611333228462  23.564073618896035  13.373336427711179  6.694337582035188  0.000014675923224  0.862265033278271  2.853719423535986  14.441830985208702 -154.869882094131583
        0.000000016909174  3.370611383454485  23.564073618896035  13.373336427711179  6.694337582035188  0.000014675923224  0.862265033278271  2.853719423535986  14.441830985208702 -154.869882094131583
        0.000000015954206  3.370611333228462  23.564073970028094  13.373336427711179  6.694337582035188  0.000014675923224  0.862265033278271  2.853719423535986  14.441830985208702 -154.869882094131583
        0.000000002811937  3.370611333228462  23.564073618896035  13.373336626989420  6.694337582035188  0.000014675923224  0.862265033278271  2.853719423535986  14.441830985208702 -154.869882094131583
        0.000000000434879  3.370611333228462  23.564073618896035  13.373336427711179  6.694337681788592  0.000014675923224  0.862265033278271  2.853719423535986  14.441830985208702 -154.869882094131583
        0.000000000826197  3.370611333228462  23.564073618896035  13.373336427711179  6.694337582035188  0.000014690824385  0.862265033278271  2.853719423535986  14.441830985208702 -154.869882094131583
        0.000000008374024  3.370611333228462  23.564073618896035  13.373336427711179  6.694337582035188  0.000014675923224  0.862265048179432  2.853719423535986  14.441830985208702 -154.869882094131583
        0.000000010291535  3.370611333228462  23.564073618896035  13.373336427711179  6.694337582035188  0.000014675923224  0.862265033278271  2.853719466059719  14.441830985208702 -154.869882094131583
        0.000000007931453  3.370611333228462  23.564073618896035  13.373336427711179  6.694337582035188  0.000014675923224  0.862265033278271  2.853719423535986  14.441831200408753 -154.869882094131583
        0.000037770562897  3.370611333228462  23.564073618896035  13.373336427711179  6.694337582035188  0.000014675923224  0.862265033278271  2.853719423535986  14.441830985208702 -154.869884401872667
        0.000037820675022  3.370205010066115  23.591611286842937  13.388035191782206  6.717560616051940  0.000008557879978  0.861949792976044  2.853760823810189  14.451923029595786 -154.869882276647189
        0.000001717320099  3.370557392684961  23.567753704311002  13.374944999836822  6.703217700859203  0.000013382574967  0.862103691113102  2.853751612702469  14.442978617298680 -154.869882216374748
        0.000001271991368  3.370601960978853  23.564640092332976  13.373513356360949  6.696702180233088  0.000014421453253  0.862218276155019  2.853744696745743  14.441919392426920 -154.869882170184098
        0.000000016909343  3.370602011204736  23.564640092332976  13.373513356360949  6.696702180233088  0.000014421453253  0.862218276155019  2.853744696745743  14.441919392426920 -154.869882170184098
        0.000000015954302  3.370601960978853  23.564640443473476  13.373513356360949  6.696702180233088  0.000014421453253  0.862218276155019  2.853744696745743  14.441919392426920 -154.869882170184098
        0.000000002811898  3.370601960978853  23.564640092332976  13.373513555641827  6.696702180233088  0.000014421453253  0.862218276155019  2.853744696745743  14.441919392426920 -154.869882170184098
        0.000000000434794  3.370601960978853  23.564640092332976  13.373513356360949  6.696702280021727  0.000014421453253  0.862218276155019  2.853744696745743  14.441919392426920 -154.869882170184098
        0.000000000826536  3.370601960978853  23.564640092332976  13.373513356360949  6.696702180233088  0.000014436354414  0.862218276155019  2.853744696745743  14.441919392426920 -154.869882170184098
        0.000000008374631  3.370601960978853  23.564640092332976  13.373513356360949  6.696702180233088  0.000014421453253  0.862218291056180  2.853744696745743  14.441919392426920 -154.869882170184098
        0.000000010292182  3.370601960978853  23.564640092332976  13.373513356360949  6.696702180233088  0.000014421453253  0.862218276155019  2.853744739269852  14.441919392426920 -154.869882170184098
        0.000000007931255  3.370601960978853  23.564640092332976  13.373513356360949  6.696702180233088  0.000014421453253  0.862218276155019  2.853744696745743  14.441919607628289 -154.869882170184098
        0.000037770562990  3.370601960978853  23.564640092332976  13.373513356360949  6.696702180233088  0.000014421453253  0.862218276155019  2.853744696745743  14.441919392426920 -154.869884477925183
2022-08-18 07:58:18.788743
