/projects/wagner/highthroughput/mick_graphene_paper/3_data/1_kc_fitting
2023-06-01 19:10:57.574810
use a starting guess from the old fit
starting guess parameters:  [ 3.37942338e+00  1.81846722e+01  1.33942071e+01  3.55913531e-03
  6.07493500e+00  7.19345289e-01  3.29308248e+00  1.39067829e+01
 -1.54589368e+02]
     1025.507820120405995  3.379423382381699  18.184672181803677  13.394207130830571  0.003559135312169  6.074935002291668  0.719345289329483  3.293082477932360  13.906782892134125 -154.589367648541639
        0.000000014064352  3.379423432739032  18.184672181803677  13.394207130830571  0.003559135312169  6.074935002291668  0.719345289329483  3.293082477932360  13.906782892134125 -154.589367648541639
        0.000000012948553  3.379423382381699  18.184672452776407  13.394207130830571  0.003559135312169  6.074935002291668  0.719345289329483  3.293082477932360  13.906782892134125 -154.589367648541639
        0.000000001160716  3.379423382381699  18.184672181803677  13.394207330419810  0.003559135312169  6.074935002291668  0.719345289329483  3.293082477932360  13.906782892134125 -154.589367648541639
        0.000000000478097  3.379423382381699  18.184672181803677  13.394207130830571  0.003559150213330  6.074935002291668  0.719345289329483  3.293082477932360  13.906782892134125 -154.589367648541639
        0.000000000825815  3.379423382381699  18.184672181803677  13.394207130830571  0.003559135312169  6.074935092815254  0.719345289329483  3.293082477932360  13.906782892134125 -154.589367648541639
        0.000000002214007  3.379423382381699  18.184672181803677  13.394207130830571  0.003559135312169  6.074935002291668  0.719345304230644  3.293082477932360  13.906782892134125 -154.589367648541639
        0.000000002625951  3.379423382381699  18.184672181803677  13.394207130830571  0.003559135312169  6.074935002291668  0.719345289329483  3.293082527003112  13.906782892134125 -154.589367648541639
        0.000000004345417  3.379423382381699  18.184672181803677  13.394207130830571  0.003559135312169  6.074935002291668  0.719345289329483  3.293082477932360  13.906783099361338 -154.589367648541639
        0.000015277412315  3.379423382381699  18.184672181803677  13.394207130830571  0.003559135312169  6.074935002291668  0.719345289329483  3.293082477932360  13.906782892134125 -154.589369952102714
        0.077397313858181  3.378165493007972  18.187591565923945  23.050810739064637  26.744129641719169  6.110632956083639  0.000861712528267  3.302920517929763  13.906354608847121 -154.589363397269750
        0.068971685635198  3.374319994146794  17.480656050798402  16.575422724250402  6.246224223143948  7.034809244511636  0.512330179594561  3.342462634676329  13.902313688980495 -154.589346753019328
        0.010006902076890  3.374263383222014  17.626611327310826  14.494228598220227  1.015035231865408  6.856449175337468  0.660886411002671  3.341712592027979  13.899125994236794 -154.589352302215048
        0.000000014355308  3.374263433502457  17.626611327310826  14.494228598220227  1.015035231865408  6.856449175337468  0.660886411002671  3.341712592027979  13.899125994236794 -154.589352302215048
        0.000000013330138  3.374263383222014  17.626611589967801  14.494228598220227  1.015035231865408  6.856449175337468  0.660886411002671  3.341712592027979  13.899125994236794 -154.589352302215048
        0.000000001137027  3.374263383222014  17.626611327310826  14.494228814201064  1.015035231865408  6.856449175337468  0.660886411002671  3.341712592027979  13.899125994236794 -154.589352302215048
        0.000000000465772  3.374263383222014  17.626611327310826  14.494228598220227  1.015035246990612  6.856449175337468  0.660886411002671  3.341712592027979  13.899125994236794 -154.589352302215048
        0.000000000930111  3.374263383222014  17.626611327310826  14.494228598220227  1.015035231865408  6.856449277506522  0.660886411002671  3.341712592027979  13.899125994236794 -154.589352302215048
        0.000000002217855  3.374263383222014  17.626611327310826  14.494228598220227  1.015035231865408  6.856449175337468  0.660886425903832  3.341712592027979  13.899125994236794 -154.589352302215048
        0.000000002748811  3.374263383222014  17.626611327310826  14.494228598220227  1.015035231865408  6.856449175337468  0.660886411002671  3.341712641823377  13.899125994236794 -154.589352302215048
        0.000000004253484  3.374263383222014  17.626611327310826  14.494228598220227  1.015035231865408  6.856449175337468  0.660886411002671  3.341712592027979  13.899126201349912 -154.589352302215048
        0.000015277436743  3.374263383222014  17.626611327310826  14.494228598220227  1.015035231865408  6.856449175337468  0.660886411002671  3.341712592027979  13.899125994236794 -154.589354605775895
        0.000430396140332  3.374780984505776  17.527033909923890  14.629393949115412  0.026974398988693  6.933190979783052  0.679094636664025  3.340399407802483  13.899438931876835 -154.589343308359020
        0.000000014393113  3.374781034793931  17.527033909923890  14.629393949115412  0.026974398988693  6.933190979783052  0.679094636664025  3.340399407802483  13.899438931876835 -154.589343308359020
        0.000000013352543  3.374780984505776  17.527034171097046  14.629393949115412  0.026974398988693  6.933190979783052  0.679094636664025  3.340399407802483  13.899438931876835 -154.589343308359020
        0.000000001122167  3.374780984505776  17.527033909923890  14.629394167110370  0.026974398988693  6.933190979783052  0.679094636664025  3.340399407802483  13.899438931876835 -154.589343308359020
        0.000000000488861  3.374780984505776  17.527033909923890  14.629393949115412  0.026974413889854  6.933190979783052  0.679094636664025  3.340399407802483  13.899438931876835 -154.589343308359020
        0.000000000940937  3.374780984505776  17.527033909923890  14.629393949115412  0.026974398988693  6.933191083095648  0.679094636664025  3.340399407802483  13.899438931876835 -154.589343308359020
        0.000000002126686  3.374780984505776  17.527033909923890  14.629393949115412  0.026974398988693  6.933190979783052  0.679094651565186  3.340399407802483  13.899438931876835 -154.589343308359020
        0.000000002685584  3.374780984505776  17.527033909923890  14.629393949115412  0.026974398988693  6.933190979783052  0.679094636664025  3.340399457578314  13.899438931876835 -154.589343308359020
        0.000000004254730  3.374780984505776  17.527033909923890  14.629393949115412  0.026974398988693  6.933190979783052  0.679094636664025  3.340399407802483  13.899439138994616 -154.589343308359020
        0.000015277433522  3.374780984505776  17.527033909923890  14.629393949115412  0.026974398988693  6.933190979783052  0.679094636664025  3.340399407802483  13.899438931876835 -154.589345611919754
        0.000509256735992  3.375224850982111  17.342912437454370  15.049304553742214  1.731791404123678  7.134951931153724  0.632830043272534  3.339909482033082  13.901938925565361 -154.589332481653770
        0.000625645589103  3.375224591107027  17.353432786076191  14.763574478642758  0.363901494300660  7.121898437104189  0.665155488225687  3.339701768521227  13.902188296393517 -154.589332465051257
        0.000000014405885  3.375224641401792  17.353432786076191  14.763574478642758  0.363901494300660  7.121898437104189  0.665155488225687  3.339701768521227  13.902188296393517 -154.589332465051257
        0.000000013387969  3.375224591107027  17.353433044662491  14.763574478642758  0.363901494300660  7.121898437104189  0.665155488225687  3.339701768521227  13.902188296393517 -154.589332465051257
        0.000000001118633  3.375224591107027  17.353432786076191  14.763574698637161  0.363901494300660  7.121898437104189  0.665155488225687  3.339701768521227  13.902188296393517 -154.589332465051257
        0.000000000481722  3.375224591107027  17.353432786076191  14.763574478642758  0.363901509201821  7.121898437104189  0.665155488225687  3.339701768521227  13.902188296393517 -154.589332465051257
        0.000000000971657  3.375224591107027  17.353432786076191  14.763574478642758  0.363901494300660  7.121898543228745  0.665155488225687  3.339701768521227  13.902188296393517 -154.589332465051257
        0.000000002133258  3.375224591107027  17.353432786076191  14.763574478642758  0.363901494300660  7.121898437104189  0.665155503126848  3.339701768521227  13.902188296393517 -154.589332465051257
        0.000000002722373  3.375224591107027  17.353432786076191  14.763574478642758  0.363901494300660  7.121898437104189  0.665155488225687  3.339701818286662  13.902188296393517 -154.589332465051257
        0.000000004245477  3.375224591107027  17.353432786076191  14.763574478642758  0.363901494300660  7.121898437104189  0.665155488225687  3.339701768521227  13.902188503552265 -154.589332465051257
        0.000015277429751  3.375224591107027  17.353432786076191  14.763574478642758  0.363901494300660  7.121898437104189  0.665155488225687  3.339701768521227  13.902188296393517 -154.589334768611820
        0.000020741677449  3.375424725712718  17.340909472486242  14.733847350124659  0.001547412912578  7.117583484393117  0.672832437666670  3.339646775169528  13.897514263048578 -154.589332188480881
        0.000032884036107  3.375292890162052  17.345465945438548  14.758295864718766  0.273510679898962  7.125187780324667  0.666892581311049  3.339904382528833  13.899360987139971 -154.589333303705018
        0.000000014410499  3.375292940457835  17.345465945438548  14.758295864718766  0.273510679898962  7.125187780324667  0.666892581311049  3.339904382528833  13.899360987139971 -154.589333303705018
        0.000000013390768  3.375292890162052  17.345466203906131  14.758295864718766  0.273510679898962  7.125187780324667  0.666892581311049  3.339904382528833  13.899360987139971 -154.589333303705018
        0.000000001117507  3.375292890162052  17.345465945438548  14.758296084634512  0.273510679898962  7.125187780324667  0.666892581311049  3.339904382528833  13.899360987139971 -154.589333303705018
        0.000000000483297  3.375292890162052  17.345465945438548  14.758295864718766  0.273510694800123  7.125187780324667  0.666892581311049  3.339904382528833  13.899360987139971 -154.589333303705018
        0.000000000972109  3.375292890162052  17.345465945438548  14.758295864718766  0.273510679898962  7.125187886498238  0.666892581311049  3.339904382528833  13.899360987139971 -154.589333303705018
        0.000000002124463  3.375292890162052  17.345465945438548  14.758295864718766  0.273510679898962  7.125187780324667  0.666892596212210  3.339904382528833  13.899360987139971 -154.589333303705018
        0.000000002715545  3.375292890162052  17.345465945438548  14.758295864718766  0.273510679898962  7.125187780324667  0.666892581311049  3.339904432297287  13.899360987139971 -154.589333303705018
        0.000000004245668  3.375292890162052  17.345465945438548  14.758295864718766  0.273510679898962  7.125187780324667  0.666892581311049  3.339904382528833  13.899361194256590 -154.589333303705018
        0.000015277429991  3.375292890162052  17.345465945438548  14.758295864718766  0.273510679898962  7.125187780324667  0.666892581311049  3.339904382528833  13.899360987139971 -154.589335607265582
        0.000025788214417  3.375193709485283  17.341816369478654  14.779905947848002  0.359585141999676  7.144624651216255  0.664649895427944  3.339209463340640  13.906965712315138 -154.589329210858693
        0.000009599599805  3.375256908763700  17.343770193663669  14.762404124846254  0.294027025594286  7.133855435420767  0.666346631280153  3.339479335193034  13.903290723494592 -154.589330892105380
        0.000008136421212  3.375276962953889  17.345036639427043  14.758803441374170  0.278287256294432  7.128173996509304  0.666767252947537  3.339772359786465  13.900720489801364 -154.589332544962929
        0.000000014409638  3.375277013249435  17.345036639427043  14.758803441374170  0.278287256294432  7.128173996509304  0.666767252947537  3.339772359786465  13.900720489801364 -154.589332544962929
        0.000000013390161  3.375276962953889  17.345036897888232  14.758803441374170  0.278287256294432  7.128173996509304  0.666767252947537  3.339772359786465  13.900720489801364 -154.589332544962929
        0.000000001117458  3.375276962953889  17.345036639427043  14.758803661297479  0.278287256294432  7.128173996509304  0.666767252947537  3.339772359786465  13.900720489801364 -154.589332544962929
        0.000000000483122  3.375276962953889  17.345036639427043  14.758803441374170  0.278287271195593  7.128173996509304  0.666767252947537  3.339772359786465  13.900720489801364 -154.589332544962929
        0.000000000972492  3.375276962953889  17.345036639427043  14.758803441374170  0.278287256294432  7.128174102727374  0.666767252947537  3.339772359786465  13.900720489801364 -154.589332544962929
        0.000000002124382  3.375276962953889  17.345036639427043  14.758803441374170  0.278287256294432  7.128173996509304  0.666767267848698  3.339772359786465  13.900720489801364 -154.589332544962929
        0.000000002716049  3.375276962953889  17.345036639427043  14.758803441374170  0.278287256294432  7.128173996509304  0.666767252947537  3.339772409552952  13.900720489801364 -154.589332544962929
        0.000000004245433  3.375276962953889  17.345036639427043  14.758803441374170  0.278287256294432  7.128173996509304  0.666767252947537  3.339772359786465  13.900720696938240 -154.589332544962929
        0.000015277429781  3.375276962953889  17.345036639427043  14.758803441374170  0.278287256294432  7.128173996509304  0.666767252947537  3.339772359786465  13.900720489801364 -154.589334848523492
2023-06-01 19:17:02.906050
