/projects/wagner/highthroughput/mick_graphene_paper/3_data/1_kc_fitting
2023-06-01 19:13:57.922234
use a starting guess from the old fit
starting guess parameters:  [ 3.37942338e+00  1.81846722e+01  1.33942071e+01  3.55913531e-03
  6.07493500e+00  7.19345289e-01  3.29308248e+00  1.39067829e+01
 -1.54589368e+02]
     1025.507820120405995  3.379423382381699  18.184672181803677  13.394207130830571  0.003559135312169  6.074935002291668  0.719345289329483  3.293082477932360  13.906782892134125 -154.589367648541639
        0.000000014064352  3.379423432739032  18.184672181803677  13.394207130830571  0.003559135312169  6.074935002291668  0.719345289329483  3.293082477932360  13.906782892134125 -154.589367648541639
        0.000000012948553  3.379423382381699  18.184672452776407  13.394207130830571  0.003559135312169  6.074935002291668  0.719345289329483  3.293082477932360  13.906782892134125 -154.589367648541639
        0.000000001160716  3.379423382381699  18.184672181803677  13.394207330419810  0.003559135312169  6.074935002291668  0.719345289329483  3.293082477932360  13.906782892134125 -154.589367648541639
        0.000000000478097  3.379423382381699  18.184672181803677  13.394207130830571  0.003559150213330  6.074935002291668  0.719345289329483  3.293082477932360  13.906782892134125 -154.589367648541639
        0.000000000825815  3.379423382381699  18.184672181803677  13.394207130830571  0.003559135312169  6.074935092815254  0.719345289329483  3.293082477932360  13.906782892134125 -154.589367648541639
        0.000000002214007  3.379423382381699  18.184672181803677  13.394207130830571  0.003559135312169  6.074935002291668  0.719345304230644  3.293082477932360  13.906782892134125 -154.589367648541639
        0.000000002625951  3.379423382381699  18.184672181803677  13.394207130830571  0.003559135312169  6.074935002291668  0.719345289329483  3.293082527003112  13.906782892134125 -154.589367648541639
        0.000000004345417  3.379423382381699  18.184672181803677  13.394207130830571  0.003559135312169  6.074935002291668  0.719345289329483  3.293082477932360  13.906783099361338 -154.589367648541639
        0.000015277412315  3.379423382381699  18.184672181803677  13.394207130830571  0.003559135312169  6.074935002291668  0.719345289329483  3.293082477932360  13.906782892134125 -154.589369952102714
        0.001332667379864  3.369917184755955  17.968423924455287  14.564790122355653  0.003497540870414  6.259323484560626  0.694197734109364  3.354290924162643  13.653525413495222 -154.589828670439658
        0.000000014186677  3.369917234971634  17.968423924455287  14.564790122355653  0.003497540870414  6.259323484560626  0.694197734109364  3.354290924162643  13.653525413495222 -154.589828670439658
        0.000000013116118  3.369917184755955  17.968424192205667  14.564790122355653  0.003497540870414  6.259323484560626  0.694197734109364  3.354290924162643  13.653525413495222 -154.589828670439658
        0.000000001131495  3.369917184755955  17.968423924455287  14.564790339387939  0.003497540870414  6.259323484560626  0.694197734109364  3.354290924162643  13.653525413495222 -154.589828670439658
        0.000000000492923  3.369917184755955  17.968423924455287  14.564790122355653  0.003497555771575  6.259323484560626  0.694197734109364  3.354290924162643  13.653525413495222 -154.589828670439658
        0.000000000827486  3.369917184755955  17.968423924455287  14.564790122355653  0.003497540870414  6.259323577831814  0.694197734109364  3.354290924162643  13.653525413495222 -154.589828670439658
        0.000000002211018  3.369917184755955  17.968423924455287  14.564790122355653  0.003497540870414  6.259323484560626  0.694197749010525  3.354290924162643  13.653525413495222 -154.589828670439658
        0.000000002643180  3.369917184755955  17.968423924455287  14.564790122355653  0.003497540870414  6.259323484560626  0.694197734109364  3.354290974145473  13.653525413495222 -154.589828670439658
        0.000000004176740  3.369917184755955  17.968423924455287  14.564790122355653  0.003497540870414  6.259323484560626  0.694197734109364  3.354290924162643  13.653525616948606 -154.589828670439658
        0.000015277550976  3.369917184755955  17.968423924455287  14.564790122355653  0.003497540870414  6.259323484560626  0.694197734109364  3.354290924162643  13.653525413495222 -154.589830974007612
        0.000134503864727  3.369917756185836  17.968339727821988  14.560697329110047  0.014747216344024  6.259423317473530  0.694627174154734  3.354285373792646  13.653526797853697 -154.589828668161744
        0.000000014200639  3.369917806401524  17.968339727821988  14.560697329110047  0.014747216344024  6.259423317473530  0.694627174154734  3.354285373792646  13.653526797853697 -154.589828668161744
        0.000000013129179  3.369917756185836  17.968339995571114  14.560697329110047  0.014747216344024  6.259423317473530  0.694627174154734  3.354285373792646  13.653526797853697 -154.589828668161744
        0.000000001131304  3.369917756185836  17.968339727821988  14.560697546081345  0.014747216344024  6.259423317473530  0.694627174154734  3.354285373792646  13.653526797853697 -154.589828668161744
        0.000000000493133  3.369917756185836  17.968339727821988  14.560697329110047  0.014747231245185  6.259423317473530  0.694627174154734  3.354285373792646  13.653526797853697 -154.589828668161744
        0.000000000827446  3.369917756185836  17.968339727821988  14.560697329110047  0.014747216344024  6.259423410746206  0.694627174154734  3.354285373792646  13.653526797853697 -154.589828668161744
        0.000000002211340  3.369917756185836  17.968339727821988  14.560697329110047  0.014747216344024  6.259423317473530  0.694627189055895  3.354285373792646  13.653526797853697 -154.589828668161744
        0.000000002642936  3.369917756185836  17.968339727821988  14.560697329110047  0.014747216344024  6.259423317473530  0.694627174154734  3.354285423775393  13.653526797853697 -154.589828668161744
        0.000000004177125  3.369917756185836  17.968339727821988  14.560697329110047  0.014747216344024  6.259423317473530  0.694627174154734  3.354285373792646  13.653527001307101 -154.589828668161744
        0.000015277550950  3.369917756185836  17.968339727821988  14.560697329110047  0.014747216344024  6.259423317473530  0.694627174154734  3.354285373792646  13.653526797853697 -154.589830971729697
        0.074947860221614  3.371140811542006  17.659368067101990  21.410738333489590  28.720033465967159  6.612754363444406  0.000007640051157  3.343367996754586  13.693602582724411 -154.589794333229804
        0.065854774411817  3.372824605642485  17.232233587050619  17.065691255352320  6.946505352125767  6.916729833856937  0.497256577515770  3.351724477864248  13.612182840368565 -154.589825780929004
        0.009536753216295  3.374768173959414  17.149193001759024  15.666869342030274  1.456560571071576  6.819088341655891  0.629547863727764  3.353428292227159  13.553918127041358 -154.589831284537979
        0.000709212603327  3.379646614876614  16.972349239604473  14.866782012051816  0.066179760539527  6.582173098174028  0.669940764291115  3.351263673768352  13.444112385844964 -154.589822875768647
        0.000000014242979  3.379646665237273  16.972349239604473  14.866782012051816  0.066179760539527  6.582173098174028  0.669940764291115  3.351263673768352  13.444112385844964 -154.589822875768647
        0.000000013222279  3.379646614876614  16.972349492512183  14.866782012051816  0.066179760539527  6.582173098174028  0.669940764291115  3.351263673768352  13.444112385844964 -154.589822875768647
        0.000000001110486  3.379646614876614  16.972349239604473  14.866782233584132  0.066179760539527  6.582173098174028  0.669940764291115  3.351263673768352  13.444112385844964 -154.589822875768647
        0.000000000498340  3.379646614876614  16.972349239604473  14.866782012051816  0.066179775440689  6.582173098174028  0.669940764291115  3.351263673768352  13.444112385844964 -154.589822875768647
        0.000000000905948  3.379646614876614  16.972349239604473  14.866782012051816  0.066179760539527  6.582173196256051  0.669940764291115  3.351263673768352  13.444112385844964 -154.589822875768647
        0.000000002176463  3.379646614876614  16.972349239604473  14.866782012051816  0.066179760539527  6.582173098174028  0.669940779192277  3.351263673768352  13.444112385844964 -154.589822875768647
        0.000000002660132  3.379646614876614  16.972349239604473  14.866782012051816  0.066179760539527  6.582173098174028  0.669940764291115  3.351263723706072  13.444112385844964 -154.589822875768647
        0.000000004221948  3.379646614876614  16.972349239604473  14.866782012051816  0.066179760539527  6.582173098174028  0.669940764291115  3.351263673768352  13.444112586177850 -154.589822875768647
        0.000015277545604  3.379646614876614  16.972349239604473  14.866782012051816  0.066179760539527  6.582173098174028  0.669940764291115  3.351263673768352  13.444112385844964 -154.589825179336515
        0.000111320518128  3.380855414636690  16.860186682755572  15.043679296408063  0.066012566746906  6.606937924425779  0.664969965554233  3.352410092873234  13.412768335417802 -154.589826777389845
        0.000000014248944  3.380855465015361  16.860186682755572  15.043679296408063  0.066012566746906  6.606937924425779  0.664969965554233  3.352410092873234  13.412768335417802 -154.589826777389845
        0.000000013235762  3.380855414636690  16.860186933991930  15.043679296408063  0.066012566746906  6.606937924425779  0.664969965554233  3.352410092873234  13.412768335417802 -154.589826777389845
        0.000000001110120  3.380855414636690  16.860186682755572  15.043679520576353  0.066012566746906  6.606937924425779  0.664969965554233  3.352410092873234  13.412768335417802 -154.589826777389845
        0.000000000502330  3.380855414636690  16.860186682755572  15.043679296408063  0.066012581648067  6.606937924425779  0.664969965554233  3.352410092873234  13.412768335417802 -154.589826777389845
        0.000000000913973  3.380855414636690  16.860186682755572  15.043679296408063  0.066012566746906  6.606938022876826  0.664969965554233  3.352410092873234  13.412768335417802 -154.589826777389845
        0.000000002188653  3.380855414636690  16.860186682755572  15.043679296408063  0.066012566746906  6.606937924425779  0.664969980455394  3.352410092873234  13.412768335417802 -154.589826777389845
        0.000000002673211  3.380855414636690  16.860186682755572  15.043679296408063  0.066012566746906  6.606937924425779  0.664969965554233  3.352410142828037  13.412768335417802 -154.589826777389845
        0.000000004229157  3.380855414636690  16.860186682755572  15.043679296408063  0.066012566746906  6.606937924425779  0.664969965554233  3.352410092873234  13.412768535283625 -154.589826777389845
        0.000015277546473  3.380855414636690  16.860186682755572  15.043679296408063  0.066012566746906  6.606937924425779  0.664969965554233  3.352410092873234  13.412768335417802 -154.589829080957770
        0.000154993708618  3.385686900168227  16.448766447931050  15.158886382622715  0.489187792348702  6.686578122850495  0.647133007608407  3.350190253029611  13.318458313559189 -154.589810404953425
        0.000000014260560  3.385686950618894  16.448766447931050  15.158886382622715  0.489187792348702  6.686578122850495  0.647133007608407  3.350190253029611  13.318458313559189 -154.589810404953425
        0.000000013274659  3.385686900168227  16.448766693036770  15.158886382622715  0.489187792348702  6.686578122850495  0.647133007608407  3.350190253029611  13.318458313559189 -154.589810404953425
        0.000000001109511  3.385686900168227  16.448766447931050  15.158886608507725  0.489187792348702  6.686578122850495  0.647133007608407  3.350190253029611  13.318458313559189 -154.589810404953425
        0.000000000496648  3.385686900168227  16.448766447931050  15.158886382622715  0.489187807249863  6.686578122850495  0.647133007608407  3.350190253029611  13.318458313559189 -154.589810404953425
        0.000000000943621  3.385686900168227  16.448766447931050  15.158886382622715  0.489187792348702  6.686578222488273  0.647133007608407  3.350190253029611  13.318458313559189 -154.589810404953425
        0.000000002226475  3.385686900168227  16.448766447931050  15.158886382622715  0.489187792348702  6.686578122850495  0.647133022509568  3.350190253029611  13.318458313559189 -154.589810404953425
        0.000000002714877  3.385686900168227  16.448766447931050  15.158886382622715  0.489187792348702  6.686578122850495  0.647133007608407  3.350190302951336  13.318458313559189 -154.589810404953425
        0.000000004258444  3.385686900168227  16.448766447931050  15.158886382622715  0.489187792348702  6.686578122850495  0.647133007608407  3.350190253029611  13.318458512019683 -154.589810404953425
        0.000015277541058  3.385686900168227  16.448766447931050  15.158886382622715  0.489187792348702  6.686578122850495  0.647133007608407  3.350190253029611  13.318458313559189 -154.589812708521123
        0.000021059012058  3.387285222775032  16.324227163112006  15.116975096691347  0.930928689801173  6.697800061609630  0.636341841978395  3.350634046064807  13.280940965505430 -154.589810574420028
        0.000034231840441  3.386490412997067  16.379066509452180  15.161195388538784  0.579803160829862  6.700008662574972  0.643805116551571  3.350725047776075  13.298264940529908 -154.589811842535767
        0.000000014273089  3.386490463459706  16.379066509452180  15.161195388538784  0.579803160829862  6.700008662574972  0.643805116551571  3.350725047776075  13.298264940529908 -154.589811842535767
        0.000000013291490  3.386490412997067  16.379066753519290  15.161195388538784  0.579803160829862  6.700008662574972  0.643805116551571  3.350725047776075  13.298264940529908 -154.589811842535767
        0.000000001109861  3.386490412997067  16.379066509452180  15.161195614458201  0.579803160829862  6.700008662574972  0.643805116551571  3.350725047776075  13.298264940529908 -154.589811842535767
        0.000000000494665  3.386490412997067  16.379066509452180  15.161195388538784  0.579803175731023  6.700008662574972  0.643805116551571  3.350725047776075  13.298264940529908 -154.589811842535767
        0.000000000948678  3.386490412997067  16.379066509452180  15.161195388538784  0.579803160829862  6.700008762412882  0.643805116551571  3.350725047776075  13.298264940529908 -154.589811842535767
        0.000000002234048  3.386490412997067  16.379066509452180  15.161195388538784  0.579803160829862  6.700008662574972  0.643805131452732  3.350725047776075  13.298264940529908 -154.589811842535767
        0.000000002722666  3.386490412997067  16.379066509452180  15.161195388538784  0.579803160829862  6.700008662574972  0.643805116551571  3.350725097705769  13.298264940529908 -154.589811842535767
        0.000000004263133  3.386490412997067  16.379066509452180  15.161195388538784  0.579803160829862  6.700008662574972  0.643805116551571  3.350725047776075  13.298265138689498 -154.589811842535767
        0.000015277541298  3.386490412997067  16.379066509452180  15.161195388538784  0.579803160829862  6.700008662574972  0.643805116551571  3.350725047776075  13.298264940529908 -154.589814146103464
        0.000016006939951  3.385527679147438  16.431901102355525  15.217231229702817  0.497181923654049  6.722244352045472  0.645436380566040  3.350575283848799  13.321830402596506 -154.589811127412929
        0.000000014265241  3.385527729595731  16.431901102355525  15.217231229702817  0.497181923654049  6.722244352045472  0.645436380566040  3.350575283848799  13.321830402596506 -154.589811127412929
        0.000000013282269  3.385527679147438  16.431901347209934  15.217231229702817  0.497181923654049  6.722244352045472  0.645436380566040  3.350575283848799  13.321830402596506 -154.589811127412929
        0.000000001108870  3.385527679147438  16.431901102355525  15.217231456457233  0.497181923654049  6.722244352045472  0.645436380566040  3.350575283848799  13.321830402596506 -154.589811127412929
        0.000000000496807  3.385527679147438  16.431901102355525  15.217231229702817  0.497181938555210  6.722244352045472  0.645436380566040  3.350575283848799  13.321830402596506 -154.589811127412929
        0.000000000948723  3.385527679147438  16.431901102355525  15.217231229702817  0.497181923654049  6.722244452214718  0.645436380566040  3.350575283848799  13.321830402596506 -154.589811127412929
        0.000000002226635  3.385527679147438  16.431901102355525  15.217231229702817  0.497181923654049  6.722244352045472  0.645436395467201  3.350575283848799  13.321830402596506 -154.589811127412929
        0.000000002721228  3.385527679147438  16.431901102355525  15.217231229702817  0.497181923654049  6.722244352045472  0.645436380566040  3.350575333776261  13.321830402596506 -154.589811127412929
        0.000000004254887  3.385527679147438  16.431901102355525  15.217231229702817  0.497181923654049  6.722244352045472  0.645436380566040  3.350575283848799  13.321830601107248 -154.589811127412929
        0.000015277541092  3.385527679147438  16.431901102355525  15.217231229702817  0.497181923654049  6.722244352045472  0.645436380566040  3.350575283848799  13.321830402596506 -154.589813430980627
2023-06-01 19:21:39.583990
