/projects/wagner/highthroughput/mick_graphene_paper/3_data/1_kc_fitting
2023-06-01 19:11:04.007028
use a starting guess from the old fit
starting guess parameters:  [ 3.37942338e+00  1.81846722e+01  1.33942071e+01  3.55913531e-03
  6.07493500e+00  7.19345289e-01  3.29308248e+00  1.39067829e+01
 -1.54589368e+02]
     1025.507820120405995  3.379423382381699  18.184672181803677  13.394207130830571  0.003559135312169  6.074935002291668  0.719345289329483  3.293082477932360  13.906782892134125 -154.589367648541639
        0.000000014064352  3.379423432739032  18.184672181803677  13.394207130830571  0.003559135312169  6.074935002291668  0.719345289329483  3.293082477932360  13.906782892134125 -154.589367648541639
        0.000000012948553  3.379423382381699  18.184672452776407  13.394207130830571  0.003559135312169  6.074935002291668  0.719345289329483  3.293082477932360  13.906782892134125 -154.589367648541639
        0.000000001160716  3.379423382381699  18.184672181803677  13.394207330419810  0.003559135312169  6.074935002291668  0.719345289329483  3.293082477932360  13.906782892134125 -154.589367648541639
        0.000000000478097  3.379423382381699  18.184672181803677  13.394207130830571  0.003559150213330  6.074935002291668  0.719345289329483  3.293082477932360  13.906782892134125 -154.589367648541639
        0.000000000825815  3.379423382381699  18.184672181803677  13.394207130830571  0.003559135312169  6.074935092815254  0.719345289329483  3.293082477932360  13.906782892134125 -154.589367648541639
        0.000000002214007  3.379423382381699  18.184672181803677  13.394207130830571  0.003559135312169  6.074935002291668  0.719345304230644  3.293082477932360  13.906782892134125 -154.589367648541639
        0.000000002625951  3.379423382381699  18.184672181803677  13.394207130830571  0.003559135312169  6.074935002291668  0.719345289329483  3.293082527003112  13.906782892134125 -154.589367648541639
        0.000000004345417  3.379423382381699  18.184672181803677  13.394207130830571  0.003559135312169  6.074935002291668  0.719345289329483  3.293082477932360  13.906783099361338 -154.589367648541639
        0.000015277412315  3.379423382381699  18.184672181803677  13.394207130830571  0.003559135312169  6.074935002291668  0.719345289329483  3.293082477932360  13.906782892134125 -154.589369952102714
        0.001983644636668  3.369310520704969  18.693174498574532  13.540176025539104  0.003554455822712  5.904597705126574  0.722307126575249  3.375884566032416  13.887183430789515 -154.589426143676633
        0.000000014714041  3.369310570911609  18.693174498574532  13.540176025539104  0.003554455822712  5.904597705126574  0.722307126575249  3.375884566032416  13.887183430789515 -154.589426143676633
        0.000000013554667  3.369310520704969  18.693174777124540  13.540176025539104  0.003554455822712  5.904597705126574  0.722307126575249  3.375884566032416  13.887183430789515 -154.589426143676633
        0.000000001185257  3.369310520704969  18.693174498574532  13.540176227303450  0.003554455822712  5.904597705126574  0.722307126575249  3.375884566032416  13.887183430789515 -154.589426143676633
        0.000000000476793  3.369310520704969  18.693174498574532  13.540176025539104  0.003554470723873  5.904597705126574  0.722307126575249  3.375884566032416  13.887183430789515 -154.589426143676633
        0.000000000770974  3.369310520704969  18.693174498574532  13.540176025539104  0.003554455822712  5.904597793111936  0.722307126575249  3.375884566032416  13.887183430789515 -154.589426143676633
        0.000000002253958  3.369310520704969  18.693174498574532  13.540176025539104  0.003554455822712  5.904597705126574  0.722307141476410  3.375884566032416  13.887183430789515 -154.589426143676633
        0.000000002603253  3.369310520704969  18.693174498574532  13.540176025539104  0.003554455822712  5.904597705126574  0.722307126575249  3.375884616337016  13.887183430789515 -154.589426143676633
        0.000000004297906  3.369310520704969  18.693174498574532  13.540176025539104  0.003554455822712  5.904597705126574  0.722307126575249  3.375884566032416  13.887183637724673 -154.589426143676633
        0.000015277469690  3.369310520704969  18.693174498574532  13.540176025539104  0.003554455822712  5.904597705126574  0.722307126575249  3.375884566032416  13.887183430789515 -154.589428447238589
        0.000216699752857  3.363987171480574  19.349234565752511  13.395172403324779  0.003220972116161  5.638312402023241  0.738166740434369  3.374130671254666  14.016625496617936 -154.589438773159458
        0.000000014692653  3.363987221607890  19.349234565752511  13.395172403324779  0.003220972116161  5.638312402023241  0.738166740434369  3.374130671254666  14.016625496617936 -154.589438773159458
        0.000000013496930  3.363987171480574  19.349234854078574  13.395172403324779  0.003220972116161  5.638312402023241  0.738166740434369  3.374130671254666  14.016625496617936 -154.589438773159458
        0.000000001207974  3.363987171480574  19.349234565752511  13.395172602928401  0.003220972116161  5.638312402023241  0.738166740434369  3.374130671254666  14.016625496617936 -154.589438773159458
        0.000000000474280  3.363987171480574  19.349234565752511  13.395172403324779  0.003220987017322  5.638312402023241  0.738166740434369  3.374130671254666  14.016625496617936 -154.589438773159458
        0.000000000718280  3.363987171480574  19.349234565752511  13.395172403324779  0.003220972116161  5.638312486040643  0.738166740434369  3.374130671254666  14.016625496617936 -154.589438773159458
        0.000000002304755  3.363987171480574  19.349234565752511  13.395172403324779  0.003220972116161  5.638312402023241  0.738166755335531  3.374130671254666  14.016625496617936 -154.589438773159458
        0.000000002608432  3.363987171480574  19.349234565752511  13.395172403324779  0.003220972116161  5.638312402023241  0.738166740434369  3.374130721533131  14.016625496617936 -154.589438773159458
        0.000000004277485  3.363987171480574  19.349234565752511  13.395172403324779  0.003220972116161  5.638312402023241  0.738166740434369  3.374130671254666  14.016625705481932 -154.589438773159458
        0.000015277471537  3.363987171480574  19.349234565752511  13.395172403324779  0.003220972116161  5.638312402023241  0.738166740434369  3.374130671254666  14.016625496617936 -154.589441076721613
        0.000043576910484  3.362820139186310  19.494869913946129  13.391812331167474  0.003276021024312  5.571557192316658  0.741174366378506  3.373806304397589  14.045104835327900 -154.589439911023362
        0.000000014678014  3.362820189296235  19.494869913946129  13.391812331167474  0.003276021024312  5.571557192316658  0.741174366378506  3.373806304397589  14.045104835327900 -154.589439911023362
        0.000000013475299  3.362820139186310  19.494870204442329  13.391812331167474  0.003276021024312  5.571557192316658  0.741174366378506  3.373806304397589  14.045104835327900 -154.589439911023362
        0.000000001213041  3.362820139186310  19.494869913946129  13.391812530721028  0.003276021024312  5.571557192316658  0.741174366378506  3.373806304397589  14.045104835327900 -154.589439911023362
        0.000000000474488  3.362820139186310  19.494869913946129  13.391812331167474  0.003276035925473  5.571557192316658  0.741174366378506  3.373806304397589  14.045104835327900 -154.589439911023362
        0.000000000705873  3.362820139186310  19.494869913946129  13.391812331167474  0.003276021024312  5.571557275339329  0.741174366378506  3.373806304397589  14.045104835327900 -154.589439911023362
        0.000000002319207  3.362820139186310  19.494869913946129  13.391812331167474  0.003276021024312  5.571557192316658  0.741174381279667  3.373806304397589  14.045104835327900 -154.589439911023362
        0.000000002611201  3.362820139186310  19.494869913946129  13.391812331167474  0.003276021024312  5.571557192316658  0.741174366378506  3.373806354671221  14.045104835327900 -154.589439911023362
        0.000000004273177  3.362820139186310  19.494869913946129  13.391812331167474  0.003276021024312  5.571557192316658  0.741174366378506  3.373806304397589  14.045105044616271 -154.589439911023362
        0.000015277471687  3.362820139186310  19.494869913946129  13.391812331167474  0.003276021024312  5.571557192316658  0.741174366378506  3.373806304397589  14.045104835327900 -154.589442214585517
        0.000104829366511  3.366708928831673  19.439057761213579  12.981814664596738  0.002579245836027  5.215492511761074  0.751435288980576  3.375286948340655  13.927256413674034 -154.589455739752026
        0.000000014713548  3.366708978999545  19.439057761213579  12.981814664596738  0.002579245836027  5.215492511761074  0.751435288980576  3.375286948340655  13.927256413674034 -154.589455739752026
        0.000000013484035  3.366708928831673  19.439058050878113  12.981814664596738  0.002579245836027  5.215492511761074  0.751435288980576  3.375286948340655  13.927256413674034 -154.589455739752026
        0.000000001230162  3.366708928831673  19.439057761213579  12.981814858040851  0.002579245836027  5.215492511761074  0.751435288980576  3.375286948340655  13.927256413674034 -154.589455739752026
        0.000000000471594  3.366708928831673  19.439057761213579  12.981814664596738  0.002579260737189  5.215492511761074  0.751435288980576  3.375286948340655  13.927256413674034 -154.589455739752026
        0.000000000663978  3.366708928831673  19.439057761213579  12.981814664596738  0.002579245836027  5.215492589477968  0.751435288980576  3.375286948340655  13.927256413674034 -154.589455739752026
        0.000000002360397  3.366708928831673  19.439057761213579  12.981814664596738  0.002579245836027  5.215492511761074  0.751435303881737  3.375286948340655  13.927256413674034 -154.589455739752026
        0.000000002574331  3.366708928831673  19.439057761213579  12.981814664596738  0.002579245836027  5.215492511761074  0.751435288980576  3.375286998636350  13.927256413674034 -154.589455739752026
        0.000000004323876  3.366708928831673  19.439057761213579  12.981814664596738  0.002579245836027  5.215492511761074  0.751435288980576  3.375286948340655  13.927256621206327 -154.589455739752026
        0.000015277477317  3.366708928831673  19.439057761213579  12.981814664596738  0.002579245836027  5.215492511761074  0.751435288980576  3.375286948340655  13.927256413674034 -154.589458043314437
        0.000035184821141  3.366708734933054  19.439061178011414  12.979260184167012  0.002624944440774  5.215495977997843  0.751585341059628  3.375287528176219  13.927255365623523 -154.589455743347997
        0.000000014716399  3.366708785100924  19.439061178011414  12.979260184167012  0.002624944440774  5.215495977997843  0.751585341059628  3.375287528176219  13.927255365623523 -154.589455743347997
        0.000000013486543  3.366708734933054  19.439061467675998  12.979260184167012  0.002624944440774  5.215495977997843  0.751585341059628  3.375287528176219  13.927255365623523 -154.589455743347997
        0.000000001230219  3.366708734933054  19.439061178011414  12.979260377573061  0.002624944440774  5.215495977997843  0.751585341059628  3.375287528176219  13.927255365623523 -154.589455743347997
        0.000000000471594  3.366708734933054  19.439061178011414  12.979260184167012  0.002624959341935  5.215495977997843  0.751585341059628  3.375287528176219  13.927255365623523 -154.589455743347997
        0.000000000663958  3.366708734933054  19.439061178011414  12.979260184167012  0.002624944440774  5.215496055714790  0.751585341059628  3.375287528176219  13.927255365623523 -154.589455743347997
        0.000000002360222  3.366708734933054  19.439061178011414  12.979260184167012  0.002624944440774  5.215495977997843  0.751585355960790  3.375287528176219  13.927255365623523 -154.589455743347997
        0.000000002574127  3.366708734933054  19.439061178011414  12.979260184167012  0.002624944440774  5.215495977997843  0.751585341059628  3.375287578471923  13.927255365623523 -154.589455743347997
        0.000000004323936  3.366708734933054  19.439061178011414  12.979260184167012  0.002624944440774  5.215495977997843  0.751585341059628  3.375287528176219  13.927255573155801 -154.589455743347997
        0.000015277477334  3.366708734933054  19.439061178011414  12.979260184167012  0.002624944440774  5.215495977997843  0.751585341059628  3.375287528176219  13.927255365623523 -154.589458046910408
        0.000013513246672  3.366709821221893  19.439060987030910  12.979260198987712  0.002624947122401  5.215495932124112  0.751585736598336  3.375287590085196  13.927255415041657 -154.589456020611834
        0.000000014716486  3.366709871389779  19.439060987030910  12.979260198987712  0.002624947122401  5.215495932124112  0.751585736598336  3.375287590085196  13.927255415041657 -154.589456020611834
        0.000000013486630  3.366709821221893  19.439061276695490  12.979260198987712  0.002624947122401  5.215495932124112  0.751585736598336  3.375287590085196  13.927255415041657 -154.589456020611834
        0.000000001230222  3.366709821221893  19.439060987030910  12.979260392393760  0.002624947122401  5.215495932124112  0.751585736598336  3.375287590085196  13.927255415041657 -154.589456020611834
        0.000000000471606  3.366709821221893  19.439060987030910  12.979260198987712  0.002624962023562  5.215495932124112  0.751585736598336  3.375287590085196  13.927255415041657 -154.589456020611834
        0.000000000663976  3.366709821221893  19.439060987030910  12.979260198987712  0.002624947122401  5.215496009841058  0.751585736598336  3.375287590085196  13.927255415041657 -154.589456020611834
        0.000000002360225  3.366709821221893  19.439060987030910  12.979260198987712  0.002624947122401  5.215495932124112  0.751585751499497  3.375287590085196  13.927255415041657 -154.589456020611834
        0.000000002574120  3.366709821221893  19.439060987030910  12.979260198987712  0.002624947122401  5.215495932124112  0.751585736598336  3.375287640380900  13.927255415041657 -154.589456020611834
        0.000000004323962  3.366709821221893  19.439060987030910  12.979260198987712  0.002624947122401  5.215495932124112  0.751585736598336  3.375287590085196  13.927255622573934 -154.589456020611834
        0.000015277477304  3.366709821221893  19.439060987030910  12.979260198987712  0.002624947122401  5.215495932124112  0.751585736598336  3.375287590085196  13.927255415041657 -154.589458324174245
2023-06-01 19:17:31.772719
