/projects/wagner/highthroughput/mick_graphene_paper/3_data/kc_fitting_dft
2022-08-18 04:19:40.074589
energy_inf: -154.87065645278034
     2535.672725874616845  3.416084000000000  20.021583000000000  10.905510700000001  4.275635400000000  0.010010836000000  0.844712200000000  2.936058400000000  14.313258800000000 -154.870656452780338
        0.000000018717218  3.416084050903618  20.021583000000000  10.905510700000001  4.275635400000000  0.010010836000000  0.844712200000000  2.936058400000000  14.313258800000000 -154.870656452780338
        0.000000019282189  3.416084000000000  20.021583298344837  10.905510700000001  4.275635400000000  0.010010836000000  0.844712200000000  2.936058400000000  14.313258800000000 -154.870656452780338
        0.000000002760085  3.416084000000000  20.021583000000000  10.905510862504773  4.275635400000000  0.010010836000000  0.844712200000000  2.936058400000000  14.313258800000000 -154.870656452780338
        0.000000000499340  3.416084000000000  20.021583000000000  10.905510700000001  4.275635463711932  0.010010836000000  0.844712200000000  2.936058400000000  14.313258800000000 -154.870656452780338
        0.000000000455390  3.416084000000000  20.021583000000000  10.905510700000001  4.275635400000000  0.010010850901161  0.844712200000000  2.936058400000000  14.313258800000000 -154.870656452780338
        0.000000007626080  3.416084000000000  20.021583000000000  10.905510700000001  4.275635400000000  0.010010836000000  0.844712214901161  2.936058400000000  14.313258800000000 -154.870656452780338
        0.000000008542471  3.416084000000000  20.021583000000000  10.905510700000001  4.275635400000000  0.010010836000000  0.844712200000000  2.936058443750679  14.313258800000000 -154.870656452780338
        0.000000009622645  3.416084000000000  20.021583000000000  10.905510700000001  4.275635400000000  0.010010836000000  0.844712200000000  2.936058400000000  14.313259013284176 -154.870656452780338
        0.000037770100898  3.416084000000000  20.021583000000000  10.905510700000001  4.275635400000000  0.010010836000000  0.844712200000000  2.936058400000000  14.313258800000000 -154.870658760532962
        0.323983401789535  3.395391539476517  0.110643137742223  1.265306870201162  6.515019331259454  29.312870274397604  0.216546948146638  2.935300435453118  14.293445242428318 -154.870608006419474
        0.227773445737979  3.367009707314923  16.994334337927285  9.034946701333890  5.228211962846945  8.436154560811280  0.708844353489866  2.896610936374625  14.267179155199136 -154.870581120282253
        0.000000016913148  3.367009757487277  16.994334337927285  9.034946701333890  5.228211962846945  8.436154560811280  0.708844353489866  2.896610936374625  14.267179155199136 -154.870581120282253
        0.000000016024512  3.367009707314923  16.994334591162598  9.034946701333890  5.228211962846945  8.436154560811280  0.708844353489866  2.896610936374625  14.267179155199136 -154.870581120282253
        0.000000001965260  3.367009707314923  16.994334337927285  9.034946835965087  5.228211962846945  8.436154560811280  0.708844353489866  2.896610936374625  14.267179155199136 -154.870581120282253
        0.000000000233974  3.367009707314923  16.994334337927285  9.034946701333890  5.228212040753374  8.436154560811280  0.708844353489866  2.896610936374625  14.267179155199136 -154.870581120282253
        0.000000001970851  3.367009707314923  16.994334337927285  9.034946701333890  5.228211962846945  8.436154686519780  0.708844353489866  2.896610936374625  14.267179155199136 -154.870581120282253
        0.000000003805361  3.367009707314923  16.994334337927285  9.034946701333890  5.228211962846945  8.436154560811280  0.708844368391027  2.896610936374625  14.267179155199136 -154.870581120282253
        0.000000009484496  3.367009707314923  16.994334337927285  9.034946701333890  5.228211962846945  8.436154560811280  0.708844353489866  2.896610979537491  14.267179155199136 -154.870581120282253
        0.000000006276188  3.367009707314923  16.994334337927285  9.034946701333890  5.228211962846945  8.436154560811280  0.708844353489866  2.896610936374625  14.267179367796672 -154.870581120282253
        0.000037770894940  3.367009707314923  16.994334337927285  9.034946701333890  5.228211962846945  8.436154560811280  0.708844353489866  2.896610936374625  14.267179155199136 -154.870583428033740
        0.032411410031296  3.353929394909482  24.055634015103028  16.177780096091489  0.245106038743420  0.011699800112314  1.018791085760645  2.895220650808222  14.258898429163601 -154.870445738468760
        0.026480824346657  3.357606396910604  19.308910424720462  9.792090735938679  5.856871922962486  5.992967871063261  0.769489707514532  2.920160618771858  14.259062897635225 -154.870386461315377
        0.000000017146041  3.357606446942838  19.308910424720462  9.792090735938679  5.856871922962486  5.992967871063261  0.769489707514532  2.920160618771858  14.259062897635225 -154.870386461315377
        0.000000016096923  3.357606396910604  19.308910712445648  9.792090735938679  5.856871922962486  5.992967871063261  0.769489707514532  2.920160618771858  14.259062897635225 -154.870386461315377
        0.000000002213732  3.357606396910604  19.308910424720462  9.792090881852202  5.856871922962486  5.992967871063261  0.769489707514532  2.920160618771858  14.259062897635225 -154.870386461315377
        0.000000000297576  3.357606396910604  19.308910424720462  9.792090735938679  5.856872010236678  5.992967871063261  0.769489707514532  2.920160618771858  14.259062897635225 -154.870386461315377
        0.000000000993941  3.357606396910604  19.308910424720462  9.792090735938679  5.856871922962486  5.992967960365441  0.769489707514532  2.920160618771858  14.259062897635225 -154.870386461315377
        0.000000005165656  3.357606396910604  19.308910424720462  9.792090735938679  5.856871922962486  5.992967871063261  0.769489722415694  2.920160618771858  14.259062897635225 -154.870386461315377
        0.000000009673670  3.357606396910604  19.308910424720462  9.792090735938679  5.856871922962486  5.992967871063261  0.769489707514532  2.920160662285642  14.259062897635225 -154.870386461315377
        0.000000006471280  3.357606396910604  19.308910424720462  9.792090735938679  5.856871922962486  5.992967871063261  0.769489707514532  2.920160618771858  14.259063110111819 -154.870386461315377
        0.000037770995859  3.357606396910604  19.308910424720462  9.792090735938679  5.856871922962486  5.992967871063261  0.769489707514532  2.920160618771858  14.259062897635225 -154.870388769063965
        0.003373413991286  3.359577146734585  19.264598169500065  9.942607010755978  5.848997006285565  5.979422871832215  0.764633961780051  2.917987837414418  14.350446297010318 -154.870219450384582
        0.000000017100772  3.359577196796185  19.264598169500065  9.942607010755978  5.848997006285565  5.979422871832215  0.764633961780051  2.917987837414418  14.350446297010318 -154.870219450384582
        0.000000016128739  3.359577146734585  19.264598456564947  9.942607010755978  5.848997006285565  5.979422871832215  0.764633961780051  2.917987837414418  14.350446297010318 -154.870219450384582
        0.000000002210913  3.359577146734585  19.264598169500065  9.942607158912368  5.848997006285565  5.979422871832215  0.764633961780051  2.917987837414418  14.350446297010318 -154.870219450384582
        0.000000000297311  3.359577146734585  19.264598169500065  9.942607010755978  5.848997093442412  5.979422871832215  0.764633961780051  2.917987837414418  14.350446297010318 -154.870219450384582
        0.000000001005286  3.359577146734585  19.264598169500065  9.942607010755978  5.848997006285565  5.979422960932559  0.764633961780051  2.917987837414418  14.350446297010318 -154.870219450384582
        0.000000005224184  3.359577146734585  19.264598169500065  9.942607010755978  5.848997006285565  5.979422871832215  0.764633976681212  2.917987837414418  14.350446297010318 -154.870219450384582
        0.000000009700665  3.359577146734585  19.264598169500065  9.942607010755978  5.848997006285565  5.979422871832215  0.764633961780051  2.917987880895825  14.350446297010318 -154.870219450384582
        0.000000006592774  3.359577146734585  19.264598169500065  9.942607010755978  5.848997006285565  5.979422871832215  0.764633961780051  2.917987837414418  14.350446510848633 -154.870219450384582
        0.000037770870947  3.359577146734585  19.264598169500065  9.942607010755978  5.848997006285565  5.979422871832215  0.764633961780051  2.917987837414418  14.350446297010318 -154.870221758130697
        0.001640051518013  3.372663449360693  20.831307422276307  11.275384268380069  5.879461085725724  3.139935662156530  0.824592834848564  2.882962272518420  14.291054119443579 -154.869959468236317
        0.001534118231182  3.370782573759059  19.398610212480694  10.021910795857893  6.191965957886789  5.187930968679775  0.775441536927381  2.895380351437746  14.343314520024540 -154.869957452560755
        0.000000017141273  3.370782623987633  19.398610212480694  10.021910795857893  6.191965957886789  5.187930968679775  0.775441536927381  2.895380351437746  14.343314520024540 -154.869957452560755
        0.000000016173189  3.370782573759059  19.398610501542510  10.021910795857893  6.191965957886789  5.187930968679775  0.775441536927381  2.895380351437746  14.343314520024540 -154.869957452560755
        0.000000002301799  3.370782573759059  19.398610212480694  10.021910945196002  6.191965957886789  5.187930968679775  0.775441536927381  2.895380351437746  14.343314520024540 -154.869957452560755
        0.000000000331475  3.370782573759059  19.398610212480694  10.021910795857893  6.191966050154272  5.187930968679775  0.775441536927381  2.895380351437746  14.343314520024540 -154.869957452560755
        0.000000000738214  3.370782573759059  19.398610212480694  10.021910795857893  6.191965957886789  5.187931045985970  0.775441536927381  2.895380351437746  14.343314520024540 -154.869957452560755
        0.000000005779912  3.370782573759059  19.398610212480694  10.021910795857893  6.191965957886789  5.187930968679775  0.775441551828543  2.895380351437746  14.343314520024540 -154.869957452560755
        0.000000009857629  3.370782573759059  19.398610212480694  10.021910795857893  6.191965957886789  5.187930968679775  0.775441536927381  2.895380394582275  14.343314520024540 -154.869957452560755
        0.000000007007456  3.370782573759059  19.398610212480694  10.021910795857893  6.191965957886789  5.187930968679775  0.775441536927381  2.895380351437746  14.343314733756582 -154.869957452560755
        0.000037770638313  3.370782573759059  19.398610212480694  10.021910795857893  6.191965957886789  5.187930968679775  0.775441536927381  2.895380351437746  14.343314520024540 -154.869959760302947
        0.000602223921613  3.373024934489655  20.282945352689847  10.823859452846945  6.161812182318389  3.904255157508502  0.801989084823237  2.884430643392705  14.316223983948037 -154.869933558734687
        0.000432943011221  3.372964609445683  19.575241458023218  10.200931901608085  6.225541800229090  4.830567374899250  0.781554032678340  2.890189586373872  14.320122356963527 -154.869932475053162
        0.000000017136438  3.372964659706772  19.575241458023218  10.200931901608085  6.225541800229090  4.830567374899250  0.781554032678340  2.890189586373872  14.320122356963527 -154.869932475053162
        0.000000016160745  3.372964609445683  19.575241749717048  10.200931901608085  6.225541800229090  4.830567374899250  0.781554032678340  2.890189586373872  14.320122356963527 -154.869932475053162
        0.000000002336373  3.372964609445683  19.575241458023218  10.200932053613815  6.225541800229090  4.830567374899250  0.781554032678340  2.890189586373872  14.320122356963527 -154.869932475053162
        0.000000000338131  3.372964609445683  19.575241458023218  10.200931901608085  6.225541892996891  4.830567374899250  0.781554032678340  2.890189586373872  14.320122356963527 -154.869932475053162
        0.000000000619984  3.372964609445683  19.575241458023218  10.200931901608085  6.225541800229090  4.830567446880313  0.781554032678340  2.890189586373872  14.320122356963527 -154.869932475053162
        0.000000005997302  3.372964609445683  19.575241458023218  10.200931901608085  6.225541800229090  4.830567374899250  0.781554047579501  2.890189586373872  14.320122356963527 -154.869932475053162
        0.000000009892188  3.372964609445683  19.575241458023218  10.200931901608085  6.225541800229090  4.830567374899250  0.781554032678340  2.890189629441053  14.320122356963527 -154.869932475053162
        0.000000007114823  3.372964609445683  19.575241458023218  10.200931901608085  6.225541800229090  4.830567374899250  0.781554032678340  2.890189586373872  14.320122570349978 -154.869932475053162
        0.000037770612476  3.372964609445683  19.575241458023218  10.200931901608085  6.225541800229090  4.830567374899250  0.781554032678340  2.890189586373872  14.320122356963527 -154.869934782794985
        0.000045442934128  3.370505487846148  19.850380719195098  10.395035483770387  6.258503799938506  4.691362961035060  0.785299530700891  2.888927736661295  14.384346542149760 -154.869931132762417
        0.000000017113365  3.370505538070593  19.850380719195098  10.395035483770387  6.258503799938506  4.691362961035060  0.785299530700891  2.888927736661295  14.384346542149760 -154.869931132762417
        0.000000016142124  3.370505487846148  19.850381014988820  10.395035483770387  6.258503799938506  4.691362961035060  0.785299530700891  2.888927736661295  14.384346542149760 -154.869931132762417
        0.000000002352355  3.370505487846148  19.850380719195098  10.395035638668487  6.258503799938506  4.691362961035060  0.785299530700891  2.888927736661295  14.384346542149760 -154.869931132762417
        0.000000000339106  3.370505487846148  19.850380719195098  10.395035483770387  6.258503893197480  4.691362961035060  0.785299530700891  2.888927736661295  14.384346542149760 -154.869931132762417
        0.000000000563372  3.370505487846148  19.850380719195098  10.395035483770387  6.258503799938506  4.691363030941816  0.785299530700891  2.888927736661295  14.384346542149760 -154.869931132762417
        0.000000006089578  3.370505487846148  19.850380719195098  10.395035483770387  6.258503799938506  4.691362961035060  0.785299545602052  2.888927736661295  14.384346542149760 -154.869931132762417
        0.000000009941387  3.370505487846148  19.850380719195098  10.395035483770387  6.258503799938506  4.691362961035060  0.785299530700891  2.888927779709673  14.384346542149760 -154.869931132762417
        0.000000007102516  3.370505487846148  19.850380719195098  10.395035483770387  6.258503799938506  4.691362961035060  0.785299530700891  2.888927736661295  14.384346756493226 -154.869931132762417
        0.000037770611162  3.370505487846148  19.850380719195098  10.395035483770387  6.258503799938506  4.691362961035060  0.785299530700891  2.888927736661295  14.384346542149760 -154.869933440504212
        0.000026688635548  3.369633161649160  19.995179469669498  10.502925394346553  6.269034423820824  4.581899283033843  0.787829928122643  2.888075264958444  14.407528224623617 -154.869930682257376
        0.000000017102287  3.369633211860607  19.995179469669498  10.502925394346553  6.269034423820824  4.581899283033843  0.787829928122643  2.888075264958444  14.407528224623617 -154.869930682257376
        0.000000016132211  3.369633161649160  19.995179767620890  10.502925394346553  6.269034423820824  4.581899283033843  0.787829928122643  2.888075264958444  14.407528224623617 -154.869930682257376
        0.000000002363647  3.369633161649160  19.995179469669498  10.502925550852337  6.269034423820824  4.581899283033843  0.787829928122643  2.888075264958444  14.407528224623617 -154.869930682257376
        0.000000000340044  3.369633161649160  19.995179469669498  10.502925394346553  6.269034517236717  4.581899283033843  0.787829928122643  2.888075264958444  14.407528224623617 -154.869930682257376
        0.000000000523973  3.369633161649160  19.995179469669498  10.502925394346553  6.269034423820824  4.581899351309462  0.787829928122643  2.888075264958444  14.407528224623617 -154.869930682257376
        0.000000006153947  3.369633161649160  19.995179469669498  10.502925394346553  6.269034423820824  4.581899283033843  0.787829943023804  2.888075264958444  14.407528224623617 -154.869930682257376
        0.000000009962057  3.369633161649160  19.995179469669498  10.502925394346553  6.269034423820824  4.581899283033843  0.787829928122643  2.888075307994119  14.407528224623617 -154.869930682257376
        0.000000007108527  3.369633161649160  19.995179469669498  10.502925394346553  6.269034423820824  4.581899283033843  0.787829928122643  2.888075264958444  14.407528439312518 -154.869930682257376
        0.000037770610652  3.369633161649160  19.995179469669498  10.502925394346553  6.269034423820824  4.581899283033843  0.787829928122643  2.888075264958444  14.407528224623617 -154.869932989999171
        0.000092559772135  3.365545496105071  20.474663266064219  10.835407342539032  6.334587563839468  4.320635241532440  0.794298656756708  2.886036658729795  14.512424610206210 -154.869930587791856
        0.000000017065129  3.365545546255607  20.474663266064219  10.835407342539032  6.334587563839468  4.320635241532440  0.794298656756708  2.886036658729795  14.512424610206210 -154.869930587791856
        0.000000016102011  3.365545496105071  20.474663571160477  10.835407342539032  6.334587563839468  4.320635241532440  0.794298656756708  2.886036658729795  14.512424610206210 -154.869930587791856
        0.000000002392466  3.365545496105071  20.474663266064219  10.835407503999184  6.334587563839468  4.320635241532440  0.794298656756708  2.886036658729795  14.512424610206210 -154.869930587791856
        0.000000000343116  3.365545496105071  20.474663266064219  10.835407342539032  6.334587658232179  4.320635241532440  0.794298656756708  2.886036658729795  14.512424610206210 -154.869930587791856
        0.000000000423871  3.365545496105071  20.474663266064219  10.835407342539032  6.334587563839468  4.320635305914922  0.794298656756708  2.886036658729795  14.512424610206210 -154.869930587791856
        0.000000006318040  3.365545496105071  20.474663266064219  10.835407342539032  6.334587563839468  4.320635241532440  0.794298671657869  2.886036658729795  14.512424610206210 -154.869930587791856
        0.000000010043541  3.365545496105071  20.474663266064219  10.835407342539032  6.334587563839468  4.320635241532440  0.794298656756708  2.886036701735093  14.512424610206210 -154.869930587791856
        0.000000007090264  3.365545496105071  20.474663266064219  10.835407342539032  6.334587563839468  4.320635241532440  0.794298656756708  2.886036658729795  14.512424826458188 -154.869930587791856
        0.000037770610914  3.365545496105071  20.474663266064219  10.835407342539032  6.334587563839468  4.320635241532440  0.794298656756708  2.886036658729795  14.512424610206210 -154.869932895533651
        0.000036580069816  3.365363215381474  20.517586509947741  10.866861047918169  6.338764740649250  4.285175501460781  0.794951060890385  2.885638828809576  14.519203280813954 -154.869929644796400
        0.000000017060604  3.365363265529294  20.517586509947741  10.866861047918169  6.338764740649250  4.285175501460781  0.794951060890385  2.885638828809576  14.519203280813954 -154.869929644796400
        0.000000016099185  3.365363215381474  20.517586815683604  10.866861047918169  6.338764740649250  4.285175501460781  0.794951060890385  2.885638828809576  14.519203280813954 -154.869929644796400
        0.000000002396205  3.365363215381474  20.517586509947741  10.866861209847018  6.338764740649250  4.285175501460781  0.794951060890385  2.885638828809576  14.519203280813954 -154.869929644796400
        0.000000000343580  3.365363215381474  20.517586509947741  10.866861047918169  6.338764835104205  4.285175501460781  0.794951060890385  2.885638828809576  14.519203280813954 -154.869929644796400
        0.000000000412080  3.365363215381474  20.517586509947741  10.866861047918169  6.338764740649250  4.285175565314872  0.794951060890385  2.885638828809576  14.519203280813954 -154.869929644796400
        0.000000006339420  3.365363215381474  20.517586509947741  10.866861047918169  6.338764740649250  4.285175501460781  0.794951075791546  2.885638828809576  14.519203280813954 -154.869929644796400
        0.000000010049978  3.365363215381474  20.517586509947741  10.866861047918169  6.338764740649250  4.285175501460781  0.794951060890385  2.885638871808945  14.519203280813954 -154.869929644796400
        0.000000007094799  3.365363215381474  20.517586509947741  10.866861047918169  6.338764740649250  4.285175501460781  0.794951060890385  2.885638828809576  14.519203497166943 -154.869929644796400
        0.000037770609655  3.365363215381474  20.517586509947741  10.866861047918169  6.338764740649250  4.285175501460781  0.794951060890385  2.885638828809576  14.519203280813954 -154.869931952538195
        0.000039656495698  3.365525160845148  20.586676912958829  10.926057176562908  6.340646135531839  4.182292784490753  0.796853268865159  2.884927477661113  14.515762877911749 -154.869929059803070
        0.000000017057010  3.365525210995381  20.586676912958829  10.926057176562908  6.340646135531839  4.182292784490753  0.796853268865159  2.884927477661113  14.515762877911749 -154.869929059803070
        0.000000016094332  3.365525160845148  20.586677219724219  10.926057176562908  6.340646135531839  4.182292784490753  0.796853268865159  2.884927477661113  14.515762877911749 -154.869929059803070
        0.000000002405646  3.365525160845148  20.586676912958829  10.926057339373848  6.340646135531839  4.182292784490753  0.796853268865159  2.884927477661113  14.515762877911749 -154.869929059803070
        0.000000000344953  3.365525160845148  20.586676912958829  10.926057176562908  6.340646230014829  4.182292784490753  0.796853268865159  2.884927477661113  14.515762877911749 -154.869929059803070
        0.000000000380343  3.365525160845148  20.586676912958829  10.926057176562908  6.340646135531839  4.182292846811771  0.796853268865159  2.884927477661113  14.515762877911749 -154.869929059803070
        0.000000006393902  3.365525160845148  20.586676912958829  10.926057176562908  6.340646135531839  4.182292784490753  0.796853283766320  2.884927477661113  14.515762877911749 -154.869929059803070
        0.000000010054431  3.365525160845148  20.586676912958829  10.926057176562908  6.340646135531839  4.182292784490753  0.796853268865159  2.884927520649883  14.515762877911749 -154.869929059803070
        0.000000007114872  3.365525160845148  20.586676912958829  10.926057176562908  6.340646135531839  4.182292784490753  0.796853268865159  2.884927477661113  14.515763094213472 -154.869929059803070
        0.000037770608763  3.365525160845148  20.586676912958829  10.926057176562908  6.340646135531839  4.182292784490753  0.796853268865159  2.884927477661113  14.515762877911749 -154.869931367544837
        0.000046240376313  3.365525803420180  20.739582086274385  11.054835498685502  6.339794622226233  3.982999875242504  0.800707424942501  2.883729069962071  14.515056864088988 -154.869929438857156
        0.000000017049006  3.365525853570423  20.739582086274385  11.054835498685502  6.339794622226233  3.982999875242504  0.800707424942501  2.883729069962071  14.515056864088988 -154.869929438857156
        0.000000016084343  3.365525803420180  20.739582395318241  11.054835498685502  6.339794622226233  3.982999875242504  0.800707424942501  2.883729069962071  14.515056864088988 -154.869929438857156
        0.000000002423977  3.365525803420180  20.739582086274385  11.054835663415389  6.339794622226233  3.982999875242504  0.800707424942501  2.883729069962071  14.515056864088988 -154.869929438857156
        0.000000000347481  3.365525803420180  20.739582086274385  11.054835498685502  6.339794716696534  3.982999875242504  0.800707424942501  2.883729069962071  14.515056864088988 -154.869929438857156
        0.000000000320546  3.365525803420180  20.739582086274385  11.054835498685502  6.339794622226233  3.982999934593827  0.800707424942501  2.883729069962071  14.515056864088988 -154.869929438857156
        0.000000006497884  3.365525803420180  20.739582086274385  11.054835498685502  6.339794622226233  3.982999875242504  0.800707439843662  2.883729069962071  14.515056864088988 -154.869929438857156
        0.000000010064320  3.365525803420180  20.739582086274385  11.054835498685502  6.339794622226233  3.982999875242504  0.800707424942501  2.883729112932982  14.515056864088988 -154.869929438857156
        0.000000007148031  3.365525803420180  20.739582086274385  11.054835498685502  6.339794622226233  3.982999875242504  0.800707424942501  2.883729069962071  14.515057080380190 -154.869929438857156
        0.000037770609636  3.365525803420180  20.739582086274385  11.054835498685502  6.339794622226233  3.982999875242504  0.800707424942501  2.883729069962071  14.515056864088988 -154.869931746598951
        0.000042754666880  3.364235765254858  20.958225283110252  11.215261899501703  6.360140969399842  3.814818848213284  0.804266011682990  2.882512934408052  14.548899765038740 -154.869929124837142
        0.000000017033503  3.364235815385878  20.958225283110252  11.215261899501703  6.360140969399842  3.814818848213284  0.804266011682990  2.882512934408052  14.548899765038740 -154.869929124837142
        0.000000016071334  3.364235765254858  20.958225595412145  11.215261899501703  6.360140969399842  3.814818848213284  0.804266011682990  2.882512934408052  14.548899765038740 -154.869929124837142
        0.000000002440922  3.364235765254858  20.958225283110252  11.215262066622129  6.360140969399842  3.814818848213284  0.804266011682990  2.882512934408052  14.548899765038740 -154.869929124837142
        0.000000000349992  3.364235765254858  20.958225283110252  11.215261899501703  6.360141064173328  3.814818848213284  0.804266011682990  2.882512934408052  14.548899765038740 -154.869929124837142
        0.000000000269382  3.364235765254858  20.958225283110252  11.215261899501703  6.360140969399842  3.814818905058515  0.804266011682990  2.882512934408052  14.548899765038740 -154.869929124837142
        0.000000006592436  3.364235765254858  20.958225283110252  11.215261899501703  6.360140969399842  3.814818848213284  0.804266026584151  2.882512934408052  14.548899765038740 -154.869929124837142
        0.000000010093761  3.364235765254858  20.958225283110252  11.215261899501703  6.360140969399842  3.814818848213284  0.804266011682990  2.882512977360842  14.548899765038740 -154.869929124837142
        0.000000007156454  3.364235765254858  20.958225283110252  11.215261899501703  6.360140969399842  3.814818848213284  0.804266011682990  2.882512934408052  14.548899981834241 -154.869929124837142
        0.000037770608922  3.364235765254858  20.958225283110252  11.215261899501703  6.360140969399842  3.814818848213284  0.804266011682990  2.882512934408052  14.548899765038740 -154.869931432578909
        0.000032384323428  3.362763428917279  21.145093212204106  11.343566442879954  6.389897950329183  3.705190748394500  0.806591401973914  2.881641166099017  14.587906446485270 -154.869928608365171
        0.000000017019189  3.362763479026359  21.145093212204106  11.343566442879954  6.389897950329183  3.705190748394500  0.806591401973914  2.881641166099017  14.587906446485270 -154.869928608365171
        0.000000016060977  3.362763428917279  21.145093527290548  11.343566442879954  6.389897950329183  3.705190748394500  0.806591401973914  2.881641166099017  14.587906446485270 -154.869928608365171
        0.000000002452622  3.362763428917279  21.145093212204106  11.343566611912266  6.389897950329183  3.705190748394500  0.806591401973914  2.881641166099017  14.587906446485270 -154.869928608365171
        0.000000000351914  3.362763428917279  21.145093212204106  11.343566442879954  6.389898045546082  3.705190748394500  0.806591401973914  2.881641166099017  14.587906446485270 -154.869928608365171
        0.000000000236901  3.362763428917279  21.145093212204106  11.343566442879954  6.389897950329183  3.705190803606144  0.806591401973914  2.881641166099017  14.587906446485270 -154.869928608365171
        0.000000006658431  3.362763428917279  21.145093212204106  11.343566442879954  6.389897950329183  3.705190748394500  0.806591416875075  2.881641166099017  14.587906446485270 -154.869928608365171
        0.000000010124548  3.362763428917279  21.145093212204106  11.343566442879954  6.389897950329183  3.705190748394500  0.806591401973914  2.881641209038817  14.587906446485270 -154.869928608365171
        0.000000007152355  3.362763428917279  21.145093212204106  11.343566442879954  6.389897950329183  3.705190748394500  0.806591401973914  2.881641166099017  14.587906663862016 -154.869928608365171
        0.000037770608466  3.362763428917279  21.145093212204106  11.343566442879954  6.389897950329183  3.705190748394500  0.806591401973914  2.881641166099017  14.587906446485270 -154.869930916106938
        0.000049856044150  3.361030283268748  21.412963050758634  11.535577583531822  6.420834548452566  3.513744002999373  0.810535782791684  2.880281084955368  14.633436816088109 -154.869928335015601
        0.000000017000750  3.361030333352002  21.412963050758634  11.535577583531822  6.420834548452566  3.513744002999373  0.810535782791684  2.880281084955368  14.633436816088109 -154.869928335015601
        0.000000016046575  3.361030283268748  21.412963369836650  11.535577583531822  6.420834548452566  3.513744002999373  0.810535782791684  2.880281084955368  14.633436816088109 -154.869928335015601
        0.000000002472047  3.361030283268748  21.412963050758634  11.535577755425322  6.420834548452566  3.513744002999373  0.810535782791684  2.880281084955368  14.633436816088109 -154.869928335015601
        0.000000000355242  3.361030283268748  21.412963050758634  11.535577583531822  6.420834644130457  3.513744002999373  0.810535782791684  2.880281084955368  14.633436816088109 -154.869928335015601
        0.000000000192153  3.361030283268748  21.412963050758634  11.535577583531822  6.420834548452566  3.513744055358238  0.810535782791684  2.880281084955368  14.633436816088109 -154.869928335015601
        0.000000006765881  3.361030283268748  21.412963050758634  11.535577583531822  6.420834548452566  3.513744002999373  0.810535797692845  2.880281084955368  14.633436816088109 -154.869928335015601
        0.000000010162208  3.361030283268748  21.412963050758634  11.535577583531822  6.420834548452566  3.513744002999373  0.810535782791684  2.880281127874901  14.633436816088109 -154.869928335015601
        0.000000007157199  3.361030283268748  21.412963050758634  11.535577583531822  6.420834548452566  3.513744002999373  0.810535782791684  2.880281084955368  14.633437034143309 -154.869928335015601
        0.000037770608257  3.361030283268748  21.412963050758634  11.535577583531822  6.420834548452566  3.513744002999373  0.810535782791684  2.880281084955368  14.633436816088109 -154.869930642757367
        0.000024208514063  3.360169008010565  21.533011759813196  11.618083679316818  6.441859572974002  3.437086258372226  0.812004846112150  2.879667523356413  14.656848211925855 -154.869927787299304
        0.000000016991630  3.360169058080985  21.533011759813196  11.618083679316818  6.441859572974002  3.437086258372226  0.812004846112150  2.879667523356413  14.656848211925855 -154.869927787299304
        0.000000016040393  3.360169008010565  21.533012080680074  11.618083679316818  6.441859572974002  3.437086258372226  0.812004846112150  2.879667523356413  14.656848211925855 -154.869927787299304
        0.000000002480013  3.360169008010565  21.533011759813196  11.618083852439756  6.441859572974002  3.437086258372226  0.812004846112150  2.879667523356413  14.656848211925855 -154.869927787299304
        0.000000000356732  3.360169008010565  21.533011759813196  11.618083679316818  6.441859668965189  3.437086258372226  0.812004846112150  2.879667523356413  14.656848211925855 -154.869927787299304
        0.000000000178544  3.360169008010565  21.533011759813196  11.618083679316818  6.441859572974002  3.437086309588802  0.812004846112150  2.879667523356413  14.656848211925855 -154.869927787299304
        0.000000006811162  3.360169008010565  21.533011759813196  11.618083679316818  6.441859572974002  3.437086258372226  0.812004861013311  2.879667523356413  14.656848211925855 -154.869927787299304
        0.000000010181528  3.360169008010565  21.533011759813196  11.618083679316818  6.441859572974002  3.437086258372226  0.812004846112150  2.879667566266803  14.656848211925855 -154.869927787299304
        0.000000007156986  3.360169008010565  21.533011759813196  11.618083679316818  6.441859572974002  3.437086258372226  0.812004846112150  2.879667523356413  14.656848430329912 -154.869927787299304
        0.000037770607714  3.360169008010565  21.533011759813196  11.618083679316818  6.441859572974002  3.437086258372226  0.812004846112150  2.879667523356413  14.656848211925855 -154.869930095041070
        0.000075786641088  3.359297237785505  21.868304301671589  11.876679429314343  6.473167042847325  3.080498959614542  0.818411843481101  2.877429648157158  14.679281935192142 -154.869927895740290
        0.000000016973312  3.359297287842935  21.868304301671589  11.876679429314343  6.473167042847325  3.080498959614542  0.818411843481101  2.877429648157158  14.679281935192142 -154.869927895740290
        0.000000016022962  3.359297237785505  21.868304627534716  11.876679429314343  6.473167042847325  3.080498959614542  0.818411843481101  2.877429648157158  14.679281935192142 -154.869927895740290
        0.000000002513794  3.359297237785505  21.868304301671589  11.876679606290658  6.473167042847325  3.080498959614542  0.818411843481101  2.877429648157158  14.679281935192142 -154.869927895740290
        0.000000000363364  3.359297237785505  21.868304301671589  11.876679429314343  6.473167139305031  3.080498959614542  0.818411843481101  2.877429648157158  14.679281935192142 -154.869927895740290
        0.000000000170795  3.359297237785505  21.868304301671589  11.876679429314343  6.473167042847325  3.080499005517554  0.818411843481101  2.877429648157158  14.679281935192142 -154.869927895740290
        0.000000006999899  3.359297237785505  21.868304301671589  11.876679429314343  6.473167042847325  3.080498959614542  0.818411858382262  2.877429648157158  14.679281935192142 -154.869927895740290
        0.000000010214848  3.359297237785505  21.868304301671589  11.876679429314343  6.473167042847325  3.080498959614542  0.818411843481101  2.877429691034201  14.679281935192142 -154.869927895740290
        0.000000007201685  3.359297237785505  21.868304301671589  11.876679429314343  6.473167042847325  3.080498959614542  0.818411843481101  2.877429648157158  14.679282153930489 -154.869927895740290
        0.000037770607976  3.359297237785505  21.868304301671589  11.876679429314343  6.473167042847325  3.080498959614542  0.818411843481101  2.877429648157158  14.679281935192142 -154.869930203482056
        0.000024947124820  3.359033375772470  21.916535496318055  11.911594979000066  6.477391774583782  3.044213670576738  0.819090633282220  2.876989415725138  14.688161480535692 -154.869926723563765
        0.000000016968043  3.359033425825968  21.916535496318055  11.911594979000066  6.477391774583782  3.044213670576738  0.819090633282220  2.876989415725138  14.688161480535692 -154.869926723563765
        0.000000016020009  3.359033375772470  21.916535822899881  11.911594979000066  6.477391774583782  3.044213670576738  0.819090633282220  2.876989415725138  14.688161480535692 -154.869926723563765
        0.000000002517511  3.359033375772470  21.916535496318055  11.911595156496663  6.477391774583782  3.044213670576738  0.819090633282220  2.876989415725138  14.688161480535692 -154.869926723563765
        0.000000000364153  3.359033375772470  21.916535496318055  11.911594979000066  6.477391871104441  3.044213670576738  0.819090633282220  2.876989415725138  14.688161480535692 -154.869926723563765
        0.000000000174887  3.359033375772470  21.916535496318055  11.911594979000066  6.477391774583782  3.044213715939057  0.819090633282220  2.876989415725138  14.688161480535692 -154.869926723563765
        0.000000007020232  3.359033375772470  21.916535496318055  11.911594979000066  6.477391774583782  3.044213670576738  0.819090648183382  2.876989415725138  14.688161480535692 -154.869926723563765
        0.000000010221682  3.359033375772470  21.916535496318055  11.911594979000066  6.477391774583782  3.044213670576738  0.819090633282220  2.876989458595621  14.688161480535692 -154.869926723563765
        0.000000007204537  3.359033375772470  21.916535496318055  11.911594979000066  6.477391774583782  3.044213670576738  0.819090633282220  2.876989415725138  14.688161699406354 -154.869926723563765
        0.000037770606350  3.359033375772470  21.916535496318055  11.911594979000066  6.477391774583782  3.044213670576738  0.819090633282220  2.876989415725138  14.688161480535692 -154.869929031305503
        0.000066613969151  3.359046990209601  22.188049280453772  12.128511805128321  6.509590814394026  2.690221362968133  0.824826291282117  2.874874672342699  14.687042059878959 -154.869926973520421
        0.000000016955314  3.359047040263302  22.188049280453772  12.128511805128321  6.509590814394026  2.690221362968133  0.824826291282117  2.874874672342699  14.687042059878959 -154.869926973520421
        0.000000016006435  3.359046990209601  22.188049611081471  12.128511805128321  6.509590814394026  2.690221362968133  0.824826291282117  2.874874672342699  14.687042059878959 -154.869926973520421
        0.000000002550357  3.359046990209601  22.188049280453772  12.128511985857230  6.509590814394026  2.690221362968133  0.824826291282117  2.874874672342699  14.687042059878959 -154.869926973520421
        0.000000000371163  3.359046990209601  22.188049280453772  12.128511805128321  6.509590911394488  2.690221362968133  0.824826291282117  2.874874672342699  14.687042059878959 -154.869926973520421
        0.000000000246360  3.359046990209601  22.188049280453772  12.128511805128321  6.509590814394026  2.690221403055555  0.824826291282117  2.874874672342699  14.687042059878959 -154.869926973520421
        0.000000007206530  3.359046990209601  22.188049280453772  12.128511805128321  6.509590814394026  2.690221362968133  0.824826306183278  2.874874672342699  14.687042059878959 -154.869926973520421
        0.000000010243075  3.359046990209601  22.188049280453772  12.128511805128321  6.509590814394026  2.690221362968133  0.824826291282117  2.874874715181670  14.687042059878959 -154.869926973520421
        0.000000007262629  3.359046990209601  22.188049280453772  12.128511805128321  6.509590814394026  2.690221362968133  0.824826291282117  2.874874672342699  14.687042278732941 -154.869926973520421
        0.000037770606775  3.359046990209601  22.188049280453772  12.128511805128321  6.509590814394026  2.690221362968133  0.824826291282117  2.874874672342699  14.687042059878959 -154.869929281262159
        0.000021687796850  3.358530256843885  22.257707360863126  12.176403022252416  6.521190897377706  2.648468797883120  0.825575441888997  2.874436455166186  14.702064730239995 -154.869926090831967
        0.000000016948996  3.358530306889886  22.257707360863126  12.176403022252416  6.521190897377706  2.648468797883120  0.825575441888997  2.874436455166186  14.702064730239995 -154.869926090831967
        0.000000016003002  3.358530256843885  22.257707692528811  12.176403022252416  6.521190897377706  2.648468797883120  0.825575441888997  2.874436455166186  14.702064730239995 -154.869926090831967
        0.000000002554711  3.358530256843885  22.257707360863126  12.176403203694960  6.521190897377706  2.648468797883120  0.825575441888997  2.874436455166186  14.702064730239995 -154.869926090831967
        0.000000000372161  3.358530256843885  22.257707360863126  12.176403022252416  6.521190994551023  2.648468797883120  0.825575441888997  2.874436455166186  14.702064730239995 -154.869926090831967
        0.000000000258011  3.358530256843885  22.257707360863126  12.176403022252416  6.521190897377706  2.648468837348380  0.825575441888997  2.874436455166186  14.702064730239995 -154.869926090831967
        0.000000007230831  3.358530256843885  22.257707360863126  12.176403022252416  6.521190897377706  2.648468797883120  0.825575456790158  2.874436455166186  14.702064730239995 -154.869926090831967
        0.000000010254505  3.358530256843885  22.257707360863126  12.176403022252416  6.521190897377706  2.648468797883120  0.825575441888997  2.874436497998627  14.702064730239995 -154.869926090831967
        0.000000007262046  3.358530256843885  22.257707360863126  12.176403022252416  6.521190897377706  2.648468797883120  0.825575441888997  2.874436455166186  14.702064949317831 -154.869926090831967
        0.000037770605902  3.358530256843885  22.257707360863126  12.176403022252416  6.521190897377706  2.648468797883120  0.825575441888997  2.874436455166186  14.702064730239995 -154.869928398573705
        0.000192221923170  3.352965344711617  23.069920750077202  12.736206699604846  6.676734035816051  2.097732902726800  0.835013085713884  2.870897516769914  14.846887475018082 -154.869926636049229
        0.000151456079019  3.358295441430938  22.400317932105086  12.285455204462195  6.545948716456563  2.484557037971432  0.828100905509013  2.873453369767261  14.707834867107124 -154.869926234186693
        0.000000016941543  3.358295491473439  22.400317932105086  12.285455204462195  6.545948716456563  2.484557037971432  0.828100905509013  2.873453369767261  14.707834867107124 -154.869926234186693
        0.000000015996454  3.358295441430938  22.400318265895834  12.285455204462195  6.545948716456563  2.484557037971432  0.828100905509013  2.873453369767261  14.707834867107124 -154.869926234186693
        0.000000002570018  3.358295441430938  22.400317932105086  12.285455387529744  6.545948716456563  2.484557037971432  0.828100905509013  2.873453369767261  14.707834867107124 -154.869926234186693
        0.000000000375563  3.358295441430938  22.400317932105086  12.285455204462195  6.545948813998800  2.484557037971432  0.828100905509013  2.873453369767261  14.707834867107124 -154.869926234186693
        0.000000000304597  3.358295441430938  22.400317932105086  12.285455204462195  6.545948716456563  2.484557074994217  0.828100905509013  2.873453369767261  14.707834867107124 -154.869926234186693
        0.000000007319033  3.358295441430938  22.400317932105086  12.285455204462195  6.545948716456563  2.484557037971432  0.828100920410174  2.873453369767261  14.707834867107124 -154.869926234186693
        0.000000010269262  3.358295441430938  22.400317932105086  12.285455204462195  6.545948716456563  2.484557037971432  0.828100905509013  2.873453412585053  14.707834867107124 -154.869926234186693
        0.000000007285088  3.358295441430938  22.400317932105086  12.285455204462195  6.545948716456563  2.484557037971432  0.828100905509013  2.873453369767261  14.707835086270942 -154.869926234186693
        0.000037770606150  3.358295441430938  22.400317932105086  12.285455204462195  6.545948716456563  2.484557037971432  0.828100905509013  2.873453369767261  14.707834867107124 -154.869928541928431
        0.000038758999179  3.357863963335392  22.551969989786244  12.401809468472736  6.558362741233298  2.327455585698605  0.830806700132132  2.872403733159030  14.719756599079110 -154.869925814301098
        0.000000016932613  3.357864013371464  22.551969989786244  12.401809468472736  6.558362741233298  2.327455585698605  0.830806700132132  2.872403733159030  14.719756599079110 -154.869925814301098
        0.000000015989554  3.357863963335392  22.551970325836784  12.401809468472736  6.558362741233298  2.327455585698605  0.830806700132132  2.872403733159030  14.719756599079110 -154.869925814301098
        0.000000002585057  3.357863963335392  22.551969989786244  12.401809653274098  6.558362741233298  2.327455585698605  0.830806700132132  2.872403733159030  14.719756599079110 -154.869925814301098
        0.000000000379112  3.357863963335392  22.551969989786244  12.401809468472736  6.558362838960518  2.327455585698605  0.830806700132132  2.872403733159030  14.719756599079110 -154.869925814301098
        0.000000000350604  3.357863963335392  22.551969989786244  12.401809468472736  6.558362741233298  2.327455620380396  0.830806700132132  2.872403733159030  14.719756599079110 -154.869925814301098
        0.000000007400433  3.357863963335392  22.551969989786244  12.401809468472736  6.558362741233298  2.327455585698605  0.830806715033293  2.872403733159030  14.719756599079110 -154.869925814301098
        0.000000010283574  3.357863963335392  22.551969989786244  12.401809468472736  6.558362741233298  2.327455585698605  0.830806700132132  2.872403775961181  14.719756599079110 -154.869925814301098
        0.000000007304093  3.357863963335392  22.551969989786244  12.401809468472736  6.558362741233298  2.327455585698605  0.830806700132132  2.872403733159030  14.719756818420576 -154.869925814301098
        0.000037770605808  3.357863963335392  22.551969989786244  12.401809468472736  6.558362741233298  2.327455585698605  0.830806700132132  2.872403733159030  14.719756599079110 -154.869928122042836
        0.000035636126878  3.357993814667371  22.666185882033549  12.494734401754126  6.571336811360825  2.168365221284745  0.833251909570647  2.871376185753629  14.716866001662245 -154.869925417245469
        0.000000016926846  3.357993864705378  22.666185882033549  12.494734401754126  6.571336811360825  2.168365221284745  0.833251909570647  2.871376185753629  14.716866001662245 -154.869925417245469
        0.000000015984191  3.357993814667371  22.666186219786038  12.494734401754126  6.571336811360825  2.168365221284745  0.833251909570647  2.871376185753629  14.716866001662245 -154.869925417245469
        0.000000002599889  3.357993814667371  22.666185882033549  12.494734587940178  6.571336811360825  2.168365221284745  0.833251909570647  2.871376185753629  14.716866001662245 -154.869925417245469
        0.000000000382595  3.357993814667371  22.666185882033549  12.494734401754126  6.571336909281374  2.168365221284745  0.833251909570647  2.871376185753629  14.716866001662245 -154.869925417245469
        0.000000000399242  3.357993814667371  22.666185882033549  12.494734401754126  6.571336811360825  2.168365253595905  0.833251909570647  2.871376185753629  14.716866001662245 -154.869925417245469
        0.000000007483692  3.357993814667371  22.666185882033549  12.494734401754126  6.571336811360825  2.168365221284745  0.833251924471808  2.871376185753629  14.716866001662245 -154.869925417245469
        0.000000010291333  3.357993814667371  22.666185882033549  12.494734401754126  6.571336811360825  2.168365221284745  0.833251909570647  2.871376228540468  14.716866001662245 -154.869925417245469
        0.000000007332533  3.357993814667371  22.666185882033549  12.494734401754126  6.571336811360825  2.168365221284745  0.833251909570647  2.871376185753629  14.716866220960638 -154.869925417245469
        0.000037770605028  3.357993814667371  22.666185882033549  12.494734401754126  6.571336811360825  2.168365221284745  0.833251909570647  2.871376185753629  14.716866001662245 -154.869927724987178
        0.000049006807015  3.356582952184441  22.920893652553808  12.675061917420960  6.619562029869014  1.966205871626286  0.836457945513463  2.870062696781654  14.754082007656901 -154.869925213028267
        0.000000016911213  3.356583002201425  22.920893652553808  12.675061917420960  6.619562029869014  1.966205871626286  0.836457945513463  2.870062696781654  14.754082007656901 -154.869925213028267
        0.000000015974170  3.356582952184441  22.920893994101739  12.675061917420960  6.619562029869014  1.966205871626286  0.836457945513463  2.870062696781654  14.754082007656901 -154.869925213028267
        0.000000002619519  3.356582952184441  22.920893652553808  12.675062106294101  6.619562029869014  1.966205871626286  0.836457945513463  2.870062696781654  14.754082007656901 -154.869925213028267
        0.000000000387354  3.356582952184441  22.920893652553808  12.675061917420960  6.619562128508175  1.966205871626286  0.836457945513463  2.870062696781654  14.754082007656901 -154.869925213028267
        0.000000000465798  3.356582952184441  22.920893652553808  12.675061917420960  6.619562029869014  1.966205900925037  0.836457945513463  2.870062696781654  14.754082007656901 -154.869925213028267
        0.000000007594004  3.356582952184441  22.920893652553808  12.675061917420960  6.619562029869014  1.966205871626286  0.836457960414625  2.870062696781654  14.754082007656901 -154.869925213028267
        0.000000010326561  3.356582952184441  22.920893652553808  12.675061917420960  6.619562029869014  1.966205871626286  0.836457945513463  2.870062739548922  14.754082007656901 -154.869925213028267
        0.000000007342692  3.356582952184441  22.920893652553808  12.675061917420960  6.619562029869014  1.966205871626286  0.836457945513463  2.870062696781654  14.754082227509855 -154.869925213028267
        0.000037770605001  3.356582952184441  22.920893652553808  12.675061917420960  6.619562029869014  1.966205871626286  0.836457945513463  2.870062696781654  14.754082007656901 -154.869927520769977
        0.000025496484935  3.356250625232958  22.988675407003068  12.723869128456490  6.630643300764980  1.909892033060679  0.837345157290925  2.869611973270507  14.763823102542684 -154.869924652568187
        0.000000016906446  3.356250675244989  22.988675407003068  12.723869128456490  6.630643300764980  1.909892033060679  0.837345157290925  2.869611973270507  14.763823102542684 -154.869924652568187
        0.000000015971478  3.356250625232958  22.988675749561025  12.723869128456490  6.630643300764980  1.909892033060679  0.837345157290925  2.869611973270507  14.763823102542684 -154.869924652568187
        0.000000002625054  3.356250625232958  22.988675407003068  12.723869318056915  6.630643300764980  1.909892033060679  0.837345157290925  2.869611973270507  14.763823102542684 -154.869924652568187
        0.000000000388736  3.356250625232958  22.988675407003068  12.723869128456490  6.630643399569265  1.909892033060679  0.837345157290925  2.869611973270507  14.763823102542684 -154.869924652568187
        0.000000000484218  3.356250625232958  22.988675407003068  12.723869128456490  6.630643300764980  1.909892061520288  0.837345157290925  2.869611973270507  14.763823102542684 -154.869924652568187
        0.000000007624597  3.356250625232958  22.988675407003068  12.723869128456490  6.630643300764980  1.909892033060679  0.837345172192086  2.869611973270507  14.763823102542684 -154.869924652568187
        0.000000010335672  3.356250625232958  22.988675407003068  12.723869128456490  6.630643300764980  1.909892033060679  0.837345157290925  2.869612016031058  14.763823102542684 -154.869924652568187
        0.000000007346976  3.356250625232958  22.988675407003068  12.723869128456490  6.630643300764980  1.909892033060679  0.837345157290925  2.869611973270507  14.763823322540793 -154.869924652568187
        0.000037770604414  3.356250625232958  22.988675407003068  12.723869128456490  6.630643300764980  1.909892033060679  0.837345157290925  2.869611973270507  14.763823102542684 -154.869926960309897
        0.000056740080409  3.355826561990981  23.238365226145671  12.915584446332893  6.670011122299974  1.624295894381225  0.841602092679204  2.867883880917641  14.774660273872561 -154.869924689062714
        0.000000016893887  3.355826611996694  23.238365226145671  12.915584446332893  6.670011122299974  1.624295894381225  0.841602092679204  2.867883880917641  14.774660273872561 -154.869924689062714
        0.000000015961824  3.355826561990981  23.238365572424296  12.915584446332893  6.670011122299974  1.624295894381225  0.841602092679204  2.867883880917641  14.774660273872561 -154.869924689062714
        0.000000002651836  3.355826561990981  23.238365226145671  12.915584638790099  6.670011122299974  1.624295894381225  0.841602092679204  2.867883880917641  14.774660273872561 -154.869924689062714
        0.000000000395460  3.355826561990981  23.238365226145671  12.915584446332893  6.670011221690885  1.624295894381225  0.841602092679204  2.867883880917641  14.774660273872561 -154.869924689062714
        0.000000000577508  3.355826561990981  23.238365226145671  12.915584446332893  6.670011122299974  1.624295918585120  0.841602092679204  2.867883880917641  14.774660273872561 -154.869924689062714
        0.000000007774792  3.355826561990981  23.238365226145671  12.915584446332893  6.670011122299974  1.624295894381225  0.841602107580366  2.867883880917641  14.774660273872561 -154.869924689062714
        0.000000010359495  3.355826561990981  23.238365226145671  12.915584446332893  6.670011122299974  1.624295894381225  0.841602092679204  2.867883923652441  14.774660273872561 -154.869924689062714
        0.000000007386408  3.355826561990981  23.238365226145671  12.915584446332893  6.670011122299974  1.624295894381225  0.841602092679204  2.867883880917641  14.774660494032155 -154.869924689062714
        0.000037770604629  3.355826561990981  23.238365226145671  12.915584446332893  6.670011122299974  1.624295894381225  0.841602092679204  2.867883880917641  14.774660273872561 -154.869926996804423
        0.000023565308769  3.355391010064953  23.296925127168581  12.955393777933914  6.681227202715464  1.589716368671263  0.842146299964902  2.867530212502180  14.787442184159792 -154.869923912281820
        0.000000016889048  3.355391060064175  23.296925127168581  12.955393777933914  6.681227202715464  1.589716368671263  0.842146299964902  2.867530212502180  14.787442184159792 -154.869923912281820
        0.000000015959697  3.355391010064953  23.296925474319817  12.955393777933914  6.681227202715464  1.589716368671263  0.842146299964902  2.867530212502180  14.787442184159792 -154.869923912281820
        0.000000002655359  3.355391010064953  23.296925127168581  12.955393970984325  6.681227202715464  1.589716368671263  0.842146299964902  2.867530212502180  14.787442184159792 -154.869923912281820
        0.000000000396371  3.355391010064953  23.296925127168581  12.955393777933914  6.681227302273507  1.589716368671263  0.842146299964902  2.867530212502180  14.787442184159792 -154.869923912281820
        0.000000000589324  3.355391010064953  23.296925127168581  12.955393777933914  6.681227202715464  1.589716392359882  0.842146299964902  2.867530212502180  14.787442184159792 -154.869923912281820
        0.000000007794311  3.355391010064953  23.296925127168581  12.955393777933914  6.681227202715464  1.589716368671263  0.842146314866064  2.867530212502180  14.787442184159792 -154.869923912281820
        0.000000010369194  3.355391010064953  23.296925127168581  12.955393777933914  6.681227202715464  1.589716368671263  0.842146299964902  2.867530255231710  14.787442184159792 -154.869923912281820
        0.000000007385496  3.355391010064953  23.296925127168581  12.955393777933914  6.681227202715464  1.589716368671263  0.842146299964902  2.867530212502180  14.787442404509852 -154.869923912281820
        0.000037770603909  3.355391010064953  23.296925127168581  12.955393777933914  6.681227202715464  1.589716368671263  0.842146299964902  2.867530212502180  14.787442184159792 -154.869926220023530
        0.000090898462606  3.355817394134795  23.679541840960916  13.267987507115379  6.720280233487692  1.054106920989718  0.850082467535953  2.864284532458500  14.775829060246336 -154.869923898273612
        0.000000016872705  3.355817444140371  23.679541840960916  13.267987507115379  6.720280233487692  1.054106920989718  0.850082467535953  2.864284532458500  14.775829060246336 -154.869923898273612
        0.000000015945343  3.355817394134795  23.679542193813585  13.267987507115379  6.720280233487692  1.054106920989718  0.850082467535953  2.864284532458500  14.775829060246336 -154.869923898273612
        0.000000002705521  3.355817394134795  23.679541840960916  13.267987704823799  6.720280233487692  1.054106920989718  0.850082467535953  2.864284532458500  14.775829060246336 -154.869923898273612
        0.000000000409995  3.355817394134795  23.679541840960916  13.267987507115379  6.720280333627671  1.054106920989718  0.850082467535953  2.864284532458500  14.775829060246336 -154.869923898273612
        0.000000000764054  3.355817394134795  23.679541840960916  13.267987507115379  6.720280233487692  1.054106936697135  0.850082467535953  2.864284532458500  14.775829060246336 -154.869923898273612
        0.000000008069022  3.355817394134795  23.679541840960916  13.267987507115379  6.720280233487692  1.054106920989718  0.850082482437114  2.864284532458500  14.775829060246336 -154.869923898273612
        0.000000010390703  3.355817394134795  23.679541840960916  13.267987507115379  6.720280233487692  1.054106920989718  0.850082467535953  2.864284575139666  14.775829060246336 -154.869923898273612
        0.000000007479144  3.355817394134795  23.679541840960916  13.267987507115379  6.720280233487692  1.054106920989718  0.850082467535953  2.864284532458500  14.775829280423347 -154.869923898273612
        0.000037770604093  3.355817394134795  23.679541840960916  13.267987507115379  6.720280233487692  1.054106920989718  0.850082467535953  2.864284532458500  14.775829060246336 -154.869926206015322
        0.000033064308657  3.355822018948721  23.687432883303110  13.273544341951006  6.724877482271618  1.045935357258093  0.850079385278440  2.864052100081707  14.777633536876174 -154.869922675813797
        0.000000016870114  3.355822068954366  23.687432883303110  13.273544341951006  6.724877482271618  1.045935357258093  0.850079385278440  2.864052100081707  14.777633536876174 -154.869922675813797
        0.000000015944927  3.355822018948721  23.687433236273364  13.273544341951006  6.724877482271618  1.045935357258093  0.850079385278440  2.864052100081707  14.777633536876174 -154.869922675813797
        0.000000002706358  3.355822018948721  23.687432883303110  13.273544539742229  6.724877482271618  1.045935357258093  0.850079385278440  2.864052100081707  14.777633536876174 -154.869922675813797
        0.000000000410129  3.355822018948721  23.687432883303110  13.273544341951006  6.724877582480101  1.045935357258093  0.850079385278440  2.864052100081707  14.777633536876174 -154.869922675813797
        0.000000000767255  3.355822018948721  23.687432883303110  13.273544341951006  6.724877482271618  1.045935372843745  0.850079385278440  2.864052100081707  14.777633536876174 -154.869922675813797
        0.000000008075483  3.355822018948721  23.687432883303110  13.273544341951006  6.724877482271618  1.045935357258093  0.850079400179601  2.864052100081707  14.777633536876174 -154.869922675813797
        0.000000010393121  3.355822018948721  23.687432883303110  13.273544341951006  6.724877482271618  1.045935357258093  0.850079385278440  2.864052142759409  14.777633536876174 -154.869922675813797
        0.000000007481828  3.355822018948721  23.687432883303110  13.273544341951006  6.724877482271618  1.045935357258093  0.850079385278440  2.864052100081707  14.777633757080073 -154.869922675813797
        0.000037770602464  3.355822018948721  23.687432883303110  13.273544341951006  6.724877482271618  1.045935357258093  0.850079385278440  2.864052100081707  14.777633536876174 -154.869924983555478
2022-08-18 06:49:24.201866
