/projects/wagner/highthroughput/mick_graphene_paper/3_data/1_kc_fitting
2023-06-01 19:08:05.891091
use a starting guess from the old fit
starting guess parameters:  [ 3.37942338e+00  1.81846722e+01  1.33942071e+01  3.55913531e-03
  6.07493500e+00  7.19345289e-01  3.29308248e+00  1.39067829e+01
 -1.54589368e+02]
     1025.507820120405995  3.379423382381699  18.184672181803677  13.394207130830571  0.003559135312169  6.074935002291668  0.719345289329483  3.293082477932360  13.906782892134125 -154.589367648541639
        0.000000014064352  3.379423432739032  18.184672181803677  13.394207130830571  0.003559135312169  6.074935002291668  0.719345289329483  3.293082477932360  13.906782892134125 -154.589367648541639
        0.000000012948553  3.379423382381699  18.184672452776407  13.394207130830571  0.003559135312169  6.074935002291668  0.719345289329483  3.293082477932360  13.906782892134125 -154.589367648541639
        0.000000001160716  3.379423382381699  18.184672181803677  13.394207330419810  0.003559135312169  6.074935002291668  0.719345289329483  3.293082477932360  13.906782892134125 -154.589367648541639
        0.000000000478097  3.379423382381699  18.184672181803677  13.394207130830571  0.003559150213330  6.074935002291668  0.719345289329483  3.293082477932360  13.906782892134125 -154.589367648541639
        0.000000000825815  3.379423382381699  18.184672181803677  13.394207130830571  0.003559135312169  6.074935092815254  0.719345289329483  3.293082477932360  13.906782892134125 -154.589367648541639
        0.000000002214007  3.379423382381699  18.184672181803677  13.394207130830571  0.003559135312169  6.074935002291668  0.719345304230644  3.293082477932360  13.906782892134125 -154.589367648541639
        0.000000002625951  3.379423382381699  18.184672181803677  13.394207130830571  0.003559135312169  6.074935002291668  0.719345289329483  3.293082527003112  13.906782892134125 -154.589367648541639
        0.000000004345417  3.379423382381699  18.184672181803677  13.394207130830571  0.003559135312169  6.074935002291668  0.719345289329483  3.293082477932360  13.906783099361338 -154.589367648541639
        0.000015277412315  3.379423382381699  18.184672181803677  13.394207130830571  0.003559135312169  6.074935002291668  0.719345289329483  3.293082477932360  13.906782892134125 -154.589369952102714
        0.001000967364581  3.380232567618721  18.443437533990124  14.392096875334962  0.003533216833760  5.947962847444185  0.712492249763087  3.295125259532975  13.980140960267939 -154.589270938949397
        0.000000014224168  3.380232617988111  18.443437533990124  14.392096875334962  0.003533216833760  5.947962847444185  0.712492249763087  3.295125259532975  13.980140960267939 -154.589270938949397
        0.000000013098069  3.380232567618721  18.443437808818761  14.392096875334962  0.003533216833760  5.947962847444185  0.712492249763087  3.295125259532975  13.980140960267939 -154.589270938949397
        0.000000001175755  3.380232567618721  18.443437533990124  14.392097089793918  0.003533216833760  5.947962847444185  0.712492249763087  3.295125259532975  13.980140960267939 -154.589270938949397
        0.000000000514064  3.380232567618721  18.443437533990124  14.392096875334962  0.003533231734921  5.947962847444185  0.712492249763087  3.295125259532975  13.980140960267939 -154.589270938949397
        0.000000000810267  3.380232567618721  18.443437533990124  14.392096875334962  0.003533216833760  5.947962936075737  0.712492249763087  3.295125259532975  13.980140960267939 -154.589270938949397
        0.000000002342274  3.380232567618721  18.443437533990124  14.392096875334962  0.003533216833760  5.947962847444185  0.712492264664248  3.295125259532975  13.980140960267939 -154.589270938949397
        0.000000002698953  3.380232567618721  18.443437533990124  14.392096875334962  0.003533216833760  5.947962847444185  0.712492249763087  3.295125308634168  13.980140960267939 -154.589270938949397
        0.000000004406826  3.380232567618721  18.443437533990124  14.392096875334962  0.003533216833760  5.947962847444185  0.712492249763087  3.295125259532975  13.980141168588272 -154.589270938949397
        0.000015277384851  3.380232567618721  18.443437533990124  14.392096875334962  0.003533216833760  5.947962847444185  0.712492249763087  3.295125259532975  13.980140960267939 -154.589273242509051
        0.000055730230093  3.380231949969101  18.443453094012931  14.389789302187834  0.005058429771032  5.947983302082817  0.712702892820473  3.295128162401315  13.980140226550560 -154.589270949282707
        0.000000014229229  3.380232000338482  18.443453094012931  14.389789302187834  0.005058429771032  5.947983302082817  0.712702892820473  3.295128162401315  13.980140226550560 -154.589270949282707
        0.000000013102675  3.380231949969101  18.443453368841798  14.389789302187834  0.005058429771032  5.947983302082817  0.712702892820473  3.295128162401315  13.980140226550560 -154.589270949282707
        0.000000001175713  3.380231949969101  18.443453094012931  14.389789516612405  0.005058429771032  5.947983302082817  0.712702892820473  3.295128162401315  13.980140226550560 -154.589270949282707
        0.000000000514132  3.380231949969101  18.443453094012931  14.389789302187834  0.005058444672193  5.947983302082817  0.712702892820473  3.295128162401315  13.980140226550560 -154.589270949282707
        0.000000000810235  3.380231949969101  18.443453094012931  14.389789302187834  0.005058429771032  5.947983390714676  0.712702892820473  3.295128162401315  13.980140226550560 -154.589270949282707
        0.000000002342214  3.380231949969101  18.443453094012931  14.389789302187834  0.005058429771032  5.947983302082817  0.712702907721634  3.295128162401315  13.980140226550560 -154.589270949282707
        0.000000002698730  3.380231949969101  18.443453094012931  14.389789302187834  0.005058429771032  5.947983302082817  0.712702892820473  3.295128211502551  13.980140226550560 -154.589270949282707
        0.000000004406945  3.380231949969101  18.443453094012931  14.389789302187834  0.005058429771032  5.947983302082817  0.712702892820473  3.295128162401315  13.980140434870883 -154.589270949282707
        0.000015277384877  3.380231949969101  18.443453094012931  14.389789302187834  0.005058429771032  5.947983302082817  0.712702892820473  3.295128162401315  13.980140226550560 -154.589273252842361
        0.099377258663334  3.381406688992030  18.388353054725400  22.246654452722815  28.935027615835345  5.939751425061987  0.000006300493697  3.286969066410941  13.978394947205718 -154.589264027168525
        0.093341313310982  3.372369086754610  20.024105986688262  15.396415770051020  7.239535133410754  4.538179023230288  0.588909077988154  3.314421269679020  13.984578327006439 -154.589415878216272
        0.009474998003673  3.379507420481525  19.368997625180970  13.804884558259324  1.432315150000387  4.670681108264537  0.719888022776794  3.317182184089809  13.807373239787372 -154.589412851658295
        0.000000014413468  3.379507470840110  19.368997625180970  13.804884558259324  1.432315150000387  4.670681108264537  0.719888022776794  3.317182184089809  13.807373239787372 -154.589412851658295
        0.000000013209353  3.379507420481525  19.368997913801525  13.804884558259324  1.432315150000387  4.670681108264537  0.719888022776794  3.317182184089809  13.807373239787372 -154.589412851658295
        0.000000001251062  3.379507420481525  19.368997625180970  13.804884763968134  1.432315150000387  4.670681108264537  0.719888022776794  3.317182184089809  13.807373239787372 -154.589412851658295
        0.000000000470183  3.379507420481525  19.368997625180970  13.804884558259324  1.432315171343546  4.670681108264537  0.719888022776794  3.317182184089809  13.807373239787372 -154.589412851658295
        0.000000000591388  3.379507420481525  19.368997625180970  13.804884558259324  1.432315150000387  4.670681177863109  0.719888022776794  3.317182184089809  13.807373239787372 -154.589412851658295
        0.000000002708320  3.379507420481525  19.368997625180970  13.804884558259324  1.432315150000387  4.670681108264537  0.719888037677955  3.317182184089809  13.807373239787372 -154.589412851658295
        0.000000002748169  3.379507420481525  19.368997625180970  13.804884558259324  1.432315150000387  4.670681108264537  0.719888022776794  3.317182233519676  13.807373239787372 -154.589412851658295
        0.000000004476389  3.379507420481525  19.368997625180970  13.804884558259324  1.432315150000387  4.670681108264537  0.719888022776794  3.317182184089809  13.807373445533267 -154.589412851658295
        0.000015277435622  3.379507420481525  19.368997625180970  13.804884558259324  1.432315150000387  4.670681108264537  0.719888022776794  3.317182184089809  13.807373239787372 -154.589415155220053
        0.000229426369371  3.379109466212374  19.457381911372028  13.854709273652327  1.447875772338441  4.626525742006206  0.721332614038826  3.312442205495280  13.845181188712768 -154.589392841719587
        0.000000014361447  3.379109516565029  19.457381911372028  13.854709273652327  1.447875772338441  4.626525742006206  0.721332614038826  3.312442205495280  13.845181188712768 -154.589392841719587
        0.000000013156232  3.379109466212374  19.457382201309613  13.854709273652327  1.447875772338441  4.626525742006206  0.721332614038826  3.312442205495280  13.845181188712768 -154.589392841719587
        0.000000001252975  3.379109466212374  19.457381911372028  13.854709480103583  1.447875772338441  4.626525742006206  0.721332614038826  3.312442205495280  13.845181188712768 -154.589392841719587
        0.000000000471351  3.379109466212374  19.457381911372028  13.854709273652327  1.447875793913471  4.626525742006206  0.721332614038826  3.312442205495280  13.845181188712768 -154.589392841719587
        0.000000000582973  3.379109466212374  19.457381911372028  13.854709273652327  1.447875772338441  4.626525810946812  0.721332614038826  3.312442205495280  13.845181188712768 -154.589392841719587
        0.000000002725043  3.379109466212374  19.457381911372028  13.854709273652327  1.447875772338441  4.626525742006206  0.721332628939987  3.312442205495280  13.845181188712768 -154.589392841719587
        0.000000002756791  3.379109466212374  19.457381911372028  13.854709273652327  1.447875772338441  4.626525742006206  0.721332614038826  3.312442254854516  13.845181188712768 -154.589392841719587
        0.000000004479354  3.379109466212374  19.457381911372028  13.854709273652327  1.447875772338441  4.626525742006206  0.721332614038826  3.312442205495280  13.845181395022045 -154.589392841719587
        0.000015277428321  3.379109466212374  19.457381911372028  13.854709273652327  1.447875772338441  4.626525742006206  0.721332614038826  3.312442205495280  13.845181188712768 -154.589395145281060
        0.000768337105941  3.321740489176329  23.776419450683328  16.090102628943658  1.357262396346393  4.618857094360705  0.755998207266579  3.316345754042052  15.193774065164906 -154.589440548924614
        0.000944264246153  3.366808622611296  20.703890800899803  14.133347269208564  1.492227385002683  4.165965377041963  0.741234980278778  3.316160104665307  14.097006873922364 -154.589431976318394
        0.000222785578026  3.377808587210426  19.695292718637049  13.821563298142797  1.460939044850858  4.422605536888220  0.727774233247397  3.314225302433011  13.857145754507918 -154.589408016236661
        0.000000014367123  3.377808637543696  19.695292718637049  13.821563298142797  1.460939044850858  4.422605536888220  0.727774233247397  3.314225302433011  13.857145754507918 -154.589408016236661
        0.000000013143748  3.377808587210426  19.695293012119780  13.821563298142797  1.460939044850858  4.422605536888220  0.727774233247397  3.314225302433011  13.857145754507918 -154.589408016236661
        0.000000001264176  3.377808587210426  19.695292718637049  13.821563504100139  1.460939044850858  4.422605536888220  0.727774233247397  3.314225302433011  13.857145754507918 -154.589408016236661
        0.000000000472328  3.377808587210426  19.695292718637049  13.821563298142797  1.460939066620546  4.422605536888220  0.727774233247397  3.314225302433011  13.857145754507918 -154.589408016236661
        0.000000000548566  3.377808587210426  19.695292718637049  13.821563298142797  1.460939044850858  4.422605602790178  0.727774233247397  3.314225302433011  13.857145754507918 -154.589408016236661
        0.000000002768279  3.377808587210426  19.695292718637049  13.821563298142797  1.460939044850858  4.422605536888220  0.727774248148558  3.314225302433011  13.857145754507918 -154.589408016236661
        0.000000002756742  3.377808587210426  19.695292718637049  13.821563298142797  1.460939044850858  4.422605536888220  0.727774233247397  3.314225351818816  13.857145754507918 -154.589408016236661
        0.000000004481619  3.377808587210426  19.695292718637049  13.821563298142797  1.460939044850858  4.422605536888220  0.727774233247397  3.314225302433011  13.857145960995481 -154.589408016236661
        0.000015277433702  3.377808587210426  19.695292718637049  13.821563298142797  1.460939044850858  4.422605536888220  0.727774233247397  3.314225302433011  13.857145754507918 -154.589410319798361
        0.000101425723763  3.373139765461085  20.199923397524429  13.926604933823585  1.613397459112397  4.211713157621972  0.733433572414085  3.315153118594497  13.954295691863253 -154.589421873301120
        0.000000014341799  3.373139815724785  20.199923397524429  13.926604933823585  1.613397459112397  4.211713157621972  0.733433572414085  3.315153118594497  13.954295691863253 -154.589421873301120
        0.000000013100357  3.373139765461085  20.199923698526746  13.926604933823585  1.613397459112397  4.211713157621972  0.733433572414085  3.315153118594497  13.954295691863253 -154.589421873301120
        0.000000001278877  3.373139765461085  20.199923397524429  13.926605141346171  1.613397459112397  4.211713157621972  0.733433572414085  3.315153118594497  13.954295691863253 -154.589421873301120
        0.000000000464206  3.373139765461085  20.199923397524429  13.926604933823585  1.613397483153893  4.211713157621972  0.733433572414085  3.315153118594497  13.954295691863253 -154.589421873301120
        0.000000000498868  3.373139765461085  20.199923397524429  13.926604933823585  1.613397459112397  4.211713220381388  0.733433572414085  3.315153118594497  13.954295691863253 -154.589421873301120
        0.000000002833761  3.373139765461085  20.199923397524429  13.926604933823585  1.613397459112397  4.211713157621972  0.733433587315246  3.315153118594497  13.954295691863253 -154.589421873301120
        0.000000002784691  3.373139765461085  20.199923397524429  13.926604933823585  1.613397459112397  4.211713157621972  0.733433572414085  3.315153167994128  13.954295691863253 -154.589421873301120
        0.000000004457794  3.373139765461085  20.199923397524429  13.926604933823585  1.613397459112397  4.211713157621972  0.733433572414085  3.315153118594497  13.954295899798462 -154.589421873301120
        0.000015277438518  3.373139765461085  20.199923397524429  13.926604933823585  1.613397459112397  4.211713157621972  0.733433572414085  3.315153118594497  13.954295691863253 -154.589424176863020
        0.000040838163879  3.370276214528694  20.496731673279232  14.021230449967183  1.685926546297250  4.109383082937962  0.736212557337984  3.315367216434282  14.018475714867055 -154.589427564025328
        0.000000014322464  3.370276264749724  20.496731673279232  14.021230449967183  1.685926546297250  4.109383082937962  0.736212557337984  3.315367216434282  14.018475714867055 -154.589427564025328
        0.000000013072246  3.370276214528694  20.496731978704336  14.021230449967183  1.685926546297250  4.109383082937962  0.736212557337984  3.315367216434282  14.018475714867055 -154.589427564025328
        0.000000001286395  3.370276214528694  20.496731673279232  14.021230658899798  1.685926546297250  4.109383082937962  0.736212557337984  3.315367216434282  14.018475714867055 -154.589427564025328
        0.000000000461267  3.370276214528694  20.496731673279232  14.021230449967183  1.685926571419513  4.109383082937962  0.736212557337984  3.315367216434282  14.018475714867055 -154.589427564025328
        0.000000000474357  3.370276214528694  20.496731673279232  14.021230449967183  1.685926546297250  4.109383144172542  0.736212557337984  3.315367216434282  14.018475714867055 -154.589427564025328
        0.000000002867668  3.370276214528694  20.496731673279232  14.021230449967183  1.685926546297250  4.109383082937962  0.736212572239145  3.315367216434282  14.018475714867055 -154.589427564025328
        0.000000002802847  3.370276214528694  20.496731673279232  14.021230449967183  1.685926546297250  4.109383082937962  0.736212557337984  3.315367265837104  14.018475714867055 -154.589427564025328
        0.000000004441839  3.370276214528694  20.496731673279232  14.021230449967183  1.685926546297250  4.109383082937962  0.736212557337984  3.315367216434282  14.018475923758622 -154.589427564025328
        0.000015277440407  3.370276214528694  20.496731673279232  14.021230449967183  1.685926546297250  4.109383082937962  0.736212557337984  3.315367216434282  14.018475714867055 -154.589429867587313
        0.000044930912572  3.363673984601405  21.072669216411050  14.272161732458743  1.746235919681585  4.022952226294437  0.740779542771376  3.315514055595232  14.174929729900825 -154.589434203370843
        0.000000014275406  3.363674034724053  21.072669216411050  14.272161732458743  1.746235919681585  4.022952226294437  0.740779542771376  3.315514055595232  14.174929729900825 -154.589434203370843
        0.000000013014499  3.363673984601405  21.072669530418292  14.272161732458743  1.746235919681585  4.022952226294437  0.740779542771376  3.315514055595232  14.174929729900825 -154.589434203370843
        0.000000001295075  3.363673984601405  21.072669216411050  14.272161945130525  1.746235919681585  4.022952226294437  0.740779542771376  3.315514055595232  14.174929729900825 -154.589434203370843
        0.000000000460923  3.363673984601405  21.072669216411050  14.272161732458743  1.746235945702528  4.022952226294437  0.740779542771376  3.315514055595232  14.174929729900825 -154.589434203370843
        0.000000000447246  3.363673984601405  21.072669216411050  14.272161732458743  1.746235919681585  4.022952286241096  0.740779542771376  3.315514055595232  14.174929729900825 -154.589434203370843
        0.000000002902766  3.363673984601405  21.072669216411050  14.272161732458743  1.746235919681585  4.022952226294437  0.740779557672538  3.315514055595232  14.174929729900825 -154.589434203370843
        0.000000002838722  3.363673984601405  21.072669216411050  14.272161732458743  1.746235919681585  4.022952226294437  0.740779542771376  3.315514105000241  14.174929729900825 -154.589434203370843
        0.000000004394381  3.363673984601405  21.072669216411050  14.272161732458743  1.746235919681585  4.022952226294437  0.740779542771376  3.315514055595232  14.174929941123738 -154.589434203370843
        0.000015277442781  3.363673984601405  21.072669216411050  14.272161732458743  1.746235919681585  4.022952226294437  0.740779542771376  3.315514055595232  14.174929729900825 -154.589436506932913
        0.000028188582044  3.363246773496376  21.173089758626276  14.269444389856773  1.709146045041925  3.938269762292085  0.744040114148996  3.315356642310307  14.184097405540344 -154.589436249084883
        0.000000014273344  3.363246823612659  21.173089758626276  14.269444389856773  1.709146045041925  3.938269762292085  0.744040114148996  3.315356642310307  14.184097405540344 -154.589436249084883
        0.000000013004366  3.363246773496376  21.173090074129899  14.269444389856773  1.709146045041925  3.938269762292085  0.744040114148996  3.315356642310307  14.184097405540344 -154.589436249084883
        0.000000001299841  3.363246773496376  21.173089758626276  14.269444602488063  1.709146045041925  3.938269762292085  0.744040114148996  3.315356642310307  14.184097405540344 -154.589436249084883
        0.000000000464770  3.363246773496376  21.173089758626276  14.269444389856773  1.709146070510186  3.938269762292085  0.744040114148996  3.315356642310307  14.184097405540344 -154.589436249084883
        0.000000000436523  3.363246773496376  21.173089758626276  14.269444389856773  1.709146045041925  3.938269820976878  0.744040114148996  3.315356642310307  14.184097405540344 -154.589436249084883
        0.000000002917119  3.363246773496376  21.173089758626276  14.269444389856773  1.709146045041925  3.938269762292085  0.744040129050157  3.315356642310307  14.184097405540344 -154.589436249084883
        0.000000002837237  3.363246773496376  21.173089758626276  14.269444389856773  1.709146045041925  3.938269762292085  0.744040114148996  3.315356691712970  14.184097405540344 -154.589436249084883
        0.000000004396799  3.363246773496376  21.173089758626276  14.269444389856773  1.709146045041925  3.938269762292085  0.744040114148996  3.315356642310307  14.184097616899866 -154.589436249084883
        0.000015277443282  3.363246773496376  21.173089758626276  14.269444389856773  1.709146045041925  3.938269762292085  0.744040114148996  3.315356642310307  14.184097405540344 -154.589438552646982
        0.000036579270330  3.363960928253585  21.299378545763179  14.149462324395872  1.483624588770236  3.680512067071690  0.755617064334712  3.314884771921949  14.159026676102757 -154.589441392979012
        0.000000014273512  3.363960978380509  21.299378545763179  14.149462324395872  1.483624588770236  3.680512067071690  0.755617064334712  3.314884771921949  14.159026676102757 -154.589441392979012
        0.000000012979359  3.363960928253585  21.299378863148654  14.149462324395872  1.483624588770236  3.680512067071690  0.755617064334712  3.314884771921949  14.159026676102757 -154.589441392979012
        0.000000001312220  3.363960928253585  21.299378545763179  14.149462535239291  1.483624588770236  3.680512067071690  0.755617064334712  3.314884771921949  14.159026676102757 -154.589441392979012
        0.000000000483376  3.363960928253585  21.299378545763179  14.149462324395872  1.483624610877965  3.680512067071690  0.755617064334712  3.314884771921949  14.159026676102757 -154.589441392979012
        0.000000000414069  3.363960928253585  21.299378545763179  14.149462324395872  1.483624588770236  3.680512121915593  0.755617064334712  3.314884771921949  14.159026676102757 -154.589441392979012
        0.000000002942444  3.363960928253585  21.299378545763179  14.149462324395872  1.483624588770236  3.680512067071690  0.755617079235873  3.314884771921949  14.159026676102757 -154.589441392979012
        0.000000002810697  3.363960928253585  21.299378545763179  14.149462324395872  1.483624588770236  3.680512067071690  0.755617064334712  3.314884821317581  14.159026676102757 -154.589441392979012
        0.000000004418213  3.363960928253585  21.299378545763179  14.149462324395872  1.483624588770236  3.680512067071690  0.755617064334712  3.314884771921949  14.159026887088695 -154.589441392979012
        0.000015277445163  3.363960928253585  21.299378545763179  14.149462324395872  1.483624588770236  3.680512067071690  0.755617064334712  3.314884771921949  14.159026676102757 -154.589443696541196
        0.000026033130252  3.364263210610142  21.313053096115645  14.094606527511859  1.278184391042121  3.619271707198857  0.761562897124392  3.315301074509406  14.146271929281266 -154.589445499215287
        0.000000014278521  3.364263260741570  21.313053096115645  14.094606527511859  1.278184391042121  3.619271707198857  0.761562897124392  3.315301074509406  14.146271929281266 -154.589445499215287
        0.000000012974084  3.364263210610142  21.313053413704885  14.094606527511859  1.278184391042121  3.619271707198857  0.761562897124392  3.315301074509406  14.146271929281266 -154.589445499215287
        0.000000001315150  3.364263210610142  21.313053096115645  14.094606737537863  1.278184391042121  3.619271707198857  0.761562897124392  3.315301074509406  14.146271929281266 -154.589445499215287
        0.000000000498960  3.364263210610142  21.313053096115645  14.094606527511859  1.278184410088552  3.619271707198857  0.761562897124392  3.315301074509406  14.146271929281266 -154.589445499215287
        0.000000000418555  3.364263210610142  21.313053096115645  14.094606527511859  1.278184391042121  3.619271761130208  0.761562897124392  3.315301074509406  14.146271929281266 -154.589445499215287
        0.000000002932200  3.364263210610142  21.313053096115645  14.094606527511859  1.278184391042121  3.619271707198857  0.761562912025553  3.315301074509406  14.146271929281266 -154.589445499215287
        0.000000002790533  3.364263210610142  21.313053096115645  14.094606527511859  1.278184391042121  3.619271707198857  0.761562897124392  3.315301123911242  14.146271929281266 -154.589445499215287
        0.000000004423858  3.364263210610142  21.313053096115645  14.094606527511859  1.278184391042121  3.619271707198857  0.761562897124392  3.315301074509406  14.146272140077144 -154.589445499215287
        0.000015277446483  3.364263210610142  21.313053096115645  14.094606527511859  1.278184391042121  3.619271707198857  0.761562897124392  3.315301074509406  14.146271929281266 -154.589447802777528
        0.000022893318450  3.364423731474871  21.318453249861964  14.065307402273667  1.238685262058736  3.594309247941681  0.763240571292767  3.315176404106521  14.142129783262121 -154.589445481622874
        0.000000014279815  3.364423781608691  21.318453249861964  14.065307402273667  1.238685262058736  3.594309247941681  0.763240571292767  3.315176404106521  14.142129783262121 -154.589445481622874
        0.000000012972154  3.364423731474871  21.318453567531673  14.065307402273667  1.238685262058736  3.594309247941681  0.763240571292767  3.315176404106521  14.142129783262121 -154.589445481622874
        0.000000001316591  3.364423731474871  21.318453249861964  14.065307611863080  1.238685262058736  3.594309247941681  0.763240571292767  3.315176404106521  14.142129783262121 -154.589445481622874
        0.000000000501769  3.364423731474871  21.318453249861964  14.065307402273667  1.238685280516585  3.594309247941681  0.763240571292767  3.315176404106521  14.142129783262121 -154.589445481622874
        0.000000000417692  3.364423731474871  21.318453249861964  14.065307402273667  1.238685262058736  3.594309301501062  0.763240571292767  3.315176404106521  14.142129783262121 -154.589445481622874
        0.000000002931917  3.364423731474871  21.318453249861964  14.065307402273667  1.238685262058736  3.594309247941681  0.763240586193928  3.315176404106521  14.142129783262121 -154.589445481622874
        0.000000002785488  3.364423731474871  21.318453249861964  14.065307402273667  1.238685262058736  3.594309247941681  0.763240571292767  3.315176453506499  14.142129783262121 -154.589445481622874
        0.000000004426654  3.364423731474871  21.318453249861964  14.065307402273667  1.238685262058736  3.594309247941681  0.763240571292767  3.315176404106521  14.142129993996276 -154.589445481622874
        0.000015277446513  3.364423731474871  21.318453249861964  14.065307402273667  1.238685262058736  3.594309247941681  0.763240571292767  3.315176404106521  14.142129783262121 -154.589447785185115
        0.000024297480212  3.364553168561339  21.316061805750419  14.038231458777098  1.177890364464505  3.588860126002726  0.765020933950468  3.314357882959054  14.143850563171462 -154.589441679955542
        0.000000014275005  3.364553218697088  21.316061805750419  14.038231458777098  1.177890364464505  3.588860126002726  0.765020933950468  3.314357882959054  14.143850563171462 -154.589441679955542
        0.000000012965116  3.364553168561339  21.316062123384491  14.038231458777098  1.177890364464505  3.588860126002726  0.765020933950468  3.314357882959054  14.143850563171462 -154.589441679955542
        0.000000001317046  3.364553168561339  21.316061805750419  14.038231667963048  1.177890364464505  3.588860126002726  0.765020933950468  3.314357882959054  14.143850563171462 -154.589441679955542
        0.000000000505995  3.364553168561339  21.316061805750419  14.038231458777098  1.177890382016439  3.588860126002726  0.765020933950468  3.314357882959054  14.143850563171462 -154.589441679955542
        0.000000000420959  3.364553168561339  21.316061805750419  14.038231458777098  1.177890364464505  3.588860179480909  0.765020933950468  3.314357882959054  14.143850563171462 -154.589441679955542
        0.000000002925941  3.364553168561339  21.316061805750419  14.038231458777098  1.177890364464505  3.588860126002726  0.765020948851629  3.314357882959054  14.143850563171462 -154.589441679955542
        0.000000002779741  3.364553168561339  21.316061805750419  14.038231458777098  1.177890364464505  3.588860126002726  0.765020933950468  3.314357932346835  14.143850563171462 -154.589441679955542
        0.000000004428444  3.364553168561339  21.316061805750419  14.038231458777098  1.177890364464505  3.588860126002726  0.765020933950468  3.314357882959054  14.143850773931259 -154.589441679955542
        0.000015277445180  3.364553168561339  21.316061805750419  14.038231458777098  1.177890364464505  3.588860126002726  0.765020933950468  3.314357882959054  14.143850563171462 -154.589443983517725
        0.000017377476263  3.364559826655187  21.316592832144725  14.036353072926190  1.163634881219903  3.584932629827555  0.765365211570077  3.314629973874550  14.141861501722843 -154.589443049946880
        0.000000014277035  3.364559876791035  21.316592832144725  14.036353072926190  1.163634881219903  3.584932629827555  0.765365211570077  3.314629973874550  14.141861501722843 -154.589443049946880
        0.000000012966405  3.364559826655187  21.316593149786712  14.036353072926190  1.163634881219903  3.584932629827555  0.765365211570077  3.314629973874550  14.141861501722843 -154.589443049946880
        0.000000001317248  3.364559826655187  21.316592832144725  14.036353282084150  1.163634881219903  3.584932629827555  0.765365211570077  3.314629973874550  14.141861501722843 -154.589443049946880
        0.000000000507110  3.364559826655187  21.316592832144725  14.036353072926190  1.163634898559414  3.584932629827555  0.765365211570077  3.314629973874550  14.141861501722843 -154.589443049946880
        0.000000000421324  3.364559826655187  21.316592832144725  14.036353072926190  1.163634881219903  3.584932683247214  0.765365211570077  3.314629973874550  14.141861501722843 -154.589443049946880
        0.000000002925190  3.364559826655187  21.316592832144725  14.036353072926190  1.163634881219903  3.584932629827555  0.765365226471238  3.314629973874550  14.141861501722843 -154.589443049946880
        0.000000002778277  3.364559826655187  21.316592832144725  14.036353072926190  1.163634881219903  3.584932629827555  0.765365211570077  3.314630023266386  14.141861501722843 -154.589443049946880
        0.000000004428584  3.364559826655187  21.316592832144725  14.036353072926190  1.163634881219903  3.584932629827555  0.765365211570077  3.314629973874550  14.141861712453002 -154.589443049946880
        0.000015277445724  3.364559826655187  21.316592832144725  14.036353072926190  1.163634881219903  3.584932629827555  0.765365211570077  3.314629973874550  14.141861501722843 -154.589445353509092
2023-06-01 19:22:20.626368
