/projects/wagner/highthroughput/mick_graphene_paper/3_data/1_kc_fitting
2023-06-01 19:02:24.859185
use a starting guess from the old fit
starting guess parameters:  [ 3.37006089e+00  2.17833385e+01  1.04693887e+01  8.86496249e+00
  1.31573765e-05  7.23952360e-01  3.28314592e+00  1.30901596e+01
 -1.54590379e+02]
     1025.509994320580063  3.370060885645178  21.783338516870739  10.469388694543325  8.864962486046355  0.000013157376477  0.723952360283636  3.283145920221462  13.090159601618883 -154.590378722241923
        0.000000012842762  3.370060935862998  21.783338516870739  10.469388694543325  8.864962486046355  0.000013157376477  0.723952360283636  3.283145920221462  13.090159601618883 -154.590378722241923
        0.000000011578739  3.370060885645178  21.783338841467778  10.469388694543325  8.864962486046355  0.000013157376477  0.723952360283636  3.283145920221462  13.090159601618883 -154.590378722241923
        0.000000001419287  3.370060885645178  21.783338516870739  10.469388850549374  8.864962486046355  0.000013157376477  0.723952360283636  3.283145920221462  13.090159601618883 -154.590378722241923
        0.000000000243239  3.370060885645178  21.783338516870739  10.469388694543325  8.864962618144590  0.000013157376477  0.723952360283636  3.283145920221462  13.090159601618883 -154.590378722241923
        0.000000000451910  3.370060885645178  21.783338516870739  10.469388694543325  8.864962486046355  0.000013172277638  0.723952360283636  3.283145920221462  13.090159601618883 -154.590378722241923
        0.000000003998539  3.370060885645178  21.783338516870739  10.469388694543325  8.864962486046355  0.000013157376477  0.723952375184798  3.283145920221462  13.090159601618883 -154.590378722241923
        0.000000003161800  3.370060885645178  21.783338516870739  10.469388694543325  8.864962486046355  0.000013157376477  0.723952360283636  3.283145969144149  13.090159601618883 -154.590378722241923
        0.000000004375995  3.370060885645178  21.783338516870739  10.469388694543325  8.864962486046355  0.000013157376477  0.723952360283636  3.283145920221462  13.090159796677462 -154.590378722241923
        0.000015277711498  3.370060885645178  21.783338516870739  10.469388694543325  8.864962486046355  0.000013157376477  0.723952360283636  3.283145920221462  13.090159601618883 -154.590381025818061
        0.000425357238577  3.370048763706468  21.799267724042551  10.493853801556293  8.850608274351114  0.021761851213597  0.724490655192338  3.283043751963610  13.090160039935514 -154.590378879396638
        0.000000012891861  3.370048813924108  21.799267724042551  10.493853801556293  8.850608274351114  0.021761851213597  0.724490655192338  3.283043751963610  13.090160039935514 -154.590378879396638
        0.000000011622951  3.370048763706468  21.799268048876954  10.493853801556293  8.850608274351114  0.021761851213597  0.724490655192338  3.283043751963610  13.090160039935514 -154.590378879396638
        0.000000001420094  3.370048763706468  21.799267724042551  10.493853957926900  8.850608274351114  0.021761851213597  0.724490655192338  3.283043751963610  13.090160039935514 -154.590378879396638
        0.000000000242237  3.370048763706468  21.799267724042551  10.493853801556293  8.850608406235454  0.021761851213597  0.724490655192338  3.283043751963610  13.090160039935514 -154.590378879396638
        0.000000000451420  3.370048763706468  21.799267724042551  10.493853801556293  8.850608274351114  0.021761866114758  0.724490655192338  3.283043751963610  13.090160039935514 -154.590378879396638
        0.000000003999726  3.370048763706468  21.799267724042551  10.493853801556293  8.850608274351114  0.021761851213597  0.724490670093499  3.283043751963610  13.090160039935514 -154.590378879396638
        0.000000003163912  3.370048763706468  21.799267724042551  10.493853801556293  8.850608274351114  0.021761851213597  0.724490655192338  3.283043800884774  13.090160039935514 -154.590378879396638
        0.000000004376420  3.370048763706468  21.799267724042551  10.493853801556293  8.850608274351114  0.021761851213597  0.724490655192338  3.283043751963610  13.090160234994098 -154.590378879396638
        0.000015277711729  3.370048763706468  21.799267724042551  10.493853801556293  8.850608274351114  0.021761851213597  0.724490655192338  3.283043751963610  13.090160039935514 -154.590381182972806
        0.001917377612117  3.292595646573960  27.147463798291746  14.807055639528112  8.554998031268921  0.044985602126831  0.746296841767683  3.303588543187789  14.778442842941487 -154.590461484510598
        0.001852671332469  3.350066397292695  23.038937672520294  12.197521121498950  7.812686131596859  0.045290725531310  0.736283877373185  3.304553268114142  13.433191507654275 -154.590463937419401
        0.000000012835680  3.350066447212574  23.038937672520294  12.197521121498950  7.812686131596859  0.045290725531310  0.736283877373185  3.304553268114142  13.433191507654275 -154.590463937419401
        0.000000011560823  3.350066397292695  23.038938015827217  12.197521121498950  7.812686131596859  0.045290725531310  0.736283877373185  3.304553268114142  13.433191507654275 -154.590463937419401
        0.000000001398975  3.350066397292695  23.038937672520294  12.197521303256178  7.812686131596859  0.045290725531310  0.736283877373185  3.304553268114142  13.433191507654275 -154.590463937419401
        0.000000000170939  3.350066397292695  23.038937672520294  12.197521121498950  7.812686248014955  0.045290725531310  0.736283877373185  3.304553268114142  13.433191507654275 -154.590463937419401
        0.000000000367647  3.350066397292695  23.038937672520294  12.197521121498950  7.812686131596859  0.045290740432471  0.736283877373185  3.304553268114142  13.433191507654275 -154.590463937419401
        0.000000003855504  3.350066397292695  23.038937672520294  12.197521121498950  7.812686131596859  0.045290725531310  0.736283892274347  3.304553268114142  13.433191507654275 -154.590463937419401
        0.000000003144007  3.350066397292695  23.038937672520294  12.197521121498950  7.812686131596859  0.045290725531310  0.736283877373185  3.304553317355823  13.433191507654275 -154.590463937419401
        0.000000004195923  3.350066397292695  23.038937672520294  12.197521121498950  7.812686131596859  0.045290725531310  0.736283877373185  3.304553268114142  13.433191707824427 -154.590463937419401
        0.000015277744286  3.350066397292695  23.038937672520294  12.197521121498950  7.812686131596859  0.045290725531310  0.736283877373185  3.304553268114142  13.433191507654275 -154.590466240996818
        0.000124196426342  3.350202088971394  23.067699740329818  12.291389679585880  7.674460687905151  0.006078395931161  0.738801920843647  3.304042246747137  13.431365616548200 -154.590463500994872
        0.000000012848260  3.350202138893295  23.067699740329818  12.291389679585880  7.674460687905151  0.006078395931161  0.738801920843647  3.304042246747137  13.431365616548200 -154.590463500994872
        0.000000011567391  3.350202088971394  23.067700084065329  12.291389679585880  7.674460687905151  0.006078395931161  0.738801920843647  3.304042246747137  13.431365616548200 -154.590463500994872
        0.000000001400329  3.350202088971394  23.067699740329818  12.291389862741859  7.674460687905151  0.006078395931161  0.738801920843647  3.304042246747137  13.431365616548200 -154.590463500994872
        0.000000000169369  3.350202088971394  23.067699740329818  12.291389679585880  7.674460802263527  0.006078395931161  0.738801920843647  3.304042246747137  13.431365616548200 -154.590463500994872
        0.000000000360851  3.350202088971394  23.067699740329818  12.291389679585880  7.674460687905151  0.006078410832322  0.738801920843647  3.304042246747137  13.431365616548200 -154.590463500994872
        0.000000003849090  3.350202088971394  23.067699740329818  12.291389679585880  7.674460687905151  0.006078395931161  0.738801935744808  3.304042246747137  13.431365616548200 -154.590463500994872
        0.000000003135897  3.350202088971394  23.067699740329818  12.291389679585880  7.674460687905151  0.006078395931161  0.738801920843647  3.304042295981203  13.431365616548200 -154.590463500994872
        0.000000004200004  3.350202088971394  23.067699740329818  12.291389679585880  7.674460687905151  0.006078395931161  0.738801920843647  3.304042246747137  13.431365816691144 -154.590463500994872
        0.000015277744021  3.350202088971394  23.067699740329818  12.291389679585880  7.674460687905151  0.006078395931161  0.738801920843647  3.304042246747137  13.431365616548200 -154.590465804572290
        0.000118192942547  3.343716779452085  23.614343928383310  12.876379290593707  7.163535487432406  0.007325340085664  0.747104260556323  3.301478152499379  13.607573824716358 -154.590458255160456
        0.000000012806554  3.343716829277348  23.614343928383310  12.876379290593707  7.163535487432406  0.007325340085664  0.747104260556323  3.301478152499379  13.607573824716358 -154.590458255160456
        0.000000011516365  3.343716779452085  23.614344280264454  12.876379290593707  7.163535487432406  0.007325340085664  0.747104260556323  3.301478152499379  13.607573824716358 -154.590458255160456
        0.000000001398937  3.343716779452085  23.614343928383310  12.876379482466710  7.163535487432406  0.007325340085664  0.747104260556323  3.301478152499379  13.607573824716358 -154.590458255160456
        0.000000000169340  3.343716779452085  23.614343928383310  12.876379290593707  7.163535594177403  0.007325340085664  0.747104260556323  3.301478152499379  13.607573824716358 -154.590458255160456
        0.000000000326782  3.343716779452085  23.614343928383310  12.876379290593707  7.163535487432406  0.007325354986825  0.747104260556323  3.301478152499379  13.607573824716358 -154.590458255160456
        0.000000003796943  3.343716779452085  23.614343928383310  12.876379290593707  7.163535487432406  0.007325340085664  0.747104275457484  3.301478152499379  13.607573824716358 -154.590458255160456
        0.000000003130884  3.343716779452085  23.614343928383310  12.876379290593707  7.163535487432406  0.007325340085664  0.747104260556323  3.301478201695237  13.607573824716358 -154.590458255160456
        0.000000004151609  3.343716779452085  23.614343928383310  12.876379290593707  7.163535487432406  0.007325340085664  0.747104260556323  3.301478152499379  13.607574027485009 -154.590458255160456
        0.000015277739976  3.343716779452085  23.614343928383310  12.876379290593707  7.163535487432406  0.007325340085664  0.747104260556323  3.301478152499379  13.607573824716358 -154.590460558737789
        0.000019863045764  3.343756021906741  23.616627280092285  12.880984996536446  7.156623274360707  0.000375578299964  0.747318394734173  3.301434842558228  13.606592750271277 -154.590458262232460
        0.000000012807313  3.343756071732589  23.616627280092285  12.880984996536446  7.156623274360707  0.000375578299964  0.747318394734173  3.301434842558228  13.606592750271277 -154.590458262232460
        0.000000011516527  3.343756021906741  23.616627632007454  12.880984996536446  7.156623274360707  0.000375578299964  0.747318394734173  3.301434842558228  13.606592750271277 -154.590458262232460
        0.000000001399203  3.343756021906741  23.616627280092285  12.880985188478080  7.156623274360707  0.000375578299964  0.747318394734173  3.301434842558228  13.606592750271277 -154.590458262232460
        0.000000000169504  3.343756021906741  23.616627280092285  12.880984996536446  7.156623381002705  0.000375578299964  0.747318394734173  3.301434842558228  13.606592750271277 -154.590458262232460
        0.000000000326517  3.343756021906741  23.616627280092285  12.880984996536446  7.156623274360707  0.000375593201125  0.747318394734173  3.301434842558228  13.606592750271277 -154.590458262232460
        0.000000003797050  3.343756021906741  23.616627280092285  12.880984996536446  7.156623274360707  0.000375578299964  0.747318409635334  3.301434842558228  13.606592750271277 -154.590458262232460
        0.000000003130406  3.343756021906741  23.616627280092285  12.880984996536446  7.156623274360707  0.000375578299964  0.747318394734173  3.301434891753441  13.606592750271277 -154.590458262232460
        0.000000004152349  3.343756021906741  23.616627280092285  12.880984996536446  7.156623274360707  0.000375578299964  0.747318394734173  3.301434842558228  13.606592953025309 -154.590458262232460
        0.000015277740002  3.343756021906741  23.616627280092285  12.880984996536446  7.156623274360707  0.000375578299964  0.747318394734173  3.301434842558228  13.606592750271277 -154.590460565809792
        0.000099586327671  3.330772794059901  24.625098818886851  13.850855476626998  6.505707072192341  0.000572994218768  0.759463061659724  3.300736675540499  13.930053681174988 -154.590456150978895
        0.000000012716839  3.330772843692283  24.625098818886851  13.850855476626998  6.505707072192341  0.000572994218768  0.759463061659724  3.300736675540499  13.930053681174988 -154.590456150978895
        0.000000011418129  3.330772794059901  24.625099185829416  13.850855476626998  6.505707072192341  0.000572994218768  0.759463061659724  3.300736675540499  13.930053681174988 -154.590456150978895
        0.000000001392915  3.330772794059901  24.625098818886851  13.850855683020828  6.505707072192341  0.000572994218768  0.759463061659724  3.300736675540499  13.930053681174988 -154.590456150978895
        0.000000000194576  3.330772794059901  24.625098818886851  13.850855476626998  6.505707169134931  0.000572994218768  0.759463061659724  3.300736675540499  13.930053681174988 -154.590456150978895
        0.000000000280337  3.330772794059901  24.625098818886851  13.850855476626998  6.505707072192341  0.000573009119929  0.759463061659724  3.300736675540499  13.930053681174988 -154.590456150978895
        0.000000003718739  3.330772794059901  24.625098818886851  13.850855476626998  6.505707072192341  0.000572994218768  0.759463076560886  3.300736675540499  13.930053681174988 -154.590456150978895
        0.000000003140968  3.330772794059901  24.625098818886851  13.850855476626998  6.505707072192341  0.000572994218768  0.759463061659724  3.300736724725308  13.930053681174988 -154.590456150978895
        0.000000004046821  3.330772794059901  24.625098818886851  13.850855476626998  6.505707072192341  0.000572994218768  0.759463061659724  3.300736675540499  13.930053888748963 -154.590456150978895
        0.000015277739441  3.330772794059901  24.625098818886851  13.850855476626998  6.505707072192341  0.000572994218768  0.759463061659724  3.300736675540499  13.930053681174988 -154.590458454556199
        0.000027929019368  3.330861488667793  24.625100287066953  13.850850699447410  6.505707151588786  0.000574203337724  0.759483357463661  3.300748961990469  13.930044677956174 -154.590460272694514
        0.000000012722905  3.330861538301496  24.625100287066953  13.850850699447410  6.505707151588786  0.000574203337724  0.759483357463661  3.300748961990469  13.930044677956174 -154.590460272694514
        0.000000011423506  3.330861488667793  24.625100654009543  13.850850699447410  6.505707151588786  0.000574203337724  0.759483357463661  3.300748961990469  13.930044677956174 -154.590460272694514
        0.000000001393327  3.330861488667793  24.625100287066953  13.850850905841169  6.505707151588786  0.000574203337724  0.759483357463661  3.300748961990469  13.930044677956174 -154.590460272694514
        0.000000000194639  3.330861488667793  24.625100287066953  13.850850699447410  6.505707248531377  0.000574203337724  0.759483357463661  3.300748961990469  13.930044677956174 -154.590460272694514
        0.000000000280434  3.330861488667793  24.625100287066953  13.850850699447410  6.505707151588786  0.000574218238885  0.759483357463661  3.300748961990469  13.930044677956174 -154.590460272694514
        0.000000003719812  3.330861488667793  24.625100287066953  13.850850699447410  6.505707151588786  0.000574203337724  0.759483372364823  3.300748961990469  13.930044677956174 -154.590460272694514
        0.000000003141319  3.330861488667793  24.625100287066953  13.850850699447410  6.505707151588786  0.000574203337724  0.759483357463661  3.300749011175461  13.930044677956174 -154.590460272694514
        0.000000004048326  3.330861488667793  24.625100287066953  13.850850699447410  6.505707151588786  0.000574203337724  0.759483357463661  3.300748961990469  13.930044885530014 -154.590460272694514
        0.000015277739411  3.330861488667793  24.625100287066953  13.850850699447410  6.505707151588786  0.000574203337724  0.759483357463661  3.300748961990469  13.930044677956174 -154.590462576271875
        0.000033031431720  3.330872270038872  24.625100635933528  13.850848895330051  6.505706991994836  0.000574433017843  0.759486477056592  3.300750609586438  13.930038528604513 -154.590457716808402
        0.000000012723679  3.330872319672737  24.625100635933528  13.850848895330051  6.505706991994836  0.000574433017843  0.759486477056592  3.300750609586438  13.930038528604513 -154.590457716808402
        0.000000011424164  3.330872270038872  24.625101002876121  13.850848895330051  6.505706991994836  0.000574433017843  0.759486477056592  3.300750609586438  13.930038528604513 -154.590457716808402
        0.000000001393385  3.330872270038872  24.625100635933528  13.850849101723783  6.505706991994836  0.000574433017843  0.759486477056592  3.300750609586438  13.930038528604513 -154.590457716808402
        0.000000000194637  3.330872270038872  24.625100635933528  13.850848895330051  6.505707088937424  0.000574433017843  0.759486477056592  3.300750609586438  13.930038528604513 -154.590457716808402
        0.000000000280455  3.330872270038872  24.625100635933528  13.850848895330051  6.505706991994836  0.000574447919004  0.759486477056592  3.300750609586438  13.930038528604513 -154.590457716808402
        0.000000003719960  3.330872270038872  24.625100635933528  13.850848895330051  6.505706991994836  0.000574433017843  0.759486491957753  3.300750609586438  13.930038528604513 -154.590457716808402
        0.000000003141370  3.330872270038872  24.625100635933528  13.850848895330051  6.505706991994836  0.000574433017843  0.759486477056592  3.300750658771455  13.930038528604513 -154.590457716808402
        0.000000004048525  3.330872270038872  24.625100635933528  13.850848895330051  6.505706991994836  0.000574433017843  0.759486477056592  3.300750609586438  13.930038736178263 -154.590457716808402
        0.000015277739145  3.330872270038872  24.625100635933528  13.850848895330051  6.505706991994836  0.000574433017843  0.759486477056592  3.300750609586438  13.930038528604513 -154.590460020385734
        0.000066967771125  3.329720945899312  24.730448262417397  13.991217510459865  6.164639546348583  0.000263476693499  0.764575932334325  3.300445956179777  13.962965653482398 -154.590455382950296
        0.000000012717764  3.329720995516021  24.730448262417397  13.991217510459865  6.164639546348583  0.000263476693499  0.764575932334325  3.300445956179777  13.962965653482398 -154.590455382950296
        0.000000011411672  3.329720945899312  24.730448630929793  13.991217510459865  6.164639546348583  0.000263476693499  0.764575932334325  3.300445956179777  13.962965653482398 -154.590455382950296
        0.000000001393552  3.329720945899312  24.730448262417397  13.991217718945252  6.164639546348583  0.000263476693499  0.764575932334325  3.300445956179777  13.962965653482398 -154.590455382950296
        0.000000000208703  3.329720945899312  24.730448262417397  13.991217510459865  6.164639638208871  0.000263476693499  0.764575932334325  3.300445956179777  13.962965653482398 -154.590455382950296
        0.000000000261192  3.329720945899312  24.730448262417397  13.991217510459865  6.164639546348583  0.000263491594660  0.764575932334325  3.300445956179777  13.962965653482398 -154.590455382950296
        0.000000003686487  3.329720945899312  24.730448262417397  13.991217510459865  6.164639546348583  0.000263476693499  0.764575947235486  3.300445956179777  13.962965653482398 -154.590455382950296
        0.000000003119822  3.329720945899312  24.730448262417397  13.991217510459865  6.164639546348583  0.000263476693499  0.764575932334325  3.300446005360254  13.962965653482398 -154.590455382950296
        0.000000004039777  3.329720945899312  24.730448262417397  13.991217510459865  6.164639546348583  0.000263476693499  0.764575932334325  3.300445956179777  13.962965861546799 -154.590455382950296
        0.000015277738271  3.329720945899312  24.730448262417397  13.991217510459865  6.164639546348583  0.000263476693499  0.764575932334325  3.300445956179777  13.962965653482398 -154.590457686527600
        0.000019944427099  3.329725368539314  24.730548052768729  13.991353936822440  6.164227455650615  0.000399225854749  0.764592498006852  3.300442408601535  13.962851952449768 -154.590455383730500
        0.000000012718554  3.329725418156088  24.730548052768729  13.991353936822440  6.164227455650615  0.000399225854749  0.764592498006852  3.300442408601535  13.962851952449768 -154.590455383730500
        0.000000011412353  3.329725368539314  24.730548421282613  13.991353936822440  6.164227455650615  0.000399225854749  0.764592498006852  3.300442408601535  13.962851952449768 -154.590455383730500
        0.000000001393590  3.329725368539314  24.730548052768729  13.991354145309861  6.164227455650615  0.000399225854749  0.764592498006852  3.300442408601535  13.962851952449768 -154.590455383730500
        0.000000000208748  3.329725368539314  24.730548052768729  13.991353936822440  6.164227547504762  0.000399225854749  0.764592498006852  3.300442408601535  13.962851952449768 -154.590455383730500
        0.000000000261176  3.329725368539314  24.730548052768729  13.991353936822440  6.164227455650615  0.000399240755910  0.764592498006852  3.300442408601535  13.962851952449768 -154.590455383730500
        0.000000003686488  3.329725368539314  24.730548052768729  13.991353936822440  6.164227455650615  0.000399225854749  0.764592512908013  3.300442408601535  13.962851952449768 -154.590455383730500
        0.000000003119823  3.329725368539314  24.730548052768729  13.991353936822440  6.164227455650615  0.000399225854749  0.764592498006852  3.300442457781959  13.962851952449768 -154.590455383730500
        0.000000004039828  3.329725368539314  24.730548052768729  13.991353936822440  6.164227455650615  0.000399225854749  0.764592498006852  3.300442408601535  13.962852160512476 -154.590455383730500
        0.000015277738267  3.329725368539314  24.730548052768729  13.991353936822440  6.164227455650615  0.000399225854749  0.764592498006852  3.300442408601535  13.962851952449768 -154.590457687307804
        0.000032496844833  3.322985011703014  25.278702960624493  14.377048743369706  6.037493721357844  0.000661801743568  0.768357767164540  3.300266285169022  14.133813254919398 -154.590454832185344
        0.000000012674500  3.322985061219349  25.278702960624493  14.377048743369706  6.037493721357844  0.000661801743568  0.768357767164540  3.300266285169022  14.133813254919398 -154.590454832185344
        0.000000011366972  3.322985011703014  25.278703337306521  14.377048743369706  6.037493721357844  0.000661801743568  0.768357767164540  3.300266285169022  14.133813254919398 -154.590454832185344
        0.000000001392549  3.322985011703014  25.278702960624493  14.377048957604426  6.037493721357844  0.000661801743568  0.768357767164540  3.300266285169022  14.133813254919398 -154.590454832185344
        0.000000000220472  3.322985011703014  25.278702960624493  14.377048743369706  6.037493811323511  0.000661801743568  0.768357767164540  3.300266285169022  14.133813254919398 -154.590454832185344
        0.000000000249669  3.322985011703014  25.278702960624493  14.377048743369706  6.037493721357844  0.000661816644729  0.768357767164540  3.300266285169022  14.133813254919398 -154.590454832185344
        0.000000003664573  3.322985011703014  25.278702960624493  14.377048743369706  6.037493721357844  0.000661801743568  0.768357782065701  3.300266285169022  14.133813254919398 -154.590454832185344
        0.000000003141395  3.322985011703014  25.278702960624493  14.377048743369706  6.037493721357844  0.000661801743568  0.768357767164540  3.300266334346822  14.133813254919398 -154.590454832185344
        0.000000003985299  3.322985011703014  25.278702960624493  14.377048743369706  6.037493721357844  0.000661801743568  0.768357767164540  3.300266285169022  14.133813465529627 -154.590454832185344
        0.000015277738052  3.322985011703014  25.278702960624493  14.377048743369706  6.037493721357844  0.000661801743568  0.768357767164540  3.300266285169022  14.133813254919398 -154.590457135762620
        0.000019004679377  3.316223722807597  25.847420171691759  14.725480855236075  6.059494187431746  0.000529465171951  0.769953082283609  3.300156471206914  14.308413147471555 -154.590454510755137
        0.000000012629927  3.316223772223181  25.847420171691759  14.725480855236075  6.059494187431746  0.000529465171951  0.769953082283609  3.300156471206914  14.308413147471555 -154.590454510755137
        0.000000011323719  3.316223722807597  25.847420556848334  14.725480855236075  6.059494187431746  0.000529465171951  0.769953082283609  3.300156471206914  14.308413147471555 -154.590454510755137
        0.000000001392368  3.316223722807597  25.847420171691759  14.725481074662840  6.059494187431746  0.000529465171951  0.769953082283609  3.300156471206914  14.308413147471555 -154.590454510755137
        0.000000000225541  3.316223722807597  25.847420171691759  14.725480855236075  6.059494277725245  0.000529465171951  0.769953082283609  3.300156471206914  14.308413147471555 -154.590454510755137
        0.000000000246231  3.316223722807597  25.847420171691759  14.725480855236075  6.059494187431746  0.000529480073112  0.769953082283609  3.300156471206914  14.308413147471555 -154.590454510755137
        0.000000003656642  3.316223722807597  25.847420171691759  14.725480855236075  6.059494187431746  0.000529465171951  0.769953097184771  3.300156471206914  14.308413147471555 -154.590454510755137
        0.000000003175121  3.316223722807597  25.847420171691759  14.725480855236075  6.059494187431746  0.000529465171951  0.769953082283609  3.300156520383077  14.308413147471555 -154.590454510755137
        0.000000003931331  3.316223722807597  25.847420171691759  14.725480855236075  6.059494187431746  0.000529465171951  0.769953082283609  3.300156471206914  14.308413360683526 -154.590454510755137
        0.000015277737924  3.316223722807597  25.847420171691759  14.725480855236075  6.059494187431746  0.000529465171951  0.769953082283609  3.300156471206914  14.308413147471555 -154.590456814332413
        0.000027143780916  3.316234101743681  25.847624427917246  14.725516534616983  6.059278414811519  0.000942765416243  0.769979127511847  3.300149483131009  14.308147879998517 -154.590454513685188
        0.000000012631752  3.316234151159420  25.847624427917246  14.725516534616983  6.059278414811519  0.000942765416243  0.769979127511847  3.300149483131009  14.308147879998517 -154.590454513685188
        0.000000011325320  3.316234101743681  25.847624813076866  14.725516534616983  6.059278414811519  0.000942765416243  0.769979127511847  3.300149483131009  14.308147879998517 -154.590454513685188
        0.000000001392406  3.316234101743681  25.847624427917246  14.725516754044278  6.059278414811519  0.000942765416243  0.769979127511847  3.300149483131009  14.308147879998517 -154.590454513685188
        0.000000000225551  3.316234101743681  25.847624427917246  14.725516534616983  6.059278505101804  0.000942765416243  0.769979127511847  3.300149483131009  14.308147879998517 -154.590454513685188
        0.000000000246269  3.316234101743681  25.847624427917246  14.725516534616983  6.059278414811519  0.000942780317404  0.769979127511847  3.300149483131009  14.308147879998517 -154.590454513685188
        0.000000003656759  3.316234101743681  25.847624427917246  14.725516534616983  6.059278414811519  0.000942765416243  0.769979142413008  3.300149483131009  14.308147879998517 -154.590454513685188
        0.000000003175188  3.316234101743681  25.847624427917246  14.725516534616983  6.059278414811519  0.000942765416243  0.769979127511847  3.300149532307068  14.308147879998517 -154.590454513685188
        0.000000003931424  3.316234101743681  25.847624427917246  14.725516534616983  6.059278414811519  0.000942765416243  0.769979127511847  3.300149483131009  14.308148093206535 -154.590454513685188
        0.000015277737915  3.316234101743681  25.847624427917246  14.725516534616983  6.059278414811519  0.000942765416243  0.769979127511847  3.300149483131009  14.308147879998517 -154.590456817262464
        0.000013908563806  3.317889389975518  25.711564024466675  14.662672079603357  5.969952461150210  0.000052930052161  0.770738942249479  3.300131114837800  14.266712044309813 -154.590454482880290
        0.000000012643546  3.317889439415922  25.711564024466675  14.662672079603357  5.969952461150210  0.000052930052161  0.770738942249479  3.300131114837800  14.266712044309813 -154.590454482880290
        0.000000011335118  3.317889389975518  25.711564407598836  14.662672079603357  5.969952461150210  0.000052930052161  0.770738942249479  3.300131114837800  14.266712044309813 -154.590454482880290
        0.000000001392551  3.317889389975518  25.711564024466675  14.662672298094197  5.969952461150210  0.000052930052161  0.770738942249479  3.300131114837800  14.266712044309813 -154.590454482880290
        0.000000000228288  3.317889389975518  25.711564024466675  14.662672079603357  5.969952550109434  0.000052930052161  0.770738942249479  3.300131114837800  14.266712044309813 -154.590454482880290
        0.000000000242625  3.317889389975518  25.711564024466675  14.662672079603357  5.969952461150210  0.000052944953322  0.770738942249479  3.300131114837800  14.266712044309813 -154.590454482880290
        0.000000003651763  3.317889389975518  25.711564024466675  14.662672079603357  5.969952461150210  0.000052930052161  0.770738957150640  3.300131114837800  14.266712044309813 -154.590454482880290
        0.000000003160898  3.317889389975518  25.711564024466675  14.662672079603357  5.969952461150210  0.000052930052161  0.770738942249479  3.300131164013586  14.266712044309813 -154.590454482880290
        0.000000003945031  3.317889389975518  25.711564024466675  14.662672079603357  5.969952461150210  0.000052930052161  0.770738942249479  3.300131114837800  14.266712256900389 -154.590454482880290
        0.000015277737693  3.317889389975518  25.711564024466675  14.662672079603357  5.969952461150210  0.000052930052161  0.770738942249479  3.300131114837800  14.266712044309813 -154.590456786457565
        0.000016155329378  3.317890505036725  25.711568531096841  14.662664616668442  5.969936118455544  0.000088255876641  0.770741379509556  3.300130423976470  14.266682572645305 -154.590454483111927
        0.000000012643702  3.317890554477146  25.711568531096841  14.662664616668442  5.969936118455544  0.000088255876641  0.770741379509556  3.300130423976470  14.266682572645305 -154.590454483111927
        0.000000011335290  3.317890505036725  25.711568914229069  14.662664616668442  5.969936118455544  0.000088255876641  0.770741379509556  3.300130423976470  14.266682572645305 -154.590454483111927
        0.000000001392564  3.317890505036725  25.711568531096841  14.662664835159172  5.969936118455544  0.000088255876641  0.770741379509556  3.300130423976470  14.266682572645305 -154.590454483111927
        0.000000000228303  3.317890505036725  25.711568531096841  14.662664616668442  5.969936207414524  0.000088255876641  0.770741379509556  3.300130423976470  14.266682572645305 -154.590454483111927
        0.000000000242621  3.317890505036725  25.711568531096841  14.662664616668442  5.969936118455544  0.000088270777802  0.770741379509556  3.300130423976470  14.266682572645305 -154.590454483111927
        0.000000003651786  3.317890505036725  25.711568531096841  14.662664616668442  5.969936118455544  0.000088255876641  0.770741394410717  3.300130423976470  14.266682572645305 -154.590454483111927
        0.000000003160905  3.317890505036725  25.711568531096841  14.662664616668442  5.969936118455544  0.000088255876641  0.770741379509556  3.300130473152245  14.266682572645305 -154.590454483111927
        0.000000003945057  3.317890505036725  25.711568531096841  14.662664616668442  5.969936118455544  0.000088255876641  0.770741379509556  3.300130423976470  14.266682785235442 -154.590454483111927
        0.000015277737688  3.317890505036725  25.711568531096841  14.662664616668442  5.969936118455544  0.000088255876641  0.770741379509556  3.300130423976470  14.266682572645305 -154.590456786689202
        0.000015029155176  3.319375668698255  25.585801021788168  14.595202287427410  5.923512615650287  0.000036684304857  0.770991205760286  3.300102997370100  14.228610732886647 -154.590454410490196
        0.000000996391651  3.318236373954444  25.682512515293485  14.648820944033689  5.951860910470163  0.000023135226940  0.770906985571682  3.300105321649526  14.257986314150511 -154.590454417318313
        0.000000012645877  3.318236423400020  25.682512515293485  14.648820944033689  5.951860910470163  0.000023135226940  0.770906985571682  3.300105321649526  14.257986314150511 -154.590454417318313
        0.000000011337078  3.318236373954444  25.682512897992744  14.648820944033689  5.951860910470163  0.000023135226940  0.770906985571682  3.300105321649526  14.257986314150511 -154.590454417318313
        0.000000001392578  3.318236373954444  25.682512515293485  14.648821162318132  5.951860910470163  0.000023135226940  0.770906985571682  3.300105321649526  14.257986314150511 -154.590454417318313
        0.000000000228808  3.318236373954444  25.682512515293485  14.648820944033689  5.951860999159802  0.000023135226940  0.770906985571682  3.300105321649526  14.257986314150511 -154.590454417318313
        0.000000000241918  3.318236373954444  25.682512515293485  14.648820944033689  5.951860910470163  0.000023150128102  0.770906985571682  3.300105321649526  14.257986314150511 -154.590454417318313
        0.000000003650698  3.318236373954444  25.682512515293485  14.648820944033689  5.951860910470163  0.000023135226940  0.770907000472843  3.300105321649526  14.257986314150511 -154.590454417318313
        0.000000003157923  3.318236373954444  25.682512515293485  14.648820944033689  5.951860910470163  0.000023135226940  0.770906985571682  3.300105370824927  14.257986314150511 -154.590454417318313
        0.000000003947818  3.318236373954444  25.682512515293485  14.648820944033689  5.951860910470163  0.000023135226940  0.770906985571682  3.300105321649526  14.257986526611063 -154.590454417318313
        0.000015277737658  3.318236373954444  25.682512515293485  14.648820944033689  5.951860910470163  0.000023135226940  0.770906985571682  3.300105321649526  14.257986314150511 -154.590456720895588
        0.000015339457572  3.318304370146538  25.676597744501976  14.646872311074302  5.944874121778379  0.000019190027981  0.770985639976029  3.300113538653416  14.256189672115443 -154.590454438732792
        0.000000322843145  3.318251610596878  25.681116795008919  14.648387353444916  5.950035512195890  0.000022075553798  0.770927302165683  3.300115170085103  14.257534928456018 -154.590454444747166
        0.000000087676142  3.318239270319949  25.682174954463143  14.648707911122102  5.951397874076737  0.000022865846685  0.770911397874011  3.300115702340495  14.257848530907813 -154.590454446524376
        0.000000024210179  3.318236295393872  25.682431837482934  14.648789433550785  5.951744564189019  0.000023068005090  0.770907242813229  3.300115738941615  14.257924745533291 -154.590454446607168
        0.000000012645942  3.318236344839446  25.682431837482934  14.648789433550785  5.951744564189019  0.000023068005090  0.770907242813229  3.300115738941615  14.257924745533291 -154.590454446607168
        0.000000011337118  3.318236295393872  25.682432220180992  14.648789433550785  5.951744564189019  0.000023068005090  0.770907242813229  3.300115738941615  14.257924745533291 -154.590454446607168
        0.000000001392568  3.318236295393872  25.682431837482934  14.648789651834758  5.951744564189019  0.000023068005090  0.770907242813229  3.300115738941615  14.257924745533291 -154.590454446607168
        0.000000000228847  3.318236295393872  25.682431837482934  14.648789433550785  5.951744652876924  0.000023068005090  0.770907242813229  3.300115738941615  14.257924745533291 -154.590454446607168
        0.000000000241918  3.318236295393872  25.682431837482934  14.648789433550785  5.951744564189019  0.000023082906251  0.770907242813229  3.300115738941615  14.257924745533291 -154.590454446607168
        0.000000003650676  3.318236295393872  25.682431837482934  14.648789433550785  5.951744564189019  0.000023068005090  0.770907257714390  3.300115738941615  14.257924745533291 -154.590454446607168
        0.000000003157897  3.318236295393872  25.682431837482934  14.648789433550785  5.951744564189019  0.000023068005090  0.770907242813229  3.300115788117172  14.257924745533291 -154.590454446607168
        0.000000003947819  3.318236295393872  25.682431837482934  14.648789433550785  5.951744564189019  0.000023068005090  0.770907242813229  3.300115738941615  14.257924957992927 -154.590454446607168
        0.000015277737684  3.318236295393872  25.682431837482934  14.648789433550785  5.951744564189019  0.000023068005090  0.770907242813229  3.300115738941615  14.257924745533291 -154.590456750184444
2023-06-01 19:45:56.674520
