/projects/wagner/highthroughput/mick_graphene_paper/3_data/1_kc_fitting
2023-06-01 19:04:55.830511
use a starting guess from the old fit
starting guess parameters:  [ 3.37006089e+00  2.17833385e+01  1.04693887e+01  8.86496249e+00
  1.31573765e-05  7.23952360e-01  3.28314592e+00  1.30901596e+01
 -1.54590379e+02]
     1025.509994320580063  3.370060885645178  21.783338516870739  10.469388694543325  8.864962486046355  0.000013157376477  0.723952360283636  3.283145920221462  13.090159601618883 -154.590378722241923
        0.000000012842762  3.370060935862998  21.783338516870739  10.469388694543325  8.864962486046355  0.000013157376477  0.723952360283636  3.283145920221462  13.090159601618883 -154.590378722241923
        0.000000011578739  3.370060885645178  21.783338841467778  10.469388694543325  8.864962486046355  0.000013157376477  0.723952360283636  3.283145920221462  13.090159601618883 -154.590378722241923
        0.000000001419287  3.370060885645178  21.783338516870739  10.469388850549374  8.864962486046355  0.000013157376477  0.723952360283636  3.283145920221462  13.090159601618883 -154.590378722241923
        0.000000000243239  3.370060885645178  21.783338516870739  10.469388694543325  8.864962618144590  0.000013157376477  0.723952360283636  3.283145920221462  13.090159601618883 -154.590378722241923
        0.000000000451910  3.370060885645178  21.783338516870739  10.469388694543325  8.864962486046355  0.000013172277638  0.723952360283636  3.283145920221462  13.090159601618883 -154.590378722241923
        0.000000003998539  3.370060885645178  21.783338516870739  10.469388694543325  8.864962486046355  0.000013157376477  0.723952375184798  3.283145920221462  13.090159601618883 -154.590378722241923
        0.000000003161800  3.370060885645178  21.783338516870739  10.469388694543325  8.864962486046355  0.000013157376477  0.723952360283636  3.283145969144149  13.090159601618883 -154.590378722241923
        0.000000004375995  3.370060885645178  21.783338516870739  10.469388694543325  8.864962486046355  0.000013157376477  0.723952360283636  3.283145920221462  13.090159796677462 -154.590378722241923
        0.000015277711498  3.370060885645178  21.783338516870739  10.469388694543325  8.864962486046355  0.000013157376477  0.723952360283636  3.283145920221462  13.090159601618883 -154.590381025818061
        0.000638703419534  3.371100463686974  21.723001638969542  9.702059284720724  9.840186866825546  0.000011143644779  0.708227455155365  3.287052067672655  12.976382148967756 -154.590361228330380
        0.000000012773767  3.371100513920286  21.723001638969542  9.702059284720724  9.840186866825546  0.000011143644779  0.708227455155365  3.287052067672655  12.976382148967756 -154.590361228330380
        0.000000011529107  3.371100463686974  21.723001962667492  9.702059284720724  9.840186866825546  0.000011143644779  0.708227455155365  3.287052067672655  12.976382148967756 -154.590361228330380
        0.000000001429404  3.371100463686974  21.723001638969542  9.702059429292673  9.840186866825546  0.000011143644779  0.708227455155365  3.287052067672655  12.976382148967756 -154.590361228330380
        0.000000000309306  3.371100463686974  21.723001638969542  9.702059284720724  9.840187013455756  0.000011143644779  0.708227455155365  3.287052067672655  12.976382148967756 -154.590361228330380
        0.000000000503076  3.371100463686974  21.723001638969542  9.702059284720724  9.840186866825546  0.000011158545940  0.708227455155365  3.287052067672655  12.976382148967756 -154.590361228330380
        0.000000004081392  3.371100463686974  21.723001638969542  9.702059284720724  9.840186866825546  0.000011143644779  0.708227470056526  3.287052067672655  12.976382148967756 -154.590361228330380
        0.000000003222253  3.371100463686974  21.723001638969542  9.702059284720724  9.840186866825546  0.000011143644779  0.708227455155365  3.287052116653548  12.976382148967756 -154.590361228330380
        0.000000004368816  3.371100463686974  21.723001638969542  9.702059284720724  9.840186866825546  0.000011143644779  0.708227455155365  3.287052067672655  12.976382342330918 -154.590361228330380
        0.000015277726797  3.371100463686974  21.723001638969542  9.702059284720724  9.840186866825546  0.000011143644779  0.708227455155365  3.287052067672655  12.976382148967756 -154.590363531906263
        0.000073996001754  3.371099605543009  21.725423920342859  9.705569931224909  9.838793469978800  0.003338339381500  0.708299206933862  3.287032011021444  12.976380649783056 -154.590361235921449
        0.000000012781280  3.371099655776307  21.725423920342859  9.705569931224909  9.838793469978800  0.003338339381500  0.708299206933862  3.287032011021444  12.976380649783056 -154.590361235921449
        0.000000011535897  3.371099605543009  21.725424244076901  9.705569931224909  9.838793469978800  0.003338339381500  0.708299206933862  3.287032011021444  12.976380649783056 -154.590361235921449
        0.000000001429533  3.371099605543009  21.725423920342859  9.705570075849172  9.838793469978800  0.003338339381500  0.708299206933862  3.287032011021444  12.976380649783056 -154.590361235921449
        0.000000000309155  3.371099605543009  21.725423920342859  9.705569931224909  9.838793616588248  0.003338339381500  0.708299206933862  3.287032011021444  12.976380649783056 -154.590361235921449
        0.000000000503041  3.371099605543009  21.725423920342859  9.705569931224909  9.838793469978800  0.003338354282661  0.708299206933862  3.287032011021444  12.976380649783056 -154.590361235921449
        0.000000004081731  3.371099605543009  21.725423920342859  9.705569931224909  9.838793469978800  0.003338339381500  0.708299221835023  3.287032011021444  12.976380649783056 -154.590361235921449
        0.000000003222713  3.371099605543009  21.725423920342859  9.705569931224909  9.838793469978800  0.003338339381500  0.708299206933862  3.287032060002038  12.976380649783056 -154.590361235921449
        0.000000004368889  3.371099605543009  21.725423920342859  9.705569931224909  9.838793469978800  0.003338339381500  0.708299206933862  3.287032011021444  12.976380843146197 -154.590361235921449
        0.000015277726805  3.371099605543009  21.725423920342859  9.705569931224909  9.838793469978800  0.003338339381500  0.708299206933862  3.287032011021444  12.976380649783056 -154.590363539497332
        0.005209122184135  3.294064124405678  27.260773920773886  8.847148339980372  16.504593789159259  0.004829064035343  0.669497117100557  3.291764423532893  14.724553202243658 -154.590375583891756
        0.005091647424864  3.370813478401387  21.770432708229322  8.029742241847009  11.941039137825960  0.005018723805765  0.689280115937704  3.288745887031315  12.970973392675347 -154.590367025191966
        0.000000012773591  3.370813528630422  21.770432708229322  8.029742241847009  11.941039137825960  0.005018723805765  0.689280115937704  3.288745887031315  12.970973392675347 -154.590367025191966
        0.000000011551178  3.370813478401387  21.770433032634049  8.029742241847009  11.941039137825960  0.005018723805765  0.689280115937704  3.288745887031315  12.970973392675347 -154.590367025191966
        0.000000001450973  3.370813478401387  21.770432708229322  8.029742361499492  11.941039137825960  0.005018723805765  0.689280115937704  3.288745887031315  12.970973392675347 -154.590367025191966
        0.000000000473481  3.370813478401387  21.770432708229322  8.029742241847009  11.941039315761309  0.005018723805765  0.689280115937704  3.288745887031315  12.970973392675347 -154.590367025191966
        0.000000000616653  3.370813478401387  21.770432708229322  8.029742241847009  11.941039137825960  0.005018738706926  0.689280115937704  3.288745887031315  12.970973392675347 -154.590367025191966
        0.000000004241169  3.370813478401387  21.770432708229322  8.029742241847009  11.941039137825960  0.005018723805765  0.689280130838865  3.288745887031315  12.970973392675347 -154.590367025191966
        0.000000003361990  3.370813478401387  21.770432708229322  8.029742241847009  11.941039137825960  0.005018723805765  0.689280115937704  3.288745936037447  12.970973392675347 -154.590367025191966
        0.000000004368218  3.370813478401387  21.770432708229322  8.029742241847009  11.941039137825960  0.005018723805765  0.689280115937704  3.288745887031315  12.970973585957912 -154.590367025191966
        0.000015277729676  3.370813478401387  21.770432708229322  8.029742241847009  11.941039137825960  0.005018723805765  0.689280115937704  3.288745887031315  12.970973392675347 -154.590369328767935
        0.000111549405050  3.370876440819050  21.773269456965224  8.030450193337600  11.944491449266412  0.005293991054705  0.689411250234663  3.288695071277971  12.969393654782275 -154.590367068207257
        0.000000012785763  3.370876491049023  21.773269456965224  8.030450193337600  11.944491449266412  0.005293991054705  0.689411250234663  3.288695071277971  12.969393654782275 -154.590367068207257
        0.000000011561987  3.370876440819050  21.773269781412221  8.030450193337600  11.944491449266412  0.005293991054705  0.689411250234663  3.288695071277971  12.969393654782275 -154.590367068207257
        0.000000001451491  3.370876440819050  21.773269456965224  8.030450313000633  11.944491449266412  0.005293991054705  0.689411250234663  3.288695071277971  12.969393654782275 -154.590367068207257
        0.000000000473882  3.370876440819050  21.773269456965224  8.030450193337600  11.944491627253205  0.005293991054705  0.689411250234663  3.288695071277971  12.969393654782275 -154.590367068207257
        0.000000000617128  3.370876440819050  21.773269456965224  8.030450193337600  11.944491449266412  0.005294005955866  0.689411250234663  3.288695071277971  12.969393654782275 -154.590367068207257
        0.000000004243031  3.370876440819050  21.773269456965224  8.030450193337600  11.944491449266412  0.005293991054705  0.689411265135824  3.288695071277971  12.969393654782275 -154.590367068207257
        0.000000003363202  3.370876440819050  21.773269456965224  8.030450193337600  11.944491449266412  0.005293991054705  0.689411250234663  3.288695120283346  12.969393654782275 -154.590367068207257
        0.000000004369188  3.370876440819050  21.773269456965224  8.030450193337600  11.944491449266412  0.005293991054705  0.689411250234663  3.288695071277971  12.969393848041300 -154.590367068207257
        0.000015277729693  3.370876440819050  21.773269456965224  8.030450193337600  11.944491449266412  0.005293991054705  0.689411250234663  3.288695071277971  12.969393654782275 -154.590369371783225
        0.000248983443282  3.365378671698931  22.165402818385704  7.592670738139677  12.614146766738561  0.000799444633358  0.687537092789938  3.288772418869324  13.096703766632723 -154.590366791514413
        0.000000012749286  3.365378721846982  22.165402818385704  7.592670738139677  12.614146766738561  0.000799444633358  0.687537092789938  3.288772418869324  13.096703766632723 -154.590366791514413
        0.000000011529041  3.365378671698931  22.165403148675946  7.592670738139677  12.614146766738561  0.000799444633358  0.687537092789938  3.288772418869324  13.096703766632723 -154.590366791514413
        0.000000001458865  3.365378671698931  22.165402818385704  7.592670851279287  12.614146766738561  0.000799444633358  0.687537092789938  3.288772418869324  13.096703766632723 -154.590366791514413
        0.000000000518267  3.365378671698931  22.165402818385704  7.592670738139677  12.614146954703994  0.000799444633358  0.687537092789938  3.288772418869324  13.096703766632723 -154.590366791514413
        0.000000000645065  3.365378671698931  22.165402818385704  7.592670738139677  12.614146766738561  0.000799459534519  0.687537092789938  3.288772418869324  13.096703766632723 -154.590366791514413
        0.000000004262415  3.365378671698931  22.165402818385704  7.592670738139677  12.614146766738561  0.000799444633358  0.687537107691099  3.288772418869324  13.096703766632723 -154.590366791514413
        0.000000003414011  3.365378671698931  22.165402818385704  7.592670738139677  12.614146766738561  0.000799444633358  0.687537092789938  3.288772467875852  13.096703766632723 -154.590366791514413
        0.000000004323610  3.365378671698931  22.165402818385704  7.592670738139677  12.614146766738561  0.000799444633358  0.687537092789938  3.288772418869324  13.096703961788817 -154.590366791514413
        0.000015277729753  3.365378671698931  22.165402818385704  7.592670738139677  12.614146766738561  0.000799444633358  0.687537092789938  3.288772418869324  13.096703766632723 -154.590369095090381
        0.000021165067142  3.365390202036943  22.165439324939594  7.592906083985507  12.614248247566479  0.000435346266082  0.687552265905085  3.288766924883472  13.096415946975949 -154.590366799067937
        0.000000012750280  3.365390252185165  22.165439324939594  7.592906083985507  12.614248247566479  0.000435346266082  0.687552265905085  3.288766924883472  13.096415946975949 -154.590366799067937
        0.000000011529902  3.365390202036943  22.165439655230379  7.592906083985507  12.614248247566479  0.000435346266082  0.687552265905085  3.288766924883472  13.096415946975949 -154.590366799067937
        0.000000001458936  3.365390202036943  22.165439324939594  7.592906197128624  12.614248247566479  0.000435346266082  0.687552265905085  3.288766924883472  13.096415946975949 -154.590366799067937
        0.000000000518328  3.365390202036943  22.165439324939594  7.592906083985507  12.614248435533426  0.000435346266082  0.687552265905085  3.288766924883472  13.096415946975949 -154.590366799067937
        0.000000000645120  3.365390202036943  22.165439324939594  7.592906083985507  12.614248247566479  0.000435361167243  0.687552265905085  3.288766924883472  13.096415946975949 -154.590366799067937
        0.000000004262628  3.365390202036943  22.165439324939594  7.592906083985507  12.614248247566479  0.000435346266082  0.687552280806246  3.288766924883472  13.096415946975949 -154.590366799067937
        0.000000003414097  3.365390202036943  22.165439324939594  7.592906083985507  12.614248247566479  0.000435346266082  0.687552265905085  3.288766973889918  13.096415946975949 -154.590366799067937
        0.000000004323762  3.365390202036943  22.165439324939594  7.592906083985507  12.614248247566479  0.000435346266082  0.687552265905085  3.288766924883472  13.096416142127755 -154.590366799067937
        0.000015277729757  3.365390202036943  22.165439324939594  7.592906083985507  12.614248247566479  0.000435346266082  0.687552265905085  3.288766924883472  13.096415946975949 -154.590369102643905
        0.000294545984796  3.357990177259259  22.715639053598039  6.118383610104400  14.644158775596333  0.000081492843419  0.674884638467687  3.291198043034082  13.255040930437364 -154.590373293379884
        0.000000012689393  3.357990227297212  22.715639053598039  6.118383610104400  14.644158775596333  0.000081492843419  0.674884638467687  3.291198043034082  13.255040930437364 -154.590373293379884
        0.000000011487860  3.357990177259259  22.715639392087439  6.118383610104400  14.644158775596333  0.000081492843419  0.674884638467687  3.291198043034082  13.255040930437364 -154.590373293379884
        0.000000001477426  3.357990177259259  22.715639053598039  6.118383701275421  14.644158775596333  0.000081492843419  0.674884638467687  3.291198043034082  13.255040930437364 -154.590373293379884
        0.000000000659456  3.357990177259259  22.715639053598039  6.118383610104400  14.644158993811303  0.000081492843419  0.674884638467687  3.291198043034082  13.255040930437364 -154.590373293379884
        0.000000000734903  3.357990177259259  22.715639053598039  6.118383610104400  14.644158775596333  0.000081507744581  0.674884638467687  3.291198043034082  13.255040930437364 -154.590373293379884
        0.000000004370163  3.357990177259259  22.715639053598039  6.118383610104400  14.644158775596333  0.000081492843419  0.674884653368848  3.291198043034082  13.255040930437364 -154.590373293379884
        0.000000003552770  3.357990177259259  22.715639053598039  6.118383610104400  14.644158775596333  0.000081492843419  0.674884638467687  3.291198092076755  13.255040930437364 -154.590373293379884
        0.000000004264953  3.357990177259259  22.715639053598039  6.118383610104400  14.644158775596333  0.000081492843419  0.674884638467687  3.291198043034082  13.255041127952865 -154.590373293379884
        0.000015277733399  3.357990177259259  22.715639053598039  6.118383610104400  14.644158775596333  0.000081492843419  0.674884638467687  3.291198043034082  13.255040930437364 -154.590375596955965
        0.000207319638998  3.358074064658447  22.717135049214104  6.119410716763588  14.646031228752685  0.010570953276591  0.675028220244724  3.291146027161740  13.252962704648816 -154.590373326762403
        0.000000012713044  3.358074114697650  22.717135049214104  6.119410716763588  14.646031228752685  0.010570953276591  0.675028220244724  3.291146027161740  13.252962704648816 -154.590373326762403
        0.000000011509394  3.358074064658447  22.717135387725794  6.119410716763588  14.646031228752685  0.010570953276591  0.675028220244724  3.291146027161740  13.252962704648816 -154.590373326762403
        0.000000001477989  3.358074064658447  22.717135049214104  6.119410807949913  14.646031228752685  0.010570953276591  0.675028220244724  3.291146027161740  13.252962704648816 -154.590373326762403
        0.000000000659875  3.358074064658447  22.717135049214104  6.119410716763588  14.646031446995558  0.010570953276591  0.675028220244724  3.291146027161740  13.252962704648816 -154.590373326762403
        0.000000000735417  3.358074064658447  22.717135049214104  6.119410716763588  14.646031228752685  0.010570968177752  0.675028220244724  3.291146027161740  13.252962704648816 -154.590373326762403
        0.000000004372174  3.358074064658447  22.717135049214104  6.119410716763588  14.646031228752685  0.010570953276591  0.675028235145885  3.291146027161740  13.252962704648816 -154.590373326762403
        0.000000003554552  3.358074064658447  22.717135049214104  6.119410716763588  14.646031228752685  0.010570953276591  0.675028220244724  3.291146076203638  13.252962704648816 -154.590373326762403
        0.000000004265779  3.358074064658447  22.717135049214104  6.119410716763588  14.646031228752685  0.010570953276591  0.675028220244724  3.291146027161740  13.252962902133349 -154.590373326762403
        0.000015277733412  3.358074064658447  22.717135049214104  6.119410716763588  14.646031228752685  0.010570953276591  0.675028220244724  3.291146027161740  13.252962704648816 -154.590375630338485
        0.000146875335608  3.355791285150491  22.887710952879829  5.959466956707338  14.871260954071522  0.000474641043324  0.675280286686151  3.291226189223691  13.308358332288508 -154.590373211428698
        0.000000012699828  3.355791335155677  22.887710952879829  5.959466956707338  14.871260954071522  0.000474641043324  0.675280286686151  3.291226189223691  13.308358332288508 -154.590373211428698
        0.000000011495983  3.355791285150491  22.887711293933300  5.959466956707338  14.871260954071522  0.000474641043324  0.675280286686151  3.291226189223691  13.308358332288508 -154.590373211428698
        0.000000001481037  3.355791285150491  22.887710952879829  5.959467045510316  14.871260954071522  0.000474641043324  0.675280286686151  3.291226189223691  13.308358332288508 -154.590373211428698
        0.000000000673441  3.355791285150491  22.887710952879829  5.959466956707338  14.871261175670579  0.000474641043324  0.675280286686151  3.291226189223691  13.308358332288508 -154.590373211428698
        0.000000000743342  3.355791285150491  22.887710952879829  5.959466956707338  14.871260954071522  0.000474655944485  0.675280286686151  3.291226189223691  13.308358332288508 -154.590373211428698
        0.000000004374567  3.355791285150491  22.887710952879829  5.959466956707338  14.871260954071522  0.000474641043324  0.675280301587312  3.291226189223691  13.308358332288508 -154.590373211428698
        0.000000003570824  3.355791285150491  22.887710952879829  5.959466956707338  14.871260954071522  0.000474641043324  0.675280286686151  3.291226238266783  13.308358332288508 -154.590373211428698
        0.000000004247209  3.355791285150491  22.887710952879829  5.959466956707338  14.871260954071522  0.000474641043324  0.675280286686151  3.291226189223691  13.308358530598500 -154.590373211428698
        0.000015277733159  3.355791285150491  22.887710952879829  5.959466956707338  14.871260954071522  0.000474641043324  0.675280286686151  3.291226189223691  13.308358332288508 -154.590375515004780
        0.000065879381794  3.359618171236463  22.602778091117138  5.293996638072376  15.242757437612941  0.000115380747580  0.671795561934150  3.292060561295543  13.212120302084916 -154.590375556280037
        0.000000012726116  3.359618221298675  22.602778091117138  5.293996638072376  15.242757437612941  0.000115380747580  0.671795561934150  3.292060561295543  13.212120302084916 -154.590375556280037
        0.000000011524517  3.359618171236463  22.602778427924779  5.293996638072376  15.242757437612941  0.000115380747580  0.671795561934150  3.292060561295543  13.212120302084916 -154.590375556280037
        0.000000001487846  3.359618171236463  22.602778091117138  5.293996716959073  15.242757437612941  0.000115380747580  0.671795561934150  3.292060561295543  13.212120302084916 -154.590375556280037
        0.000000000721315  3.359618171236463  22.602778091117138  5.293996638072376  15.242757664747726  0.000115380747580  0.671795561934150  3.292060561295543  13.212120302084916 -154.590375556280037
        0.000000000770164  3.359618171236463  22.602778091117138  5.293996638072376  15.242757437612941  0.000115395648741  0.671795561934150  3.292060561295543  13.212120302084916 -154.590375556280037
        0.000000004403694  3.359618171236463  22.602778091117138  5.293996638072376  15.242757437612941  0.000115380747580  0.671795576835311  3.292060561295543  13.212120302084916 -154.590375556280037
        0.000000003574191  3.359618171236463  22.602778091117138  5.293996638072376  15.242757437612941  0.000115380747580  0.671795561934150  3.292060610351068  13.212120302084916 -154.590375556280037
        0.000000004277012  3.359618171236463  22.602778091117138  5.293996638072376  15.242757437612941  0.000115380747580  0.671795561934150  3.292060561295543  13.212120498960850 -154.590375556280037
        0.000015277734397  3.359618171236463  22.602778091117138  5.293996638072376  15.242757437612941  0.000115380747580  0.671795561934150  3.292060561295543  13.212120302084916 -154.590377859856147
        0.000029292390629  3.352754681970513  23.114710256618785  5.309122684988646  15.677555501376082  0.000029873437273  0.671271834842012  3.292273613322428  13.373296675975354 -154.590376007736836
        0.000026665841292  3.358013786791541  22.723403764293316  5.222231867350528  15.409408860006057  0.000033940342929  0.671299056558715  3.292260797901990  13.249299616951344 -154.590375968749100
        0.000000012717083  3.358013836829845  22.723403764293316  5.222231867350528  15.409408860006057  0.000033940342929  0.671299056558715  3.292260797901990  13.249299616951344 -154.590375968749100
        0.000000011516479  3.358013786791541  22.723404102898417  5.222231867350528  15.409408860006057  0.000033940342929  0.671299056558715  3.292260797901990  13.249299616951344 -154.590375968749100
        0.000000001489137  3.358013786791541  22.723403764293316  5.222231945167847  15.409408860006057  0.000033940342929  0.671299056558715  3.292260797901990  13.249299616951344 -154.590375968749100
        0.000000000728955  3.358013786791541  22.723403764293316  5.222231867350528  15.409409089624141  0.000033940342929  0.671299056558715  3.292260797901990  13.249299616951344 -154.590375968749100
        0.000000000775216  3.358013786791541  22.723403764293316  5.222231867350528  15.409408860006057  0.000033955244090  0.671299056558715  3.292260797901990  13.249299616951344 -154.590375968749100
        0.000000004408572  3.358013786791541  22.723403764293316  5.222231867350528  15.409408860006057  0.000033940342929  0.671299071459876  3.292260797901990  13.249299616951344 -154.590375968749100
        0.000000003588116  3.358013786791541  22.723403764293316  5.222231867350528  15.409408860006057  0.000033940342929  0.671299056558715  3.292260846960499  13.249299616951344 -154.590375968749100
        0.000000004264302  3.358013786791541  22.723403764293316  5.222231867350528  15.409408860006057  0.000033940342929  0.671299056558715  3.292260797901990  13.249299814381294 -154.590375968749100
        0.000015277734526  3.358013786791541  22.723403764293316  5.222231867350528  15.409408860006057  0.000033940342929  0.671299056558715  3.292260797901990  13.249299616951344 -154.590378272325211
        0.000017040536514  3.359543261838875  22.609846880946225  5.160926117974437  15.364395165825405  0.000048563737641  0.671111862833669  3.292276648161774  13.212974577054444 -154.590376076134675
        0.000000012726859  3.359543311899971  22.609846880946225  5.160926117974437  15.364395165825405  0.000048563737641  0.671111862833669  3.292276648161774  13.212974577054444 -154.590376076134675
        0.000000011525845  3.359543261838875  22.609847217859198  5.160926117974437  15.364395165825405  0.000048563737641  0.671111862833669  3.292276648161774  13.212974577054444 -154.590376076134675
        0.000000001489564  3.359543261838875  22.609846880946225  5.160926194878229  15.364395165825405  0.000048563737641  0.671111862833669  3.292276648161774  13.212974577054444 -154.590376076134675
        0.000000000731772  3.359543261838875  22.609846880946225  5.160926117974437  15.364395394772734  0.000048563737641  0.671111862833669  3.292276648161774  13.212974577054444 -154.590376076134675
        0.000000000776209  3.359543261838875  22.609846880946225  5.160926117974437  15.364395165825405  0.000048578638802  0.671111862833669  3.292276648161774  13.212974577054444 -154.590376076134675
        0.000000004409670  3.359543261838875  22.609846880946225  5.160926117974437  15.364395165825405  0.000048563737641  0.671111877734830  3.292276648161774  13.212974577054444 -154.590376076134675
        0.000000003580018  3.359543261838875  22.609846880946225  5.160926117974437  15.364395165825405  0.000048563737641  0.671111862833669  3.292276697220519  13.212974577054444 -154.590376076134675
        0.000000004276400  3.359543261838875  22.609846880946225  5.160926117974437  15.364395165825405  0.000048563737641  0.671111862833669  3.292276648161774  13.212974773943108 -154.590376076134675
        0.000015277734581  3.359543261838875  22.609846880946225  5.160926117974437  15.364395165825405  0.000048563737641  0.671111862833669  3.292276648161774  13.212974577054444 -154.590378379710785
        0.000015169081972  3.359229299317762  22.633232945469100  5.184357964944985  15.363845995912003  0.000017365301885  0.671210518564112  3.292263671630081  13.220579630134468 -154.590375992537190
        0.000000012724992  3.359229349374179  22.633232945469100  5.184357964944985  15.363845995912003  0.000017365301885  0.671210518564112  3.292263671630081  13.220579630134468 -154.590375992537190
        0.000000011523982  3.359229299317762  22.633233282730551  5.184357964944985  15.363845995912003  0.000017365301885  0.671210518564112  3.292263671630081  13.220579630134468 -154.590375992537190
        0.000000001489378  3.359229299317762  22.633232945469100  5.184358042197938  15.363845995912003  0.000017365301885  0.671210518564112  3.292263671630081  13.220579630134468 -154.590375992537190
        0.000000000730357  3.359229299317762  22.633232945469100  5.184357964944985  15.363846224851148  0.000017365301885  0.671210518564112  3.292263671630081  13.220579630134468 -154.590375992537190
        0.000000000775538  3.359229299317762  22.633232945469100  5.184357964944985  15.363845995912003  0.000017380203047  0.671210518564112  3.292263671630081  13.220579630134468 -154.590375992537190
        0.000000004408965  3.359229299317762  22.633232945469100  5.184357964944985  15.363845995912003  0.000017365301885  0.671210533465273  3.292263671630081  13.220579630134468 -154.590375992537190
        0.000000003581233  3.359229299317762  22.633232945469100  5.184357964944985  15.363845995912003  0.000017365301885  0.671210518564112  3.292263720688632  13.220579630134468 -154.590375992537190
        0.000000004273962  3.359229299317762  22.633232945469100  5.184357964944985  15.363845995912003  0.000017365301885  0.671210518564112  3.292263671630081  13.220579827136456 -154.590375992537190
        0.000015277734534  3.359229299317762  22.633232945469100  5.184357964944985  15.363845995912003  0.000017365301885  0.671210518564112  3.292263671630081  13.220579630134468 -154.590378296113300
2023-06-01 19:18:06.539643
