/projects/wagner/highthroughput/mick_graphene_paper/3_data/kc_fitting_dft
2022-08-17 15:50:46.717619
energy_inf: -154.87065645278034
     2535.672725874616845  3.416084000000000  20.021583000000000  10.905510700000001  4.275635400000000  0.010010836000000  0.844712200000000  2.936058400000000  14.313258800000000 -154.870656452780338
        0.000000018717218  3.416084050903618  20.021583000000000  10.905510700000001  4.275635400000000  0.010010836000000  0.844712200000000  2.936058400000000  14.313258800000000 -154.870656452780338
        0.000000019282189  3.416084000000000  20.021583298344837  10.905510700000001  4.275635400000000  0.010010836000000  0.844712200000000  2.936058400000000  14.313258800000000 -154.870656452780338
        0.000000002760085  3.416084000000000  20.021583000000000  10.905510862504773  4.275635400000000  0.010010836000000  0.844712200000000  2.936058400000000  14.313258800000000 -154.870656452780338
        0.000000000499340  3.416084000000000  20.021583000000000  10.905510700000001  4.275635463711932  0.010010836000000  0.844712200000000  2.936058400000000  14.313258800000000 -154.870656452780338
        0.000000000455390  3.416084000000000  20.021583000000000  10.905510700000001  4.275635400000000  0.010010850901161  0.844712200000000  2.936058400000000  14.313258800000000 -154.870656452780338
        0.000000007626080  3.416084000000000  20.021583000000000  10.905510700000001  4.275635400000000  0.010010836000000  0.844712214901161  2.936058400000000  14.313258800000000 -154.870656452780338
        0.000000008542471  3.416084000000000  20.021583000000000  10.905510700000001  4.275635400000000  0.010010836000000  0.844712200000000  2.936058443750679  14.313258800000000 -154.870656452780338
        0.000000009622645  3.416084000000000  20.021583000000000  10.905510700000001  4.275635400000000  0.010010836000000  0.844712200000000  2.936058400000000  14.313259013284176 -154.870656452780338
        0.000037770100898  3.416084000000000  20.021583000000000  10.905510700000001  4.275635400000000  0.010010836000000  0.844712200000000  2.936058400000000  14.313258800000000 -154.870658760532962
        0.299032755490320  3.409579726392762  0.011243369918848  1.372894188428948  5.010050917887734  27.682933179179749  0.275553935387396  2.934818332618760  14.305013933147375 -154.870642193663343
        0.202633593911013  3.368386434025378  16.877327427972592  9.085138359813207  4.219602923216812  8.097481638675429  0.748657336896425  2.894339894317889  14.254215710317213 -154.870581320657095
        0.000000016887887  3.368386484218248  16.877327427972592  9.085138359813207  4.219602923216812  8.097481638675429  0.748657336896425  2.894339894317889  14.254215710317213 -154.870581320657095
        0.000000015971090  3.368386434025378  16.877327679464369  9.085138359813207  4.219602923216812  8.097481638675429  0.748657336896425  2.894339894317889  14.254215710317213 -154.870581320657095
        0.000000001962243  3.368386434025378  16.877327427972592  9.085138495192318  4.219602923216812  8.097481638675429  0.748657336896425  2.894339894317889  14.254215710317213 -154.870581320657095
        0.000000000273231  3.368386434025378  16.877327427972592  9.085138359813207  4.219602986093796  8.097481638675429  0.748657336896425  2.894339894317889  14.254215710317213 -154.870581320657095
        0.000000001947330  3.368386434025378  16.877327427972592  9.085138359813207  4.219602923216812  8.097481759337308  0.748657336896425  2.894339894317889  14.254215710317213 -154.870581320657095
        0.000000003665003  3.368386434025378  16.877327427972592  9.085138359813207  4.219602923216812  8.097481638675429  0.748657351797586  2.894339894317889  14.254215710317213 -154.870581320657095
        0.000000009241248  3.368386434025378  16.877327427972592  9.085138359813207  4.219602923216812  8.097481638675429  0.748657336896425  2.894339937446914  14.254215710317213 -154.870581320657095
        0.000000006322596  3.368386434025378  16.877327427972592  9.085138359813207  4.219602923216812  8.097481638675429  0.748657336896425  2.894339894317889  14.254215922721579 -154.870581320657095
        0.000037770881607  3.368386434025378  16.877327427972592  9.085138359813207  4.219602923216812  8.097481638675429  0.748657336896425  2.894339894317889  14.254215710317213 -154.870583628408582
        0.027899249213146  3.353361066032569  23.617286213241552  13.984367029043252  1.367362281677213  0.009519539954683  1.030879312908819  2.877715710878887  14.237403861518528 -154.870608549489560
        0.024692668175483  3.357038639776099  18.782096789280562  10.079870935066383  4.610050045765089  6.055705975316619  0.795989326605317  2.891010760641533  14.239887151107988 -154.870593879722577
        0.000000016513051  3.357038689799873  18.782096789280562  10.079870935066383  4.610050045765089  6.055705975316619  0.795989326605317  2.891010760641533  14.239887151107988 -154.870593879722577
        0.000000015571613  3.357038639776099  18.782097069155615  10.079870935066383  4.610050045765089  6.055705975316619  0.795989326605317  2.891010760641533  14.239887151107988 -154.870593879722577
        0.000000002136615  3.357038639776099  18.782096789280562  10.079871085268165  4.610050045765089  6.055705975316619  0.795989326605317  2.891010760641533  14.239887151107988 -154.870593879722577
        0.000000000319699  3.357038639776099  18.782096789280562  10.079870935066383  4.610050114460187  6.055705975316619  0.795989326605317  2.891010760641533  14.239887151107988 -154.870593879722577
        0.000000001161841  3.357038639776099  18.782096789280562  10.079870935066383  4.610050045765089  6.055706065553670  0.795989326605317  2.891010760641533  14.239887151107988 -154.870593879722577
        0.000000004760627  3.357038639776099  18.782096789280562  10.079870935066383  4.610050045765089  6.055705975316619  0.795989341506478  2.891010760641533  14.239887151107988 -154.870593879722577
        0.000000009393240  3.357038639776099  18.782096789280562  10.079870935066383  4.610050045765089  6.055705975316619  0.795989326605317  2.891010803720950  14.239887151107988 -154.870593879722577
        0.000000006369581  3.357038639776099  18.782096789280562  10.079870935066383  4.610050045765089  6.055705975316619  0.795989326605317  2.891010760641533  14.239887363298841 -154.870593879722577
        0.000037771066539  3.357038639776099  18.782096789280562  10.079870935066383  4.610050045765089  6.055705975316619  0.795989326605317  2.891010760641533  14.239887151107988 -154.870596187474263
        0.002179981206128  3.356782406666185  18.779998321517951  10.172599796889104  4.594801047895381  6.041719375941022  0.791871948381456  2.886852223560838  14.247095244234082 -154.870616959043787
        0.000000016371837  3.356782456686141  18.779998321517951  10.172599796889104  4.594801047895381  6.041719375941022  0.791871948381456  2.886852223560838  14.247095244234082 -154.870616959043787
        0.000000015485175  3.356782406666185  18.779998601361733  10.172599796889104  4.594801047895381  6.041719375941022  0.791871948381456  2.886852223560838  14.247095244234082 -154.870616959043787
        0.000000002127033  3.356782406666185  18.779998321517951  10.172599948472653  4.594801047895381  6.041719375941022  0.791871948381456  2.886852223560838  14.247095244234082 -154.870616959043787
        0.000000000323775  3.356782406666185  18.779998321517951  10.172599796889104  4.594801116363253  6.041719375941022  0.791871948381456  2.886852223560838  14.247095244234082 -154.870616959043787
        0.000000001165389  3.356782406666185  18.779998321517951  10.172599796889104  4.594801047895381  6.041719465969656  0.791871948381456  2.886852223560838  14.247095244234082 -154.870616959043787
        0.000000004783391  3.356782406666185  18.779998321517951  10.172599796889104  4.594801047895381  6.041719375941022  0.791871963282617  2.886852223560838  14.247095244234082 -154.870616959043787
        0.000000009396974  3.356782406666185  18.779998321517951  10.172599796889104  4.594801047895381  6.041719375941022  0.791871948381456  2.886852266578289  14.247095244234082 -154.870616959043787
        0.000000006379000  3.356782406666185  18.779998321517951  10.172599796889104  4.594801047895381  6.041719375941022  0.791871948381456  2.886852223560838  14.247095456532344 -154.870616959043787
        0.000037771071723  3.356782406666185  18.779998321517951  10.172599796889104  4.594801047895381  6.041719375941022  0.791871948381456  2.886852223560838  14.247095244234082 -154.870619266795813
        0.003371517724584  3.345753844626701  20.345848567343527  11.074720691479964  5.330857663242658  3.695601404381381  0.805144124218711  2.971218519478253  13.398527069666851 -154.871493805440736
        0.001731503067235  3.344377137334233  19.076738737713569  10.222768471938513  5.402819660587980  5.511745366625581  0.763089708982831  2.978290412393201  13.480675428303243 -154.871458617566361
        0.000000016552440  3.344377187169336  19.076738737713569  10.222768471938513  5.402819660587980  5.511745366625581  0.763089708982831  2.978290412393201  13.480675428303243 -154.871458617566361
        0.000000015523605  3.344377137334233  19.076739021979130  10.222768471938513  5.402819660587980  5.511745366625581  0.763089708982831  2.978290412393201  13.480675428303243 -154.871458617566361
        0.000000002087049  3.344377137334233  19.076738737713569  10.222768624269634  5.402819660587980  5.511745366625581  0.763089708982831  2.978290412393201  13.480675428303243 -154.871458617566361
        0.000000000278640  3.344377137334233  19.076738737713569  10.222768471938513  5.402819741096266  5.511745366625581  0.763089708982831  2.978290412393201  13.480675428303243 -154.871458617566361
        0.000000000864994  3.344377137334233  19.076738737713569  10.222768471938513  5.402819660587980  5.511745448756987  0.763089708982831  2.978290412393201  13.480675428303243 -154.871458617566361
        0.000000004977605  3.344377137334233  19.076738737713569  10.222768471938513  5.402819660587980  5.511745366625581  0.763089723883992  2.978290412393201  13.480675428303243 -154.871458617566361
        0.000000009076379  3.344377137334233  19.076738737713569  10.222768471938513  5.402819660587980  5.511745366625581  0.763089708982831  2.978290456773187  13.480675428303243 -154.871458617566361
        0.000000005918258  3.344377137334233  19.076738737713569  10.222768471938513  5.402819660587980  5.511745366625581  0.763089708982831  2.978290412393201  13.480675629180961 -154.871458617566361
        0.000037771907655  3.344377137334233  19.076738737713569  10.222768471938513  5.402819660587980  5.511745366625581  0.763089708982831  2.978290412393201  13.480675428303243 -154.871460925330922
        0.000909519080634  3.344807218486843  19.427400287702511  10.342010754033002  5.597702817809119  4.894082722315345  0.770337560451188  2.995214747116768  13.324137719563364 -154.871570193841109
        0.000000016712982  3.344807268328354  19.427400287702511  10.342010754033002  5.597702817809119  4.894082722315345  0.770337560451188  2.995214747116768  13.324137719563364 -154.871570193841109
        0.000000015616984  3.344807218486843  19.427400577193335  10.342010754033002  5.597702817809119  4.894082722315345  0.770337560451188  2.995214747116768  13.324137719563364 -154.871570193841109
        0.000000002136505  3.344807218486843  19.427400287702511  10.342010908140971  5.597702817809119  4.894082722315345  0.770337560451188  2.995214747116768  13.324137719563364 -154.871570193841109
        0.000000000285530  3.344807218486843  19.427400287702511  10.342010754033002  5.597702901221391  4.894082722315345  0.770337560451188  2.995214747116768  13.324137719563364 -154.871570193841109
        0.000000000654322  3.344807218486843  19.427400287702511  10.342010754033002  5.597702817809119  4.894082795242861  0.770337560451188  2.995214747116768  13.324137719563364 -154.871570193841109
        0.000000005263704  3.344807218486843  19.427400287702511  10.342010754033002  5.597702817809119  4.894082722315345  0.770337575352349  2.995214747116768  13.324137719563364 -154.871570193841109
        0.000000009039268  3.344807218486843  19.427400287702511  10.342010754033002  5.597702817809119  4.894082722315345  0.770337560451188  2.995214791748946  13.324137719563364 -154.871570193841109
        0.000000005970994  3.344807218486843  19.427400287702511  10.342010754033002  5.597702817809119  4.894082722315345  0.770337560451188  2.995214747116768  13.324137918108487 -154.871570193841109
        0.000037772020023  3.344807218486843  19.427400287702511  10.342010754033002  5.597702817809119  4.894082722315345  0.770337560451188  2.995214747116768  13.324137719563364 -154.871572501607346
        0.000112785177162  3.343893766766055  19.483856366058735  10.377501506073440  5.622171836620638  4.855285283068521  0.769902705850778  2.999059242653507  13.305738013570874 -154.871603714151405
        0.000000016718807  3.343893816593955  19.483856366058735  10.377501506073440  5.622171836620638  4.855285283068521  0.769902705850778  2.999059242653507  13.305738013570874 -154.871603714151405
        0.000000015618750  3.343893766766055  19.483856656390820  10.377501506073440  5.622171836620638  4.855285283068521  0.769902705850778  2.999059242653507  13.305738013570874 -154.871603714151405
        0.000000002136995  3.343893766766055  19.483856366058735  10.377501660710262  5.622171836620638  4.855285283068521  0.769902705850778  2.999059242653507  13.305738013570874 -154.871603714151405
        0.000000000285449  3.343893766766055  19.483856366058735  10.377501506073440  5.622171920397527  4.855285283068521  0.769902705850778  2.999059242653507  13.305738013570874 -154.871603714151405
        0.000000000638394  3.343893766766055  19.483856366058735  10.377501506073440  5.622171836620638  4.855285355417910  0.769902705850778  2.999059242653507  13.305738013570874 -154.871603714151405
        0.000000005278956  3.343893766766055  19.483856366058735  10.377501506073440  5.622171836620638  4.855285283068521  0.769902720751939  2.999059242653507  13.305738013570874 -154.871603714151405
        0.000000009031097  3.343893766766055  19.483856366058735  10.377501506073440  5.622171836620638  4.855285283068521  0.769902705850778  2.999059287342972  13.305738013570874 -154.871603714151405
        0.000000005951421  3.343893766766055  19.483856366058735  10.377501506073440  5.622171836620638  4.855285283068521  0.769902705850778  2.999059242653507  13.305738211841820 -154.871603714151405
        0.000037772051292  3.343893766766055  19.483856366058735  10.377501506073440  5.622171836620638  4.855285283068521  0.769902705850778  2.999059242653507  13.305738013570874 -154.871606021918126
        0.000484347491137  3.366335588141259  19.822817045139871  10.972261094746555  5.063936366436838  2.227566578971065  0.820846083002244  2.992979816618277  12.684356916645820 -154.871671424358027
        0.000538441863024  3.351184077465646  19.512510797497317  10.445751945416935  5.607887260895374  4.063408995838291  0.780878758765281  3.002238896331694  13.056771134631104 -154.871663671222990
        0.000000016764359  3.351184127402180  19.512510797497317  10.445751945416935  5.607887260895374  4.063408995838291  0.780878758765281  3.002238896331694  13.056771134631104 -154.871663671222990
        0.000000015615694  3.351184077465646  19.512511088256385  10.445751945416935  5.607887260895374  4.063408995838291  0.780878758765281  3.002238896331694  13.056771134631104 -154.871663671222990
        0.000000002191562  3.351184077465646  19.512510797497317  10.445752101070768  5.607887260895374  4.063408995838291  0.780878758765281  3.002238896331694  13.056771134631104 -154.871663671222990
        0.000000000298321  3.351184077465646  19.512510797497317  10.445751945416935  5.607887344459407  4.063408995838291  0.780878758765281  3.002238896331694  13.056771134631104 -154.871663671222990
        0.000000000419347  3.351184077465646  19.512510797497317  10.445751945416935  5.607887260895374  4.063409056387803  0.780878758765281  3.002238896331694  13.056771134631104 -154.871663671222990
        0.000000005611822  3.351184077465646  19.512510797497317  10.445751945416935  5.607887260895374  4.063408995838291  0.780878773666442  3.002238896331694  13.056771134631104 -154.871663671222990
        0.000000008933343  3.351184077465646  19.512510797497317  10.445751945416935  5.607887260895374  4.063408995838291  0.780878758765281  3.002238941068540  13.056771134631104 -154.871663671222990
        0.000000006144420  3.351184077465646  19.512510797497317  10.445751945416935  5.607887260895374  4.063408995838291  0.780878758765281  3.002238896331694  13.056771329192156 -154.871663671222990
        0.000037772110979  3.351184077465646  19.512510797497317  10.445751945416935  5.607887260895374  4.063408995838291  0.780878758765281  3.002238896331694  13.056771134631104 -154.871665978990620
        0.000304206934431  3.343675531222215  20.428202704676551  11.087636762753176  5.626583956000205  3.510342394350864  0.796368025322396  2.998994941644875  13.224476517415464 -154.871671638847175
        0.000247630250801  3.353077423560877  19.609063662383583  10.547329424590314  5.580122422965179  3.765937704435927  0.786591810881096  3.000864493454012  13.010197277395980 -154.871667174776434
        0.000000016770677  3.353077473525624  19.609063662383583  10.547329424590314  5.580122422965179  3.765937704435927  0.786591810881096  3.000864493454012  13.010197277395980 -154.871667174776434
        0.000000015606844  3.353077423560877  19.609063954581401  10.547329424590314  5.580122422965179  3.765937704435927  0.786591810881096  3.000864493454012  13.010197277395980 -154.871667174776434
        0.000000002215868  3.353077423560877  19.609063662383583  10.547329581757770  5.580122422965179  3.765937704435927  0.786591810881096  3.000864493454012  13.010197277395980 -154.871667174776434
        0.000000000305342  3.353077423560877  19.609063662383583  10.547329424590314  5.580122506115482  3.765937704435927  0.786591810881096  3.000864493454012  13.010197277395980 -154.871667174776434
        0.000000000338088  3.353077423560877  19.609063662383583  10.547329424590314  5.580122422965179  3.765937760552772  0.786591810881096  3.000864493454012  13.010197277395980 -154.871667174776434
        0.000000005747274  3.353077423560877  19.609063662383583  10.547329424590314  5.580122422965179  3.765937704435927  0.786591825782257  3.000864493454012  13.010197277395980 -154.871667174776434
        0.000000008920763  3.353077423560877  19.609063662383583  10.547329424590314  5.580122422965179  3.765937704435927  0.786591810881096  3.000864538170378  13.010197277395980 -154.871667174776434
        0.000000006215409  3.353077423560877  19.609063662383583  10.547329424590314  5.580122422965179  3.765937704435927  0.786591810881096  3.000864493454012  13.010197471263027 -154.871667174776434
        0.000037772113319  3.353077423560877  19.609063662383583  10.547329424590314  5.580122422965179  3.765937704435927  0.786591810881096  3.000864493454012  13.010197277395980 -154.871669482544121
        0.000211177764716  3.345912249514125  20.411139546125963  11.104348260240101  5.584441312398658  3.326060187174824  0.799565152540740  2.998049215354397  13.170902367052550 -154.871672165022716
        0.000169266786772  3.352708938869442  19.743544662354946  10.657588570643558  5.553234104119841  3.609409309613795  0.790390082566054  3.000542407384476  13.011819763345548 -154.871672850929599
        0.000000016763490  3.352708988828698  19.743544662354946  10.657588570643558  5.553234104119841  3.609409309613795  0.790390082566054  3.000542407384476  13.011819763345548 -154.871672850929599
        0.000000015593611  3.352708938869442  19.743544956556686  10.657588570643558  5.553234104119841  3.609409309613795  0.790390082566054  3.000542407384476  13.011819763345548 -154.871672850929599
        0.000000002229238  3.352708938869442  19.743544662354946  10.657588729454003  5.553234104119841  3.609409309613795  0.790390082566054  3.000542407384476  13.011819763345548 -154.871672850929599
        0.000000000310135  3.352708938869442  19.743544662354946  10.657588570643558  5.553234186869477  3.609409309613795  0.790390082566054  3.000542407384476  13.011819763345548 -154.871672850929599
        0.000000000295563  3.352708938869442  19.743544662354946  10.657588570643558  5.553234104119841  3.609409363398185  0.790390082566054  3.000542407384476  13.011819763345548 -154.871672850929599
        0.000000005815321  3.352708938869442  19.743544662354946  10.657588570643558  5.553234104119841  3.609409309613795  0.790390097467215  3.000542407384476  13.011819763345548 -154.871672850929599
        0.000000008922736  3.352708938869442  19.743544662354946  10.657588570643558  5.553234104119841  3.609409309613795  0.790390082566054  3.000542452096042  13.011819763345548 -154.871672850929599
        0.000000006231259  3.352708938869442  19.743544662354946  10.657588570643558  5.553234104119841  3.609409309613795  0.790390082566054  3.000542407384476  13.011819957236771 -154.871672850929599
        0.000037772118843  3.352708938869442  19.743544662354946  10.657588570643558  5.553234104119841  3.609409309613795  0.790390082566054  3.000542407384476  13.011819763345548 -154.871675158697371
        0.000072442281293  3.350286609806461  20.100444146146010  10.914233522377101  5.537425393783234  3.346857556056098  0.797468795490861  2.998729367967599  13.067308804144947 -154.871673553833688
        0.000000016733935  3.350286659729621  20.100444146146010  10.914233522377101  5.537425393783234  3.346857556056098  0.797468795490861  2.998729367967599  13.067308804144947 -154.871673553833688
        0.000000015559205  3.350286609806461  20.100444445665968  10.914233522377101  5.537425393783234  3.346857556056098  0.797468795490861  2.998729367967599  13.067308804144947 -154.871673553833688
        0.000000002254522  3.350286609806461  20.100444146146010  10.914233685011855  5.537425393783234  3.346857556056098  0.797468795490861  2.998729367967599  13.067308804144947 -154.871673553833688
        0.000000000319992  3.350286609806461  20.100444146146010  10.914233522377101  5.537425476297303  3.346857556056098  0.797468795490861  2.998729367967599  13.067308804144947 -154.871673553833688
        0.000000000223736  3.350286609806461  20.100444146146010  10.914233522377101  5.537425393783234  3.346857605928162  0.797468795490861  2.998729367967599  13.067308804144947 -154.871673553833688
        0.000000005939628  3.350286609806461  20.100444146146010  10.914233522377101  5.537425393783234  3.346857556056098  0.797468810392022  2.998729367967599  13.067308804144947 -154.871673553833688
        0.000000008958633  3.350286609806461  20.100444146146010  10.914233522377101  5.537425393783234  3.346857556056098  0.797468795490861  2.998729412652149  13.067308804144947 -154.871673553833688
        0.000000006235626  3.350286609806461  20.100444146146010  10.914233522377101  5.537425393783234  3.346857556056098  0.797468795490861  2.998729367967599  13.067308998863021 -154.871673553833688
        0.000037772119441  3.350286609806461  20.100444146146010  10.914233522377101  5.537425393783234  3.346857556056098  0.797468795490861  2.998729367967599  13.067308804144947 -154.871675861601460
        0.000030598865922  3.349451447327809  20.198784738299015  10.978749858308268  5.541282617594267  3.296595804334108  0.798921947703866  2.997858447855948  13.091613777660170 -154.871669885538296
        0.000000016721406  3.349451497238525  20.198784738299015  10.978749858308268  5.541282617594267  3.296595804334108  0.798921947703866  2.997858447855948  13.091613777660170 -154.871669885538296
        0.000000015548446  3.349451447327809  20.198785039284363  10.978749858308268  5.541282617594267  3.296595804334108  0.798921947703866  2.997858447855948  13.091613777660170 -154.871669885538296
        0.000000002260229  3.349451447327809  20.198784738299015  10.978750021904389  5.541282617594267  3.296595804334108  0.798921947703866  2.997858447855948  13.091613777660170 -154.871669885538296
        0.000000000322149  3.349451447327809  20.198784738299015  10.978749858308268  5.541282700165812  3.296595804334108  0.798921947703866  2.997858447855948  13.091613777660170 -154.871669885538296
        0.000000000210186  3.349451447327809  20.198784738299015  10.978749858308268  5.541282617594267  3.296595853457214  0.798921947703866  2.997858447855948  13.091613777660170 -154.871669885538296
        0.000000005966581  3.349451447327809  20.198784738299015  10.978749858308268  5.541282617594267  3.296595804334108  0.798921962605027  2.997858447855948  13.091613777660170 -154.871669885538296
        0.000000008973613  3.349451447327809  20.198784738299015  10.978749858308268  5.541282617594267  3.296595804334108  0.798921947703866  2.997858492527520  13.091613777660170 -154.871669885538296
        0.000000006233298  3.349451447327809  20.198784738299015  10.978749858308268  5.541282617594267  3.296595804334108  0.798921947703866  2.997858447855948  13.091613972740417 -154.871669885538296
        0.000037772115715  3.349451447327809  20.198784738299015  10.978749858308268  5.541282617594267  3.296595804334108  0.798921947703866  2.997858447855948  13.091613777660170 -154.871672193306011
        0.000061190694356  3.349327467090411  20.439216796952397  11.163467302033327  5.521103327001978  2.988534884296833  0.805763168408225  2.995574975381873  13.097257627034720 -154.871667484520856
        0.000000016705350  3.349327516999280  20.439216796952397  11.163467302033327  5.521103327001978  2.988534884296833  0.805763168408225  2.995574975381873  13.097257627034720 -154.871667484520856
        0.000000015523419  3.349327467090411  20.439217101520462  11.163467302033327  5.521103327001978  2.988534884296833  0.805763168408225  2.995574975381873  13.097257627034720 -154.871667484520856
        0.000000002288293  3.349327467090411  20.439216796952397  11.163467468381953  5.521103327001978  2.988534884296833  0.805763168408225  2.995574975381873  13.097257627034720 -154.871667484520856
        0.000000000332573  3.349327467090411  20.439216796952397  11.163467302033327  5.521103409272828  2.988534884296833  0.805763168408225  2.995574975381873  13.097257627034720 -154.871667484520856
        0.000000000150370  3.349327467090411  20.439216796952397  11.163467302033327  5.521103327001978  2.988534928829473  0.805763168408225  2.995574975381873  13.097257627034720 -154.871667484520856
        0.000000006107814  3.349327467090411  20.439216796952397  11.163467302033327  5.521103327001978  2.988534884296833  0.805763183309386  2.995574975381873  13.097257627034720 -154.871667484520856
        0.000000008985026  3.349327467090411  20.439216796952397  11.163467302033327  5.521103327001978  2.988534884296833  0.805763168408225  2.995575020019418  13.097257627034720 -154.871667484520856
        0.000000006278353  3.349327467090411  20.439216796952397  11.163467302033327  5.521103327001978  2.988534884296833  0.805763168408225  2.995574975381873  13.097257822199067 -154.871667484520856
        0.000037772113675  3.349327467090411  20.439216796952397  11.163467302033327  5.521103327001978  2.988534884296833  0.805763168408225  2.995574975381873  13.097257627034720 -154.871669792288543
        0.000027421456475  3.348312092962048  20.568634154899271  11.249794027894334  5.526725327160753  2.910602063400912  0.807771078313532  2.994679048019833  13.124122578715669 -154.871665072830723
        0.000000016691488  3.348312142855786  20.568634154899271  11.249794027894334  5.526725327160753  2.910602063400912  0.807771078313532  2.994679048019833  13.124122578715669 -154.871665072830723
        0.000000015510637  3.348312092962048  20.568634461395806  11.249794027894334  5.526725327160753  2.910602063400912  0.807771078313532  2.994679048019833  13.124122578715669 -154.871665072830723
        0.000000002296366  3.348312092962048  20.568634154899271  11.249794195529327  5.526725327160753  2.910602063400912  0.807771078313532  2.994679048019833  13.124122578715669 -154.871665072830723
        0.000000000335888  3.348312092962048  20.568634154899271  11.249794027894334  5.526725409515378  2.910602063400912  0.807771078313532  2.994679048019833  13.124122578715669 -154.871665072830723
        0.000000000140463  3.348312092962048  20.568634154899271  11.249794027894334  5.526725327160753  2.910602106772262  0.807771078313532  2.994679048019833  13.124122578715669 -154.871665072830723
        0.000000006146809  3.348312092962048  20.568634154899271  11.249794027894334  5.526725327160753  2.910602063400912  0.807771093214693  2.994679048019833  13.124122578715669 -154.871665072830723
        0.000000009002291  3.348312092962048  20.568634154899271  11.249794027894334  5.526725327160753  2.910602063400912  0.807771078313532  2.994679092644028  13.124122578715669 -154.871665072830723
        0.000000006276583  3.348312092962048  20.568634154899271  11.249794027894334  5.526725327160753  2.910602063400912  0.807771078313532  2.994679048019833  13.124122774280336 -154.871665072830723
        0.000037772111422  3.348312092962048  20.568634154899271  11.249794027894334  5.526725327160753  2.910602063400912  0.807771078313532  2.994679048019833  13.124122578715669 -154.871667380598382
        0.000109765421975  3.345660868459165  21.051641291386908  11.585688670639392  5.535848774336174  2.508512812649379  0.817060551233606  2.991540480892810  13.190103555030911 -154.871662091006357
        0.000000016654417  3.345660918313397  21.051641291386908  11.585688670639392  5.535848774336174  2.508512812649379  0.817060551233606  2.991540480892810  13.190103555030911 -154.871662091006357
        0.000000015467709  3.345660868459165  21.051641605080807  11.585688670639392  5.535848774336174  2.508512812649379  0.817060551233606  2.991540480892810  13.190103555030911 -154.871662091006357
        0.000000002335184  3.345660868459165  21.051641291386908  11.585688843279607  5.535848774336174  2.508512812649379  0.817060551233606  2.991540480892810  13.190103555030911 -154.871662091006357
        0.000000000351821  3.345660868459165  21.051641291386908  11.585688670639392  5.535848856826750  2.508512812649379  0.817060551233606  2.991540480892810  13.190103555030911 -154.871662091006357
        0.000000000157243  3.345660868459165  21.051641291386908  11.585688670639392  5.535848774336174  2.508512850029133  0.817060551233606  2.991540480892810  13.190103555030911 -154.871662091006357
        0.000000006335484  3.345660868459165  21.051641291386908  11.585688670639392  5.535848774336174  2.508512812649379  0.817060566134767  2.991540480892810  13.190103555030911 -154.871662091006357
        0.000000009050879  3.345660868459165  21.051641291386908  11.585688670639392  5.535848774336174  2.508512812649379  0.817060551233606  2.991540525470237  13.190103555030911 -154.871662091006357
        0.000000006298132  3.345660868459165  21.051641291386908  11.585688670639392  5.535848774336174  2.508512812649379  0.817060551233606  2.991540480892810  13.190103751578770 -154.871662091006357
        0.000037772108489  3.345660868459165  21.051641291386908  11.585688670639392  5.535848774336174  2.508512812649379  0.817060551233606  2.991540480892810  13.190103555030911 -154.871664398773959
        0.000055811887705  3.345548098834065  21.080085746322240  11.603383024589549  5.540219761253133  2.484998759812887  0.817429526695805  2.991071587854944  13.196126147061472 -154.871659572766646
        0.000000016647908  3.345548148686616  21.080085746322240  11.603383024589549  5.540219761253133  2.484998759812887  0.817429526695805  2.991071587854944  13.196126147061472 -154.871659572766646
        0.000000015463356  3.345548098834065  21.080086060439996  11.603383024589549  5.540219761253133  2.484998759812887  0.817429526695805  2.991071587854944  13.196126147061472 -154.871659572766646
        0.000000002337678  3.345548098834065  21.080085746322240  11.603383197493431  5.540219761253133  2.484998759812887  0.817429526695805  2.991071587854944  13.196126147061472 -154.871659572766646
        0.000000000352514  3.345548098834065  21.080085746322240  11.603383024589549  5.540219843808841  2.484998759812887  0.817429526695805  2.991071587854944  13.196126147061472 -154.871659572766646
        0.000000000161502  3.345548098834065  21.080085746322240  11.603383024589549  5.540219761253133  2.484998796842254  0.817429526695805  2.991071587854944  13.196126147061472 -154.871659572766646
        0.000000006348612  3.345548098834065  21.080085746322240  11.603383024589549  5.540219761253133  2.484998759812887  0.817429541596966  2.991071587854944  13.196126147061472 -154.871659572766646
        0.000000009055261  3.345548098834065  21.080085746322240  11.603383024589549  5.540219761253133  2.484998759812887  0.817429526695805  2.991071632425383  13.196126147061472 -154.871659572766646
        0.000000006301904  3.345548098834065  21.080085746322240  11.603383024589549  5.540219761253133  2.484998759812887  0.817429526695805  2.991071587854944  13.196126343699074 -154.871659572766646
        0.000037772106073  3.345548098834065  21.080085746322240  11.603383024589549  5.540219761253133  2.484998759812887  0.817429526695805  2.991071587854944  13.196126147061472 -154.871661880534219
        0.000042557390030  3.345895908254359  21.141428193317200  11.652181198618084  5.536960330962805  2.377089639165002  0.819569845311388  2.989907237981071  13.193030512688601 -154.871655169947928
        0.000000016643401  3.345895958112094  21.141428193317200  11.652181198618084  5.536960330962805  2.377089639165002  0.819569845311388  2.989907237981071  13.193030512688601 -154.871655169947928
        0.000000015456401  3.345895908254359  21.141428508349030  11.652181198618084  5.536960330962805  2.377089639165002  0.819569845311388  2.989907237981071  13.193030512688601 -154.871655169947928
        0.000000002347801  3.345895908254359  21.141428193317200  11.652181372249114  5.536960330962805  2.377089639165002  0.819569845311388  2.989907237981071  13.193030512688601 -154.871655169947928
        0.000000000356178  3.345895908254359  21.141428193317200  11.652181198618084  5.536960413469943  2.377089639165002  0.819569845311388  2.989907237981071  13.193030512688601 -154.871655169947928
        0.000000000181992  3.345895908254359  21.141428193317200  11.652181198618084  5.536960330962805  2.377089674586398  0.819569845311388  2.989907237981071  13.193030512688601 -154.871655169947928
        0.000000006399130  3.345895908254359  21.141428193317200  11.652181198618084  5.536960330962805  2.377089639165002  0.819569860212549  2.989907237981071  13.193030512688601 -154.871655169947928
        0.000000009057257  3.345895908254359  21.141428193317200  11.652181198618084  5.536960330962805  2.377089639165002  0.819569845311388  2.989907282534161  13.193030512688601 -154.871655169947928
        0.000000006324845  3.345895908254359  21.141428193317200  11.652181198618084  5.536960330962805  2.377089639165002  0.819569845311388  2.989907237981071  13.193030709280075 -154.871655169947928
        0.000037772101715  3.345895908254359  21.141428193317200  11.652181198618084  5.536960330962805  2.377089639165002  0.819569845311388  2.989907237981071  13.193030512688601 -154.871657477715416
        0.000046751671823  3.345752786512589  21.303297372818179  11.770224484882389  5.541108061971574  2.170859435775358  0.823502374595444  2.988761689268854  13.194515177576660 -154.871656652184896
        0.000000016633749  3.345752836368191  21.303297372818179  11.770224484882389  5.541108061971574  2.170859435775358  0.823502374595444  2.988761689268854  13.194515177576660 -154.871656652184896
        0.000000015441634  3.345752786512589  21.303297690262045  11.770224484882389  5.541108061971574  2.170859435775358  0.823502374595444  2.988761689268854  13.194515177576660 -154.871656652184896
        0.000000002366593  3.345752786512589  21.303297372818179  11.770224660272401  5.541108061971574  2.170859435775358  0.823502374595444  2.988761689268854  13.194515177576660 -154.871656652184896
        0.000000000363229  3.345752786512589  21.303297372818179  11.770224484882389  5.541108144540519  2.170859435775358  0.823502374595444  2.988761689268854  13.194515177576660 -154.871656652184896
        0.000000000229951  3.345752786512589  21.303297372818179  11.770224484882389  5.541108061971574  2.170859468123684  0.823502374595444  2.988761689268854  13.194515177576660 -154.871656652184896
        0.000000006493764  3.345752786512589  21.303297372818179  11.770224484882389  5.541108061971574  2.170859435775358  0.823502389496605  2.988761689268854  13.194515177576660 -154.871656652184896
        0.000000009065189  3.345752786512589  21.303297372818179  11.770224484882389  5.541108061971574  2.170859435775358  0.823502374595444  2.988761733804874  13.194515177576660 -154.871656652184896
        0.000000006352410  3.345752786512589  21.303297372818179  11.770224484882389  5.541108061971574  2.170859435775358  0.823502374595444  2.988761689268854  13.194515374190258 -154.871656652184896
        0.000037772103255  3.345752786512589  21.303297372818179  11.770224484882389  5.541108061971574  2.170859435775358  0.823502374595444  2.988761689268854  13.194515177576660 -154.871658959952413
        0.000036437012215  3.344457996923087  21.484337052104031  11.889032916473669  5.561750436494743  2.047608463859152  0.826037572669171  2.987871752392004  13.225765505374229 -154.871656026220279
        0.000000016618734  3.344458046759394  21.484337052104031  11.889032916473669  5.561750436494743  2.047608463859152  0.826037572669171  2.987871752392004  13.225765505374229 -154.871656026220279
        0.000000015427174  3.344457996923087  21.484337372245601  11.889032916473669  5.561750436494743  2.047608463859152  0.826037572669171  2.987871752392004  13.225765505374229 -154.871656026220279
        0.000000002378660  3.344457996923087  21.484337052104031  11.889033093634065  5.561750436494743  2.047608463859152  0.826037572669171  2.987871752392004  13.225765505374229 -154.871656026220279
        0.000000000367972  3.344457996923087  21.484337052104031  11.889032916473669  5.561750519371283  2.047608463859152  0.826037572669171  2.987871752392004  13.225765505374229 -154.871656026220279
        0.000000000263439  3.344457996923087  21.484337052104031  11.889032916473669  5.561750436494743  2.047608494370896  0.826037572669171  2.987871752392004  13.225765505374229 -154.871656026220279
        0.000000006553601  3.344457996923087  21.484337052104031  11.889032916473669  5.561750436494743  2.047608463859152  0.826037587570332  2.987871752392004  13.225765505374229 -154.871656026220279
        0.000000009087994  3.344457996923087  21.484337052104031  11.889032916473669  5.561750436494743  2.047608463859152  0.826037572669171  2.987871796914763  13.225765505374229 -154.871656026220279
        0.000000006351689  3.344457996923087  21.484337052104031  11.889032916473669  5.561750436494743  2.047608463859152  0.826037572669171  2.987871752392004  13.225765702453492 -154.871656026220279
        0.000037772102904  3.344457996923087  21.484337052104031  11.889032916473669  5.561750436494743  2.047608463859152  0.826037572669171  2.987871752392004  13.225765505374229 -154.871658333987796
        0.000042381590262  3.342036254182016  21.749700331056168  12.056172858181844  5.602597023034010  1.916133657069279  0.828812211224775  2.986864426273676  13.284136243588684 -154.871655224713464
        0.000000016595824  3.342036303982237  21.749700331056168  12.056172858181844  5.602597023034010  1.916133657069279  0.828812211224775  2.986864426273676  13.284136243588684 -154.871655224713464
        0.000000015407643  3.342036254182016  21.749700655151958  12.056172858181844  5.602597023034010  1.916133657069279  0.828812211224775  2.986864426273676  13.284136243588684 -154.871655224713464
        0.000000002392072  3.342036254182016  21.749700331056168  12.056173037832819  5.602597023034010  1.916133657069279  0.828812211224775  2.986864426273676  13.284136243588684 -154.871655224713464
        0.000000000373239  3.342036254182016  21.749700331056168  12.056172858181844  5.602597106519211  1.916133657069279  0.828812211224775  2.986864426273676  13.284136243588684 -154.871655224713464
        0.000000000302348  3.342036254182016  21.749700331056168  12.056172858181844  5.602597023034010  1.916133685621896  0.828812211224775  2.986864426273676  13.284136243588684 -154.871655224713464
        0.000000006619753  3.342036254182016  21.749700331056168  12.056172858181844  5.602597023034010  1.916133657069279  0.828812226125936  2.986864426273676  13.284136243588684 -154.871655224713464
        0.000000009127762  3.342036254182016  21.749700331056168  12.056172858181844  5.602597023034010  1.916133657069279  0.828812211224775  2.986864470781424  13.284136243588684 -154.871655224713464
        0.000000006335264  3.342036254182016  21.749700331056168  12.056172858181844  5.602597023034010  1.916133657069279  0.828812211224775  2.986864426273676  13.284136441537740 -154.871655224713464
        0.000037772102010  3.342036254182016  21.749700331056168  12.056172858181844  5.602597023034010  1.916133657069279  0.828812211224775  2.986864426273676  13.284136243588684 -154.871657532480953
        0.000031743136479  3.340695084402785  21.908719975375931  12.157249363670406  5.626404299506431  1.829727841096823  0.830558844655160  2.986124811013187  13.317696827173798 -154.871654065266824
        0.000000016582061  3.340695134183021  21.908719975375931  12.157249363670406  5.626404299506431  1.829727841096823  0.830558844655160  2.986124811013187  13.317696827173798 -154.871654065266824
        0.000000015396009  3.340695084402785  21.908720301841299  12.157249363670406  5.626404299506431  1.829727841096823  0.830558844655160  2.986124811013187  13.317696827173798 -154.871654065266824
        0.000000002400813  3.340695084402785  21.908719975375931  12.157249544827538  5.626404299506431  1.829727841096823  0.830558844655160  2.986124811013187  13.317696827173798 -154.871654065266824
        0.000000000376607  3.340695084402785  21.908719975375931  12.157249363670406  5.626404383346388  1.829727841096823  0.830558844655160  2.986124811013187  13.317696827173798 -154.871654065266824
        0.000000000328069  3.340695084402785  21.908719975375931  12.157249363670406  5.626404299506431  1.829727868361892  0.830558844655160  2.986124811013187  13.317696827173798 -154.871654065266824
        0.000000006662865  3.340695084402785  21.908719975375931  12.157249363670406  5.626404299506431  1.829727841096823  0.830558859556321  2.986124811013187  13.317696827173798 -154.871654065266824
        0.000000009151099  3.340695084402785  21.908719975375931  12.157249363670406  5.626404299506431  1.829727841096823  0.830558844655160  2.986124855509915  13.317696827173798 -154.871654065266824
        0.000000006328527  3.340695084402785  21.908719975375931  12.157249363670406  5.626404299506431  1.829727841096823  0.830558844655160  2.986124811013187  13.317697025622945 -154.871654065266824
        0.000037772101135  3.340695084402785  21.908719975375931  12.157249363670406  5.626404299506431  1.829727841096823  0.830558844655160  2.986124811013187  13.317696827173798 -154.871656373034313
        0.000060523189665  3.336568982777023  22.344213718830360  12.428350383954584  5.702531557461912  1.631197142866118  0.834541101033452  2.984677097671674  13.417209663184392 -154.871653250553067
        0.000000016545541  3.336569032495775  22.344213718830360  12.428350383954584  5.702531557461912  1.631197142866118  0.834541101033452  2.984677097671674  13.417209663184392 -154.871653250553067
        0.000000015366254  3.336568982777023  22.344214051785091  12.428350383954584  5.702531557461912  1.631197142866118  0.834541101033452  2.984677097671674  13.417209663184392 -154.871653250553067
        0.000000002420718  3.336568982777023  22.344213718830360  12.428350569151435  5.702531557461912  1.631197142866118  0.834541101033452  2.984677097671674  13.417209663184392 -154.871653250553067
        0.000000000384260  3.336568982777023  22.344213718830360  12.428350383954584  5.702531642436254  1.631197142866118  0.834541101033452  2.984677097671674  13.417209663184392 -154.871653250553067
        0.000000000389616  3.336568982777023  22.344213718830360  12.428350383954584  5.702531557461912  1.631197167172850  0.834541101033452  2.984677097671674  13.417209663184392 -154.871653250553067
        0.000000006761741  3.336568982777023  22.344213718830360  12.428350383954584  5.702531557461912  1.631197142866118  0.834541115934613  2.984677097671674  13.417209663184392 -154.871653250553067
        0.000000009218232  3.336568982777023  22.344213718830360  12.428350383954584  5.702531557461912  1.631197142866118  0.834541101033452  2.984677142146829  13.417209663184392 -154.871653250553067
        0.000000006295499  3.336568982777023  22.344213718830360  12.428350383954584  5.702531557461912  1.631197142866118  0.834541101033452  2.984677097671674  13.417209863116396 -154.871653250553067
        0.000037772100444  3.336568982777023  22.344213718830360  12.428350383954584  5.702531557461912  1.631197142866118  0.834541101033452  2.984677097671674  13.417209663184392 -154.871655558320526
        0.000018721677414  3.336416594870639  22.384212126623929  12.455599862939973  5.706046402377200  1.595454257216250  0.835155583145093  2.984332600458349  13.422506915404833 -154.871652353166127
        0.000000016542252  3.336416644587121  22.384212126623929  12.455599862939973  5.706046402377200  1.595454257216250  0.835155583145093  2.984332600458349  13.422506915404833 -154.871652353166127
        0.000000015363475  3.336416594870639  22.384212460174680  12.455599862939973  5.706046402377200  1.595454257216250  0.835155583145093  2.984332600458349  13.422506915404833 -154.871652353166127
        0.000000002424241  3.336416594870639  22.384212126623929  12.455600048542875  5.706046402377200  1.595454257216250  0.835155583145093  2.984332600458349  13.422506915404833 -154.871652353166127
        0.000000000385637  3.336416594870639  22.384212126623929  12.455599862939973  5.706046487403917  1.595454257216250  0.835155583145093  2.984332600458349  13.422506915404833 -154.871652353166127
        0.000000000399890  3.336416594870639  22.384212126623929  12.455599862939973  5.706046402377200  1.595454280990371  0.835155583145093  2.984332600458349  13.422506915404833 -154.871652353166127
        0.000000006779111  3.336416594870639  22.384212126623929  12.455599862939973  5.706046402377200  1.595454257216250  0.835155598046254  2.984332600458349  13.422506915404833 -154.871652353166127
        0.000000009222693  3.336416594870639  22.384212126623929  12.455599862939973  5.706046402377200  1.595454257216250  0.835155583145093  2.984332644928370  13.422506915404833 -154.871652353166127
        0.000000006299246  3.336416594870639  22.384212126623929  12.455599862939973  5.706046402377200  1.595454257216250  0.835155583145093  2.984332600458349  13.422507115415772 -154.871652353166127
        0.000037772099531  3.336416594870639  22.384212126623929  12.455599862939973  5.706046402377200  1.595454257216250  0.835155583145093  2.984332600458349  13.422506915404833 -154.871654660933586
        0.000063970888961  3.336158677461076  22.658879186646747  12.652389666487061  5.732102079444556  1.250140507054801  0.840987312778690  2.982312620445464  13.427911999040649 -154.871652552987570
        0.000000016527348  3.336158727173714  22.658879186646747  12.652389666487061  5.732102079444556  1.250140507054801  0.840987312778690  2.982312620445464  13.427911999040649 -154.871652552987570
        0.000000015342620  3.336158677461076  22.658879524290359  12.652389666487061  5.732102079444556  1.250140507054801  0.840987312778690  2.982312620445464  13.427911999040649 -154.871652552987570
        0.000000002455531  3.336158677461076  22.658879186646747  12.652389855022358  5.732102079444556  1.250140507054801  0.840987312778690  2.982312620445464  13.427911999040649 -154.871652552987570
        0.000000000397093  3.336158677461076  22.658879186646747  12.652389666487061  5.732102164859533  1.250140507054801  0.840987312778690  2.982312620445464  13.427911999040649 -154.871652552987570
        0.000000000500121  3.336158677461076  22.658879186646747  12.652389666487061  5.732102079444556  1.250140525683346  0.840987312778690  2.982312620445464  13.427911999040649 -154.871652552987570
        0.000000006936043  3.336158677461076  22.658879186646747  12.652389666487061  5.732102079444556  1.250140507054801  0.840987327679851  2.982312620445464  13.427911999040649 -154.871652552987570
        0.000000009239268  3.336158677461076  22.658879186646747  12.652389666487061  5.732102079444556  1.250140507054801  0.840987312778690  2.982312664885385  13.427911999040649 -154.871652552987570
        0.000000006344469  3.336158677461076  22.658879186646747  12.652389666487061  5.732102079444556  1.250140507054801  0.840987312778690  2.982312620445464  13.427912199132130 -154.871652552987570
        0.000037772099984  3.336158677461076  22.658879186646747  12.652389666487061  5.732102079444556  1.250140507054801  0.840987312778690  2.982312620445464  13.427911999040649 -154.871654860755029
        0.000024753332598  3.335958608777418  22.698747706892782  12.679164951976677  5.738679555164564  1.218748228057641  0.841502940317908  2.981832807006725  13.435313119887686 -154.871650636580483
        0.000000016522123  3.335958658487074  22.698747706892782  12.679164951976677  5.738679555164564  1.218748228057641  0.841502940317908  2.981832807006725  13.435313119887686 -154.871650636580483
        0.000000015338823  3.335958608777418  22.698748045130479  12.679164951976677  5.738679555164564  1.218748228057641  0.841502940317908  2.981832807006725  13.435313119887686 -154.871650636580483
        0.000000002458611  3.335958608777418  22.698747706892782  12.679165140910959  5.738679555164564  1.218748228057641  0.841502940317908  2.981832807006725  13.435313119887686 -154.871650636580483
        0.000000000398215  3.335958608777418  22.698747706892782  12.679164951976677  5.738679640677553  1.218748228057641  0.841502940317908  2.981832807006725  13.435313119887686 -154.871650636580483
        0.000000000509650  3.335958608777418  22.698747706892782  12.679164951976677  5.738679555164564  1.218748246218405  0.841502940317908  2.981832807006725  13.435313119887686 -154.871650636580483
        0.000000006952081  3.335958608777418  22.698747706892782  12.679164951976677  5.738679555164564  1.218748228057641  0.841502955219069  2.981832807006725  13.435313119887686 -154.871650636580483
        0.000000009245173  3.335958608777418  22.698747706892782  12.679164951976677  5.738679555164564  1.218748228057641  0.841502940317908  2.981832851439497  13.435313119887686 -154.871650636580483
        0.000000006347122  3.335958608777418  22.698747706892782  12.679164951976677  5.738679555164564  1.218748228057641  0.841502940317908  2.981832807006725  13.435313320089453 -154.871650636580483
        0.000037772098060  3.335958608777418  22.698747706892782  12.679164951976677  5.738679555164564  1.218748228057641  0.841502940317908  2.981832807006725  13.435313119887686 -154.871652944347915
        0.000166750711541  3.331292593582852  23.450224493351790  13.174539942497510  5.841843568409700  0.648403463150231  0.851463015413781  2.978310713560936  13.547099084047687 -154.871650941876169
        0.000128872315165  3.335969360985497  22.812582644918479  12.761930621997694  5.751050561237831  1.065752472740025  0.843989832127192  2.980823372602404  13.435731930720509 -154.871649955954609
        0.000000016515396  3.335969410695315  22.812582644918479  12.761930621997694  5.751050561237831  1.065752472740025  0.843989832127192  2.980823372602404  13.435731930720509 -154.871649955954609
        0.000000015329853  3.335969360985497  22.812582984852451  12.761930621997694  5.751050561237831  1.065752472740025  0.843989832127192  2.980823372602404  13.435731930720509 -154.871649955954609
        0.000000002472551  3.335969360985497  22.812582644918479  12.761930812165279  5.751050561237831  1.065752472740025  0.843989832127192  2.980823372602404  13.435731930720509 -154.871649955954609
        0.000000000403252  3.335969360985497  22.812582644918479  12.761930621997694  5.751050646935162  1.065752472740025  0.843989832127192  2.980823372602404  13.435731930720509 -154.871649955954609
        0.000000000554871  3.335969360985497  22.812582644918479  12.761930621997694  5.751050561237831  1.065752488620974  0.843989832127192  2.980823372602404  13.435731930720509 -154.871649955954609
        0.000000007022326  3.335969360985497  22.812582644918479  12.761930621997694  5.751050561237831  1.065752472740025  0.843989847028353  2.980823372602404  13.435731930720509 -154.871649955954609
        0.000000009251787  3.335969360985497  22.812582644918479  12.761930621997694  5.751050561237831  1.065752472740025  0.843989832127192  2.980823417020134  13.435731930720509 -154.871649955954609
        0.000000006369460  3.335969360985497  22.812582644918479  12.761930621997694  5.751050561237831  1.065752472740025  0.843989832127192  2.980823372602404  13.435732130928516 -154.871649955954609
        0.000037772097659  3.335969360985497  22.812582644918479  12.761930621997694  5.751050561237831  1.065752472740025  0.843989832127192  2.980823372602404  13.435731930720509 -154.871652263722041
        0.000039155260176  3.335584552730447  22.942823709672243  12.853819535621355  5.752668100656242  0.928106715124651  0.846565186200925  2.979851549885823  13.446386869634376 -154.871648722830201
        0.000000016506490  3.335584602434530  22.942823709672243  12.853819535621355  5.752668100656242  0.928106715124651  0.846565186200925  2.979851549885823  13.446386869634376 -154.871648722830201
        0.000000015320189  3.335584552730447  22.942824051546957  12.853819535621355  5.752668100656242  0.928106715124651  0.846565186200925  2.979851549885823  13.446386869634376 -154.871648722830201
        0.000000002485476  3.335584552730447  22.942823709672243  12.853819727158191  5.752668100656242  0.928106715124651  0.846565186200925  2.979851549885823  13.446386869634376 -154.871648722830201
        0.000000000409131  3.335584552730447  22.942823709672243  12.853819535621355  5.752668186377677  0.928106715124651  0.846565186200925  2.979851549885823  13.446386869634376 -154.871648722830201
        0.000000000574648  3.335584552730447  22.942823709672243  12.853819535621355  5.752668100656242  0.928106730025812  0.846565186200925  2.979851549885823  13.446386869634376 -154.871648722830201
        0.000000007062494  3.335584552730447  22.942823709672243  12.853819535621355  5.752668100656242  0.928106715124651  0.846565201102087  2.979851549885823  13.446386869634376 -154.871648722830201
        0.000000009260099  3.335584552730447  22.942823709672243  12.853819535621355  5.752668100656242  0.928106715124651  0.846565186200925  2.979851594289071  13.446386869634376 -154.871648722830201
        0.000000006383678  3.335584552730447  22.942823709672243  12.853819535621355  5.752668100656242  0.928106715124651  0.846565186200925  2.979851549885823  13.446387070001153 -154.871648722830201
        0.000037772096451  3.335584552730447  22.942823709672243  12.853819535621355  5.752668100656242  0.928106715124651  0.846565186200925  2.979851549885823  13.446386869634376 -154.871651030597604
        0.000037538666319  3.334014299238293  23.120471586573181  12.964619712630956  5.791874604926527  0.839688152684525  0.847959833741020  2.979165190304220  13.485406816963902 -154.871647907861188
        0.000000016491907  3.334014348918978  23.120471586573181  12.964619712630956  5.791874604926527  0.839688152684525  0.847959833741020  2.979165190304220  13.485406816963902 -154.871647907861188
        0.000000015309242  3.334014299238293  23.120471931095054  12.964619712630956  5.791874604926527  0.839688152684525  0.847959833741020  2.979165190304220  13.485406816963902 -154.871647907861188
        0.000000002493876  3.334014299238293  23.120471586573181  12.964619905818845  5.791874604926527  0.839688152684525  0.847959833741020  2.979165190304220  13.485406816963902 -154.871647907861188
        0.000000000411893  3.334014299238293  23.120471586573181  12.964619712630956  5.791874691232183  0.839688152684525  0.847959833741020  2.979165190304220  13.485406816963902 -154.871647907861188
        0.000000000579107  3.334014299238293  23.120471586573181  12.964619712630956  5.791874604926527  0.839688167585687  0.847959833741020  2.979165190304220  13.485406816963902 -154.871647907861188
        0.000000007082200  3.334014299238293  23.120471586573181  12.964619712630956  5.791874604926527  0.839688152684525  0.847959848642182  2.979165190304220  13.485406816963902 -154.871647907861188
        0.000000009288198  3.334014299238293  23.120471586573181  12.964619712630956  5.791874604926527  0.839688152684525  0.847959833741020  2.979165234697240  13.485406816963902 -154.871647907861188
        0.000000006372728  3.334014299238293  23.120471586573181  12.964619712630956  5.791874604926527  0.839688152684525  0.847959833741020  2.979165190304220  13.485407017912124 -154.871647907861188
        0.000037772095882  3.334014299238293  23.120471586573181  12.964619712630956  5.791874604926527  0.839688152684525  0.847959833741020  2.979165190304220  13.485406816963902 -154.871650215628591
        0.000037632951651  3.333401042591451  23.245301080491252  13.048417985027394  5.812321340436965  0.731361728519315  0.849673634700485  2.978445216632739  13.500894649665021 -154.871647376181159
        0.000000016483329  3.333401092262997  23.245301080491252  13.048417985027394  5.812321340436965  0.731361728519315  0.849673634700485  2.978445216632739  13.500894649665021 -154.871647376181159
        0.000000015301152  3.333401042591451  23.245301426873230  13.048417985027394  5.812321340436965  0.731361728519315  0.849673634700485  2.978445216632739  13.500894649665021 -154.871647376181159
        0.000000002503842  3.333401042591451  23.245301080491252  13.048418179463972  5.812321340436965  0.731361728519315  0.849673634700485  2.978445216632739  13.500894649665021 -154.871647376181159
        0.000000000415532  3.333401042591451  23.245301080491252  13.048417985027394  5.812321427047302  0.731361728519315  0.849673634700485  2.978445216632739  13.500894649665021 -154.871647376181159
        0.000000000582745  3.333401042591451  23.245301080491252  13.048417985027394  5.812321340436965  0.731361743420476  0.849673634700485  2.978445216632739  13.500894649665021 -154.871647376181159
        0.000000007103182  3.333401042591451  23.245301080491252  13.048417985027394  5.812321340436965  0.731361728519315  0.849673649601646  2.978445216632739  13.500894649665021 -154.871647376181159
        0.000000009302048  3.333401042591451  23.245301080491252  13.048417985027394  5.812321340436965  0.731361728519315  0.849673634700485  2.978445261015031  13.500894649665021 -154.871647376181159
        0.000000006379000  3.333401042591451  23.245301080491252  13.048417985027394  5.812321340436965  0.731361728519315  0.849673634700485  2.978445216632739  13.500894850844029 -154.871647376181159
        0.000037772095078  3.333401042591451  23.245301080491252  13.048417985027394  5.812321340436965  0.731361728519315  0.849673634700485  2.978445216632739  13.500894649665021 -154.871649683948533
        0.000038964674022  3.330643893759988  23.500806855676728  13.202342591834123  5.869695154950831  0.652218472330765  0.850968789729418  2.977825044709944  13.569055619381878 -154.871646332245916
        0.000000016461825  3.330643943390450  23.500806855676728  13.202342591834123  5.869695154950831  0.652218472330765  0.850968789729418  2.977825044709944  13.569055619381878 -154.871646332245916
        0.000000015287117  3.330643893759988  23.500807205866039  13.202342591834123  5.869695154950831  0.652218472330765  0.850968789729418  2.977825044709944  13.569055619381878 -154.871646332245916
        0.000000002511498  3.330643893759988  23.500806855676728  13.202342788564359  5.869695154950831  0.652218472330765  0.850968789729418  2.977825044709944  13.569055619381878 -154.871646332245916
        0.000000000418187  3.330643893759988  23.500806855676728  13.202342591834123  5.869695242416104  0.652218472330765  0.850968789729418  2.977825044709944  13.569055619381878 -154.871646332245916
        0.000000000587586  3.330643893759988  23.500806855676728  13.202342591834123  5.869695154950831  0.652218487231927  0.850968789729418  2.977825044709944  13.569055619381878 -154.871646332245916
        0.000000007121516  3.330643893759988  23.500806855676728  13.202342591834123  5.869695154950831  0.652218472330765  0.850968804630579  2.977825044709944  13.569055619381878 -154.871646332245916
        0.000000009346301  3.330643893759988  23.500806855676728  13.202342591834123  5.869695154950831  0.652218472330765  0.850968789729418  2.977825089082995  13.569055619381878 -154.871646332245916
        0.000000006348268  3.330643893759988  23.500806855676728  13.202342591834123  5.869695154950831  0.652218472330765  0.850968789729418  2.977825044709944  13.569055821576564 -154.871646332245916
        0.000037772094512  3.330643893759988  23.500806855676728  13.202342591834123  5.869695154950831  0.652218472330765  0.850968789729418  2.977825044709944  13.569055619381878 -154.871648640013291
        0.000034563004500  3.330801788939813  23.547712051107439  13.238670223257218  5.867959927337219  0.575184820947540  0.852256723027711  2.977313375502145  13.565723806130896 -154.871646148051610
        0.000000016459603  3.330801838572627  23.547712051107439  13.238670223257218  5.867959927337219  0.575184820947540  0.852256723027711  2.977313375502145  13.565723806130896 -154.871646148051610
        0.000000015283554  3.330801788939813  23.547712401995692  13.238670223257218  5.867959927337219  0.575184820947540  0.852256723027711  2.977313375502145  13.565723806130896 -154.871646148051610
        0.000000002518604  3.330801788939813  23.547712051107439  13.238670420528777  5.867959927337219  0.575184820947540  0.852256723027711  2.977313375502145  13.565723806130896 -154.871646148051610
        0.000000000421248  3.330801788939813  23.547712051107439  13.238670223257218  5.867960014776636  0.575184820947540  0.852256723027711  2.977313375502145  13.565723806130896 -154.871646148051610
        0.000000000588875  3.330801788939813  23.547712051107439  13.238670223257218  5.867959927337219  0.575184835848702  0.852256723027711  2.977313375502145  13.565723806130896 -154.871646148051610
        0.000000007134218  3.330801788939813  23.547712051107439  13.238670223257218  5.867959927337219  0.575184820947540  0.852256737928872  2.977313375502145  13.565723806130896 -154.871646148051610
        0.000000009346236  3.330801788939813  23.547712051107439  13.238670223257218  5.867959927337219  0.575184820947540  0.852256723027711  2.977313419867571  13.565723806130896 -154.871646148051610
        0.000000006361740  3.330801788939813  23.547712051107439  13.238670223257218  5.867959927337219  0.575184820947540  0.852256723027711  2.977313375502145  13.565724008275932 -154.871646148051610
        0.000037772094217  3.330801788939813  23.547712051107439  13.238670223257218  5.867959927337219  0.575184820947540  0.852256723027711  2.977313375502145  13.565723806130896 -154.871648455818985
        0.000051767994044  3.329157455293113  23.819105098582828  13.417652123883617  5.907488306663556  0.369038187507857  0.855615563904866  2.975960642599294  13.606907240028525 -154.871645131299630
        0.000000016440786  3.329157504901425  23.819105098582828  13.417652123883617  5.907488306663556  0.369038187507857  0.855615563904866  2.975960642599294  13.606907240028525 -154.871645131299630
        0.000000015267299  3.329157455293113  23.819105453515153  13.417652123883617  5.907488306663556  0.369038187507857  0.855615563904866  2.975960642599294  13.606907240028525 -154.871645131299630
        0.000000002537575  3.329157455293113  23.819105098582828  13.417652323822214  5.907488306663556  0.369038187507857  0.855615563904866  2.975960642599294  13.606907240028525 -154.871645131299630
        0.000000000428860  3.329157455293113  23.819105098582828  13.417652123883617  5.907488394691991  0.369038187507857  0.855615563904866  2.975960642599294  13.606907240028525 -154.871645131299630
        0.000000000594996  3.329157455293113  23.819105098582828  13.417652123883617  5.907488306663556  0.369038202409018  0.855615563904866  2.975960642599294  13.606907240028525 -154.871645131299630
        0.000000007171312  3.329157455293113  23.819105098582828  13.417652123883617  5.907488306663556  0.369038187507857  0.855615578806028  2.975960642599294  13.606907240028525 -154.871645131299630
        0.000000009377103  3.329157455293113  23.819105098582828  13.417652123883617  5.907488306663556  0.369038187507857  0.855615563904866  2.975960686944564  13.606907240028525 -154.871645131299630
        0.000000006365505  3.329157455293113  23.819105098582828  13.417652123883617  5.907488306663556  0.369038187507857  0.855615563904866  2.975960642599294  13.606907442787243 -154.871645131299630
        0.000037772093234  3.329157455293113  23.819105098582828  13.417652123883617  5.907488306663556  0.369038187507857  0.855615563904866  2.975960642599294  13.606907240028525 -154.871647439066976
        0.000026616344707  3.329243409580306  23.825316170428376  13.422978117510519  5.910546468541478  0.355283242840481  0.855765609326199  2.975687927306958  13.606754598620057 -154.871643713322896
        0.000000016439502  3.329243459189899  23.825316170428376  13.422978117510519  5.910546468541478  0.355283242840481  0.855765609326199  2.975687927306958  13.606754598620057 -154.871643713322896
        0.000000015266512  3.329243409580306  23.825316525453253  13.422978117510519  5.910546468541478  0.355283242840481  0.855765609326199  2.975687927306958  13.606754598620057 -154.871643713322896
        0.000000002538907  3.329243409580306  23.825316170428376  13.422978317528480  5.910546468541478  0.355283242840481  0.855765609326199  2.975687927306958  13.606754598620057 -154.871643713322896
        0.000000000429144  3.329243409580306  23.825316170428376  13.422978117510519  5.910546556615484  0.355283242840481  0.855765609326199  2.975687927306958  13.606754598620057 -154.871643713322896
        0.000000000595767  3.329243409580306  23.825316170428376  13.422978117510519  5.910546468541478  0.355283257741642  0.855765609326199  2.975687927306958  13.606754598620057 -154.871643713322896
        0.000000007175405  3.329243409580306  23.825316170428376  13.422978117510519  5.910546468541478  0.355283242840481  0.855765624227360  2.975687927306958  13.606754598620057 -154.871643713322896
        0.000000009378364  3.329243409580306  23.825316170428376  13.422978117510519  5.910546468541478  0.355283242840481  0.855765609326199  2.975687971648163  13.606754598620057 -154.871643713322896
        0.000000006369661  3.329243409580306  23.825316170428376  13.422978117510519  5.910546468541478  0.355283242840481  0.855765609326199  2.975687927306958  13.606754801376500 -154.871643713322896
        0.000037772091659  3.329243409580306  23.825316170428376  13.422978117510519  5.910546468541478  0.355283242840481  0.855765609326199  2.975687927306958  13.606754598620057 -154.871646021090214
2022-08-17 18:45:51.361042
