/projects/wagner/highthroughput/mick_graphene_paper/3_data/1_kc_fitting
2023-06-01 19:11:13.249576
use a starting guess from the old fit
starting guess parameters:  [ 3.37006089e+00  2.17833385e+01  1.04693887e+01  8.86496249e+00
  1.31573765e-05  7.23952360e-01  3.28314592e+00  1.30901596e+01
 -1.54590379e+02]
     1025.509994320580063  3.370060885645178  21.783338516870739  10.469388694543325  8.864962486046355  0.000013157376477  0.723952360283636  3.283145920221462  13.090159601618883 -154.590378722241923
        0.000000012842762  3.370060935862998  21.783338516870739  10.469388694543325  8.864962486046355  0.000013157376477  0.723952360283636  3.283145920221462  13.090159601618883 -154.590378722241923
        0.000000011578739  3.370060885645178  21.783338841467778  10.469388694543325  8.864962486046355  0.000013157376477  0.723952360283636  3.283145920221462  13.090159601618883 -154.590378722241923
        0.000000001419287  3.370060885645178  21.783338516870739  10.469388850549374  8.864962486046355  0.000013157376477  0.723952360283636  3.283145920221462  13.090159601618883 -154.590378722241923
        0.000000000243239  3.370060885645178  21.783338516870739  10.469388694543325  8.864962618144590  0.000013157376477  0.723952360283636  3.283145920221462  13.090159601618883 -154.590378722241923
        0.000000000451910  3.370060885645178  21.783338516870739  10.469388694543325  8.864962486046355  0.000013172277638  0.723952360283636  3.283145920221462  13.090159601618883 -154.590378722241923
        0.000000003998539  3.370060885645178  21.783338516870739  10.469388694543325  8.864962486046355  0.000013157376477  0.723952375184798  3.283145920221462  13.090159601618883 -154.590378722241923
        0.000000003161800  3.370060885645178  21.783338516870739  10.469388694543325  8.864962486046355  0.000013157376477  0.723952360283636  3.283145969144149  13.090159601618883 -154.590378722241923
        0.000000004375995  3.370060885645178  21.783338516870739  10.469388694543325  8.864962486046355  0.000013157376477  0.723952360283636  3.283145920221462  13.090159796677462 -154.590378722241923
        0.000015277711498  3.370060885645178  21.783338516870739  10.469388694543325  8.864962486046355  0.000013157376477  0.723952360283636  3.283145920221462  13.090159601618883 -154.590381025818061
        0.000261071114489  3.370054222475599  21.792738267884506  10.482557386727153  8.858398504130367  0.013177776402239  0.724260140072815  3.283089296246907  13.090160557359368 -154.590378761560629
        0.000000012872489  3.370054272693320  21.792738267884506  10.482557386727153  8.858398504130367  0.013177776402239  0.724260140072815  3.283089296246907  13.090160557359368 -154.590378761560629
        0.000000011605523  3.370054222475599  21.792738592621610  10.482557386727153  8.858398504130367  0.013177776402239  0.724260140072815  3.283089296246907  13.090160557359368 -154.590378761560629
        0.000000001419768  3.370054222475599  21.792738267884506  10.482557542929431  8.858398504130367  0.013177776402239  0.724260140072815  3.283089296246907  13.090160557359368 -154.590378761560629
        0.000000000242750  3.370054222475599  21.792738267884506  10.482557386727153  8.858398636130792  0.013177776402239  0.724260140072815  3.283089296246907  13.090160557359368 -154.590378761560629
        0.000000000451711  3.370054222475599  21.792738267884506  10.482557386727153  8.858398504130367  0.013177791303400  0.724260140072815  3.283089296246907  13.090160557359368 -154.590378761560629
        0.000000003999373  3.370054222475599  21.792738267884506  10.482557386727153  8.858398504130367  0.013177776402239  0.724260154973977  3.283089296246907  13.090160557359368 -154.590378761560629
        0.000000003163181  3.370054222475599  21.792738267884506  10.482557386727153  8.858398504130367  0.013177776402239  0.724260140072815  3.283089345168750  13.090160557359368 -154.590378761560629
        0.000000004376264  3.370054222475599  21.792738267884506  10.482557386727153  8.858398504130367  0.013177776402239  0.724260140072815  3.283089296246907  13.090160752417962 -154.590378761560629
        0.000015277711695  3.370054222475599  21.792738267884506  10.482557386727153  8.858398504130367  0.013177776402239  0.724260140072815  3.283089296246907  13.090160557359368 -154.590381065136796
        0.000733361433781  3.361428622305330  21.763795730882691  11.695475580918721  7.199223862673112  0.002709895239935  0.745940921316400  3.324263037991098  13.141452404650206 -154.590406790874084
        0.000000012951302  3.361428672394520  21.763795730882691  11.695475580918721  7.199223862673112  0.002709895239935  0.745940921316400  3.324263037991098  13.141452404650206 -154.590406790874084
        0.000000011676796  3.361428622305330  21.763796055188518  11.695475580918721  7.199223862673112  0.002709895239935  0.745940921316400  3.324263037991098  13.141452404650206 -154.590406790874084
        0.000000001378678  3.361428622305330  21.763795730882691  11.695475755194888  7.199223862673112  0.002709895239935  0.745940921316400  3.324263037991098  13.141452404650206 -154.590406790874084
        0.000000000168753  3.361428622305330  21.763795730882691  11.695475580918721  7.199223969949908  0.002709895239935  0.745940921316400  3.324263037991098  13.141452404650206 -154.590406790874084
        0.000000000348752  3.361428622305330  21.763795730882691  11.695475580918721  7.199223862673112  0.002709910141096  0.745940921316400  3.324263037991098  13.141452404650206 -154.590406790874084
        0.000000003759484  3.361428622305330  21.763795730882691  11.695475580918721  7.199223862673112  0.002709895239935  0.745940936217561  3.324263037991098  13.141452404650206 -154.590406790874084
        0.000000002989599  3.361428622305330  21.763795730882691  11.695475580918721  7.199223862673112  0.002709895239935  0.745940921316400  3.324263087526478  13.141452404650206 -154.590406790874084
        0.000000004275908  3.361428622305330  21.763795730882691  11.695475580918721  7.199223862673112  0.002709895239935  0.745940921316400  3.324263037991098  13.141452600473107 -154.590406790874084
        0.000015277742658  3.361428622305330  21.763795730882691  11.695475580918721  7.199223862673112  0.002709895239935  0.745940921316400  3.324263037991098  13.141452404650206 -154.590409094450649
        0.000244223967644  3.361425545180632  21.774709940622678  11.706896848277907  7.192893496131211  0.012680256026515  0.746312950113978  3.324173337338733  13.141451773249100 -154.590406815001103
        0.000000012979400  3.361425595269776  21.774709940622678  11.706896848277907  7.192893496131211  0.012680256026515  0.746312950113978  3.324173337338733  13.141451773249100 -154.590406815001103
        0.000000011701932  3.361425545180632  21.774710265091141  11.706896848277907  7.192893496131211  0.012680256026515  0.746312950113978  3.324173337338733  13.141451773249100 -154.590406815001103
        0.000000001379312  3.361425545180632  21.774709940622678  11.706897022724265  7.192893496131211  0.012680256026515  0.746312950113978  3.324173337338733  13.141451773249100 -154.590406815001103
        0.000000000168861  3.361425545180632  21.774709940622678  11.706896848277907  7.192893603313676  0.012680256026515  0.746312950113978  3.324173337338733  13.141451773249100 -154.590406815001103
        0.000000000348565  3.361425545180632  21.774709940622678  11.706896848277907  7.192893496131211  0.012680270927676  0.746312950113978  3.324173337338733  13.141451773249100 -154.590406815001103
        0.000000003760305  3.361425545180632  21.774709940622678  11.706896848277907  7.192893496131211  0.012680256026515  0.746312965015139  3.324173337338733  13.141451773249100 -154.590406815001103
        0.000000002990840  3.361425545180632  21.774709940622678  11.706896848277907  7.192893496131211  0.012680256026515  0.746312950113978  3.324173386872776  13.141451773249100 -154.590406815001103
        0.000000004276303  3.361425545180632  21.774709940622678  11.706896848277907  7.192893496131211  0.012680256026515  0.746312950113978  3.324173337338733  13.141451969071991 -154.590406815001103
        0.000015277742658  3.361425545180632  21.774709940622678  11.706896848277907  7.192893496131211  0.012680256026515  0.746312950113978  3.324173337338733  13.141451773249100 -154.590409118577668
        0.000107730489965  3.360704217545481  21.840384887737219  11.684107478256120  7.180773608460156  0.001950040792074  0.747954643883076  3.323263000873107  13.164420874556866 -154.590404634935538
        0.000000012977033  3.360704267623877  21.840384887737219  11.684107478256120  7.180773608460156  0.001950040792074  0.747954643883076  3.323263000873107  13.164420874556866 -154.590404634935538
        0.000000011696821  3.360704217545481  21.840385213184316  11.684107478256120  7.180773608460156  0.001950040792074  0.747954643883076  3.323263000873107  13.164420874556866 -154.590404634935538
        0.000000001381137  3.360704217545481  21.840384887737219  11.684107652362888  7.180773608460156  0.001950040792074  0.747954643883076  3.323263000873107  13.164420874556866 -154.590404634935538
        0.000000000168880  3.360704217545481  21.840384887737219  11.684107478256120  7.180773715462021  0.001950040792074  0.747954643883076  3.323263000873107  13.164420874556866 -154.590404634935538
        0.000000000348037  3.360704217545481  21.840384887737219  11.684107478256120  7.180773608460156  0.001950055693236  0.747954643883076  3.323263000873107  13.164420874556866 -154.590404634935538
        0.000000003752502  3.360704217545481  21.840384887737219  11.684107478256120  7.180773608460156  0.001950040792074  0.747954658784237  3.323263000873107  13.164420874556866 -154.590404634935538
        0.000000002988920  3.360704217545481  21.840384887737219  11.684107478256120  7.180773608460156  0.001950040792074  0.747954643883076  3.323263050393585  13.164420874556866 -154.590404634935538
        0.000000004271230  3.360704217545481  21.840384887737219  11.684107478256120  7.180773608460156  0.001950040792074  0.747954643883076  3.323263000873107  13.164421070722023 -154.590404634935538
        0.000015277741364  3.360704217545481  21.840384887737219  11.684107478256120  7.180773608460156  0.001950040792074  0.747954643883076  3.323263000873107  13.164420874556866 -154.590406938512075
        0.000103418919744  3.359694891597410  21.913667773416737  11.653293550760386  7.188985308361699  0.001879466331488  0.749094345391427  3.322531341907755  13.194004283408535 -154.590402537932903
        0.000000012965185  3.359694941660765  21.913667773416737  11.653293550760386  7.188985308361699  0.001879466331488  0.749094345391427  3.322531341907755  13.194004283408535 -154.590402537932903
        0.000000011684179  3.359694891597410  21.913668099955832  11.653293550760386  7.188985308361699  0.001879466331488  0.749094345391427  3.322531341907755  13.194004283408535 -154.590402537932903
        0.000000001382308  3.359694891597410  21.913667773416737  11.653293724407993  7.188985308361699  0.001879466331488  0.749094345391427  3.322531341907755  13.194004283408535 -154.590402537932903
        0.000000000168849  3.359694891597410  21.913667773416737  11.653293550760386  7.188985415485927  0.001879466331488  0.749094345391427  3.322531341907755  13.194004283408535 -154.590402537932903
        0.000000000348150  3.359694891597410  21.913667773416737  11.653293550760386  7.188985308361699  0.001879481232649  0.749094345391427  3.322531341907755  13.194004283408535 -154.590402537932903
        0.000000003744106  3.359694891597410  21.913667773416737  11.653293550760386  7.188985308361699  0.001879466331488  0.749094360292588  3.322531341907755  13.194004283408535 -154.590402537932903
        0.000000002988676  3.359694891597410  21.913667773416737  11.653293550760386  7.188985308361699  0.001879466331488  0.749094345391427  3.322531391417330  13.194004283408535 -154.590402537932903
        0.000000004262855  3.359694891597410  21.913667773416737  11.653293550760386  7.188985308361699  0.001879466331488  0.749094345391427  3.322531341907755  13.194004480014520 -154.590402537932903
        0.000015277740066  3.359694891597410  21.913667773416737  11.653293550760386  7.188985308361699  0.001879466331488  0.749094345391427  3.322531341907755  13.194004283408535 -154.590404841509411
        0.001363940290081  3.307325627246413  25.728273600320275  13.660202265572966  8.482852567949910  0.000022813003516  0.748571877006582  3.322587946848382  14.427486597423933 -154.590402827439817
        0.001275537353080  3.346846650458400  22.850764253742803  12.133096792495074  7.532432863071201  0.000091357347182  0.748657353831253  3.322571362182374  13.496445501732824 -154.590402689711169
        0.000088096111362  3.356717277668368  22.132020186270438  11.752312593763163  7.293745552942329  0.000027403758851  0.748694296388414  3.322566262194668  13.263920487675902 -154.590402651612862
        0.000000012945478  3.356717327687353  22.132020186270438  11.752312593763163  7.293745552942329  0.000027403758851  0.748694296388414  3.322566262194668  13.263920487675902 -154.590402651612862
        0.000000011666173  3.356717277668368  22.132020516063239  11.752312593763163  7.293745552942329  0.000027403758851  0.748694296388414  3.322566262194668  13.263920487675902 -154.590402651612862
        0.000000001382602  3.356717277668368  22.132020186270438  11.752312768886267  7.293745552942329  0.000027403758851  0.748694296388414  3.322566262194668  13.263920487675902 -154.590402651612862
        0.000000000169222  3.356717277668368  22.132020186270438  11.752312593763163  7.293745661627607  0.000027403758851  0.748694296388414  3.322566262194668  13.263920487675902 -154.590402651612862
        0.000000000351361  3.356717277668368  22.132020186270438  11.752312593763163  7.293745552942329  0.000027418660012  0.748694296388414  3.322566262194668  13.263920487675902 -154.590402651612862
        0.000000003748463  3.356717277668368  22.132020186270438  11.752312593763163  7.293745552942329  0.000027403758851  0.748694311289575  3.322566262194668  13.263920487675902 -154.590402651612862
        0.000000003009318  3.356717277668368  22.132020186270438  11.752312593763163  7.293745552942329  0.000027403758851  0.748694296388414  3.322566311704763  13.263920487675902 -154.590402651612862
        0.000000004239133  3.356717277668368  22.132020186270438  11.752312593763163  7.293745552942329  0.000027403758851  0.748694296388414  3.322566262194668  13.263920685323720 -154.590402651612862
        0.000015277740143  3.356717277668368  22.132020186270438  11.752312593763163  7.293745552942329  0.000027403758851  0.748694296388414  3.322566262194668  13.263920487675902 -154.590404955189371
        0.000018291870650  3.356719972928039  22.132018911979781  11.752321864307481  7.293742118028947  0.000246350276515  0.748698610798327  3.322564757739741  13.263855806235414 -154.590402652154012
        0.000000012946042  3.356720022947065  22.132018911979781  11.752321864307481  7.293742118028947  0.000246350276515  0.748698610798327  3.322564757739741  13.263855806235414 -154.590402652154012
        0.000000011666690  3.356719972928039  22.132019241772561  11.752321864307481  7.293742118028947  0.000246350276515  0.748698610798327  3.322564757739741  13.263855806235414 -154.590402652154012
        0.000000001382610  3.356719972928039  22.132018911979781  11.752322039430723  7.293742118028947  0.000246350276515  0.748698610798327  3.322564757739741  13.263855806235414 -154.590402652154012
        0.000000000169236  3.356719972928039  22.132018911979781  11.752321864307481  7.293742226714174  0.000246350276515  0.748698610798327  3.322564757739741  13.263855806235414 -154.590402652154012
        0.000000000351338  3.356719972928039  22.132018911979781  11.752321864307481  7.293742118028947  0.000246365177676  0.748698610798327  3.322564757739741  13.263855806235414 -154.590402652154012
        0.000000003748465  3.356719972928039  22.132018911979781  11.752321864307481  7.293742118028947  0.000246350276515  0.748698625699488  3.322564757739741  13.263855806235414 -154.590402652154012
        0.000000003009339  3.356719972928039  22.132018911979781  11.752321864307481  7.293742118028947  0.000246350276515  0.748698610798327  3.322564807249814  13.263855806235414 -154.590402652154012
        0.000000004239148  3.356719972928039  22.132018911979781  11.752321864307481  7.293742118028947  0.000246350276515  0.748698610798327  3.322564757739741  13.263856003882267 -154.590402652154012
        0.000015277740164  3.356719972928039  22.132018911979781  11.752321864307481  7.293742118028947  0.000246350276515  0.748698610798327  3.322564757739741  13.263855806235414 -154.590404955730520
        0.000015622903132  3.356587276846564  22.142426189592175  11.751521878234820  7.309499860840178  0.000044844170869  0.748542865689041  3.322570525484744  13.267042739454370 -154.590402672502989
        0.000000012945474  3.356587326863612  22.142426189592175  11.751521878234820  7.309499860840178  0.000044844170869  0.748542865689041  3.322570525484744  13.267042739454370 -154.590402672502989
        0.000000011666332  3.356587276846564  22.142426519540038  11.751521878234820  7.309499860840178  0.000044844170869  0.748542865689041  3.322570525484744  13.267042739454370 -154.590402672502989
        0.000000001382725  3.356587276846564  22.142426189592175  11.751522053346141  7.309499860840178  0.000044844170869  0.748542865689041  3.322570525484744  13.267042739454370 -154.590402672502989
        0.000000000169365  3.356587276846564  22.142426189592175  11.751521878234820  7.309499969760213  0.000044844170869  0.748542865689041  3.322570525484744  13.267042739454370 -154.590402672502989
        0.000000000352136  3.356587276846564  22.142426189592175  11.751521878234820  7.309499860840178  0.000044859072030  0.748542865689041  3.322570525484744  13.267042739454370 -154.590402672502989
        0.000000003749752  3.356587276846564  22.142426189592175  11.751521878234820  7.309499860840178  0.000044844170869  0.748542880590202  3.322570525484744  13.267042739454370 -154.590402672502989
        0.000000003011148  3.356587276846564  22.142426189592175  11.751521878234820  7.309499860840178  0.000044844170869  0.748542865689041  3.322570574994903  13.267042739454370 -154.590402672502989
        0.000000004238175  3.356587276846564  22.142426189592175  11.751521878234820  7.309499860840178  0.000044844170869  0.748542865689041  3.322570525484744  13.267042937148712 -154.590402672502989
        0.000015277740147  3.356587276846564  22.142426189592175  11.751521878234820  7.309499860840178  0.000044844170869  0.748542865689041  3.322570525484744  13.267042739454370 -154.590404976079498
        0.000013766277460  3.358589524160520  21.995345637789914  11.677345382042326  7.252922011116598  0.000022746865922  0.748644102485374  3.322572008461750  13.219708976607146 -154.590402659262793
        0.000002300316772  3.357073584340792  22.106861932731576  11.736045295936943  7.290662406062513  0.000033901448996  0.748632363653035  3.322573609712750  13.255654629763757 -154.590402659934483
        0.000000012948716  3.357073634365087  22.106861932731576  11.736045295936943  7.290662406062513  0.000033901448996  0.748632363653035  3.322573609712750  13.255654629763757 -154.590402659934483
        0.000000011669255  3.357073584340792  22.106862262149487  11.736045295936943  7.290662406062513  0.000033901448996  0.748632363653035  3.322573609712750  13.255654629763757 -154.590402659934483
        0.000000001382691  3.357073584340792  22.106861932731576  11.736045470817645  7.290662406062513  0.000033901448996  0.748632363653035  3.322573609712750  13.255654629763757 -154.590402659934483
        0.000000000169330  3.357073584340792  22.106861932731576  11.736045295936943  7.290662514701848  0.000033901448996  0.748632363653035  3.322573609712750  13.255654629763757 -154.590402659934483
        0.000000000351511  3.357073584340792  22.106861932731576  11.736045295936943  7.290662406062513  0.000033916350157  0.748632363653035  3.322573609712750  13.255654629763757 -154.590402659934483
        0.000000003748892  3.357073584340792  22.106861932731576  11.736045295936943  7.290662406062513  0.000033901448996  0.748632378554196  3.322573609712750  13.255654629763757 -154.590402659934483
        0.000000003007627  3.357073584340792  22.106861932731576  11.736045295936943  7.290662406062513  0.000033901448996  0.748632363653035  3.322573659222955  13.255654629763757 -154.590402659934483
        0.000000004242072  3.357073584340792  22.106861932731576  11.736045295936943  7.290662406062513  0.000033901448996  0.748632363653035  3.322573609712750  13.255654827288403 -154.590402659934483
        0.000015277740164  3.357073584340792  22.106861932731576  11.736045295936943  7.290662406062513  0.000033901448996  0.748632363653035  3.322573609712750  13.255654629763757 -154.590404963510991
        0.000015355591519  3.357028495608271  22.110117956397207  11.737994993418837  7.291691979466537  0.000029327448283  0.748632005833962  3.322580958949144  13.256708736289816 -154.590402659767136
        0.000000012948489  3.357028545631893  22.110117956397207  11.737994993418837  7.291691979466537  0.000029327448283  0.748632005833962  3.322580958949144  13.256708736289816 -154.590402659767136
        0.000000011669029  3.357028495608271  22.110118285863638  11.737994993418837  7.291691979466537  0.000029327448283  0.748632005833962  3.322580958949144  13.256708736289816 -154.590402659767136
        0.000000001382690  3.357028495608271  22.110117956397207  11.737995168328593  7.291691979466537  0.000029327448283  0.748632005833962  3.322580958949144  13.256708736289816 -154.590402659767136
        0.000000000169316  3.357028495608271  22.110117956397207  11.737994993418837  7.291692088121215  0.000029327448283  0.748632005833962  3.322580958949144  13.256708736289816 -154.590402659767136
        0.000000000351536  3.357028495608271  22.110117956397207  11.737994993418837  7.291691979466537  0.000029342349444  0.748632005833962  3.322580958949144  13.256708736289816 -154.590402659767136
        0.000000003748936  3.357028495608271  22.110117956397207  11.737994993418837  7.291691979466537  0.000029327448283  0.748632020735124  3.322580958949144  13.256708736289816 -154.590402659767136
        0.000000003007938  3.357028495608271  22.110117956397207  11.737994993418837  7.291691979466537  0.000029327448283  0.748632005833962  3.322581008459458  13.256708736289816 -154.590402659767136
        0.000000004241691  3.357028495608271  22.110117956397207  11.737994993418837  7.291691979466537  0.000029327448283  0.748632005833962  3.322580958949144  13.256708933830170 -154.590402659767136
        0.000015277740138  3.357028495608271  22.110117956397207  11.737994993418837  7.291691979466537  0.000029327448283  0.748632005833962  3.322580958949144  13.256708736289816 -154.590404963343644
2023-06-01 19:21:30.905194
