/projects/wagner/highthroughput/mick_graphene_paper/3_data/1_kc_fitting
2023-06-01 19:05:02.891773
use a starting guess from the old fit
starting guess parameters:  [ 3.37006089e+00  2.17833385e+01  1.04693887e+01  8.86496249e+00
  1.31573765e-05  7.23952360e-01  3.28314592e+00  1.30901596e+01
 -1.54590379e+02]
     1025.509994320580063  3.370060885645178  21.783338516870739  10.469388694543325  8.864962486046355  0.000013157376477  0.723952360283636  3.283145920221462  13.090159601618883 -154.590378722241923
        0.000000012842762  3.370060935862998  21.783338516870739  10.469388694543325  8.864962486046355  0.000013157376477  0.723952360283636  3.283145920221462  13.090159601618883 -154.590378722241923
        0.000000011578739  3.370060885645178  21.783338841467778  10.469388694543325  8.864962486046355  0.000013157376477  0.723952360283636  3.283145920221462  13.090159601618883 -154.590378722241923
        0.000000001419287  3.370060885645178  21.783338516870739  10.469388850549374  8.864962486046355  0.000013157376477  0.723952360283636  3.283145920221462  13.090159601618883 -154.590378722241923
        0.000000000243239  3.370060885645178  21.783338516870739  10.469388694543325  8.864962618144590  0.000013157376477  0.723952360283636  3.283145920221462  13.090159601618883 -154.590378722241923
        0.000000000451910  3.370060885645178  21.783338516870739  10.469388694543325  8.864962486046355  0.000013172277638  0.723952360283636  3.283145920221462  13.090159601618883 -154.590378722241923
        0.000000003998539  3.370060885645178  21.783338516870739  10.469388694543325  8.864962486046355  0.000013157376477  0.723952375184798  3.283145920221462  13.090159601618883 -154.590378722241923
        0.000000003161800  3.370060885645178  21.783338516870739  10.469388694543325  8.864962486046355  0.000013157376477  0.723952360283636  3.283145969144149  13.090159601618883 -154.590378722241923
        0.000000004375995  3.370060885645178  21.783338516870739  10.469388694543325  8.864962486046355  0.000013157376477  0.723952360283636  3.283145920221462  13.090159796677462 -154.590378722241923
        0.000015277711498  3.370060885645178  21.783338516870739  10.469388694543325  8.864962486046355  0.000013157376477  0.723952360283636  3.283145920221462  13.090159601618883 -154.590381025818061
        0.000455153112651  3.370262140058790  21.783340959215241  10.469384625444972  8.864963687427180  0.000017316328848  0.724105662204809  3.283164340407929  13.090159815151292 -154.590452531713055
        0.000000012859976  3.370262190279610  21.783340959215241  10.469384625444972  8.864963687427180  0.000017316328848  0.724105662204809  3.283164340407929  13.090159815151292 -154.590452531713055
        0.000000011594104  3.370262140058790  21.783341283812316  10.469384625444972  8.864963687427180  0.000017316328848  0.724105662204809  3.283164340407929  13.090159815151292 -154.590452531713055
        0.000000001420245  3.370262140058790  21.783340959215241  10.469384781450961  8.864963687427180  0.000017316328848  0.724105662204809  3.283164340407929  13.090159815151292 -154.590452531713055
        0.000000000243467  3.370262140058790  21.783340959215241  10.469384625444972  8.864963819525432  0.000017316328848  0.724105662204809  3.283164340407929  13.090159815151292 -154.590452531713055
        0.000000000452316  3.370262140058790  21.783340959215241  10.469384625444972  8.864963687427180  0.000017331230009  0.724105662204809  3.283164340407929  13.090159815151292 -154.590452531713055
        0.000000004001115  3.370262140058790  21.783340959215241  10.469384625444972  8.864963687427180  0.000017316328848  0.724105677105970  3.283164340407929  13.090159815151292 -154.590452531713055
        0.000000003162636  3.370262140058790  21.783340959215241  10.469384625444972  8.864963687427180  0.000017316328848  0.724105662204809  3.283164389330890  13.090159815151292 -154.590452531713055
        0.000000004379672  3.370262140058790  21.783340959215241  10.469384625444972  8.864963687427180  0.000017316328848  0.724105662204809  3.283164340407929  13.090160010209873 -154.590452531713055
        0.000015277717942  3.370262140058790  21.783340959215241  10.469384625444972  8.864963687427180  0.000017316328848  0.724105662204809  3.283164340407929  13.090159815151292 -154.590454835290302
        0.000768952768846  3.378356509896464  20.398977877724327  10.642409383066669  6.307386637714574  1.610967070367766  0.729734964490844  3.246141886407024  13.090693888161141 -154.590447685893224
        0.000000012794791  3.378356560237899  20.398977877724327  10.642409383066669  6.307386637714574  1.610967070367766  0.729734964490844  3.246141886407024  13.090693888161141 -154.590447685893224
        0.000000011578641  3.378356509896464  20.398978181692787  10.642409383066669  6.307386637714574  1.610967070367766  0.729734964490844  3.246141886407024  13.090693888161141 -154.590447685893224
        0.000000001337861  3.378356509896464  20.398977877724327  10.642409541650926  6.307386637714574  1.610967070367766  0.729734964490844  3.246141886407024  13.090693888161141 -154.590447685893224
        0.000000000150588  3.378356509896464  20.398977877724327  10.642409383066669  6.307386731701959  1.610967070367766  0.729734964490844  3.246141886407024  13.090693888161141 -154.590447685893224
        0.000000000213010  3.378356509896464  20.398977877724327  10.642409383066669  6.307386637714574  1.610967094373046  0.729734964490844  3.246141886407024  13.090693888161141 -154.590447685893224
        0.000000003544025  3.378356509896464  20.398977877724327  10.642409383066669  6.307386637714574  1.610967070367766  0.729734979392005  3.246141886407024  13.090693888161141 -154.590447685893224
        0.000000002930490  3.378356509896464  20.398977877724327  10.642409383066669  6.307386637714574  1.610967070367766  0.729734964490844  3.246141934778308  13.090693888161141 -154.590447685893224
        0.000000004346117  3.378356509896464  20.398977877724327  10.642409383066669  6.307386637714574  1.610967070367766  0.729734964490844  3.246141886407024  13.090694083227680 -154.590447685893224
        0.000015277681448  3.378356509896464  20.398977877724327  10.642409383066669  6.307386637714574  1.610967070367766  0.729734964490844  3.246141886407024  13.090693888161141 -154.590449989470414
        0.000156429305958  3.377458981609579  19.913505652022184  10.019473645753099  6.827202888683617  2.318475278164036  0.708037244891018  3.255683775152683  13.095021281601843 -154.590454206010946
        0.000000012861297  3.377459031937640  19.913505652022184  10.019473645753099  6.827202888683617  2.318475278164036  0.708037244891018  3.255683775152683  13.095021281601843 -154.590454206010946
        0.000000011694730  3.377458981609579  19.913505948756541  10.019473645753099  6.827202888683617  2.318475278164036  0.708037244891018  3.255683775152683  13.095021281601843 -154.590454206010946
        0.000000001308639  3.377458981609579  19.913505652022184  10.019473795054891  6.827202888683617  2.318475278164036  0.708037244891018  3.255683775152683  13.095021281601843 -154.590454206010946
        0.000000000151409  3.377458981609579  19.913505652022184  10.019473645753099  6.827202990416868  2.318475278164036  0.708037244891018  3.255683775152683  13.095021281601843 -154.590454206010946
        0.000000000160998  3.377458981609579  19.913505652022184  10.019473645753099  6.827202888683617  2.318475312712009  0.708037244891018  3.255683775152683  13.095021281601843 -154.590454206010946
        0.000000003398622  3.377458981609579  19.913505652022184  10.019473645753099  6.827202888683617  2.318475278164036  0.708037259792179  3.255683775152683  13.095021281601843 -154.590454206010946
        0.000000002936217  3.377458981609579  19.913505652022184  10.019473645753099  6.827202888683617  2.318475278164036  0.708037244891018  3.255683823666152  13.095021281601843 -154.590454206010946
        0.000000004290107  3.377458981609579  19.913505652022184  10.019473645753099  6.827202888683617  2.318475278164036  0.708037244891018  3.255683775152683  13.095021476732866 -154.590454206010946
        0.000015277685193  3.377458981609579  19.913505652022184  10.019473645753099  6.827202888683617  2.318475278164036  0.708037244891018  3.255683775152683  13.095021281601843 -154.590456509588222
        0.000058586982333  3.377283572699746  19.934530235474327  9.989747346773111  6.835916121582445  2.310789691819144  0.708466975220103  3.255251224404465  13.101113949136661 -154.590453417990176
        0.000000012854830  3.377283623025193  19.934530235474327  9.989747346773111  6.835916121582445  2.310789691819144  0.708466975220103  3.255251224404465  13.101113949136661 -154.590453417990176
        0.000000011687512  3.377283572699746  19.934530532521975  9.989747346773111  6.835916121582445  2.310789691819144  0.708466975220103  3.255251224404465  13.101113949136661 -154.590453417990176
        0.000000001309737  3.377283572699746  19.934530235474327  9.989747495631947  6.835916121582445  2.310789691819144  0.708466975220103  3.255251224404465  13.101113949136661 -154.590453417990176
        0.000000000152139  3.377283572699746  19.934530235474327  9.989747346773111  6.835916223445532  2.310789691819144  0.708466975220103  3.255251224404465  13.101113949136661 -154.590453417990176
        0.000000000162017  3.377283572699746  19.934530235474327  9.989747346773111  6.835916121582445  2.310789726252594  0.708466975220103  3.255251224404465  13.101113949136661 -154.590453417990176
        0.000000003398558  3.377283572699746  19.934530235474327  9.989747346773111  6.835916121582445  2.310789691819144  0.708466990121264  3.255251224404465  13.101113949136661 -154.590453417990176
        0.000000002936027  3.377283572699746  19.934530235474327  9.989747346773111  6.835916121582445  2.310789691819144  0.708466975220103  3.255251272911488  13.101113949136661 -154.590453417990176
        0.000000004289146  3.377283572699746  19.934530235474327  9.989747346773111  6.835916121582445  2.310789691819144  0.708466975220103  3.255251224404465  13.101114144358471 -154.590453417990176
        0.000015277684807  3.377283572699746  19.934530235474327  9.989747346773111  6.835916121582445  2.310789691819144  0.708466975220103  3.255251224404465  13.101113949136661 -154.590455721567452
2023-06-01 19:11:01.534483
