/projects/wagner/highthroughput/mick_graphene_paper/3_data/1_kc_fitting
2023-06-01 18:58:11.025289
use a starting guess from the old fit
starting guess parameters:  [ 3.37006089e+00  2.17833385e+01  1.04693887e+01  8.86496249e+00
  1.31573765e-05  7.23952360e-01  3.28314592e+00  1.30901596e+01
 -1.54590379e+02]
     1025.509994320580063  3.370060885645178  21.783338516870739  10.469388694543325  8.864962486046355  0.000013157376477  0.723952360283636  3.283145920221462  13.090159601618883 -154.590378722241923
        0.000000012842762  3.370060935862998  21.783338516870739  10.469388694543325  8.864962486046355  0.000013157376477  0.723952360283636  3.283145920221462  13.090159601618883 -154.590378722241923
        0.000000011578739  3.370060885645178  21.783338841467778  10.469388694543325  8.864962486046355  0.000013157376477  0.723952360283636  3.283145920221462  13.090159601618883 -154.590378722241923
        0.000000001419287  3.370060885645178  21.783338516870739  10.469388850549374  8.864962486046355  0.000013157376477  0.723952360283636  3.283145920221462  13.090159601618883 -154.590378722241923
        0.000000000243239  3.370060885645178  21.783338516870739  10.469388694543325  8.864962618144590  0.000013157376477  0.723952360283636  3.283145920221462  13.090159601618883 -154.590378722241923
        0.000000000451910  3.370060885645178  21.783338516870739  10.469388694543325  8.864962486046355  0.000013172277638  0.723952360283636  3.283145920221462  13.090159601618883 -154.590378722241923
        0.000000003998539  3.370060885645178  21.783338516870739  10.469388694543325  8.864962486046355  0.000013157376477  0.723952375184798  3.283145920221462  13.090159601618883 -154.590378722241923
        0.000000003161800  3.370060885645178  21.783338516870739  10.469388694543325  8.864962486046355  0.000013157376477  0.723952360283636  3.283145969144149  13.090159601618883 -154.590378722241923
        0.000000004375995  3.370060885645178  21.783338516870739  10.469388694543325  8.864962486046355  0.000013157376477  0.723952360283636  3.283145920221462  13.090159796677462 -154.590378722241923
        0.000015277711498  3.370060885645178  21.783338516870739  10.469388694543325  8.864962486046355  0.000013157376477  0.723952360283636  3.283145920221462  13.090159601618883 -154.590381025818061
        0.000381824899927  3.370141477137282  21.783340334155415  10.469389975085818  8.864964692008027  0.000017578084281  0.724086959823259  3.283165766053357  13.090071097691483 -154.590327527565876
        0.000000012852091  3.370141527356304  21.783340334155415  10.469389975085818  8.864964692008027  0.000017578084281  0.724086959823259  3.283165766053357  13.090071097691483 -154.590327527565876
        0.000000011587079  3.370141477137282  21.783340658752479  10.469389975085818  8.864964692008027  0.000017578084281  0.724086959823259  3.283165766053357  13.090071097691483 -154.590327527565876
        0.000000001419711  3.370141477137282  21.783340334155415  10.469390131091886  8.864964692008027  0.000017578084281  0.724086959823259  3.283165766053357  13.090071097691483 -154.590327527565876
        0.000000000243383  3.370141477137282  21.783340334155415  10.469389975085818  8.864964824106295  0.000017578084281  0.724086959823259  3.283165766053357  13.090071097691483 -154.590327527565876
        0.000000000452119  3.370141477137282  21.783340334155415  10.469389975085818  8.864964692008027  0.000017592985442  0.724086959823259  3.283165766053357  13.090071097691483 -154.590327527565876
        0.000000003999515  3.370141477137282  21.783340334155415  10.469389975085818  8.864964692008027  0.000017578084281  0.724086974724420  3.283165766053357  13.090071097691483 -154.590327527565876
        0.000000003162112  3.370141477137282  21.783340334155415  10.469389975085818  8.864964692008027  0.000017578084281  0.724086959823259  3.283165814976339  13.090071097691483 -154.590327527565876
        0.000000004377473  3.370141477137282  21.783340334155415  10.469389975085818  8.864964692008027  0.000017578084281  0.724086959823259  3.283165766053357  13.090071292748743 -154.590327527565876
        0.000015277706245  3.370141477137282  21.783340334155415  10.469389975085818  8.864964692008027  0.000017578084281  0.724086959823259  3.283165766053357  13.090071097691483 -154.590329831141275
        0.000459314011042  3.367808019456880  21.923568131136168  11.221823661777904  8.020186368627911  0.000017138432047  0.735996779310812  3.288832510338208  13.233103929197865 -154.590225858650712
        0.000000012927549  3.367808069641130  21.923568131136168  11.221823661777904  8.020186368627911  0.000017138432047  0.735996779310812  3.288832510338208  13.233103929197865 -154.590225858650712
        0.000000011648791  3.367808019456880  21.923568457822793  11.221823661777904  8.020186368627911  0.000017138432047  0.735996779310812  3.288832510338208  13.233103929197865 -154.590225858650712
        0.000000001411606  3.367808019456880  21.923568131136168  11.221823828996108  8.020186368627911  0.000017138432047  0.735996779310812  3.288832510338208  13.233103929197865 -154.590225858650712
        0.000000000194344  3.367808019456880  21.923568131136168  11.221823661777904  8.020186488138002  0.000017138432047  0.735996779310812  3.288832510338208  13.233103929197865 -154.590225858650712
        0.000000000402901  3.367808019456880  21.923568131136168  11.221823661777904  8.020186368627911  0.000017153333209  0.735996779310812  3.288832510338208  13.233103929197865 -154.590225858650712
        0.000000003926274  3.367808019456880  21.923568131136168  11.221823661777904  8.020186368627911  0.000017138432047  0.735996794211973  3.288832510338208  13.233103929197865 -154.590225858650712
        0.000000003109754  3.367808019456880  21.923568131136168  11.221823661777904  8.020186368627911  0.000017138432047  0.735996779310812  3.288832559345631  13.233103929197865 -154.590225858650712
        0.000000004383527  3.367808019456880  21.923568131136168  11.221823661777904  8.020186368627911  0.000017138432047  0.735996779310812  3.288832510338208  13.233104126386479 -154.590225858650712
        0.000015277679342  3.367808019456880  21.923568131136168  11.221823661777904  8.020186368627911  0.000017138432047  0.735996779310812  3.288832510338208  13.233103929197865 -154.590228162224577
        0.000045944965856  3.367807544196919  21.924919539689498  11.223404151940443  8.019411352201205  0.001860562818955  0.736040172504191  3.288821305683552  13.233105606342530 -154.590225861425097
        0.000000012931706  3.367807594381162  21.924919539689498  11.223404151940443  8.019411352201205  0.001860562818955  0.736040172504191  3.288821305683552  13.233105606342530 -154.590225861425097
        0.000000011652492  3.367807544196919  21.924919866396259  11.223404151940443  8.019411352201205  0.001860562818955  0.736040172504191  3.288821305683552  13.233105606342530 -154.590225861425097
        0.000000001411690  3.367807544196919  21.924919539689498  11.223404319182197  8.019411352201205  0.001860562818955  0.736040172504191  3.288821305683552  13.233105606342530 -154.590225861425097
        0.000000000194313  3.367807544196919  21.924919539689498  11.223404151940443  8.019411471699746  0.001860562818955  0.736040172504191  3.288821305683552  13.233105606342530 -154.590225861425097
        0.000000000402859  3.367807544196919  21.924919539689498  11.223404151940443  8.019411352201205  0.001860577720116  0.736040172504191  3.288821305683552  13.233105606342530 -154.590225861425097
        0.000000003926400  3.367807544196919  21.924919539689498  11.223404151940443  8.019411352201205  0.001860562818955  0.736040187405352  3.288821305683552  13.233105606342530 -154.590225861425097
        0.000000003109959  3.367807544196919  21.924919539689498  11.223404151940443  8.019411352201205  0.001860562818955  0.736040172504191  3.288821354690809  13.233105606342530 -154.590225861425097
        0.000000004383546  3.367807544196919  21.924919539689498  11.223404151940443  8.019411352201205  0.001860562818955  0.736040172504191  3.288821305683552  13.233105803531171 -154.590225861425097
        0.000015277679329  3.367807544196919  21.924919539689498  11.223404151940443  8.019411352201205  0.001860562818955  0.736040172504191  3.288821305683552  13.233105606342530 -154.590228164998962
        0.000053692294916  3.366708590049817  22.004697917104941  11.333247973953197  7.878487843261863  0.000910005981718  0.738453512252219  3.288484321247664  13.261432425609343 -154.590224974774912
        0.000000012925922  3.366708640217684  22.004697917104941  11.333247973953197  7.878487843261863  0.000910005981718  0.738453512252219  3.288484321247664  13.261432425609343 -154.590224974774912
        0.000000011643891  3.366708590049817  22.004698245000490  11.333247973953197  7.878487843261863  0.000910005981718  0.738453512252219  3.288484321247664  13.261432425609343 -154.590224974774912
        0.000000001410939  3.366708590049817  22.004697917104941  11.333248142831753  7.878487843261863  0.000910005981718  0.738453512252219  3.288484321247664  13.261432425609343 -154.590224974774912
        0.000000000188275  3.366708590049817  22.004697917104941  11.333247973953197  7.878487960660480  0.000910005981718  0.738453512252219  3.288484321247664  13.261432425609343 -154.590224974774912
        0.000000000393875  3.366708590049817  22.004697917104941  11.333247973953197  7.878487843261863  0.000910020882879  0.738453512252219  3.288484321247664  13.261432425609343 -154.590224974774912
        0.000000003908903  3.366708590049817  22.004697917104941  11.333247973953197  7.878487843261863  0.000910005981718  0.738453527153380  3.288484321247664  13.261432425609343 -154.590224974774912
        0.000000003101910  3.366708590049817  22.004697917104941  11.333247973953197  7.878487843261863  0.000910005981718  0.738453512252219  3.288484370249899  13.261432425609343 -154.590224974774912
        0.000000004374544  3.366708590049817  22.004697917104941  11.333247973953197  7.878487843261863  0.000910005981718  0.738453512252219  3.288484321247664  13.261432623220085 -154.590224974774912
        0.000015277678880  3.366708590049817  22.004697917104941  11.333247973953197  7.878487843261863  0.000910005981718  0.738453512252219  3.288484321247664  13.261432425609343 -154.590227278348777
        0.000025195945786  3.366441831968531  22.022277759506817  11.387014690392194  7.783225708937118  0.000831504218660  0.739799444358845  3.288318858743390  13.269012144366579 -154.590224518767997
        0.000000012921920  3.366441882132424  22.022277759506817  11.387014690392194  7.783225708937118  0.000831504218660  0.739799444358845  3.288318858743390  13.269012144366579 -154.590224518767997
        0.000000011638547  3.366441831968531  22.022278087664329  11.387014690392194  7.783225708937118  0.000831504218660  0.739799444358845  3.288318858743390  13.269012144366579 -154.590224518767997
        0.000000001410285  3.366441831968531  22.022277759506817  11.387014860071936  7.783225708937118  0.000831504218660  0.739799444358845  3.288318858743390  13.269012144366579 -154.590224518767997
        0.000000000184916  3.366441831968531  22.022277759506817  11.387014690392194  7.783225824916219  0.000831504218660  0.739799444358845  3.288318858743390  13.269012144366579 -154.590224518767997
        0.000000000388154  3.366441831968531  22.022277759506817  11.387014690392194  7.783225708937118  0.000831519119821  0.739799444358845  3.288318858743390  13.269012144366579 -154.590224518767997
        0.000000003898317  3.366441831968531  22.022277759506817  11.387014690392194  7.783225708937118  0.000831504218660  0.739799459260006  3.288318858743390  13.269012144366579 -154.590224518767997
        0.000000003094715  3.366441831968531  22.022277759506817  11.387014690392194  7.783225708937118  0.000831504218660  0.739799444358845  3.288318907743160  13.269012144366579 -154.590224518767997
        0.000000004372206  3.366441831968531  22.022277759506817  11.387014690392194  7.783225708937118  0.000831504218660  0.739799444358845  3.288318858743390  13.269012342090267 -154.590224518767997
        0.000015277678657  3.366441831968531  22.022277759506817  11.387014690392194  7.783225708937118  0.000831504218660  0.739799444358845  3.288318858743390  13.269012144366579 -154.590226822341862
        0.000247381650884  3.343842815203887  23.659280810353028  12.274434672005546  8.288794667419603  0.000210582994369  0.740712548689181  3.288219948077137  13.804082663086957 -154.590224265345512
        0.000248038809823  3.362377134319006  22.316776553511325  11.579851725340950  7.815039018722052  0.000162552190150  0.740701671266322  3.288237575133914  13.365653304901755 -154.590224295748783
        0.000000012895070  3.362377184422330  22.316776553511325  11.579851725340950  7.815039018722052  0.000162552190150  0.740701671266322  3.288237575133914  13.365653304901755 -154.590224295748783
        0.000000011612412  3.362377134319006  22.316776886057209  11.579851725340950  7.815039018722052  0.000162552190150  0.740701671266322  3.288237575133914  13.365653304901755 -154.590224295748783
        0.000000001409616  3.362377134319006  22.316776553511325  11.579851897894187  7.815039018722052  0.000162552190150  0.740701671266322  3.288237575133914  13.365653304901755 -154.590224295748783
        0.000000000182633  3.362377134319006  22.316776553511325  11.579851725340950  7.815039135175208  0.000162552190150  0.740701671266322  3.288237575133914  13.365653304901755 -154.590224295748783
        0.000000000385783  3.362377134319006  22.316776553511325  11.579851725340950  7.815039018722052  0.000162567091311  0.740701671266322  3.288237575133914  13.365653304901755 -154.590224295748783
        0.000000003893346  3.362377134319006  22.316776553511325  11.579851725340950  7.815039018722052  0.000162552190150  0.740701686167484  3.288237575133914  13.365653304901755 -154.590224295748783
        0.000000003114202  3.362377134319006  22.316776553511325  11.579851725340950  7.815039018722052  0.000162552190150  0.740701671266322  3.288237624132472  13.365653304901755 -154.590224295748783
        0.000000004339353  3.362377134319006  22.316776553511325  11.579851725340950  7.815039018722052  0.000162552190150  0.740701671266322  3.288237575133914  13.365653504065509 -154.590224295748783
        0.000015277678618  3.362377134319006  22.316776553511325  11.579851725340950  7.815039018722052  0.000162552190150  0.740701671266322  3.288237575133914  13.365653304901755 -154.590226599322648
        0.000016246058956  3.362388667610884  22.316776734204140  11.579851772812550  7.815039109175631  0.000162668491308  0.740707812777770  3.288239249837949  13.365650201808840 -154.590224401278192
        0.000000012895976  3.362388717714380  22.316776734204140  11.579851772812550  7.815039109175631  0.000162668491308  0.740707812777770  3.288239249837949  13.365650201808840 -154.590224401278192
        0.000000011613202  3.362388667610884  22.316777066750028  11.579851772812550  7.815039109175631  0.000162668491308  0.740707812777770  3.288239249837949  13.365650201808840 -154.590224401278192
        0.000000001409680  3.362388667610884  22.316776734204140  11.579851945365787  7.815039109175631  0.000162668491308  0.740707812777770  3.288239249837949  13.365650201808840 -154.590224401278192
        0.000000000182638  3.362388667610884  22.316776734204140  11.579851772812550  7.815039225628788  0.000162668491308  0.740707812777770  3.288239249837949  13.365650201808840 -154.590224401278192
        0.000000000385814  3.362388667610884  22.316776734204140  11.579851772812550  7.815039109175631  0.000162683392469  0.740707812777770  3.288239249837949  13.365650201808840 -154.590224401278192
        0.000000003893505  3.362388667610884  22.316776734204140  11.579851772812550  7.815039109175631  0.000162668491308  0.740707827678931  3.288239249837949  13.365650201808840 -154.590224401278192
        0.000000003114256  3.362388667610884  22.316776734204140  11.579851772812550  7.815039109175631  0.000162668491308  0.740707812777770  3.288239298836532  13.365650201808840 -154.590224401278192
        0.000000004339580  3.362388667610884  22.316776734204140  11.579851772812550  7.815039109175631  0.000162668491308  0.740707812777770  3.288239249837949  13.365650400972548 -154.590224401278192
        0.000015277678563  3.362388667610884  22.316776734204140  11.579851772812550  7.815039109175631  0.000162668491308  0.740707812777770  3.288239249837949  13.365650201808840 -154.590226704852057
        0.000017318168312  3.358759060126917  22.583089472029915  11.765930936985937  7.822250703944174  0.000043720842912  0.741730843826501  3.288182146432952  13.452776204022641 -154.590224112346277
        0.000004926929979  3.361568802216381  22.376894348673918  11.657012431177165  7.753523905915820  0.000046370666877  0.741688584557634  3.288187606856876  13.385728321881846 -154.590224130196731
        0.000004084352862  3.362376988755210  22.317920996654120  11.605398119859883  7.770347673983086  0.000134650769441  0.741234235519344  3.288217145088103  13.366245082342395 -154.590224219783437
        0.000000012896003  3.362377038858531  22.317920996654120  11.605398119859883  7.770347673983086  0.000134650769441  0.741234235519344  3.288217145088103  13.366245082342395 -154.590224219783437
        0.000000011612534  3.362376988755210  22.317921329217057  11.605398119859883  7.770347673983086  0.000134650769441  0.741234235519344  3.288217145088103  13.366245082342395 -154.590224219783437
        0.000000001409384  3.362376988755210  22.317920996654120  11.605398292793792  7.770347673983086  0.000134650769441  0.741234235519344  3.288217145088103  13.366245082342395 -154.590224219783437
        0.000000000181307  3.362376988755210  22.317920996654120  11.605398119859883  7.770347789770289  0.000134650769441  0.741234235519344  3.288217145088103  13.366245082342395 -154.590224219783437
        0.000000000383223  3.362376988755210  22.317920996654120  11.605398119859883  7.770347673983086  0.000134665670603  0.741234235519344  3.288217145088103  13.366245082342395 -154.590224219783437
        0.000000003889542  3.362376988755210  22.317920996654120  11.605398119859883  7.770347673983086  0.000134650769441  0.741234250420505  3.288217145088103  13.366245082342395 -154.590224219783437
        0.000000003110959  3.362376988755210  22.317920996654120  11.605398119859883  7.770347673983086  0.000134650769441  0.741234235519344  3.288217194086357  13.366245082342395 -154.590224219783437
        0.000000004339501  3.362376988755210  22.317920996654120  11.605398119859883  7.770347673983086  0.000134650769441  0.741234235519344  3.288217145088103  13.366245281514967 -154.590224219783437
        0.000015277678323  3.362376988755210  22.317920996654120  11.605398119859883  7.770347673983086  0.000134650769441  0.741234235519344  3.288217145088103  13.366245082342395 -154.590226523357273
        0.000015361009158  3.362331536062765  22.321520510098630  11.606811036080423  7.772230150779041  0.000121335643310  0.741229755179305  3.288195399827780  13.367451890925878 -154.590224162385994
        0.000000012895643  3.362331586165409  22.321520510098630  11.606811036080423  7.772230150779041  0.000121335643310  0.741229755179305  3.288195399827780  13.367451890925878 -154.590224162385994
        0.000000011612209  3.362331536062765  22.321520842715206  11.606811036080423  7.772230150779041  0.000121335643310  0.741229755179305  3.288195399827780  13.367451890925878 -154.590224162385994
        0.000000001409405  3.362331536062765  22.321520510098630  11.606811209035385  7.772230150779041  0.000121335643310  0.741229755179305  3.288195399827780  13.367451890925878 -154.590224162385994
        0.000000000181344  3.362331536062765  22.321520510098630  11.606811036080423  7.772230266594296  0.000121335643310  0.741229755179305  3.288195399827780  13.367451890925878 -154.590224162385994
        0.000000000383323  3.362331536062765  22.321520510098630  11.606811036080423  7.772230150779041  0.000121350544471  0.741229755179305  3.288195399827780  13.367451890925878 -154.590224162385994
        0.000000003889641  3.362331536062765  22.321520510098630  11.606811036080423  7.772230150779041  0.000121335643310  0.741229770080466  3.288195399827780  13.367451890925878 -154.590224162385994
        0.000000003111322  3.362331536062765  22.321520510098630  11.606811036080423  7.772230150779041  0.000121335643310  0.741229755179305  3.288195448825710  13.367451890925878 -154.590224162385994
        0.000000004339168  3.362331536062765  22.321520510098630  11.606811036080423  7.772230150779041  0.000121335643310  0.741229755179305  3.288195399827780  13.367452090116434 -154.590224162385994
        0.000015277678314  3.362331536062765  22.321520510098630  11.606811036080423  7.772230150779041  0.000121335643310  0.741229755179305  3.288195399827780  13.367451890925878 -154.590226465959830
2023-06-01 19:11:56.447725
