/projects/wagner/highthroughput/mick_graphene_paper/3_data/kc_fitting_dft
2022-08-18 08:15:14.247493
energy_inf: -154.89183204249554
     2536.019385218373827  3.416084000000000  20.021583000000000  10.905510700000001  4.275635400000000  0.010010836000000  0.844712200000000  2.936058400000000  14.313258800000000 -154.891832042495537
        0.000000018717218  3.416084050903618  20.021583000000000  10.905510700000001  4.275635400000000  0.010010836000000  0.844712200000000  2.936058400000000  14.313258800000000 -154.891832042495537
        0.000000019282189  3.416084000000000  20.021583298344837  10.905510700000001  4.275635400000000  0.010010836000000  0.844712200000000  2.936058400000000  14.313258800000000 -154.891832042495537
        0.000000002760085  3.416084000000000  20.021583000000000  10.905510862504773  4.275635400000000  0.010010836000000  0.844712200000000  2.936058400000000  14.313258800000000 -154.891832042495537
        0.000000000499340  3.416084000000000  20.021583000000000  10.905510700000001  4.275635463711932  0.010010836000000  0.844712200000000  2.936058400000000  14.313258800000000 -154.891832042495537
        0.000000000455390  3.416084000000000  20.021583000000000  10.905510700000001  4.275635400000000  0.010010850901161  0.844712200000000  2.936058400000000  14.313258800000000 -154.891832042495537
        0.000000007626080  3.416084000000000  20.021583000000000  10.905510700000001  4.275635400000000  0.010010836000000  0.844712214901161  2.936058400000000  14.313258800000000 -154.891832042495537
        0.000000008542471  3.416084000000000  20.021583000000000  10.905510700000001  4.275635400000000  0.010010836000000  0.844712200000000  2.936058443750679  14.313258800000000 -154.891832042495537
        0.000000009622645  3.416084000000000  20.021583000000000  10.905510700000001  4.275635400000000  0.010010836000000  0.844712200000000  2.936058400000000  14.313259013284176 -154.891832042495537
        0.000037775266475  3.416084000000000  20.021583000000000  10.905510700000001  4.275635400000000  0.010010836000000  0.844712200000000  2.936058400000000  14.313258800000000 -154.891834350563698
        0.080428984497379  3.314470263980974  13.163832125212743  6.480591466308386  8.795273745417443  12.433742922314735  0.409515202998149  2.940082263210896  14.170399317556232 -154.891544365201156
        0.000000014880343  3.314470313370430  13.163832125212743  6.480591466308386  8.795273745417443  12.433742922314735  0.409515202998149  2.940082263210896  14.170399317556232 -154.891544365201156
        0.000000014696651  3.314470263980974  13.163832321369126  6.480591466308386  8.795273745417443  12.433742922314735  0.409515202998149  2.940082263210896  14.170399317556232 -154.891544365201156
        0.000000001331906  3.314470263980974  13.163832125212743  6.480591562876724  8.795273745417443  12.433742922314735  0.409515202998149  2.940082263210896  14.170399317556232 -154.891544365201156
        0.000000000392562  3.314470263980974  13.163832125212743  6.480591466308386  8.795273876477236  12.433742922314735  0.409515202998149  2.940082263210896  14.170399317556232 -154.891544365201156
        0.000000002933309  3.314470263980974  13.163832125212743  6.480591466308386  8.795273745417443  12.433743107591942  0.409515202998149  2.940082263210896  14.170399317556232 -154.891544365201156
        0.000000003771167  3.314470263980974  13.163832125212743  6.480591466308386  8.795273745417443  12.433742922314735  0.409515217899310  2.940082263210896  14.170399317556232 -154.891544365201156
        0.000000008505206  3.314470263980974  13.163832125212743  6.480591466308386  8.795273745417443  12.433742922314735  0.409515202998149  2.940082307021536  14.170399317556232 -154.891544365201156
        0.000000004541350  3.314470263980974  13.163832125212743  6.480591466308386  8.795273745417443  12.433742922314735  0.409515202998149  2.940082263210896  14.170399528711636 -154.891544365201156
        0.000037776838808  3.314470263980974  13.163832125212743  6.480591466308386  8.795273745417443  12.433742922314735  0.409515202998149  2.940082263210896  14.170399317556232 -154.891546673265026
        0.036460477915855  3.263297855423851  13.527776366270768  7.065755229461585  9.578531037716154  12.226795035674686  0.443420865757216  2.853000286945496  15.884678024102469 -154.891158683825182
        0.000000016510281  3.263297904050779  13.527776366270768  7.065755229461585  9.578531037716154  12.226795035674686  0.443420865757216  2.853000286945496  15.884678024102469 -154.891158683825182
        0.000000016838047  3.263297855423851  13.527776567850344  7.065755229461585  9.578531037716154  12.226795035674686  0.443420865757216  2.853000286945496  15.884678024102469 -154.891158683825182
        0.000000001180469  3.263297855423851  13.527776366270768  7.065755334749543  9.578531037716154  12.226795035674686  0.443420865757216  2.853000286945496  15.884678024102469 -154.891158683825182
        0.000000000408413  3.263297855423851  13.527776366270768  7.065755229461585  9.578531180447388  12.226795035674686  0.443420865757216  2.853000286945496  15.884678024102469 -154.891158683825182
        0.000000002501899  3.263297855423851  13.527776366270768  7.065755229461585  9.578531037716154  12.226795217868130  0.443420865757216  2.853000286945496  15.884678024102469 -154.891158683825182
        0.000000003058935  3.263297855423851  13.527776366270768  7.065755229461585  9.578531037716154  12.226795035674686  0.443420880658377  2.853000286945496  15.884678024102469 -154.891158683825182
        0.000000008013831  3.263297855423851  13.527776366270768  7.065755229461585  9.578531037716154  12.226795035674686  0.443420865757216  2.853000329458513  15.884678024102469 -154.891158683825182
        0.000000004417943  3.263297855423851  13.527776366270768  7.065755229461585  9.578531037716154  12.226795035674686  0.443420865757216  2.853000286945496  15.884678260802616 -154.891158683825182
        0.000037776580633  3.263297855423851  13.527776366270768  7.065755229461585  9.578531037716154  12.226795035674686  0.443420865757216  2.853000286945496  15.884678024102469 -154.891160991883311
        0.008076485938190  3.255990919000894  16.135008262234489  7.881460339751048  10.649342318768044  11.560552465181905  0.481631273989435  2.888376303102541  16.900198514621824 -154.889903564595500
        0.000000018141445  3.255990967518939  16.135008262234489  7.881460339751048  10.649342318768044  11.560552465181905  0.481631273989435  2.888376303102541  16.900198514621824 -154.889903564595500
        0.000000018591491  3.255990919000894  16.135008502664849  7.881460339751048  10.649342318768044  11.560552465181905  0.481631273989435  2.888376303102541  16.900198514621824 -154.889903564595500
        0.000000001375377  3.255990919000894  16.135008262234489  7.881460457193960  10.649342318768044  11.560552465181905  0.481631273989435  2.888376303102541  16.900198514621824 -154.889903564595500
        0.000000000462413  3.255990919000894  16.135008262234489  7.881460339751048  10.649342477455610  11.560552465181905  0.481631273989435  2.888376303102541  16.900198514621824 -154.889903564595500
        0.000000002176275  3.255990919000894  16.135008262234489  7.881460339751048  10.649342318768044  11.560552637447561  0.481631273989435  2.888376303102541  16.900198514621824 -154.889903564595500
        0.000000002919934  3.255990919000894  16.135008262234489  7.881460339751048  10.649342318768044  11.560552465181905  0.481631288890597  2.888376303102541  16.900198514621824 -154.889903564595500
        0.000000008146019  3.255990919000894  16.135008262234489  7.881460339751048  10.649342318768044  11.560552465181905  0.481631273989435  2.888376346142702  16.900198514621824 -154.889903564595500
        0.000000004942087  3.255990919000894  16.135008262234489  7.881460339751048  10.649342318768044  11.560552465181905  0.481631273989435  2.888376303102541  16.900198766454405 -154.889903564595500
        0.000037775878766  3.255990919000894  16.135008262234489  7.881460339751048  10.649342318768044  11.560552465181905  0.481631273989435  2.888376303102541  16.900198514621824 -154.889905872634927
        0.009247946301857  3.134562303573901  25.517986992900180  9.415335088638532  12.902610581154445  11.096010672081597  0.581750290557441  3.161783169449696  19.030547373486925 -154.889863173538629
        0.007787708927931  3.246157163095608  18.872831541540805  7.958086354116084  10.932162572896086  10.295964113078380  0.523258551308576  3.005321143157805  17.129605917871061 -154.889132730274753
        0.000000018969173  3.246157211467119  18.872831541540805  7.958086354116084  10.932162572896086  10.295964113078380  0.523258551308576  3.005321143157805  17.129605917871061 -154.889132730274753
        0.000000019451181  3.246157163095608  18.872831822767910  7.958086354116084  10.932162572896086  10.295964113078380  0.523258551308576  3.005321143157805  17.129605917871061 -154.889132730274753
        0.000000001554924  3.246157163095608  18.872831541540805  7.958086472700812  10.932162572896086  10.295964113078380  0.523258551308576  3.005321143157805  17.129605917871061 -154.889132730274753
        0.000000000464811  3.246157163095608  18.872831541540805  7.958086354116084  10.932162735798002  10.295964113078380  0.523258551308576  3.005321143157805  17.129605917871061 -154.889132730274753
        0.000000001678291  3.246157163095608  18.872831541540805  7.958086354116084  10.932162572896086  10.295964266500201  0.523258551308576  3.005321143157805  17.129605917871061 -154.889132730274753
        0.000000002881422  3.246157163095608  18.872831541540805  7.958086354116084  10.932162572896086  10.295964113078380  0.523258566209737  3.005321143157805  17.129605917871061 -154.889132730274753
        0.000000007976304  3.246157163095608  18.872831541540805  7.958086354116084  10.932162572896086  10.295964113078380  0.523258551308576  3.005321187940579  17.129605917871061 -154.889132730274753
        0.000000005253318  3.246157163095608  18.872831541540805  7.958086354116084  10.932162572896086  10.295964113078380  0.523258551308576  3.005321143157805  17.129606173122081 -154.889132730274753
        0.000037775729672  3.246157163095608  18.872831541540805  7.958086354116084  10.932162572896086  10.295964113078380  0.523258551308576  3.005321143157805  17.129605917871061 -154.889135038302697
        0.001803246289593  3.228985158191962  20.989124827768510  8.402796441569603  11.693623181211239  9.652510901998895  0.545451365963719  3.032866442545834  17.542987994945232 -154.889113120524314
        0.000000019282162  3.228985206307591  20.989124827768510  8.402796441569603  11.693623181211239  9.652510901998895  0.545451365963719  3.032866442545834  17.542987994945232 -154.889113120524314
        0.000000019821329  3.228985158191962  20.989125140530842  8.402796441569603  11.693623181211239  9.652510901998895  0.545451365963719  3.032866442545834  17.542987994945232 -154.889113120524314
        0.000000001640683  3.228985158191962  20.989124827768510  8.402796566781026  11.693623181211239  9.652510901998895  0.545451365963719  3.032866442545834  17.542987994945232 -154.889113120524314
        0.000000000476619  3.228985158191962  20.989124827768510  8.402796441569603  11.693623355459803  9.652510901998895  0.545451365963719  3.032866442545834  17.542987994945232 -154.889113120524314
        0.000000001389917  3.228985158191962  20.989124827768510  8.402796441569603  11.693623181211239  9.652511045832515  0.545451365963719  3.032866442545834  17.542987994945232 -154.889113120524314
        0.000000003145434  3.228985158191962  20.989124827768510  8.402796441569603  11.693623181211239  9.652510901998895  0.545451380864880  3.032866442545834  17.542987994945232 -154.889113120524314
        0.000000008179008  3.228985158191962  20.989124827768510  8.402796441569603  11.693623181211239  9.652510901998895  0.545451365963719  3.032866487739066  17.542987994945232 -154.889113120524314
        0.000000005216888  3.228985158191962  20.989124827768510  8.402796441569603  11.693623181211239  9.652510901998895  0.545451365963719  3.032866442545834  17.542988256356125 -154.889113120524314
        0.000037775790620  3.228985158191962  20.989124827768510  8.402796441569603  11.693623181211239  9.652510901998895  0.545451365963719  3.032866442545834  17.542987994945232 -154.889115428551946
        0.001697281387795  3.188008129019486  24.989671465180390  9.309403391702268  13.306577779387851  8.627487254853364  0.576540432959478  3.111819093291488  18.131197470341302 -154.889489021814796
        0.000000019259418  3.188008176524509  24.989671465180390  9.309403391702268  13.306577779387851  8.627487254853364  0.576540432959478  3.111819093291488  18.131197470341302 -154.889489021814796
        0.000000019840547  3.188008129019486  24.989671837555512  9.309403391702268  13.306577779387851  8.627487254853364  0.576540432959478  3.111819093291488  18.131197470341302 -154.889489021814796
        0.000000001716896  3.188008129019486  24.989671465180390  9.309403530423189  13.306577779387851  8.627487254853364  0.576540432959478  3.111819093291488  18.131197470341302 -154.889489021814796
        0.000000000486392  3.188008129019486  24.989671465180390  9.309403391702268  13.306577977671312  8.627487254853364  0.576540432959478  3.111819093291488  18.131197470341302 -154.889489021814796
        0.000000000919184  3.188008129019486  24.989671465180390  9.309403391702268  13.306577779387851  8.627487383412943  0.576540432959478  3.111819093291488  18.131197470341302 -154.889489021814796
        0.000000003653320  3.188008129019486  24.989671465180390  9.309403391702268  13.306577779387851  8.627487254853364  0.576540447860640  3.111819093291488  18.131197470341302 -154.889489021814796
        0.000000008391479  3.188008129019486  24.989671465180390  9.309403391702268  13.306577779387851  8.627487254853364  0.576540432959478  3.111819139661206  18.131197470341302 -154.889489021814796
        0.000000004844064  3.188008129019486  24.989671465180390  9.309403391702268  13.306577779387851  8.627487254853364  0.576540432959478  3.111819093291488  18.131197740517198 -154.889489021814796
        0.000037776234690  3.188008129019486  24.989671465180390  9.309403391702268  13.306577779387851  8.627487254853364  0.576540432959478  3.111819093291488  18.131197470341302 -154.889491329848028
        0.001625877636072  3.181882741481906  26.185788237731902  9.791299355978103  14.073368123989399  8.092091456566768  0.575833400433153  3.130586891536894  18.188314579831179 -154.889590671592430
        0.000000019371629  3.181882788895654  26.185788237731902  9.791299355978103  14.073368123989399  8.092091456566768  0.575833400433153  3.130586891536894  18.188314579831179 -154.889590671592430
        0.000000019962642  3.181882741481906  26.185788627930553  9.791299355978103  14.073368123989399  8.092091456566768  0.575833400433153  3.130586891536894  18.188314579831179 -154.889590671592430
        0.000000001761647  3.181882741481906  26.185788237731902  9.791299501879832  14.073368123989399  8.092091456566768  0.575833400433153  3.130586891536894  18.188314579831179 -154.889590671592430
        0.000000000503773  3.181882741481906  26.185788237731902  9.791299355978103  14.073368333698925  8.092091456566768  0.575833400433153  3.130586891536894  18.188314579831179 -154.889590671592430
        0.000000000803342  3.181882741481906  26.185788237731902  9.791299355978103  14.073368123989399  8.092091577148327  0.575833400433153  3.130586891536894  18.188314579831179 -154.889590671592430
        0.000000003895787  3.181882741481906  26.185788237731902  9.791299355978103  14.073368123989399  8.092091456566768  0.575833415334314  3.130586891536894  18.188314579831179 -154.889590671592430
        0.000000008431524  3.181882741481906  26.185788237731902  9.791299355978103  14.073368123989399  8.092091456566768  0.575833400433153  3.130586938186274  18.188314579831179 -154.889590671592430
        0.000000004852418  3.181882741481906  26.185788237731902  9.791299355978103  14.073368123989399  8.092091456566768  0.575833400433153  3.130586891536894  18.188314850858188 -154.889590671592430
        0.000037776325796  3.181882741481906  26.185788237731902  9.791299355978103  14.073368123989399  8.092091456566768  0.575833400433153  3.130586891536894  18.188314579831179 -154.889592979627196
        0.002032748654997  3.188844996594373  27.164695881544652  9.644717932757359  14.147216241838152  5.394074446515181  0.605994446785563  3.195038291177292  17.274952340713437 -154.889955639462698
        0.000000019078131  3.188845044111866  27.164695881544652  9.644717932757359  14.147216241838152  5.394074446515181  0.605994446785563  3.195038291177292  17.274952340713437 -154.889955639462698
        0.000000019681241  3.188844996594373  27.164696286330166  9.644717932757359  14.147216241838152  5.394074446515181  0.605994446785563  3.195038291177292  17.274952340713437 -154.889955639462698
        0.000000001865447  3.188844996594373  27.164695881544652  9.644718076474856  14.147216241838152  5.394074446515181  0.605994446785563  3.195038291177292  17.274952340713437 -154.889955639462698
        0.000000000531583  3.188844996594373  27.164695881544652  9.644717932757359  14.147216452648101  5.394074446515181  0.605994446785563  3.195038291177292  17.274952340713437 -154.889955639462698
        0.000000000454550  3.188844996594373  27.164695881544652  9.644717932757359  14.147216241838152  5.394074526893154  0.605994446785563  3.195038291177292  17.274952340713437 -154.889955639462698
        0.000000004637788  3.188844996594373  27.164695881544652  9.644717932757359  14.147216241838152  5.394074446515181  0.605994461686725  3.195038291177292  17.274952340713437 -154.889955639462698
        0.000000008273748  3.188844996594373  27.164695881544652  9.644717932757359  14.147216241838152  5.394074446515181  0.605994446785563  3.195038338787072  17.274952340713437 -154.889955639462698
        0.000000005056195  3.188844996594373  27.164695881544652  9.644717932757359  14.147216241838152  5.394074446515181  0.605994446785563  3.195038291177292  17.274952598130287 -154.889955639462698
        0.000037776709771  3.188844996594373  27.164695881544652  9.644717932757359  14.147216241838152  5.394074446515181  0.605994446785563  3.195038291177292  17.274952340713437 -154.889957947502893
        0.001289748656072  3.186959357483902  27.447689556957890  9.745784265059640  14.629047584890490  5.159945414352511  0.602127198112790  3.212084411361008  17.234097789679694 -154.890023673361583
        0.000000019142329  3.186959404973297  27.447689556957890  9.745784265059640  14.629047584890490  5.159945414352511  0.602127198112790  3.212084411361008  17.234097789679694 -154.890023673361583
        0.000000019740767  3.186959357483902  27.447689965960336  9.745784265059640  14.629047584890490  5.159945414352511  0.602127198112790  3.212084411361008  17.234097789679694 -154.890023673361583
        0.000000001869928  3.186959357483902  27.447689556957890  9.745784410283143  14.629047584890490  5.159945414352511  0.602127198112790  3.212084411361008  17.234097789679694 -154.890023673361583
        0.000000000548630  3.186959357483902  27.447689556957890  9.745784265059640  14.629047802880287  5.159945414352511  0.602127198112790  3.212084411361008  17.234097789679694 -154.890023673361583
        0.000000000455626  3.186959357483902  27.447689556957890  9.745784265059640  14.629047584890490  5.159945491241690  0.602127198112790  3.212084411361008  17.234097789679694 -154.890023673361583
        0.000000004697169  3.186959357483902  27.447689556957890  9.745784265059640  14.629047584890490  5.159945414352511  0.602127213013952  3.212084411361008  17.234097789679694 -154.890023673361583
        0.000000008225975  3.186959357483902  27.447689556957890  9.745784265059640  14.629047584890490  5.159945414352511  0.602127198112790  3.212084459224795  17.234097789679694 -154.890023673361583
        0.000000005064036  3.186959357483902  27.447689556957890  9.745784265059640  14.629047584890490  5.159945414352511  0.602127198112790  3.212084411361008  17.234098046487762 -154.890023673361583
        0.000037776770981  3.186959357483902  27.447689556957890  9.745784265059640  14.629047584890490  5.159945414352511  0.602127198112790  3.212084411361008  17.234097789679694 -154.890025981402800
        0.001482435499312  3.193730547223231  28.338846977768963  9.448676354421107  15.103035554578168  2.683225933428579  0.629276333100138  3.254879636655446  16.581583291330066 -154.890271726741673
        0.000000018966521  3.193730594813524  28.338846977768963  9.448676354421107  15.103035554578168  2.683225933428579  0.629276333100138  3.254879636655446  16.581583291330066 -154.890271726741673
        0.000000019590615  3.193730547223231  28.338847400050689  9.448676354421107  15.103035554578168  2.683225933428579  0.629276333100138  3.254879636655446  16.581583291330066 -154.890271726741673
        0.000000001980007  3.193730547223231  28.338846977768963  9.448676495217356  15.103035554578168  2.683225933428579  0.629276333100138  3.254879636655446  16.581583291330066 -154.890271726741673
        0.000000000615169  3.193730547223231  28.338846977768963  9.448676354421107  15.103035779630936  2.683225933428579  0.629276333100138  3.254879636655446  16.581583291330066 -154.890271726741673
        0.000000000591115  3.193730547223231  28.338846977768963  9.448676354421107  15.103035554578168  2.683225973411761  0.629276333100138  3.254879636655446  16.581583291330066 -154.890271726741673
        0.000000005468259  3.193730547223231  28.338846977768963  9.448676354421107  15.103035554578168  2.683225933428579  0.629276348001299  3.254879636655446  16.581583291330066 -154.890271726741673
        0.000000008209281  3.193730547223231  28.338846977768963  9.448676354421107  15.103035554578168  2.683225933428579  0.629276333100138  3.254879685156932  16.581583291330066 -154.890271726741673
        0.000000005266417  3.193730547223231  28.338846977768963  9.448676354421107  15.103035554578168  2.683225933428579  0.629276333100138  3.254879636655446  16.581583538414911 -154.890271726741673
        0.000037777022739  3.193730547223231  28.338846977768963  9.448676354421107  15.103035554578168  2.683225933428579  0.629276333100138  3.254879636655446  16.581583291330066 -154.890274034786586
        0.000915747645504  3.194110182103810  28.340892075066026  9.334674886625780  15.480323749029628  2.592688416891782  0.625395084951990  3.259908863349027  16.546960713702230 -154.890292256455751
        0.000000019017087  3.194110229699761  28.340892075066026  9.334674886625780  15.480323749029628  2.592688416891782  0.625395084951990  3.259908863349027  16.546960713702230 -154.890292256455751
        0.000000019641200  3.194110182103810  28.340892497378228  9.334674886625780  15.480323749029628  2.592688416891782  0.625395084951990  3.259908863349027  16.546960713702230 -154.890292256455751
        0.000000001981517  3.194110182103810  28.340892075066026  9.334675025723275  15.480323749029628  2.592688416891782  0.625395084951990  3.259908863349027  16.546960713702230 -154.890292256455751
        0.000000000638399  3.194110182103810  28.340892075066026  9.334674886625780  15.480323979704428  2.592688416891782  0.625395084951990  3.259908863349027  16.546960713702230 -154.890292256455751
        0.000000000621449  3.194110182103810  28.340892075066026  9.334674886625780  15.480323749029628  2.592688455525850  0.625395084951990  3.259908863349027  16.546960713702230 -154.890292256455751
        0.000000005501088  3.194110182103810  28.340892075066026  9.334674886625780  15.480323749029628  2.592688416891782  0.625395099853152  3.259908863349027  16.546960713702230 -154.890292256455751
        0.000000008193469  3.194110182103810  28.340892075066026  9.334674886625780  15.480323749029628  2.592688416891782  0.625395084951990  3.259908911925454  16.546960713702230 -154.890292256455751
        0.000000005288569  3.194110182103810  28.340892075066026  9.334674886625780  15.480323749029628  2.592688416891782  0.625395084951990  3.259908863349027  16.546960960271161 -154.890292256455751
        0.000037777037919  3.194110182103810  28.340892075066026  9.334674886625780  15.480323749029628  2.592688416891782  0.625395084951990  3.259908863349027  16.546960713702230 -154.890294564500977
        0.000724219686100  3.204695675880756  28.317215599119368  7.816240391640608  16.705085826139154  1.015893609655523  0.635482651286991  3.281978999948262  16.002228857856245 -154.890417990355132
        0.000000018931574  3.204695723634443  28.317215599119368  7.816240391640608  16.705085826139154  1.015893609655523  0.635482651286991  3.281978999948262  16.002228857856245 -154.890417990355132
        0.000000019565520  3.204695675880756  28.317216021078764  7.816240391640608  16.705085826139154  1.015893609655523  0.635482651286991  3.281978999948262  16.002228857856245 -154.890417990355132
        0.000000002068229  3.204695675880756  28.317215599119368  7.816240508111666  16.705085826139154  1.015893609655523  0.635482651286991  3.281978999948262  16.002228857856245 -154.890417990355132
        0.000000000799984  3.204695675880756  28.317215599119368  7.816240391640608  16.705086075064330  1.015893609655523  0.635482651286991  3.281978999948262  16.002228857856245 -154.890417990355132
        0.000000000934858  3.204695675880756  28.317215599119368  7.816240391640608  16.705085826139154  1.015893624793517  0.635482651286991  3.281978999948262  16.002228857856245 -154.890417990355132
        0.000000006052985  3.204695675880756  28.317215599119368  7.816240391640608  16.705085826139154  1.015893609655523  0.635482666188152  3.281978999948262  16.002228857856245 -154.890417990355132
        0.000000008185906  3.204695675880756  28.317215599119368  7.816240391640608  16.705085826139154  1.015893609655523  0.635482651286991  3.281979048853561  16.002228857856245 -154.890417990355132
        0.000000005492533  3.204695675880756  28.317215599119368  7.816240391640608  16.705085826139154  1.015893609655523  0.635482651286991  3.281978999948262  16.002229096308039 -154.890417990355132
        0.000037777166818  3.204695675880756  28.317215599119368  7.816240391640608  16.705085826139154  1.015893609655523  0.635482651286991  3.281978999948262  16.002228857856245 -154.890420298402205
        0.000281022991399  3.206179757831086  28.223239049215895  6.959173591915782  17.479359073113528  0.951620021796750  0.631192882279123  3.286991600227365  15.932575591325369 -154.890437985105734
        0.000000018931210  3.206179805606888  28.223239049215895  6.959173591915782  17.479359073113528  0.951620021796750  0.631192882279123  3.286991600227365  15.932575591325369 -154.890437985105734
        0.000000019555490  3.206179757831086  28.223239469774928  6.959173591915782  17.479359073113528  0.951620021796750  0.631192882279123  3.286991600227365  15.932575591325369 -154.890437985105734
        0.000000002078175  3.206179757831086  28.223239049215895  6.959173695615550  17.479359073113528  0.951620021796750  0.631192882279123  3.286991600227365  15.932575591325369 -154.890437985105734
        0.000000000877791  3.206179757831086  28.223239049215895  6.959173591915782  17.479359333576276  0.951620021796750  0.631192882279123  3.286991600227365  15.932575591325369 -154.890437985105734
        0.000000000984318  3.206179757831086  28.223239049215895  6.959173591915782  17.479359073113528  0.951620036697911  0.631192882279123  3.286991600227365  15.932575591325369 -154.890437985105734
        0.000000006085846  3.206179757831086  28.223239049215895  6.959173591915782  17.479359073113528  0.951620021796750  0.631192897180284  3.286991600227365  15.932575591325369 -154.890437985105734
        0.000000008182477  3.206179757831086  28.223239049215895  6.959173591915782  17.479359073113528  0.951620021796750  0.631192882279123  3.286991649207356  15.932575591325369 -154.890437985105734
        0.000000005512659  3.206179757831086  28.223239049215895  6.959173591915782  17.479359073113528  0.951620021796750  0.631192882279123  3.286991600227365  15.932575828739246 -154.890437985105734
        0.000037777183290  3.206179757831086  28.223239049215895  6.959173591915782  17.479359073113528  0.951620021796750  0.631192882279123  3.286991600227365  15.932575591325369 -154.890440293153119
        0.000358638906346  3.191368083430207  30.021795228028900  5.641900045293839  20.123666181211867  0.322537228946743  0.630659548108000  3.300738820555297  16.257442095412028 -154.890508216712078
        0.000000018972032  3.191368130985297  30.021795228028900  5.641900045293839  20.123666181211867  0.322537228946743  0.630659548108000  3.300738820555297  16.257442095412028 -154.890508216712078
        0.000000019610515  3.191368083430207  30.021795675388510  5.641900045293839  20.123666181211867  0.322537228946743  0.630659548108000  3.300738820555297  16.257442095412028 -154.890508216712078
        0.000000002124060  3.191368083430207  30.021795228028900  5.641900129364702  20.123666181211867  0.322537228946743  0.630659548108000  3.300738820555297  16.257442095412028 -154.890508216712078
        0.000000001038877  3.191368083430207  30.021795228028900  5.641900045293839  20.123666481077862  0.322537228946743  0.630659548108000  3.300738820555297  16.257442095412028 -154.890508216712078
        0.000000001095726  3.191368083430207  30.021795228028900  5.641900045293839  20.123666181211867  0.322537243847904  0.630659548108000  3.300738820555297  16.257442095412028 -154.890508216712078
        0.000000006242004  3.191368083430207  30.021795228028900  5.641900045293839  20.123666181211867  0.322537228946743  0.630659563009161  3.300738820555297  16.257442095412028 -154.890508216712078
        0.000000008375510  3.191368083430207  30.021795228028900  5.641900045293839  20.123666181211867  0.322537228946743  0.630659548108000  3.300738869740138  16.257442095412028 -154.890508216712078
        0.000000005392651  3.191368083430207  30.021795228028900  5.641900045293839  20.123666181211867  0.322537228946743  0.630659548108000  3.300738820555297  16.257442337666792 -154.890508216712078
        0.000037777254884  3.191368083430207  30.021795228028900  5.641900045293839  20.123666181211867  0.322537228946743  0.630659548108000  3.300738820555297  16.257442095412028 -154.890510524760515
        0.000114547138506  3.191097837900606  30.269574812306594  6.415355623460853  19.742272580261361  0.002144224490616  0.636022201777382  3.300834415397191  16.253665296172681 -154.890515266427570
        0.000000018972182  3.191097885451669  30.269574812306594  6.415355623460853  19.742272580261361  0.002144224490616  0.636022201777382  3.300834415397191  16.253665296172681 -154.890515266427570
        0.000000019623996  3.191097837900606  30.269575263358409  6.415355623460853  19.742272580261361  0.002144224490616  0.636022201777382  3.300834415397191  16.253665296172681 -154.890515266427570
        0.000000002134993  3.191097837900606  30.269574812306594  6.415355719057101  19.742272580261361  0.002144224490616  0.636022201777382  3.300834415397191  16.253665296172681 -154.890515266427570
        0.000000000996562  3.191097837900606  30.269574812306594  6.415355623460853  19.742272874444147  0.002144224490616  0.636022201777382  3.300834415397191  16.253665296172681 -154.890515266427570
        0.000000001080438  3.191097837900606  30.269574812306594  6.415355623460853  19.742272580261361  0.002144239391777  0.636022201777382  3.300834415397191  16.253665296172681 -154.890515266427570
        0.000000006308805  3.191097837900606  30.269574812306594  6.415355623460853  19.742272580261361  0.002144224490616  0.636022216678543  3.300834415397191  16.253665296172681 -154.890515266427570
        0.000000008414419  3.191097837900606  30.269574812306594  6.415355623460853  19.742272580261361  0.002144224490616  0.636022201777382  3.300834464583457  16.253665296172681 -154.890515266427570
        0.000000005413848  3.191097837900606  30.269574812306594  6.415355623460853  19.742272580261361  0.002144224490616  0.636022201777382  3.300834415397191  16.253665538371166 -154.890515266427570
        0.000037777261554  3.191097837900606  30.269574812306594  6.415355623460853  19.742272580261361  0.002144224490616  0.636022201777382  3.300834415397191  16.253665296172681 -154.890517574476092
        0.000086099878417  3.192206314414591  30.190188441057494  5.888025617194524  20.107119705301280  0.001679845218655  0.634202023175129  3.301982694600589  16.218309988336951 -154.890518030375830
        0.000000018969711  3.192206361982172  30.190188441057494  5.888025617194524  20.107119705301280  0.001679845218655  0.634202023175129  3.301982694600589  16.218309988336951 -154.890518030375830
        0.000000019615909  3.192206314414591  30.190188890926358  5.888025617194524  20.107119705301280  0.001679845218655  0.634202023175129  3.301982694600589  16.218309988336951 -154.890518030375830
        0.000000002141984  3.192206314414591  30.190188441057494  5.888025704932943  20.107119705301280  0.001679845218655  0.634202023175129  3.301982694600589  16.218309988336951 -154.890518030375830
        0.000000001037668  3.192206314414591  30.190188441057494  5.888025617194524  20.107120004920713  0.001679845218655  0.634202023175129  3.301982694600589  16.218309988336951 -154.890518030375830
        0.000000001103504  3.192206314414591  30.190188441057494  5.888025617194524  20.107119705301280  0.001679860119816  0.634202023175129  3.301982694600589  16.218309988336951 -154.890518030375830
        0.000000006322015  3.192206314414591  30.190188441057494  5.888025617194524  20.107119705301280  0.001679845218655  0.634202038076291  3.301982694600589  16.218309988336951 -154.890518030375830
        0.000000008414452  3.192206314414591  30.190188441057494  5.888025617194524  20.107119705301280  0.001679845218655  0.634202023175129  3.301982743803965  16.218309988336951 -154.890518030375830
        0.000000005425895  3.192206314414591  30.190188441057494  5.888025617194524  20.107119705301280  0.001679845218655  0.634202023175129  3.301982694600589  16.218310230008601 -154.890518030375830
        0.000037777263147  3.192206314414591  30.190188441057494  5.888025617194524  20.107119705301280  0.001679845218655  0.634202023175129  3.301982694600589  16.218309988336951 -154.890520338424409
        0.000072106813568  3.184675265044876  30.938048763141509  5.249731721829393  21.248633412115179  0.000689954630001  0.631385159649114  3.305010665007106  16.428082565153115 -154.890529755519253
        0.000000018996701  3.184675312500236  30.938048763141509  5.249731721829393  21.248633412115179  0.000689954630001  0.631385159649114  3.305010665007106  16.428082565153115 -154.890529755519253
        0.000000019644080  3.184675265044876  30.938049224154362  5.249731721829393  21.248633412115179  0.000689954630001  0.631385159649114  3.305010665007106  16.428082565153115 -154.890529755519253
        0.000000002147851  3.184675265044876  30.938048763141509  5.249731800056492  21.248633412115179  0.000689954630001  0.631385159649114  3.305010665007106  16.428082565153115 -154.890529755519253
        0.000000001096615  3.184675265044876  30.938048763141509  5.249731721829393  21.248633728744490  0.000689954630001  0.631385159649114  3.305010665007106  16.428082565153115 -154.890529755519253
        0.000000001139261  3.184675265044876  30.938048763141509  5.249731721829393  21.248633412115179  0.000689969531162  0.631385159649114  3.305010665007106  16.428082565153115 -154.890529755519253
        0.000000006329797  3.184675265044876  30.938048763141509  5.249731721829393  21.248633412115179  0.000689954630001  0.631385174550275  3.305010665007106  16.428082565153115 -154.890529755519253
        0.000000008484172  3.184675265044876  30.938048763141509  5.249731721829393  21.248633412115179  0.000689954630001  0.631385159649114  3.305010714255602  16.428082565153115 -154.890529755519253
        0.000000005344679  3.184675265044876  30.938048763141509  5.249731721829393  21.248633412115179  0.000689954630001  0.631385159649114  3.305010665007106  16.428082809950620 -154.890529755519253
        0.000037777275323  3.184675265044876  30.938048763141509  5.249731721829393  21.248633412115179  0.000689954630001  0.631385159649114  3.305010665007106  16.428082565153115 -154.890532063568003
        0.000078142270949  3.184673232910375  30.940160017844125  5.257996998846425  21.244145292693204  0.002153076564211  0.631434769075867  3.305005880400606  16.428071841943488 -154.890529797574004
        0.000000018993586  3.184673280365704  30.940160017844125  5.257996998846425  21.244145292693204  0.002153076564211  0.631434769075867  3.305005880400606  16.428071841943488 -154.890529797574004
        0.000000019640505  3.184673232910375  30.940160478888437  5.257996998846425  21.244145292693204  0.002153076564211  0.631434769075867  3.305005880400606  16.428071841943488 -154.890529797574004
        0.000000002147941  3.184673232910375  30.940160017844125  5.257997077196686  21.244145292693204  0.002153076564211  0.631434769075867  3.305005880400606  16.428071841943488 -154.890529797574004
        0.000000001096160  3.184673232910375  30.940160017844125  5.257996998846425  21.244145609255639  0.002153076564211  0.631434769075867  3.305005880400606  16.428071841943488 -154.890529797574004
        0.000000001139076  3.184673232910375  30.940160017844125  5.257996998846425  21.244145292693204  0.002153091465372  0.631434769075867  3.305005880400606  16.428071841943488 -154.890529797574004
        0.000000006330353  3.184673232910375  30.940160017844125  5.257996998846425  21.244145292693204  0.002153076564211  0.631434783977028  3.305005880400606  16.428071841943488 -154.890529797574004
        0.000000008485461  3.184673232910375  30.940160017844125  5.257996998846425  21.244145292693204  0.002153076564211  0.631434769075867  3.305005929649032  16.428071841943488 -154.890529797574004
        0.000000005343946  3.184673232910375  30.940160017844125  5.257996998846425  21.244145292693204  0.002153076564211  0.631434769075867  3.305005880400606  16.428072086740833 -154.890529797574004
        0.000037777275361  3.184673232910375  30.940160017844125  5.257996998846425  21.244145292693204  0.002153076564211  0.631434769075867  3.305005880400606  16.428071841943488 -154.890532105622754
        0.000042489183378  3.183244642078977  31.091618672433174  5.154633030138958  21.449074412756882  0.000234660021517  0.631082733669564  3.305395150273544  16.470715333983691 -154.890531243385055
        0.000000018998301  3.183244689513019  31.091618672433174  5.154633030138958  21.449074412756882  0.000234660021517  0.631082733669564  3.305395150273544  16.470715333983691 -154.890531243385055
        0.000000019645530  3.183244642078977  31.091619135734398  5.154633030138958  21.449074412756882  0.000234660021517  0.631082733669564  3.305395150273544  16.470715333983691 -154.890531243385055
        0.000000002149501  3.183244642078977  31.091618672433174  5.154633106948976  21.449074412756882  0.000234660021517  0.631082733669564  3.305395150273544  16.470715333983691 -154.890531243385055
        0.000000001105936  3.183244642078977  31.091618672433174  5.154633030138958  21.449074732372999  0.000234660021517  0.631082733669564  3.305395150273544  16.470715333983691 -154.890531243385055
        0.000000001145169  3.183244642078977  31.091618672433174  5.154633030138958  21.449074412756882  0.000234674922678  0.631082733669564  3.305395150273544  16.470715333983691 -154.890531243385055
        0.000000006333492  3.183244642078977  31.091618672433174  5.154633030138958  21.449074412756882  0.000234660021517  0.631082748570725  3.305395150273544  16.470715333983691 -154.890531243385055
        0.000000008501241  3.183244642078977  31.091618672433174  5.154633030138958  21.449074412756882  0.000234660021517  0.631082733669564  3.305395199527770  16.470715333983691 -154.890531243385055
        0.000000005328860  3.183244642078977  31.091618672433174  5.154633030138958  21.449074412756882  0.000234660021517  0.631082733669564  3.305395150273544  16.470715579416474 -154.890531243385055
        0.000037777276524  3.183244642078977  31.091618672433174  5.154633030138958  21.449074412756882  0.000234660021517  0.631082733669564  3.305395150273544  16.470715333983691 -154.890533551433833
        0.000039485001981  3.185204570530367  30.892688057137942  4.914276942239789  21.476047871439594  0.000131248012738  0.630437920241162  3.306072614403099  16.406221331221186 -154.890533824889729
        0.000000018989411  3.185204617993613  30.892688057137942  4.914276942239789  21.476047871439594  0.000131248012738  0.630437920241162  3.306072614403099  16.406221331221186 -154.890533824889729
        0.000000019632916  3.185204570530367  30.892688517474866  4.914276942239789  21.476047871439594  0.000131248012738  0.630437920241162  3.306072614403099  16.406221331221186 -154.890533824889729
        0.000000002151515  3.185204570530367  30.892688057137942  4.914277015468222  21.476047871439594  0.000131248012738  0.630437920241162  3.306072614403099  16.406221331221186 -154.890533824889729
        0.000000001121496  3.185204570530367  30.892688057137942  4.914276942239789  21.476048191457643  0.000131248012738  0.630437920241162  3.306072614403099  16.406221331221186 -154.890533824889729
        0.000000001152952  3.185204570530367  30.892688057137942  4.914276942239789  21.476047871439594  0.000131262913899  0.630437920241162  3.306072614403099  16.406221331221186 -154.890533824889729
        0.000000006334723  3.185204570530367  30.892688057137942  4.914276942239789  21.476047871439594  0.000131248012738  0.630437935142323  3.306072614403099  16.406221331221186 -154.890533824889729
        0.000000008482227  3.185204570530367  30.892688057137942  4.914276942239789  21.476047871439594  0.000131248012738  0.630437920241162  3.306072663667420  16.406221331221186 -154.890533824889729
        0.000000005348521  3.185204570530367  30.892688057137942  4.914276942239789  21.476047871439594  0.000131248012738  0.630437920241162  3.306072614403099  16.406221575692935 -154.890533824889729
        0.000037777278616  3.185204570530367  30.892688057137942  4.914276942239789  21.476047871439594  0.000131248012738  0.630437920241162  3.306072614403099  16.406221331221186 -154.890536132938536
        0.000035948854588  3.183235401239356  31.094304484642187  4.897156873586176  21.655366014508527  0.000052650660025  0.630276332698694  3.306253228690688  16.466067751473766 -154.890534472311799
        0.000000018997046  3.183235448673260  31.094304484642187  4.897156873586176  21.655366014508527  0.000052650660025  0.630276332698694  3.306253228690688  16.466067751473766 -154.890534472311799
        0.000000019642124  3.183235401239356  31.094304947983431  4.897156873586176  21.655366014508527  0.000052650660025  0.630276332698694  3.306253228690688  16.466067751473766 -154.890534472311799
        0.000000002151928  3.183235401239356  31.094304484642187  4.897156946559500  21.655366014508527  0.000052650660025  0.630276332698694  3.306253228690688  16.466067751473766 -154.890534472311799
        0.000000001125113  3.183235401239356  31.094304484642187  4.897156873586176  21.655366337198625  0.000052650660025  0.630276332698694  3.306253228690688  16.466067751473766 -154.890534472311799
        0.000000001155767  3.183235401239356  31.094304484642187  4.897156873586176  21.655366014508527  0.000052665561186  0.630276332698694  3.306253228690688  16.466067751473766 -154.890534472311799
        0.000000006335937  3.183235401239356  31.094304484642187  4.897156873586176  21.655366014508527  0.000052650660025  0.630276347599855  3.306253228690688  16.466067751473766 -154.890534472311799
        0.000000008501611  3.183235401239356  31.094304484642187  4.897156873586176  21.655366014508527  0.000052650660025  0.630276332698694  3.306253277957700  16.466067751473766 -154.890534472311799
        0.000000005327909  3.183235401239356  31.094304484642187  4.897156873586176  21.655366014508527  0.000052650660025  0.630276332698694  3.306253228690688  16.466067996837296 -154.890534472311799
        0.000037777279599  3.183235401239356  31.094304484642187  4.897156873586176  21.655366014508527  0.000052650660025  0.630276332698694  3.306253228690688  16.466067751473766 -154.890536780360634
        0.000038206643801  3.183344014715067  31.083650972659608  4.890545463129307  21.651899876178316  0.000009037539149  0.630260985670930  3.306275693905895  16.462647576199739 -154.890534557937315
        0.000000018996498  3.183344062150589  31.083650972659608  4.890545463129307  21.651899876178316  0.000009037539149  0.630260985670930  3.306275693905895  16.462647576199739 -154.890534557937315
        0.000000019641402  3.183344014715067  31.083651435842103  4.890545463129307  21.651899876178316  0.000009037539149  0.630260985670930  3.306275693905895  16.462647576199739 -154.890534557937315
        0.000000002152020  3.183344014715067  31.083650972659608  4.890545536004113  21.651899876178316  0.000009037539149  0.630260985670930  3.306275693905895  16.462647576199739 -154.890534557937315
        0.000000001125502  3.183344014715067  31.083650972659608  4.890545463129307  21.651900198816765  0.000009037539149  0.630260985670930  3.306275693905895  16.462647576199739 -154.890534557937315
        0.000000001155939  3.183344014715067  31.083650972659608  4.890545463129307  21.651899876178316  0.000009052440310  0.630260985670930  3.306275693905895  16.462647576199739 -154.890534557937315
        0.000000006336031  3.183344014715067  31.083650972659608  4.890545463129307  21.651899876178316  0.000009037539149  0.630261000572091  3.306275693905895  16.462647576199739 -154.890534557937315
        0.000000008500635  3.183344014715067  31.083650972659608  4.890545463129307  21.651899876178316  0.000009037539149  0.630260985670930  3.306275743173242  16.462647576199739 -154.890534557937315
        0.000000005329032  3.183344014715067  31.083650972659608  4.890545463129307  21.651899876178316  0.000009037539149  0.630260985670930  3.306275693905895  16.462647821512306 -154.890534557937315
        0.000037777279611  3.183344014715067  31.083650972659608  4.890545463129307  21.651899876178316  0.000009037539149  0.630260985670930  3.306275693905895  16.462647576199739 -154.890536865986149
        0.000037730933266  3.183192156778857  31.099458426647299  4.900680086253759  21.656793270535928  0.000002106420927  0.630287142527178  3.306243471860514  16.467618570788030 -154.890534415884389
        0.000000018997176  3.183192204212116  31.099458426647299  4.900680086253759  21.656793270535928  0.000002106420927  0.630287142527178  3.306243471860514  16.467618570788030 -154.890534415884389
        0.000000019642308  3.183192156778857  31.099458890065343  4.900680086253759  21.656793270535928  0.000002106420927  0.630287142527178  3.306243471860514  16.467618570788030 -154.890534415884389
        0.000000002151961  3.183192156778857  31.099458426647299  4.900680159279583  21.656793270535928  0.000002106420927  0.630287142527178  3.306243471860514  16.467618570788030 -154.890534415884389
        0.000000001124948  3.183192156778857  31.099458426647299  4.900680086253759  21.656793593247297  0.000002106420927  0.630287142527178  3.306243471860514  16.467618570788030 -154.890534415884389
        0.000000001155727  3.183192156778857  31.099458426647299  4.900680086253759  21.656793270535928  0.000002121322088  0.630287142527178  3.306243471860514  16.467618570788030 -154.890534415884389
        0.000000006336132  3.183192156778857  31.099458426647299  4.900680086253759  21.656793270535928  0.000002106420927  0.630287157428340  3.306243471860514  16.467618570788030 -154.890534415884389
        0.000000008502275  3.183192156778857  31.099458426647299  4.900680086253759  21.656793270535928  0.000002106420927  0.630287142527178  3.306243521127382  16.467618570788030 -154.890534415884389
        0.000000005327494  3.183192156778857  31.099458426647299  4.900680086253759  21.656793270535928  0.000002106420927  0.630287142527178  3.306243471860514  16.467618816174667 -154.890534415884389
        0.000037777279505  3.183192156778857  31.099458426647299  4.900680086253759  21.656793270535928  0.000002106420927  0.630287142527178  3.306243471860514  16.467618570788030 -154.890536723933224
2022-08-18 11:04:24.794225
