/projects/wagner/highthroughput/mick_graphene_paper/3_data/1_kc_fitting
2023-06-01 19:06:29.668240
use a starting guess from the old fit
starting guess parameters:  [ 3.37942338e+00  1.81846722e+01  1.33942071e+01  3.55913531e-03
  6.07493500e+00  7.19345289e-01  3.29308248e+00  1.39067829e+01
 -1.54589368e+02]
     1025.507820120405995  3.379423382381699  18.184672181803677  13.394207130830571  0.003559135312169  6.074935002291668  0.719345289329483  3.293082477932360  13.906782892134125 -154.589367648541639
        0.000000014064352  3.379423432739032  18.184672181803677  13.394207130830571  0.003559135312169  6.074935002291668  0.719345289329483  3.293082477932360  13.906782892134125 -154.589367648541639
        0.000000012948553  3.379423382381699  18.184672452776407  13.394207130830571  0.003559135312169  6.074935002291668  0.719345289329483  3.293082477932360  13.906782892134125 -154.589367648541639
        0.000000001160716  3.379423382381699  18.184672181803677  13.394207330419810  0.003559135312169  6.074935002291668  0.719345289329483  3.293082477932360  13.906782892134125 -154.589367648541639
        0.000000000478097  3.379423382381699  18.184672181803677  13.394207130830571  0.003559150213330  6.074935002291668  0.719345289329483  3.293082477932360  13.906782892134125 -154.589367648541639
        0.000000000825815  3.379423382381699  18.184672181803677  13.394207130830571  0.003559135312169  6.074935092815254  0.719345289329483  3.293082477932360  13.906782892134125 -154.589367648541639
        0.000000002214007  3.379423382381699  18.184672181803677  13.394207130830571  0.003559135312169  6.074935002291668  0.719345304230644  3.293082477932360  13.906782892134125 -154.589367648541639
        0.000000002625951  3.379423382381699  18.184672181803677  13.394207130830571  0.003559135312169  6.074935002291668  0.719345289329483  3.293082527003112  13.906782892134125 -154.589367648541639
        0.000000004345417  3.379423382381699  18.184672181803677  13.394207130830571  0.003559135312169  6.074935002291668  0.719345289329483  3.293082477932360  13.906783099361338 -154.589367648541639
        0.000015277412315  3.379423382381699  18.184672181803677  13.394207130830571  0.003559135312169  6.074935002291668  0.719345289329483  3.293082477932360  13.906782892134125 -154.589369952102714
        0.000635451377251  3.378916362709819  18.213906059940154  13.314440993751340  0.058535903059158  6.042783696615922  0.723057821316510  3.297260404506707  13.906613188139955 -154.589364212358902
        0.000000014155529  3.378916413059597  18.213906059940154  13.314440993751340  0.058535903059158  6.042783696615922  0.723057821316510  3.297260404506707  13.906613188139955 -154.589364212358902
        0.000000013030756  3.378916362709819  18.213906331348504  13.314440993751340  0.058535903059158  6.042783696615922  0.723057821316510  3.297260404506707  13.906613188139955 -154.589364212358902
        0.000000001162135  3.378916362709819  18.213906059940154  13.314441192151971  0.058535903059158  6.042783696615922  0.723057821316510  3.297260404506707  13.906613188139955 -154.589364212358902
        0.000000000477337  3.378916362709819  18.213906059940154  13.314440993751340  0.058535917960319  6.042783696615922  0.723057821316510  3.297260404506707  13.906613188139955 -154.589364212358902
        0.000000000819049  3.378916362709819  18.213906059940154  13.314440993751340  0.058535903059158  6.042783786660416  0.723057821316510  3.297260404506707  13.906613188139955 -154.589364212358902
        0.000000002217581  3.378916362709819  18.213906059940154  13.314440993751340  0.058535903059158  6.042783696615922  0.723057836217671  3.297260404506707  13.906613188139955 -154.589364212358902
        0.000000002619689  3.378916362709819  18.213906059940154  13.314440993751340  0.058535903059158  6.042783696615922  0.723057821316510  3.297260453639716  13.906613188139955 -154.589364212358902
        0.000000004345831  3.378916362709819  18.213906059940154  13.314440993751340  0.058535903059158  6.042783696615922  0.723057821316510  3.297260404506707  13.906613395364641 -154.589364212358902
        0.000015277414560  3.378916362709819  18.213906059940154  13.314440993751340  0.058535903059158  6.042783696615922  0.723057821316510  3.297260404506707  13.906613188139955 -154.589366515919949
        0.000859221334856  3.369917485522489  18.558370035331407  13.191771704868794  0.061369381531493  5.987358601525094  0.731207989741306  3.345355414690942  13.990481530818792 -154.589322437426290
        0.000000014431122  3.369917535738173  18.558370035331407  13.191771704868794  0.061369381531493  5.987358601525094  0.731207989741306  3.345355414690942  13.990481530818792 -154.589322437426290
        0.000000013286580  3.369917485522489  18.558370311872672  13.191771704868794  0.061369381531493  5.987358601525094  0.731207989741306  3.345355414690942  13.990481530818792 -154.589322437426290
        0.000000001168694  3.369917485522489  18.558370035331407  13.191771901441511  0.061369381531493  5.987358601525094  0.731207989741306  3.345355414690942  13.990481530818792 -154.589322437426290
        0.000000000468208  3.369917485522489  18.558370035331407  13.191771704868794  0.061369396432654  5.987358601525094  0.731207989741306  3.345355414690942  13.990481530818792 -154.589322437426290
        0.000000000784147  3.369917485522489  18.558370035331407  13.191771704868794  0.061369381531493  5.987358690743690  0.731207989741306  3.345355414690942  13.990481530818792 -154.589322437426290
        0.000000002202135  3.369917485522489  18.558370035331407  13.191771704868794  0.061369381531493  5.987358601525094  0.731208004642467  3.345355414690942  13.990481530818792 -154.589322437426290
        0.000000002587507  3.369917485522489  18.558370035331407  13.191771704868794  0.061369381531493  5.987358601525094  0.731207989741306  3.345355464540622  13.990481530818792 -154.589322437426290
        0.000000004285622  3.369917485522489  18.558370035331407  13.191771704868794  0.061369381531493  5.987358601525094  0.731207989741306  3.345355414690942  13.990481739293212 -154.589322437426290
        0.000015277437073  3.369917485522489  18.558370035331407  13.191771704868794  0.061369381531493  5.987358601525094  0.731207989741306  3.345355414690942  13.990481530818792 -154.589324740986712
        0.000224909837685  3.387909102908103  17.439816497578416  12.377098731198735  0.000755849883640  5.628955560729103  0.732733012908742  3.345342137076310  13.542393801891579 -154.589322459008400
        0.000225171433430  3.369824983427244  18.616438986004635  13.097394714738490  0.000616858420682  5.941412320948222  0.735895046528336  3.343148014689924  14.005407878793386 -154.589313854913087
        0.000000014420163  3.369825033641549  18.616438986004635  13.097394714738490  0.000616858420682  5.941412320948222  0.735895046528336  3.343148014689924  14.005407878793386 -154.589313854913087
        0.000000013268249  3.369824983427244  18.616439263411195  13.097394714738490  0.000616858420682  5.941412320948222  0.735895046528336  3.343148014689924  14.005407878793386 -154.589313854913087
        0.000000001171820  3.369824983427244  18.616438986004635  13.097394909904880  0.000616858420682  5.941412320948222  0.735895046528336  3.343148014689924  14.005407878793386 -154.589313854913087
        0.000000000467569  3.369824983427244  18.616438986004635  13.097394714738490  0.000616873321843  5.941412320948222  0.735895046528336  3.343148014689924  14.005407878793386 -154.589313854913087
        0.000000000776866  3.369824983427244  18.616438986004635  13.097394714738490  0.000616858420682  5.941412409482165  0.735895046528336  3.343148014689924  14.005407878793386 -154.589313854913087
        0.000000002200889  3.369824983427244  18.616438986004635  13.097394714738490  0.000616858420682  5.941412320948222  0.735895061429497  3.343148014689924  14.005407878793386 -154.589313854913087
        0.000000002579824  3.369824983427244  18.616438986004635  13.097394714738490  0.000616858420682  5.941412320948222  0.735895046528336  3.343148064506712  14.005407878793386 -154.589313854913087
        0.000000004289598  3.369824983427244  18.616438986004635  13.097394714738490  0.000616858420682  5.941412320948222  0.735895046528336  3.343148014689924  14.005408087490228 -154.589313854913087
        0.000015277433727  3.369824983427244  18.616438986004635  13.097394714738490  0.000616858420682  5.941412320948222  0.735895046528336  3.343148014689924  14.005407878793386 -154.589316158473366
        0.000083375488894  3.367938113977292  18.935527867179140  12.900602214416377  0.000211887308730  5.751749306308155  0.747352524184508  3.338609177741541  14.073158655038393 -154.589299654729814
        0.000000014385894  3.367938164163480  18.935527867179140  12.900602214416377  0.000211887308730  5.751749306308155  0.747352524184508  3.338609177741541  14.073158655038393 -154.589299654729814
        0.000000013211336  3.367938113977292  18.935528149340492  12.900602214416377  0.000211887308730  5.751749306308155  0.747352524184508  3.338609177741541  14.073158655038393 -154.589299654729814
        0.000000001186541  3.367938113977292  18.935527867179140  12.900602406650330  0.000211887308730  5.751749306308155  0.747352524184508  3.338609177741541  14.073158655038393 -154.589299654729814
        0.000000000464623  3.367938113977292  18.935527867179140  12.900602214416377  0.000211902209892  5.751749306308155  0.747352524184508  3.338609177741541  14.073158655038393 -154.589299654729814
        0.000000000743989  3.367938113977292  18.935527867179140  12.900602214416377  0.000211887308730  5.751749392015898  0.747352524184508  3.338609177741541  14.073158655038393 -154.589299654729814
        0.000000002229929  3.367938113977292  18.935527867179140  12.900602214416377  0.000211887308730  5.751749306308155  0.747352539085669  3.338609177741541  14.073158655038393 -154.589299654729814
        0.000000002576391  3.367938113977292  18.935527867179140  12.900602214416377  0.000211887308730  5.751749306308155  0.747352524184508  3.338609227490694  14.073158655038393 -154.589299654729814
        0.000000004290662  3.367938113977292  18.935527867179140  12.900602214416377  0.000211887308730  5.751749306308155  0.747352524184508  3.338609177741541  14.073158864744798 -154.589299654729814
        0.000015277428509  3.367938113977292  18.935527867179140  12.900602214416377  0.000211887308730  5.751749306308155  0.747352524184508  3.338609177741541  14.073158655038393 -154.589301958289894
        0.000015056723223  3.365927355422677  19.094910007163730  12.961927292314737  0.000196941854253  5.745329485874115  0.748917719077835  3.338631920378626  14.122250066537587 -154.589300531033075
        0.000000014369992  3.365927405578903  19.094910007163730  12.961927292314737  0.000196941854253  5.745329485874115  0.748917719077835  3.338631920378626  14.122250066537587 -154.589300531033075
        0.000000013192420  3.365927355422677  19.094910291700060  12.961927292314737  0.000196941854253  5.745329485874115  0.748917719077835  3.338631920378626  14.122250066537587 -154.589300531033075
        0.000000001188999  3.365927355422677  19.094910007163730  12.961927485462505  0.000196941854253  5.745329485874115  0.748917719077835  3.338631920378626  14.122250066537587 -154.589300531033075
        0.000000000465135  3.365927355422677  19.094910007163730  12.961927292314737  0.000196956755414  5.745329485874115  0.748917719077835  3.338631920378626  14.122250066537587 -154.589300531033075
        0.000000000737920  3.365927355422677  19.094910007163730  12.961927292314737  0.000196941854253  5.745329571486196  0.748917719077835  3.338631920378626  14.122250066537587 -154.589300531033075
        0.000000002237340  3.365927355422677  19.094910007163730  12.961927292314737  0.000196941854253  5.745329485874115  0.748917733978996  3.338631920378626  14.122250066537587 -154.589300531033075
        0.000000002585332  3.365927355422677  19.094910007163730  12.961927292314737  0.000196941854253  5.745329485874115  0.748917719077835  3.338631970128118  14.122250066537587 -154.589300531033075
        0.000000004275952  3.365927355422677  19.094910007163730  12.961927292314737  0.000196941854253  5.745329485874115  0.748917719077835  3.338631920378626  14.122250276975512 -154.589300531033075
        0.000015277428766  3.365927355422677  19.094910007163730  12.961927292314737  0.000196941854253  5.745329485874115  0.748917719077835  3.338631920378626  14.122250066537587 -154.589302834593155
        0.000030520705521  3.364108751435530  19.258990477487114  13.161694155879076  0.366212628133871  5.714141858047874  0.740831180851862  3.338763382207618  14.164552239182928 -154.589303311064327
        0.000036375288110  3.365344419338277  19.162111002737866  12.997245915866365  0.090380205607531  5.715194129051885  0.747866409203450  3.338723956051673  14.134738087935741 -154.589302305989548
        0.000000014366627  3.365344469485816  19.162111002737866  12.997245915866365  0.090380205607531  5.715194129051885  0.747866409203450  3.338723956051673  14.134738087935741 -154.589302305989548
        0.000000013188643  3.365344419338277  19.162111288275572  12.997245915866365  0.090380205607531  5.715194129051885  0.747866409203450  3.338723956051673  14.134738087935741 -154.589302305989548
        0.000000001191178  3.365344419338277  19.162111002737866  12.997246109540422  0.090380205607531  5.715194129051885  0.747866409203450  3.338723956051673  14.134738087935741 -154.589302305989548
        0.000000000464928  3.365344419338277  19.162111002737866  12.997245915866365  0.090380220508692  5.715194129051885  0.747866409203450  3.338723956051673  14.134738087935741 -154.589302305989548
        0.000000000732392  3.365344419338277  19.162111002737866  12.997245915866365  0.090380205607531  5.715194214214914  0.747866409203450  3.338723956051673  14.134738087935741 -154.589302305989548
        0.000000002253939  3.365344419338277  19.162111002737866  12.997245915866365  0.090380205607531  5.715194129051885  0.747866424104611  3.338723956051673  14.134738087935741 -154.589302305989548
        0.000000002594652  3.365344419338277  19.162111002737866  12.997245915866365  0.090380205607531  5.715194129051885  0.747866409203450  3.338724005802537  14.134738087935741 -154.589302305989548
        0.000000004273401  3.365344419338277  19.162111002737866  12.997245915866365  0.090380205607531  5.715194129051885  0.747866409203450  3.338723956051673  14.134738298559752 -154.589302305989548
        0.000015277429383  3.365344419338277  19.162111002737866  12.997245915866365  0.090380205607531  5.715194129051885  0.747866409203450  3.338723956051673  14.134738087935741 -154.589304609549657
        0.000016367737868  3.365395081624429  19.161803231488030  13.000300840298326  0.113298761189274  5.711464545275502  0.747394975963312  3.338597745696385  14.134145074170457 -154.589301771014789
        0.000002033157062  3.365356342459703  19.162113576748528  12.997828302581723  0.096152586920511  5.714402011449180  0.747747383242914  3.338697105815551  14.134584046472373 -154.589302190761970
        0.000000014366747  3.365356392607421  19.162113576748528  12.997828302581723  0.096152586920511  5.714402011449180  0.747747383242914  3.338697105815551  14.134584046472373 -154.589302190761970
        0.000000013188834  3.365356342459703  19.162113862286272  12.997828302581723  0.096152586920511  5.714402011449180  0.747747383242914  3.338697105815551  14.134584046472373 -154.589302190761970
        0.000000001191257  3.365356342459703  19.162113576748528  12.997828496264457  0.096152586920511  5.714402011449180  0.747747383242914  3.338697105815551  14.134584046472373 -154.589302190761970
        0.000000000464882  3.365356342459703  19.162113576748528  12.997828302581723  0.096152601821672  5.714402011449180  0.747747383242914  3.338697105815551  14.134584046472373 -154.589302190761970
        0.000000000732341  3.365356342459703  19.162113576748528  12.997828302581723  0.096152586920511  5.714402096600406  0.747747383242914  3.338697105815551  14.134584046472373 -154.589302190761970
        0.000000002254620  3.365356342459703  19.162113576748528  12.997828302581723  0.096152586920511  5.714402011449180  0.747747398144075  3.338697105815551  14.134584046472373 -154.589302190761970
        0.000000002595041  3.365356342459703  19.162113576748528  12.997828302581723  0.096152586920511  5.714402011449180  0.747747383242914  3.338697155566015  14.134584046472373 -154.589302190761970
        0.000000004273571  3.365356342459703  19.162113576748528  12.997828302581723  0.096152586920511  5.714402011449180  0.747747383242914  3.338697105815551  14.134584257094088 -154.589302190761970
        0.000015277429374  3.365356342459703  19.162113576748528  12.997828302581723  0.096152586920511  5.714402011449180  0.747747383242914  3.338697105815551  14.134584046472373 -154.589304494322079
2023-06-01 19:16:28.331945
