/projects/wagner/highthroughput/mick_graphene_paper/3_data/kc_fitting_dft
2022-08-18 02:06:56.638642
energy_inf: -154.89183204249554
     2536.019385218373827  3.416084000000000  20.021583000000000  10.905510700000001  4.275635400000000  0.010010836000000  0.844712200000000  2.936058400000000  14.313258800000000 -154.891832042495537
        0.000000018717218  3.416084050903618  20.021583000000000  10.905510700000001  4.275635400000000  0.010010836000000  0.844712200000000  2.936058400000000  14.313258800000000 -154.891832042495537
        0.000000019282189  3.416084000000000  20.021583298344837  10.905510700000001  4.275635400000000  0.010010836000000  0.844712200000000  2.936058400000000  14.313258800000000 -154.891832042495537
        0.000000002760085  3.416084000000000  20.021583000000000  10.905510862504773  4.275635400000000  0.010010836000000  0.844712200000000  2.936058400000000  14.313258800000000 -154.891832042495537
        0.000000000499340  3.416084000000000  20.021583000000000  10.905510700000001  4.275635463711932  0.010010836000000  0.844712200000000  2.936058400000000  14.313258800000000 -154.891832042495537
        0.000000000455390  3.416084000000000  20.021583000000000  10.905510700000001  4.275635400000000  0.010010850901161  0.844712200000000  2.936058400000000  14.313258800000000 -154.891832042495537
        0.000000007626080  3.416084000000000  20.021583000000000  10.905510700000001  4.275635400000000  0.010010836000000  0.844712214901161  2.936058400000000  14.313258800000000 -154.891832042495537
        0.000000008542471  3.416084000000000  20.021583000000000  10.905510700000001  4.275635400000000  0.010010836000000  0.844712200000000  2.936058443750679  14.313258800000000 -154.891832042495537
        0.000000009622645  3.416084000000000  20.021583000000000  10.905510700000001  4.275635400000000  0.010010836000000  0.844712200000000  2.936058400000000  14.313259013284176 -154.891832042495537
        0.000037775266475  3.416084000000000  20.021583000000000  10.905510700000001  4.275635400000000  0.010010836000000  0.844712200000000  2.936058400000000  14.313258800000000 -154.891834350563698
        0.101323091736213  3.317116075928870  11.081135734447376  5.206375773725782  8.773150289731216  15.101632995805947  0.353057919179940  2.939573010578520  14.175907630497218 -154.891562198547120
        0.067162981963028  3.307172542450619  19.636359340258160  10.319022457571398  6.690729119545599  4.031120367171541  0.643277304733539  2.916343552177712  14.162217432093646 -154.891559306758893
        0.000000017189597  3.307172591731330  19.636359340258160  10.319022457571398  6.690729119545599  4.031120367171541  0.643277304733539  2.916343552177712  14.162217432093646 -154.891559306758893
        0.000000017925375  3.307172542450619  19.636359632862717  10.319022457571398  6.690729119545599  4.031120367171541  0.643277304733539  2.916343552177712  14.162217432093646 -154.891559306758893
        0.000000001915731  3.307172542450619  19.636359340258160  10.319022611336814  6.690729119545599  4.031120367171541  0.643277304733539  2.916343552177712  14.162217432093646 -154.891559306758893
        0.000000000181052  3.307172542450619  19.636359340258160  10.319022457571398  6.690729219245233  4.031120367171541  0.643277304733539  2.916343552177712  14.162217432093646 -154.891559306758893
        0.000000000526234  3.307172542450619  19.636359340258160  10.319022457571398  6.690729119545599  4.031120427239915  0.643277304733539  2.916343552177712  14.162217432093646 -154.891559306758893
        0.000000005008936  3.307172542450619  19.636359340258160  10.319022457571398  6.690729119545599  4.031120367171541  0.643277319634700  2.916343552177712  14.162217432093646 -154.891559306758893
        0.000000007977553  3.307172542450619  19.636359340258160  10.319022457571398  6.690729119545599  4.031120367171541  0.643277304733539  2.916343595634618  14.162217432093646 -154.891559306758893
        0.000000006175694  3.307172542450619  19.636359340258160  10.319022457571398  6.690729119545599  4.031120367171541  0.643277304733539  2.916343552177712  14.162217643127130 -154.891559306758893
        0.000037776949350  3.307172542450619  19.636359340258160  10.319022457571398  6.690729119545599  4.031120367171541  0.643277304733539  2.916343552177712  14.162217432093646 -154.891561614822990
        0.011169544942339  3.279196934577682  23.429432497469495  12.464767511248015  6.038082429306071  0.022574076408988  0.741199094262194  3.055443881952604  14.088381764394436 -154.891243927386853
        0.007022137976020  3.281427435373510  20.416274609628683  10.607265631916007  7.366978401529442  3.004402176548153  0.636782910473791  3.114850640098741  13.981096256661983 -154.890909205676223
        0.000000017856313  3.281427484270590  20.416274609628683  10.607265631916007  7.366978401529442  3.004402176548153  0.636782910473791  3.114850640098741  13.981096256661983 -154.890909205676223
        0.000000018505671  3.281427435373510  20.416274913854881  10.607265631916007  7.366978401529442  3.004402176548153  0.636782910473791  3.114850640098741  13.981096256661983 -154.890909205676223
        0.000000001850447  3.281427435373510  20.416274609628683  10.607265789976582  7.366978401529442  3.004402176548153  0.636782910473791  3.114850640098741  13.981096256661983 -154.890909205676223
        0.000000000181553  3.281427435373510  20.416274609628683  10.607265631916007  7.366978511305975  3.004402176548153  0.636782910473791  3.114850640098741  13.981096256661983 -154.890909205676223
        0.000000000291325  3.281427435373510  20.416274609628683  10.607265631916007  7.366978401529442  3.004402221317235  0.636782910473791  3.114850640098741  13.981096256661983 -154.890909205676223
        0.000000004941834  3.281427435373510  20.416274609628683  10.607265631916007  7.366978401529442  3.004402176548153  0.636782925374953  3.114850640098741  13.981096256661983 -154.890909205676223
        0.000000007259405  3.281427435373510  20.416274609628683  10.607265631916007  7.366978401529442  3.004402176548153  0.636782910473791  3.114850686513632  13.981096256661983 -154.890909205676223
        0.000000005940775  3.281427435373510  20.416274609628683  10.607265631916007  7.366978401529442  3.004402176548153  0.636782910473791  3.114850640098741  13.981096464996552 -154.890909205676223
        0.000037777236707  3.281427435373510  20.416274609628683  10.607265631916007  7.366978401529442  3.004402176548153  0.636782910473791  3.114850640098741  13.981096256661983 -154.890911513730629
        0.003473668762685  3.281997717984871  20.429109985501018  10.824910101978134  7.566410407317465  2.897162139190934  0.630264067241991  3.250436777119665  14.016245723511444 -154.890408537502537
        0.000000018489741  3.281997766890448  20.429109985501018  10.824910101978134  7.566410407317465  2.897162139190934  0.630264067241991  3.250436777119665  14.016245723511444 -154.890408537502537
        0.000000019012895  3.281997717984871  20.429110289918480  10.824910101978134  7.566410407317465  2.897162139190934  0.630264067241991  3.250436777119665  14.016245723511444 -154.890408537502537
        0.000000001856722  3.281997717984871  20.429109985501018  10.824910263281863  7.566410407317465  2.897162139190934  0.630264067241991  3.250436777119665  14.016245723511444 -154.890408537502537
        0.000000000175285  3.281997717984871  20.429109985501018  10.824910101978134  7.566410520065766  2.897162139190934  0.630264067241991  3.250436777119665  14.016245723511444 -154.890408537502537
        0.000000000292031  3.281997717984871  20.429109985501018  10.824910101978134  7.566410407317465  2.897162182362014  0.630264067241991  3.250436777119665  14.016245723511444 -154.890408537502537
        0.000000004879768  3.281997717984871  20.429109985501018  10.824910101978134  7.566410407317465  2.897162139190934  0.630264082143152  3.250436777119665  14.016245723511444 -154.890408537502537
        0.000000007018551  3.281997717984871  20.429109985501018  10.824910101978134  7.566410407317465  2.897162139190934  0.630264067241991  3.250436825554948  14.016245723511444 -154.890408537502537
        0.000000006085137  3.281997717984871  20.429109985501018  10.824910101978134  7.566410407317465  2.897162139190934  0.630264067241991  3.250436777119665  14.016245932369781 -154.890408537502537
        0.000037777089030  3.281997717984871  20.429109985501018  10.824910101978134  7.566410407317465  2.897162139190934  0.630264067241991  3.250436777119665  14.016245723511444 -154.890410845549496
        0.000853124570809  3.279302018764139  21.087258661551132  10.188426893743875  8.523997562719973  2.551863731450397  0.637863207962590  3.246835253306794  14.261992993378703 -154.890179873534009
        0.000000018711215  3.279302067629547  21.087258661551132  10.188426893743875  8.523997562719973  2.551863731450397  0.637863207962590  3.246835253306794  14.261992993378703 -154.890179873534009
        0.000000019266293  3.279302018764139  21.087258975775772  10.188426893743875  8.523997562719973  2.551863731450397  0.637863207962590  3.246835253306794  14.261992993378703 -154.890179873534009
        0.000000001909049  3.279302018764139  21.087258661551132  10.188427045563266  8.523997562719973  2.551863731450397  0.637863207962590  3.246835253306794  14.261992993378703 -154.890179873534009
        0.000000000264338  3.279302018764139  21.087258661551132  10.188426893743875  8.523997689737435  2.551863731450397  0.637863207962590  3.246835253306794  14.261992993378703 -154.890179873534009
        0.000000000325588  3.279302018764139  21.087258661551132  10.188426893743875  8.523997562719973  2.551863769476129  0.637863207962590  3.246835253306794  14.261992993378703 -154.890179873534009
        0.000000005144886  3.279302018764139  21.087258661551132  10.188426893743875  8.523997562719973  2.551863731450397  0.637863222863751  3.246835253306794  14.261992993378703 -154.890179873534009
        0.000000007216963  3.279302018764139  21.087258661551132  10.188426893743875  8.523997562719973  2.551863731450397  0.637863207962590  3.246835301688409  14.261992993378703 -154.890179873534009
        0.000000006169828  3.279302018764139  21.087258661551132  10.188426893743875  8.523997562719973  2.551863731450397  0.637863207962590  3.246835253306794  14.261993205898960 -154.890179873534009
        0.000037776942138  3.279302018764139  21.087258661551132  10.188426893743875  8.523997562719973  2.551863731450397  0.637863207962590  3.246835253306794  14.261992993378703 -154.890182181577558
        0.000478684697934  3.272557049882744  21.869420484918535  8.760420557485554  10.643537642983127  2.099855394562616  0.630952754932021  3.261771466512671  14.335218004157316 -154.890243666580062
        0.000000018752860  3.272557098647644  21.869420484918535  8.760420557485554  10.643537642983127  2.099855394562616  0.630952754932021  3.261771466512671  14.335218004157316 -154.890243666580062
        0.000000019307122  3.272557049882744  21.869420810798296  8.760420557485554  10.643537642983127  2.099855394562616  0.630952754932021  3.261771466512671  14.335218004157316 -154.890243666580062
        0.000000001957017  3.272557049882744  21.869420484918535  8.760420688025993  10.643537642983127  2.099855394562616  0.630952754932021  3.261771466512671  14.335218004157316 -154.890243666580062
        0.000000000471313  3.272557049882744  21.869420484918535  8.760420557485554  10.643537801584197  2.099855394562616  0.630952754932021  3.261771466512671  14.335218004157316 -154.890243666580062
        0.000000000510242  3.272557049882744  21.869420484918535  8.760420557485554  10.643537642983127  2.099855425852900  0.630952754932021  3.261771466512671  14.335218004157316 -154.890243666580062
        0.000000005417056  3.272557049882744  21.869420484918535  8.760420557485554  10.643537642983127  2.099855394562616  0.630952769833183  3.261771466512671  14.335218004157316 -154.890243666580062
        0.000000007350979  3.272557049882744  21.869420484918535  8.760420557485554  10.643537642983127  2.099855394562616  0.630952754932021  3.261771515116854  14.335218004157316 -154.890243666580062
        0.000000006135050  3.272557049882744  21.869420484918535  8.760420557485554  10.643537642983127  2.099855394562616  0.630952754932021  3.261771466512671  14.335218217768709 -154.890243666580062
        0.000037777010509  3.272557049882744  21.869420484918535  8.760420557485554  10.643537642983127  2.099855394562616  0.630952754932021  3.261771466512671  14.335218004157316 -154.890245974624548
        0.001639984345055  3.275967954824243  22.982510564811029  8.660119498000430  11.284055619189692  0.000869490773865  0.664056253471687  3.284050043697479  14.024641853002578 -154.890388887959887
        0.000000018668423  3.275968003639969  22.982510564811029  8.660119498000430  11.284055619189692  0.000869490773865  0.664056253471687  3.284050043697479  14.024641853002578 -154.890388887959887
        0.000000019276274  3.275967954824243  22.982510907277124  8.660119498000430  11.284055619189692  0.000869490773865  0.664056253471687  3.284050043697479  14.024641853002578 -154.890388887959887
        0.000000002098306  3.275967954824243  22.982510564811029  8.660119627046267  11.284055619189692  0.000869490773865  0.664056253471687  3.284050043697479  14.024641853002578 -154.890388887959887
        0.000000000563904  3.275967954824243  22.982510564811029  8.660119498000430  11.284055787335223  0.000869490773865  0.664056253471687  3.284050043697479  14.024641853002578 -154.890388887959887
        0.000000000779004  3.275967954824243  22.982510564811029  8.660119498000430  11.284055619189692  0.000869505675026  0.664056253471687  3.284050043697479  14.024641853002578 -154.890388887959887
        0.000000006123978  3.275967954824243  22.982510564811029  8.660119498000430  11.284055619189692  0.000869490773865  0.664056268372848  3.284050043697479  14.024641853002578 -154.890388887959887
        0.000000007505815  3.275967954824243  22.982510564811029  8.660119498000430  11.284055619189692  0.000869490773865  0.664056253471687  3.284050092633638  14.024641853002578 -154.890388887959887
        0.000000006330202  3.275967954824243  22.982510564811029  8.660119498000430  11.284055619189692  0.000869490773865  0.664056253471687  3.284050043697479  14.024642061986027 -154.890388887959887
        0.000037777159351  3.275967954824243  22.982510564811029  8.660119498000430  11.284055619189692  0.000869490773865  0.664056253471687  3.284050043697479  14.024641853002578 -154.890391196006533
        0.001064876818964  3.277188793923870  22.864742507091279  8.668978231624525  11.433418243323240  0.000855729033381  0.659028686192936  3.285448393739967  13.981665869589069 -154.890405654621333
        0.000000018719423  3.277188842757788  22.864742507091279  8.668978231624525  11.433418243323240  0.000855729033381  0.659028686192936  3.285448393739967  13.981665869589069 -154.890405654621333
        0.000000019331083  3.277188793923870  22.864742847802493  8.668978231624525  11.433418243323240  0.000855729033381  0.659028686192936  3.285448393739967  13.981665869589069 -154.890405654621333
        0.000000002092996  3.277188793923870  22.864742507091279  8.668978360802367  11.433418243323240  0.000855729033381  0.659028686192936  3.285448393739967  13.981665869589069 -154.890405654621333
        0.000000000572266  3.277188793923870  22.864742507091279  8.668978231624525  11.433418413694449  0.000855729033381  0.659028686192936  3.285448393739967  13.981665869589069 -154.890405654621333
        0.000000000787733  3.277188793923870  22.864742507091279  8.668978231624525  11.433418243323240  0.000855743934542  0.659028686192936  3.285448393739967  13.981665869589069 -154.890405654621333
        0.000000006141687  3.277188793923870  22.864742507091279  8.668978231624525  11.433418243323240  0.000855729033381  0.659028701094097  3.285448393739967  13.981665869589069 -154.890405654621333
        0.000000007494618  3.277188793923870  22.864742507091279  8.668978231624525  11.433418243323240  0.000855729033381  0.659028686192936  3.285448442696963  13.981665869589069 -154.890405654621333
        0.000000006353333  3.277188793923870  22.864742507091279  8.668978231624525  11.433418243323240  0.000855729033381  0.659028686192936  3.285448393739967  13.981666077932125 -154.890405654621333
        0.000037777169552  3.277188793923870  22.864742507091279  8.668978231624525  11.433418243323240  0.000855729033381  0.659028686192936  3.285448393739967  13.981665869589069 -154.890407962668235
        0.000159232757371  3.277091135553872  22.822540836954914  8.228088827398912  11.860771967393232  0.000216639239677  0.654301057193974  3.295079206056603  13.925170306815902 -154.890449936842828
        0.000000018699428  3.277091184386335  22.822540836954914  8.228088827398912  11.860771967393232  0.000216639239677  0.654301057193974  3.295079206056603  13.925170306815902 -154.890449936842828
        0.000000019293387  3.277091135553872  22.822541177037273  8.228088827398912  11.860771967393232  0.000216639239677  0.654301057193974  3.295079206056603  13.925170306815902 -154.890449936842828
        0.000000002093570  3.277091135553872  22.822540836954914  8.228088950006990  11.860771967393232  0.000216639239677  0.654301057193974  3.295079206056603  13.925170306815902 -154.890449936842828
        0.000000000620430  3.277091135553872  22.822540836954914  8.228088827398912  11.860772144132508  0.000216639239677  0.654301057193974  3.295079206056603  13.925170306815902 -154.890449936842828
        0.000000000816077  3.277091135553872  22.822540836954914  8.228088827398912  11.860771967393232  0.000216654140838  0.654301057193974  3.295079206056603  13.925170306815902 -154.890449936842828
        0.000000006135697  3.277091135553872  22.822540836954914  8.228088827398912  11.860771967393232  0.000216639239677  0.654301072095135  3.295079206056603  13.925170306815902 -154.890449936842828
        0.000000007471427  3.277091135553872  22.822540836954914  8.228088827398912  11.860771967393232  0.000216639239677  0.654301057193974  3.295079255157109  13.925170306815902 -154.890449936842828
        0.000000006336077  3.277091135553872  22.822540836954914  8.228088827398912  11.860771967393232  0.000216639239677  0.654301057193974  3.295079206056603  13.925170514317109 -154.890449936842828
        0.000037777210566  3.277091135553872  22.822540836954914  8.228088827398912  11.860771967393232  0.000216639239677  0.654301057193974  3.295079206056603  13.925170306815902 -154.890452244890383
        0.000197276766514  3.281759907767656  22.457203787899147  6.791069351146589  12.924570937721228  0.000007331334053  0.645267722013713  3.302008746490011  13.766682320271743 -154.890478150480334
        0.000000018671797  3.281759956669690  22.457203787899147  6.791069351146589  12.924570937721228  0.000007331334053  0.645267722013713  3.302008746490011  13.766682320271743 -154.890478150480334
        0.000000019240600  3.281759907767656  22.457204122537561  6.791069351146589  12.924570937721228  0.000007331334053  0.645267722013713  3.302008746490011  13.766682320271743 -154.890478150480334
        0.000000002108976  3.281759907767656  22.457203787899147  6.791069452341408  12.924570937721228  0.000007331334053  0.645267722013713  3.302008746490011  13.766682320271743 -154.890478150480334
        0.000000000772932  3.281759907767656  22.457203787899147  6.791069351146589  12.924571130312343  0.000007331334053  0.645267722013713  3.302008746490011  13.766682320271743 -154.890478150480334
        0.000000000905077  3.281759907767656  22.457203787899147  6.791069351146589  12.924570937721228  0.000007346235214  0.645267722013713  3.302008746490011  13.766682320271743 -154.890478150480334
        0.000000006183500  3.281759907767656  22.457203787899147  6.791069351146589  12.924570937721228  0.000007331334053  0.645267736914874  3.302008746490011  13.766682320271743 -154.890478150480334
        0.000000007459202  3.281759907767656  22.457203787899147  6.791069351146589  12.924570937721228  0.000007331334053  0.645267722013713  3.302008795693776  13.766682320271743 -154.890478150480334
        0.000000006375344  3.281759907767656  22.457203787899147  6.791069351146589  12.924570937721228  0.000007331334053  0.645267722013713  3.302008746490011  13.766682525411294 -154.890478150480334
        0.000037777238319  3.281759907767656  22.457203787899147  6.791069351146589  12.924570937721228  0.000007331334053  0.645267722013713  3.302008746490011  13.766682320271743 -154.890480458528316
        0.000129222354757  3.278933425565158  22.661429220289648  6.087470751083544  13.689577773371049  0.000003955880949  0.641280491493555  3.305584424146413  13.819745280890073 -154.890491398719774
        0.000000018680002  3.278933474425073  22.661429220289648  6.087470751083544  13.689577773371049  0.000003955880949  0.641280491493555  3.305584424146413  13.819745280890073 -154.890491398719774
        0.000000019242284  3.278933425565158  22.661429557971257  6.087470751083544  13.689577773371049  0.000003955880949  0.641280491493555  3.305584424146413  13.819745280890073 -154.890491398719774
        0.000000002118502  3.278933425565158  22.661429220289648  6.087470841793927  13.689577773371049  0.000003955880949  0.641280491493555  3.305584424146413  13.819745280890073 -154.890491398719774
        0.000000000855364  3.278933425565158  22.661429220289648  6.087470751083544  13.689577977361655  0.000003955880949  0.641280491493555  3.305584424146413  13.819745280890073 -154.890491398719774
        0.000000000953809  3.278933425565158  22.661429220289648  6.087470751083544  13.689577773371049  0.000003970782110  0.641280491493555  3.305584424146413  13.819745280890073 -154.890491398719774
        0.000000006202666  3.278933425565158  22.661429220289648  6.087470751083544  13.689577773371049  0.000003955880949  0.641280506394716  3.305584424146413  13.819745280890073 -154.890491398719774
        0.000000007496071  3.278933425565158  22.661429220289648  6.087470751083544  13.689577773371049  0.000003955880949  0.641280491493555  3.305584473403459  13.819745280890073 -154.890491398719774
        0.000000006340653  3.278933425565158  22.661429220289648  6.087470751083544  13.689577773371049  0.000003955880949  0.641280491493555  3.305584424146413  13.819745486820326 -154.890491398719774
        0.000037777250981  3.278933425565158  22.661429220289648  6.087470751083544  13.689577773371049  0.000003955880949  0.641280491493555  3.305584424146413  13.819745280890073 -154.890493706767955
        0.000062057318998  3.278925818420322  22.661429287649302  6.087470752128493  13.689577815155912  0.000004057762363  0.641285558408428  3.305583785457971  13.819740212090894 -154.890490176184016
        0.000000018679752  3.278925867280124  22.661429287649302  6.087470752128493  13.689577815155912  0.000004057762363  0.641285558408428  3.305583785457971  13.819740212090894 -154.890490176184016
        0.000000019242042  3.278925818420322  22.661429625330914  6.087470752128493  13.689577815155912  0.000004057762363  0.641285558408428  3.305583785457971  13.819740212090894 -154.890490176184016
        0.000000002118466  3.278925818420322  22.661429287649302  6.087470842838876  13.689577815155912  0.000004057762363  0.641285558408428  3.305583785457971  13.819740212090894 -154.890490176184016
        0.000000000855342  3.278925818420322  22.661429287649302  6.087470752128493  13.689578019146518  0.000004057762363  0.641285558408428  3.305583785457971  13.819740212090894 -154.890490176184016
        0.000000000953767  3.278925818420322  22.661429287649302  6.087470752128493  13.689577815155912  0.000004072663525  0.641285558408428  3.305583785457971  13.819740212090894 -154.890490176184016
        0.000000006202525  3.278925818420322  22.661429287649302  6.087470752128493  13.689577815155912  0.000004057762363  0.641285573309589  3.305583785457971  13.819740212090894 -154.890490176184016
        0.000000007495994  3.278925818420322  22.661429287649302  6.087470752128493  13.689577815155912  0.000004057762363  0.641285558408428  3.305583834715008  13.819740212090894 -154.890490176184016
        0.000000006340495  3.278925818420322  22.661429287649302  6.087470752128493  13.689577815155912  0.000004057762363  0.641285558408428  3.305583785457971  13.819740418021070 -154.890490176184016
        0.000037777250587  3.278925818420322  22.661429287649302  6.087470752128493  13.689577815155912  0.000004057762363  0.641285558408428  3.305583785457971  13.819740212090894 -154.890492484232169
        0.000320567080773  3.264193502796356  23.737361951608829  4.659467522462363  15.827978999917903  0.000012017500466  0.631698085288893  3.315620988094742  14.135606525592582 -154.890532674605623
        0.000330688755492  3.281546814929062  22.458260961282431  5.316511704708211  14.179551062493303  0.000003881501918  0.637502279669552  3.309146568882662  13.733432977241387 -154.890506199436118
        0.000000018663281  3.281546863827919  22.458260961282431  5.316511704708211  14.179551062493303  0.000003881501918  0.637502279669552  3.309146568882662  13.733432977241387 -154.890506199436118
        0.000000019213177  3.281546814929062  22.458261295936598  5.316511704708211  14.179551062493303  0.000003881501918  0.637502279669552  3.309146568882662  13.733432977241387 -154.890506199436118
        0.000000002127050  3.281546814929062  22.458260961282431  5.316511783930409  14.179551062493303  0.000003881501918  0.637502279669552  3.309146568882662  13.733432977241387 -154.890506199436118
        0.000000000933082  3.281546814929062  22.458260961282431  5.316511704708211  14.179551273785078  0.000003881501918  0.637502279669552  3.309146568882662  13.733432977241387 -154.890506199436118
        0.000000000996565  3.281546814929062  22.458260961282431  5.316511704708211  14.179551062493303  0.000003896403079  0.637502279669552  3.309146568882662  13.733432977241387 -154.890506199436118
        0.000000006216082  3.281546814929062  22.458260961282431  5.316511704708211  14.179551062493303  0.000003881501918  0.637502294570713  3.309146568882662  13.733432977241387 -154.890506199436118
        0.000000007477753  3.281546814929062  22.458260961282431  5.316511704708211  14.179551062493303  0.000003881501918  0.637502279669552  3.309146618192788  13.733432977241387 -154.890506199436118
        0.000000006362289  3.281546814929062  22.458260961282431  5.316511704708211  14.179551062493303  0.000003881501918  0.637502279669552  3.309146568882662  13.733433181885486 -154.890506199436118
        0.000037777265288  3.281546814929062  22.458260961282431  5.316511704708211  14.179551062493303  0.000003881501918  0.637502279669552  3.309146568882662  13.733432977241387 -154.890508507484526
        0.000111910430717  3.277331972799089  22.756065286597881  4.464717330401607  15.142777964625658  0.000002419543146  0.632663650990359  3.314492925398491  13.809880971198728 -154.890527541525842
        0.000000018673591  3.277332021635141  22.756065286597881  4.464717330401607  15.142777964625658  0.000002419543146  0.632663650990359  3.314492925398491  13.809880971198728 -154.890527541525842
        0.000000019216373  3.277331972799089  22.756065625689679  4.464717330401607  15.142777964625658  0.000002419543146  0.632663650990359  3.314492925398491  13.809880971198728 -154.890527541525842
        0.000000002136927  3.277331972799089  22.756065286597881  4.464717396931079  15.142777964625658  0.000002419543146  0.632663650990359  3.314492925398491  13.809880971198728 -154.890527541525842
        0.000000001029225  3.277331972799089  22.756065286597881  4.464717330401607  15.142778190270633  0.000002419543146  0.632663650990359  3.314492925398491  13.809880971198728 -154.890527541525842
        0.000000001052960  3.277331972799089  22.756065286597881  4.464717330401607  15.142777964625658  0.000002434444308  0.632663650990359  3.314492925398491  13.809880971198728 -154.890527541525842
        0.000000006228840  3.277331972799089  22.756065286597881  4.464717330401607  15.142777964625658  0.000002419543146  0.632663665891520  3.314492925398491  13.809880971198728 -154.890527541525842
        0.000000007516370  3.277331972799089  22.756065286597881  4.464717330401607  15.142777964625658  0.000002419543146  0.632663650990359  3.314492974788284  13.809880971198728 -154.890527541525842
        0.000000006310647  3.277331972799089  22.756065286597881  4.464717330401607  15.142777964625658  0.000002419543146  0.632663650990359  3.314492925398491  13.809881176981991 -154.890527541525842
        0.000037777285751  3.277331972799089  22.756065286597881  4.464717330401607  15.142777964625658  0.000002419543146  0.632663650990359  3.314492925398491  13.809880971198728 -154.890529849574563
        0.000078404724659  3.277333098422878  22.757003812879812  4.466306329500624  15.142445267985115  0.001598710358646  0.632688589188723  3.314505869442384  13.809711696613073 -154.890527640408550
        0.000000018670619  3.277333147258947  22.757003812879812  4.466306329500624  15.142445267985115  0.001598710358646  0.632688589188723  3.314505869442384  13.809711696613073 -154.890527640408550
        0.000000019212828  3.277333098422878  22.757004151985594  4.466306329500624  15.142445267985115  0.001598710358646  0.632688589188723  3.314505869442384  13.809711696613073 -154.890527640408550
        0.000000002137016  3.277333098422878  22.757003812879812  4.466306396053775  15.142445267985115  0.001598710358646  0.632688589188723  3.314505869442384  13.809711696613073 -154.890527640408550
        0.000000001029161  3.277333098422878  22.757003812879812  4.466306329500624  15.142445493625134  0.001598710358646  0.632688589188723  3.314505869442384  13.809711696613073 -154.890527640408550
        0.000000001052971  3.277333098422878  22.757003812879812  4.466306329500624  15.142445267985115  0.001598725259807  0.632688589188723  3.314505869442384  13.809711696613073 -154.890527640408550
        0.000000006229297  3.277333098422878  22.757003812879812  4.466306329500624  15.142445267985115  0.001598710358646  0.632688604089884  3.314505869442384  13.809711696613073 -154.890527640408550
        0.000000007517363  3.277333098422878  22.757003812879812  4.466306329500624  15.142445267985115  0.001598710358646  0.632688589188723  3.314505918832370  13.809711696613073 -154.890527640408550
        0.000000006310056  3.277333098422878  22.757003812879812  4.466306329500624  15.142445267985115  0.001598710358646  0.632688589188723  3.314505869442384  13.809711902393813 -154.890527640408550
        0.000037777285826  3.277333098422878  22.757003812879812  4.466306329500624  15.142445267985115  0.001598710358646  0.632688589188723  3.314505869442384  13.809711696613073 -154.890529948457271
        0.000074670950582  3.274363633512201  22.976603201975120  4.071436689089920  15.637234904199840  0.000728495148169  0.630799393679968  3.316697086041985  13.872838473811624 -154.890536389272285
        0.000000018676883  3.274363682304022  22.976603201975120  4.071436689089920  15.637234904199840  0.000728495148169  0.630799393679968  3.316697086041985  13.872838473811624 -154.890536389272285
        0.000000019217103  3.274363633512201  22.976603544353189  4.071436689089920  15.637234904199840  0.000728495148169  0.630799393679968  3.316697086041985  13.872838473811624 -154.890536389272285
        0.000000002142118  3.274363633512201  22.976603201975120  4.071436749759054  15.637234904199840  0.000728495148169  0.630799393679968  3.316697086041985  13.872838473811624 -154.890536389272285
        0.000000001073211  3.274363633512201  22.976603201975120  4.071436689089920  15.637235137212798  0.000728495148169  0.630799393679968  3.316697086041985  13.872838473811624 -154.890536389272285
        0.000000001079028  3.274363633512201  22.976603201975120  4.071436689089920  15.637234904199840  0.000728510049330  0.630799393679968  3.316697086041985  13.872838473811624 -154.890536389272285
        0.000000006235319  3.274363633512201  22.976603201975120  4.071436689089920  15.637234904199840  0.000728495148169  0.630799408581129  3.316697086041985  13.872838473811624 -154.890536389272285
        0.000000007545564  3.274363633512201  22.976603201975120  4.071436689089920  15.637234904199840  0.000728495148169  0.630799393679968  3.316697135464623  13.872838473811624 -154.890536389272285
        0.000000006275463  3.274363633512201  22.976603201975120  4.071436689089920  15.637234904199840  0.000728495148169  0.630799393679968  3.316697086041985  13.872838680533027 -154.890536389272285
        0.000037777294373  3.274363633512201  22.976603201975120  4.071436689089920  15.637234904199840  0.000728495148169  0.630799393679968  3.316697086041985  13.872838473811624 -154.890538697321148
        0.000058084320324  3.274926492007488  22.927934383106088  3.645498943909017  15.936668771597500  0.000490280785598  0.628958158115921  3.318827500370232  13.846854098943551 -154.890544929160455
        0.000000018672354  3.274926540807695  22.927934383106088  3.645498943909017  15.936668771597500  0.000490280785598  0.628958158115921  3.318827500370232  13.846854098943551 -154.890544929160455
        0.000000019207179  3.274926492007488  22.927934724758934  3.645498943909017  15.936668771597500  0.000490280785598  0.628958158115921  3.318827500370232  13.846854098943551 -154.890544929160455
        0.000000002146883  3.274926492007488  22.927934383106088  3.645498998231184  15.936668771597500  0.000490280785598  0.628958158115921  3.318827500370232  13.846854098943551 -154.890544929160455
        0.000000001114949  3.274926492007488  22.927934383106088  3.645498943909017  15.936669009072370  0.000490280785598  0.628958158115921  3.318827500370232  13.846854098943551 -154.890544929160455
        0.000000001101738  3.274926492007488  22.927934383106088  3.645498943909017  15.936668771597500  0.000490295686759  0.628958158115921  3.318827500370232  13.846854098943551 -154.890544929160455
        0.000000006237858  3.274926492007488  22.927934383106088  3.645498943909017  15.936668771597500  0.000490280785598  0.628958173017082  3.318827500370232  13.846854098943551 -154.890544929160455
        0.000000007538240  3.274926492007488  22.927934383106088  3.645498943909017  15.936668771597500  0.000490280785598  0.628958158115921  3.318827549824616  13.846854098943551 -154.890544929160455
        0.000000006278289  3.274926492007488  22.927934383106088  3.645498943909017  15.936668771597500  0.000490280785598  0.628958158115921  3.318827500370232  13.846854305277756 -154.890544929160455
        0.000037777302227  3.274926492007488  22.927934383106088  3.645498943909017  15.936668771597500  0.000490280785598  0.628958158115921  3.318827500370232  13.846854098943551 -154.890547237209432
        0.000055654937201  3.268071509822213  23.441807977065373  3.269992423227101  16.657025565720769  0.000151180299399  0.626919871334796  3.321383086144961  14.006286223651173 -154.890555432306769
        0.000000018693403  3.268071558520274  23.441807977065373  3.269992423227101  16.657025565720769  0.000151180299399  0.626919871334796  3.321383086144961  14.006286223651173 -154.890555432306769
        0.000000019230720  3.268071509822213  23.441808326375533  3.269992423227101  16.657025565720769  0.000151180299399  0.626919871334796  3.321383086144961  14.006286223651173 -154.890555432306769
        0.000000002151165  3.268071509822213  23.441807977065373  3.269992471953785  16.657025565720769  0.000151180299399  0.626919871334796  3.321383086144961  14.006286223651173 -154.890555432306769
        0.000000001158798  3.268071509822213  23.441807977065373  3.269992423227101  16.657025813929792  0.000151180299399  0.626919871334796  3.321383086144961  14.006286223651173 -154.890555432306769
        0.000000001129465  3.268071509822213  23.441807977065373  3.269992423227101  16.657025565720769  0.000151195200560  0.626919871334796  3.321383086144961  14.006286223651173 -154.890555432306769
        0.000000006241401  3.268071509822213  23.441807977065373  3.269992423227101  16.657025565720769  0.000151180299399  0.626919886235957  3.321383086144961  14.006286223651173 -154.890555432306769
        0.000000007597760  3.268071509822213  23.441807977065373  3.269992423227101  16.657025565720769  0.000151180299399  0.626919871334796  3.321383135637426  14.006286223651173 -154.890555432306769
        0.000000006202612  3.268071509822213  23.441807977065373  3.269992423227101  16.657025565720769  0.000151180299399  0.626919871334796  3.321383086144961  14.006286432361103 -154.890555432306769
        0.000037777312975  3.268071509822213  23.441807977065373  3.269992423227101  16.657025565720769  0.000151180299399  0.626919871334796  3.321383086144961  14.006286223651173 -154.890557740355916
        0.000065073217114  3.268071527713555  23.442642399898158  3.272449535691644  16.655973263175508  0.001131734308064  0.626942868993844  3.321390189930542  14.006193396719125 -154.890555497967284
        0.000000018691397  3.268071576411616  23.442642399898158  3.272449535691644  16.655973263175508  0.001131734308064  0.626942868993844  3.321390189930542  14.006193396719125 -154.890555497967284
        0.000000019228310  3.268071527713555  23.442642749220752  3.272449535691644  16.655973263175508  0.001131734308064  0.626942868993844  3.321390189930542  14.006193396719125 -154.890555497967284
        0.000000002151226  3.268071527713555  23.442642399898158  3.272449584454942  16.655973263175508  0.001131734308064  0.626942868993844  3.321390189930542  14.006193396719125 -154.890555497967284
        0.000000001158664  3.268071527713555  23.442642399898158  3.272449535691644  16.655973511368849  0.001131734308064  0.626942868993844  3.321390189930542  14.006193396719125 -154.890555497967284
        0.000000001129428  3.268071527713555  23.442642399898158  3.272449535691644  16.655973263175508  0.001131749209225  0.626942868993844  3.321390189930542  14.006193396719125 -154.890555497967284
        0.000000006241750  3.268071527713555  23.442642399898158  3.272449535691644  16.655973263175508  0.001131734308064  0.626942883895006  3.321390189930542  14.006193396719125 -154.890555497967284
        0.000000007598463  3.268071527713555  23.442642399898158  3.272449535691644  16.655973263175508  0.001131734308064  0.626942868993844  3.321390239423113  14.006193396719125 -154.890555497967284
        0.000000006202230  3.268071527713555  23.442642399898158  3.272449535691644  16.655973263175508  0.001131734308064  0.626942868993844  3.321390189930542  14.006193605427670 -154.890555497967284
        0.000037777313015  3.268071527713555  23.442642399898158  3.272449535691644  16.655973263175508  0.001131734308064  0.626942868993844  3.321390189930542  14.006193396719125 -154.890557806016432
        0.000039749376639  3.266246986142113  23.587188885892743  3.223731794875657  16.811689848490982  0.000116171695287  0.626695789995120  3.321716050042256  14.051938802267200 -154.890556745323664
        0.000000018697110  3.266247034812986  23.587188885892743  3.223731794875657  16.811689848490982  0.000116171695287  0.626695789995120  3.321716050042256  14.051938802267200 -154.890556745323664
        0.000000019235123  3.266246986142113  23.587189237369248  3.223731794875657  16.811689848490982  0.000116171695287  0.626695789995120  3.321716050042256  14.051938802267200 -154.890556745323664
        0.000000002152269  3.266246986142113  23.587188885892743  3.223731842913004  16.811689848490982  0.000116171695287  0.626695789995120  3.321716050042256  14.051938802267200 -154.890556745323664
        0.000000001165374  3.266246986142113  23.587188885892743  3.223731794875657  16.811690099004682  0.000116171695287  0.626695789995120  3.321716050042256  14.051938802267200 -154.890556745323664
        0.000000001134196  3.266246986142113  23.587188885892743  3.223731794875657  16.811689848490982  0.000116186596449  0.626695789995120  3.321716050042256  14.051938802267200 -154.890556745323664
        0.000000006244165  3.266246986142113  23.587188885892743  3.223731794875657  16.811689848490982  0.000116171695287  0.626695804896281  3.321716050042256  14.051938802267200 -154.890556745323664
        0.000000007616732  3.266246986142113  23.587188885892743  3.223731794875657  16.811689848490982  0.000116171695287  0.626695789995120  3.321716099539683  14.051938802267200 -154.890556745323664
        0.000000006182902  3.266246986142113  23.587188885892743  3.223731794875657  16.811689848490982  0.000116171695287  0.626695789995120  3.321716050042256  14.051939011657405 -154.890556745323664
        0.000037777313652  3.266246986142113  23.587188885892743  3.223731794875657  16.811689848490982  0.000116171695287  0.626695789995120  3.321716050042256  14.051938802267200 -154.890559053372812
        0.000035364560303  3.263613073347186  23.794123449770982  3.130144769436345  17.053827335306302  0.000043111043712  0.626207380420753  3.322319453933437  14.117130435658781 -154.890559125737610
        0.000000018705566  3.263613121978810  23.794123449770982  3.130144769436345  17.053827335306302  0.000043111043712  0.626207380420753  3.322319453933437  14.117130435658781 -154.890559125737610
        0.000000019244996  3.263613073347186  23.794123804331051  3.130144769436345  17.053827335306302  0.000043111043712  0.626207380420753  3.322319453933437  14.117130435658781 -154.890559125737610
        0.000000002153760  3.263613073347186  23.794123449770982  3.130144816079137  17.053827335306302  0.000043111043712  0.626207380420753  3.322319453933437  14.117130435658781 -154.890559125737610
        0.000000001176931  3.263613073347186  23.794123449770982  3.130144769436345  17.053827589428131  0.000043111043712  0.626207380420753  3.322319453933437  14.117130435658781 -154.890559125737610
        0.000000001141997  3.263613073347186  23.794123449770982  3.130144769436345  17.053827335306302  0.000043125944873  0.626207380420753  3.322319453933437  14.117130435658781 -154.890559125737610
        0.000000006246488  3.263613073347186  23.794123449770982  3.130144769436345  17.053827335306302  0.000043111043712  0.626207395321915  3.322319453933437  14.117130435658781 -154.890559125737610
        0.000000007641691  3.263613073347186  23.794123449770982  3.130144769436345  17.053827335306302  0.000043111043712  0.626207380420753  3.322319503439854  14.117130435658781 -154.890559125737610
        0.000000006154629  3.263613073347186  23.794123449770982  3.130144769436345  17.053827335306302  0.000043111043712  0.626207380420753  3.322319453933437  14.117130646020417 -154.890559125737610
        0.000037777315604  3.263613073347186  23.794123449770982  3.130144769436345  17.053827335306302  0.000043111043712  0.626207380420753  3.322319453933437  14.117130435658781 -154.890561433786786
        0.000039631344136  3.263613230648319  23.794193011512309  3.130412565488374  17.053695175527828  0.000084511027214  0.626209696004379  3.322320093182479  14.117117277777998 -154.890559132045155
        0.000000018705426  3.263613279279946  23.794193011512309  3.130412565488374  17.053695175527828  0.000084511027214  0.626209696004379  3.322320093182479  14.117117277777998 -154.890559132045155
        0.000000019244822  3.263613230648319  23.794193366073415  3.130412565488374  17.053695175527828  0.000084511027214  0.626209696004379  3.322320093182479  14.117117277777998 -154.890559132045155
        0.000000002153741  3.263613230648319  23.794193011512309  3.130412612135157  17.053695175527828  0.000084511027214  0.626209696004379  3.322320093182479  14.117117277777998 -154.890559132045155
        0.000000001176923  3.263613230648319  23.794193011512309  3.130412565488374  17.053695429647689  0.000084511027214  0.626209696004379  3.322320093182479  14.117117277777998 -154.890559132045155
        0.000000001141998  3.263613230648319  23.794193011512309  3.130412565488374  17.053695175527828  0.000084525928375  0.626209696004379  3.322320093182479  14.117117277777998 -154.890559132045155
        0.000000006246516  3.263613230648319  23.794193011512309  3.130412565488374  17.053695175527828  0.000084511027214  0.626209710905540  3.322320093182479  14.117117277777998 -154.890559132045155
        0.000000007641767  3.263613230648319  23.794193011512309  3.130412565488374  17.053695175527828  0.000084511027214  0.626209696004379  3.322320142688906  14.117117277777998 -154.890559132045155
        0.000000006154590  3.263613230648319  23.794193011512309  3.130412565488374  17.053695175527828  0.000084511027214  0.626209696004379  3.322320093182479  14.117117488139439 -154.890559132045155
        0.000037777315625  3.263613230648319  23.794193011512309  3.130412565488374  17.053695175527828  0.000084511027214  0.626209696004379  3.322320093182479  14.117117277777998 -154.890561440094331
        0.000053539970792  3.254351485106326  24.526850349155286  3.210936454312388  17.591146777725012  0.000064323529649  0.626147899895988  3.322409142816254  14.357120113347664 -154.890559521833779
        0.000039368642090  3.261343539595535  23.974383071367235  3.140837817150367  17.193128271454203  0.000081821986892  0.626162115752680  3.322380364231527  14.175870624691250 -154.890559363084151
        0.000000018712948  3.261343588193341  23.974383071367235  3.140837817150367  17.193128271454203  0.000081821986892  0.626162115752680  3.322380364231527  14.175870624691250 -154.890559363084151
        0.000000019254561  3.261343539595535  23.974383428613383  3.140837817150367  17.193128271454203  0.000081821986892  0.626162115752680  3.322380364231527  14.175870624691250 -154.890559363084151
        0.000000002153914  3.261343539595535  23.974383071367235  3.140837863952498  17.193128271454203  0.000081821986892  0.626162115752680  3.322380364231527  14.175870624691250 -154.890559363084151
        0.000000001178166  3.261343539595535  23.974383071367235  3.140837817150367  17.193128527651780  0.000081821986892  0.626162115752680  3.322380364231527  14.175870624691250 -154.890559363084151
        0.000000001143932  3.261343539595535  23.974383071367235  3.140837817150367  17.193128271454203  0.000081836888053  0.626162115752680  3.322380364231527  14.175870624691250 -154.890559363084151
        0.000000006248110  3.261343539595535  23.974383071367235  3.140837817150367  17.193128271454203  0.000081821986892  0.626162130653842  3.322380364231527  14.175870624691250 -154.890559363084151
        0.000000007663877  3.261343539595535  23.974383071367235  3.140837817150367  17.193128271454203  0.000081821986892  0.626162115752680  3.322380413738852  14.175870624691250 -154.890559363084151
        0.000000006130769  3.261343539595535  23.974383071367235  3.140837817150367  17.193128271454203  0.000081821986892  0.626162115752680  3.322380364231527  14.175870835928183 -154.890559363084151
        0.000037777316227  3.261343539595535  23.974383071367235  3.140837817150367  17.193128271454203  0.000081821986892  0.626162115752680  3.322380364231527  14.175870624691250 -154.890561671133355
        0.000036929864391  3.262695467312355  23.866515058618162  3.076442125316329  17.155125622992177  0.000030520474133  0.625954146136180  3.322642838044976  14.139223197844192 -154.890560452338008
        0.000000018707980  3.262695515930306  23.866515058618162  3.076442125316329  17.155125622992177  0.000030520474133  0.625954146136180  3.322642838044976  14.139223197844192 -154.890560452338008
        0.000000019247595  3.262695467312355  23.866515414256952  3.076442125316329  17.155125622992177  0.000030520474133  0.625954146136180  3.322642838044976  14.139223197844192 -154.890560452338008
        0.000000002154483  3.262695467312355  23.866515058618162  3.076442171158889  17.155125622992177  0.000030520474133  0.625954146136180  3.322642838044976  14.139223197844192 -154.890560452338008
        0.000000001182893  3.262695467312355  23.866515058618162  3.076442125316329  17.155125878623469  0.000030520474133  0.625954146136180  3.322642838044976  14.139223197844192 -154.890560452338008
        0.000000001145783  3.262695467312355  23.866515058618162  3.076442125316329  17.155125622992177  0.000030535375294  0.625954146136180  3.322642838044976  14.139223197844192 -154.890560452338008
        0.000000006247384  3.262695467312355  23.866515058618162  3.076442125316329  17.155125622992177  0.000030520474133  0.625954161037342  3.322642838044976  14.139223197844192 -154.890560452338008
        0.000000007650256  3.262695467312355  23.866515058618162  3.076442125316329  17.155125622992177  0.000030520474133  0.625954146136180  3.322642887556213  14.139223197844192 -154.890560452338008
        0.000000006144573  3.262695467312355  23.866515058618162  3.076442125316329  17.155125622992177  0.000030520474133  0.625954146136180  3.322642838044976  14.139223408535036 -154.890560452338008
        0.000037777316968  3.262695467312355  23.866515058618162  3.076442125316329  17.155125622992177  0.000030520474133  0.625954146136180  3.322642838044976  14.139223197844192 -154.890562760387212
        0.000037632875774  3.264297097615322  23.739436321552656  3.038656451330705  17.080538304728289  0.000008695165321  0.625865700585973  3.322757623892299  14.096990997922571 -154.890560896623555
        0.000000018702391  3.264297146257140  23.739436321552656  3.038656451330705  17.080538304728289  0.000008695165321  0.625865700585973  3.322757623892299  14.096990997922571 -154.890560896623555
        0.000000019240108  3.264297097615322  23.739436675297824  3.038656451330705  17.080538304728289  0.000008695165321  0.625865700585973  3.322757623892299  14.096990997922571 -154.890560896623555
        0.000000002154683  3.264297097615322  23.739436321552656  3.038656496610215  17.080538304728289  0.000008695165321  0.625865700585973  3.322757623892299  14.096990997922571 -154.890560896623555
        0.000000001184901  3.264297097615322  23.739436321552656  3.038656451330705  17.080538559248144  0.000008695165321  0.625865700585973  3.322757623892299  14.096990997922571 -154.890560896623555
        0.000000001146008  3.264297097615322  23.739436321552656  3.038656451330705  17.080538304728289  0.000008710066482  0.625865700585973  3.322757623892299  14.096990997922571 -154.890560896623555
        0.000000006246364  3.264297097615322  23.739436321552656  3.038656451330705  17.080538304728289  0.000008695165321  0.625865715487134  3.322757623892299  14.096990997922571 -154.890560896623555
        0.000000007634418  3.264297097615322  23.739436321552656  3.038656451330705  17.080538304728289  0.000008695165321  0.625865700585973  3.322757673405246  14.096990997922571 -154.890560896623555
        0.000000006161150  3.264297097615322  23.739436321552656  3.038656451330705  17.080538304728289  0.000008695165321  0.625865700585973  3.322757623892299  14.096991207984106 -154.890560896623555
        0.000037777317293  3.264297097615322  23.739436321552656  3.038656451330705  17.080538304728289  0.000008695165321  0.625865700585973  3.322757623892299  14.096990997922571 -154.890563204672759
        0.000037642867062  3.264278623039921  23.741362619130502  3.050268683606200  17.073038821274718  0.000000027016660  0.625911502172469  3.322704387359370  14.097845697984120 -154.890560685112519
        0.000000018702526  3.264278671681462  23.741362619130502  3.050268683606200  17.073038821274718  0.000000027016660  0.625911502172469  3.322704387359370  14.097845697984120 -154.890560685112519
        0.000000019240342  3.264278623039921  23.741362972904373  3.050268683606200  17.073038821274718  0.000000027016660  0.625911502172469  3.322704387359370  14.097845697984120 -154.890560685112519
        0.000000002154601  3.264278623039921  23.741362619130502  3.050268729058745  17.073038821274718  0.000000027016660  0.625911502172469  3.322704387359370  14.097845697984120 -154.890560685112519
        0.000000001183843  3.264278623039921  23.741362619130502  3.050268683606200  17.073039075682821  0.000000027016660  0.625911502172469  3.322704387359370  14.097845697984120 -154.890560685112519
        0.000000001145439  3.264278623039921  23.741362619130502  3.050268683606200  17.073038821274718  0.000000041917821  0.625911502172469  3.322704387359370  14.097845697984120 -154.890560685112519
        0.000000006246429  3.264278623039921  23.741362619130502  3.050268683606200  17.073038821274718  0.000000027016660  0.625911517073630  3.322704387359370  14.097845697984120 -154.890560685112519
        0.000000007634778  3.264278623039921  23.741362619130502  3.050268683606200  17.073038821274718  0.000000027016660  0.625911502172469  3.322704436871524  14.097845697984120 -154.890560685112519
        0.000000006161067  3.264278623039921  23.741362619130502  3.050268683606200  17.073038821274718  0.000000027016660  0.625911502172469  3.322704387359370  14.097845908058391 -154.890560685112519
        0.000037777317100  3.264278623039921  23.741362619130502  3.050268683606200  17.073038821274718  0.000000027016660  0.625911502172469  3.322704387359370  14.097845697984120 -154.890562993161723
2022-08-18 04:19:22.869278
