/projects/wagner/highthroughput/mick_graphene_paper/3_data/1_kc_fitting
2023-06-01 19:00:24.091855
use a starting guess from the old fit
starting guess parameters:  [ 3.37006089e+00  2.17833385e+01  1.04693887e+01  8.86496249e+00
  1.31573765e-05  7.23952360e-01  3.28314592e+00  1.30901596e+01
 -1.54590379e+02]
     1025.509994320580063  3.370060885645178  21.783338516870739  10.469388694543325  8.864962486046355  0.000013157376477  0.723952360283636  3.283145920221462  13.090159601618883 -154.590378722241923
        0.000000012842762  3.370060935862998  21.783338516870739  10.469388694543325  8.864962486046355  0.000013157376477  0.723952360283636  3.283145920221462  13.090159601618883 -154.590378722241923
        0.000000011578739  3.370060885645178  21.783338841467778  10.469388694543325  8.864962486046355  0.000013157376477  0.723952360283636  3.283145920221462  13.090159601618883 -154.590378722241923
        0.000000001419287  3.370060885645178  21.783338516870739  10.469388850549374  8.864962486046355  0.000013157376477  0.723952360283636  3.283145920221462  13.090159601618883 -154.590378722241923
        0.000000000243239  3.370060885645178  21.783338516870739  10.469388694543325  8.864962618144590  0.000013157376477  0.723952360283636  3.283145920221462  13.090159601618883 -154.590378722241923
        0.000000000451910  3.370060885645178  21.783338516870739  10.469388694543325  8.864962486046355  0.000013172277638  0.723952360283636  3.283145920221462  13.090159601618883 -154.590378722241923
        0.000000003998539  3.370060885645178  21.783338516870739  10.469388694543325  8.864962486046355  0.000013157376477  0.723952375184798  3.283145920221462  13.090159601618883 -154.590378722241923
        0.000000003161800  3.370060885645178  21.783338516870739  10.469388694543325  8.864962486046355  0.000013157376477  0.723952360283636  3.283145969144149  13.090159601618883 -154.590378722241923
        0.000000004375995  3.370060885645178  21.783338516870739  10.469388694543325  8.864962486046355  0.000013157376477  0.723952360283636  3.283145920221462  13.090159796677462 -154.590378722241923
        0.000015277711498  3.370060885645178  21.783338516870739  10.469388694543325  8.864962486046355  0.000013157376477  0.723952360283636  3.283145920221462  13.090159601618883 -154.590381025818061
        0.000499980883853  3.373602628980637  21.764242113500650  10.420470945020814  8.939068330132942  0.000013115431144  0.725508519754539  3.250739339310483  13.134377116396914 -154.590366553461962
        0.000000012670703  3.373602679251233  21.764242113500650  10.420470945020814  8.939068330132942  0.000013115431144  0.725508519754539  3.250739339310483  13.134377116396914 -154.590366553461962
        0.000000011412170  3.373602628980637  21.764242437813131  10.420470945020814  8.939068330132942  0.000013115431144  0.725508519754539  3.250739339310483  13.134377116396914 -154.590366553461962
        0.000000001422107  3.373602628980637  21.764242113500650  10.420471100297931  8.939068330132942  0.000013115431144  0.725508519754539  3.250739339310483  13.134377116396914 -154.590366553461962
        0.000000000252593  3.373602628980637  21.764242113500650  10.420470945020814  8.939068463335440  0.000013115431144  0.725508519754539  3.250739339310483  13.134377116396914 -154.590366553461962
        0.000000000461882  3.373602628980637  21.764242113500650  10.420470945020814  8.939068330132942  0.000013130332306  0.725508519754539  3.250739339310483  13.134377116396914 -154.590366553461962
        0.000000004047017  3.373602628980637  21.764242113500650  10.420470945020814  8.939068330132942  0.000013115431144  0.725508534655700  3.250739339310483  13.134377116396914 -154.590366553461962
        0.000000003203716  3.373602628980637  21.764242113500650  10.420470945020814  8.939068330132942  0.000013115431144  0.725508519754539  3.250739387750274  13.134377116396914 -154.590366553461962
        0.000000004414459  3.373602628980637  21.764242113500650  10.420470945020814  8.939068330132942  0.000013115431144  0.725508519754539  3.250739339310483  13.134377312114385 -154.590366553461962
        0.000015277686199  3.373602628980637  21.764242113500650  10.420470945020814  8.939068330132942  0.000013115431144  0.725508519754539  3.250739339310483  13.134377116396914 -154.590368857037930
        0.000026138949601  3.373621644277457  21.764242415744139  10.420471073987445  8.939068629008947  0.000013627043626  0.725524712242682  3.250742407912748  13.134368476503413 -154.590365558654611
        0.000000012672355  3.373621694548337  21.764242415744139  10.420471073987445  8.939068629008947  0.000013627043626  0.725524712242682  3.250742407912748  13.134368476503413 -154.590365558654611
        0.000000011413644  3.373621644277457  21.764242740056623  10.420471073987445  8.939068629008947  0.000013627043626  0.725524712242682  3.250742407912748  13.134368476503413 -154.590365558654611
        0.000000001422233  3.373621644277457  21.764242415744139  10.420471229264564  8.939068629008947  0.000013627043626  0.725524712242682  3.250742407912748  13.134368476503413 -154.590365558654611
        0.000000000252638  3.373621644277457  21.764242415744139  10.420471073987445  8.939068762211450  0.000013627043626  0.725524712242682  3.250742407912748  13.134368476503413 -154.590365558654611
        0.000000000461930  3.373621644277457  21.764242415744139  10.420471073987445  8.939068629008947  0.000013641944788  0.725524712242682  3.250742407912748  13.134368476503413 -154.590365558654611
        0.000000004047273  3.373621644277457  21.764242415744139  10.420471073987445  8.939068629008947  0.000013627043626  0.725524727143844  3.250742407912748  13.134368476503413 -154.590365558654611
        0.000000003203769  3.373621644277457  21.764242415744139  10.420471073987445  8.939068629008947  0.000013627043626  0.725524712242682  3.250742456352584  13.134368476503413 -154.590365558654611
        0.000000004414823  3.373621644277457  21.764242415744139  10.420471073987445  8.939068629008947  0.000013627043626  0.725524712242682  3.250742407912748  13.134368672220754 -154.590365558654611
        0.000015277686147  3.373621644277457  21.764242415744139  10.420471073987445  8.939068629008947  0.000013627043626  0.725524712242682  3.250742407912748  13.134368476503413 -154.590367862230579
        0.121340179000129  3.680804139178512  0.035296603325186  0.000021020964535  0.042190291788311  0.000012955293568  0.725213414554465  3.250443148339444  5.960419734125496 -154.590364542367553
        0.117998709621250  3.450387892284488  16.342362202881144  7.319058891932990  7.450450034609958  0.000004089031557  0.717582186713256  3.251504055007125  11.337716191689383 -154.590367675208881
        0.003320866134128  3.390529087057971  20.576577723528587  9.348777548383763  9.185428569902182  0.000004054639105  0.717628939744205  3.251564531312251  12.735661303535460 -154.590367879024683
        0.000107932809647  3.374079371037566  21.736702838264609  10.172330685636176  9.272530979762150  0.000003199057418  0.721811333166972  3.251190173579601  13.122461858725730 -154.590366800369310
        0.000000012678140  3.374079421315267  21.736702838264609  10.172330685636176  9.272530979762150  0.000003199057418  0.721811333166972  3.251190173579601  13.122461858725730 -154.590366800369310
        0.000000011423434  3.374079371037566  21.736703162166723  10.172330685636176  9.272530979762150  0.000003199057418  0.721811333166972  3.251190173579601  13.122461858725730 -154.590366800369310
        0.000000001425678  3.374079371037566  21.736702838264609  10.172330837215716  9.272530979762150  0.000003199057418  0.721811333166972  3.251190173579601  13.122461858725730 -154.590366800369310
        0.000000000275698  3.374079371037566  21.736702838264609  10.172330685636176  9.272531117933630  0.000003199057418  0.721811333166972  3.251190173579601  13.122461858725730 -154.590366800369310
        0.000000000481489  3.374079371037566  21.736702838264609  10.172330685636176  9.272530979762150  0.000003213958579  0.721811333166972  3.251190173579601  13.122461858725730 -154.590366800369310
        0.000000004077982  3.374079371037566  21.736702838264609  10.172330685636176  9.272530979762150  0.000003199057418  0.721811348068133  3.251190173579601  13.122461858725730 -154.590366800369310
        0.000000003227185  3.374079371037566  21.736702838264609  10.172330685636176  9.272530979762150  0.000003199057418  0.721811333166972  3.251190222026110  13.122461858725730 -154.590366800369310
        0.000000004419147  3.374079371037566  21.736702838264609  10.172330685636176  9.272530979762150  0.000003199057418  0.721811333166972  3.251190173579601  13.122462054265650 -154.590366800369310
        0.000015277686374  3.374079371037566  21.736702838264609  10.172330685636176  9.272530979762150  0.000003199057418  0.721811333166972  3.251190173579601  13.122461858725730 -154.590369103945278
        0.000018691869409  3.374081702669997  21.736725341451546  10.172404522276697  9.272501200669515  0.000258735629361  0.721815520022561  3.251188686194563  13.122405183774116 -154.590366801151788
        0.000000012678736  3.374081752947732  21.736725341451546  10.172404522276697  9.272501200669515  0.000258735629361  0.721815520022561  3.251188686194563  13.122405183774116 -154.590366801151788
        0.000000011424000  3.374081702669997  21.736725665353994  10.172404522276697  9.272501200669515  0.000258735629361  0.721815520022561  3.251188686194563  13.122405183774116 -154.590366801151788
        0.000000001425653  3.374081702669997  21.736725341451546  10.172404673857336  9.272501200669515  0.000258735629361  0.721815520022561  3.251188686194563  13.122405183774116 -154.590366801151788
        0.000000000275692  3.374081702669997  21.736725341451546  10.172404522276697  9.272501338840550  0.000258735629361  0.721815520022561  3.251188686194563  13.122405183774116 -154.590366801151788
        0.000000000481481  3.374081702669997  21.736725341451546  10.172404522276697  9.272501200669515  0.000258750530523  0.721815520022561  3.251188686194563  13.122405183774116 -154.590366801151788
        0.000000004078009  3.374081702669997  21.736725341451546  10.172404522276697  9.272501200669515  0.000258735629361  0.721815534923722  3.251188686194563  13.122405183774116 -154.590366801151788
        0.000000003227242  3.374081702669997  21.736725341451546  10.172404522276697  9.272501200669515  0.000258735629361  0.721815520022561  3.251188734641050  13.122405183774116 -154.590366801151788
        0.000000004419183  3.374081702669997  21.736725341451546  10.172404522276697  9.272501200669515  0.000258735629361  0.721815520022561  3.251188686194563  13.122405379313191 -154.590366801151788
        0.000015277686374  3.374081702669997  21.736725341451546  10.172404522276697  9.272501200669515  0.000258735629361  0.721815520022561  3.251188686194563  13.122405183774116 -154.590369104727756
        0.000044514970995  3.378390469885636  21.434504925097624  9.786730705783182  9.475820018512360  0.000116809661680  0.718429297642973  3.251581228044230  13.019348158149446 -154.590367867395400
        0.000000012706180  3.378390520227577  21.434504925097624  9.786730705783182  9.475820018512360  0.000116809661680  0.718429297642973  3.251581228044230  13.019348158149446 -154.590367867395400
        0.000000011453666  3.378390469885636  21.434505244496638  9.786730705783182  9.475820018512360  0.000116809661680  0.718429297642973  3.251581228044230  13.019348158149446 -154.590367867395400
        0.000000001428976  3.378390469885636  21.434504925097624  9.786730851616833  9.475820018512360  0.000116809661680  0.718429297642973  3.251581228044230  13.019348158149446 -154.590367867395400
        0.000000000299822  3.378390469885636  21.434504925097624  9.786730705783182  9.475820159713082  0.000116809661680  0.718429297642973  3.251581228044230  13.019348158149446 -154.590367867395400
        0.000000000498747  3.378390469885636  21.434504925097624  9.786730705783182  9.475820018512360  0.000116824562841  0.718429297642973  3.251581228044230  13.019348158149446 -154.590367867395400
        0.000000004103987  3.378390469885636  21.434504925097624  9.786730705783182  9.475820018512360  0.000116809661680  0.718429312544134  3.251581228044230  13.019348158149446 -154.590367867395400
        0.000000003224403  3.378390469885636  21.434504925097624  9.786730705783182  9.475820018512360  0.000116809661680  0.718429297642973  3.251581276496566  13.019348158149446 -154.590367867395400
        0.000000004453295  3.378390469885636  21.434504925097624  9.786730705783182  9.475820018512360  0.000116809661680  0.718429297642973  3.251581228044230  13.019348352152852 -154.590367867395400
        0.000015277687111  3.378390469885636  21.434504925097624  9.786730705783182  9.475820018512360  0.000116809661680  0.718429297642973  3.251581228044230  13.019348158149446 -154.590370170971397
        0.000057471247264  3.389155784791373  20.685790021419631  9.420497768290348  9.171453385849546  0.000028156174361  0.718160272457710  3.251680241411657  12.770354397102071 -154.590368099854800
        0.000059315846058  3.381090512653848  21.247764352791823  9.678924281210707  9.417298738043083  0.000039324048333  0.718187544165406  3.251686746824471  12.956818258745086 -154.590368100714244
        0.000000012723554  3.381090563036023  21.247764352791823  9.678924281210707  9.417298738043083  0.000039324048333  0.718187544165406  3.251686746824471  12.956818258745086 -154.590368100714244
        0.000000011470130  3.381090512653848  21.247764669408184  9.678924281210707  9.417298738043083  0.000039324048333  0.718187544165406  3.251686746824471  12.956818258745086 -154.590368100714244
        0.000000001429369  3.381090512653848  21.247764352791823  9.678924425437918  9.417298738043083  0.000039324048333  0.718187544165406  3.251686746824471  12.956818258745086 -154.590368100714244
        0.000000000301764  3.381090512653848  21.247764352791823  9.678924281210707  9.417298878371771  0.000039324048333  0.718187544165406  3.251686746824471  12.956818258745086 -154.590368100714244
        0.000000000498938  3.381090512653848  21.247764352791823  9.678924281210707  9.417298738043083  0.000039338949494  0.718187544165406  3.251686746824471  12.956818258745086 -154.590368100714244
        0.000000004104452  3.381090512653848  21.247764352791823  9.678924281210707  9.417298738043083  0.000039324048333  0.718187559066567  3.251686746824471  12.956818258745086 -154.590368100714244
        0.000000003209091  3.381090512653848  21.247764352791823  9.678924281210707  9.417298738043083  0.000039324048333  0.718187544165406  3.251686795278379  12.956818258745086 -154.590368100714244
        0.000000004474869  3.381090512653848  21.247764352791823  9.678924281210707  9.417298738043083  0.000039324048333  0.718187544165406  3.251686746824471  12.956818451816723 -154.590368100714244
        0.000015277687141  3.381090512653848  21.247764352791823  9.678924281210707  9.417298738043083  0.000039324048333  0.718187544165406  3.251686746824471  12.956818258745086 -154.590370404290240
        0.000017045404639  3.381092515623619  21.247754021358073  9.678955954844813  9.417282070066280  0.000138105030494  0.718190229369114  3.251685735535664  12.956770665133780 -154.590368101398468
        0.000000012723871  3.381092566005823  21.247754021358073  9.678955954844813  9.417282070066280  0.000138105030494  0.718190229369114  3.251685735535664  12.956770665133780 -154.590368101398468
        0.000000011470403  3.381092515623619  21.247754337974282  9.678955954844813  9.417282070066280  0.000138105030494  0.718190229369114  3.251685735535664  12.956770665133780 -154.590368101398468
        0.000000001429377  3.381092515623619  21.247754021358073  9.678956099072495  9.417282070066280  0.000138105030494  0.718190229369114  3.251685735535664  12.956770665133780 -154.590368101398468
        0.000000000301773  3.381092515623619  21.247754021358073  9.678955954844813  9.417282210394719  0.000138105030494  0.718190229369114  3.251685735535664  12.956770665133780 -154.590368101398468
        0.000000000498959  3.381092515623619  21.247754021358073  9.678955954844813  9.417282070066280  0.000138119931656  0.718190229369114  3.251685735535664  12.956770665133780 -154.590368101398468
        0.000000004104484  3.381092515623619  21.247754021358073  9.678955954844813  9.417282070066280  0.000138105030494  0.718190244270276  3.251685735535664  12.956770665133780 -154.590368101398468
        0.000000003209124  3.381092515623619  21.247754021358073  9.678955954844813  9.417282070066280  0.000138105030494  0.718190229369114  3.251685783989557  12.956770665133780 -154.590368101398468
        0.000000004474875  3.381092515623619  21.247754021358073  9.678955954844813  9.417282070066280  0.000138105030494  0.718190229369114  3.251685735535664  12.956770858204708 -154.590368101398468
        0.000015277687180  3.381092515623619  21.247754021358073  9.678955954844813  9.417282070066280  0.000138105030494  0.718190229369114  3.251685735535664  12.956770665133780 -154.590370404974465
        0.000015202433790  3.383729928857171  21.066575011733114  9.575424658348833  9.364819414855880  0.000084252983430  0.717904999602526  3.251711829826404  12.896139370624017 -154.590368165780234
        0.000000012740361  3.383729979278676  21.066575011733114  9.575424658348833  9.364819414855880  0.000084252983430  0.717904999602526  3.251711829826404  12.896139370624017 -154.590368165780234
        0.000000011486142  3.383729928857171  21.066575325649545  9.575424658348833  9.364819414855880  0.000084252983430  0.717904999602526  3.251711829826404  12.896139370624017 -154.590368165780234
        0.000000001429673  3.383729928857171  21.066575011733114  9.575424801033780  9.364819414855880  0.000084252983430  0.717904999602526  3.251711829826404  12.896139370624017 -154.590368165780234
        0.000000000303868  3.383729928857171  21.066575011733114  9.575424658348833  9.364819554402564  0.000084252983430  0.717904999602526  3.251711829826404  12.896139370624017 -154.590368165780234
        0.000000000499388  3.383729928857171  21.066575011733114  9.575424658348833  9.364819414855880  0.000084267884591  0.717904999602526  3.251711829826404  12.896139370624017 -154.590368165780234
        0.000000004105640  3.383729928857171  21.066575011733114  9.575424658348833  9.364819414855880  0.000084252983430  0.717905014503687  3.251711829826404  12.896139370624017 -154.590368165780234
        0.000000003194896  3.383729928857171  21.066575011733114  9.575424658348833  9.364819414855880  0.000084252983430  0.717904999602526  3.251711878280686  12.896139370624017 -154.590368165780234
        0.000000004495910  3.383729928857171  21.066575011733114  9.575424658348833  9.364819414855880  0.000084252983430  0.717904999602526  3.251711829826404  12.896139562791468 -154.590368165780234
        0.000015277687188  3.383729928857171  21.066575011733114  9.575424658348833  9.364819414855880  0.000084252983430  0.717904999602526  3.251711829826404  12.896139370624017 -154.590370469356230
        0.000015639094778  3.383734430182650  21.066575081732108  9.575424681293351  9.364819456381600  0.000084280065146  0.717907662789944  3.251712535926170  12.896138107569509 -154.590368201583175
        0.000000012740720  3.383734480604223  21.066575081732108  9.575424681293351  9.364819456381600  0.000084280065146  0.717907662789944  3.251712535926170  12.896138107569509 -154.590368201583175
        0.000000011486466  3.383734430182650  21.066575395648538  9.575424681293351  9.364819456381600  0.000084280065146  0.717907662789944  3.251712535926170  12.896138107569509 -154.590368201583175
        0.000000001429691  3.383734430182650  21.066575081732108  9.575424823978297  9.364819456381600  0.000084280065146  0.717907662789944  3.251712535926170  12.896138107569509 -154.590368201583175
        0.000000000303895  3.383734430182650  21.066575081732108  9.575424681293351  9.364819595928283  0.000084280065146  0.717907662789944  3.251712535926170  12.896138107569509 -154.590368201583175
        0.000000000499404  3.383734430182650  21.066575081732108  9.575424681293351  9.364819456381600  0.000084294966307  0.717907662789944  3.251712535926170  12.896138107569509 -154.590368201583175
        0.000000004105679  3.383734430182650  21.066575081732108  9.575424681293351  9.364819456381600  0.000084280065146  0.717907677691105  3.251712535926170  12.896138107569509 -154.590368201583175
        0.000000003194908  3.383734430182650  21.066575081732108  9.575424681293351  9.364819456381600  0.000084280065146  0.717907662789944  3.251712584380463  12.896138107569509 -154.590368201583175
        0.000000004495972  3.383734430182650  21.066575081732108  9.575424681293351  9.364819456381600  0.000084280065146  0.717907662789944  3.251712535926170  12.896138299736942 -154.590368201583175
        0.000015277687197  3.383734430182650  21.066575081732108  9.575424681293351  9.364819456381600  0.000084280065146  0.717907662789944  3.251712535926170  12.896138107569509 -154.590370505159171
        0.000014537201674  3.385364033973325  20.955329662352032  9.524741576718347  9.315650768040129  0.000037664016857  0.717898454177411  3.251710204485909  12.858962154450765 -154.590368149399382
        0.000001360918782  3.384137327309507  21.039355506051240  9.563053708720773  9.352828506869754  0.000058432089474  0.717899952042340  3.251709621198424  12.887017970094751 -154.590368148398824
        0.000000012743283  3.384137377737083  21.039355506051240  9.563053708720773  9.352828506869754  0.000058432089474  0.717899952042340  3.251709621198424  12.887017970094751 -154.590368148398824
        0.000000011488870  3.384137327309507  21.039355819562068  9.563053708720773  9.352828506869754  0.000058432089474  0.717899952042340  3.251709621198424  12.887017970094751 -154.590368148398824
        0.000000001429740  3.384137327309507  21.039355506051240  9.563053851221378  9.352828506869754  0.000058432089474  0.717899952042340  3.251709621198424  12.887017970094751 -154.590368148398824
        0.000000000303908  3.384137327309507  21.039355506051240  9.563053708720773  9.352828646237759  0.000058432089474  0.717899952042340  3.251709621198424  12.887017970094751 -154.590368148398824
        0.000000000499241  3.384137327309507  21.039355506051240  9.563053708720773  9.352828506869754  0.000058446990635  0.717899952042340  3.251709621198424  12.887017970094751 -154.590368148398824
        0.000000004105580  3.384137327309507  21.039355506051240  9.563053708720773  9.352828506869754  0.000058432089474  0.717899966943501  3.251709621198424  12.887017970094751 -154.590368148398824
        0.000000003192495  3.384137327309507  21.039355506051240  9.563053708720773  9.352828506869754  0.000058432089474  0.717899952042340  3.251709669652673  12.887017970094751 -154.590368148398824
        0.000000004499225  3.384137327309507  21.039355506051240  9.563053708720773  9.352828506869754  0.000058432089474  0.717899952042340  3.251709621198424  12.887018162126283 -154.590368148398824
        0.000015277687163  3.384137327309507  21.039355506051240  9.563053708720773  9.352828506869754  0.000058432089474  0.717899952042340  3.251709621198424  12.887017970094751 -154.590370451974820
        0.000015310800011  3.384147525794093  21.038366475203009  9.563644536405246  9.351016289179354  0.000040936244270  0.717912991506024  3.251737277517000  12.886664114798826 -154.590368191291020
        0.000000012743478  3.384147576221821  21.038366475203009  9.563644536405246  9.351016289179354  0.000040936244270  0.717912991506024  3.251737277517000  12.886664114798826 -154.590368191291020
        0.000000011489040  3.384147525794093  21.038366788699101  9.563644536405246  9.351016289179354  0.000040936244270  0.717912991506024  3.251737277517000  12.886664114798826 -154.590368191291020
        0.000000001429711  3.384147525794093  21.038366475203009  9.563644678914654  9.351016289179354  0.000040936244270  0.717912991506024  3.251737277517000  12.886664114798826 -154.590368191291020
        0.000000000303780  3.384147525794093  21.038366475203009  9.563644536405246  9.351016428520355  0.000040936244270  0.717912991506024  3.251737277517000  12.886664114798826 -154.590368191291020
        0.000000000499122  3.384147525794093  21.038366475203009  9.563644536405246  9.351016289179354  0.000040951145431  0.717912991506024  3.251737277517000  12.886664114798826 -154.590368191291020
        0.000000004105408  3.384147525794093  21.038366475203009  9.563644536405246  9.351016289179354  0.000040936244270  0.717913006407185  3.251737277517000  12.886664114798826 -154.590368191291020
        0.000000003192268  3.384147525794093  21.038366475203009  9.563644536405246  9.351016289179354  0.000040936244270  0.717912991506024  3.251737325971661  12.886664114798826 -154.590368191291020
        0.000000004499293  3.384147525794093  21.038366475203009  9.563644536405246  9.351016289179354  0.000040936244270  0.717912991506024  3.251737277517000  12.886664306825086 -154.590368191291020
        0.000015277687188  3.384147525794093  21.038366475203009  9.563644536405246  9.351016289179354  0.000040936244270  0.717912991506024  3.251737277517000  12.886664114798826 -154.590370494867017
2023-06-01 19:11:50.442128
