/projects/wagner/highthroughput/mick_graphene_paper/3_data/1_kc_fitting
2023-06-01 18:57:46.653073
use a starting guess from the old fit
starting guess parameters:  [ 3.37942338e+00  1.81846722e+01  1.33942071e+01  3.55913531e-03
  6.07493500e+00  7.19345289e-01  3.29308248e+00  1.39067829e+01
 -1.54589368e+02]
     1025.507820120405995  3.379423382381699  18.184672181803677  13.394207130830571  0.003559135312169  6.074935002291668  0.719345289329483  3.293082477932360  13.906782892134125 -154.589367648541639
        0.000000014064352  3.379423432739032  18.184672181803677  13.394207130830571  0.003559135312169  6.074935002291668  0.719345289329483  3.293082477932360  13.906782892134125 -154.589367648541639
        0.000000012948553  3.379423382381699  18.184672452776407  13.394207130830571  0.003559135312169  6.074935002291668  0.719345289329483  3.293082477932360  13.906782892134125 -154.589367648541639
        0.000000001160716  3.379423382381699  18.184672181803677  13.394207330419810  0.003559135312169  6.074935002291668  0.719345289329483  3.293082477932360  13.906782892134125 -154.589367648541639
        0.000000000478097  3.379423382381699  18.184672181803677  13.394207130830571  0.003559150213330  6.074935002291668  0.719345289329483  3.293082477932360  13.906782892134125 -154.589367648541639
        0.000000000825815  3.379423382381699  18.184672181803677  13.394207130830571  0.003559135312169  6.074935092815254  0.719345289329483  3.293082477932360  13.906782892134125 -154.589367648541639
        0.000000002214007  3.379423382381699  18.184672181803677  13.394207130830571  0.003559135312169  6.074935002291668  0.719345304230644  3.293082477932360  13.906782892134125 -154.589367648541639
        0.000000002625951  3.379423382381699  18.184672181803677  13.394207130830571  0.003559135312169  6.074935002291668  0.719345289329483  3.293082527003112  13.906782892134125 -154.589367648541639
        0.000000004345417  3.379423382381699  18.184672181803677  13.394207130830571  0.003559135312169  6.074935002291668  0.719345289329483  3.293082477932360  13.906783099361338 -154.589367648541639
        0.000015277412315  3.379423382381699  18.184672181803677  13.394207130830571  0.003559135312169  6.074935002291668  0.719345289329483  3.293082477932360  13.906782892134125 -154.589369952102714
        0.001543310352372  3.402649984657002  18.011903595067562  12.995752257426490  0.003581388881858  6.203632679597794  0.715849975161086  3.159748788473159  14.019656360648613 -154.589121355115367
        0.000000013580456  3.402650035360439  18.011903595067562  12.995752257426490  0.003581388881858  6.203632679597794  0.715849975161086  3.159748788473159  14.019656360648613 -154.589121355115367
        0.000000012460523  3.402649984657002  18.011903863465839  12.995752257426490  0.003581388881858  6.203632679597794  0.715849975161086  3.159748788473159  14.019656360648613 -154.589121355115367
        0.000000001191169  3.402649984657002  18.011903595067562  12.995752451078289  0.003581388881858  6.203632679597794  0.715849975161086  3.159748788473159  14.019656360648613 -154.589121355115367
        0.000000000483295  3.402649984657002  18.011903595067562  12.995752257426490  0.003581403783019  6.203632679597794  0.715849975161086  3.159748788473159  14.019656360648613 -154.589121355115367
        0.000000000916677  3.402649984657002  18.011903595067562  12.995752257426490  0.003581388881858  6.203632772039124  0.715849975161086  3.159748788473159  14.019656360648613 -154.589121355115367
        0.000000002263219  3.402649984657002  18.011903595067562  12.995752257426490  0.003581388881858  6.203632679597794  0.715849990062247  3.159748788473159  14.019656360648613 -154.589121355115367
        0.000000002727370  3.402649984657002  18.011903595067562  12.995752257426490  0.003581388881858  6.203632679597794  0.715849975161086  3.159748835557085  14.019656360648613 -154.589121355115367
        0.000000004599229  3.402649984657002  18.011903595067562  12.995752257426490  0.003581388881858  6.203632679597794  0.715849975161086  3.159748788473159  14.019656569557773 -154.589121355115367
        0.000015277252740  3.402649984657002  18.011903595067562  12.995752257426490  0.003581388881858  6.203632679597794  0.715849975161086  3.159748788473159  14.019656360648613 -154.589123658672776
        0.131321486204167  3.718589717992315  0.043478001480381  0.127407183457578  0.317224562378699  0.000023675323535  0.707850651650401  3.159224360852216  6.212028336173429 -154.589120172532773
        0.131323238900930  3.402710327481800  18.011903928171257  12.995752526020775  0.003581867838513  6.203633619220771  0.715871216191210  3.159756809050559  14.019656837854273 -154.589129168245279
        0.000000013584844  3.402710378186135  18.011903928171257  12.995752526020775  0.003581867838513  6.203633619220771  0.715871216191210  3.159756809050559  14.019656837854273 -154.589129168245279
        0.000000012464512  3.402710327481800  18.011904196569542  12.995752526020775  0.003581867838513  6.203633619220771  0.715871216191210  3.159756809050559  14.019656837854273 -154.589129168245279
        0.000000001191403  3.402710327481800  18.011903928171257  12.995752719672579  0.003581867838513  6.203633619220771  0.715871216191210  3.159756809050559  14.019656837854273 -154.589129168245279
        0.000000000483395  3.402710327481800  18.011903928171257  12.995752526020775  0.003581882739674  6.203633619220771  0.715871216191210  3.159756809050559  14.019656837854273 -154.589129168245279
        0.000000000916822  3.402710327481800  18.011903928171257  12.995752526020775  0.003581867838513  6.203633711662115  0.715871216191210  3.159756809050559  14.019656837854273 -154.589129168245279
        0.000000002263690  3.402710327481800  18.011903928171257  12.995752526020775  0.003581867838513  6.203633619220771  0.715871231092371  3.159756809050559  14.019656837854273 -154.589129168245279
        0.000000002727543  3.402710327481800  18.011903928171257  12.995752526020775  0.003581867838513  6.203633619220771  0.715871216191210  3.159756856134604  14.019656837854273 -154.589129168245279
        0.000000004600405  3.402710327481800  18.011903928171257  12.995752526020775  0.003581867838513  6.203633619220771  0.715871216191210  3.159756809050559  14.019657046763440 -154.589129168245279
        0.000015277253207  3.402710327481800  18.011903928171257  12.995752526020775  0.003581867838513  6.203633619220771  0.715871216191210  3.159756809050559  14.019656837854273 -154.589131471802801
        0.000119565507566  3.402727964945650  18.010462845117438  12.990186128766815  0.011331830006437  6.204425861874561  0.716250895832395  3.159736890469979  14.019606541292752 -154.589128802696649
        0.000000013596375  3.402728015650248  18.010462845117438  12.990186128766815  0.011331830006437  6.204425861874561  0.716250895832395  3.159736890469979  14.019606541292752 -154.589128802696649
        0.000000012475078  3.402727964945650  18.010463113494247  12.990186128766815  0.011331830006437  6.204425861874561  0.716250895832395  3.159736890469979  14.019606541292752 -154.589128802696649
        0.000000001191308  3.402727964945650  18.010462845117438  12.990186322335672  0.011331830006437  6.204425861874561  0.716250895832395  3.159736890469979  14.019606541292752 -154.589128802696649
        0.000000000483514  3.402727964945650  18.010462845117438  12.990186128766815  0.011331844907598  6.204425861874561  0.716250895832395  3.159736890469979  14.019606541292752 -154.589128802696649
        0.000000000916956  3.402727964945650  18.010462845117438  12.990186128766815  0.011331830006437  6.204425954327711  0.716250895832395  3.159736890469979  14.019606541292752 -154.589128802696649
        0.000000002263813  3.402727964945650  18.010462845117438  12.990186128766815  0.011331830006437  6.204425861874561  0.716250910733556  3.159736890469979  14.019606541292752 -154.589128802696649
        0.000000002727389  3.402727964945650  18.010462845117438  12.990186128766815  0.011331830006437  6.204425861874561  0.716250895832395  3.159736937553728  14.019606541292752 -154.589128802696649
        0.000000004600942  3.402727964945650  18.010462845117438  12.990186128766815  0.011331830006437  6.204425861874561  0.716250895832395  3.159736890469979  14.019606750201170 -154.589128802696649
        0.000015277253126  3.402727964945650  18.010462845117438  12.990186128766815  0.011331830006437  6.204425861874561  0.716250895832395  3.159736890469979  14.019606541292752 -154.589131106254172
        0.008194535401827  3.414769118631712  17.152969589709450  14.995886876785329  5.661749443445641  6.389787914989802  0.548532239288880  3.153976622595334  13.858506671643047 -154.588995887270784
        0.007817699032056  3.406664628753569  17.654498118182204  13.611691725233792  1.340641338438307  6.489750427301445  0.669852485519921  3.154453945698281  14.052049431816094 -154.589001804371520
        0.000571192326529  3.404471302965087  17.847271223288679  13.187712533377240  0.261359165478568  6.441174496207029  0.703416651080474  3.154962332542910  14.097877450318402 -154.589008473870308
        0.000000013663652  3.404471353695663  17.847271223288679  13.187712533377240  0.261359165478568  6.441174496207029  0.703416651080474  3.154962332542910  14.097877450318402 -154.589008473870308
        0.000000012562612  3.404471302965087  17.847271489233744  13.187712533377240  0.261359165478568  6.441174496207029  0.703416651080474  3.154962332542910  14.097877450318402 -154.589008473870308
        0.000000001186371  3.404471302965087  17.847271223288679  13.187712729889471  0.261359165478568  6.441174496207029  0.703416651080474  3.154962332542910  14.097877450318402 -154.589008473870308
        0.000000000483279  3.404471302965087  17.847271223288679  13.187712533377240  0.261359180379729  6.441174496207029  0.703416651080474  3.154962332542910  14.097877450318402 -154.589008473870308
        0.000000000962087  3.404471302965087  17.847271223288679  13.187712533377240  0.261359165478568  6.441174592188009  0.703416651080474  3.154962332542910  14.097877450318402 -154.589008473870308
        0.000000002260250  3.404471302965087  17.847271223288679  13.187712533377240  0.261359165478568  6.441174496207029  0.703416665981635  3.154962332542910  14.097877450318402 -154.589008473870308
        0.000000002768010  3.404471302965087  17.847271223288679  13.187712533377240  0.261359165478568  6.441174496207029  0.703416651080474  3.154962379555513  14.097877450318402 -154.589008473870308
        0.000000004627373  3.404471302965087  17.847271223288679  13.187712533377240  0.261359165478568  6.441174496207029  0.703416651080474  3.154962332542910  14.097877660393147 -154.589008473870308
        0.000015277216794  3.404471302965087  17.847271223288679  13.187712533377240  0.261359165478568  6.441174496207029  0.703416651080474  3.154962332542910  14.097877450318402 -154.589010777426040
        0.000172191283664  3.403866581327128  17.736039563600059  13.573926363220604  0.869893787175049  6.645758836273141  0.680071690200921  3.154417337751511  14.129096758013137 -154.588993908379251
        0.000160623533097  3.404463268655676  17.773810474406428  13.307867757134263  0.337634300924279  6.542166758032436  0.697522949126273  3.154508459360188  14.109086694149259 -154.588997815704033
        0.000000013663055  3.404463319386132  17.773810474406428  13.307867757134263  0.337634300924279  6.542166758032436  0.697522949126273  3.154508459360188  14.109086694149259 -154.588997815704033
        0.000000012573337  3.404463268655676  17.773810739256842  13.307867757134263  0.337634300924279  6.542166758032436  0.697522949126273  3.154508459360188  14.109086694149259 -154.588997815704033
        0.000000001182009  3.404463268655676  17.773810474406428  13.307867955436945  0.337634300924279  6.542166758032436  0.697522949126273  3.154508459360188  14.109086694149259 -154.588997815704033
        0.000000000483161  3.404463268655676  17.773810474406428  13.307867757134263  0.337634315825440  6.542166758032436  0.697522949126273  3.154508459360188  14.109086694149259 -154.588997815704033
        0.000000000979192  3.404463268655676  17.773810474406428  13.307867757134263  0.337634300924279  6.542166855518317  0.697522949126273  3.154508459360188  14.109086694149259 -154.588997815704033
        0.000000002254164  3.404463268655676  17.773810474406428  13.307867757134263  0.337634300924279  6.542166758032436  0.697522964027434  3.154508459360188  14.109086694149259 -154.588997815704033
        0.000000002782692  3.404463268655676  17.773810474406428  13.307867757134263  0.337634300924279  6.542166758032436  0.697522949126273  3.154508506366027  14.109086694149259 -154.588997815704033
        0.000000004620941  3.404463268655676  17.773810474406428  13.307867757134263  0.337634300924279  6.542166758032436  0.697522949126273  3.154508459360188  14.109086904391035 -154.588997815704033
        0.000015277213452  3.404463268655676  17.773810474406428  13.307867757134263  0.337634300924279  6.542166758032436  0.697522949126273  3.154508459360188  14.109086694149259 -154.589000119259595
        0.000036263754485  3.406629807136703  17.596119244562658  13.322658480425099  0.394518893426963  6.567846479519867  0.692812552590399  3.154567099333584  14.058272821216157 -154.588995576524269
        0.000000013678069  3.406629857899443  17.596119244562658  13.322658480425099  0.394518893426963  6.567846479519867  0.692812552590399  3.154567099333584  14.058272821216157 -154.588995576524269
        0.000000012596230  3.406629807136703  17.596119506765266  13.322658480425099  0.394518893426963  6.567846479519867  0.692812552590399  3.154567099333584  14.058272821216157 -154.588995576524269
        0.000000001178962  3.406629807136703  17.596119244562658  13.322658678948182  0.394518893426963  6.567846479519867  0.692812552590399  3.154567099333584  14.058272821216157 -154.588995576524269
        0.000000000482943  3.406629807136703  17.596119244562658  13.322658480425099  0.394518908328124  6.567846479519867  0.692812552590399  3.154567099333584  14.058272821216157 -154.588995576524269
        0.000000000990799  3.406629807136703  17.596119244562658  13.322658480425099  0.394518893426963  6.567846577388406  0.692812552590399  3.154567099333584  14.058272821216157 -154.588995576524269
        0.000000002252140  3.406629807136703  17.596119244562658  13.322658480425099  0.394518893426963  6.567846479519867  0.692812567491561  3.154567099333584  14.058272821216157 -154.588995576524269
        0.000000002783264  3.406629807136703  17.596119244562658  13.322658480425099  0.394518893426963  6.567846479519867  0.692812552590399  3.154567146340297  14.058272821216157 -154.588995576524269
        0.000000004634699  3.406629807136703  17.596119244562658  13.322658480425099  0.394518893426963  6.567846479519867  0.692812552590399  3.154567099333584  14.058273030700747 -154.588995576524269
        0.000015277212655  3.406629807136703  17.596119244562658  13.322658480425099  0.394518893426963  6.567846479519867  0.692812552590399  3.154567099333584  14.058272821216157 -154.588997880079802
        0.000029867440404  3.412442657931130  17.267282193069857  13.081642098034331  0.356851829159009  6.458045928638672  0.693197614519348  3.154279621524137  13.917122830401265 -154.588993413874647
        0.000021528487537  3.408029169587287  17.516294908133098  13.263813174809510  0.380440450559709  6.544510994019897  0.692992477767886  3.154293959886945  14.026116825093860 -154.588993590110476
        0.000000013685695  3.408029220370879  17.516294908133098  13.263813174809510  0.380440450559709  6.544510994019897  0.692992477767886  3.154293959886945  14.026116825093860 -154.588993590110476
        0.000000012603550  3.408029169587287  17.516295169146233  13.263813174809510  0.380440450559709  6.544510994019897  0.692992477767886  3.154293959886945  14.026116825093860 -154.588993590110476
        0.000000001178587  3.408029169587287  17.516294908133098  13.263813372455727  0.380440450559709  6.544510994019897  0.692992477767886  3.154293959886945  14.026116825093860 -154.588993590110476
        0.000000000482793  3.408029169587287  17.516294908133098  13.263813174809510  0.380440465460870  6.544510994019897  0.692992477767886  3.154293959886945  14.026116825093860 -154.588993590110476
        0.000000000991394  3.408029169587287  17.516294908133098  13.263813174809510  0.380440450559709  6.544511091540711  0.692992477767886  3.154293959886945  14.026116825093860 -154.588993590110476
        0.000000002249798  3.408029169587287  17.516294908133098  13.263813174809510  0.380440450559709  6.544510994019897  0.692992492669047  3.154293959886945  14.026116825093860 -154.588993590110476
        0.000000002775396  3.408029169587287  17.516294908133098  13.263813174809510  0.380440450559709  6.544510994019897  0.692992477767886  3.154294006889587  14.026116825093860 -154.588993590110476
        0.000000004646978  3.408029169587287  17.516294908133098  13.263813174809510  0.380440450559709  6.544510994019897  0.692992477767886  3.154293959886945  14.026117034099288 -154.588993590110476
        0.000015277211957  3.408029169587287  17.516294908133098  13.263813174809510  0.380440450559709  6.544510994019897  0.692992477767886  3.154293959886945  14.026116825093860 -154.588995893665981
        0.000015527959436  3.408025506171155  17.516389962313912  13.264832717736379  0.392230549859341  6.544804869092936  0.692727031715077  3.154286804736221  14.026297768927957 -154.588993603225447
        0.000000977451184  3.408023697710828  17.516332989234904  13.264032984311307  0.383389231972600  6.544625329803782  0.692925308434567  3.154326552453022  14.026046967454642 -154.588993831460613
        0.000000013686031  3.408023748494338  17.516332989234904  13.264032984311307  0.383389231972600  6.544625329803782  0.692925308434567  3.154326552453022  14.026046967454642 -154.588993831460613
        0.000000012603930  3.408023697710828  17.516333250248607  13.264032984311307  0.383389231972600  6.544625329803782  0.692925308434567  3.154326552453022  14.026046967454642 -154.588993831460613
        0.000000001178607  3.408023697710828  17.516332989234904  13.264033181960800  0.383389231972600  6.544625329803782  0.692925308434567  3.154326552453022  14.026046967454642 -154.588993831460613
        0.000000000482728  3.408023697710828  17.516332989234904  13.264032984311307  0.383389246873761  6.544625329803782  0.692925308434567  3.154326552453022  14.026046967454642 -154.588993831460613
        0.000000000991395  3.408023697710828  17.516332989234904  13.264032984311307  0.383389231972600  6.544625427326300  0.692925308434567  3.154326552453022  14.026046967454642 -154.588993831460613
        0.000000002250061  3.408023697710828  17.516332989234904  13.264032984311307  0.383389231972600  6.544625329803782  0.692925323335728  3.154326552453022  14.026046967454642 -154.588993831460613
        0.000000002775625  3.408023697710828  17.516332989234904  13.264032984311307  0.383389231972600  6.544625329803782  0.692925308434567  3.154326599456151  14.026046967454642 -154.588993831460613
        0.000000004646873  3.408023697710828  17.516332989234904  13.264032984311307  0.383389231972600  6.544625329803782  0.692925308434567  3.154326552453022  14.026047176459029 -154.588993831460613
        0.000015277212008  3.408023697710828  17.516332989234904  13.264032984311307  0.383389231972600  6.544625329803782  0.692925308434567  3.154326552453022  14.026046967454642 -154.588996135016117
2023-06-01 19:06:36.263279
