/projects/wagner/highthroughput/mick_graphene_paper/3_data/1_kc_fitting
2023-06-01 19:08:27.330802
use a starting guess from the old fit
starting guess parameters:  [ 3.37006089e+00  2.17833385e+01  1.04693887e+01  8.86496249e+00
  1.31573765e-05  7.23952360e-01  3.28314592e+00  1.30901596e+01
 -1.54590379e+02]
     1025.509994320580063  3.370060885645178  21.783338516870739  10.469388694543325  8.864962486046355  0.000013157376477  0.723952360283636  3.283145920221462  13.090159601618883 -154.590378722241923
        0.000000012842762  3.370060935862998  21.783338516870739  10.469388694543325  8.864962486046355  0.000013157376477  0.723952360283636  3.283145920221462  13.090159601618883 -154.590378722241923
        0.000000011578739  3.370060885645178  21.783338841467778  10.469388694543325  8.864962486046355  0.000013157376477  0.723952360283636  3.283145920221462  13.090159601618883 -154.590378722241923
        0.000000001419287  3.370060885645178  21.783338516870739  10.469388850549374  8.864962486046355  0.000013157376477  0.723952360283636  3.283145920221462  13.090159601618883 -154.590378722241923
        0.000000000243239  3.370060885645178  21.783338516870739  10.469388694543325  8.864962618144590  0.000013157376477  0.723952360283636  3.283145920221462  13.090159601618883 -154.590378722241923
        0.000000000451910  3.370060885645178  21.783338516870739  10.469388694543325  8.864962486046355  0.000013172277638  0.723952360283636  3.283145920221462  13.090159601618883 -154.590378722241923
        0.000000003998539  3.370060885645178  21.783338516870739  10.469388694543325  8.864962486046355  0.000013157376477  0.723952375184798  3.283145920221462  13.090159601618883 -154.590378722241923
        0.000000003161800  3.370060885645178  21.783338516870739  10.469388694543325  8.864962486046355  0.000013157376477  0.723952360283636  3.283145969144149  13.090159601618883 -154.590378722241923
        0.000000004375995  3.370060885645178  21.783338516870739  10.469388694543325  8.864962486046355  0.000013157376477  0.723952360283636  3.283145920221462  13.090159796677462 -154.590378722241923
        0.000015277711498  3.370060885645178  21.783338516870739  10.469388694543325  8.864962486046355  0.000013157376477  0.723952360283636  3.283145920221462  13.090159601618883 -154.590381025818061
        0.000229339559314  3.369764466567724  21.783338786306608  10.469389465507478  8.864963130039445  0.000014230402405  0.723966452991777  3.283080399443706  13.090073965929644 -154.590348404519318
        0.000000012824358  3.369764516781127  21.783338786306608  10.469389465507478  8.864963130039445  0.000014230402405  0.723966452991777  3.283080399443706  13.090073965929644 -154.590348404519318
        0.000000011562265  3.369764466567724  21.783339110903650  10.469389465507478  8.864963130039445  0.000014230402405  0.723966452991777  3.283080399443706  13.090073965929644 -154.590348404519318
        0.000000001417899  3.369764466567724  21.783338786306608  10.469389621513537  8.864963130039445  0.000014230402405  0.723966452991777  3.283080399443706  13.090073965929644 -154.590348404519318
        0.000000000243013  3.369764466567724  21.783338786306608  10.469389465507478  8.864963262137691  0.000014230402405  0.723966452991777  3.283080399443706  13.090073965929644 -154.590348404519318
        0.000000000451471  3.369764466567724  21.783338786306608  10.469389465507478  8.864963130039445  0.000014245303566  0.723966452991777  3.283080399443706  13.090073965929644 -154.590348404519318
        0.000000003994625  3.369764466567724  21.783338786306608  10.469389465507478  8.864963130039445  0.000014230402405  0.723966467892938  3.283080399443706  13.090073965929644 -154.590348404519318
        0.000000003160583  3.369764466567724  21.783338786306608  10.469389465507478  8.864963130039445  0.000014230402405  0.723966452991777  3.283080448365416  13.090073965929644 -154.590348404519318
        0.000000004370600  3.369764466567724  21.783338786306608  10.469389465507478  8.864963130039445  0.000014230402405  0.723966452991777  3.283080399443706  13.090074160986946 -154.590348404519318
        0.000015277709985  3.369764466567724  21.783338786306608  10.469389465507478  8.864963130039445  0.000014230402405  0.723966452991777  3.283080399443706  13.090073965929644 -154.590350708095031
        0.000373452748820  3.371091186632370  21.887148927812451  10.801055527185607  8.635815048775481  0.000013448668153  0.724125312733601  3.263899111599359  13.081684043912595 -154.590380233157902
        0.000000012710896  3.371091236865543  21.887148927812451  10.801055527185607  8.635815048775481  0.000013448668153  0.724125312733601  3.263899111599359  13.081684043912595 -154.590380233157902
        0.000000011448664  3.371091186632370  21.887149253956384  10.801055527185607  8.635815048775481  0.000013448668153  0.724125312733601  3.263899111599359  13.081684043912595 -154.590380233157902
        0.000000001418305  3.371091186632370  21.887148927812451  10.801055688133877  8.635815048775481  0.000013448668153  0.724125312733601  3.263899111599359  13.081684043912595 -154.590380233157902
        0.000000000225172  3.371091186632370  21.887148927812451  10.801055527185607  8.635815177459152  0.000013448668153  0.724125312733601  3.263899111599359  13.081684043912595 -154.590380233157902
        0.000000000437476  3.371091186632370  21.887148927812451  10.801055527185607  8.635815048775481  0.000013463569314  0.724125312733601  3.263899111599359  13.081684043912595 -154.590380233157902
        0.000000004017496  3.371091186632370  21.887148927812451  10.801055527185607  8.635815048775481  0.000013448668153  0.724125327634762  3.263899111599359  13.081684043912595 -154.590380233157902
        0.000000003181944  3.371091186632370  21.887148927812451  10.801055527185607  8.635815048775481  0.000013448668153  0.724125312733601  3.263899160235246  13.081684043912595 -154.590380233157902
        0.000000004380167  3.371091186632370  21.887148927812451  10.801055527185607  8.635815048775481  0.000013448668153  0.724125312733601  3.263899111599359  13.081684238844877 -154.590380233157902
        0.000015277708738  3.371091186632370  21.887148927812451  10.801055527185607  8.635815048775481  0.000013448668153  0.724125312733601  3.263899111599359  13.081684043912595 -154.590382536734069
        0.000018623308740  3.371097305287244  21.887149050271010  10.801055562009555  8.635815115790736  0.000013596586031  0.724130426681343  3.263900135135026  13.081680804603929 -154.590379897360862
        0.000000012711439  3.371097355520508  21.887149050271010  10.801055562009555  8.635815115790736  0.000013596586031  0.724130426681343  3.263900135135026  13.081680804603929 -154.590379897360862
        0.000000011449142  3.371097305287244  21.887149376414946  10.801055562009555  8.635815115790736  0.000013596586031  0.724130426681343  3.263900135135026  13.081680804603929 -154.590379897360862
        0.000000001418340  3.371097305287244  21.887149050271010  10.801055722957825  8.635815115790736  0.000013596586031  0.724130426681343  3.263900135135026  13.081680804603929 -154.590379897360862
        0.000000000225185  3.371097305287244  21.887149050271010  10.801055562009555  8.635815244474410  0.000013596586031  0.724130426681343  3.263900135135026  13.081680804603929 -154.590379897360862
        0.000000000437472  3.371097305287244  21.887149050271010  10.801055562009555  8.635815115790736  0.000013611487192  0.724130426681343  3.263900135135026  13.081680804603929 -154.590379897360862
        0.000000004017566  3.371097305287244  21.887149050271010  10.801055562009555  8.635815115790736  0.000013596586031  0.724130441582504  3.263900135135026  13.081680804603929 -154.590379897360862
        0.000000003181956  3.371097305287244  21.887149050271010  10.801055562009555  8.635815115790736  0.000013596586031  0.724130426681343  3.263900183770928  13.081680804603929 -154.590379897360862
        0.000000004380285  3.371097305287244  21.887149050271010  10.801055562009555  8.635815115790736  0.000013596586031  0.724130426681343  3.263900135135026  13.081680999536163 -154.590379897360862
        0.000015277708700  3.371097305287244  21.887149050271010  10.801055562009555  8.635815115790736  0.000013596586031  0.724130426681343  3.263900135135026  13.081680804603929 -154.590382200937029
        0.000018491538639  3.371545845546240  21.852374945225236  10.858314803664921  8.510450515870149  0.000031285801143  0.725309196197558  3.264064800427522  13.070671603877077 -154.590380565783988
        0.000000012715362  3.371545895786189  21.852374945225236  10.858314803664921  8.510450515870149  0.000031285801143  0.725309196197558  3.264064800427522  13.070671603877077 -154.590380565783988
        0.000000011451436  3.371545845546240  21.852375270850999  10.858314803664921  8.510450515870149  0.000031285801143  0.725309196197558  3.264064800427522  13.070671603877077 -154.590380565783988
        0.000000001417248  3.371545845546240  21.852374945225236  10.858314965466420  8.510450515870149  0.000031285801143  0.725309196197558  3.264064800427522  13.070671603877077 -154.590380565783988
        0.000000000218818  3.371545845546240  21.852374945225236  10.858314803664921  8.510450642685743  0.000031285801143  0.725309196197558  3.264064800427522  13.070671603877077 -154.590380565783988
        0.000000000430834  3.371545845546240  21.852374945225236  10.858314803664921  8.510450515870149  0.000031300702304  0.725309196197558  3.264064800427522  13.070671603877077 -154.590380565783988
        0.000000004007439  3.371545845546240  21.852374945225236  10.858314803664921  8.510450515870149  0.000031285801143  0.725309211098719  3.264064800427522  13.070671603877077 -154.590380565783988
        0.000000003170610  3.371545845546240  21.852374945225236  10.858314803664921  8.510450515870149  0.000031285801143  0.725309196197558  3.264064849065877  13.070671603877077 -154.590380565783988
        0.000000004383656  3.371545845546240  21.852374945225236  10.858314803664921  8.510450515870149  0.000031285801143  0.725309196197558  3.264064800427522  13.070671798645261 -154.590380565783988
        0.000015277708798  3.371545845546240  21.852374945225236  10.858314803664921  8.510450515870149  0.000031285801143  0.725309196197558  3.264064800427522  13.070671603877077 -154.590382869360155
        0.000200797646608  3.390266548751264  20.517298841481590  10.211006848470317  7.965303298636552  0.000037552113130  0.725596396691246  3.264002445146792  12.635554079060023 -154.590380475677591
        0.000193985805885  3.376200788926684  21.520480959127323  10.709555698891208  8.355875120788859  0.000036663959692  0.725597185304843  3.264010978974465  12.962694408489277 -154.590380464251382
        0.000012062718586  3.372654523678829  21.773415750618195  10.834021346472262  8.456208505971468  0.000028899983533  0.725576941163445  3.264014884027049  13.045161599522597 -154.590380466365303
        0.000000012722089  3.372654573935298  21.773415750618195  10.834021346472262  8.456208505971468  0.000028899983533  0.725576941163445  3.264014884027049  13.045161599522597 -154.590380466365303
        0.000000011457388  3.372654523678829  21.773416075067374  10.834021346472262  8.456208505971468  0.000028899983533  0.725576941163445  3.264014884027049  13.045161599522597 -154.590380466365303
        0.000000001417051  3.372654523678829  21.773415750618195  10.834021507911761  8.456208505971468  0.000028899983533  0.725576941163445  3.264014884027049  13.045161599522597 -154.590380466365303
        0.000000000217571  3.372654523678829  21.773415750618195  10.834021346472262  8.456208631978793  0.000028899983533  0.725576941163445  3.264014884027049  13.045161599522597 -154.590380466365303
        0.000000000429008  3.372654523678829  21.773415750618195  10.834021346472262  8.456208505971468  0.000028914884694  0.725576941163445  3.264014884027049  13.045161599522597 -154.590380466365303
        0.000000004004887  3.372654523678829  21.773415750618195  10.834021346472262  8.456208505971468  0.000028899983533  0.725576956064607  3.264014884027049  13.045161599522597 -154.590380466365303
        0.000000003162069  3.372654523678829  21.773415750618195  10.834021346472262  8.456208505971468  0.000028899983533  0.725576941163445  3.264014932664661  13.045161599522597 -154.590380466365303
        0.000000004392465  3.372654523678829  21.773415750618195  10.834021346472262  8.456208505971468  0.000028899983533  0.725576941163445  3.264014884027049  13.045161793910653 -154.590380466365303
        0.000015277708768  3.372654523678829  21.773415750618195  10.834021346472262  8.456208505971468  0.000028899983533  0.725576941163445  3.264014884027049  13.045161599522597 -154.590382769941471
        0.000015361063975  3.372949758180896  21.752665130258961  10.823516243255165  8.448390090559867  0.000013732902041  0.725575320481417  3.264004087594682  13.038388151543840 -154.590380447889970
        0.000000012723992  3.372949808441764  21.752665130258961  10.823516243255165  8.448390090559867  0.000013732902041  0.725575320481417  3.264004087594682  13.038388151543840 -154.590380447889970
        0.000000011459136  3.372949758180896  21.752665454398930  10.823516243255165  8.448390090559867  0.000013732902041  0.725575320481417  3.264004087594682  13.038388151543840 -154.590380447889970
        0.000000001417067  3.372949758180896  21.752665130258961  10.823516404538125  8.448390090559867  0.000013732902041  0.725575320481417  3.264004087594682  13.038388151543840 -154.590380447889970
        0.000000000217554  3.372949758180896  21.752665130258961  10.823516243255165  8.448390216450690  0.000013732902041  0.725575320481417  3.264004087594682  13.038388151543840 -154.590380447889970
        0.000000000428887  3.372949758180896  21.752665130258961  10.823516243255165  8.448390090559867  0.000013747803202  0.725575320481417  3.264004087594682  13.038388151543840 -154.590380447889970
        0.000000004004796  3.372949758180896  21.752665130258961  10.823516243255165  8.448390090559867  0.000013732902041  0.725575335382578  3.264004087594682  13.038388151543840 -154.590380447889970
        0.000000003160309  3.372949758180896  21.752665130258961  10.823516243255165  8.448390090559867  0.000013732902041  0.725575320481417  3.264004136232133  13.038388151543840 -154.590380447889970
        0.000000004394836  3.372949758180896  21.752665130258961  10.823516243255165  8.448390090559867  0.000013732902041  0.725575320481417  3.264004087594682  13.038388345830963 -154.590380447889970
        0.000015277708738  3.372949758180896  21.752665130258961  10.823516243255165  8.448390090559867  0.000013732902041  0.725575320481417  3.264004087594682  13.038388151543840 -154.590382751466137
        0.000015294321021  3.373021749631085  21.747529036265409  10.821065957148113  8.446251564792947  0.000009720063332  0.725576685297259  3.264007106000533  13.036702609007445 -154.590380457849079
        0.000000012724447  3.373021799893026  21.747529036265409  10.821065957148113  8.446251564792947  0.000009720063332  0.725576685297259  3.264007106000533  13.036702609007445 -154.590380457849079
        0.000000011459582  3.373021749631085  21.747529360328844  10.821065957148113  8.446251564792947  0.000009720063332  0.725576685297259  3.264007106000533  13.036702609007445 -154.590380457849079
        0.000000001417051  3.373021749631085  21.747529036265409  10.821066118394560  8.446251564792947  0.000009720063332  0.725576685297259  3.264007106000533  13.036702609007445 -154.590380457849079
        0.000000000217554  3.373021749631085  21.747529036265409  10.821065957148113  8.446251690651902  0.000009720063332  0.725576685297259  3.264007106000533  13.036702609007445 -154.590380457849079
        0.000000000428847  3.373021749631085  21.747529036265409  10.821065957148113  8.446251564792947  0.000009734964493  0.725576685297259  3.264007106000533  13.036702609007445 -154.590380457849079
        0.000000004004755  3.373021749631085  21.747529036265409  10.821065957148113  8.446251564792947  0.000009720063332  0.725576700198420  3.264007106000533  13.036702609007445 -154.590380457849079
        0.000000003159850  3.373021749631085  21.747529036265409  10.821065957148113  8.446251564792947  0.000009720063332  0.725576685297259  3.264007154638029  13.036702609007445 -154.590380457849079
        0.000000004395421  3.373021749631085  21.747529036265409  10.821065957148113  8.446251564792947  0.000009720063332  0.725576685297259  3.264007106000533  13.036702803269453 -154.590380457849079
        0.000015277708726  3.373021749631085  21.747529036265409  10.821065957148113  8.446251564792947  0.000009720063332  0.725576685297259  3.264007106000533  13.036702609007445 -154.590382761425246
2023-06-01 19:16:01.245524
