/projects/wagner/highthroughput/mick_graphene_paper/3_data/kc_fitting_dft
2022-08-18 10:34:36.631190
energy_inf: -154.89183204249554
     2536.019385218373827  3.416084000000000  20.021583000000000  10.905510700000001  4.275635400000000  0.010010836000000  0.844712200000000  2.936058400000000  14.313258800000000 -154.891832042495537
        0.000000018717218  3.416084050903618  20.021583000000000  10.905510700000001  4.275635400000000  0.010010836000000  0.844712200000000  2.936058400000000  14.313258800000000 -154.891832042495537
        0.000000019282189  3.416084000000000  20.021583298344837  10.905510700000001  4.275635400000000  0.010010836000000  0.844712200000000  2.936058400000000  14.313258800000000 -154.891832042495537
        0.000000002760085  3.416084000000000  20.021583000000000  10.905510862504773  4.275635400000000  0.010010836000000  0.844712200000000  2.936058400000000  14.313258800000000 -154.891832042495537
        0.000000000499340  3.416084000000000  20.021583000000000  10.905510700000001  4.275635463711932  0.010010836000000  0.844712200000000  2.936058400000000  14.313258800000000 -154.891832042495537
        0.000000000455390  3.416084000000000  20.021583000000000  10.905510700000001  4.275635400000000  0.010010850901161  0.844712200000000  2.936058400000000  14.313258800000000 -154.891832042495537
        0.000000007626080  3.416084000000000  20.021583000000000  10.905510700000001  4.275635400000000  0.010010836000000  0.844712214901161  2.936058400000000  14.313258800000000 -154.891832042495537
        0.000000008542471  3.416084000000000  20.021583000000000  10.905510700000001  4.275635400000000  0.010010836000000  0.844712200000000  2.936058443750679  14.313258800000000 -154.891832042495537
        0.000000009622645  3.416084000000000  20.021583000000000  10.905510700000001  4.275635400000000  0.010010836000000  0.844712200000000  2.936058400000000  14.313259013284176 -154.891832042495537
        0.000037775266475  3.416084000000000  20.021583000000000  10.905510700000001  4.275635400000000  0.010010836000000  0.844712200000000  2.936058400000000  14.313258800000000 -154.891834350563698
        0.062227443760553  3.311787093294704  15.304360189690914  7.789377583262791  8.819016449606293  9.688440971001054  0.467575043824353  2.940675568442727  14.164477100486536 -154.891523640384378
        0.000000015727394  3.311787142644178  15.304360189690914  7.789377583262791  8.819016449606293  9.688440971001054  0.467575043824353  2.940675568442727  14.164477100486536 -154.891523640384378
        0.000000015835159  3.311787093294704  15.304360417743652  7.789377583262791  8.819016449606293  9.688440971001054  0.467575043824353  2.940675568442727  14.164477100486536 -154.891523640384378
        0.000000001535179  3.311787093294704  15.304360189690914  7.789377699333562  8.819016449606293  9.688440971001054  0.467575043824353  2.940675568442727  14.164477100486536 -154.891523640384378
        0.000000000405124  3.311787093294704  15.304360189690914  7.789377583262791  8.819016581019879  9.688440971001054  0.467575043824353  2.940675568442727  14.164477100486536 -154.891523640384378
        0.000000002119862  3.311787093294704  15.304360189690914  7.789377583262791  8.819016449606293  9.688441115370074  0.467575043824353  2.940675568442727  14.164477100486536 -154.891523640384378
        0.000000003474578  3.311787093294704  15.304360189690914  7.789377583262791  8.819016449606293  9.688440971001054  0.467575058725514  2.940675568442727  14.164477100486536 -154.891523640384378
        0.000000007775048  3.311787093294704  15.304360189690914  7.789377583262791  8.819016449606293  9.688440971001054  0.467575043824353  2.940675612262207  14.164477100486536 -154.891523640384378
        0.000000005166420  3.311787093294704  15.304360189690914  7.789377583262791  8.819016449606293  9.688440971001054  0.467575043824353  2.940675568442727  14.164477311553693 -154.891523640384378
        0.000037776874700  3.311787093294704  15.304360189690914  7.789377583262791  8.819016449606293  9.688440971001054  0.467575043824353  2.940675568442727  14.164477100486536 -154.891525948447935
        0.017965684377913  3.275667225669624  15.768457652259919  8.331924767993955  9.395478591924959  9.435251338379867  0.488199783736230  2.973721401201301  15.124482030788256 -154.890828192256976
        0.000000017232496  3.275667274480869  15.768457652259919  8.331924767993955  9.395478591924959  9.435251338379867  0.488199783736230  2.973721401201301  15.124482030788256 -154.890828192256976
        0.000000017612807  3.275667225669624  15.768457887228248  8.331924767993955  9.395478591924959  9.435251338379867  0.488199783736230  2.973721401201301  15.124482030788256 -154.890828192256976
        0.000000001420756  3.275667225669624  15.768457652259919  8.331924892149310  9.395478591924959  9.435251338379867  0.488199783736230  2.973721401201301  15.124482030788256 -154.890828192256976
        0.000000000387611  3.275667225669624  15.768457652259919  8.331924767993955  9.395478731928501  9.435251338379867  0.488199783736230  2.973721401201301  15.124482030788256 -154.890828192256976
        0.000000001777049  3.275667225669624  15.768457652259919  8.331924767993955  9.395478591924959  9.435251478976069  0.488199783736230  2.973721401201301  15.124482030788256 -154.890828192256976
        0.000000003090830  3.275667225669624  15.768457652259919  8.331924767993955  9.395478591924959  9.435251338379867  0.488199798637391  2.973721401201301  15.124482030788256 -154.890828192256976
        0.000000007425754  3.275667225669624  15.768457652259919  8.331924767993955  9.395478591924959  9.435251338379867  0.488199783736230  2.973721445513203  15.124482030788256 -154.890828192256976
        0.000000005087694  3.275667225669624  15.768457652259919  8.331924767993955  9.395478591924959  9.435251338379867  0.488199783736230  2.973721401201301  15.124482256160601 -154.890828192256976
        0.000037776707043  3.275667225669624  15.768457652259919  8.331924767993955  9.395478591924959  9.435251338379867  0.488199783736230  2.973721401201301  15.124482030788256 -154.890830500310187
        0.005419720156395  3.258085980210858  18.428195101890179  8.765077384871386  10.116738285378831  8.796183915709262  0.526818812909291  3.073902803057766  15.961042372057452 -154.889740672796137
        0.000000018486319  3.258086028760122  18.428195101890179  8.765077384871386  10.116738285378831  8.796183915709262  0.526818812909291  3.073902803057766  15.961042372057452 -154.889740672796137
        0.000000018921483  3.258085980210858  18.428195376491683  8.765077384871386  10.116738285378831  8.796183915709262  0.526818812909291  3.073902803057766  15.961042372057452 -154.889740672796137
        0.000000001569134  3.258085980210858  18.428195101890179  8.765077515481217  10.116738285378831  8.796183915709262  0.526818812909291  3.073902803057766  15.961042372057452 -154.889740672796137
        0.000000000395151  3.258085980210858  18.428195101890179  8.765077384871386  10.116738436129980  8.796183915709262  0.526818812909291  3.073902803057766  15.961042372057452 -154.889740672796137
        0.000000001408689  3.258085980210858  18.428195101890179  8.765077384871386  10.116738285378831  8.796184046782617  0.526818812909291  3.073902803057766  15.961042372057452 -154.889740672796137
        0.000000003146807  3.258085980210858  18.428195101890179  8.765077384871386  10.116738285378831  8.796183915709262  0.526818827810452  3.073902803057766  15.961042372057452 -154.889740672796137
        0.000000007521482  3.258085980210858  18.428195101890179  8.765077384871386  10.116738285378831  8.796183915709262  0.526818812909291  3.073902848862488  15.961042372057452 -154.889740672796137
        0.000000005362733  3.258085980210858  18.428195101890179  8.765077384871386  10.116738285378831  8.796183915709262  0.526818812909291  3.073902803057766  15.961042609895518 -154.889740672796137
        0.000037776272532  3.258085980210858  18.428195101890179  8.765077384871386  10.116738285378831  8.796183915709262  0.526818812909291  3.073902803057766  15.961042372057452 -154.889742980833120
        0.001717510459126  3.240298669387849  20.624476072557677  9.140926029166646  10.772049999269115  8.179910024124283  0.552495557772612  3.103417633925920  16.459729672795241 -154.889597752692538
        0.000000018876973  3.240298717672062  20.624476072557677  9.140926029166646  10.772049999269115  8.179910024124283  0.552495557772612  3.103417633925920  16.459729672795241 -154.889597752692538
        0.000000019368950  3.240298669387849  20.624476379886318  9.140926029166646  10.772049999269115  8.179910024124283  0.552495557772612  3.103417633925920  16.459729672795241 -154.889597752692538
        0.000000001660685  3.240298669387849  20.624476072557677  9.140926165377058  10.772049999269115  8.179910024124283  0.552495557772612  3.103417633925920  16.459729672795241 -154.889597752692538
        0.000000000402387  3.240298669387849  20.624476072557677  9.140926029166646  10.772050159785168  8.179910024124283  0.552495557772612  3.103417633925920  16.459729672795241 -154.889597752692538
        0.000000001139154  3.240298669387849  20.624476072557677  9.140926029166646  10.772049999269115  8.179910146014441  0.552495557772612  3.103417633925920  16.459729672795241 -154.889597752692538
        0.000000003414973  3.240298669387849  20.624476072557677  9.140926029166646  10.772049999269115  8.179910024124283  0.552495572673774  3.103417633925920  16.459729672795241 -154.889597752692538
        0.000000007744748  3.240298669387849  20.624476072557677  9.140926029166646  10.772049999269115  8.179910024124283  0.552495557772612  3.103417680170446  16.459729672795241 -154.889597752692538
        0.000000005344845  3.240298669387849  20.624476072557677  9.140926029166646  10.772049999269115  8.179910024124283  0.552495557772612  3.103417633925920  16.459729918064326 -154.889597752692538
        0.000037776254088  3.240298669387849  20.624476072557677  9.140926029166646  10.772049999269115  8.179910024124283  0.552495557772612  3.103417633925920  16.459729672795241 -154.889600060727389
        0.000960923278791  3.213932211522469  23.370644185765336  9.702307565298195  11.840275300817858  7.363279003630174  0.576705894861090  3.145979339523480  16.920661120313529 -154.889758842213809
        0.000000018979403  3.213932259413791  23.370644185765336  9.702307565298195  11.840275300817858  7.363279003630174  0.576705894861090  3.145979339523480  16.920661120313529 -154.889758842213809
        0.000000019517121  3.213932211522469  23.370644534015071  9.702307565298195  11.840275300817858  7.363279003630174  0.576705894861090  3.145979339523480  16.920661120313529 -154.889758842213809
        0.000000001731572  3.213932211522469  23.370644185765336  9.702307709873844  11.840275300817858  7.363279003630174  0.576705894861090  3.145979339523480  16.920661120313529 -154.889758842213809
        0.000000000418805  3.213932211522469  23.370644185765336  9.702307565298195  11.840275477251708  7.363279003630174  0.576705894861090  3.145979339523480  16.920661120313529 -154.889758842213809
        0.000000000823448  3.213932211522469  23.370644185765336  9.702307565298195  11.840275300817858  7.363279113351581  0.576705894861090  3.145979339523480  16.920661120313529 -154.889758842213809
        0.000000003817116  3.213932211522469  23.370644185765336  9.702307565298195  11.840275300817858  7.363279003630174  0.576705909762251  3.145979339523480  16.920661120313529 -154.889758842213809
        0.000000007963938  3.213932211522469  23.370644185765336  9.702307565298195  11.840275300817858  7.363279003630174  0.576705894861090  3.145979386402225  16.920661120313529 -154.889758842213809
        0.000000005150859  3.213932211522469  23.370644185765336  9.702307565298195  11.840275300817858  7.363279003630174  0.576705894861090  3.145979339523480  16.920661372451029 -154.889758842213809
        0.000037776461030  3.213932211522469  23.370644185765336  9.702307565298195  11.840275300817858  7.363279003630174  0.576705894861090  3.145979339523480  16.920661120313529 -154.889761150251076
        0.000942923468523  3.201437243069073  24.974954140595603  10.121974349723468  12.723874767336859  6.727339059968545  0.583666980971299  3.171197883573811  17.097271239607746 -154.889885057047366
        0.000000019059260  3.201437290774205  24.974954140595603  10.121974349723468  12.723874767336859  6.727339059968545  0.583666980971299  3.171197883573811  17.097271239607746 -154.889885057047366
        0.000000019617582  3.201437243069073  24.974954512751420  10.121974349723468  12.723874767336859  6.727339059968545  0.583666980971299  3.171197883573811  17.097271239607746 -154.889885057047366
        0.000000001777323  3.201437243069073  24.974954140595603  10.121974500552639  12.723874767336859  6.727339059968545  0.583666980971299  3.171197883573811  17.097271239607746 -154.889885057047366
        0.000000000442044  3.201437243069073  24.974954140595603  10.121974349723468  12.723874956937369  6.727339059968545  0.583666980971299  3.171197883573811  17.097271239607746 -154.889885057047366
        0.000000000661807  3.201437243069073  24.974954140595603  10.121974349723468  12.723874767336859  6.727339160213710  0.583666980971299  3.171197883573811  17.097271239607746 -154.889885057047366
        0.000000004104820  3.201437243069073  24.974954140595603  10.121974349723468  12.723874767336859  6.727339059968545  0.583666995872460  3.171197883573811  17.097271239607746 -154.889885057047366
        0.000000008058777  3.201437243069073  24.974954140595603  10.121974349723468  12.723874767336859  6.727339059968545  0.583666980971299  3.171197930828342  17.097271239607746 -154.889885057047366
        0.000000005084019  3.201437243069073  24.974954140595603  10.121974349723468  12.723874767336859  6.727339059968545  0.583666980971299  3.171197883573811  17.097271494376940 -154.889885057047366
        0.000037776591593  3.201437243069073  24.974954140595603  10.121974349723468  12.723874767336859  6.727339059968545  0.583666980971299  3.171197883573811  17.097271239607746 -154.889887365086508
        0.001954232448482  3.148613143837285  30.676957146774065  10.766067533011924  16.039284629033354  5.479720534700963  0.612511330565060  3.225506417766477  18.267975088430259 -154.890171938729708
        0.000000019063775  3.148613190755277  30.676957146774065  10.766067533011924  16.039284629033354  5.479720534700963  0.612511330565060  3.225506417766477  18.267975088430259 -154.890171938729708
        0.000000019689878  3.148613143837285  30.676957603896348  10.766067533011924  16.039284629033354  5.479720534700963  0.612511330565060  3.225506417766477  18.267975088430259 -154.890171938729708
        0.000000001847927  3.148613143837285  30.676957146774065  10.766067693438831  16.039284629033354  5.479720534700963  0.612511330565060  3.225506417766477  18.267975088430259 -154.890171938729708
        0.000000000534457  3.148613143837285  30.676957146774065  10.766067533011924  16.039284868037321  5.479720534700963  0.612511330565060  3.225506417766477  18.267975088430259 -154.890171938729708
        0.000000000420611  3.148613143837285  30.676957146774065  10.766067533011924  16.039284629033354  5.479720616355162  0.612511330565060  3.225506417766477  18.267975088430259 -154.890171938729708
        0.000000004689871  3.148613143837285  30.676957146774065  10.766067533011924  16.039284629033354  5.479720534700963  0.612511345466221  3.225506417766477  18.267975088430259 -154.890171938729708
        0.000000008511882  3.148613143837285  30.676957146774065  10.766067533011924  16.039284629033354  5.479720534700963  0.612511330565060  3.225506465830268  18.267975088430259 -154.890171938729708
        0.000000004593524  3.148613143837285  30.676957146774065  10.766067533011924  16.039284629033354  5.479720534700963  0.612511330565060  3.225506417766477  18.267975360644300 -154.890171938729708
        0.000037776913703  3.148613143837285  30.676957146774065  10.766067533011924  16.039284629033354  5.479720534700963  0.612511330565060  3.225506417766477  18.267975088430259 -154.890174246773114
        0.001867633157973  3.152561934277600  30.882388605704794  10.908643601489104  16.409617099274058  5.285742605484206  0.605842355164580  3.221190726914015  18.228504286746670 -154.890158005975820
        0.000000019208065  3.152561981254434  30.882388605704794  10.908643601489104  16.409617099274058  5.285742605484206  0.605842355164580  3.221190726914015  18.228504286746670 -154.890158005975820
        0.000000019837740  3.152561934277600  30.882389065888244  10.908643601489104  16.409617099274058  5.285742605484206  0.605842355164580  3.221190726914015  18.228504286746670 -154.890158005975820
        0.000000001883010  3.152561934277600  30.882388605704794  10.908643764040560  16.409617099274058  5.285742605484206  0.605842355164580  3.221190726914015  18.228504286746670 -154.890158005975820
        0.000000000552781  3.152561934277600  30.882388605704794  10.908643601489104  16.409617343796409  5.285742605484206  0.605842355164580  3.221190726914015  18.228504286746670 -154.890158005975820
        0.000000000443920  3.152561934277600  30.882388605704794  10.908643601489104  16.409617099274058  5.285742684247908  0.605842355164580  3.221190726914015  18.228504286746670 -154.890158005975820
        0.000000004808188  3.152561934277600  30.882388605704794  10.908643601489104  16.409617099274058  5.285742605484206  0.605842370065741  3.221190726914015  18.228504286746670 -154.890158005975820
        0.000000008551163  3.152561934277600  30.882388605704794  10.908643601489104  16.409617099274058  5.285742605484206  0.605842355164580  3.221190774913497  18.228504286746670 -154.890158005975820
        0.000000004695774  3.152561934277600  30.882388605704794  10.908643601489104  16.409617099274058  5.285742605484206  0.605842355164580  3.221190726914015  18.228504558372549 -154.890158005975820
        0.000037776870785  3.152561934277600  30.882388605704794  10.908643601489104  16.409617099274058  5.285742605484206  0.605842355164580  3.221190726914015  18.228504286746670 -154.890160314019028
        0.000437915391595  3.158320320061121  30.949126385269910  10.866214109350098  16.408285618041059  4.197060654598384  0.615167461335933  3.239609359127231  17.851538783276890 -154.890242665349717
        0.000000019145186  3.158320367123761  30.949126385269910  10.866214109350098  16.408285618041059  4.197060654598384  0.615167461335933  3.239609359127231  17.851538783276890 -154.890242665349717
        0.000000019782668  3.158320320061121  30.949126846447832  10.866214109350098  16.408285618041059  4.197060654598384  0.615167461335933  3.239609359127231  17.851538783276890 -154.890242665349717
        0.000000001921208  3.158320320061121  30.949126385269910  10.866214271269307  16.408285618041059  4.197060654598384  0.615167461335933  3.239609359127231  17.851538783276890 -154.890242665349717
        0.000000000568205  3.158320320061121  30.949126385269910  10.866214109350098  16.408285862543568  4.197060654598384  0.615167461335933  3.239609359127231  17.851538783276890 -154.890242665349717
        0.000000000471883  3.158320320061121  30.949126385269910  10.866214109350098  16.408285618041059  4.197060717139461  0.615167461335933  3.239609359127231  17.851538783276890 -154.890242665349717
        0.000000005096941  3.158320320061121  30.949126385269910  10.866214109350098  16.408285618041059  4.197060654598384  0.615167476237094  3.239609359127231  17.851538783276890 -154.890242665349717
        0.000000008499461  3.158320320061121  30.949126385269910  10.866214109350098  16.408285618041059  4.197060654598384  0.615167461335933  3.239609407401173  17.851538783276890 -154.890242665349717
        0.000000004816229  3.158320320061121  30.949126385269910  10.866214109350098  16.408285618041059  4.197060654598384  0.615167461335933  3.239609359127231  17.851539049285549 -154.890242665349717
        0.000037776965222  3.158320320061121  30.949126385269910  10.866214109350098  16.408285618041059  4.197060654598384  0.615167461335933  3.239609359127231  17.851538783276890 -154.890244973394203
        0.000429886262332  3.144503632825206  33.023804624907172  9.678829220223488  19.022943386100472  3.358347951701589  0.619160407632585  3.255906815330008  18.159807423567404 -154.890328348627378
        0.000000019177982  3.144503679681961  33.023804624907172  9.678829220223488  19.022943386100472  3.358347951701589  0.619160407632585  3.255906815330008  18.159807423567404 -154.890328348627378
        0.000000019836050  3.144503632825206  33.023805117000208  9.678829220223488  19.022943386100472  3.358347951701589  0.619160407632585  3.255906815330008  18.159807423567404 -154.890328348627378
        0.000000001972696  3.144503632825206  33.023804624907172  9.678829364449282  19.022943386100472  3.358347951701589  0.619160407632585  3.255906815330008  18.159807423567404 -154.890328348627378
        0.000000000712942  3.144503632825206  33.023804624907172  9.678829220223488  19.022943669564420  3.358347951701589  0.619160407632585  3.255906815330008  18.159807423567404 -154.890328348627378
        0.000000000630772  3.144503632825206  33.023804624907172  9.678829220223488  19.022943386100472  3.358348001744873  0.619160407632585  3.255906815330008  18.159807423567404 -154.890328348627378
        0.000000005405899  3.144503632825206  33.023804624907172  9.678829220223488  19.022943386100472  3.358347951701589  0.619160422533746  3.255906815330008  18.159807423567404 -154.890328348627378
        0.000000008676971  3.144503632825206  33.023804624907172  9.678829220223488  19.022943386100472  3.358347951701589  0.619160407632585  3.255906863846801  18.159807423567404 -154.890328348627378
        0.000000004726660  3.144503632825206  33.023804624907172  9.678829220223488  19.022943386100472  3.358347951701589  0.619160407632585  3.255906815330008  18.159807694169622 -154.890328348627378
        0.000037777052884  3.144503632825206  33.023804624907172  9.678829220223488  19.022943386100472  3.358347951701589  0.619160407632585  3.255906815330008  18.159807423567404 -154.890330656673115
        0.000343214375770  3.136676665993084  34.381224585211100  7.904796670622167  21.650822706014043  2.752768271961880  0.617892898308686  3.266509512319604  18.331357012021883 -154.890380500019205
        0.000000019208904  3.136676712733208  34.381224585211100  7.904796670622167  21.650822706014043  2.752768271961880  0.617892898308686  3.266509512319604  18.331357012021883 -154.890380500019205
        0.000000019875385  3.136676665993084  34.381225097531271  7.904796670622167  21.650822706014043  2.752768271961880  0.617892898308686  3.266509512319604  18.331357012021883 -154.890380500019205
        0.000000002017098  3.136676665993084  34.381224585211100  7.904796788412816  21.650822706014043  2.752768271961880  0.617892898308686  3.266509512319604  18.331357012021883 -154.890380500019205
        0.000000000873559  3.136676665993084  34.381224585211100  7.904796670622167  21.650823028636442  2.752768271961880  0.617892898308686  3.266509512319604  18.331357012021883 -154.890380500019205
        0.000000000797167  3.136676665993084  34.381224585211100  7.904796670622167  21.650822706014043  2.752768312981324  0.617892898308686  3.266509512319604  18.331357012021883 -154.890380500019205
        0.000000005633131  3.136676665993084  34.381224585211100  7.904796670622167  21.650822706014043  2.752768271961880  0.617892913209848  3.266509512319604  18.331357012021883 -154.890380500019205
        0.000000008800914  3.136676665993084  34.381224585211100  7.904796670622167  21.650822706014043  2.752768271961880  0.617892898308686  3.266509560994389  18.331357012021883 -154.890380500019205
        0.000000004687227  3.136676665993084  34.381224585211100  7.904796670622167  21.650822706014043  2.752768271961880  0.617892898308686  3.266509512319604  18.331357285180388 -154.890380500019205
        0.000037777106228  3.136676665993084  34.381224585211100  7.904796670622167  21.650822706014043  2.752768271961880  0.617892898308686  3.266509512319604  18.331357012021883 -154.890382808065738
        0.000614367390793  3.146325438301375  34.562460011974622  7.790923634775783  21.925420203949081  0.834223016041651  0.633997884279407  3.278928864236452  17.835488205941651 -154.890458388020221
        0.000000019146419  3.146325485185278  34.562460011974622  7.790923634775783  21.925420203949081  0.834223016041651  0.633997884279407  3.278928864236452  17.835488205941651 -154.890458388020221
        0.000000019845233  3.146325438301375  34.562460526995409  7.790923634775783  21.925420203949081  0.834223016041651  0.633997884279407  3.278928864236452  17.835488205941651 -154.890458388020221
        0.000000002102135  3.146325438301375  34.562460011974622  7.790923750869593  21.925420203949081  0.834223016041651  0.633997884279407  3.278928864236452  17.835488205941651 -154.890458388020221
        0.000000000938148  3.146325438301375  34.562460011974622  7.790923634775783  21.925420530663303  0.834223016041651  0.633997884279407  3.278928864236452  17.835488205941651 -154.890458388020221
        0.000000001050474  3.146325438301375  34.562460011974622  7.790923634775783  21.925420203949081  0.834223030942812  0.633997884279407  3.278928864236452  17.835488205941651 -154.890458388020221
        0.000000006213265  3.146325438301375  34.562460011974622  7.790923634775783  21.925420203949081  0.834223016041651  0.633997899180568  3.278928864236452  17.835488205941651 -154.890458388020221
        0.000000008863896  3.146325438301375  34.562460011974622  7.790923634775783  21.925420203949081  0.834223016041651  0.633997884279407  3.278928913096300  17.835488205941651 -154.890458388020221
        0.000000004901564  3.146325438301375  34.562460011974622  7.790923634775783  21.925420203949081  0.834223016041651  0.633997884279407  3.278928864236452  17.835488471711137 -154.890458388020221
        0.000037777190163  3.146325438301375  34.562460011974622  7.790923634775783  21.925420203949081  0.834223016041651  0.633997884279407  3.278928864236452  17.835488205941651 -154.890460696067919
        0.000240958668546  3.147264389925877  34.483880517141159  7.269685517233444  22.408302115554282  0.797810580070577  0.631495702803030  3.281441834160283  17.789627424493528 -154.890469568136893
        0.000000019150198  3.147264436823771  34.483880517141159  7.269685517233444  22.408302115554282  0.797810580070577  0.631495702803030  3.281441834160283  17.789627424493528 -154.890469568136893
        0.000000019844519  3.147264389925877  34.483881030991022  7.269685517233444  22.408302115554282  0.797810580070577  0.631495702803030  3.281441834160283  17.789627424493528 -154.890469568136893
        0.000000002106566  3.147264389925877  34.483880517141159  7.269685625560200  22.408302115554282  0.797810580070577  0.631495702803030  3.281441834160283  17.789627424493528 -154.890469568136893
        0.000000000977773  3.147264389925877  34.483880517141159  7.269685517233444  22.408302449464003  0.797810580070577  0.631495702803030  3.281441834160283  17.789627424493528 -154.890469568136893
        0.000000001074627  3.147264389925877  34.483880517141159  7.269685517233444  22.408302115554282  0.797810594971739  0.631495702803030  3.281441834160283  17.789627424493528 -154.890469568136893
        0.000000006228912  3.147264389925877  34.483880517141159  7.269685517233444  22.408302115554282  0.797810580070577  0.631495717704191  3.281441834160283  17.789627424493528 -154.890469568136893
        0.000000008858238  3.147264389925877  34.483880517141159  7.269685517233444  22.408302115554282  0.797810580070577  0.631495702803030  3.281441883057577  17.789627424493528 -154.890469568136893
        0.000000004915849  3.147264389925877  34.483880517141159  7.269685517233444  22.408302115554282  0.797810580070577  0.631495702803030  3.281441834160283  17.789627689579632 -154.890469568136893
        0.000037777198608  3.147264389925877  34.483880517141159  7.269685517233444  22.408302115554282  0.797810580070577  0.631495702803030  3.281441834160283  17.789627424493528 -154.890471876184762
        0.000257729071621  3.127816022526931  36.979923347110343  6.260133180363660  25.355201533546428  0.409765139156269  0.630087723902541  3.288876455164861  18.380263938379020 -154.890504785554725
        0.000000019228421  3.127816069135022  36.979923347110343  6.260133180363660  25.355201533546428  0.409765139156269  0.630087723902541  3.288876455164861  18.380263938379020 -154.890504785554725
        0.000000019941847  3.127816022526931  36.979923898154141  6.260133180363660  25.355201533546428  0.409765139156269  0.630087723902541  3.288876455164861  18.380263938379020 -154.890504785554725
        0.000000002131497  3.127816022526931  36.979923347110343  6.260133273646914  25.355201533546428  0.409765139156269  0.630087723902541  3.288876455164861  18.380263938379020 -154.890504785554725
        0.000000001087676  3.127816022526931  36.979923347110343  6.260133180363660  25.355201911368372  0.409765139156269  0.630087723902541  3.288876455164861  18.380263938379020 -154.890504785554725
        0.000000001150402  3.127816022526931  36.979923347110343  6.260133180363660  25.355201533546428  0.409765154057430  0.630087723902541  3.288876455164861  18.380263938379020 -154.890504785554725
        0.000000006315519  3.127816022526931  36.979923347110343  6.260133180363660  25.355201533546428  0.409765139156269  0.630087738803702  3.288876455164861  18.380263938379020 -154.890504785554725
        0.000000009069674  3.127816022526931  36.979923347110343  6.260133180363660  25.355201533546428  0.409765139156269  0.630087723902541  3.288876504172940  18.380263938379020 -154.890504785554725
        0.000000004736936  3.127816022526931  36.979923347110343  6.260133180363660  25.355201533546428  0.409765139156269  0.630087723902541  3.288876455164861  18.380264212266297 -154.890504785554725
        0.000037777239387  3.127816022526931  36.979923347110343  6.260133180363660  25.355201533546428  0.409765139156269  0.630087723902541  3.288876455164861  18.380263938379020 -154.890507093603105
        0.000167536476827  3.127726031788552  37.289528488346825  7.169389557915735  24.940254062005206  0.004170114895242  0.635374654307327  3.288933580343633  18.372617679410581 -154.890511453234410
        0.000000019224681  3.127726078395302  37.289528488346825  7.169389557915735  24.940254062005206  0.004170114895242  0.635374654307327  3.288933580343633  18.372617679410581 -154.890511453234410
        0.000000019951518  3.127726031788552  37.289529044004098  7.169389557915735  24.940254062005206  0.004170114895242  0.635374654307327  3.288933580343633  18.372617679410581 -154.890511453234410
        0.000000002144468  3.127726031788552  37.289528488346825  7.169389664747964  24.940254062005206  0.004170114895242  0.635374654307327  3.288933580343633  18.372617679410581 -154.890511453234410
        0.000000001050107  3.127726031788552  37.289528488346825  7.169389557915735  24.940254433643950  0.004170114895242  0.635374654307327  3.288933580343633  18.372617679410581 -154.890511453234410
        0.000000001138812  3.127726031788552  37.289528488346825  7.169389557915735  24.940254062005206  0.004170129796403  0.635374654307327  3.288933580343633  18.372617679410581 -154.890511453234410
        0.000000006391104  3.127726031788552  37.289528488346825  7.169389557915735  24.940254062005206  0.004170114895242  0.635374669208488  3.288933580343633  18.372617679410581 -154.890511453234410
        0.000000009115773  3.127726031788552  37.289528488346825  7.169389557915735  24.940254062005206  0.004170114895242  0.635374654307327  3.288933629352562  18.372617679410581 -154.890511453234410
        0.000000004760892  3.127726031788552  37.289528488346825  7.169389557915735  24.940254062005206  0.004170114895242  0.635374654307327  3.288933580343633  18.372617953183919 -154.890511453234410
        0.000037777244998  3.127726031788552  37.289528488346825  7.169389557915735  24.940254062005206  0.004170114895242  0.635374654307327  3.288933580343633  18.372617679410581 -154.890513761282875
        0.000097607801700  3.128046455293876  37.300868812228437  7.087732554610760  25.004703310197222  0.003597487847288  0.635233101403997  3.288609862713638  18.373492571271811 -154.890509682593034
        0.000000019226981  3.128046501905400  37.300868812228437  7.087732554610760  25.004703310197222  0.003597487847288  0.635233101403997  3.288609862713638  18.373492571271811 -154.890509682593034
        0.000000019952695  3.128046455293876  37.300869368054698  7.087732554610760  25.004703310197222  0.003597487847288  0.635233101403997  3.288609862713638  18.373492571271811 -154.890509682593034
        0.000000002148248  3.128046455293876  37.300868812228437  7.087732660226205  25.004703310197222  0.003597487847288  0.635233101403997  3.288609862713638  18.373492571271811 -154.890509682593034
        0.000000001056587  3.128046455293876  37.300868812228437  7.087732554610760  25.004703682796336  0.003597487847288  0.635233101403997  3.288609862713638  18.373492571271811 -154.890509682593034
        0.000000001143102  3.128046455293876  37.300868812228437  7.087732554610760  25.004703310197222  0.003597502748449  0.635233101403997  3.288609862713638  18.373492571271811 -154.890509682593034
        0.000000006401268  3.128046455293876  37.300868812228437  7.087732554610760  25.004703310197222  0.003597487847288  0.635233116305159  3.288609862713638  18.373492571271811 -154.890509682593034
        0.000000009126067  3.128046455293876  37.300868812228437  7.087732554610760  25.004703310197222  0.003597487847288  0.635233101403997  3.288609911717744  18.373492571271811 -154.890509682593034
        0.000000004765711  3.128046455293876  37.300868812228437  7.087732554610760  25.004703310197222  0.003597487847288  0.635233101403997  3.288609862713638  18.373492845058184 -154.890509682593034
        0.000037777240280  3.128046455293876  37.300868812228437  7.087732554610760  25.004703310197222  0.003597487847288  0.635233101403997  3.288609862713638  18.373492571271811 -154.890511990641500
        0.000800920979196  3.167624768733635  32.448114206633207  6.029694284334635  21.864229610337521  0.000340066348970  0.634856061987494  3.289004339074032  16.975596366297943 -154.890511132310223
        0.000744214758611  3.138827376698526  35.981028879147892  6.678532844598281  24.251132681903215  0.000382354573878  0.634795930091696  3.289055137030765  17.990124867046006 -154.890511369803278
        0.000049458435587  3.131384219072866  36.894146827636959  6.848936781192500  24.865815748066460  0.000414536926957  0.634788141530525  3.289060250991205  18.252406250190777 -154.890511401191617
        0.000000019211497  3.131384265734127  36.894146827636959  6.848936781192500  24.865815748066460  0.000414536926957  0.634788141530525  3.289060250991205  18.252406250190777 -154.890511401191617
        0.000000019932877  3.131384219072866  36.894147377402589  6.848936781192500  24.865815748066460  0.000414536926957  0.634788141530525  3.289060250991205  18.252406250190777 -154.890511401191617
        0.000000002149463  3.131384219072866  36.894146827636959  6.848936883249611  24.865815748066460  0.000414536926957  0.634788141530525  3.289060250991205  18.252406250190777 -154.890511401191617
        0.000000001067054  3.131384219072866  36.894146827636959  6.848936781192500  24.865816118595987  0.000414536926957  0.634788141530525  3.289060250991205  18.252406250190777 -154.890511401191617
        0.000000001147716  3.131384219072866  36.894146827636959  6.848936781192500  24.865815748066460  0.000414551828118  0.634788141530525  3.289060250991205  18.252406250190777 -154.890511401191617
        0.000000006401867  3.131384219072866  36.894146827636959  6.848936781192500  24.865815748066460  0.000414536926957  0.634788156431686  3.289060250991205  18.252406250190777 -154.890511401191617
        0.000000009092523  3.131384219072866  36.894146827636959  6.848936781192500  24.865815748066460  0.000414536926957  0.634788141530525  3.289060300002022  18.252406250190777 -154.890511401191617
        0.000000004799899  3.131384219072866  36.894146827636959  6.848936781192500  24.865815748066460  0.000414536926957  0.634788141530525  3.289060250991205  18.252406522172826 -154.890511401191617
        0.000037777241781  3.131384219072866  36.894146827636959  6.848936781192500  24.865815748066460  0.000414536926957  0.634788141530525  3.289060250991205  18.252406250190777 -154.890513709240082
        0.000036129809003  3.127751082601376  37.337383167748897  6.944685868766515  25.153338880406594  0.000145922708507  0.634827588952300  3.289022466887100  18.380220615751014 -154.890511248916368
        0.000000019227490  3.127751129208499  37.337383167748897  6.944685868766515  25.153338880406594  0.000145922708507  0.634827588952300  3.289022466887100  18.380220615751014 -154.890511248916368
        0.000000019952540  3.127751082601376  37.337383724119263  6.944685868766515  25.153338880406594  0.000145922708507  0.634827588952300  3.289022466887100  18.380220615751014 -154.890511248916368
        0.000000002149344  3.127751082601376  37.337383167748897  6.944685972250398  25.153338880406594  0.000145922708507  0.634827588952300  3.289022466887100  18.380220615751014 -154.890511248916368
        0.000000001066174  3.127751082601376  37.337383167748897  6.944685868766515  25.153339255220551  0.000145922708507  0.634827588952300  3.289022466887100  18.380220615751014 -154.890511248916368
        0.000000001148572  3.127751082601376  37.337383167748897  6.944685868766515  25.153338880406594  0.000145937609668  0.634827588952300  3.289022466887100  18.380220615751014 -154.890511248916368
        0.000000006403205  3.127751082601376  37.337383167748897  6.944685868766515  25.153338880406594  0.000145922708507  0.634827603853461  3.289022466887100  18.380220615751014 -154.890511248916368
        0.000000009129092  3.127751082601376  37.337383167748897  6.944685868766515  25.153338880406594  0.000145922708507  0.634827588952300  3.289022515897354  18.380220615751014 -154.890511248916368
        0.000000004762501  3.127751082601376  37.337383167748897  6.944685868766515  25.153338880406594  0.000145922708507  0.634827588952300  3.289022466887100  18.380220889637645 -154.890511248916368
        0.000037777241684  3.127751082601376  37.337383167748897  6.944685868766515  25.153338880406594  0.000145922708507  0.634827588952300  3.289022466887100  18.380220615751014 -154.890513556964834
        0.000037606077677  3.127898823236169  37.321852955575203  6.917091911185061  25.163206502350384  0.000034226841700  0.634757472950637  3.289093437568410  18.374954890470111 -154.890511516870106
        0.000000019226629  3.127898869845493  37.321852955575203  6.917091911185061  25.163206502350384  0.000034226841700  0.634757472950637  3.289093437568410  18.374954890470111 -154.890511516870106
        0.000000019951303  3.127898823236169  37.321853511714153  6.917091911185061  25.163206502350384  0.000034226841700  0.634757472950637  3.289093437568410  18.374954890470111 -154.890511516870106
        0.000000002149683  3.127898823236169  37.321852955575203  6.917092014257762  25.163206502350384  0.000034226841700  0.634757472950637  3.289093437568410  18.374954890470111 -154.890511516870106
        0.000000001067825  3.127898823236169  37.321852955575203  6.917091911185061  25.163206877311382  0.000034226841700  0.634757472950637  3.289093437568410  18.374954890470111 -154.890511516870106
        0.000000001149476  3.127898823236169  37.321852955575203  6.917091911185061  25.163206502350384  0.000034241742861  0.634757472950637  3.289093437568410  18.374954890470111 -154.890511516870106
        0.000000006403826  3.127898823236169  37.321852955575203  6.917091911185061  25.163206502350384  0.000034226841700  0.634757487851798  3.289093437568410  18.374954890470111 -154.890511516870106
        0.000000009128226  3.127898823236169  37.321852955575203  6.917091911185061  25.163206502350384  0.000034226841700  0.634757472950637  3.289093486579722  18.374954890470111 -154.890511516870106
        0.000000004764017  3.127898823236169  37.321852955575203  6.917091911185061  25.163206502350384  0.000034226841700  0.634757472950637  3.289093437568410  18.374955164278276 -154.890511516870106
        0.000037777242177  3.127898823236169  37.321852955575203  6.917091911185061  25.163206502350384  0.000034226841700  0.634757472950637  3.289093437568410  18.374954890470111 -154.890513824918600
        0.000037533914860  3.128613738009963  37.234574580711332  6.845345078530075  25.150006920520223  0.000010616978286  0.634600152660709  3.289233555667963  18.348783832688266 -154.890512025236717
        0.000002310946111  3.127970313536944  37.313431945161376  6.892973857296024  25.176039092374840  0.000024056518957  0.634694475208750  3.289142800998474  18.372128458159853 -154.890511693151325
        0.000001173207719  3.127913903585379  37.320289024629574  6.910982790622789  25.166903827645605  0.000031526177581  0.634742236865306  3.289097341344844  18.374450305110550 -154.890511527035443
        0.000000019226572  3.127913950194928  37.320289024629574  6.910982790622789  25.166903827645605  0.000031526177581  0.634742236865306  3.289097341344844  18.374450305110550 -154.890511527035443
        0.000000019951216  3.127913903585379  37.320289580745218  6.910982790622789  25.166903827645605  0.000031526177581  0.634742236865306  3.289097341344844  18.374450305110550 -154.890511527035443
        0.000000002149729  3.127913903585379  37.320289024629574  6.910982893604458  25.166903827645605  0.000031526177581  0.634742236865306  3.289097341344844  18.374450305110550 -154.890511527035443
        0.000000001068213  3.127913903585379  37.320289024629574  6.910982790622789  25.166904202661694  0.000031526177581  0.634742236865306  3.289097341344844  18.374450305110550 -154.890511527035443
        0.000000001149674  3.127913903585379  37.320289024629574  6.910982790622789  25.166903827645605  0.000031541078742  0.634742236865306  3.289097341344844  18.374450305110550 -154.890511527035443
        0.000000006403971  3.127913903585379  37.320289024629574  6.910982790622789  25.166903827645605  0.000031526177581  0.634742251766467  3.289097341344844  18.374450305110550 -154.890511527035443
        0.000000009128213  3.127913903585379  37.320289024629574  6.910982790622789  25.166903827645605  0.000031526177581  0.634742236865306  3.289097390356214  18.374450305110550 -154.890511527035443
        0.000000004764175  3.127913903585379  37.320289024629574  6.910982790622789  25.166903827645605  0.000031526177581  0.634742236865306  3.289097341344844  18.374450578911194 -154.890511527035443
        0.000037777242174  3.127913903585379  37.320289024629574  6.910982790622789  25.166903827645605  0.000031526177581  0.634742236865306  3.289097341344844  18.374450305110550 -154.890513835083937
2022-08-18 12:22:39.297932
