/projects/wagner/highthroughput/mick_graphene_paper/3_data/1_kc_fitting
2023-06-01 19:10:58.640418
use a starting guess from the old fit
starting guess parameters:  [ 3.37006089e+00  2.17833385e+01  1.04693887e+01  8.86496249e+00
  1.31573765e-05  7.23952360e-01  3.28314592e+00  1.30901596e+01
 -1.54590379e+02]
     1025.509994320580063  3.370060885645178  21.783338516870739  10.469388694543325  8.864962486046355  0.000013157376477  0.723952360283636  3.283145920221462  13.090159601618883 -154.590378722241923
        0.000000012842762  3.370060935862998  21.783338516870739  10.469388694543325  8.864962486046355  0.000013157376477  0.723952360283636  3.283145920221462  13.090159601618883 -154.590378722241923
        0.000000011578739  3.370060885645178  21.783338841467778  10.469388694543325  8.864962486046355  0.000013157376477  0.723952360283636  3.283145920221462  13.090159601618883 -154.590378722241923
        0.000000001419287  3.370060885645178  21.783338516870739  10.469388850549374  8.864962486046355  0.000013157376477  0.723952360283636  3.283145920221462  13.090159601618883 -154.590378722241923
        0.000000000243239  3.370060885645178  21.783338516870739  10.469388694543325  8.864962618144590  0.000013157376477  0.723952360283636  3.283145920221462  13.090159601618883 -154.590378722241923
        0.000000000451910  3.370060885645178  21.783338516870739  10.469388694543325  8.864962486046355  0.000013172277638  0.723952360283636  3.283145920221462  13.090159601618883 -154.590378722241923
        0.000000003998539  3.370060885645178  21.783338516870739  10.469388694543325  8.864962486046355  0.000013157376477  0.723952375184798  3.283145920221462  13.090159601618883 -154.590378722241923
        0.000000003161800  3.370060885645178  21.783338516870739  10.469388694543325  8.864962486046355  0.000013157376477  0.723952360283636  3.283145969144149  13.090159601618883 -154.590378722241923
        0.000000004375995  3.370060885645178  21.783338516870739  10.469388694543325  8.864962486046355  0.000013157376477  0.723952360283636  3.283145920221462  13.090159796677462 -154.590378722241923
        0.000015277711498  3.370060885645178  21.783338516870739  10.469388694543325  8.864962486046355  0.000013157376477  0.723952360283636  3.283145920221462  13.090159601618883 -154.590381025818061
        0.000312880874097  3.369933852934233  21.783339018585750  10.469389450171839  8.864964085885186  0.000015816516127  0.724057265753664  3.283155201846849  13.090077524230045 -154.590336480601849
        0.000000012838401  3.369933903150160  21.783339018585750  10.469389450171839  8.864964085885186  0.000015816516127  0.724057265753664  3.283155201846849  13.090077524230045 -154.590336480601849
        0.000000011574837  3.369933852934233  21.783339343182796  10.469389450171839  8.864964085885186  0.000015816516127  0.724057265753664  3.283155201846849  13.090077524230045 -154.590336480601849
        0.000000001418707  3.369933852934233  21.783339018585750  10.469389606177899  8.864964085885186  0.000015816516127  0.724057265753664  3.283155201846849  13.090077524230045 -154.590336480601849
        0.000000000243186  3.369933852934233  21.783339018585750  10.469389450171839  8.864964217983445  0.000015816516127  0.724057265753664  3.283155201846849  13.090077524230045 -154.590336480601849
        0.000000000451829  3.369933852934233  21.783339018585750  10.469389450171839  8.864964085885186  0.000015831417289  0.724057265753664  3.283155201846849  13.090077524230045 -154.590336480601849
        0.000000003996808  3.369933852934233  21.783339018585750  10.469389450171839  8.864964085885186  0.000015816516127  0.724057280654825  3.283155201846849  13.090077524230045 -154.590336480601849
        0.000000003161223  3.369933852934233  21.783339018585750  10.469389450171839  8.864964085885186  0.000015816516127  0.724057265753664  3.283155250769674  13.090077524230045 -154.590336480601849
        0.000000004373743  3.369933852934233  21.783339018585750  10.469389450171839  8.864964085885186  0.000015816516127  0.724057265753664  3.283155201846849  13.090077719287400 -154.590336480601849
        0.000015277707903  3.369933852934233  21.783339018585750  10.469389450171839  8.864964085885186  0.000015816516127  0.724057265753664  3.283155201846849  13.090077524230045 -154.590338784177362
        0.000616624935932  3.359747914286872  21.760418404060950  10.329434381515988  9.126002856722986  0.000015177163018  0.720698987043329  3.347955411577748  13.056426501584168 -154.590413157766022
        0.000000013018703  3.359747964351018  21.760418404060950  10.329434381515988  9.126002856722986  0.000015177163018  0.720698987043329  3.347955411577748  13.056426501584168 -154.590413157766022
        0.000000011770298  3.359747914286872  21.760418728316452  10.329434381515988  9.126002856722986  0.000015177163018  0.720698987043329  3.347955411577748  13.056426501584168 -154.590413157766022
        0.000000001397061  3.359747914286872  21.760418404060950  10.329434535436555  9.126002856722986  0.000015177163018  0.720698987043329  3.347955411577748  13.056426501584168 -154.590413157766022
        0.000000000249455  3.359747914286872  21.760418404060950  10.329434381515988  9.126002992711026  0.000015177163018  0.720698987043329  3.347955411577748  13.056426501584168 -154.590413157766022
        0.000000000453619  3.359747914286872  21.760418404060950  10.329434381515988  9.126002856722986  0.000015192064179  0.720698987043329  3.347955411577748  13.056426501584168 -154.590413157766022
        0.000000003888930  3.359747914286872  21.760418404060950  10.329434381515988  9.126002856722986  0.000015177163018  0.720699001944490  3.347955411577748  13.056426501584168 -154.590413157766022
        0.000000003093595  3.359747914286872  21.760418404060950  10.329434381515988  9.126002856722986  0.000015177163018  0.720698987043329  3.347955461466171  13.056426501584168 -154.590413157766022
        0.000000004249856  3.359747914286872  21.760418404060950  10.329434381515988  9.126002856722986  0.000015177163018  0.720698987043329  3.347955411577748  13.056426696140084 -154.590413157766022
        0.000015277766624  3.359747914286872  21.760418404060950  10.329434381515988  9.126002856722986  0.000015177163018  0.720698987043329  3.347955411577748  13.056426501584168 -154.590415461342701
        0.000098053625380  3.359747142565153  21.763818510846384  10.334199046746299  9.123775093686861  0.004802322029808  0.720807046220601  3.347926474235145  13.056424897882136 -154.590413164050432
        0.000000013029407  3.359747192629287  21.763818510846384  10.334199046746299  9.123775093686861  0.004802322029808  0.720807046220601  3.347926474235145  13.056424897882136 -154.590413164050432
        0.000000011779986  3.359747142565153  21.763818835152552  10.334199046746299  9.123775093686861  0.004802322029808  0.720807046220601  3.347926474235145  13.056424897882136 -154.590413164050432
        0.000000001397265  3.359747142565153  21.763818510846384  10.334199200737865  9.123775093686861  0.004802322029808  0.720807046220601  3.347926474235145  13.056424897882136 -154.590413164050432
        0.000000000249307  3.359747142565153  21.763818510846384  10.334199046746299  9.123775229641705  0.004802322029808  0.720807046220601  3.347926474235145  13.056424897882136 -154.590413164050432
        0.000000000453540  3.359747142565153  21.763818510846384  10.334199046746299  9.123775093686861  0.004802336930969  0.720807046220601  3.347926474235145  13.056424897882136 -154.590413164050432
        0.000000003889243  3.359747142565153  21.763818510846384  10.334199046746299  9.123775093686861  0.004802322029808  0.720807061121762  3.347926474235145  13.056424897882136 -154.590413164050432
        0.000000003094128  3.359747142565153  21.763818510846384  10.334199046746299  9.123775093686861  0.004802322029808  0.720807046220601  3.347926524123137  13.056424897882136 -154.590413164050432
        0.000000004249931  3.359747142565153  21.763818510846384  10.334199046746299  9.123775093686861  0.004802322029808  0.720807046220601  3.347926474235145  13.056425092438028 -154.590413164050432
        0.000015277766611  3.359747142565153  21.763818510846384  10.334199046746299  9.123775093686861  0.004802322029808  0.720807046220601  3.347926474235145  13.056424897882136 -154.590415467627111
        0.000025704556366  3.351881805446250  22.358680070427475  10.585283410847371  9.414596731728174  0.000383743149123  0.720610150024353  3.346686740431957  13.249497412675733 -154.590409471766094
        0.000000012973268  3.351881855393181  22.358680070427475  10.585283410847371  9.414596731728174  0.000383743149123  0.720610150024353  3.346686740431957  13.249497412675733 -154.590409471766094
        0.000000011727227  3.351881805446250  22.358680403597770  10.585283410847371  9.414596731728174  0.000383743149123  0.720610150024353  3.346686740431957  13.249497412675733 -154.590409471766094
        0.000000001398081  3.351881805446250  22.358680070427475  10.585283568580385  9.414596731728174  0.000383743149123  0.720610150024353  3.346686740431957  13.249497412675733 -154.590409471766094
        0.000000000252272  3.351881805446250  22.358680070427475  10.585283410847371  9.414596872016597  0.000383743149123  0.720610150024353  3.346686740431957  13.249497412675733 -154.590409471766094
        0.000000000459604  3.351881805446250  22.358680070427475  10.585283410847371  9.414596731728174  0.000383758050284  0.720610150024353  3.346686740431957  13.249497412675733 -154.590409471766094
        0.000000003898274  3.351881805446250  22.358680070427475  10.585283410847371  9.414596731728174  0.000383743149123  0.720610164925515  3.346686740431957  13.249497412675733 -154.590409471766094
        0.000000003148063  3.351881805446250  22.358680070427475  10.585283410847371  9.414596731728174  0.000383743149123  0.720610150024353  3.346686790301476  13.249497412675733 -154.590409471766094
        0.000000004188997  3.351881805446250  22.358680070427475  10.585283410847371  9.414596731728174  0.000383743149123  0.720610150024353  3.346686740431957  13.249497610108630 -154.590409471766094
        0.000015277764743  3.351881805446250  22.358680070427475  10.585283410847371  9.414596731728174  0.000383743149123  0.720610150024353  3.346686740431957  13.249497412675733 -154.590411775342716
        0.000045778669568  3.351990684198570  22.358681502958326  10.585283896231608  9.414597715112512  0.000386013737621  0.720676970350697  3.346701267896714  13.249471459003955 -154.590410731999668
        0.000000012982291  3.351990734147123  22.358681502958326  10.585283896231608  9.414597715112512  0.000386013737621  0.720676970350697  3.346701267896714  13.249471459003955 -154.590410731999668
        0.000000011735282  3.351990684198570  22.358681836128643  10.585283896231608  9.414597715112512  0.000386013737621  0.720676970350697  3.346701267896714  13.249471459003955 -154.590410731999668
        0.000000001398614  3.351990684198570  22.358681502958326  10.585284053964630  9.414597715112512  0.000386013737621  0.720676970350697  3.346701267896714  13.249471459003955 -154.590410731999668
        0.000000000252400  3.351990684198570  22.358681502958326  10.585283896231608  9.414597855400951  0.000386013737621  0.720676970350697  3.346701267896714  13.249471459003955 -154.590410731999668
        0.000000000459843  3.351990684198570  22.358681502958326  10.585283896231608  9.414597715112512  0.000386028638782  0.720676970350697  3.346701267896714  13.249471459003955 -154.590410731999668
        0.000000003899635  3.351990684198570  22.358681502958326  10.585283896231608  9.414597715112512  0.000386013737621  0.720676985251858  3.346701267896714  13.249471459003955 -154.590410731999668
        0.000000003148488  3.351990684198570  22.358681502958326  10.585283896231608  9.414597715112512  0.000386013737621  0.720676970350697  3.346701317766449  13.249471459003955 -154.590410731999668
        0.000000004190936  3.351990684198570  22.358681502958326  10.585283896231608  9.414597715112512  0.000386013737621  0.720676970350697  3.346701267896714  13.249471656436464 -154.590410731999668
        0.000015277764255  3.351990684198570  22.358681502958326  10.585283896231608  9.414597715112512  0.000386013737621  0.720676970350697  3.346701267896714  13.249471459003955 -154.590413035576290
        0.000021592827299  3.352952029230321  22.305186767720979  10.531575070942919  9.428227117476466  0.000307900355499  0.720404518097386  3.345445316361200  13.236247017193170 -154.590405488334028
        0.000000012985762  3.352952079193199  22.305186767720979  10.531575070942919  9.428227117476466  0.000307900355499  0.720404518097386  3.345445316361200  13.236247017193170 -154.590405488334028
        0.000000011738520  3.352952029230321  22.305187100094162  10.531575070942919  9.428227117476466  0.000307900355499  0.720404518097386  3.345445316361200  13.236247017193170 -154.590405488334028
        0.000000001399637  3.352952029230321  22.305186767720979  10.531575227875617  9.428227117476466  0.000307900355499  0.720404518097386  3.345445316361200  13.236247017193170 -154.590405488334028
        0.000000000255051  3.352952029230321  22.305186767720979  10.531575070942919  9.428227257967997  0.000307900355499  0.720404518097386  3.345445316361200  13.236247017193170 -154.590405488334028
        0.000000000461874  3.352952029230321  22.305186767720979  10.531575070942919  9.428227117476466  0.000307915256660  0.720404518097386  3.345445316361200  13.236247017193170 -154.590405488334028
        0.000000003905097  3.352952029230321  22.305186767720979  10.531575070942919  9.428227117476466  0.000307900355499  0.720404532998547  3.345445316361200  13.236247017193170 -154.590405488334028
        0.000000003148222  3.352952029230321  22.305186767720979  10.531575070942919  9.428227117476466  0.000307900355499  0.720404518097386  3.345445366212219  13.236247017193170 -154.590405488334028
        0.000000004200509  3.352952029230321  22.305186767720979  10.531575070942919  9.428227117476466  0.000307900355499  0.720404518097386  3.345445316361200  13.236247214428621 -154.590405488334028
        0.000015277762126  3.352952029230321  22.305186767720979  10.531575070942919  9.428227117476466  0.000307900355499  0.720404518097386  3.345445316361200  13.236247017193170 -154.590407791910593
        0.000015966959757  3.354897636709484  22.159950182724479  10.436148377811328  9.404137908581557  0.000033951237121  0.720028166529249  3.345554224569124  13.189582500464885 -154.590405717791725
        0.000001341584386  3.353229655804519  22.284350315297726  10.497874186544060  9.452513078901616  0.000004699867464  0.720070125344583  3.345551770824399  13.229112777563822 -154.590405708461589
        0.000002732107238  3.352990641690409  22.301828403003373  10.523621123987523  9.435414795271322  0.000228340035810  0.720314473297162  3.345526261494051  13.234941092359726 -154.590405637754003
        0.000000012986413  3.352990691653863  22.301828403003373  10.523621123987523  9.435414795271322  0.000228340035810  0.720314473297162  3.345526261494051  13.234941092359726 -154.590405637754003
        0.000000011739212  3.352990641690409  22.301828735326513  10.523621123987523  9.435414795271322  0.000228340035810  0.720314473297162  3.345526261494051  13.234941092359726 -154.590405637754003
        0.000000001399719  3.352990641690409  22.301828403003373  10.523621280801697  9.435414795271322  0.000228340035810  0.720314473297162  3.345526261494051  13.234941092359726 -154.590405637754003
        0.000000000255592  3.352990641690409  22.301828403003373  10.523621123987523  9.435414935869959  0.000228340035810  0.720314473297162  3.345526261494051  13.234941092359726 -154.590405637754003
        0.000000000462277  3.352990641690409  22.301828403003373  10.523621123987523  9.435414795271322  0.000228354936972  0.720314473297162  3.345526261494051  13.234941092359726 -154.590405637754003
        0.000000003905637  3.352990641690409  22.301828403003373  10.523621123987523  9.435414795271322  0.000228340035810  0.720314488198324  3.345526261494051  13.234941092359726 -154.590405637754003
        0.000000003148437  3.352990641690409  22.301828403003373  10.523621123987523  9.435414795271322  0.000228340035810  0.720314473297162  3.345526311346277  13.234941092359726 -154.590405637754003
        0.000000004200768  3.352990641690409  22.301828403003373  10.523621123987523  9.435414795271322  0.000228340035810  0.720314473297162  3.345526261494051  13.234941289575717 -154.590405637754003
        0.000015277762224  3.352990641690409  22.301828403003373  10.523621123987523  9.435414795271322  0.000228340035810  0.720314473297162  3.345526261494051  13.234941092359726 -154.590407941330568
2023-06-01 19:18:32.823277
