/projects/wagner/highthroughput/mick_graphene_paper/3_data/1_kc_fitting
2023-06-01 19:05:49.897498
use a starting guess from the old fit
starting guess parameters:  [ 3.37006089e+00  2.17833385e+01  1.04693887e+01  8.86496249e+00
  1.31573765e-05  7.23952360e-01  3.28314592e+00  1.30901596e+01
 -1.54590379e+02]
     1025.509994320580063  3.370060885645178  21.783338516870739  10.469388694543325  8.864962486046355  0.000013157376477  0.723952360283636  3.283145920221462  13.090159601618883 -154.590378722241923
        0.000000012842762  3.370060935862998  21.783338516870739  10.469388694543325  8.864962486046355  0.000013157376477  0.723952360283636  3.283145920221462  13.090159601618883 -154.590378722241923
        0.000000011578739  3.370060885645178  21.783338841467778  10.469388694543325  8.864962486046355  0.000013157376477  0.723952360283636  3.283145920221462  13.090159601618883 -154.590378722241923
        0.000000001419287  3.370060885645178  21.783338516870739  10.469388850549374  8.864962486046355  0.000013157376477  0.723952360283636  3.283145920221462  13.090159601618883 -154.590378722241923
        0.000000000243239  3.370060885645178  21.783338516870739  10.469388694543325  8.864962618144590  0.000013157376477  0.723952360283636  3.283145920221462  13.090159601618883 -154.590378722241923
        0.000000000451910  3.370060885645178  21.783338516870739  10.469388694543325  8.864962486046355  0.000013172277638  0.723952360283636  3.283145920221462  13.090159601618883 -154.590378722241923
        0.000000003998539  3.370060885645178  21.783338516870739  10.469388694543325  8.864962486046355  0.000013157376477  0.723952375184798  3.283145920221462  13.090159601618883 -154.590378722241923
        0.000000003161800  3.370060885645178  21.783338516870739  10.469388694543325  8.864962486046355  0.000013157376477  0.723952360283636  3.283145969144149  13.090159601618883 -154.590378722241923
        0.000000004375995  3.370060885645178  21.783338516870739  10.469388694543325  8.864962486046355  0.000013157376477  0.723952360283636  3.283145920221462  13.090159796677462 -154.590378722241923
        0.000015277711498  3.370060885645178  21.783338516870739  10.469388694543325  8.864962486046355  0.000013157376477  0.723952360283636  3.283145920221462  13.090159601618883 -154.590381025818061
        0.000179359126017  3.370651813146158  21.783347817180047  10.469358631210433  8.864950816145937  0.000017203534832  0.723977594731442  3.283247083070542  13.090162292335535 -154.590370235663869
        0.000000012880923  3.370651863372784  21.783347817180047  10.469358631210433  8.864950816145937  0.000017203534832  0.723977594731442  3.283247083070542  13.090162292335535 -154.590370235663869
        0.000000011612846  3.370651813146158  21.783348141777225  10.469358631210433  8.864950816145937  0.000017203534832  0.723977594731442  3.283247083070542  13.090162292335535 -154.590370235663869
        0.000000001422108  3.370651813146158  21.783347817180047  10.469358787216034  8.864950816145937  0.000017203534832  0.723977594731442  3.283247083070542  13.090162292335535 -154.590370235663869
        0.000000000243713  3.370651813146158  21.783347817180047  10.469358631210433  8.864950948243997  0.000017203534832  0.723977594731442  3.283247083070542  13.090162292335535 -154.590370235663869
        0.000000000452793  3.370651813146158  21.783347817180047  10.469358631210433  8.864950816145937  0.000017218435993  0.723977594731442  3.283247083070542  13.090162292335535 -154.590370235663869
        0.000000004006275  3.370651813146158  21.783347817180047  10.469358631210433  8.864950816145937  0.000017203534832  0.723977609632603  3.283247083070542  13.090162292335535 -154.590370235663869
        0.000000003164207  3.370651813146158  21.783347817180047  10.469358631210433  8.864950816145937  0.000017203534832  0.723977594731442  3.283247131994736  13.090162292335535 -154.590370235663869
        0.000000004386787  3.370651813146158  21.783347817180047  10.469358631210433  8.864950816145937  0.000017203534832  0.723977594731442  3.283247083070542  13.090162487394153 -154.590370235663869
        0.000015277708104  3.370651813146158  21.783347817180047  10.469358631210433  8.864950816145937  0.000017203534832  0.723977594731442  3.283247083070542  13.090162292335535 -154.590372539239894
        0.000298304191705  3.372521414330421  21.693472469572484  10.100506130579779  9.148503318920550  0.000016329216598  0.719759111169229  3.288359586141349  13.059512349866328 -154.590340834886547
        0.000000012935579  3.372521464584906  21.693472469572484  10.100506130579779  9.148503318920550  0.000016329216598  0.719759111169229  3.288359586141349  13.059512349866328 -154.590340834886547
        0.000000011667122  3.372521414330421  21.693472792830413  10.100506130579779  9.148503318920550  0.000016329216598  0.719759111169229  3.288359586141349  13.059512349866328 -154.590340834886547
        0.000000001431361  3.372521414330421  21.693472469572484  10.100506281089050  9.148503318920550  0.000016329216598  0.719759111169229  3.288359586141349  13.059512349866328 -154.590340834886547
        0.000000000267311  3.372521414330421  21.693472469572484  10.100506130579779  9.148503455243873  0.000016329216598  0.719759111169229  3.288359586141349  13.059512349866328 -154.590340834886547
        0.000000000470904  3.372521414330421  21.693472469572484  10.100506130579779  9.148503318920550  0.000016344117759  0.719759111169229  3.288359586141349  13.059512349866328 -154.590340834886547
        0.000000004032212  3.372521414330421  21.693472469572484  10.100506130579779  9.148503318920550  0.000016329216598  0.719759126070390  3.288359586141349  13.059512349866328 -154.590340834886547
        0.000000003171105  3.372521414330421  21.693472469572484  10.100506130579779  9.148503318920550  0.000016329216598  0.719759111169229  3.288359635141725  13.059512349866328 -154.590340834886547
        0.000000004411661  3.372521414330421  21.693472469572484  10.100506130579779  9.148503318920550  0.000016329216598  0.719759111169229  3.288359586141349  13.059512544468227 -154.590340834886547
        0.000015277702847  3.372521414330421  21.693472469572484  10.100506130579779  9.148503318920550  0.000016329216598  0.719759111169229  3.288359586141349  13.059512349866328 -154.590343138462146
        0.002128385376894  3.331753115248381  24.632339458429954  9.487778007790656  13.139784857708928  0.000005964062746  0.691200625635247  3.290643016035617  13.990910891493590 -154.590347785793455
        0.002061569332793  3.377789863234654  21.337103871216886  9.001853922822917  10.286099055197722  0.000004562650049  0.706462441755592  3.288956715591957  12.931950408062070 -154.590343293199709
        0.000000012963731  3.377789913567645  21.337103871216886  9.001853922822917  10.286099055197722  0.000004562650049  0.706462441755592  3.288956715591957  12.931950408062070 -154.590343293199709
        0.000000011709585  3.377789863234654  21.337104189164510  9.001853922822917  10.286099055197722  0.000004562650049  0.706462441755592  3.288956715591957  12.931950408062070 -154.590343293199709
        0.000000001443890  3.377789863234654  21.337103871216886  9.001854056960994  10.286099055197722  0.000004562650049  0.706462441755592  3.288956715591957  12.931950408062070 -154.590343293199709
        0.000000000363563  3.377789863234654  21.337103871216886  9.001853922822917  10.286099208472542  0.000004562650049  0.706462441755592  3.288956715591957  12.931950408062070 -154.590343293199709
        0.000000000542023  3.377789863234654  21.337103871216886  9.001853922822917  10.286099055197722  0.000004577551210  0.706462441755592  3.288956715591957  12.931950408062070 -154.590343293199709
        0.000000004141604  3.377789863234654  21.337103871216886  9.001853922822917  10.286099055197722  0.000004562650049  0.706462456656753  3.288956715591957  12.931950408062070 -154.590343293199709
        0.000000003233974  3.377789863234654  21.337103871216886  9.001853922822917  10.286099055197722  0.000004562650049  0.706462441755592  3.288956764601231  12.931950408062070 -154.590343293199709
        0.000000004455028  3.377789863234654  21.337103871216886  9.001853922822917  10.286099055197722  0.000004562650049  0.706462441755592  3.288956715591957  12.931950600763148 -154.590343293199709
        0.000015277704167  3.377789863234654  21.337103871216886  9.001853922822917  10.286099055197722  0.000004562650049  0.706462441755592  3.288956715591957  12.931950408062070 -154.590345596775336
        0.000053036363766  3.377802365228726  21.337775031240952  9.002659597091865  10.286186440507123  0.002172509303989  0.706495838664459  3.288945118161978  12.931640767964669 -154.590343301518601
        0.000000012968815  3.377802415561904  21.337775031240952  9.002659597091865  10.286186440507123  0.002172509303989  0.706495838664459  3.288945118161978  12.931640767964669 -154.590343301518601
        0.000000011714244  3.377802365228726  21.337775349198576  9.002659597091865  10.286186440507123  0.002172509303989  0.706495838664459  3.288945118161978  12.931640767964669 -154.590343301518601
        0.000000001443989  3.377802365228726  21.337775031240952  9.002659731241947  10.286186440507123  0.002172509303989  0.706495838664459  3.288945118161978  12.931640767964669 -154.590343301518601
        0.000000000363591  3.377802365228726  21.337775031240952  9.002659597091865  10.286186593783246  0.002172509303989  0.706495838664459  3.288945118161978  12.931640767964669 -154.590343301518601
        0.000000000542074  3.377802365228726  21.337775031240952  9.002659597091865  10.286186440507123  0.002172524205150  0.706495838664459  3.288945118161978  12.931640767964669 -154.590343301518601
        0.000000004141927  3.377802365228726  21.337775031240952  9.002659597091865  10.286186440507123  0.002172509303989  0.706495853565620  3.288945118161978  12.931640767964669 -154.590343301518601
        0.000000003234285  3.377802365228726  21.337775031240952  9.002659597091865  10.286186440507123  0.002172509303989  0.706495838664459  3.288945167171079  12.931640767964669 -154.590343301518601
        0.000000004455180  3.377802365228726  21.337775031240952  9.002659597091865  10.286186440507123  0.002172509303989  0.706495838664459  3.288945118161978  12.931640960661133 -154.590343301518601
        0.000015277704145  3.377802365228726  21.337775031240952  9.002659597091865  10.286186440507123  0.002172509303989  0.706495838664459  3.288945118161978  12.931640767964669 -154.590345605094228
        0.000108356621246  3.374066871421537  21.604335969977857  8.587015759914632  10.977231332306561  0.000849765178527  0.701881421830617  3.289802523769633  13.013423664900859 -154.590345241154012
        0.000000012947301  3.374066921699051  21.604335969977857  8.587015759914632  10.977231332306561  0.000849765178527  0.701881421830617  3.289802523769633  13.013423664900859 -154.590345241154012
        0.000000011699021  3.374066871421537  21.604336291907551  8.587015759914632  10.977231332306561  0.000849765178527  0.701881421830617  3.289802523769633  13.013423664900859 -154.590345241154012
        0.000000001451230  3.374066871421537  21.604335969977857  8.587015887871138  10.977231332306561  0.000849765178527  0.701881421830617  3.289802523769633  13.013423664900859 -154.590345241154012
        0.000000000411520  3.374066871421537  21.604335969977857  8.587015759914632  10.977231495880055  0.000849765178527  0.701881421830617  3.289802523769633  13.013423664900859 -154.590345241154012
        0.000000000575541  3.374066871421537  21.604335969977857  8.587015759914632  10.977231332306561  0.000849780079689  0.701881421830617  3.289802523769633  13.013423664900859 -154.590345241154012
        0.000000004181606  3.374066871421537  21.604335969977857  8.587015759914632  10.977231332306561  0.000849765178527  0.701881436731778  3.289802523769633  13.013423664900859 -154.590345241154012
        0.000000003290393  3.374066871421537  21.604335969977857  8.587015759914632  10.977231332306561  0.000849765178527  0.701881421830617  3.289802572791511  13.013423664900859 -154.590345241154012
        0.000000004424779  3.374066871421537  21.604335969977857  8.587015759914632  10.977231332306561  0.000849765178527  0.701881421830617  3.289802523769633  13.013423858815983 -154.590345241154012
        0.000015277705156  3.374066871421537  21.604335969977857  8.587015759914632  10.977231332306561  0.000849765178527  0.701881421830617  3.289802523769633  13.013423664900859 -154.590347544729667
        0.000027365823265  3.374077792181926  21.604725404732871  8.588009670511161  10.976839566555366  0.000796790289796  0.701908992689695  3.289793476453294  13.013155369838751 -154.590345247235746
        0.000000012949150  3.374077842459604  21.604725404732871  8.588009670511161  10.976839566555366  0.000796790289796  0.701908992689695  3.289793476453294  13.013155369838751 -154.590345247235746
        0.000000011700664  3.374077792181926  21.604725726668367  8.588009670511161  10.976839566555366  0.000796790289796  0.701908992689695  3.289793476453294  13.013155369838751 -154.590345247235746
        0.000000001451293  3.374077792181926  21.604725404732871  8.588009798482478  10.976839566555366  0.000796790289796  0.701908992689695  3.289793476453294  13.013155369838751 -154.590345247235746
        0.000000000411504  3.374077792181926  21.604725404732871  8.588009670511161  10.976839730123022  0.000796790289796  0.701908992689695  3.289793476453294  13.013155369838751 -154.590345247235746
        0.000000000575579  3.374077792181926  21.604725404732871  8.588009670511161  10.976839566555366  0.000796805190957  0.701908992689695  3.289793476453294  13.013155369838751 -154.590345247235746
        0.000000004181842  3.374077792181926  21.604725404732871  8.588009670511161  10.976839566555366  0.000796790289796  0.701909007590857  3.289793476453294  13.013155369838751 -154.590345247235746
        0.000000003290491  3.374077792181926  21.604725404732871  8.588009670511161  10.976839566555366  0.000796790289796  0.701908992689695  3.289793525475037  13.013155369838751 -154.590345247235746
        0.000000004424981  3.374077792181926  21.604725404732871  8.588009670511161  10.976839566555366  0.000796790289796  0.701908992689695  3.289793476453294  13.013155563749876 -154.590345247235746
        0.000015277705178  3.374077792181926  21.604725404732871  8.588009670511161  10.976839566555366  0.000796790289796  0.701908992689695  3.289793476453294  13.013155369838751 -154.590347550811401
        0.000211202242169  3.359500810747280  22.646081078793589  8.331946573810791  12.264004028569339  0.000684936490110  0.695488008428094  3.290785352375047  13.344813628102250 -154.590347846435662
        0.000183339395017  3.373398759264094  21.656901697292778  8.042760200333127  11.640767581037624  0.000052470763969  0.696534090566501  3.290626513922399  13.024258404469229 -154.590347384625375
        0.000000012946086  3.373398809531653  21.656901697292778  8.042760200333127  11.640767581037624  0.000052470763969  0.696534090566501  3.290626513922399  13.024258404469229 -154.590347384625375
        0.000000011703972  3.373398759264094  21.656902020005759  8.042760200333127  11.640767581037624  0.000052470763969  0.696534090566501  3.290626513922399  13.024258404469229 -154.590347384625375
        0.000000001458638  3.373398759264094  21.656901697292778  8.042760320179594  11.640767581037624  0.000052470763969  0.696534090566501  3.290626513922399  13.024258404469229 -154.590347384625375
        0.000000000465101  3.373398759264094  21.656901697292778  8.042760200333127  11.640767754498578  0.000052470763969  0.696534090566501  3.290626513922399  13.024258404469229 -154.590347384625375
        0.000000000611087  3.373398759264094  21.656901697292778  8.042760200333127  11.640767581037624  0.000052485665131  0.696534090566501  3.290626513922399  13.024258404469229 -154.590347384625375
        0.000000004228474  3.373398759264094  21.656901697292778  8.042760200333127  11.640767581037624  0.000052470763969  0.696534105467663  3.290626513922399  13.024258404469229 -154.590347384625375
        0.000000003334975  3.373398759264094  21.656901697292778  8.042760200333127  11.640767581037624  0.000052470763969  0.696534090566501  3.290626562956555  13.024258404469229 -154.590347384625375
        0.000000004419506  3.373398759264094  21.656901697292778  8.042760200333127  11.640767581037624  0.000052470763969  0.696534090566501  3.290626513922399  13.024258598545803 -154.590347384625375
        0.000015277706249  3.373398759264094  21.656901697292778  8.042760200333127  11.640767581037624  0.000052470763969  0.696534090566501  3.290626513922399  13.024258404469229 -154.590349688201059
        0.000029491118179  3.373408712990907  21.656883285841705  8.042964731303561  11.640744556462575  0.000919702319692  0.696547321630580  3.290621685125655  13.024015373200511 -154.590347389414433
        0.000000012948239  3.373408763258614  21.656883285841705  8.042964731303561  11.640744556462575  0.000919702319692  0.696547321630580  3.290621685125655  13.024015373200511 -154.590347389414433
        0.000000011705952  3.373408712990907  21.656883608554413  8.042964731303561  11.640744556462575  0.000919702319692  0.696547321630580  3.290621685125655  13.024015373200511 -154.590347389414433
        0.000000001458678  3.373408712990907  21.656883285841705  8.042964851153075  11.640744556462575  0.000919702319692  0.696547321630580  3.290621685125655  13.024015373200511 -154.590347389414433
        0.000000000465109  3.373408712990907  21.656883285841705  8.042964731303561  11.640744729923187  0.000919702319692  0.696547321630580  3.290621685125655  13.024015373200511 -154.590347389414433
        0.000000000611121  3.373408712990907  21.656883285841705  8.042964731303561  11.640744556462575  0.000919717220853  0.696547321630580  3.290621685125655  13.024015373200511 -154.590347389414433
        0.000000004228660  3.373408712990907  21.656883285841705  8.042964731303561  11.640744556462575  0.000919702319692  0.696547336531741  3.290621685125655  13.024015373200511 -154.590347389414433
        0.000000003335121  3.373408712990907  21.656883285841705  8.042964731303561  11.640744556462575  0.000919702319692  0.696547321630580  3.290621734159739  13.024015373200511 -154.590347389414433
        0.000000004419623  3.373408712990907  21.656883285841705  8.042964731303561  11.640744556462575  0.000919702319692  0.696547321630580  3.290621685125655  13.024015567273464 -154.590347389414433
        0.000015277706253  3.373408712990907  21.656883285841705  8.042964731303561  11.640744556462575  0.000919702319692  0.696547321630580  3.290621685125655  13.024015373200511 -154.590349692990117
        0.000032882472535  3.374214561916925  21.599792094623240  7.886480054233528  11.746786605881745  0.000388031104780  0.695555626400929  3.290844249355938  13.004052149994592 -154.590347965052104
        0.000000012955046  3.374214612196640  21.599792094623240  7.886480054233528  11.746786605881745  0.000388031104780  0.695555626400929  3.290844249355938  13.004052149994592 -154.590347965052104
        0.000000011713400  3.374214561916925  21.599792416485222  7.886480054233528  11.746786605881745  0.000388031104780  0.695555626400929  3.290844249355938  13.004052149994592 -154.590347965052104
        0.000000001460477  3.374214561916925  21.599792094623240  7.886480171751238  11.746786605881745  0.000388031104780  0.695555626400929  3.290844249355938  13.004052149994592 -154.590347965052104
        0.000000000477247  3.374214561916925  21.599792094623240  7.886480054233528  11.746786780922505  0.000388031104780  0.695555626400929  3.290844249355938  13.004052149994592 -154.590347965052104
        0.000000000618427  3.374214561916925  21.599792094623240  7.886480054233528  11.746786605881745  0.000388046005941  0.695555626400929  3.290844249355938  13.004052149994592 -154.590347965052104
        0.000000004237079  3.374214561916925  21.599792094623240  7.886480054233528  11.746786605881745  0.000388031104780  0.695555641302090  3.290844249355938  13.004052149994592 -154.590347965052104
        0.000000003337762  3.374214561916925  21.599792094623240  7.886480054233528  11.746786605881745  0.000388031104780  0.695555626400929  3.290844298393339  13.004052149994592 -154.590347965052104
        0.000000004425883  3.374214561916925  21.599792094623240  7.886480054233528  11.746786605881745  0.000388031104780  0.695555626400929  3.290844249355938  13.004052343770070 -154.590347965052104
        0.000015277706502  3.374214561916925  21.599792094623240  7.886480054233528  11.746786605881745  0.000388031104780  0.695555626400929  3.290844249355938  13.004052149994592 -154.590350268627788
        0.000016076879169  3.372122992447351  21.748002014587804  7.880272372816838  11.889048257470868  0.000294697296916  0.695080593632955  3.290946889622398  13.051915043011634 -154.590348174195100
        0.000000012940837  3.372123042695900  21.748002014587804  7.880272372816838  11.889048257470868  0.000294697296916  0.695080593632955  3.290946889622398  13.051915043011634 -154.590348174195100
        0.000000011700621  3.372122992447351  21.748002338658289  7.880272372816838  11.889048257470868  0.000294697296916  0.695080593632955  3.290946889622398  13.051915043011634 -154.590348174195100
        0.000000001461171  3.372122992447351  21.748002014587804  7.880272490242048  11.889048257470868  0.000294697296916  0.695080593632955  3.290946889622398  13.051915043011634 -154.590348174195100
        0.000000000482600  3.372122992447351  21.748002014587804  7.880272372816838  11.889048434631492  0.000294697296916  0.695080593632955  3.290946889622398  13.051915043011634 -154.590348174195100
        0.000000000622698  3.372122992447351  21.748002014587804  7.880272372816838  11.889048257470868  0.000294712198077  0.695080593632955  3.290946889622398  13.051915043011634 -154.590348174195100
        0.000000004241823  3.372122992447351  21.748002014587804  7.880272372816838  11.889048257470868  0.000294697296916  0.695080608534116  3.290946889622398  13.051915043011634 -154.590348174195100
        0.000000003354243  3.372122992447351  21.748002014587804  7.880272372816838  11.889048257470868  0.000294697296916  0.695080593632955  3.290946938661328  13.051915043011634 -154.590348174195100
        0.000000004409000  3.372122992447351  21.748002014587804  7.880272372816838  11.889048257470868  0.000294697296916  0.695080593632955  3.290946889622398  13.051915237500324 -154.590348174195100
        0.000015277706609  3.372122992447351  21.748002014587804  7.880272372816838  11.889048257470868  0.000294697296916  0.695080593632955  3.290946889622398  13.051915043011634 -154.590350477770784
        0.000016484593293  3.372127009199018  21.747994444296722  7.880393285306566  11.889012832349220  0.000099901345391  0.695085992654847  3.290944950089522  13.051816753428016 -154.590348176209034
        0.000000012941082  3.372127059447626  21.747994444296722  7.880393285306566  11.889012832349220  0.000099901345391  0.695085992654847  3.290944950089522  13.051816753428016 -154.590348176209034
        0.000000011700829  3.372127009199018  21.747994768367093  7.880393285306566  11.889012832349220  0.000099901345391  0.695085992654847  3.290944950089522  13.051816753428016 -154.590348176209034
        0.000000001461220  3.372127009199018  21.747994444296722  7.880393402733576  11.889012832349220  0.000099901345391  0.695085992654847  3.290944950089522  13.051816753428016 -154.590348176209034
        0.000000000482643  3.372127009199018  21.747994444296722  7.880393285306566  11.889013009509316  0.000099901345391  0.695085992654847  3.290944950089522  13.051816753428016 -154.590348176209034
        0.000000000622720  3.372127009199018  21.747994444296722  7.880393285306566  11.889012832349220  0.000099916246552  0.695085992654847  3.290944950089522  13.051816753428016 -154.590348176209034
        0.000000004241881  3.372127009199018  21.747994444296722  7.880393285306566  11.889012832349220  0.000099901345391  0.695086007556008  3.290944950089522  13.051816753428016 -154.590348176209034
        0.000000003354239  3.372127009199018  21.747994444296722  7.880393285306566  11.889012832349220  0.000099901345391  0.695085992654847  3.290944999128424  13.051816753428016 -154.590348176209034
        0.000000004409071  3.372127009199018  21.747994444296722  7.880393285306566  11.889012832349220  0.000099901345391  0.695085992654847  3.290944950089522  13.051816947915240 -154.590348176209034
        0.000015277706609  3.372127009199018  21.747994444296722  7.880393285306566  11.889012832349220  0.000099901345391  0.695085992654847  3.290944950089522  13.051816753428016 -154.590350479784718
        0.000021615485166  3.378702362812670  21.278240926988829  7.679436726010611  11.665316966119997  0.000079862165609  0.694823795478674  3.290976006790407  12.898982097941264 -154.590348296910975
        0.000021945085065  3.373758931327433  21.631988721211084  7.810891001522791  11.855155797241231  0.000067687663246  0.694852204754087  3.290973523410491  13.013797843740576 -154.590348293015296
        0.000000012951717  3.373758981600358  21.631988721211084  7.810891001522791  11.855155797241231  0.000067687663246  0.694852204754087  3.290973523410491  13.013797843740576 -154.590348293015296
        0.000000011711051  3.373758931327433  21.631989043552835  7.810891001522791  11.855155797241231  0.000067687663246  0.694852204754087  3.290973523410491  13.013797843740576 -154.590348293015296
        0.000000001461598  3.373758931327433  21.631988721211084  7.810891117914136  11.855155797241231  0.000067687663246  0.694852204754087  3.290973523410491  13.013797843740576 -154.590348293015296
        0.000000000485190  3.373758931327433  21.631988721211084  7.810891001522791  11.855155973896819  0.000067687663246  0.694852204754087  3.290973523410491  13.013797843740576 -154.590348293015296
        0.000000000623666  3.373758931327433  21.631988721211084  7.810891001522791  11.855155797241231  0.000067702564407  0.694852204754087  3.290973523410491  13.013797843740576 -154.590348293015296
        0.000000004243276  3.373758931327433  21.631988721211084  7.810891001522791  11.855155797241231  0.000067687663246  0.694852219655249  3.290973523410491  13.013797843740576 -154.590348293015296
        0.000000003345856  3.373758931327433  21.631988721211084  7.810891001522791  11.855155797241231  0.000067687663246  0.694852204754087  3.290973572449817  13.013797843740576 -154.590348293015296
        0.000000004422120  3.373758931327433  21.631988721211084  7.810891001522791  11.855155797241231  0.000067687663246  0.694852204754087  3.290973523410491  13.013798037661276 -154.590348293015296
        0.000015277706849  3.373758931327433  21.631988721211084  7.810891001522791  11.855155797241231  0.000067687663246  0.694852204754087  3.290973523410491  13.013797843740576 -154.590350596591009
        0.000015161559558  3.378208947309763  21.315198732619614  7.708518815771379  11.668563667825943  0.000018135706603  0.694954094281122  3.290971222221215  12.910918501629663 -154.590348266941163
        0.000010893138585  3.374856650695294  21.553876613031861  7.792819870895522  11.801386162408001  0.000037453516477  0.694937598312406  3.290971917564352  12.988501309260551 -154.590348262368508
        0.000000928214115  3.374021087684125  21.613375976642107  7.809749345142023  11.838920832707013  0.000056313700569  0.694897581352723  3.290978935916532  13.007797758121557 -154.590348279375519
        0.000000484973953  3.373821718886995  21.627582791283942  7.811215703901453  11.850673296053568  0.000064560508148  0.694865455728173  3.290984815482467  13.012376444618766 -154.590348294676460
        0.000000012952222  3.373821769160856  21.627582791283942  7.811215703901453  11.850673296053568  0.000064560508148  0.694865455728173  3.290984815482467  13.012376444618766 -154.590348294676460
        0.000000011711553  3.373821718886995  21.627583113560039  7.811215703901453  11.850673296053568  0.000064560508148  0.694865455728173  3.290984815482467  13.012376444618766 -154.590348294676460
        0.000000001461562  3.373821718886995  21.627582791283942  7.811215820297638  11.850673296053568  0.000064560508148  0.694865455728173  3.290984815482467  13.012376444618766 -154.590348294676460
        0.000000000485002  3.373821718886995  21.627582791283942  7.811215703901453  11.850673472642361  0.000064560508148  0.694865455728173  3.290984815482467  13.012376444618766 -154.590348294676460
        0.000000000623495  3.373821718886995  21.627582791283942  7.811215703901453  11.850673296053568  0.000064575409309  0.694865455728173  3.290984815482467  13.012376444618766 -154.590348294676460
        0.000000004243101  3.373821718886995  21.627582791283942  7.811215703901453  11.850673296053568  0.000064560508148  0.694865470629334  3.290984815482467  13.012376444618766 -154.590348294676460
        0.000000003345341  3.373821718886995  21.627582791283942  7.811215703901453  11.850673296053568  0.000064560508148  0.694865455728173  3.290984864521962  13.012376444618766 -154.590348294676460
        0.000000004422636  3.373821718886995  21.627582791283942  7.811215703901453  11.850673296053568  0.000064560508148  0.694865455728173  3.290984815482467  13.012376638518285 -154.590348294676460
        0.000015277706840  3.373821718886995  21.627582791283942  7.811215703901453  11.850673296053568  0.000064560508148  0.694865455728173  3.290984815482467  13.012376444618766 -154.590350598252172
2023-06-01 19:19:14.021822
