/projects/wagner/highthroughput/mick_graphene_paper/3_data/1_kc_fitting
2023-06-01 19:02:53.348572
use a starting guess from the old fit
starting guess parameters:  [ 3.37006089e+00  2.17833385e+01  1.04693887e+01  8.86496249e+00
  1.31573765e-05  7.23952360e-01  3.28314592e+00  1.30901596e+01
 -1.54590379e+02]
     1025.509994320580063  3.370060885645178  21.783338516870739  10.469388694543325  8.864962486046355  0.000013157376477  0.723952360283636  3.283145920221462  13.090159601618883 -154.590378722241923
        0.000000012842762  3.370060935862998  21.783338516870739  10.469388694543325  8.864962486046355  0.000013157376477  0.723952360283636  3.283145920221462  13.090159601618883 -154.590378722241923
        0.000000011578739  3.370060885645178  21.783338841467778  10.469388694543325  8.864962486046355  0.000013157376477  0.723952360283636  3.283145920221462  13.090159601618883 -154.590378722241923
        0.000000001419287  3.370060885645178  21.783338516870739  10.469388850549374  8.864962486046355  0.000013157376477  0.723952360283636  3.283145920221462  13.090159601618883 -154.590378722241923
        0.000000000243239  3.370060885645178  21.783338516870739  10.469388694543325  8.864962618144590  0.000013157376477  0.723952360283636  3.283145920221462  13.090159601618883 -154.590378722241923
        0.000000000451910  3.370060885645178  21.783338516870739  10.469388694543325  8.864962486046355  0.000013172277638  0.723952360283636  3.283145920221462  13.090159601618883 -154.590378722241923
        0.000000003998539  3.370060885645178  21.783338516870739  10.469388694543325  8.864962486046355  0.000013157376477  0.723952375184798  3.283145920221462  13.090159601618883 -154.590378722241923
        0.000000003161800  3.370060885645178  21.783338516870739  10.469388694543325  8.864962486046355  0.000013157376477  0.723952360283636  3.283145969144149  13.090159601618883 -154.590378722241923
        0.000000004375995  3.370060885645178  21.783338516870739  10.469388694543325  8.864962486046355  0.000013157376477  0.723952360283636  3.283145920221462  13.090159796677462 -154.590378722241923
        0.000015277711498  3.370060885645178  21.783338516870739  10.469388694543325  8.864962486046355  0.000013157376477  0.723952360283636  3.283145920221462  13.090159601618883 -154.590381025818061
        0.000509379598952  3.371846966276503  21.464244818448694  10.317476549272293  8.885930932597462  0.000012192678270  0.715160290328612  3.308009582904960  12.845817363745743 -154.590530352770941
        0.000000012916892  3.371847016520939  21.464244818448694  10.317476549272293  8.885930932597462  0.000012192678270  0.715160290328612  3.308009582904960  12.845817363745743 -154.590530352770941
        0.000000011658546  3.371846966276503  21.464245138290867  10.317476549272293  8.885930932597462  0.000012192678270  0.715160290328612  3.308009582904960  12.845817363745743 -154.590530352770941
        0.000000001414918  3.371846966276503  21.464244818448694  10.317476703014673  8.885930932597462  0.000012192678270  0.715160290328612  3.308009582904960  12.845817363745743 -154.590530352770941
        0.000000000243457  3.371846966276503  21.464244818448694  10.317476549272293  8.885931065008151  0.000012192678270  0.715160290328612  3.308009582904960  12.845817363745743 -154.590530352770941
        0.000000000449583  3.371846966276503  21.464244818448694  10.317476549272293  8.885930932597462  0.000012207579431  0.715160290328612  3.308009582904960  12.845817363745743 -154.590530352770941
        0.000000003986053  3.371846966276503  21.464244818448694  10.317476549272293  8.885930932597462  0.000012192678270  0.715160305229773  3.308009582904960  12.845817363745743 -154.590530352770941
        0.000000003123659  3.371846966276503  21.464244818448694  10.317476549272293  8.885930932597462  0.000012192678270  0.715160290328612  3.308009632198144  12.845817363745743 -154.590530352770941
        0.000000004358528  3.371846966276503  21.464244818448694  10.317476549272293  8.885930932597462  0.000012192678270  0.715160290328612  3.308009582904960  12.845817555163338 -154.590530352770941
        0.000015277765177  3.371846966276503  21.464244818448694  10.317476549272293  8.885930932597462  0.000012192678270  0.715160290328612  3.308009582904960  12.845817363745743 -154.590532656349353
        0.000029954357753  3.373303801100718  21.380157516873911  10.127282579840697  9.058883656364829  0.000010652792314  0.713095341571638  3.306701912556723  12.820119288681949 -154.590529220251170
        0.000000012921369  3.373303851366862  21.380157516873911  10.127282579840697  9.058883656364829  0.000010652792314  0.713095341571638  3.306701912556723  12.820119288681949 -154.590529220251170
        0.000000011664842  3.373303801100718  21.380157835463084  10.127282579840697  9.058883656364829  0.000010652792314  0.713095341571638  3.306701912556723  12.820119288681949 -154.590529220251170
        0.000000001417495  3.373303801100718  21.380157516873911  10.127282730748968  9.058883656364829  0.000010652792314  0.713095341571638  3.306701912556723  12.820119288681949 -154.590529220251170
        0.000000000257614  3.373303801100718  21.380157516873911  10.127282579840697  9.058883791352715  0.000010652792314  0.713095341571638  3.306701912556723  12.820119288681949 -154.590529220251170
        0.000000000461266  3.373303801100718  21.380157516873911  10.127282579840697  9.058883656364829  0.000010667693475  0.713095341571638  3.306701912556723  12.820119288681949 -154.590529220251170
        0.000000004005535  3.373303801100718  21.380157516873911  10.127282579840697  9.058883656364829  0.000010652792314  0.713095356472799  3.306701912556723  12.820119288681949 -154.590529220251170
        0.000000003132641  3.373303801100718  21.380157516873911  10.127282579840697  9.058883656364829  0.000010652792314  0.713095341571638  3.306701961830421  12.820119288681949 -154.590529220251170
        0.000000004371752  3.373303801100718  21.380157516873911  10.127282579840697  9.058883656364829  0.000010652792314  0.713095341571638  3.306701912556723  12.820119479716613 -154.590529220251170
        0.000015277763541  3.373303801100718  21.380157516873911  10.127282579840697  9.058883656364829  0.000010652792314  0.713095341571638  3.306701912556723  12.820119288681949 -154.590531523829554
        0.000192786820784  3.392520016951328  20.021857125792582  9.376324783422582  8.626236000738682  0.000005259488086  0.711642240658930  3.306982068406681  12.380375143838775 -154.590529909152878
        0.000188468011778  3.378262532156537  21.029771912389517  9.849303682066770  9.059135022505691  0.000004835918198  0.711584361923768  3.306995051271186  12.705414152526588 -154.590529935232581
        0.000000012951861  3.378262582496571  21.029771912389517  9.849303682066770  9.059135022505691  0.000004835918198  0.711584361923768  3.306995051271186  12.705414152526588 -154.590529935232581
        0.000000011695425  3.378262532156537  21.029772225757537  9.849303682066770  9.059135022505691  0.000004835918198  0.711584361923768  3.306995051271186  12.705414152526588 -154.590529935232581
        0.000000001418873  3.378262532156537  21.029771912389517  9.849303828832833  9.059135022505691  0.000004835918198  0.711584361923768  3.306995051271186  12.705414152526588 -154.590529935232581
        0.000000000268149  3.378262532156537  21.029771912389517  9.849303682066770  9.059135157497323  0.000004835918198  0.711584361923768  3.306995051271186  12.705414152526588 -154.590529935232581
        0.000000000467600  3.378262532156537  21.029771912389517  9.849303682066770  9.059135022505691  0.000004850819359  0.711584361923768  3.306995051271186  12.705414152526588 -154.590529935232581
        0.000000004014449  3.378262532156537  21.029771912389517  9.849303682066770  9.059135022505691  0.000004835918198  0.711584376824929  3.306995051271186  12.705414152526588 -154.590529935232581
        0.000000003111974  3.378262532156537  21.029771912389517  9.849303682066770  9.059135022505691  0.000004835918198  0.711584361923768  3.306995100549253  12.705414152526588 -154.590529935232581
        0.000000004410618  3.378262532156537  21.029771912389517  9.849303682066770  9.059135022505691  0.000004835918198  0.711584361923768  3.306995051271186  12.705414341852013 -154.590529935232581
        0.000015277764162  3.378262532156537  21.029771912389517  9.849303682066770  9.059135022505691  0.000004835918198  0.711584361923768  3.306995051271186  12.705414152526588 -154.590532238810994
        0.000020998749209  3.378274555881251  21.029772133652322  9.849303744692538  9.059135153792630  0.000005087335191  0.711593445853478  3.306996904491644  12.705408891597964 -154.590529417793931
        0.000000012952940  3.378274606221465  21.029772133652322  9.849303744692538  9.059135153792630  0.000005087335191  0.711593445853478  3.306996904491644  12.705408891597964 -154.590529417793931
        0.000000011696372  3.378274555881251  21.029772447020346  9.849303744692538  9.059135153792630  0.000005087335191  0.711593445853478  3.306996904491644  12.705408891597964 -154.590529417793931
        0.000000001418924  3.378274555881251  21.029772133652322  9.849303891458600  9.059135153792630  0.000005087335191  0.711593445853478  3.306996904491644  12.705408891597964 -154.590529417793931
        0.000000000268158  3.378274555881251  21.029772133652322  9.849303744692538  9.059135288784264  0.000005087335191  0.711593445853478  3.306996904491644  12.705408891597964 -154.590529417793931
        0.000000000467619  3.378274555881251  21.029772133652322  9.849303744692538  9.059135153792630  0.000005102236352  0.711593445853478  3.306996904491644  12.705408891597964 -154.590529417793931
        0.000000004014602  3.378274555881251  21.029772133652322  9.849303744692538  9.059135153792630  0.000005087335191  0.711593460754639  3.306996904491644  12.705408891597964 -154.590529417793931
        0.000000003112023  3.378274555881251  21.029772133652322  9.849303744692538  9.059135153792630  0.000005087335191  0.711593445853478  3.306996953769738  12.705408891597964 -154.590529417793931
        0.000000004410857  3.378274555881251  21.029772133652322  9.849303744692538  9.059135153792630  0.000005087335191  0.711593445853478  3.306996904491644  12.705409080923310 -154.590529417793931
        0.000015277763918  3.378274555881251  21.029772133652322  9.849303744692538  9.059135153792630  0.000005087335191  0.711593445853478  3.306996904491644  12.705408891597964 -154.590531721372315
        0.000011304691041  3.375902617467533  21.196250979566333  9.935876643170474  9.118203967106437  0.000000738420354  0.711699654183472  3.307018876726415  12.759194180104462 -154.590529940880259
        0.000000012938489  3.375902667772402  21.196250979566333  9.935876643170474  9.118203967106437  0.000000738420354  0.711699654183472  3.307018876726415  12.759194180104462 -154.590529940880259
        0.000000011682618  3.375902617467533  21.196251295415085  9.935876643170474  9.118203967106437  0.000000738420354  0.711699654183472  3.307018876726415  12.759194180104462 -154.590529940880259
        0.000000001418884  3.375902617467533  21.196250979566333  9.935876791226573  9.118203967106437  0.000000738420354  0.711699654183472  3.307018876726415  12.759194180104462 -154.590529940880259
        0.000000000267265  3.375902617467533  21.196250979566333  9.935876643170474  9.118204102978265  0.000000738420354  0.711699654183472  3.307018876726415  12.759194180104462 -154.590529940880259
        0.000000000467935  3.375902617467533  21.196250979566333  9.935876643170474  9.118203967106437  0.000000753321516  0.711699654183472  3.307018876726415  12.759194180104462 -154.590529940880259
        0.000000004014812  3.375902617467533  21.196250979566333  9.935876643170474  9.118203967106437  0.000000738420354  0.711699669084633  3.307018876726415  12.759194180104462 -154.590529940880259
        0.000000003125613  3.375902617467533  21.196250979566333  9.935876643170474  9.118203967106437  0.000000738420354  0.711699654183472  3.307018926004837  12.759194180104462 -154.590529940880259
        0.000000004392156  3.375902617467533  21.196250979566333  9.935876643170474  9.118203967106437  0.000000738420354  0.711699654183472  3.307018876726415  12.759194370231270 -154.590529940880259
        0.000015277764059  3.375902617467533  21.196250979566333  9.935876643170474  9.118203967106437  0.000000738420354  0.711699654183472  3.307018876726415  12.759194180104462 -154.590532244458672
        0.000017265836490  3.375905114765529  21.196251028552446  9.935876663204665  9.118204003632409  0.000000753822557  0.711702100785734  3.307019255892154  12.759192645729360 -154.590529714346047
        0.000000012938692  3.375905165070435  21.196251028552446  9.935876663204665  9.118204003632409  0.000000753822557  0.711702100785734  3.307019255892154  12.759192645729360 -154.590529714346047
        0.000000011682816  3.375905114765529  21.196251344401198  9.935876663204665  9.118204003632409  0.000000753822557  0.711702100785734  3.307019255892154  12.759192645729360 -154.590529714346047
        0.000000001418880  3.375905114765529  21.196251028552446  9.935876811260764  9.118204003632409  0.000000753822557  0.711702100785734  3.307019255892154  12.759192645729360 -154.590529714346047
        0.000000000267269  3.375905114765529  21.196251028552446  9.935876663204665  9.118204139504236  0.000000753822557  0.711702100785734  3.307019255892154  12.759192645729360 -154.590529714346047
        0.000000000467948  3.375905114765529  21.196251028552446  9.935876663204665  9.118204003632409  0.000000768723718  0.711702100785734  3.307019255892154  12.759192645729360 -154.590529714346047
        0.000000004014840  3.375905114765529  21.196251028552446  9.935876663204665  9.118204003632409  0.000000753822557  0.711702115686896  3.307019255892154  12.759192645729360 -154.590529714346047
        0.000000003125605  3.375905114765529  21.196251028552446  9.935876663204665  9.118204003632409  0.000000753822557  0.711702100785734  3.307019305170581  12.759192645729360 -154.590529714346047
        0.000000004392225  3.375905114765529  21.196251028552446  9.935876663204665  9.118204003632409  0.000000753822557  0.711702100785734  3.307019255892154  12.759192835856147 -154.590529714346047
        0.000015277764072  3.375905114765529  21.196251028552446  9.935876663204665  9.118204003632409  0.000000753822557  0.711702100785734  3.307019255892154  12.759192645729360 -154.590532017924460
        0.000013534105698  3.380270002146581  20.890932249570589  9.786992310257734  8.994574847842001  0.000000256810158  0.711620532041086  3.307016372817333  12.660265983030158 -154.590529964429635
        0.000009978335607  3.377002688849871  21.119945217728080  9.895321039742811  9.091769894968422  0.000000165289740  0.711634280481814  3.307016096458491  12.734374034902036 -154.590529952874277
        0.000000012945809  3.377002739171133  21.119945217728080  9.895321039742811  9.091769894968422  0.000000165289740  0.711634280481814  3.307016096458491  12.734374034902036 -154.590529952874277
        0.000000011689535  3.377002688849871  21.119945532439790  9.895321039742811  9.091769894968422  0.000000165289740  0.711634280481814  3.307016096458491  12.734374034902036 -154.590529952874277
        0.000000001418969  3.377002688849871  21.119945217728080  9.895321187194584  9.091769894968422  0.000000165289740  0.711634280481814  3.307016096458491  12.734374034902036 -154.590529952874277
        0.000000000267725  3.377002688849871  21.119945217728080  9.895321039742811  9.091770030446352  0.000000165289740  0.711634280481814  3.307016096458491  12.734374034902036 -154.590529952874277
        0.000000000467836  3.377002688849871  21.119945217728080  9.895321039742811  9.091769894968422  0.000000180190901  0.711634280481814  3.307016096458491  12.734374034902036 -154.590529952874277
        0.000000004014913  3.377002688849871  21.119945217728080  9.895321039742811  9.091769894968422  0.000000165289740  0.711634295382975  3.307016096458491  12.734374034902036 -154.590529952874277
        0.000000003119461  3.377002688849871  21.119945217728080  9.895321039742811  9.091769894968422  0.000000165289740  0.711634280481814  3.307016145736871  12.734374034902036 -154.590529952874277
        0.000000004400936  3.377002688849871  21.119945217728080  9.895321039742811  9.091769894968422  0.000000165289740  0.711634280481814  3.307016096458491  12.734374224658996 -154.590529952874277
        0.000015277764068  3.377002688849871  21.119945217728080  9.895321039742811  9.091769894968422  0.000000165289740  0.711634280481814  3.307016096458491  12.734374034902036 -154.590532256452690
        0.000015474282365  3.376731522414475  21.138978553501214  9.905861008171446  9.097847057778042  0.000000025036374  0.711656785611136  3.307015131991933  12.740574322741827 -154.590529922893637
        0.000000012944200  3.376731572731696  21.138978553501214  9.905861008171446  9.097847057778042  0.000000025036374  0.711656785611136  3.307015131991933  12.740574322741827 -154.590529922893637
        0.000000011688018  3.376731522414475  21.138978868496540  9.905861008171446  9.097847057778042  0.000000025036374  0.711656785611136  3.307015131991933  12.740574322741827 -154.590529922893637
        0.000000001418959  3.376731522414475  21.138978553501214  9.905861155780277  9.097847057778042  0.000000025036374  0.711656785611136  3.307015131991933  12.740574322741827 -154.590529922893637
        0.000000000267576  3.376731522414475  21.138978553501214  9.905861008171446  9.097847193346528  0.000000025036374  0.711656785611136  3.307015131991933  12.740574322741827 -154.590529922893637
        0.000000000467876  3.376731522414475  21.138978553501214  9.905861008171446  9.097847057778042  0.000000039937535  0.711656785611136  3.307015131991933  12.740574322741827 -154.590529922893637
        0.000000004014922  3.376731522414475  21.138978553501214  9.905861008171446  9.097847057778042  0.000000025036374  0.711656800512298  3.307015131991933  12.740574322741827 -154.590529922893637
        0.000000003120978  3.376731522414475  21.138978553501214  9.905861008171446  9.097847057778042  0.000000025036374  0.711656785611136  3.307015181270299  12.740574322741827 -154.590529922893637
        0.000000004398805  3.376731522414475  21.138978553501214  9.905861008171446  9.097847057778042  0.000000025036374  0.711656785611136  3.307015131991933  12.740574512591179 -154.590529922893637
        0.000015277764055  3.376731522414475  21.138978553501214  9.905861008171446  9.097847057778042  0.000000025036374  0.711656785611136  3.307015131991933  12.740574322741827 -154.590532226472050
        0.000015299072082  3.376814880856314  21.133464088148447  9.902714690359641  9.095887453568107  0.000000019852444  0.711653805021585  3.306988466539907  12.738772154584762 -154.590529912281141
        0.000000037586550  3.376755503587180  21.137611526870913  9.904899849033983  9.097354858597329  0.000000023509088  0.711657004244861  3.306988211588786  12.740118172819233 -154.590529911506650
        0.000000020631803  3.376740560286809  21.138651214308688  9.905504542321641  9.097656719416673  0.000000024642553  0.711658406564366  3.306988418659398  12.740455942438761 -154.590529911568325
        0.000000048753755  3.376736447680066  21.138921092394369  9.905689096803725  9.097740300056522  0.000000024956311  0.711658416292839  3.306990056518123  12.740542365582641 -154.590529913643195
        0.000000196065918  3.376734425818989  21.138976671707798  9.905811517685063  9.097813791579533  0.000000025029333  0.711656754398153  3.306998257845904  12.740557300340084 -154.590529921260469
        0.000000136923110  3.376732807475509  21.138978629859704  9.905853268297509  9.097841757337996  0.000000025035509  0.711656401768935  3.307008297993741  12.740565918302080 -154.590529920923473
        0.000000012944205  3.376732857792748  21.138978629859704  9.905853268297509  9.097841757337996  0.000000025035509  0.711656401768935  3.307008297993741  12.740565918302080 -154.590529920923473
        0.000000011687999  3.376732807475509  21.138978944855033  9.905853268297509  9.097841757337996  0.000000025035509  0.711656401768935  3.307008297993741  12.740565918302080 -154.590529920923473
        0.000000001418979  3.376732807475509  21.138978629859704  9.905853415906225  9.097841757337996  0.000000025035509  0.711656401768935  3.307008297993741  12.740565918302080 -154.590529920923473
        0.000000000267584  3.376732807475509  21.138978629859704  9.905853268297509  9.097841892906402  0.000000025035509  0.711656401768935  3.307008297993741  12.740565918302080 -154.590529920923473
        0.000000000467855  3.376732807475509  21.138978629859704  9.905853268297509  9.097841757337996  0.000000039936671  0.711656401768935  3.307008297993741  12.740565918302080 -154.590529920923473
        0.000000004014927  3.376732807475509  21.138978629859704  9.905853268297509  9.097841757337996  0.000000025035509  0.711656416670096  3.307008297993741  12.740565918302080 -154.590529920923473
        0.000000003120976  3.376732807475509  21.138978629859704  9.905853268297509  9.097841757337996  0.000000025035509  0.711656401768935  3.307008347272005  12.740565918302080 -154.590529920923473
        0.000000004398826  3.376732807475509  21.138978629859704  9.905853268297509  9.097841757337996  0.000000025035509  0.711656401768935  3.307008297993741  12.740566108151306 -154.590529920923473
        0.000015277764029  3.376732807475509  21.138978629859704  9.905853268297509  9.097841757337996  0.000000025035509  0.711656401768935  3.307008297993741  12.740565918302080 -154.590532224501885
2023-06-01 19:12:54.645379
